"2022-05-16 20:27:19.402 +0000" : {
  "main_scheduler" : {
    "bqs" : {
      "00053" : {
        "mmconts" : [0, 290, 335],
        "acts" : [341, 336],
        "tstate" : { "idle" : 970419, "run" : 37987, "locked" : 6216, "mmap" : 0 }
      },
      "00054" : {
        "mmconts" : [0, 291, 335],
        "acts" : [5, 4],
        "tstate" : { "idle" : 749871, "run" : 45460, "locked" : 662, "mmap" : 215810 }
      },
      "00055" : {
        "mmconts" : [0, 292, 335],
        "acts" : [340, 336],
        "tstate" : { "idle" : 929201, "run" : 72906, "locked" : 7087, "mmap" : 870 }
      }
    }
  },
  "benchmark_io" : {
    "simple_times" : {
      "mcount" : {
        "mcount" : { "167 -- 265" : 1, "25 -- 41" : 1, "1 -- 2" : 3, "1 -- 1" : 1 }
      }
    },
    "stream_method" : {
      "conns" : [0, 0],
      "in" : [0, 0],
      "out" : [0, 0],
      "mmtasks" : [0, 0, 2],
      "load" : 0.170,
      "mcount" : {
        "mcount" : { "Connection refused" : 6 }
      },
      "http_proto0" : {
        "mcount" : {
          "mcount" : { }
        }
      },
      "source_log" : {
        "delta" : [0, 0, 12819]
      },
      "loggers" : {
        "brief_logger" : {
          "records" : [6, 5],
          "out" : [281, 269]
        }
      }
    }
  }
},
"2022-05-16 20:27:20.403 +0000" : {
  "main_scheduler" : {
    "bqs" : {
      "00053" : {
        "mmconts" : [335, 335, 335],
        "acts" : [6, 5],
        "tstate" : { "idle" : 985987, "run" : 14269, "locked" : 0, "mmap" : 0 }
      },
      "00054" : {
        "mmconts" : [335, 335, 335],
        "acts" : [2, 2],
        "tstate" : { "idle" : 995547, "run" : 4024, "locked" : 0, "mmap" : 0 }
      },
      "00055" : {
        "mmconts" : [335, 335, 335],
        "acts" : [5, 5],
        "tstate" : { "idle" : 991815, "run" : 7754, "locked" : 0, "mmap" : 0 }
      }
    }
  },
  "benchmark_io" : {
    "simple_times" : {
      "mcount" : {
        "mcount" : { "1 -- 2" : 3, "-- 1" : 2 }
      }
    },
    "stream_method" : {
      "conns" : [0, 0],
      "in" : [0, 0],
      "out" : [0, 0],
      "mmtasks" : [0, 0, 1],
      "load" : 0.981,
      "mcount" : {
        "mcount" : { "Connection refused" : 5 }
      },
      "http_proto0" : {
        "mcount" : {
          "mcount" : { }
        }
      },
      "source_log" : {
        "delta" : [0, 0, 0]
      },
      "loggers" : {
        "brief_logger" : {
          "records" : [5, 5],
          "out" : [221, 221]
        }
      }
    }
  }
},
"2022-05-16 20:27:21.402 +0000" : {
  "main_scheduler" : {
    "bqs" : {
      "00053" : {
        "mmconts" : [335, 335, 335],
        "acts" : [5, 5],
        "tstate" : { "idle" : 990763, "run" : 8678, "locked" : 0, "mmap" : 0 }
      },
      "00054" : {
        "mmconts" : [335, 335, 335],
        "acts" : [5, 5],
        "tstate" : { "idle" : 992506, "run" : 6927, "locked" : 0, "mmap" : 0 }
      },
      "00055" : {
        "mmconts" : [335, 335, 335],
        "acts" : [4, 4],
        "tstate" : { "idle" : 993349, "run" : 6084, "locked" : 0, "mmap" : 0 }
      }
    }
  },
  "benchmark_io" : {
    "simple_times" : {
      "mcount" : {
        "mcount" : { "1 -- 2" : 1, "1 -- 1" : 5 }
      }
    },
    "stream_method" : {
      "conns" : [0, 0],
      "in" : [0, 0],
      "out" : [0, 0],
      "mmtasks" : [0, 0, 1],
      "load" : 0.989,
      "mcount" : {
        "mcount" : { "Connection refused" : 6 }
      },
      "http_proto0" : {
        "mcount" : {
          "mcount" : { }
        }
      },
      "source_log" : {
        "delta" : [0, 0, 0]
      },
      "loggers" : {
        "brief_logger" : {
          "records" : [6, 6],
          "out" : [270, 270]
        }
      }
    }
  }
},
"2022-05-16 20:27:22.402 +0000" : {
  "main_scheduler" : {
    "bqs" : {
      "00053" : {
        "mmconts" : [335, 335, 335],
        "acts" : [6, 6],
        "tstate" : { "idle" : 987499, "run" : 12317, "locked" : 0, "mmap" : 0 }
      },
      "00054" : {
        "mmconts" : [335, 335, 335],
        "acts" : [7, 7],
        "tstate" : { "idle" : 989400, "run" : 10420, "locked" : 0, "mmap" : 0 }
      },
      "00055" : {
        "mmconts" : [335, 335, 335],
        "acts" : [5, 5],
        "tstate" : { "idle" : 994084, "run" : 5736, "locked" : 0, "mmap" : 0 }
      }
    }
  },
  "benchmark_io" : {
    "simple_times" : {
      "mcount" : {
        "mcount" : { "2 -- 4" : 3, "1 -- 1" : 4 }
      }
    },
    "stream_method" : {
      "conns" : [0, 0],
      "in" : [0, 0],
      "out" : [0, 0],
      "mmtasks" : [0, 0, 1],
      "load" : 0.980,
      "mcount" : {
        "mcount" : { "Connection refused" : 7 }
      },
      "http_proto0" : {
        "mcount" : {
          "mcount" : { }
        }
      },
      "source_log" : {
        "delta" : [0, 0, 0]
      },
      "loggers" : {
        "brief_logger" : {
          "records" : [7, 6],
          "out" : [315, 314]
        }
      }
    }
  }
},
"2022-05-16 20:27:23.403 +0000" : {
  "main_scheduler" : {
    "bqs" : {
      "00053" : {
        "mmconts" : [335, 335, 335],
        "acts" : [6, 5],
        "tstate" : { "idle" : 989374, "run" : 11446, "locked" : 0, "mmap" : 0 }
      },
      "00054" : {
        "mmconts" : [335, 335, 335],
        "acts" : [5, 4],
        "tstate" : { "idle" : 993897, "run" : 6925, "locked" : 0, "mmap" : 0 }
      },
      "00055" : {
        "mmconts" : [335, 335, 335],
        "acts" : [7, 6],
        "tstate" : { "idle" : 989500, "run" : 11322, "locked" : 0, "mmap" : 0 }
      }
    }
  },
  "benchmark_io" : {
    "simple_times" : {
      "mcount" : {
        "mcount" : { "1 -- 2" : 5, "1 -- 1" : 2 }
      }
    },
    "stream_method" : {
      "conns" : [0, 0],
      "in" : [0, 0],
      "out" : [0, 0],
      "mmtasks" : [0, 0, 1],
      "load" : 0.988,
      "mcount" : {
        "mcount" : { "Connection refused" : 7 }
      },
      "http_proto0" : {
        "mcount" : {
          "mcount" : { }
        }
      },
      "source_log" : {
        "delta" : [0, 0, 0]
      },
      "loggers" : {
        "brief_logger" : {
          "records" : [7, 7],
          "out" : [315, 315]
        }
      }
    }
  }
},
"2022-05-16 20:27:24.402 +0000" : {
  "main_scheduler" : {
    "bqs" : {
      "00053" : {
        "mmconts" : [335, 335, 335],
        "acts" : [8, 8],
        "tstate" : { "idle" : 987064, "run" : 12247, "locked" : 0, "mmap" : 0 }
      },
      "00054" : {
        "mmconts" : [335, 335, 335],
        "acts" : [5, 5],
        "tstate" : { "idle" : 967566, "run" : 31748, "locked" : 0, "mmap" : 0 }
      },
      "00055" : {
        "mmconts" : [335, 335, 335],
        "acts" : [5, 5],
        "tstate" : { "idle" : 992084, "run" : 7230, "locked" : 0, "mmap" : 0 }
      }
    }
  },
  "benchmark_io" : {
    "simple_times" : {
      "mcount" : {
        "mcount" : { "16 -- 25" : 1, "1 -- 2" : 3, "1 -- 1" : 3 }
      }
    },
    "stream_method" : {
      "conns" : [0, 0],
      "in" : [0, 0],
      "out" : [0, 0],
      "mmtasks" : [0, 0, 1],
      "load" : 0.994,
      "mcount" : {
        "mcount" : { "Connection refused" : 7 }
      },
      "http_proto0" : {
        "mcount" : {
          "mcount" : { }
        }
      },
      "source_log" : {
        "delta" : [0, 0, 0]
      },
      "loggers" : {
        "brief_logger" : {
          "records" : [7, 6],
          "out" : [317, 316]
        }
      }
    }
  }
},
"2022-05-16 20:27:25.403 +0000" : {
  "main_scheduler" : {
    "bqs" : {
      "00053" : {
        "mmconts" : [335, 335, 335],
        "acts" : [6, 5],
        "tstate" : { "idle" : 982049, "run" : 18578, "locked" : 0, "mmap" : 0 }
      },
      "00054" : {
        "mmconts" : [335, 335, 335],
        "acts" : [7, 6],
        "tstate" : { "idle" : 985086, "run" : 15541, "locked" : 0, "mmap" : 0 }
      },
      "00055" : {
        "mmconts" : [335, 335, 335],
        "acts" : [7, 6],
        "tstate" : { "idle" : 988130, "run" : 12497, "locked" : 0, "mmap" : 0 }
      }
    }
  },
  "benchmark_io" : {
    "simple_times" : {
      "mcount" : {
        "mcount" : { "2 -- 4" : 1, "1 -- 2" : 2, "1 -- 1" : 3, "-- 1" : 2 }
      }
    },
    "stream_method" : {
      "conns" : [0, 0],
      "in" : [0, 0],
      "out" : [0, 0],
      "mmtasks" : [0, 0, 1],
      "load" : 0.987,
      "mcount" : {
        "mcount" : { "Connection refused" : 8 }
      },
      "http_proto0" : {
        "mcount" : {
          "mcount" : { }
        }
      },
      "source_log" : {
        "delta" : [0, 0, 0]
      },
      "loggers" : {
        "brief_logger" : {
          "records" : [8, 8],
          "out" : [356, 356]
        }
      }
    }
  }
},
"2022-05-16 20:27:26.402 +0000" : {
  "main_scheduler" : {
    "bqs" : {
      "00053" : {
        "mmconts" : [334, 334, 335],
        "acts" : [8, 8],
        "tstate" : { "idle" : 985294, "run" : 13887, "locked" : 0, "mmap" : 0 }
      },
      "00054" : {
        "mmconts" : [333, 334, 335],
        "acts" : [7, 7],
        "tstate" : { "idle" : 985287, "run" : 13677, "locked" : 0, "mmap" : 207 }
      },
      "00055" : {
        "mmconts" : [334, 334, 335],
        "acts" : [5, 5],
        "tstate" : { "idle" : 993590, "run" : 5581, "locked" : 0, "mmap" : 0 }
      }
    }
  },
  "benchmark_io" : {
    "simple_times" : {
      "mcount" : {
        "mcount" : { "2 -- 4" : 1, "1 -- 2" : 2, "1 -- 1" : 4, "-- 1" : 1 }
      }
    },
    "stream_method" : {
      "conns" : [0, 0],
      "in" : [0, 0],
      "out" : [0, 0],
      "mmtasks" : [0, 0, 1],
      "load" : 0.989,
      "mcount" : {
        "mcount" : { "Connection refused" : 8 }
      },
      "http_proto0" : {
        "mcount" : {
          "mcount" : { }
        }
      },
      "source_log" : {
        "delta" : [0, 0, 0]
      },
      "loggers" : {
        "brief_logger" : {
          "records" : [8, 8],
          "out" : [358, 358]
        }
      }
    }
  }
},
"2022-05-16 20:27:27.402 +0000" : {
  "main_scheduler" : {
    "bqs" : {
      "00053" : {
        "mmconts" : [331, 332, 334],
        "acts" : [8, 7],
        "tstate" : { "idle" : 990423, "run" : 10202, "locked" : 0, "mmap" : 0 }
      },
      "00054" : {
        "mmconts" : [331, 331, 333],
        "acts" : [5, 4],
        "tstate" : { "idle" : 994062, "run" : 6563, "locked" : 0, "mmap" : 0 }
      },
      "00055" : {
        "mmconts" : [331, 332, 334],
        "acts" : [7, 6],
        "tstate" : { "idle" : 993733, "run" : 6892, "locked" : 0, "mmap" : 0 }
      }
    }
  },
  "benchmark_io" : {
    "simple_times" : {
      "mcount" : {
        "mcount" : { "1 -- 2" : 1, "1 -- 1" : 5, "-- 1" : 2 }
      }
    },
    "stream_method" : {
      "conns" : [0, 0],
      "in" : [0, 0],
      "out" : [0, 0],
      "mmtasks" : [0, 0, 1],
      "load" : 0.988,
      "mcount" : {
        "mcount" : { "Connection refused" : 8 }
      },
      "http_proto0" : {
        "mcount" : {
          "mcount" : { }
        }
      },
      "source_log" : {
        "delta" : [0, 0, 0]
      },
      "loggers" : {
        "brief_logger" : {
          "records" : [8, 7],
          "out" : [356, 355]
        }
      }
    }
  }
},
"2022-05-16 20:27:28.403 +0000" : {
  "main_scheduler" : {
    "bqs" : {
      "00053" : {
        "mmconts" : [328, 329, 331],
        "acts" : [8, 7],
        "tstate" : { "idle" : 985168, "run" : 15048, "locked" : 0, "mmap" : 0 }
      },
      "00054" : {
        "mmconts" : [328, 329, 331],
        "acts" : [7, 6],
        "tstate" : { "idle" : 991771, "run" : 8445, "locked" : 0, "mmap" : 0 }
      },
      "00055" : {
        "mmconts" : [328, 329, 331],
        "acts" : [7, 6],
        "tstate" : { "idle" : 988523, "run" : 11693, "locked" : 0, "mmap" : 0 }
      }
    }
  },
  "benchmark_io" : {
    "simple_times" : {
      "mcount" : {
        "mcount" : { "1 -- 2" : 4, "1 -- 1" : 5 }
      }
    },
    "stream_method" : {
      "conns" : [0, 0],
      "in" : [0, 0],
      "out" : [0, 0],
      "mmtasks" : [0, 0, 1],
      "load" : 0.984,
      "mcount" : {
        "mcount" : { "Connection refused" : 9 }
      },
      "http_proto0" : {
        "mcount" : {
          "mcount" : { }
        }
      },
      "source_log" : {
        "delta" : [0, 0, 0]
      },
      "loggers" : {
        "brief_logger" : {
          "records" : [9, 8],
          "out" : [405, 404]
        }
      }
    }
  }
},
"2022-05-16 20:27:29.403 +0000" : {
  "main_scheduler" : {
    "bqs" : {
      "00053" : {
        "mmconts" : [325, 326, 328],
        "acts" : [8, 7],
        "tstate" : { "idle" : 989881, "run" : 10248, "locked" : 0, "mmap" : 0 }
      },
      "00054" : {
        "mmconts" : [324, 325, 328],
        "acts" : [9, 8],
        "tstate" : { "idle" : 990693, "run" : 9436, "locked" : 0, "mmap" : 0 }
      },
      "00055" : {
        "mmconts" : [325, 326, 328],
        "acts" : [7, 6],
        "tstate" : { "idle" : 993488, "run" : 6641, "locked" : 0, "mmap" : 0 }
      }
    }
  },
  "benchmark_io" : {
    "simple_times" : {
      "mcount" : {
        "mcount" : { "1 -- 1" : 6, "-- 1" : 4 }
      }
    },
    "stream_method" : {
      "conns" : [0, 0],
      "in" : [0, 0],
      "out" : [0, 0],
      "mmtasks" : [0, 0, 1],
      "load" : 0.986,
      "mcount" : {
        "mcount" : { "Connection refused" : 10 }
      },
      "http_proto0" : {
        "mcount" : {
          "mcount" : { }
        }
      },
      "source_log" : {
        "delta" : [0, 0, 0]
      },
      "loggers" : {
        "brief_logger" : {
          "records" : [10, 9],
          "out" : [440, 439]
        }
      }
    }
  }
},
"2022-05-16 20:27:30.403 +0000" : {
  "main_scheduler" : {
    "bqs" : {
      "00053" : {
        "mmconts" : [322, 323, 325],
        "acts" : [8, 8],
        "tstate" : { "idle" : 986287, "run" : 13631, "locked" : 0, "mmap" : 0 }
      },
      "00054" : {
        "mmconts" : [321, 322, 324],
        "acts" : [7, 7],
        "tstate" : { "idle" : 992019, "run" : 7896, "locked" : 0, "mmap" : 0 }
      },
      "00055" : {
        "mmconts" : [321, 323, 325],
        "acts" : [9, 9],
        "tstate" : { "idle" : 989680, "run" : 10235, "locked" : 0, "mmap" : 0 }
      }
    }
  },
  "benchmark_io" : {
    "simple_times" : {
      "mcount" : {
        "mcount" : { "1 -- 2" : 3, "1 -- 1" : 5, "-- 1" : 2 }
      }
    },
    "stream_method" : {
      "conns" : [0, 0],
      "in" : [0, 0],
      "out" : [0, 0],
      "mmtasks" : [0, 0, 1],
      "load" : 0.985,
      "mcount" : {
        "mcount" : { "Connection refused" : 10 }
      },
      "http_proto0" : {
        "mcount" : {
          "mcount" : { }
        }
      },
      "source_log" : {
        "delta" : [0, 0, 0]
      },
      "loggers" : {
        "brief_logger" : {
          "records" : [10, 10],
          "out" : [446, 447]
        }
      }
    }
  }
},
"2022-05-16 20:27:31.402 +0000" : {
  "main_scheduler" : {
    "bqs" : {
      "00053" : {
        "mmconts" : [318, 320, 322],
        "acts" : [10, 10],
        "tstate" : { "idle" : 987687, "run" : 11867, "locked" : 0, "mmap" : 0 }
      },
      "00054" : {
        "mmconts" : [318, 319, 321],
        "acts" : [7, 7],
        "tstate" : { "idle" : 989306, "run" : 10255, "locked" : 0, "mmap" : 0 }
      },
      "00055" : {
        "mmconts" : [318, 319, 321],
        "acts" : [7, 7],
        "tstate" : { "idle" : 992141, "run" : 7420, "locked" : 0, "mmap" : 0 }
      }
    }
  },
  "benchmark_io" : {
    "simple_times" : {
      "mcount" : {
        "mcount" : { "4 -- 6" : 1, "1 -- 2" : 1, "1 -- 1" : 4, "-- 1" : 4 }
      }
    },
    "stream_method" : {
      "conns" : [0, 0],
      "in" : [0, 0],
      "out" : [0, 0],
      "mmtasks" : [0, 0, 1],
      "load" : 0.982,
      "mcount" : {
        "mcount" : { "Connection refused" : 10 }
      },
      "http_proto0" : {
        "mcount" : {
          "mcount" : { }
        }
      },
      "source_log" : {
        "delta" : [0, 0, 0]
      },
      "loggers" : {
        "brief_logger" : {
          "records" : [10, 9],
          "out" : [442, 441]
        }
      }
    }
  }
},
"2022-05-16 20:27:32.403 +0000" : {
  "main_scheduler" : {
    "bqs" : {
      "00053" : {
        "mmconts" : [315, 316, 318],
        "acts" : [8, 7],
        "tstate" : { "idle" : 989666, "run" : 10643, "locked" : 0, "mmap" : 0 }
      },
      "00054" : {
        "mmconts" : [314, 315, 318],
        "acts" : [9, 8],
        "tstate" : { "idle" : 990501, "run" : 9800, "locked" : 0, "mmap" : 0 }
      },
      "00055" : {
        "mmconts" : [315, 316, 318],
        "acts" : [7, 6],
        "tstate" : { "idle" : 992607, "run" : 7694, "locked" : 0, "mmap" : 0 }
      }
    }
  },
  "benchmark_io" : {
    "simple_times" : {
      "mcount" : {
        "mcount" : { "1 -- 1" : 6, "-- 1" : 4 }
      }
    },
    "stream_method" : {
      "conns" : [0, 0],
      "in" : [0, 0],
      "out" : [0, 0],
      "mmtasks" : [0, 0, 1],
      "load" : 0.982,
      "mcount" : {
        "mcount" : { "Connection refused" : 10 }
      },
      "http_proto0" : {
        "mcount" : {
          "mcount" : { }
        }
      },
      "source_log" : {
        "delta" : [0, 0, 0]
      },
      "loggers" : {
        "brief_logger" : {
          "records" : [10, 10],
          "out" : [442, 442]
        }
      }
    }
  }
},
"2022-05-16 20:27:33.403 +0000" : {
  "main_scheduler" : {
    "bqs" : {
      "00053" : {
        "mmconts" : [311, 313, 315],
        "acts" : [10, 10],
        "tstate" : { "idle" : 987067, "run" : 12840, "locked" : 0, "mmap" : 0 }
      },
      "00054" : {
        "mmconts" : [311, 312, 314],
        "acts" : [7, 7],
        "tstate" : { "idle" : 992820, "run" : 7090, "locked" : 0, "mmap" : 0 }
      },
      "00055" : {
        "mmconts" : [311, 312, 315],
        "acts" : [9, 9],
        "tstate" : { "idle" : 990243, "run" : 9667, "locked" : 0, "mmap" : 0 }
      }
    }
  },
  "benchmark_io" : {
    "simple_times" : {
      "mcount" : {
        "mcount" : { "1 -- 1" : 8, "-- 1" : 3 }
      }
    },
    "stream_method" : {
      "conns" : [0, 0],
      "in" : [0, 0],
      "out" : [0, 0],
      "mmtasks" : [0, 0, 1],
      "load" : 0.987,
      "mcount" : {
        "mcount" : { "Connection refused" : 11 }
      },
      "http_proto0" : {
        "mcount" : {
          "mcount" : { }
        }
      },
      "source_log" : {
        "delta" : [0, 0, 0]
      },
      "loggers" : {
        "brief_logger" : {
          "records" : [11, 10],
          "out" : [489, 488]
        }
      }
    }
  }
},
"2022-05-16 20:27:34.402 +0000" : {
  "main_scheduler" : {
    "bqs" : {
      "00053" : {
        "mmconts" : [307, 309, 311],
        "acts" : [10, 10],
        "tstate" : { "idle" : 987478, "run" : 11814, "locked" : 0, "mmap" : 0 }
      },
      "00054" : {
        "mmconts" : [307, 308, 311],
        "acts" : [9, 9],
        "tstate" : { "idle" : 988610, "run" : 10682, "locked" : 0, "mmap" : 0 }
      },
      "00055" : {
        "mmconts" : [307, 308, 311],
        "acts" : [9, 9],
        "tstate" : { "idle" : 989827, "run" : 9465, "locked" : 0, "mmap" : 0 }
      }
    }
  },
  "benchmark_io" : {
    "simple_times" : {
      "mcount" : {
        "mcount" : { "1 -- 2" : 1, "1 -- 1" : 7, "-- 1" : 4 }
      }
    },
    "stream_method" : {
      "conns" : [0, 0],
      "in" : [0, 0],
      "out" : [0, 0],
      "mmtasks" : [0, 0, 1],
      "load" : 0.986,
      "mcount" : {
        "mcount" : { "Connection refused" : 12 }
      },
      "http_proto0" : {
        "mcount" : {
          "mcount" : { }
        }
      },
      "source_log" : {
        "delta" : [0, 0, 0]
      },
      "loggers" : {
        "brief_logger" : {
          "records" : [12, 12],
          "out" : [531, 531]
        }
      }
    }
  }
},
"2022-05-16 20:27:35.402 +0000" : {
  "main_scheduler" : {
    "bqs" : {
      "00053" : {
        "mmconts" : [303, 305, 307],
        "acts" : [10, 9],
        "tstate" : { "idle" : 986565, "run" : 14077, "locked" : 0, "mmap" : 0 }
      },
      "00054" : {
        "mmconts" : [303, 304, 307],
        "acts" : [9, 8],
        "tstate" : { "idle" : 984964, "run" : 15678, "locked" : 0, "mmap" : 0 }
      },
      "00055" : {
        "mmconts" : [303, 305, 307],
        "acts" : [9, 8],
        "tstate" : { "idle" : 987115, "run" : 13527, "locked" : 0, "mmap" : 0 }
      }
    }
  },
  "benchmark_io" : {
    "simple_times" : {
      "mcount" : {
        "mcount" : { "2 -- 4" : 2, "1 -- 2" : 3, "1 -- 1" : 6, "-- 1" : 1 }
      }
    },
    "stream_method" : {
      "conns" : [0, 0],
      "in" : [0, 0],
      "out" : [0, 0],
      "mmtasks" : [0, 0, 1],
      "load" : 0.976,
      "mcount" : {
        "mcount" : { "Connection refused" : 12 }
      },
      "http_proto0" : {
        "mcount" : {
          "mcount" : { }
        }
      },
      "source_log" : {
        "delta" : [0, 0, 0]
      },
      "loggers" : {
        "brief_logger" : {
          "records" : [12, 11],
          "out" : [539, 538]
        }
      }
    }
  }
},
"2022-05-16 20:27:36.402 +0000" : {
  "main_scheduler" : {
    "bqs" : {
      "00053" : {
        "mmconts" : [299, 301, 303],
        "acts" : [10, 10],
        "tstate" : { "idle" : 980999, "run" : 18321, "locked" : 0, "mmap" : 0 }
      },
      "00054" : {
        "mmconts" : [299, 300, 303],
        "acts" : [9, 9],
        "tstate" : { "idle" : 989294, "run" : 10024, "locked" : 0, "mmap" : 0 }
      },
      "00055" : {
        "mmconts" : [299, 301, 303],
        "acts" : [9, 9],
        "tstate" : { "idle" : 990544, "run" : 8774, "locked" : 0, "mmap" : 0 }
      }
    }
  },
  "benchmark_io" : {
    "simple_times" : {
      "mcount" : {
        "mcount" : { "1 -- 2" : 2, "1 -- 1" : 7, "-- 1" : 3 }
      }
    },
    "stream_method" : {
      "conns" : [0, 0],
      "in" : [0, 0],
      "out" : [0, 0],
      "mmtasks" : [0, 0, 1],
      "load" : 0.987,
      "mcount" : {
        "mcount" : { "Connection refused" : 12 }
      },
      "http_proto0" : {
        "mcount" : {
          "mcount" : { }
        }
      },
      "source_log" : {
        "delta" : [0, 0, 0]
      },
      "loggers" : {
        "brief_logger" : {
          "records" : [12, 12],
          "out" : [531, 531]
        }
      }
    }
  }
},
"2022-05-16 20:27:37.403 +0000" : {
  "main_scheduler" : {
    "bqs" : {
      "00053" : {
        "mmconts" : [295, 297, 299],
        "acts" : [10, 9],
        "tstate" : { "idle" : 988354, "run" : 12527, "locked" : 0, "mmap" : 0 }
      },
      "00054" : {
        "mmconts" : [294, 296, 299],
        "acts" : [11, 10],
        "tstate" : { "idle" : 985893, "run" : 15003, "locked" : 0, "mmap" : 0 }
      },
      "00055" : {
        "mmconts" : [295, 296, 299],
        "acts" : [9, 8],
        "tstate" : { "idle" : 989976, "run" : 10920, "locked" : 0, "mmap" : 0 }
      }
    }
  },
  "benchmark_io" : {
    "simple_times" : {
      "mcount" : {
        "mcount" : { "2 -- 4" : 1, "1 -- 2" : 1, "1 -- 1" : 8, "-- 1" : 3 }
      }
    },
    "stream_method" : {
      "conns" : [0, 0],
      "in" : [0, 0],
      "out" : [0, 0],
      "mmtasks" : [0, 0, 1],
      "load" : 0.985,
      "mcount" : {
        "mcount" : { "Connection refused" : 13 }
      },
      "http_proto0" : {
        "mcount" : {
          "mcount" : { }
        }
      },
      "source_log" : {
        "delta" : [0, 0, 0]
      },
      "loggers" : {
        "brief_logger" : {
          "records" : [13, 12],
          "out" : [577, 576]
        }
      }
    }
  }
},
"2022-05-16 20:27:38.402 +0000" : {
  "main_scheduler" : {
    "bqs" : {
      "00053" : {
        "mmconts" : [291, 292, 295],
        "acts" : [10, 10],
        "tstate" : { "idle" : 986207, "run" : 13077, "locked" : 0, "mmap" : 0 }
      },
      "00054" : {
        "mmconts" : [290, 292, 294],
        "acts" : [9, 9],
        "tstate" : { "idle" : 988118, "run" : 11153, "locked" : 0, "mmap" : 0 }
      },
      "00055" : {
        "mmconts" : [290, 292, 295],
        "acts" : [11, 11],
        "tstate" : { "idle" : 986245, "run" : 13026, "locked" : 0, "mmap" : 0 }
      }
    }
  },
  "benchmark_io" : {
    "simple_times" : {
      "mcount" : {
        "mcount" : { "1 -- 2" : 1, "1 -- 1" : 8, "-- 1" : 4 }
      }
    },
    "stream_method" : {
      "conns" : [0, 0],
      "in" : [0, 0],
      "out" : [0, 0],
      "mmtasks" : [0, 0, 1],
      "load" : 0.984,
      "mcount" : {
        "mcount" : { "Connection refused" : 13 }
      },
      "http_proto0" : {
        "mcount" : {
          "mcount" : { }
        }
      },
      "source_log" : {
        "delta" : [0, 0, 0]
      },
      "loggers" : {
        "brief_logger" : {
          "records" : [13, 13],
          "out" : [576, 576]
        }
      }
    }
  }
},
"2022-05-16 20:27:39.402 +0000" : {
  "main_scheduler" : {
    "bqs" : {
      "00053" : {
        "mmconts" : [286, 288, 291],
        "acts" : [12, 11],
        "tstate" : { "idle" : 983506, "run" : 16813, "locked" : 0, "mmap" : 0 }
      },
      "00054" : {
        "mmconts" : [286, 287, 290],
        "acts" : [9, 8],
        "tstate" : { "idle" : 988670, "run" : 11650, "locked" : 0, "mmap" : 0 }
      },
      "00055" : {
        "mmconts" : [286, 288, 290],
        "acts" : [9, 8],
        "tstate" : { "idle" : 987606, "run" : 12714, "locked" : 0, "mmap" : 0 }
      }
    }
  },
  "benchmark_io" : {
    "simple_times" : {
      "mcount" : {
        "mcount" : { "1 -- 2" : 3, "1 -- 1" : 8, "-- 1" : 2 }
      }
    },
    "stream_method" : {
      "conns" : [0, 0],
      "in" : [0, 0],
      "out" : [0, 0],
      "mmtasks" : [0, 0, 1],
      "load" : 0.986,
      "mcount" : {
        "mcount" : { "Connection refused" : 13 }
      },
      "http_proto0" : {
        "mcount" : {
          "mcount" : { }
        }
      },
      "source_log" : {
        "delta" : [0, 0, 0]
      },
      "loggers" : {
        "brief_logger" : {
          "records" : [13, 12],
          "out" : [580, 579]
        }
      }
    }
  }
},
"2022-05-16 20:27:40.402 +0000" : {
  "main_scheduler" : {
    "bqs" : {
      "00053" : {
        "mmconts" : [282, 283, 286],
        "acts" : [10, 10],
        "tstate" : { "idle" : 986062, "run" : 13455, "locked" : 0, "mmap" : 0 }
      },
      "00054" : {
        "mmconts" : [281, 283, 286],
        "acts" : [11, 11],
        "tstate" : { "idle" : 984288, "run" : 15235, "locked" : 0, "mmap" : 0 }
      },
      "00055" : {
        "mmconts" : [281, 283, 286],
        "acts" : [11, 11],
        "tstate" : { "idle" : 986479, "run" : 13044, "locked" : 0, "mmap" : 0 }
      }
    }
  },
  "benchmark_io" : {
    "simple_times" : {
      "mcount" : {
        "mcount" : { "2 -- 4" : 1, "1 -- 2" : 1, "1 -- 1" : 10, "-- 1" : 2 }
      }
    },
    "stream_method" : {
      "conns" : [0, 0],
      "in" : [0, 0],
      "out" : [0, 0],
      "mmtasks" : [0, 0, 1],
      "load" : 0.988,
      "mcount" : {
        "mcount" : { "Connection refused" : 14 }
      },
      "http_proto0" : {
        "mcount" : {
          "mcount" : { }
        }
      },
      "source_log" : {
        "delta" : [0, 0, 0]
      },
      "loggers" : {
        "brief_logger" : {
          "records" : [14, 14],
          "out" : [626, 626]
        }
      }
    }
  }
},
"2022-05-16 20:27:41.402 +0000" : {
  "main_scheduler" : {
    "bqs" : {
      "00053" : {
        "mmconts" : [277, 279, 282],
        "acts" : [12, 11],
        "tstate" : { "idle" : 984761, "run" : 15309, "locked" : 0, "mmap" : 0 }
      },
      "00054" : {
        "mmconts" : [276, 278, 281],
        "acts" : [11, 10],
        "tstate" : { "idle" : 987752, "run" : 12312, "locked" : 0, "mmap" : 0 }
      },
      "00055" : {
        "mmconts" : [276, 278, 281],
        "acts" : [11, 10],
        "tstate" : { "idle" : 988790, "run" : 11294, "locked" : 0, "mmap" : 0 }
      }
    }
  },
  "benchmark_io" : {
    "simple_times" : {
      "mcount" : {
        "mcount" : { "1 -- 2" : 3, "1 -- 1" : 8, "-- 1" : 4 }
      }
    },
    "stream_method" : {
      "conns" : [0, 0],
      "in" : [0, 0],
      "out" : [0, 0],
      "mmtasks" : [0, 0, 1],
      "load" : 0.981,
      "mcount" : {
        "mcount" : { "Connection refused" : 15 }
      },
      "http_proto0" : {
        "mcount" : {
          "mcount" : { }
        }
      },
      "source_log" : {
        "delta" : [0, 0, 0]
      },
      "loggers" : {
        "brief_logger" : {
          "records" : [15, 15],
          "out" : [666, 666]
        }
      }
    }
  }
},
"2022-05-16 20:27:42.402 +0000" : {
  "main_scheduler" : {
    "bqs" : {
      "00053" : {
        "mmconts" : [272, 274, 277],
        "acts" : [12, 11],
        "tstate" : { "idle" : 985524, "run" : 14770, "locked" : 0, "mmap" : 0 }
      },
      "00054" : {
        "mmconts" : [271, 273, 276],
        "acts" : [11, 10],
        "tstate" : { "idle" : 985489, "run" : 14811, "locked" : 0, "mmap" : 0 }
      },
      "00055" : {
        "mmconts" : [272, 273, 276],
        "acts" : [11, 10],
        "tstate" : { "idle" : 986485, "run" : 13795, "locked" : 0, "mmap" : 0 }
      }
    }
  },
  "benchmark_io" : {
    "simple_times" : {
      "mcount" : {
        "mcount" : { "2 -- 4" : 1, "1 -- 1" : 7, "-- 1" : 6 }
      }
    },
    "stream_method" : {
      "conns" : [0, 0],
      "in" : [0, 0],
      "out" : [0, 0],
      "mmtasks" : [0, 0, 1],
      "load" : 0.988,
      "mcount" : {
        "mcount" : { "Connection refused" : 14 }
      },
      "http_proto0" : {
        "mcount" : {
          "mcount" : { }
        }
      },
      "source_log" : {
        "delta" : [0, 0, 0]
      },
      "loggers" : {
        "brief_logger" : {
          "records" : [15, 14],
          "out" : [661, 659]
        }
      }
    }
  }
},
"2022-05-16 20:27:43.402 +0000" : {
  "main_scheduler" : {
    "bqs" : {
      "00053" : {
        "mmconts" : [267, 269, 272],
        "acts" : [12, 12],
        "tstate" : { "idle" : 969321, "run" : 30329, "locked" : 0, "mmap" : 0 }
      },
      "00054" : {
        "mmconts" : [266, 268, 271],
        "acts" : [11, 11],
        "tstate" : { "idle" : 977654, "run" : 21997, "locked" : 0, "mmap" : 0 }
      },
      "00055" : {
        "mmconts" : [266, 268, 272],
        "acts" : [11, 11],
        "tstate" : { "idle" : 972599, "run" : 27052, "locked" : 0, "mmap" : 0 }
      }
    }
  },
  "benchmark_io" : {
    "simple_times" : {
      "mcount" : {
        "mcount" : { "4 -- 6" : 1, "2 -- 4" : 3, "1 -- 2" : 7, "1 -- 1" : 4, "-- 1" : 1 }
      }
    },
    "stream_method" : {
      "conns" : [0, 0],
      "in" : [0, 0],
      "out" : [0, 0],
      "mmtasks" : [0, 0, 1],
      "load" : 0.982,
      "mcount" : {
        "mcount" : { "Connection refused" : 16 }
      },
      "http_proto0" : {
        "mcount" : {
          "mcount" : { }
        }
      },
      "source_log" : {
        "delta" : [0, 0, 0]
      },
      "loggers" : {
        "brief_logger" : {
          "records" : [15, 15],
          "out" : [674, 674]
        }
      }
    }
  }
},
"2022-05-16 20:27:44.403 +0000" : {
  "main_scheduler" : {
    "bqs" : {
      "00053" : {
        "mmconts" : [262, 264, 267],
        "acts" : [12, 11],
        "tstate" : { "idle" : 973052, "run" : 27844, "locked" : 0, "mmap" : 0 }
      },
      "00054" : {
        "mmconts" : [261, 263, 266],
        "acts" : [11, 10],
        "tstate" : { "idle" : 985488, "run" : 15410, "locked" : 0, "mmap" : 0 }
      },
      "00055" : {
        "mmconts" : [261, 263, 266],
        "acts" : [11, 10],
        "tstate" : { "idle" : 985978, "run" : 14920, "locked" : 0, "mmap" : 0 }
      }
    }
  },
  "benchmark_io" : {
    "simple_times" : {
      "mcount" : {
        "mcount" : { "4 -- 6" : 1, "2 -- 4" : 1, "1 -- 2" : 3, "1 -- 1" : 9, "-- 1" : 1 }
      }
    },
    "stream_method" : {
      "conns" : [0, 0],
      "in" : [0, 0],
      "out" : [0, 0],
      "mmtasks" : [0, 0, 1],
      "load" : 0.983,
      "mcount" : {
        "mcount" : { "Connection refused" : 15 }
      },
      "http_proto0" : {
        "mcount" : {
          "mcount" : { }
        }
      },
      "source_log" : {
        "delta" : [0, 0, 0]
      },
      "loggers" : {
        "brief_logger" : {
          "records" : [15, 15],
          "out" : [674, 674]
        }
      }
    }
  }
},
"2022-05-16 20:27:45.402 +0000" : {
  "main_scheduler" : {
    "bqs" : {
      "00053" : {
        "mmconts" : [256, 258, 262],
        "acts" : [14, 14],
        "tstate" : { "idle" : 964524, "run" : 34751, "locked" : 0, "mmap" : 0 }
      },
      "00054" : {
        "mmconts" : [256, 258, 261],
        "acts" : [11, 11],
        "tstate" : { "idle" : 984125, "run" : 15153, "locked" : 0, "mmap" : 0 }
      },
      "00055" : {
        "mmconts" : [256, 258, 261],
        "acts" : [11, 11],
        "tstate" : { "idle" : 985345, "run" : 13933, "locked" : 0, "mmap" : 0 }
      }
    }
  },
  "benchmark_io" : {
    "simple_times" : {
      "mcount" : {
        "mcount" : { "6 -- 10" : 1, "1 -- 2" : 3, "1 -- 1" : 11, "-- 1" : 1 }
      }
    },
    "stream_method" : {
      "conns" : [0, 0],
      "in" : [0, 0],
      "out" : [0, 0],
      "mmtasks" : [0, 0, 1],
      "load" : 0.985,
      "mcount" : {
        "mcount" : { "Connection refused" : 16 }
      },
      "http_proto0" : {
        "mcount" : {
          "mcount" : { }
        }
      },
      "source_log" : {
        "delta" : [0, 0, 0]
      },
      "loggers" : {
        "brief_logger" : {
          "records" : [16, 16],
          "out" : [718, 718]
        }
      }
    }
  }
},
"2022-05-16 20:27:46.402 +0000" : {
  "main_scheduler" : {
    "bqs" : {
      "00053" : {
        "mmconts" : [251, 253, 256],
        "acts" : [12, 11],
        "tstate" : { "idle" : 982734, "run" : 17686, "locked" : 0, "mmap" : 0 }
      },
      "00054" : {
        "mmconts" : [250, 252, 256],
        "acts" : [13, 12],
        "tstate" : { "idle" : 979341, "run" : 21067, "locked" : 0, "mmap" : 0 }
      },
      "00055" : {
        "mmconts" : [250, 253, 256],
        "acts" : [13, 12],
        "tstate" : { "idle" : 966011, "run" : 34398, "locked" : 0, "mmap" : 0 }
      }
    }
  },
  "benchmark_io" : {
    "simple_times" : {
      "mcount" : {
        "mcount" : { "16 -- 25" : 1, "2 -- 4" : 1, "1 -- 2" : 3, "1 -- 1" : 12 }
      }
    },
    "stream_method" : {
      "conns" : [0, 0],
      "in" : [0, 0],
      "out" : [0, 0],
      "mmtasks" : [0, 0, 1],
      "load" : 0.606,
      "mcount" : {
        "mcount" : { "Connection refused" : 17 }
      },
      "http_proto0" : {
        "mcount" : {
          "mcount" : { }
        }
      },
      "source_log" : {
        "delta" : [0, 0, 0]
      },
      "loggers" : {
        "brief_logger" : {
          "records" : [17, 16],
          "out" : [770, 769]
        }
      }
    }
  }
},
"2022-05-16 20:27:47.403 +0000" : {
  "main_scheduler" : {
    "bqs" : {
      "00053" : {
        "mmconts" : [245, 247, 251],
        "acts" : [14, 13],
        "tstate" : { "idle" : 982720, "run" : 17494, "locked" : 0, "mmap" : 0 }
      },
      "00054" : {
        "mmconts" : [244, 247, 250],
        "acts" : [13, 12],
        "tstate" : { "idle" : 983979, "run" : 16234, "locked" : 0, "mmap" : 0 }
      },
      "00055" : {
        "mmconts" : [245, 247, 250],
        "acts" : [11, 10],
        "tstate" : { "idle" : 989274, "run" : 10938, "locked" : 0, "mmap" : 0 }
      }
    }
  },
  "benchmark_io" : {
    "simple_times" : {
      "mcount" : {
        "mcount" : { "1 -- 1" : 11, "-- 1" : 6 }
      }
    },
    "stream_method" : {
      "conns" : [0, 0],
      "in" : [0, 0],
      "out" : [0, 0],
      "mmtasks" : [0, 0, 1],
      "load" : 0.985,
      "mcount" : {
        "mcount" : { "Connection refused" : 17 }
      },
      "http_proto0" : {
        "mcount" : {
          "mcount" : { }
        }
      },
      "source_log" : {
        "delta" : [0, 0, 0]
      },
      "loggers" : {
        "brief_logger" : {
          "records" : [17, 17],
          "out" : [751, 751]
        }
      }
    }
  }
},
"2022-05-16 20:27:48.402 +0000" : {
  "main_scheduler" : {
    "bqs" : {
      "00053" : {
        "mmconts" : [239, 242, 245],
        "acts" : [14, 14],
        "tstate" : { "idle" : 982079, "run" : 17549, "locked" : 0, "mmap" : 0 }
      },
      "00054" : {
        "mmconts" : [239, 241, 244],
        "acts" : [11, 11],
        "tstate" : { "idle" : 986971, "run" : 12657, "locked" : 0, "mmap" : 0 }
      },
      "00055" : {
        "mmconts" : [239, 241, 245],
        "acts" : [13, 13],
        "tstate" : { "idle" : 983330, "run" : 16298, "locked" : 0, "mmap" : 0 }
      }
    }
  },
  "benchmark_io" : {
    "simple_times" : {
      "mcount" : {
        "mcount" : { "1 -- 2" : 3, "1 -- 1" : 9, "-- 1" : 5 }
      }
    },
    "stream_method" : {
      "conns" : [0, 0],
      "in" : [0, 0],
      "out" : [0, 0],
      "mmtasks" : [0, 0, 1],
      "load" : 0.960,
      "mcount" : {
        "mcount" : { "Connection refused" : 17 }
      },
      "http_proto0" : {
        "mcount" : {
          "mcount" : { }
        }
      },
      "source_log" : {
        "delta" : [0, 0, 0]
      },
      "loggers" : {
        "brief_logger" : {
          "records" : [17, 17],
          "out" : [756, 756]
        }
      }
    }
  }
},
"2022-05-16 20:27:49.402 +0000" : {
  "main_scheduler" : {
    "bqs" : {
      "00053" : {
        "mmconts" : [233, 236, 239],
        "acts" : [14, 14],
        "tstate" : { "idle" : 984375, "run" : 15420, "locked" : 0, "mmap" : 0 }
      },
      "00054" : {
        "mmconts" : [233, 235, 239],
        "acts" : [13, 13],
        "tstate" : { "idle" : 986197, "run" : 13598, "locked" : 0, "mmap" : 0 }
      },
      "00055" : {
        "mmconts" : [233, 236, 239],
        "acts" : [13, 13],
        "tstate" : { "idle" : 988202, "run" : 11593, "locked" : 0, "mmap" : 0 }
      }
    }
  },
  "benchmark_io" : {
    "simple_times" : {
      "mcount" : {
        "mcount" : { "1 -- 2" : 1, "1 -- 1" : 10, "-- 1" : 7 }
      }
    },
    "stream_method" : {
      "conns" : [0, 0],
      "in" : [0, 0],
      "out" : [0, 0],
      "mmtasks" : [0, 0, 1],
      "load" : 0.988,
      "mcount" : {
        "mcount" : { "Connection refused" : 18 }
      },
      "http_proto0" : {
        "mcount" : {
          "mcount" : { }
        }
      },
      "source_log" : {
        "delta" : [0, 0, 0]
      },
      "loggers" : {
        "brief_logger" : {
          "records" : [18, 18],
          "out" : [793, 793]
        }
      }
    }
  }
},
"2022-05-16 20:27:50.402 +0000" : {
  "main_scheduler" : {
    "bqs" : {
      "00053" : {
        "mmconts" : [227, 230, 233],
        "acts" : [14, 14],
        "tstate" : { "idle" : 984697, "run" : 15290, "locked" : 0, "mmap" : 0 }
      },
      "00054" : {
        "mmconts" : [227, 229, 233],
        "acts" : [13, 13],
        "tstate" : { "idle" : 985290, "run" : 14698, "locked" : 0, "mmap" : 0 }
      },
      "00055" : {
        "mmconts" : [227, 230, 233],
        "acts" : [13, 13],
        "tstate" : { "idle" : 986165, "run" : 13823, "locked" : 0, "mmap" : 0 }
      }
    }
  },
  "benchmark_io" : {
    "simple_times" : {
      "mcount" : {
        "mcount" : { "1 -- 2" : 2, "1 -- 1" : 11, "-- 1" : 5 }
      }
    },
    "stream_method" : {
      "conns" : [0, 0],
      "in" : [0, 0],
      "out" : [0, 0],
      "mmtasks" : [0, 0, 1],
      "load" : 0.985,
      "mcount" : {
        "mcount" : { "Connection refused" : 18 }
      },
      "http_proto0" : {
        "mcount" : {
          "mcount" : { }
        }
      },
      "source_log" : {
        "delta" : [0, 0, 0]
      },
      "loggers" : {
        "brief_logger" : {
          "records" : [18, 18],
          "out" : [798, 798]
        }
      }
    }
  }
},
"2022-05-16 20:27:51.403 +0000" : {
  "main_scheduler" : {
    "bqs" : {
      "00053" : {
        "mmconts" : [225, 225, 227],
        "acts" : [6, 5],
        "tstate" : { "idle" : 992859, "run" : 7692, "locked" : 0, "mmap" : 0 }
      },
      "00054" : {
        "mmconts" : [214, 221, 227],
        "acts" : [27, 26],
        "tstate" : { "idle" : 971356, "run" : 29194, "locked" : 0, "mmap" : 0 }
      },
      "00055" : {
        "mmconts" : [224, 224, 227],
        "acts" : [7, 6],
        "tstate" : { "idle" : 993815, "run" : 6735, "locked" : 0, "mmap" : 0 }
      }
    }
  },
  "benchmark_io" : {
    "simple_times" : {
      "mcount" : {
        "mcount" : { "1 -- 2" : 3, "1 -- 1" : 8, "-- 1" : 7 }
      }
    },
    "stream_method" : {
      "conns" : [0, 0],
      "in" : [0, 0],
      "out" : [0, 0],
      "mmtasks" : [0, 0, 1],
      "load" : 0.987,
      "mcount" : {
        "mcount" : { "Connection refused" : 18 }
      },
      "http_proto0" : {
        "mcount" : {
          "mcount" : { }
        }
      },
      "source_log" : {
        "delta" : [0, 0, 0]
      },
      "loggers" : {
        "brief_logger" : {
          "records" : [18, 17],
          "out" : [794, 793]
        }
      }
    }
  }
},
"2022-05-16 20:27:52.403 +0000" : {
  "main_scheduler" : {
    "bqs" : {
      "00053" : {
        "mmconts" : [210, 218, 225],
        "acts" : [32, 31],
        "tstate" : { "idle" : 961158, "run" : 39050, "locked" : 0, "mmap" : 0 }
      },
      "00054" : {
        "mmconts" : [210, 210, 214],
        "acts" : [9, 8],
        "tstate" : { "idle" : 991201, "run" : 9013, "locked" : 0, "mmap" : 0 }
      },
      "00055" : {
        "mmconts" : [224, 224, 224],
        "acts" : [1, 0],
        "tstate" : { "idle" : 998895, "run" : 1319, "locked" : 0, "mmap" : 0 }
      }
    }
  },
  "benchmark_io" : {
    "simple_times" : {
      "mcount" : {
        "mcount" : { "1 -- 2" : 3, "1 -- 1" : 10, "-- 1" : 6 }
      }
    },
    "stream_method" : {
      "conns" : [0, 0],
      "in" : [0, 0],
      "out" : [0, 0],
      "mmtasks" : [0, 0, 1],
      "load" : 0.987,
      "mcount" : {
        "mcount" : { "Connection refused" : 19 }
      },
      "http_proto0" : {
        "mcount" : {
          "mcount" : { }
        }
      },
      "source_log" : {
        "delta" : [0, 0, 0]
      },
      "loggers" : {
        "brief_logger" : {
          "records" : [19, 18],
          "out" : [839, 838]
        }
      }
    }
  }
},
"2022-05-16 20:27:53.402 +0000" : {
  "main_scheduler" : {
    "bqs" : {
      "00053" : {
        "mmconts" : [208, 209, 210],
        "acts" : [6, 6],
        "tstate" : { "idle" : 991392, "run" : 8275, "locked" : 0, "mmap" : 0 }
      },
      "00054" : {
        "mmconts" : [208, 208, 210],
        "acts" : [5, 5],
        "tstate" : { "idle" : 994041, "run" : 5621, "locked" : 0, "mmap" : 0 }
      },
      "00055" : {
        "mmconts" : [208, 215, 224],
        "acts" : [33, 33],
        "tstate" : { "idle" : 969510, "run" : 30153, "locked" : 0, "mmap" : 0 }
      }
    }
  },
  "benchmark_io" : {
    "simple_times" : {
      "mcount" : {
        "mcount" : { "1 -- 1" : 6, "-- 1" : 14 }
      }
    },
    "stream_method" : {
      "conns" : [0, 0],
      "in" : [0, 0],
      "out" : [0, 0],
      "mmtasks" : [0, 0, 1],
      "load" : 0.981,
      "mcount" : {
        "mcount" : { "Connection refused" : 20 }
      },
      "http_proto0" : {
        "mcount" : {
          "mcount" : { }
        }
      },
      "source_log" : {
        "delta" : [0, 0, 0]
      },
      "loggers" : {
        "brief_logger" : {
          "records" : [20, 20],
          "out" : [866, 866]
        }
      }
    }
  }
},
"2022-05-16 20:27:54.403 +0000" : {
  "main_scheduler" : {
    "bqs" : {
      "00053" : {
        "mmconts" : [202, 205, 208],
        "acts" : [14, 13],
        "tstate" : { "idle" : 983856, "run" : 16336, "locked" : 0, "mmap" : 0 }
      },
      "00054" : {
        "mmconts" : [201, 204, 208],
        "acts" : [15, 14],
        "tstate" : { "idle" : 983619, "run" : 16571, "locked" : 0, "mmap" : 0 }
      },
      "00055" : {
        "mmconts" : [201, 204, 208],
        "acts" : [15, 14],
        "tstate" : { "idle" : 983559, "run" : 16630, "locked" : 0, "mmap" : 0 }
      }
    }
  },
  "benchmark_io" : {
    "simple_times" : {
      "mcount" : {
        "mcount" : { "1 -- 2" : 3, "1 -- 1" : 12, "-- 1" : 5 }
      }
    },
    "stream_method" : {
      "conns" : [0, 0],
      "in" : [0, 0],
      "out" : [0, 0],
      "mmtasks" : [0, 0, 1],
      "load" : 0.990,
      "mcount" : {
        "mcount" : { "Connection refused" : 20 }
      },
      "http_proto0" : {
        "mcount" : {
          "mcount" : { }
        }
      },
      "source_log" : {
        "delta" : [0, 0, 0]
      },
      "loggers" : {
        "brief_logger" : {
          "records" : [20, 20],
          "out" : [885, 885]
        }
      }
    }
  }
},
"2022-05-16 20:27:55.402 +0000" : {
  "main_scheduler" : {
    "bqs" : {
      "00053" : {
        "mmconts" : [195, 198, 202],
        "acts" : [16, 16],
        "tstate" : { "idle" : 976560, "run" : 23268, "locked" : 0, "mmap" : 0 }
      },
      "00054" : {
        "mmconts" : [194, 197, 201],
        "acts" : [15, 15],
        "tstate" : { "idle" : 985101, "run" : 14743, "locked" : 0, "mmap" : 0 }
      },
      "00055" : {
        "mmconts" : [195, 198, 201],
        "acts" : [13, 13],
        "tstate" : { "idle" : 985585, "run" : 14259, "locked" : 0, "mmap" : 0 }
      }
    }
  },
  "benchmark_io" : {
    "simple_times" : {
      "mcount" : {
        "mcount" : { "1 -- 2" : 4, "1 -- 1" : 13, "-- 1" : 3 }
      }
    },
    "stream_method" : {
      "conns" : [0, 0],
      "in" : [0, 0],
      "out" : [0, 0],
      "mmtasks" : [0, 0, 1],
      "load" : 0.987,
      "mcount" : {
        "mcount" : { "Connection refused" : 20 }
      },
      "http_proto0" : {
        "mcount" : {
          "mcount" : { }
        }
      },
      "source_log" : {
        "delta" : [0, 0, 0]
      },
      "loggers" : {
        "brief_logger" : {
          "records" : [20, 19],
          "out" : [893, 892]
        }
      }
    }
  }
},
"2022-05-16 20:27:56.402 +0000" : {
  "main_scheduler" : {
    "bqs" : {
      "00053" : {
        "mmconts" : [188, 191, 195],
        "acts" : [16, 16],
        "tstate" : { "idle" : 980908, "run" : 18737, "locked" : 0, "mmap" : 0 }
      },
      "00054" : {
        "mmconts" : [188, 190, 194],
        "acts" : [13, 13],
        "tstate" : { "idle" : 985453, "run" : 14181, "locked" : 0, "mmap" : 0 }
      },
      "00055" : {
        "mmconts" : [188, 191, 195],
        "acts" : [15, 15],
        "tstate" : { "idle" : 982386, "run" : 17249, "locked" : 0, "mmap" : 0 }
      }
    }
  },
  "benchmark_io" : {
    "simple_times" : {
      "mcount" : {
        "mcount" : { "1 -- 2" : 2, "1 -- 1" : 10, "-- 1" : 8 }
      }
    },
    "stream_method" : {
      "conns" : [0, 0],
      "in" : [0, 0],
      "out" : [0, 0],
      "mmtasks" : [0, 0, 1],
      "load" : 0.985,
      "mcount" : {
        "mcount" : { "Connection refused" : 20 }
      },
      "http_proto0" : {
        "mcount" : {
          "mcount" : { }
        }
      },
      "source_log" : {
        "delta" : [0, 0, 0]
      },
      "loggers" : {
        "brief_logger" : {
          "records" : [20, 20],
          "out" : [883, 883]
        }
      }
    }
  }
},
"2022-05-16 20:27:57.402 +0000" : {
  "main_scheduler" : {
    "bqs" : {
      "00053" : {
        "mmconts" : [181, 184, 188],
        "acts" : [16, 16],
        "tstate" : { "idle" : 979920, "run" : 19748, "locked" : 0, "mmap" : 0 }
      },
      "00054" : {
        "mmconts" : [181, 184, 188],
        "acts" : [17, 17],
        "tstate" : { "idle" : 984213, "run" : 15452, "locked" : 0, "mmap" : 0 }
      },
      "00055" : {
        "mmconts" : [181, 184, 188],
        "acts" : [15, 15],
        "tstate" : { "idle" : 982605, "run" : 17061, "locked" : 0, "mmap" : 0 }
      }
    }
  },
  "benchmark_io" : {
    "simple_times" : {
      "mcount" : {
        "mcount" : { "1 -- 2" : 1, "1 -- 1" : 15, "-- 1" : 5 }
      }
    },
    "stream_method" : {
      "conns" : [0, 0],
      "in" : [0, 0],
      "out" : [0, 0],
      "mmtasks" : [0, 0, 1],
      "load" : 0.987,
      "mcount" : {
        "mcount" : { "Connection refused" : 21 }
      },
      "http_proto0" : {
        "mcount" : {
          "mcount" : { }
        }
      },
      "source_log" : {
        "delta" : [0, 0, 0]
      },
      "loggers" : {
        "brief_logger" : {
          "records" : [22, 22],
          "out" : [935, 935]
        }
      }
    }
  }
},
"2022-05-16 20:27:58.403 +0000" : {
  "main_scheduler" : {
    "bqs" : {
      "00053" : {
        "mmconts" : [174, 177, 181],
        "acts" : [16, 15],
        "tstate" : { "idle" : 980925, "run" : 20017, "locked" : 0, "mmap" : 0 }
      },
      "00054" : {
        "mmconts" : [173, 176, 181],
        "acts" : [15, 14],
        "tstate" : { "idle" : 984533, "run" : 16410, "locked" : 0, "mmap" : 0 }
      },
      "00055" : {
        "mmconts" : [174, 177, 181],
        "acts" : [15, 14],
        "tstate" : { "idle" : 983897, "run" : 17044, "locked" : 0, "mmap" : 0 }
      }
    }
  },
  "benchmark_io" : {
    "simple_times" : {
      "mcount" : {
        "mcount" : { "2 -- 4" : 1, "1 -- 2" : 2, "1 -- 1" : 13, "-- 1" : 6 }
      }
    },
    "stream_method" : {
      "conns" : [0, 0],
      "in" : [0, 0],
      "out" : [0, 0],
      "mmtasks" : [0, 0, 1],
      "load" : 0.990,
      "mcount" : {
        "mcount" : { "Connection refused" : 22 }
      },
      "http_proto0" : {
        "mcount" : {
          "mcount" : { }
        }
      },
      "source_log" : {
        "delta" : [0, 0, 0]
      },
      "loggers" : {
        "brief_logger" : {
          "records" : [21, 20],
          "out" : [974, 973]
        }
      }
    }
  }
},
"2022-05-16 20:27:59.402 +0000" : {
  "main_scheduler" : {
    "bqs" : {
      "00053" : {
        "mmconts" : [167, 170, 174],
        "acts" : [16, 16],
        "tstate" : { "idle" : 980982, "run" : 17766, "locked" : 0, "mmap" : 259 }
      },
      "00054" : {
        "mmconts" : [166, 169, 173],
        "acts" : [15, 15],
        "tstate" : { "idle" : 979686, "run" : 19129, "locked" : 0, "mmap" : 190 }
      },
      "00055" : {
        "mmconts" : [166, 170, 174],
        "acts" : [17, 17],
        "tstate" : { "idle" : 980627, "run" : 18210, "locked" : 0, "mmap" : 168 }
      }
    }
  },
  "benchmark_io" : {
    "simple_times" : {
      "mcount" : {
        "mcount" : { "4 -- 6" : 1, "1 -- 2" : 1, "1 -- 1" : 11, "-- 1" : 9 }
      }
    },
    "stream_method" : {
      "conns" : [0, 0],
      "in" : [0, 0],
      "out" : [0, 0],
      "mmtasks" : [0, 0, 1],
      "load" : 0.988,
      "mcount" : {
        "mcount" : { "Connection refused" : 22 }
      },
      "http_proto0" : {
        "mcount" : {
          "mcount" : { }
        }
      },
      "source_log" : {
        "delta" : [0, 0, 0]
      },
      "loggers" : {
        "brief_logger" : {
          "records" : [22, 22],
          "out" : [964, 964]
        }
      }
    }
  }
},
"2022-05-16 20:28:00.402 +0000" : {
  "main_scheduler" : {
    "bqs" : {
      "00053" : {
        "mmconts" : [159, 163, 167],
        "acts" : [18, 17],
        "tstate" : { "idle" : 979680, "run" : 19312, "locked" : 0, "mmap" : 1315 }
      },
      "00054" : {
        "mmconts" : [159, 162, 166],
        "acts" : [15, 14],
        "tstate" : { "idle" : 984539, "run" : 14527, "locked" : 0, "mmap" : 1241 }
      },
      "00055" : {
        "mmconts" : [159, 162, 166],
        "acts" : [15, 14],
        "tstate" : { "idle" : 983078, "run" : 16040, "locked" : 0, "mmap" : 1189 }
      }
    }
  },
  "benchmark_io" : {
    "simple_times" : {
      "mcount" : {
        "mcount" : { "2 -- 4" : 1, "1 -- 1" : 15, "-- 1" : 6 }
      }
    },
    "stream_method" : {
      "conns" : [0, 0],
      "in" : [0, 0],
      "out" : [0, 0],
      "mmtasks" : [0, 0, 1],
      "load" : 0.988,
      "mcount" : {
        "mcount" : { "Connection refused" : 22 }
      },
      "http_proto0" : {
        "mcount" : {
          "mcount" : { }
        }
      },
      "source_log" : {
        "delta" : [0, 0, 0]
      },
      "loggers" : {
        "brief_logger" : {
          "records" : [22, 21],
          "out" : [974, 973]
        }
      }
    }
  }
},
"2022-05-16 20:28:01.403 +0000" : {
  "main_scheduler" : {
    "bqs" : {
      "00053" : {
        "mmconts" : [152, 155, 159],
        "acts" : [16, 15],
        "tstate" : { "idle" : 982746, "run" : 16891, "locked" : 0, "mmap" : 935 }
      },
      "00054" : {
        "mmconts" : [151, 154, 159],
        "acts" : [17, 16],
        "tstate" : { "idle" : 982450, "run" : 16779, "locked" : 0, "mmap" : 1342 }
      },
      "00055" : {
        "mmconts" : [151, 155, 159],
        "acts" : [17, 16],
        "tstate" : { "idle" : 982620, "run" : 16860, "locked" : 0, "mmap" : 1092 }
      }
    }
  },
  "benchmark_io" : {
    "simple_times" : {
      "mcount" : {
        "mcount" : { "1 -- 2" : 1, "1 -- 1" : 11, "-- 1" : 11 }
      }
    },
    "stream_method" : {
      "conns" : [0, 0],
      "in" : [0, 0],
      "out" : [0, 0],
      "mmtasks" : [0, 0, 1],
      "load" : 0.986,
      "mcount" : {
        "mcount" : { "Connection refused" : 23 }
      },
      "http_proto0" : {
        "mcount" : {
          "mcount" : { }
        }
      },
      "source_log" : {
        "delta" : [0, 0, 0]
      },
      "loggers" : {
        "brief_logger" : {
          "records" : [23, 22],
          "out" : [1009, 1008]
        }
      }
    }
  }
},
"2022-05-16 20:28:02.402 +0000" : {
  "main_scheduler" : {
    "bqs" : {
      "00053" : {
        "mmconts" : [144, 147, 152],
        "acts" : [18, 18],
        "tstate" : { "idle" : 967459, "run" : 30162, "locked" : 0, "mmap" : 1871 }
      },
      "00054" : {
        "mmconts" : [143, 147, 151],
        "acts" : [17, 17],
        "tstate" : { "idle" : 967052, "run" : 26722, "locked" : 0, "mmap" : 5726 }
      },
      "00055" : {
        "mmconts" : [144, 147, 151],
        "acts" : [15, 15],
        "tstate" : { "idle" : 978552, "run" : 19806, "locked" : 0, "mmap" : 1141 }
      }
    }
  },
  "benchmark_io" : {
    "simple_times" : {
      "mcount" : {
        "mcount" : { "2 -- 4" : 4, "1 -- 2" : 6, "1 -- 1" : 10, "-- 1" : 3 }
      }
    },
    "stream_method" : {
      "conns" : [0, 0],
      "in" : [0, 0],
      "out" : [0, 0],
      "mmtasks" : [0, 0, 1],
      "load" : 0.990,
      "mcount" : {
        "mcount" : { "Connection refused" : 23 }
      },
      "http_proto0" : {
        "mcount" : {
          "mcount" : { }
        }
      },
      "source_log" : {
        "delta" : [0, 0, 0]
      },
      "loggers" : {
        "brief_logger" : {
          "records" : [23, 22],
          "out" : [1026, 1025]
        }
      }
    }
  }
},
"2022-05-16 20:28:03.403 +0000" : {
  "main_scheduler" : {
    "bqs" : {
      "00053" : {
        "mmconts" : [136, 140, 144],
        "acts" : [18, 17],
        "tstate" : { "idle" : 973454, "run" : 24905, "locked" : 0, "mmap" : 2566 }
      },
      "00054" : {
        "mmconts" : [136, 139, 143],
        "acts" : [17, 16],
        "tstate" : { "idle" : 979702, "run" : 19903, "locked" : 0, "mmap" : 1317 }
      },
      "00055" : {
        "mmconts" : [136, 139, 144],
        "acts" : [17, 16],
        "tstate" : { "idle" : 976134, "run" : 23591, "locked" : 0, "mmap" : 1250 }
      }
    }
  },
  "benchmark_io" : {
    "simple_times" : {
      "mcount" : {
        "mcount" : { "2 -- 4" : 3, "1 -- 2" : 3, "1 -- 1" : 13, "-- 1" : 5 }
      }
    },
    "stream_method" : {
      "conns" : [0, 0],
      "in" : [0, 0],
      "out" : [0, 0],
      "mmtasks" : [0, 0, 1],
      "load" : 0.990,
      "mcount" : {
        "mcount" : { "Connection refused" : 24 }
      },
      "http_proto0" : {
        "mcount" : {
          "mcount" : { }
        }
      },
      "source_log" : {
        "delta" : [0, 0, 0]
      },
      "loggers" : {
        "brief_logger" : {
          "records" : [24, 23],
          "out" : [1069, 1068]
        }
      }
    }
  }
},
"2022-05-16 20:28:04.402 +0000" : {
  "main_scheduler" : {
    "bqs" : {
      "00053" : {
        "mmconts" : [128, 132, 136],
        "acts" : [18, 18],
        "tstate" : { "idle" : 977139, "run" : 20680, "locked" : 0, "mmap" : 1301 }
      },
      "00054" : {
        "mmconts" : [128, 131, 136],
        "acts" : [16, 16],
        "tstate" : { "idle" : 982118, "run" : 15700, "locked" : 0, "mmap" : 1299 }
      },
      "00055" : {
        "mmconts" : [128, 131, 136],
        "acts" : [17, 17],
        "tstate" : { "idle" : 982080, "run" : 15674, "locked" : 0, "mmap" : 1311 }
      }
    }
  },
  "benchmark_io" : {
    "simple_times" : {
      "mcount" : {
        "mcount" : { "1 -- 2" : 2, "1 -- 1" : 11, "-- 1" : 10 }
      }
    },
    "stream_method" : {
      "conns" : [0, 0],
      "in" : [0, 0],
      "out" : [0, 0],
      "mmtasks" : [0, 0, 1],
      "load" : 0.990,
      "mcount" : {
        "mcount" : { "Connection refused" : 23 }
      },
      "http_proto0" : {
        "mcount" : {
          "mcount" : { }
        }
      },
      "source_log" : {
        "delta" : [0, 0, 0]
      },
      "loggers" : {
        "brief_logger" : {
          "records" : [23, 23],
          "out" : [1006, 1006]
        }
      }
    }
  }
},
"2022-05-16 20:28:05.402 +0000" : {
  "main_scheduler" : {
    "bqs" : {
      "00053" : {
        "mmconts" : [120, 124, 128],
        "acts" : [18, 18],
        "tstate" : { "idle" : 977576, "run" : 20682, "locked" : 0, "mmap" : 1368 }
      },
      "00054" : {
        "mmconts" : [119, 123, 128],
        "acts" : [18, 18],
        "tstate" : { "idle" : 974768, "run" : 23455, "locked" : 0, "mmap" : 1400 }
      },
      "00055" : {
        "mmconts" : [120, 123, 128],
        "acts" : [17, 17],
        "tstate" : { "idle" : 980096, "run" : 18128, "locked" : 0, "mmap" : 1398 }
      }
    }
  },
  "benchmark_io" : {
    "simple_times" : {
      "mcount" : {
        "mcount" : { "4 -- 6" : 1, "1 -- 2" : 4, "1 -- 1" : 9, "-- 1" : 11 }
      }
    },
    "stream_method" : {
      "conns" : [0, 0],
      "in" : [0, 0],
      "out" : [0, 0],
      "mmtasks" : [0, 0, 1],
      "load" : 0.989,
      "mcount" : {
        "mcount" : { "Connection refused" : 25 }
      },
      "http_proto0" : {
        "mcount" : {
          "mcount" : { }
        }
      },
      "source_log" : {
        "delta" : [0, 0, 0]
      },
      "loggers" : {
        "brief_logger" : {
          "records" : [25, 25],
          "out" : [1095, 1095]
        }
      }
    }
  }
},
"2022-05-16 20:28:06.402 +0000" : {
  "main_scheduler" : {
    "bqs" : {
      "00053" : {
        "mmconts" : [112, 115, 120],
        "acts" : [18, 17],
        "tstate" : { "idle" : 980403, "run" : 18915, "locked" : 0, "mmap" : 1247 }
      },
      "00054" : {
        "mmconts" : [111, 115, 119],
        "acts" : [17, 16],
        "tstate" : { "idle" : 982607, "run" : 16593, "locked" : 0, "mmap" : 1365 }
      },
      "00055" : {
        "mmconts" : [111, 115, 120],
        "acts" : [19, 18],
        "tstate" : { "idle" : 979463, "run" : 19479, "locked" : 0, "mmap" : 1624 }
      }
    }
  },
  "benchmark_io" : {
    "simple_times" : {
      "mcount" : {
        "mcount" : { "1 -- 2" : 1, "1 -- 1" : 15, "-- 1" : 9 }
      }
    },
    "stream_method" : {
      "conns" : [0, 0],
      "in" : [0, 0],
      "out" : [0, 0],
      "mmtasks" : [0, 0, 1],
      "load" : 0.989,
      "mcount" : {
        "mcount" : { "Connection refused" : 25 }
      },
      "http_proto0" : {
        "mcount" : {
          "mcount" : { }
        }
      },
      "source_log" : {
        "delta" : [0, 0, 0]
      },
      "loggers" : {
        "brief_logger" : {
          "records" : [25, 24],
          "out" : [1099, 1098]
        }
      }
    }
  }
},
"2022-05-16 20:28:07.402 +0000" : {
  "main_scheduler" : {
    "bqs" : {
      "00053" : {
        "mmconts" : [103, 107, 112],
        "acts" : [20, 20],
        "tstate" : { "idle" : 976146, "run" : 21734, "locked" : 0, "mmap" : 1529 }
      },
      "00054" : {
        "mmconts" : [103, 106, 111],
        "acts" : [17, 17],
        "tstate" : { "idle" : 980865, "run" : 17333, "locked" : 0, "mmap" : 1223 }
      },
      "00055" : {
        "mmconts" : [103, 107, 111],
        "acts" : [17, 17],
        "tstate" : { "idle" : 981506, "run" : 16557, "locked" : 0, "mmap" : 1357 }
      }
    }
  },
  "benchmark_io" : {
    "simple_times" : {
      "mcount" : {
        "mcount" : { "1 -- 2" : 2, "1 -- 1" : 18, "-- 1" : 5 }
      }
    },
    "stream_method" : {
      "conns" : [0, 0],
      "in" : [0, 0],
      "out" : [0, 0],
      "mmtasks" : [0, 0, 1],
      "load" : 0.988,
      "mcount" : {
        "mcount" : { "Connection refused" : 25 }
      },
      "http_proto0" : {
        "mcount" : {
          "mcount" : { }
        }
      },
      "source_log" : {
        "delta" : [0, 0, 0]
      },
      "loggers" : {
        "brief_logger" : {
          "records" : [25, 25],
          "out" : [1105, 1105]
        }
      }
    }
  }
},
"2022-05-16 20:28:08.402 +0000" : {
  "main_scheduler" : {
    "bqs" : {
      "00053" : {
        "mmconts" : [97, 99, 103],
        "acts" : [14, 13],
        "tstate" : { "idle" : 954811, "run" : 41353, "locked" : 0, "mmap" : 4593 }
      },
      "00054" : {
        "mmconts" : [92, 98, 103],
        "acts" : [23, 22],
        "tstate" : { "idle" : 856084, "run" : 136954, "locked" : 0, "mmap" : 7734 }
      },
      "00055" : {
        "mmconts" : [95, 98, 103],
        "acts" : [17, 16],
        "tstate" : { "idle" : 947742, "run" : 48784, "locked" : 0, "mmap" : 4247 }
      }
    }
  },
  "benchmark_io" : {
    "simple_times" : {
      "mcount" : {
        "mcount" : { "10 -- 16" : 2, "6 -- 10" : 3, "4 -- 6" : 4, "2 -- 4" : 4, "1 -- 2" : 8, "1 -- 1" : 4 }
      }
    },
    "stream_method" : {
      "conns" : [0, 0],
      "in" : [0, 0],
      "out" : [0, 0],
      "mmtasks" : [0, 0, 1],
      "load" : 0.986,
      "mcount" : {
        "mcount" : { "Connection refused" : 25 }
      },
      "http_proto0" : {
        "mcount" : {
          "mcount" : { }
        }
      },
      "source_log" : {
        "delta" : [0, 0, 0]
      },
      "loggers" : {
        "brief_logger" : {
          "records" : [25, 24],
          "out" : [1131, 1129]
        }
      }
    }
  }
},
"2022-05-16 20:28:09.402 +0000" : {
  "main_scheduler" : {
    "bqs" : {
      "00053" : {
        "mmconts" : [86, 91, 97],
        "acts" : [24, 24],
        "tstate" : { "idle" : 961797, "run" : 35083, "locked" : 0, "mmap" : 2582 }
      },
      "00054" : {
        "mmconts" : [86, 89, 92],
        "acts" : [15, 15],
        "tstate" : { "idle" : 977123, "run" : 21001, "locked" : 0, "mmap" : 1317 }
      },
      "00055" : {
        "mmconts" : [86, 89, 95],
        "acts" : [19, 19],
        "tstate" : { "idle" : 954004, "run" : 42887, "locked" : 0, "mmap" : 2549 }
      }
    }
  },
  "benchmark_io" : {
    "simple_times" : {
      "mcount" : {
        "mcount" : { "4 -- 6" : 2, "2 -- 4" : 3, "1 -- 2" : 6, "1 -- 1" : 13, "-- 1" : 2 }
      }
    },
    "stream_method" : {
      "conns" : [0, 0],
      "in" : [0, 0],
      "out" : [0, 0],
      "mmtasks" : [0, 0, 1],
      "load" : 0.988,
      "mcount" : {
        "mcount" : { "Connection refused" : 26 }
      },
      "http_proto0" : {
        "mcount" : {
          "mcount" : { }
        }
      },
      "source_log" : {
        "delta" : [0, 0, 0]
      },
      "loggers" : {
        "brief_logger" : {
          "records" : [27, 27],
          "out" : [1166, 1167]
        }
      }
    }
  }
},
"2022-05-16 20:28:10.402 +0000" : {
  "main_scheduler" : {
    "bqs" : {
      "00053" : {
        "mmconts" : [77, 81, 86],
        "acts" : [20, 20],
        "tstate" : { "idle" : 957115, "run" : 41361, "locked" : 0, "mmap" : 1392 }
      },
      "00054" : {
        "mmconts" : [77, 81, 86],
        "acts" : [17, 17],
        "tstate" : { "idle" : 960699, "run" : 37223, "locked" : 0, "mmap" : 1944 }
      },
      "00055" : {
        "mmconts" : [77, 81, 86],
        "acts" : [19, 19],
        "tstate" : { "idle" : 956910, "run" : 39605, "locked" : 0, "mmap" : 3351 }
      }
    }
  },
  "benchmark_io" : {
    "simple_times" : {
      "mcount" : {
        "mcount" : { "4 -- 6" : 1, "2 -- 4" : 1, "1 -- 2" : 5, "1 -- 1" : 17, "-- 1" : 3 }
      }
    },
    "stream_method" : {
      "conns" : [0, 0],
      "in" : [0, 0],
      "out" : [0, 0],
      "mmtasks" : [0, 0, 1],
      "load" : 0.989,
      "mcount" : {
        "mcount" : { "Connection refused" : 27 }
      },
      "http_proto0" : {
        "mcount" : {
          "mcount" : { }
        }
      },
      "source_log" : {
        "delta" : [0, 0, 0]
      },
      "loggers" : {
        "brief_logger" : {
          "records" : [26, 26],
          "out" : [1209, 1209]
        }
      }
    }
  }
},
"2022-05-16 20:28:11.403 +0000" : {
  "main_scheduler" : {
    "bqs" : {
      "00053" : {
        "mmconts" : [67, 72, 77],
        "acts" : [22, 21],
        "tstate" : { "idle" : 961991, "run" : 36526, "locked" : 0, "mmap" : 2428 }
      },
      "00054" : {
        "mmconts" : [67, 72, 77],
        "acts" : [21, 20],
        "tstate" : { "idle" : 942276, "run" : 55634, "locked" : 0, "mmap" : 3065 }
      },
      "00055" : {
        "mmconts" : [70, 72, 77],
        "acts" : [15, 14],
        "tstate" : { "idle" : 976053, "run" : 23411, "locked" : 0, "mmap" : 1511 }
      }
    }
  },
  "benchmark_io" : {
    "simple_times" : {
      "mcount" : {
        "mcount" : { "16 -- 25" : 1, "4 -- 6" : 1, "2 -- 4" : 2, "1 -- 2" : 11, "1 -- 1" : 12 }
      }
    },
    "stream_method" : {
      "conns" : [0, 0],
      "in" : [0, 0],
      "out" : [0, 0],
      "mmtasks" : [0, 0, 1],
      "load" : 0.991,
      "mcount" : {
        "mcount" : { "Connection refused" : 27 }
      },
      "http_proto0" : {
        "mcount" : {
          "mcount" : { }
        }
      },
      "source_log" : {
        "delta" : [0, 0, 0]
      },
      "loggers" : {
        "brief_logger" : {
          "records" : [27, 26],
          "out" : [1218, 1216]
        }
      }
    }
  }
},
"2022-05-16 20:28:12.402 +0000" : {
  "main_scheduler" : {
    "bqs" : {
      "00053" : {
        "mmconts" : [56, 62, 67],
        "acts" : [24, 24],
        "tstate" : { "idle" : 956409, "run" : 37173, "locked" : 0, "mmap" : 5923 }
      },
      "00054" : {
        "mmconts" : [56, 62, 67],
        "acts" : [23, 23],
        "tstate" : { "idle" : 970615, "run" : 26961, "locked" : 0, "mmap" : 1937 }
      },
      "00055" : {
        "mmconts" : [65, 65, 70],
        "acts" : [11, 11],
        "tstate" : { "idle" : 984535, "run" : 14024, "locked" : 0, "mmap" : 954 }
      }
    }
  },
  "benchmark_io" : {
    "simple_times" : {
      "mcount" : {
        "mcount" : { "2 -- 4" : 2, "1 -- 2" : 5, "1 -- 1" : 20 }
      }
    },
    "stream_method" : {
      "conns" : [0, 0],
      "in" : [0, 0],
      "out" : [0, 0],
      "mmtasks" : [0, 0, 1],
      "load" : 0.986,
      "mcount" : {
        "mcount" : { "Connection refused" : 27 }
      },
      "http_proto0" : {
        "mcount" : {
          "mcount" : { }
        }
      },
      "source_log" : {
        "delta" : [0, 0, 0]
      },
      "loggers" : {
        "brief_logger" : {
          "records" : [27, 27],
          "out" : [1216, 1217]
        }
      }
    }
  }
},
"2022-05-16 20:28:13.403 +0000" : {
  "main_scheduler" : {
    "bqs" : {
      "00053" : {
        "mmconts" : [42, 49, 56],
        "acts" : [30, 29],
        "tstate" : { "idle" : 938208, "run" : 59264, "locked" : 0, "mmap" : 3200 }
      },
      "00054" : {
        "mmconts" : [42, 48, 56],
        "acts" : [29, 28],
        "tstate" : { "idle" : 954417, "run" : 43220, "locked" : 0, "mmap" : 3023 }
      },
      "00055" : {
        "mmconts" : [65, 65, 65],
        "acts" : [1, 0],
        "tstate" : { "idle" : 999014, "run" : 1647, "locked" : 0, "mmap" : 0 }
      }
    }
  },
  "benchmark_io" : {
    "simple_times" : {
      "mcount" : {
        "mcount" : { "6 -- 10" : 1, "4 -- 6" : 1, "2 -- 4" : 2, "1 -- 2" : 10, "1 -- 1" : 10, "-- 1" : 4 }
      }
    },
    "stream_method" : {
      "conns" : [0, 0],
      "in" : [0, 0],
      "out" : [0, 0],
      "mmtasks" : [0, 0, 1],
      "load" : 0.983,
      "mcount" : {
        "mcount" : { "Connection refused" : 28 }
      },
      "http_proto0" : {
        "mcount" : {
          "mcount" : { }
        }
      },
      "source_log" : {
        "delta" : [0, 0, 0]
      },
      "loggers" : {
        "brief_logger" : {
          "records" : [28, 27],
          "out" : [1252, 1248]
        }
      }
    }
  }
},
"2022-05-16 20:28:14.402 +0000" : {
  "main_scheduler" : {
    "bqs" : {
      "00053" : {
        "mmconts" : [28, 35, 42],
        "acts" : [30, 30],
        "tstate" : { "idle" : 939891, "run" : 55832, "locked" : 0, "mmap" : 3237 }
      },
      "00054" : {
        "mmconts" : [28, 34, 42],
        "acts" : [29, 29],
        "tstate" : { "idle" : 935503, "run" : 60247, "locked" : 0, "mmap" : 3194 }
      },
      "00055" : {
        "mmconts" : [65, 65, 65],
        "acts" : [1, 1],
        "tstate" : { "idle" : 991404, "run" : 7540, "locked" : 0, "mmap" : 0 }
      }
    }
  },
  "benchmark_io" : {
    "simple_times" : {
      "mcount" : {
        "mcount" : { "6 -- 10" : 1, "4 -- 6" : 1, "2 -- 4" : 4, "1 -- 2" : 6, "1 -- 1" : 14, "-- 1" : 2 }
      }
    },
    "stream_method" : {
      "conns" : [0, 0],
      "in" : [0, 0],
      "out" : [0, 0],
      "mmtasks" : [0, 0, 1],
      "load" : 0.990,
      "mcount" : {
        "mcount" : { "Connection refused" : 28 }
      },
      "http_proto0" : {
        "mcount" : {
          "mcount" : { }
        }
      },
      "source_log" : {
        "delta" : [0, 0, 0]
      },
      "loggers" : {
        "brief_logger" : {
          "records" : [28, 28],
          "out" : [1256, 1259]
        }
      }
    }
  }
},
"2022-05-16 20:28:15.402 +0000" : {
  "main_scheduler" : {
    "bqs" : {
      "00053" : {
        "mmconts" : [28, 28, 28],
        "acts" : [2, 2],
        "tstate" : { "idle" : 993018, "run" : 6903, "locked" : 0, "mmap" : 0 }
      },
      "00054" : {
        "mmconts" : [28, 28, 28],
        "acts" : [1, 0],
        "tstate" : { "idle" : 998267, "run" : 1824, "locked" : 0, "mmap" : 0 }
      },
      "00055" : {
        "mmconts" : [37, 50, 65],
        "acts" : [59, 58],
        "tstate" : { "idle" : 917522, "run" : 77281, "locked" : 0, "mmap" : 5288 }
      }
    }
  },
  "benchmark_io" : {
    "simple_times" : {
      "mcount" : {
        "mcount" : { "2 -- 4" : 2, "1 -- 2" : 11, "1 -- 1" : 13, "-- 1" : 2 }
      }
    },
    "stream_method" : {
      "conns" : [0, 0],
      "in" : [0, 0],
      "out" : [0, 0],
      "mmtasks" : [0, 0, 1],
      "load" : 0.990,
      "mcount" : {
        "mcount" : { "Connection refused" : 28 }
      },
      "http_proto0" : {
        "mcount" : {
          "mcount" : { }
        }
      },
      "source_log" : {
        "delta" : [0, 0, 0]
      },
      "loggers" : {
        "brief_logger" : {
          "records" : [28, 27],
          "out" : [1256, 1250]
        }
      }
    }
  }
},
"2022-05-16 20:28:16.402 +0000" : {
  "main_scheduler" : {
    "bqs" : {
      "00053" : {
        "mmconts" : [22, 26, 28],
        "acts" : [14, 13],
        "tstate" : { "idle" : 971402, "run" : 27470, "locked" : 0, "mmap" : 1449 }
      },
      "00054" : {
        "mmconts" : [21, 25, 28],
        "acts" : [15, 14],
        "tstate" : { "idle" : 977070, "run" : 21523, "locked" : 0, "mmap" : 1546 }
      },
      "00055" : {
        "mmconts" : [21, 26, 37],
        "acts" : [33, 32],
        "tstate" : { "idle" : 915321, "run" : 80329, "locked" : 0, "mmap" : 4488 }
      }
    }
  },
  "benchmark_io" : {
    "simple_times" : {
      "mcount" : {
        "mcount" : { "16 -- 25" : 1, "6 -- 10" : 1, "4 -- 6" : 1, "2 -- 4" : 2, "1 -- 2" : 8, "1 -- 1" : 15, "-- 1" : 1 }
      }
    },
    "stream_method" : {
      "conns" : [0, 0],
      "in" : [0, 0],
      "out" : [0, 0],
      "mmtasks" : [0, 0, 1],
      "load" : 0.989,
      "mcount" : {
        "mcount" : { "Connection refused" : 29 }
      },
      "http_proto0" : {
        "mcount" : {
          "mcount" : { }
        }
      },
      "source_log" : {
        "delta" : [0, 0, 0]
      },
      "loggers" : {
        "brief_logger" : {
          "records" : [29, 29],
          "out" : [1307, 1313]
        }
      }
    }
  }
},
"2022-05-16 20:28:17.403 +0000" : {
  "main_scheduler" : {
    "bqs" : {
      "00053" : {
        "mmconts" : [12, 16, 22],
        "acts" : [22, 21],
        "tstate" : { "idle" : 975511, "run" : 23250, "locked" : 0, "mmap" : 1678 }
      },
      "00054" : {
        "mmconts" : [11, 16, 21],
        "acts" : [21, 20],
        "tstate" : { "idle" : 979752, "run" : 18903, "locked" : 0, "mmap" : 1786 }
      },
      "00055" : {
        "mmconts" : [11, 15, 21],
        "acts" : [19, 18],
        "tstate" : { "idle" : 978520, "run" : 19686, "locked" : 0, "mmap" : 2235 }
      }
    }
  },
  "benchmark_io" : {
    "simple_times" : {
      "mcount" : {
        "mcount" : { "1 -- 2" : 2, "1 -- 1" : 15, "-- 1" : 13 }
      }
    },
    "stream_method" : {
      "conns" : [0, 0],
      "in" : [0, 0],
      "out" : [0, 0],
      "mmtasks" : [0, 0, 1],
      "load" : 0.990,
      "mcount" : {
        "mcount" : { "Connection refused" : 30 }
      },
      "http_proto0" : {
        "mcount" : {
          "mcount" : { }
        }
      },
      "source_log" : {
        "delta" : [0, 0, 0]
      },
      "loggers" : {
        "brief_logger" : {
          "records" : [30, 29],
          "out" : [1315, 1314]
        }
      }
    }
  }
},
"2022-05-16 20:28:18.366 +0000" : {
  "main_scheduler" : {
    "bqs" : {
      "00053" : {
        "mmconts" : [2, 7, 12],
        "acts" : [21, 21],
        "tstate" : { "idle" : 935817, "run" : 25257, "locked" : 0, "mmap" : 2749 }
      },
      "00054" : {
        "mmconts" : [1, 6, 11],
        "acts" : [20, 20],
        "tstate" : { "idle" : 942783, "run" : 19558, "locked" : 0, "mmap" : 1492 }
      },
      "00055" : {
        "mmconts" : [1, 5, 11],
        "acts" : [21, 21],
        "tstate" : { "idle" : 940076, "run" : 21838, "locked" : 0, "mmap" : 1919 }
      }
    }
  },
  "benchmark_io" : {
    "simple_times" : {
      "mcount" : {
        "mcount" : { "1 -- 2" : 2, "1 -- 1" : 23, "-- 1" : 4 }
      }
    },
    "stream_method" : {
      "conns" : [0, 0],
      "in" : [0, 0],
      "out" : [0, 0],
      "mmtasks" : [0, 0, 1],
      "load" : 0.990,
      "mcount" : {
        "mcount" : { "Connection refused" : 29 }
      },
      "http_proto0" : {
        "mcount" : {
          "mcount" : { }
        }
      },
      "source_log" : {
        "delta" : [0, 0, 0]
      },
      "loggers" : {
        "brief_logger" : {
          "records" : [29, 30],
          "out" : [1292, 1340]
        }
      }
    }
  }
}