1652732838.597		40995	40995	0	0	0	665	0	0	111	0
1652732838.409		243886	243886	0	0	0	242066	0	0	111	0
1652732838.790		1487	1487	0	0	0	45	0	0	111	0
1652732838.982		1916	1916	0	0	0	33	0	0	111	0
1652732839.171		2006	2006	0	0	0	18	0	0	111	0
1652732839.358		2314	2314	0	0	0	15	0	0	111	0
1652732839.542		1794	1794	0	0	0	38	0	0	111	0
1652732839.723		2244	2244	0	0	0	26	0	0	111	0
1652732839.902		947	947	0	0	0	12	0	0	111	0
1652732840.079		1937	1937	0	0	0	52	0	0	111	0
1652732840.252		753	753	0	0	0	17	0	0	111	0
1652732840.425		1168	1168	0	0	0	12	0	0	111	0
1652732840.594		1226	1226	0	0	0	14	0	0	111	0
1652732840.763		1278	1278	0	0	0	15	0	0	111	0
1652732840.929		2376	2376	0	0	0	19	0	0	111	0
1652732841.093		1066	1066	0	0	0	13	0	0	111	0
1652732841.256		1148	1148	0	0	0	12	0	0	111	0
1652732841.416		1094	1094	0	0	0	9	0	0	111	0
1652732841.575		1251	1251	0	0	0	13	0	0	111	0
1652732841.733		3206	3206	0	0	0	35	0	0	111	0
1652732841.888		1416	1416	0	0	0	15	0	0	111	0
1652732842.042		1248	1248	0	0	0	17	0	0	111	0
1652732842.194		2582	2582	0	0	0	186	0	0	111	0
1652732842.345		3891	3891	0	0	0	14	0	0	111	0
1652732842.495		2069	2069	0	0	0	21	0	0	111	0
1652732842.645		1673	1673	0	0	0	14	0	0	111	0
1652732842.792		1065	1065	0	0	0	11	0	0	111	0
1652732842.936		2382	2382	0	0	0	27	0	0	111	0
1652732843.082		1675	1675	0	0	0	13	0	0	111	0
1652732843.225		1721	1721	0	0	0	20	0	0	111	0
1652732843.367		1356	1356	0	0	0	27	0	0	111	0
1652732843.507		1451	1451	0	0	0	13	0	0	111	0
1652732843.648		1410	1410	0	0	0	13	0	0	111	0
1652732843.785		1007	1007	0	0	0	13	0	0	111	0
1652732843.924		1962	1962	0	0	0	24	0	0	111	0
1652732844.060		22074	22074	0	0	0	66	0	0	111	0
1652732844.195		2473	2473	0	0	0	31	0	0	111	0
1652732844.329		1712	1712	0	0	0	23	0	0	111	0
1652732844.463		2814	2814	0	0	0	18	0	0	111	0
1652732844.595		1322	1322	0	0	0	25	0	0	111	0
1652732844.727		1882	1882	0	0	0	21	0	0	111	0
1652732844.857		851	851	0	0	0	15	0	0	111	0
1652732844.986		1573	1573	0	0	0	14	0	0	111	0
1652732845.115		830	830	0	0	0	12	0	0	111	0
1652732845.242		1608	1608	0	0	0	15	0	0	111	0
1652732845.370		1492	1492	0	0	0	30	0	0	111	0
1652732845.495		1494	1494	0	0	0	16	0	0	111	0
1652732845.621		2541	2541	0	0	0	22	0	0	111	0
1652732845.746		927	927	0	0	0	12	0	0	111	0
1652732845.869		1426	1426	0	0	0	14	0	0	111	0
1652732845.991		1282	1282	0	0	0	13	0	0	111	0
1652732846.115		1415	1415	0	0	0	20	0	0	111	0
1652732846.235		1859	1859	0	0	0	14	0	0	111	0
1652732846.355		1742	1742	0	0	0	20	0	0	111	0
1652732846.476		1244	1244	0	0	0	12	0	0	111	0
1652732846.595		1052	1052	0	0	0	11	0	0	111	0
1652732846.714		1088	1088	0	0	0	21	0	0	111	0
1652732846.832		1033	1033	0	0	0	24	0	0	111	0
1652732846.948		1261	1261	0	0	0	13	0	0	111	0
1652732847.064		2265	2265	0	0	0	13	0	0	111	0
1652732847.180		997	997	0	0	0	10	0	0	111	0
1652732847.296		896	896	0	0	0	10	0	0	111	0
1652732847.410		1010	1010	0	0	0	34	0	0	111	0
1652732847.525		1540	1540	0	0	0	27	0	0	111	0
1652732847.638		1718	1718	0	0	0	34	0	0	111	0
1652732847.750		1363	1363	0	0	0	17	0	0	111	0
1652732847.863		2034	2034	0	0	0	20	0	0	111	0
1652732847.976		1350	1350	0	0	0	19	0	0	111	0
1652732848.084		1440	1440	0	0	0	35	0	0	111	0
1652732848.196		2039	2039	0	0	0	17	0	0	111	0
1652732848.305		1656	1656	0	0	0	15	0	0	111	0
1652732848.415		1151	1151	0	0	0	14	0	0	111	0
1652732848.523		808	808	0	0	0	11	0	0	111	0
1652732848.632		1447	1447	0	0	0	14	0	0	111	0
1652732848.738		1160	1160	0	0	0	14	0	0	111	0
1652732848.846		993	993	0	0	0	27	0	0	111	0
1652732848.953		1045	1045	0	0	0	22	0	0	111	0
1652732849.059		1154	1154	0	0	0	8	0	0	111	0
1652732849.164		944	944	0	0	0	7	0	0	111	0
1652732849.270		779	779	0	0	0	10	0	0	111	0
1652732849.375		1071	1071	0	0	0	16	0	0	111	0
1652732849.479		1646	1646	0	0	0	14	0	0	111	0
1652732849.583		1008	1008	0	0	0	12	0	0	111	0
1652732849.686		1141	1141	0	0	0	12	0	0	111	0
1652732849.789		1054	1054	0	0	0	12	0	0	111	0
1652732849.891		2130	2130	0	0	0	11	0	0	111	0
1652732849.993		1020	1020	0	0	0	15	0	0	111	0
1652732850.094		777	777	0	0	0	35	0	0	111	0
1652732850.196		1852	1852	0	0	0	52	0	0	111	0
1652732850.296		1396	1396	0	0	0	16	0	0	111	0
1652732850.396		889	889	0	0	0	13	0	0	111	0
1652732850.496		1147	1147	0	0	0	17	0	0	111	0
1652732850.595		900	900	0	0	0	31	0	0	111	0
1652732850.694		889	889	0	0	0	24	0	0	111	0
1652732850.792		789	789	0	0	0	21	0	0	111	0
1652732850.891		4153	4153	0	0	0	14	0	0	111	0
1652732850.989		1214	1214	0	0	0	13	0	0	111	0
1652732851.086		812	812	0	0	0	12	0	0	111	0
1652732851.184		1057	1057	0	0	0	18	0	0	111	0
1652732851.279		1056	1056	0	0	0	24	0	0	111	0
1652732851.376		1664	1664	0	0	0	70	0	0	111	0
1652732851.471		1062	1062	0	0	0	12	0	0	111	0
1652732851.567		1153	1153	0	0	0	48	0	0	111	0
1652732851.663		952	952	0	0	0	15	0	0	111	0
1652732851.758		983	983	0	0	0	11	0	0	111	0
1652732851.851		710	710	0	0	0	19	0	0	111	0
1652732851.946		1179	1179	0	0	0	24	0	0	111	0
1652732852.039		1224	1224	0	0	0	15	0	0	111	0
1652732852.134		1145	1145	0	0	0	13	0	0	111	0
1652732852.227		1038	1038	0	0	0	12	0	0	111	0
1652732852.318		936	936	0	0	0	11	0	0	111	0
1652732852.412		818	818	0	0	0	19	0	0	111	0
1652732852.503		1152	1152	0	0	0	10	0	0	111	0
1652732852.595		1316	1316	0	0	0	13	0	0	111	0
1652732852.687		1284	1284	0	0	0	13	0	0	111	0
1652732852.778		1167	1167	0	0	0	13	0	0	111	0
1652732852.868		1024	1024	0	0	0	12	0	0	111	0
1652732852.960		1527	1527	0	0	0	17	0	0	111	0
1652732853.050		1420	1420	0	0	0	12	0	0	111	0
1652732853.139		801	801	0	0	0	15	0	0	111	0
1652732853.229		801	801	0	0	0	16	0	0	111	0
1652732853.318		1461	1461	0	0	0	14	0	0	111	0
1652732853.408		1266	1266	0	0	0	20	0	0	111	0
1652732853.496		916	916	0	0	0	14	0	0	111	0
1652732853.584		1051	1051	0	0	0	12	0	0	111	0
1652732853.673		914	914	0	0	0	14	0	0	111	0
1652732853.760		1190	1190	0	0	0	17	0	0	111	0
1652732853.848		1047	1047	0	0	0	16	0	0	111	0
1652732853.936		1095	1095	0	0	0	12	0	0	111	0
1652732854.023		997	997	0	0	0	14	0	0	111	0
1652732854.108		1204	1204	0	0	0	13	0	0	111	0
1652732854.196		1866	1866	0	0	0	20	0	0	111	0
1652732854.281		728	728	0	0	0	8	0	0	111	0
1652732854.368		1162	1162	0	0	0	18	0	0	111	0
1652732854.454		1201	1201	0	0	0	13	0	0	111	0
1652732854.539		1898	1898	0	0	0	50	0	0	111	0
1652732854.624		1210	1210	0	0	0	12	0	0	111	0
1652732854.708		3393	3393	0	0	0	35	0	0	111	0
1652732854.794		2158	2158	0	0	0	25	0	0	111	0
1652732854.878		1051	1051	0	0	0	12	0	0	111	0
1652732854.962		2571	2571	0	0	0	16	0	0	111	0
1652732855.046		1101	1101	0	0	0	22	0	0	111	0
1652732855.129		1496	1496	0	0	0	258	0	0	111	0
1652732855.213		2321	2321	0	0	0	15	0	0	111	0
1652732855.296		955	955	0	0	0	11	0	0	111	0
1652732855.379		1034	1034	0	0	0	18	0	0	111	0
1652732855.461		983	983	0	0	0	25	0	0	111	0
1652732855.543		766	766	0	0	0	9	0	0	111	0
1652732855.627		1841	1841	0	0	0	14	0	0	111	0
1652732855.708		1349	1349	0	0	0	19	0	0	111	0
1652732855.790		1008	1008	0	0	0	10	0	0	111	0
1652732855.872		1880	1880	0	0	0	14	0	0	111	0
1652732855.953		1438	1438	0	0	0	13	0	0	111	0
1652732856.033		1165	1165	0	0	0	27	0	0	111	0
1652732856.115		1249	1249	0	0	0	27	0	0	111	0
1652732856.196		1387	1387	0	0	0	14	0	0	111	0
1652732856.275		1026	1026	0	0	0	9	0	0	111	0
1652732856.356		869	869	0	0	0	8	0	0	111	0
1652732856.436		745	745	0	0	0	9	0	0	111	0
1652732856.516		1158	1158	0	0	0	17	0	0	111	0
1652732856.596		997	997	0	0	0	31	0	0	111	0
1652732856.675		1037	1037	0	0	0	14	0	0	111	0
1652732856.754		838	838	0	0	0	9	0	0	111	0
1652732856.832		1289	1289	0	0	0	11	0	0	111	0
1652732856.912		1511	1511	0	0	0	14	0	0	111	0
1652732856.990		1829	1829	0	0	0	37	0	0	111	0
1652732857.068		1177	1177	0	0	0	25	0	0	111	0
1652732857.147		1528	1528	0	0	0	22	0	0	111	0
1652732857.224		1279	1279	0	0	0	12	0	0	111	0
1652732857.302		1546	1546	0	0	0	28	0	0	111	0
1652732857.380		2834	2834	0	0	0	33	0	0	111	0
1652732857.458		1488	1488	0	0	0	21	0	0	111	0
1652732857.535		934	934	0	0	0	25	0	0	111	0
1652732857.611		1622	1622	0	0	0	16	0	0	111	0
1652732857.689		1195	1195	0	0	0	17	0	0	111	0
1652732857.764		1167	1167	0	0	0	21	0	0	111	0
1652732857.841		803	803	0	0	0	9	0	0	111	0
1652732857.918		846	846	0	0	0	12	0	0	111	0
1652732857.994		881	881	0	0	0	12	0	0	111	0
1652732858.070		1017	1017	0	0	0	10	0	0	111	0
1652732858.146		1159	1159	0	0	0	13	0	0	111	0
1652732858.221		1431	1431	0	0	0	13	0	0	111	0
1652732858.295		1269	1269	0	0	0	48	0	0	111	0
1652732858.370		1522	1522	0	0	0	14	0	0	111	0
1652732858.446		1228	1228	0	0	0	10	0	0	111	0
1652732858.521		1256	1256	0	0	0	9	0	0	111	0
1652732858.595		962	962	0	0	0	16	0	0	111	0
1652732858.670		1986	1986	0	0	0	17	0	0	111	0
1652732858.745		1664	1664	0	0	0	19	0	0	111	0
1652732858.818		1570	1570	0	0	0	24	0	0	111	0
1652732858.893		1131	1131	0	0	0	25	0	0	111	0
1652732858.966		1499	1499	0	0	0	10	0	0	111	0
1652732859.039		989	989	0	0	0	13	0	0	111	0
1652732859.112		2256	2256	0	0	0	14	0	0	111	0
1652732859.187		1395	1395	0	0	0	14	0	0	111	0
1652732859.259		1287	1287	0	0	0	25	0	0	111	0
1652732859.332		1441	1441	0	0	0	57	0	0	111	0
1652732859.405		894	894	0	0	0	12	0	0	111	0
1652732859.477		1320	1320	0	0	0	12	0	0	111	0
1652732859.551		1195	1195	0	0	0	15	0	0	111	0
1652732859.623		1079	1079	0	0	0	17	0	0	111	0
1652732859.695		1410	1410	0	0	0	15	0	0	111	0
1652732859.767		1275	1275	0	0	0	13	0	0	111	0
1652732859.838		1362	1362	0	0	0	16	0	0	111	0
1652732859.910		1320	1320	0	0	0	14	0	0	111	0
1652732859.982		1298	1298	0	0	0	11	0	0	111	0
1652732860.054		965	965	0	0	0	12	0	0	111	0
1652732860.124		1063	1063	0	0	0	16	0	0	111	0
1652732860.196		1666	1666	0	0	0	16	0	0	111	0
1652732860.266		2686	2686	0	0	0	21	0	0	111	0
1652732860.338		1252	1252	0	0	0	33	0	0	111	0
1652732860.408		1767	1767	0	0	0	22	0	0	111	0
1652732860.479		1602	1602	0	0	0	25	0	0	111	0
1652732860.549		1183	1183	0	0	0	26	0	0	111	0
1652732860.618		1560	1560	0	0	0	19	0	0	111	0
1652732860.689		1436	1436	0	0	0	27	0	0	111	0
1652732860.759		1249	1249	0	0	0	14	0	0	111	0
1652732860.828		1277	1277	0	0	0	14	0	0	111	0
1652732860.899		1657	1657	0	0	0	103	0	0	111	0
1652732860.967		1411	1411	0	0	0	23	0	0	111	0
1652732861.037		1308	1308	0	0	0	22	0	0	111	0
1652732861.107		1467	1467	0	0	0	15	0	0	111	0
1652732861.175		683	683	0	0	0	9	0	0	111	0
1652732861.245		953	953	0	0	0	7	0	0	111	0
1652732861.314		882	882	0	0	0	21	0	0	111	0
1652732861.381		993	993	0	0	0	15	0	0	111	0
1652732861.451		1080	1080	0	0	0	13	0	0	111	0
1652732861.519		1433	1433	0	0	0	14	0	0	111	0
1652732861.586		1410	1410	0	0	0	15	0	0	111	0
1652732861.655		1266	1266	0	0	0	12	0	0	111	0
1652732861.724		918	918	0	0	0	8	0	0	111	0
1652732861.791		925	925	0	0	0	10	0	0	111	0
1652732861.858		1302	1302	0	0	0	20	0	0	111	0
1652732861.927		832	832	0	0	0	21	0	0	111	0
1652732861.994		1182	1182	0	0	0	20	0	0	111	0
1652732862.062		1296	1296	0	0	0	12	0	0	111	0
1652732862.129		684	684	0	0	0	10	0	0	111	0
1652732862.196		712	712	0	0	0	8	0	0	111	0
1652732862.262		864	864	0	0	0	17	0	0	111	0
1652732862.330		3061	3061	0	0	0	15	0	0	111	0
1652732862.398		5373	5373	0	0	0	83	0	0	111	0
1652732862.464		3537	3537	0	0	0	24	0	0	111	0
1652732862.530		2788	2788	0	0	0	169	0	0	111	0
1652732862.595		2392	2392	0	0	0	18	0	0	111	0
1652732862.662		2065	2065	0	0	0	21	0	0	111	0
1652732862.728		1672	1672	0	0	0	24	0	0	111	0
1652732862.794		1291	1291	0	0	0	17	0	0	111	0
1652732862.860		1563	1563	0	0	0	14	0	0	111	0
1652732862.927		2040	2040	0	0	0	25	0	0	111	0
1652732862.991		4015	4015	0	0	0	34	0	0	111	0
1652732863.057		2385	2385	0	0	0	51	0	0	111	0
1652732863.123		2167	2167	0	0	0	44	0	0	111	0
1652732863.188		997	997	0	0	0	11	0	0	111	0
1652732863.252		1040	1040	0	0	0	11	0	0	111	0
1652732863.318		1189	1189	0	0	0	28	0	0	111	0
1652732863.383		2439	2439	0	0	0	72	0	0	111	0
1652732863.448		1306	1306	0	0	0	58	0	0	111	0
1652732863.512		1264	1264	0	0	0	19	0	0	111	0
1652732863.576		1517	1517	0	0	0	18	0	0	111	0
1652732863.642		1633	1633	0	0	0	12	0	0	111	0
1652732863.706		874	874	0	0	0	17	0	0	111	0
1652732863.769		1376	1376	0	0	0	36	0	0	111	0
1652732863.836		1110	1110	0	0	0	31	0	0	111	0
1652732863.899		1079	1079	0	0	0	14	0	0	111	0
1652732863.961		1445	1445	0	0	0	13	0	0	111	0
1652732864.026		1133	1133	0	0	0	13	0	0	111	0
1652732864.090		1139	1139	0	0	0	35	0	0	111	0
1652732864.154		2822	2822	0	0	0	15	0	0	111	0
1652732864.217		5547	5547	0	0	0	101	0	0	111	0
1652732864.280		1839	1839	0	0	0	24	0	0	111	0
1652732864.344		1837	1837	0	0	0	21	0	0	111	0
1652732864.407		1064	1064	0	0	0	11	0	0	111	0
1652732864.469		1521	1521	0	0	0	18	0	0	111	0
1652732864.533		1566	1566	0	0	0	14	0	0	111	0
1652732864.596		1591	1591	0	0	0	13	0	0	111	0
1652732864.658		1125	1125	0	0	0	15	0	0	111	0
1652732864.721		1584	1584	0	0	0	13	0	0	111	0
1652732864.783		1475	1475	0	0	0	13	0	0	111	0
1652732864.845		1051	1051	0	0	0	37	0	0	111	0
1652732864.908		1230	1230	0	0	0	33	0	0	111	0
1652732864.970		1055	1055	0	0	0	27	0	0	111	0
1652732865.032		978	978	0	0	0	71	0	0	111	0
1652732865.095		1977	1977	0	0	0	37	0	0	111	0
1652732865.157		9110	9110	0	0	0	42	0	0	111	0
1652732865.219		2232	2232	0	0	0	61	0	0	111	0
1652732865.281		1276	1276	0	0	0	14	0	0	111	0
1652732865.342		2073	2073	0	0	0	43	0	0	111	0
1652732865.404		1843	1843	0	0	0	16	0	0	111	0
1652732865.466		1139	1139	0	0	0	14	0	0	111	0
1652732865.526		1002	1002	0	0	0	13	0	0	111	0
1652732865.587		3799	3799	0	0	0	15	0	0	111	0
1652732865.650		1446	1446	0	0	0	21	0	0	111	0
1652732865.711		1795	1795	0	0	0	26	0	0	111	0
1652732865.772		1340	1340	0	0	0	26	0	0	111	0
1652732865.832		1013	1013	0	0	0	12	0	0	111	0
1652732865.893		1915	1915	0	0	0	31	0	0	111	0
1652732865.953		1587	1587	0	0	0	27	0	0	111	0
1652732866.018		19402	19402	0	0	0	16989	0	0	111	0
1652732866.074		1215	1215	0	0	0	38	0	0	111	0
1652732866.136		1378	1378	0	0	0	22	0	0	111	0
1652732866.196		1442	1442	0	0	0	13	0	0	111	0
1652732866.255		1336	1336	0	0	0	11	0	0	111	0
1652732866.316		1174	1174	0	0	0	18	0	0	111	0
1652732866.375		1194	1194	0	0	0	19	0	0	111	0
1652732866.436		1211	1211	0	0	0	10	0	0	111	0
1652732866.496		1376	1376	0	0	0	17	0	0	111	0
1652732866.556		865	865	0	0	0	12	0	0	111	0
1652732866.616		1298	1298	0	0	0	12	0	0	111	0
1652732866.675		1566	1566	0	0	0	15	0	0	111	0
1652732866.735		1317	1317	0	0	0	35	0	0	111	0
1652732866.795		1539	1539	0	0	0	37	0	0	111	0
1652732866.854		1181	1181	0	0	0	15	0	0	111	0
1652732866.912		1235	1235	0	0	0	13	0	0	111	0
1652732866.972		1223	1223	0	0	0	17	0	0	111	0
1652732867.031		1151	1151	0	0	0	19	0	0	111	0
1652732867.089		978	978	0	0	0	15	0	0	111	0
1652732867.149		813	813	0	0	0	22	0	0	111	0
1652732867.207		804	804	0	0	0	10	0	0	111	0
1652732867.266		836	836	0	0	0	8	0	0	111	0
1652732867.326		842	842	0	0	0	9	0	0	111	0
1652732867.384		1111	1111	0	0	0	14	0	0	111	0
1652732867.442		1015	1015	0	0	0	101	0	0	111	0
1652732867.501		1640	1640	0	0	0	15	0	0	111	0
1652732867.559		1426	1426	0	0	0	15	0	0	111	0
1652732867.617		1862	1862	0	0	0	18	0	0	111	0
1652732867.676		1200	1200	0	0	0	12	0	0	111	0
1652732867.734		869	869	0	0	0	12	0	0	111	0
1652732867.791		1157	1157	0	0	0	37	0	0	111	0
1652732867.850		881	881	0	0	0	32	0	0	111	0
1652732867.908		1468	1468	0	0	0	40	0	0	111	0
1652732867.965		1203	1203	0	0	0	55	0	0	111	0
1652732868.023		990	990	0	0	0	12	0	0	111	0
1652732868.081		903	903	0	0	0	10	0	0	111	0
1652732868.139		844	844	0	0	0	15	0	0	111	0
1652732868.196		1464	1464	0	0	0	426	0	0	111	0
1652732868.252		1753	1753	0	0	0	9	0	0	111	0
1652732868.311		1136	1136	0	0	0	14	0	0	111	0
1652732868.368		1068	1068	0	0	0	12	0	0	111	0
1652732868.425		989	989	0	0	0	13	0	0	111	0
1652732868.482		1145	1145	0	0	0	14	0	0	111	0
1652732868.538		1903	1903	0	0	0	15	0	0	111	0
1652732868.595		1048	1048	0	0	0	11	0	0	111	0
1652732868.652		1259	1259	0	0	0	10	0	0	111	0
1652732868.709		1098	1098	0	0	0	12	0	0	111	0
1652732868.766		1163	1163	0	0	0	15	0	0	111	0
1652732868.823		1015	1015	0	0	0	14	0	0	111	0
1652732868.879		910	910	0	0	0	13	0	0	111	0
1652732868.936		1302	1302	0	0	0	12	0	0	111	0
1652732868.992		843	843	0	0	0	12	0	0	111	0
1652732869.048		1001	1001	0	0	0	10	0	0	111	0
1652732869.104		1004	1004	0	0	0	19	0	0	111	0
1652732869.161		831	831	0	0	0	10	0	0	111	0
1652732869.217		720	720	0	0	0	8	0	0	111	0
1652732869.272		855	855	0	0	0	8	0	0	111	0
1652732869.329		807	807	0	0	0	7	0	0	111	0
1652732869.385		1020	1020	0	0	0	12	0	0	111	0
1652732869.441		1356	1356	0	0	0	13	0	0	111	0
1652732869.495		1447	1447	0	0	0	23	0	0	111	0
1652732869.551		861	861	0	0	0	9	0	0	111	0
1652732869.607		777	777	0	0	0	12	0	0	111	0
1652732869.663		1145	1145	0	0	0	9	0	0	111	0
1652732869.719		1044	1044	0	0	0	12	0	0	111	0
1652732869.774		858	858	0	0	0	10	0	0	111	0
1652732869.829		1093	1093	0	0	0	18	0	0	111	0
1652732869.884		825	825	0	0	0	24	0	0	111	0
1652732869.940		2119	2119	0	0	0	14	0	0	111	0
1652732869.994		1307	1307	0	0	0	13	0	0	111	0
1652732870.050		1265	1265	0	0	0	13	0	0	111	0
1652732870.105		1126	1126	0	0	0	15	0	0	111	0
1652732870.159		1569	1569	0	0	0	14	0	0	111	0
1652732870.213		1663	1663	0	0	0	13	0	0	111	0
1652732870.269		1049	1049	0	0	0	14	0	0	111	0
1652732870.323		1454	1454	0	0	0	32	0	0	111	0
1652732870.377		884	884	0	0	0	54	0	0	111	0
1652732870.433		1088	1088	0	0	0	15	0	0	111	0
1652732870.487		1078	1078	0	0	0	11	0	0	111	0
1652732870.542		962	962	0	0	0	12	0	0	111	0
1652732870.596		863	863	0	0	0	10	0	0	111	0
1652732870.650		886	886	0	0	0	8	0	0	111	0
1652732870.705		1346	1346	0	0	0	14	0	0	111	0
1652732870.758		865	865	0	0	0	9	0	0	111	0
1652732870.813		1513	1513	0	0	0	16	0	0	111	0
1652732870.866		1412	1412	0	0	0	15	0	0	111	0
1652732870.921		905	905	0	0	0	14	0	0	111	0
1652732870.975		1884	1884	0	0	0	15	0	0	111	0
1652732871.027		911	911	0	0	0	13	0	0	111	0
1652732871.082		1224	1224	0	0	0	12	0	0	111	0
1652732871.136		1169	1169	0	0	0	14	0	0	111	0
1652732871.189		1654	1654	0	0	0	14	0	0	111	0
1652732871.242		1214	1214	0	0	0	11	0	0	111	0
1652732871.295		850	850	0	0	0	42	0	0	111	0
1652732871.349		1660	1660	0	0	0	17	0	0	111	0
1652732871.403		1162	1162	0	0	0	11	0	0	111	0
1652732871.455		919	919	0	0	0	9	0	0	111	0
1652732871.509		988	988	0	0	0	7	0	0	111	0
1652732871.563		828	828	0	0	0	9	0	0	111	0
1652732871.615		1888	1888	0	0	0	17	0	0	111	0
1652732871.668		2218	2218	0	0	0	13	0	0	111	0
1652732871.721		1504	1504	0	0	0	36	0	0	111	0
1652732871.775		1285	1285	0	0	0	14	0	0	111	0
1652732871.828		1085	1085	0	0	0	19	0	0	111	0
1652732871.881		1248	1248	0	0	0	14	0	0	111	0
1652732871.933		983	983	0	0	0	18	0	0	111	0
1652732871.985		895	895	0	0	0	7	0	0	111	0
1652732872.039		1247	1247	0	0	0	11	0	0	111	0
1652732872.091		1179	1179	0	0	0	13	0	0	111	0
1652732872.144		812	812	0	0	0	13	0	0	111	0
1652732872.208		1796	1796	0	0	0	15	0	0	111	0
1652732872.247		1421	1421	0	0	0	52	0	0	111	0
1652732872.301		1200	1200	0	0	0	12	0	0	111	0
1652732872.352		1184	1184	0	0	0	18	0	0	111	0
1652732872.405		821	821	0	0	0	69	0	0	111	0
1652732872.457		947	947	0	0	0	8	0	0	111	0
1652732872.509		796	796	0	0	0	9	0	0	111	0
1652732872.561		934	934	0	0	0	10	0	0	111	0
1652732872.613		856	856	0	0	0	8	0	0	111	0
1652732872.665		668	668	0	0	0	13	0	0	111	0
1652732872.716		1313	1313	0	0	0	12	0	0	111	0
1652732872.768		1391	1391	0	0	0	12	0	0	111	0
1652732872.820		854	854	0	0	0	12	0	0	111	0
1652732872.872		875	875	0	0	0	5	0	0	111	0
1652732872.924		838	838	0	0	0	7	0	0	111	0
1652732872.975		872	872	0	0	0	12	0	0	111	0
1652732873.027		968	968	0	0	0	8	0	0	111	0
1652732873.078		793	793	0	0	0	6	0	0	111	0
1652732873.129		1073	1073	0	0	0	11	0	0	111	0
1652732873.180		896	896	0	0	0	13	0	0	111	0
1652732873.232		966	966	0	0	0	12	0	0	111	0
1652732873.284		1217	1217	0	0	0	11	0	0	111	0
1652732873.335		1363	1363	0	0	0	102	0	0	111	0
1652732873.386		1187	1187	0	0	0	14	0	0	111	0
1652732873.437		1344	1344	0	0	0	13	0	0	111	0
1652732873.488		1827	1827	0	0	0	7	0	0	111	0
1652732873.539		971	971	0	0	0	7	0	0	111	0
1652732873.590		1019	1019	0	0	0	8	0	0	111	0
1652732873.641		817	817	0	0	0	6	0	0	111	0
1652732873.690		902	902	0	0	0	11	0	0	111	0
1652732873.742		1250	1250	0	0	0	14	0	0	111	0
1652732873.793		1539	1539	0	0	0	12	0	0	111	0
1652732873.843		1242	1242	0	0	0	12	0	0	111	0
1652732873.893		1619	1619	0	0	0	18	0	0	111	0
1652732873.944		1092	1092	0	0	0	11	0	0	111	0
1652732873.994		869	869	0	0	0	6	0	0	111	0
1652732874.044		776	776	0	0	0	13	0	0	111	0
1652732874.095		1005	1005	0	0	0	10	0	0	111	0
1652732874.145		1493	1493	0	0	0	13	0	0	111	0
1652732874.196		1150	1150	0	0	0	14	0	0	111	0
1652732874.246		1128	1128	0	0	0	12	0	0	111	0
1652732874.296		1617	1617	0	0	0	11	0	0	111	0
1652732874.345		1485	1485	0	0	0	12	0	0	111	0
1652732874.397		1038	1038	0	0	0	13	0	0	111	0
1652732874.446		1652	1652	0	0	0	17	0	0	111	0
1652732874.495		1163	1163	0	0	0	11	0	0	111	0
1652732874.545		1354	1354	0	0	0	22	0	0	111	0
1652732874.596		981	981	0	0	0	10	0	0	111	0
1652732874.646		1037	1037	0	0	0	26	0	0	111	0
1652732874.696		1142	1142	0	0	0	14	0	0	111	0
1652732874.745		1277	1277	0	0	0	24	0	0	111	0
1652732874.795		1282	1282	0	0	0	21	0	0	111	0
1652732874.844		1204	1204	0	0	0	19	0	0	111	0
1652732874.894		1509	1509	0	0	0	15	0	0	111	0
1652732874.943		828	828	0	0	0	14	0	0	111	0
1652732874.992		819	819	0	0	0	9	0	0	111	0
1652732875.042		2108	2108	0	0	0	14	0	0	111	0
1652732875.091		1038	1038	0	0	0	19	0	0	111	0
1652732875.141		1129	1129	0	0	0	18	0	0	111	0
1652732875.190		1731	1731	0	0	0	20	0	0	111	0
1652732875.239		1194	1194	0	0	0	14	0	0	111	0
1652732875.287		1069	1069	0	0	0	12	0	0	111	0
1652732875.337		1622	1622	0	0	0	14	0	0	111	0
1652732875.386		1341	1341	0	0	0	13	0	0	111	0
1652732875.434		968	968	0	0	0	15	0	0	111	0
1652732875.484		912	912	0	0	0	20	0	0	111	0
1652732875.533		1362	1362	0	0	0	23	0	0	111	0
1652732875.582		1278	1278	0	0	0	12	0	0	111	0
1652732875.631		827	827	0	0	0	10	0	0	111	0
1652732875.679		994	994	0	0	0	13	0	0	111	0
1652732875.728		1002	1002	0	0	0	30	0	0	111	0
1652732875.777		1437	1437	0	0	0	26	0	0	111	0
1652732875.825		1079	1079	0	0	0	11	0	0	111	0
1652732875.874		2040	2040	0	0	0	18	0	0	111	0
1652732875.922		1655	1655	0	0	0	27	0	0	111	0
1652732875.971		1401	1401	0	0	0	26	0	0	111	0
1652732876.019		1007	1007	0	0	0	18	0	0	111	0
1652732876.066		1232	1232	0	0	0	14	0	0	111	0
1652732876.115		826	826	0	0	0	10	0	0	111	0
1652732876.163		803	803	0	0	0	8	0	0	111	0
1652732876.211		995	995	0	0	0	10	0	0	111	0
1652732876.260		1104	1104	0	0	0	18	0	0	111	0
1652732876.308		1439	1439	0	0	0	22	0	0	111	0
1652732876.356		751	751	0	0	0	15	0	0	111	0
1652732876.404		1166	1166	0	0	0	16	0	0	111	0
1652732876.451		1413	1413	0	0	0	12	0	0	111	0
1652732876.500		1241	1241	0	0	0	14	0	0	111	0
1652732876.547		1165	1165	0	0	0	12	0	0	111	0
1652732876.595		1026	1026	0	0	0	11	0	0	111	0
1652732876.644		1401	1401	0	0	0	20	0	0	111	0
1652732876.692		729	729	0	0	0	10	0	0	111	0
1652732876.738		1473	1473	0	0	0	13	0	0	111	0
1652732876.787		1287	1287	0	0	0	13	0	0	111	0
1652732876.835		959	959	0	0	0	12	0	0	111	0
1652732876.882		909	909	0	0	0	29	0	0	111	0
1652732876.930		993	993	0	0	0	17	0	0	111	0
1652732876.976		1140	1140	0	0	0	12	0	0	111	0
1652732877.024		1394	1394	0	0	0	21	0	0	111	0
1652732877.072		1515	1515	0	0	0	11	0	0	111	0
1652732877.119		1537	1537	0	0	0	18	0	0	111	0
1652732877.166		1109	1109	0	0	0	22	0	0	111	0
1652732877.214		926	926	0	0	0	19	0	0	111	0
1652732877.260		1239	1239	0	0	0	13	0	0	111	0
1652732877.308		1195	1195	0	0	0	11	0	0	111	0
1652732877.355		1693	1693	0	0	0	12	0	0	111	0
1652732877.401		1154	1154	0	0	0	19	0	0	111	0
1652732877.449		1293	1293	0	0	0	18	0	0	111	0
1652732877.496		1234	1234	0	0	0	8	0	0	111	0
1652732877.542		900	900	0	0	0	10	0	0	111	0
1652732877.590		1189	1189	0	0	0	12	0	0	111	0
1652732877.636		1651	1651	0	0	0	13	0	0	111	0
1652732877.684		1108	1108	0	0	0	18	0	0	111	0
1652732877.731		994	994	0	0	0	13	0	0	111	0
1652732877.776		1435	1435	0	0	0	12	0	0	111	0
1652732877.824		1100	1100	0	0	0	11	0	0	111	0
1652732877.870		1443	1443	0	0	0	16	0	0	111	0
1652732877.916		1011	1011	0	0	0	12	0	0	111	0
1652732877.964		1517	1517	0	0	0	14	0	0	111	0
1652732878.010		883	883	0	0	0	8	0	0	111	0
1652732878.056		973	973	0	0	0	7	0	0	111	0
1652732878.103		1269	1269	0	0	0	6	0	0	111	0
1652732878.149		2996	2996	0	0	0	17	0	0	111	0
1652732878.195		916	916	0	0	0	10	0	0	111	0
1652732878.241		1036	1036	0	0	0	12	0	0	111	0
1652732878.289		1214	1214	0	0	0	11	0	0	111	0
1652732878.334		1690	1690	0	0	0	15	0	0	111	0
1652732878.380		938	938	0	0	0	14	0	0	111	0
1652732878.427		1016	1016	0	0	0	10	0	0	111	0
1652732878.473		938	938	0	0	0	7	0	0	111	0
1652732878.519		837	837	0	0	0	7	0	0	111	0
1652732878.564		766	766	0	0	0	7	0	0	111	0
1652732878.611		829	829	0	0	0	8	0	0	111	0
1652732878.656		1246	1246	0	0	0	11	0	0	111	0
1652732878.703		1255	1255	0	0	0	14	0	0	111	0
1652732878.749		1572	1572	0	0	0	84	0	0	111	0
1652732878.794		5147	5147	0	0	0	24	0	0	111	0
1652732878.841		1173	1173	0	0	0	17	0	0	111	0
1652732878.886		1772	1772	0	0	0	18	0	0	111	0
1652732878.931		1322	1322	0	0	0	12	0	0	111	0
1652732878.978		1153	1153	0	0	0	13	0	0	111	0
1652732879.022		907	907	0	0	0	11	0	0	111	0
1652732879.069		789	789	0	0	0	18	0	0	111	0
1652732879.114		882	882	0	0	0	9	0	0	111	0
1652732879.159		784	784	0	0	0	8	0	0	111	0
1652732879.206		1076	1076	0	0	0	7	0	0	111	0
1652732879.251		870	870	0	0	0	6	0	0	111	0
1652732879.296		1010	1010	0	0	0	12	0	0	111	0
1652732879.342		1064	1064	0	0	0	14	0	0	111	0
1652732879.387		1126	1126	0	0	0	12	0	0	111	0
1652732879.432		1048	1048	0	0	0	11	0	0	111	0
1652732879.478		899	899	0	0	0	10	0	0	111	0
1652732879.522		844	844	0	0	0	8	0	0	111	0
1652732879.568		1016	1016	0	0	0	8	0	0	111	0
1652732879.612		964	964	0	0	0	9	0	0	111	0
1652732879.658		909	909	0	0	0	7	0	0	111	0
1652732879.703		784	784	0	0	0	19	0	0	111	0
1652732879.747		1064	1064	0	0	0	10	0	0	111	0
1652732879.793		874	874	0	0	0	11	0	0	111	0
1652732879.837		1356	1356	0	0	0	14	0	0	111	0
1652732879.883		1402	1402	0	0	0	18	0	0	111	0
1652732879.928		1214	1214	0	0	0	14	0	0	111	0
1652732879.973		1094	1094	0	0	0	12	0	0	111	0
1652732880.017		1103	1103	0	0	0	13	0	0	111	0
1652732880.062		1159	1159	0	0	0	13	0	0	111	0
1652732880.106		1400	1400	0	0	0	32	0	0	111	0
1652732880.151		1278	1278	0	0	0	14	0	0	111	0
1652732880.195		1291	1291	0	0	0	13	0	0	111	0
1652732880.240		1399	1399	0	0	0	24	0	0	111	0
1652732880.285		1020	1020	0	0	0	12	0	0	111	0
1652732880.329		3119	3119	0	0	0	12	0	0	111	0
1652732880.374		1118	1118	0	0	0	18	0	0	111	0
1652732880.418		853	853	0	0	0	11	0	0	111	0
1652732880.463		836	836	0	0	0	21	0	0	111	0
1652732880.507		872	872	0	0	0	7	0	0	111	0
1652732880.551		884	884	0	0	0	11	0	0	111	0
1652732880.595		993	993	0	0	0	12	0	0	111	0
1652732880.640		1322	1322	0	0	0	12	0	0	111	0
1652732880.684		1058	1058	0	0	0	12	0	0	111	0
1652732880.729		865	865	0	0	0	23	0	0	111	0
1652732880.772		818	818	0	0	0	18	0	0	111	0
1652732880.817		1274	1274	0	0	0	13	0	0	111	0
1652732880.861		1736	1736	0	0	0	13	0	0	111	0
1652732880.904		1356	1356	0	0	0	16	0	0	111	0
1652732880.949		1412	1412	0	0	0	14	0	0	111	0
1652732880.993		1093	1093	0	0	0	20	0	0	111	0
1652732881.036		1113	1113	0	0	0	34	0	0	111	0
1652732881.081		1268	1268	0	0	0	12	0	0	111	0
1652732881.125		918	918	0	0	0	9	0	0	111	0
1652732881.169		845	845	0	0	0	7	0	0	111	0
1652732881.213		938	938	0	0	0	7	0	0	111	0
1652732881.256		875	875	0	0	0	11	0	0	111	0
1652732881.299		1133	1133	0	0	0	28	0	0	111	0
1652732881.343		1314	1314	0	0	0	13	0	0	111	0
1652732881.386		1534	1534	0	0	0	13	0	0	111	0
1652732881.430		1134	1134	0	0	0	11	0	0	111	0
1652732881.475		1927	1927	0	0	0	12	0	0	111	0
1652732881.518		1508	1508	0	0	0	15	0	0	111	0
1652732881.561		1036	1036	0	0	0	9	0	0	111	0
1652732881.604		765	765	0	0	0	7	0	0	111	0
1652732881.648		869	869	0	0	0	6	0	0	111	0
1652732881.692		2968	2968	0	0	0	22	0	0	111	0
1652732881.735		2261	2261	0	0	0	20	0	0	111	0
1652732881.779		2106	2106	0	0	0	24	0	0	111	0
1652732881.822		2120	2120	0	0	0	34	0	0	111	0
1652732881.865		2723	2723	0	0	0	18	0	0	111	0
1652732881.909		1414	1414	0	0	0	12	0	0	111	0
1652732881.951		1187	1187	0	0	0	12	0	0	111	0
1652732881.995		1646	1646	0	0	0	14	0	0	111	0
1652732882.038		1215	1215	0	0	0	22	0	0	111	0
1652732882.081		1068	1068	0	0	0	17	0	0	111	0
1652732882.123		1030	1030	0	0	0	17	0	0	111	0
1652732882.167		1126	1126	0	0	0	13	0	0	111	0
1652732882.210		882	882	0	0	0	11	0	0	111	0
1652732882.252		2814	2814	0	0	0	27	0	0	111	0
1652732882.295		2591	2591	0	0	0	20	0	0	111	0
1652732882.338		2310	2310	0	0	0	16	0	0	111	0
1652732882.381		1440	1440	0	0	0	14	0	0	111	0
1652732882.425		3743	3743	0	0	0	16	0	0	111	0
1652732882.468		3173	3173	0	0	0	17	0	0	111	0
1652732882.510		1777	1777	0	0	0	16	0	0	111	0
1652732882.552		1164	1164	0	0	0	21	0	0	111	0
1652732882.595		893	893	0	0	0	16	0	0	111	0
1652732882.639		1151	1151	0	0	0	14	0	0	111	0
1652732882.681		1438	1438	0	0	0	13	0	0	111	0
1652732882.723		1542	1542	0	0	0	13	0	0	111	0
1652732882.766		1447	1447	0	0	0	20	0	0	111	0
1652732882.809		1364	1364	0	0	0	14	0	0	111	0
1652732882.851		1614	1614	0	0	0	13	0	0	111	0
1652732882.893		1049	1049	0	0	0	12	0	0	111	0
1652732882.936		1333	1333	0	0	0	12	0	0	111	0
1652732882.979		853	853	0	0	0	8	0	0	111	0
1652732883.022		809	809	0	0	0	17	0	0	111	0
1652732883.064		709	709	0	0	0	12	0	0	111	0
1652732883.105		1093	1093	0	0	0	12	0	0	111	0
1652732883.149		1321	1321	0	0	0	12	0	0	111	0
1652732883.191		1119	1119	0	0	0	11	0	0	111	0
1652732883.232		1288	1288	0	0	0	12	0	0	111	0
1652732883.274		959	959	0	0	0	12	0	0	111	0
1652732883.316		2711	2711	0	0	0	17	0	0	111	0
1652732883.360		2219	2219	0	0	0	23	0	0	111	0
1652732883.401		1304	1304	0	0	0	13	0	0	111	0
1652732883.443		1503	1503	0	0	0	26	0	0	111	0
1652732883.486		1164	1164	0	0	0	9	0	0	111	0
1652732883.528		895	895	0	0	0	10	0	0	111	0
1652732883.570		800	800	0	0	0	7	0	0	111	0
1652732883.612		957	957	0	0	0	11	0	0	111	0
1652732883.654		1165	1165	0	0	0	13	0	0	111	0
1652732883.696		1084	1084	0	0	0	11	0	0	111	0
1652732883.738		1165	1165	0	0	0	12	0	0	111	0
1652732883.779		923	923	0	0	0	12	0	0	111	0
1652732883.820		694	694	0	0	0	8	0	0	111	0
1652732883.862		1006	1006	0	0	0	7	0	0	111	0
1652732883.905		1184	1184	0	0	0	8	0	0	111	0
1652732883.945		991	991	0	0	0	9	0	0	111	0
1652732883.987		919	919	0	0	0	8	0	0	111	0
1652732884.030		882	882	0	0	0	9	0	0	111	0
1652732884.071		912	912	0	0	0	7	0	0	111	0
1652732884.113		2458	2458	0	0	0	12	0	0	111	0
1652732884.154		935	935	0	0	0	13	0	0	111	0
1652732884.196		1197	1197	0	0	0	10	0	0	111	0
1652732884.238		1141	1141	0	0	0	10	0	0	111	0
1652732884.279		1665	1665	0	0	0	18	0	0	111	0
1652732884.321		1318	1318	0	0	0	13	0	0	111	0
1652732884.361		1119	1119	0	0	0	11	0	0	111	0
1652732884.402		1762	1762	0	0	0	12	0	0	111	0
1652732884.444		825	825	0	0	0	9	0	0	111	0
1652732884.486		1488	1488	0	0	0	8	0	0	111	0
1652732884.526		772	772	0	0	0	6	0	0	111	0
1652732884.569		921	921	0	0	0	7	0	0	111	0
1652732884.610		810	810	0	0	0	13	0	0	111	0
1652732884.650		1431	1431	0	0	0	15	0	0	111	0
1652732884.692		1106	1106	0	0	0	11	0	0	111	0
1652732884.733		1029	1029	0	0	0	10	0	0	111	0
1652732884.774		1128	1128	0	0	0	12	0	0	111	0
1652732884.816		1600	1600	0	0	0	12	0	0	111	0
1652732884.856		1404	1404	0	0	0	13	0	0	111	0
1652732884.897		917	917	0	0	0	8	0	0	111	0
1652732884.939		787	787	0	0	0	9	0	0	111	0
1652732884.980		985	985	0	0	0	11	0	0	111	0
1652732885.020		883	883	0	0	0	8	0	0	111	0
1652732885.062		865	865	0	0	0	16	0	0	111	0
1652732885.103		847	847	0	0	0	14	0	0	111	0
1652732885.142		1493	1493	0	0	0	56	0	0	111	0
1652732885.184		2098	2098	0	0	0	13	0	0	111	0
1652732885.225		1664	1664	0	0	0	20	0	0	111	0
1652732885.265		4789	4789	0	0	0	14	0	0	111	0
1652732885.307		1134	1134	0	0	0	13	0	0	111	0
1652732885.346		1131	1131	0	0	0	13	0	0	111	0
1652732885.388		916	916	0	0	0	9	0	0	111	0
1652732885.428		1171	1171	0	0	0	12	0	0	111	0
1652732885.468		1242	1242	0	0	0	11	0	0	111	0
1652732885.510		1092	1092	0	0	0	12	0	0	111	0
1652732885.551		847	847	0	0	0	7	0	0	111	0
1652732885.591		930	930	0	0	0	7	0	0	111	0
1652732885.632		1177	1177	0	0	0	12	0	0	111	0
1652732885.671		1082	1082	0	0	0	12	0	0	111	0
1652732885.713		1540	1540	0	0	0	13	0	0	111	0
1652732885.753		1458	1458	0	0	0	11	0	0	111	0
1652732885.793		1855	1855	0	0	0	15	0	0	111	0
1652732885.833		1436	1436	0	0	0	22	0	0	111	0
1652732885.874		1276	1276	0	0	0	15	0	0	111	0
1652732885.915		1415	1415	0	0	0	12	0	0	111	0
1652732885.954		697	697	0	0	0	7	0	0	111	0
1652732885.995		809	809	0	0	0	8	0	0	111	0
1652732886.035		819	819	0	0	0	7	0	0	111	0
1652732886.076		686	686	0	0	0	7	0	0	111	0
1652732886.116		1217	1217	0	0	0	11	0	0	111	0
1652732886.155		888	888	0	0	0	11	0	0	111	0
1652732886.195		1450	1450	0	0	0	10	0	0	111	0
1652732886.235		1058	1058	0	0	0	11	0	0	111	0
1652732886.275		1012	1012	0	0	0	25	0	0	111	0
1652732886.315		1200	1200	0	0	0	25	0	0	111	0
1652732886.356		736	736	0	0	0	8	0	0	111	0
1652732886.396		975	975	0	0	0	7	0	0	111	0
1652732886.436		1724	1724	0	0	0	6	0	0	111	0
1652732886.476		695	695	0	0	0	8	0	0	111	0
1652732886.516		1032	1032	0	0	0	12	0	0	111	0
1652732886.555		1334	1334	0	0	0	14	0	0	111	0
1652732886.596		1049	1049	0	0	0	12	0	0	111	0
1652732886.635		1151	1151	0	0	0	12	0	0	111	0
1652732886.675		1005	1005	0	0	0	9	0	0	111	0
1652732886.716		1112	1112	0	0	0	12	0	0	111	0
1652732886.754		1013	1013	0	0	0	12	0	0	111	0
1652732886.794		973	973	0	0	0	11	0	0	111	0
1652732886.834		1476	1476	0	0	0	34	0	0	111	0
1652732886.874		809	809	0	0	0	8	0	0	111	0
1652732886.914		713	713	0	0	0	8	0	0	111	0
1652732886.954		1082	1082	0	0	0	7	0	0	111	0
1652732886.993		920	920	0	0	0	7	0	0	111	0
1652732887.033		1048	1048	0	0	0	6	0	0	111	0
1652732887.072		1003	1003	0	0	0	6	0	0	111	0
1652732887.112		1027	1027	0	0	0	9	0	0	111	0
1652732887.152		1138	1138	0	0	0	10	0	0	111	0
1652732887.191		1313	1313	0	0	0	11	0	0	111	0
1652732887.231		1337	1337	0	0	0	10	0	0	111	0
1652732887.269		1767	1767	0	0	0	14	0	0	111	0
1652732887.309		1412	1412	0	0	0	26	0	0	111	0
1652732887.348		1567	1567	0	0	0	36	0	0	111	0
1652732887.387		1460	1460	0	0	0	25	0	0	111	0
1652732887.427		1596	1596	0	0	0	18	0	0	111	0
1652732887.467		2664	2664	0	0	0	22	0	0	111	0
1652732887.506		1810	1810	0	0	0	18	0	0	111	0
1652732887.545		1488	1488	0	0	0	13	0	0	111	0
1652732887.584		1759	1759	0	0	0	19	0	0	111	0
1652732887.623		1424	1424	0	0	0	21	0	0	111	0
1652732887.663		3725	3725	0	0	0	131	0	0	111	0
1652732887.702		8482	8482	0	0	0	634	0	0	111	0
1652732887.741		14836	14836	0	0	0	82	0	0	111	0
1652732887.782		9793	9793	0	0	0	22	0	0	111	0
1652732887.819		5310	5310	0	0	0	38	0	0	111	0
1652732887.859		1603	1603	0	0	0	29	0	0	111	0
1652732887.898		5539	5539	0	0	0	16	0	0	111	0
1652732887.937		1935	1935	0	0	0	29	0	0	111	0
1652732887.975		1666	1666	0	0	0	22	0	0	111	0
1652732888.015		5706	5706	0	0	0	46	0	0	111	0
1652732888.054		3336	3336	0	0	0	43	0	0	111	0
1652732888.093		1223	1223	0	0	0	14	0	0	111	0
1652732888.131		1770	1770	0	0	0	21	0	0	111	0
1652732888.169		1481	1481	0	0	0	16	0	0	111	0
1652732888.212		7189	7189	0	0	0	20	0	0	111	0
1652732888.253		11543	11543	0	0	0	72	0	0	111	0
1652732888.286		4013	4013	0	0	0	24	0	0	111	0
1652732888.327		5620	5620	0	0	0	83	0	0	111	0
1652732888.364		1741	1741	0	0	0	31	0	0	111	0
1652732888.403		1754	1754	0	0	0	31	0	0	111	0
1652732888.442		4436	4436	0	0	0	38	0	0	111	0
1652732888.480		2196	2196	0	0	0	39	0	0	111	0
1652732888.518		1607	1607	0	0	0	30	0	0	111	0
1652732888.558		1761	1761	0	0	0	22	0	0	111	0
1652732888.596		2273	2273	0	0	0	22	0	0	111	0
1652732888.635		1142	1142	0	0	0	16	0	0	111	0
1652732888.673		1172	1172	0	0	0	14	0	0	111	0
1652732888.712		983	983	0	0	0	14	0	0	111	0
1652732888.749		5082	5082	0	0	0	43	0	0	111	0
1652732888.788		2593	2593	0	0	0	15	0	0	111	0
1652732888.826		3141	3141	0	0	0	45	0	0	111	0
1652732888.866		2082	2082	0	0	0	25	0	0	111	0
1652732888.903		1450	1450	0	0	0	13	0	0	111	0
1652732888.941		1544	1544	0	0	0	13	0	0	111	0
1652732888.981		2782	2782	0	0	0	22	0	0	111	0
1652732889.018		1098	1098	0	0	0	12	0	0	111	0
1652732889.057		1308	1308	0	0	0	21	0	0	111	0
1652732889.096		1103	1103	0	0	0	19	0	0	111	0
1652732889.133		1350	1350	0	0	0	12	0	0	111	0
1652732889.171		1342	1342	0	0	0	13	0	0	111	0
1652732889.211		857	857	0	0	0	12	0	0	111	0
1652732889.249		1589	1589	0	0	0	23	0	0	111	0
1652732889.287		1179	1179	0	0	0	22	0	0	111	0
1652732889.325		1242	1242	0	0	0	12	0	0	111	0
1652732889.363		1355	1355	0	0	0	13	0	0	111	0
1652732889.401		1812	1812	0	0	0	17	0	0	111	0
1652732889.439		1194	1194	0	0	0	13	0	0	111	0
1652732889.477		2279	2279	0	0	0	27	0	0	111	0
1652732889.515		4365	4365	0	0	0	16	0	0	111	0
1652732889.552		1370	1370	0	0	0	14	0	0	111	0
1652732889.591		1436	1436	0	0	0	12	0	0	111	0
1652732889.628		1640	1640	0	0	0	13	0	0	111	0
1652732889.667		1899	1899	0	0	0	72	0	0	111	0
1652732889.704		1244	1244	0	0	0	14	0	0	111	0
1652732889.743		894	894	0	0	0	20	0	0	111	0
1652732889.781		2120	2120	0	0	0	17	0	0	111	0
1652732889.818		1494	1494	0	0	0	13	0	0	111	0
1652732889.856		1333	1333	0	0	0	12	0	0	111	0
1652732889.894		1316	1316	0	0	0	13	0	0	111	0
1652732889.932		988	988	0	0	0	13	0	0	111	0
1652732889.970		1249	1249	0	0	0	16	0	0	111	0
1652732890.008		1090	1090	0	0	0	11	0	0	111	0
1652732890.046		1444	1444	0	0	0	10	0	0	111	0
1652732890.082		1385	1385	0	0	0	15	0	0	111	0
1652732890.120		1172	1172	0	0	0	13	0	0	111	0
1652732890.159		2876	2876	0	0	0	13	0	0	111	0
1652732890.196		1446	1446	0	0	0	13	0	0	111	0
1652732890.234		897	897	0	0	0	12	0	0	111	0
1652732890.270		1102	1102	0	0	0	15	0	0	111	0
1652732890.308		1319	1319	0	0	0	13	0	0	111	0
1652732890.345		1352	1352	0	0	0	12	0	0	111	0
1652732890.384		1499	1499	0	0	0	15	0	0	111	0
1652732890.421		1225	1225	0	0	0	13	0	0	111	0
1652732890.459		1600	1600	0	0	0	13	0	0	111	0
1652732890.496		1006	1006	0	0	0	13	0	0	111	0
1652732890.534		1045	1045	0	0	0	12	0	0	111	0
1652732890.570		1440	1440	0	0	0	11	0	0	111	0
1652732890.609		1128	1128	0	0	0	11	0	0	111	0
1652732890.646		1383	1383	0	0	0	13	0	0	111	0
1652732890.683		2597	2597	0	0	0	16	0	0	111	0
1652732890.721		1196	1196	0	0	0	20	0	0	111	0
1652732890.758		1599	1599	0	0	0	11	0	0	111	0
1652732890.794		2443	2443	0	0	0	13	0	0	111	0
1652732890.832		2231	2231	0	0	0	21	0	0	111	0
1652732890.869		2246	2246	0	0	0	22	0	0	111	0
1652732890.907		3326	3326	0	0	0	65	0	0	111	0
1652732890.943		1771	1771	0	0	0	18	0	0	111	0
1652732890.981		1634	1634	0	0	0	13	0	0	111	0
1652732891.017		1226	1226	0	0	0	15	0	0	111	0
1652732891.056		1409	1409	0	0	0	11	0	0	111	0
1652732891.093		1025	1025	0	0	0	17	0	0	111	0
1652732891.129		1269	1269	0	0	0	11	0	0	111	0
1652732891.167		1826	1826	0	0	0	12	0	0	111	0
1652732891.203		1852	1852	0	0	0	16	0	0	111	0
1652732891.241		1991	1991	0	0	0	18	0	0	111	0
1652732891.278		1776	1776	0	0	0	21	0	0	111	0
1652732891.315		1256	1256	0	0	0	18	0	0	111	0
1652732891.352		24482	24482	0	0	0	150	0	0	111	0
1652732891.389		6002	6002	0	0	0	34	0	0	111	0
1652732891.426		1202	1202	0	0	0	21	0	0	111	0
1652732891.462		1275	1275	0	0	0	13	0	0	111	0
1652732891.499		1691	1691	0	0	0	19	0	0	111	0
1652732891.536		1392	1392	0	0	0	13	0	0	111	0
1652732891.572		1597	1597	0	0	0	24	0	0	111	0
1652732891.610		1496	1496	0	0	0	18	0	0	111	0
1652732891.647		1151	1151	0	0	0	13	0	0	111	0
1652732891.684		1017	1017	0	0	0	10	0	0	111	0
1652732891.721		3040	3040	0	0	0	106	0	0	111	0
1652732891.757		1492	1492	0	0	0	28	0	0	111	0
1652732891.793		1341	1341	0	0	0	17	0	0	111	0
1652732891.830		1134	1134	0	0	0	12	0	0	111	0
1652732891.867		1454	1454	0	0	0	19	0	0	111	0
1652732891.904		1477	1477	0	0	0	13	0	0	111	0
1652732891.940		1551	1551	0	0	0	17	0	0	111	0
1652732891.977		1389	1389	0	0	0	12	0	0	111	0
1652732892.014		1019	1019	0	0	0	12	0	0	111	0
1652732892.050		1035	1035	0	0	0	18	0	0	111	0
1652732892.086		1187	1187	0	0	0	11	0	0	111	0
1652732892.123		1393	1393	0	0	0	11	0	0	111	0
1652732892.160		1643	1643	0	0	0	12	0	0	111	0
1652732892.195		1421	1421	0	0	0	12	0	0	111	0
1652732892.233		1413	1413	0	0	0	14	0	0	111	0
1652732892.269		1676	1676	0	0	0	13	0	0	111	0
1652732892.306		3013	3013	0	0	0	33	0	0	111	0
1652732892.341		1807	1807	0	0	0	29	0	0	111	0
1652732892.377		1276	1276	0	0	0	17	0	0	111	0
1652732892.415		940	940	0	0	0	12	0	0	111	0
1652732892.451		1095	1095	0	0	0	12	0	0	111	0
1652732892.486		1462	1462	0	0	0	21	0	0	111	0
1652732892.523		1159	1159	0	0	0	9	0	0	111	0
1652732892.559		1427	1427	0	0	0	13	0	0	111	0
1652732892.596		2675	2675	0	0	0	16	0	0	111	0
1652732892.632		2047	2047	0	0	0	24	0	0	111	0
1652732892.668		943	943	0	0	0	11	0	0	111	0
1652732892.704		2465	2465	0	0	0	35	0	0	111	0
1652732892.740		1798	1798	0	0	0	25	0	0	111	0
1652732892.776		1991	1991	0	0	0	21	0	0	111	0
1652732892.813		1927	1927	0	0	0	32	0	0	111	0
1652732892.848		1167	1167	0	0	0	14	0	0	111	0
1652732892.885		1254	1254	0	0	0	11	0	0	111	0
1652732892.922		830	830	0	0	0	8	0	0	111	0
1652732892.957		1430	1430	0	0	0	12	0	0	111	0
1652732892.994		2098	2098	0	0	0	16	0	0	111	0
1652732893.030		4351	4351	0	0	0	16	0	0	111	0
1652732893.066		7612	7612	0	0	0	33	0	0	111	0
1652732893.102		2144	2144	0	0	0	15	0	0	111	0
1652732893.137		1491	1491	0	0	0	226	0	0	111	0
1652732893.174		2276	2276	0	0	0	24	0	0	111	0
1652732893.210		1105	1105	0	0	0	11	0	0	111	0
1652732893.246		916	916	0	0	0	14	0	0	111	0
1652732893.280		1812	1812	0	0	0	16	0	0	111	0
1652732893.317		1914	1914	0	0	0	25	0	0	111	0
1652732893.353		3244	3244	0	0	0	242	0	0	111	0
1652732893.388		1565	1565	0	0	0	15	0	0	111	0
1652732893.424		1714	1714	0	0	0	16	0	0	111	0
1652732893.460		1338	1338	0	0	0	12	0	0	111	0
1652732893.496		9135	9135	0	0	0	18	0	0	111	0
1652732893.532		2987	2987	0	0	0	34	0	0	111	0
1652732893.567		2118	2118	0	0	0	21	0	0	111	0
1652732893.603		1406	1406	0	0	0	14	0	0	111	0
1652732893.639		1090	1090	0	0	0	12	0	0	111	0
1652732893.675		2348	2348	0	0	0	21	0	0	111	0
1652732893.711		2292	2292	0	0	0	15	0	0	111	0
1652732893.746		1153	1153	0	0	0	21	0	0	111	0
1652732893.782		1309	1309	0	0	0	14	0	0	111	0
1652732893.817		2854	2854	0	0	0	25	0	0	111	0
1652732893.853		1339	1339	0	0	0	13	0	0	111	0
1652732893.889		897	897	0	0	0	12	0	0	111	0
1652732893.924		1337	1337	0	0	0	11	0	0	111	0
1652732893.960		1276	1276	0	0	0	13	0	0	111	0
1652732893.994		1105	1105	0	0	0	12	0	0	111	0
1652732894.031		1354	1354	0	0	0	14	0	0	111	0
1652732894.065		1283	1283	0	0	0	11	0	0	111	0
1652732894.102		1777	1777	0	0	0	11	0	0	111	0
1652732894.136		2884	2884	0	0	0	20	0	0	111	0
1652732894.173		1080	1080	0	0	0	11	0	0	111	0
1652732894.207		866	866	0	0	0	32	0	0	111	0
1652732894.243		1578	1578	0	0	0	13	0	0	111	0
1652732894.278		1905	1905	0	0	0	65	0	0	111	0
1652732894.314		4122	4122	0	0	0	16	0	0	111	0
1652732894.348		1297	1297	0	0	0	35	0	0	111	0
1652732894.385		3631	3631	0	0	0	35	0	0	111	0
1652732894.420		2434	2434	0	0	0	31	0	0	111	0
1652732894.454		1519	1519	0	0	0	14	0	0	111	0
1652732894.490		1658	1658	0	0	0	13	0	0	111	0
1652732894.525		2077	2077	0	0	0	11	0	0	111	0
1652732894.561		1938	1938	0	0	0	25	0	0	111	0
1652732894.595		1470	1470	0	0	0	11	0	0	111	0
1652732894.631		1257	1257	0	0	0	12	0	0	111	0
1652732894.667		2284	2284	0	0	0	16	0	0	111	0
1652732894.702		2248	2248	0	0	0	27	0	0	111	0
1652732894.736		2142	2142	0	0	0	16	0	0	111	0
1652732894.772		1458	1458	0	0	0	12	0	0	111	0
1652732894.806		1319	1319	0	0	0	13	0	0	111	0
1652732894.841		2586	2586	0	0	0	18	0	0	111	0
1652732894.877		1357	1357	0	0	0	13	0	0	111	0
1652732894.912		1402	1402	0	0	0	13	0	0	111	0
1652732894.946		1324	1324	0	0	0	12	0	0	111	0
1652732894.981		879	879	0	0	0	13	0	0	111	0
1652732895.017		2155	2155	0	0	0	18	0	0	111	0
1652732895.051		1353	1353	0	0	0	18	0	0	111	0
1652732895.087		872	872	0	0	0	11	0	0	111	0
1652732895.121		1213	1213	0	0	0	10	0	0	111	0
1652732895.156		2349	2349	0	0	0	14	0	0	111	0
1652732895.192		1596	1596	0	0	0	25	0	0	111	0
1652732895.227		2444	2444	0	0	0	25	0	0	111	0
1652732895.262		1515	1515	0	0	0	12	0	0	111	0
1652732895.295		1272	1272	0	0	0	13	0	0	111	0
1652732895.331		1587	1587	0	0	0	14	0	0	111	0
1652732895.366		2741	2741	0	0	0	15	0	0	111	0
1652732895.400		8727	8727	0	0	0	14	0	0	111	0
1652732895.435		1333	1333	0	0	0	128	0	0	111	0
1652732895.470		1471	1471	0	0	0	12	0	0	111	0
1652732895.504		1045	1045	0	0	0	11	0	0	111	0
1652732895.539		1505	1505	0	0	0	22	0	0	111	0
1652732895.579		22261	22261	0	0	0	247	0	0	111	0
1652732895.609		5814	5814	0	0	0	15	0	0	111	0
1652732895.644		1257	1257	0	0	0	13	0	0	111	0
1652732895.678		1422	1422	0	0	0	13	0	0	111	0
1652732895.713		3427	3427	0	0	0	15	0	0	111	0
1652732895.748		1601	1601	0	0	0	18	0	0	111	0
1652732895.782		1081	1081	0	0	0	13	0	0	111	0
1652732895.823		1868	1868	0	0	0	18	0	0	111	0
1652732895.851		1313	1313	0	0	0	14	0	0	111	0
1652732895.886		1530	1530	0	0	0	13	0	0	111	0
1652732895.920		1705	1705	0	0	0	14	0	0	111	0
1652732895.956		2224	2224	0	0	0	17	0	0	111	0
1652732895.991		3101	3101	0	0	0	16	0	0	111	0
1652732896.024		2172	2172	0	0	0	17	0	0	111	0
1652732896.059		1540	1540	0	0	0	13	0	0	111	0
1652732896.093		1444	1444	0	0	0	13	0	0	111	0
1652732896.127		1744	1744	0	0	0	119	0	0	111	0
1652732896.162		1879	1879	0	0	0	13	0	0	111	0
1652732896.196		1885	1885	0	0	0	15	0	0	111	0
1652732896.230		1180	1180	0	0	0	14	0	0	111	0
1652732896.265		792	792	0	0	0	15	0	0	111	0
1652732896.298		1246	1246	0	0	0	11	0	0	111	0
1652732896.334		1198	1198	0	0	0	11	0	0	111	0
1652732896.368		1182	1182	0	0	0	9	0	0	111	0
1652732896.402		1313	1313	0	0	0	8	0	0	111	0
1652732896.435		1091	1091	0	0	0	9	0	0	111	0
1652732896.471		683	683	0	0	0	13	0	0	111	0
1652732896.504		1135	1135	0	0	0	11	0	0	111	0
1652732896.538		988	988	0	0	0	10	0	0	111	0
1652732896.572		711	711	0	0	0	8	0	0	111	0
1652732896.608		1046	1046	0	0	0	12	0	0	111	0
1652732896.642		825	825	0	0	0	8	0	0	111	0
1652732896.675		875	875	0	0	0	9	0	0	111	0
1652732896.710		1463	1463	0	0	0	12	0	0	111	0
1652732896.744		1200	1200	0	0	0	11	0	0	111	0
1652732896.778		1176	1176	0	0	0	11	0	0	111	0
1652732896.811		1257	1257	0	0	0	13	0	0	111	0
1652732896.845		1262	1262	0	0	0	11	0	0	111	0
1652732896.881		1001	1001	0	0	0	10	0	0	111	0
1652732896.915		1011	1011	0	0	0	10	0	0	111	0
1652732896.948		1224	1224	0	0	0	12	0	0	111	0
1652732896.982		1063	1063	0	0	0	12	0	0	111	0
1652732897.016		997	997	0	0	0	7	0	0	111	0
1652732897.051		1878	1878	0	0	0	10	0	0	111	0
1652732897.084		795	795	0	0	0	12	0	0	111	0
1652732897.118		1095	1095	0	0	0	11	0	0	111	0
1652732897.152		850	850	0	0	0	11	0	0	111	0
1652732897.186		884	884	0	0	0	9	0	0	111	0
1652732897.220		946	946	0	0	0	8	0	0	111	0
1652732897.254		913	913	0	0	0	7	0	0	111	0
1652732897.288		807	807	0	0	0	11	0	0	111	0
1652732897.322		988	988	0	0	0	12	0	0	111	0
1652732897.356		1612	1612	0	0	0	13	0	0	111	0
1652732897.388		1472	1472	0	0	0	13	0	0	111	0
1652732897.423		1333	1333	0	0	0	12	0	0	111	0
1652732897.457		1238	1238	0	0	0	11	0	0	111	0
1652732897.491		1605	1605	0	0	0	13	0	0	111	0
1652732897.524		844	844	0	0	0	8	0	0	111	0
1652732897.558		1281	1281	0	0	0	11	0	0	111	0
1652732897.592		1433	1433	0	0	0	12	0	0	111	0
1652732897.626		1391	1391	0	0	0	12	0	0	111	0
1652732897.659		1204	1204	0	0	0	11	0	0	111	0
1652732897.692		1063	1063	0	0	0	11	0	0	111	0
1652732897.727		1183	1183	0	0	0	8	0	0	111	0
1652732897.760		962	962	0	0	0	7	0	0	111	0
1652732897.793		1091	1091	0	0	0	29	0	0	111	0
1652732897.828		1033	1033	0	0	0	10	0	0	111	0
1652732897.861		1108	1108	0	0	0	9	0	0	111	0
1652732897.895		1130	1130	0	0	0	11	0	0	111	0
1652732897.928		1275	1275	0	0	0	11	0	0	111	0
1652732897.962		1107	1107	0	0	0	11	0	0	111	0
1652732897.996		802	802	0	0	0	11	0	0	111	0
1652732898.029		928	928	0	0	0	9	0	0	111	0
1652732898.062		1126	1126	0	0	0	11	0	0	111	0
1652732898.095		1361	1361	0	0	0	12	0	0	111	0
1652732898.129		1375	1375	0	0	0	11	0	0	111	0
1652732898.162		1165	1165	0	0	0	12	0	0	111	0
1652732898.196		1214	1214	0	0	0	12	0	0	111	0
1652732898.229		1006	1006	0	0	0	11	0	0	111	0
1652732898.262		1273	1273	0	0	0	10	0	0	111	0
1652732898.295		1033	1033	0	0	0	12	0	0	111	0
1652732898.329		1808	1808	0	0	0	13	0	0	111	0
1652732898.363		1352	1352	0	0	0	12	0	0	111	0
