-expvar flag is DEPRECATED. Use monitoring config section instead
2022-05-21T12:32:01.212Z	INFO	cli/cli.go:217	Reading config	{"file": "/var/loadtest/logs/2022-05-21_12-31-58.172559/pandora_config_L_7YrA.yaml"}
2022-05-21T12:32:01.265Z	INFO	engine/engine.go:140	Pool run started	{"pool": "HTTP pool"}
state:"ok"
state:"ok"
state:"ok"
state:"ok"
2022-05-21T12:32:02.264Z	INFO	cli/expvar.go:40	[ENGINE] 4 resp/s; 5 req/s; 10 users; 1 active

state:"ok"
state:"ok"
state:"ok"
state:"ok"
state:"ok"
state:"ok"
state:"ok"
state:"ok"
state:"ok"
2022-05-21T12:32:03.263Z	INFO	cli/expvar.go:40	[ENGINE] 9 resp/s; 10 req/s; 10 users; 2 active

state:"ok"
state:"ok"
state:"ok"
state:"ok"
state:"ok"
state:"ok"
state:"ok"
state:"ok"
state:"ok"
state:"ok"
state:"ok"
state:"ok"
state:"ok"
state:"ok"
state:"ok"
state:"ok"
state:"ok"
state:"ok"
2022-05-21T12:32:04.264Z	INFO	cli/expvar.go:40	[ENGINE] 18 resp/s; 18 req/s; 10 users; 2 active

state:"ok"
state:"ok"
state:"ok"
state:"ok"
state:"ok"
state:"ok"
state:"ok"
state:"ok"
state:"ok"
state:"ok"
state:"ok"
state:"ok"
state:"ok"
state:"ok"
state:"ok"
state:"ok"
state:"ok"
state:"ok"
state:"ok"
state:"ok"
state:"ok"
state:"ok"
state:"ok"
state:"ok"
2022-05-21T12:32:05.263Z	INFO	cli/expvar.go:40	[ENGINE] 24 resp/s; 24 req/s; 10 users; 2 active

state:"ok"
state:"ok"
state:"ok"
state:"ok"
state:"ok"
state:"ok"
state:"ok"
state:"ok"
state:"ok"
state:"ok"
state:"ok"
state:"ok"
state:"ok"
state:"ok"
state:"ok"
state:"ok"
state:"ok"
state:"ok"
state:"ok"
state:"ok"
state:"ok"
state:"ok"
state:"ok"
state:"ok"
state:"ok"
state:"ok"
state:"ok"
state:"ok"
state:"ok"
state:"ok"
2022-05-21T12:32:06.263Z	INFO	cli/expvar.go:40	[ENGINE] 30 resp/s; 31 req/s; 10 users; 3 active

state:"ok"
state:"ok"
state:"ok"
state:"ok"
state:"ok"
state:"ok"
state:"ok"
state:"ok"
state:"ok"
state:"ok"
state:"ok"
state:"ok"
state:"ok"
state:"ok"
state:"ok"
state:"ok"
state:"ok"
state:"ok"
state:"ok"
state:"ok"
state:"ok"
state:"ok"
state:"ok"
state:"ok"
state:"ok"
state:"ok"
state:"ok"
state:"ok"
state:"ok"
state:"ok"
state:"ok"
state:"ok"
state:"ok"
state:"ok"
state:"ok"
state:"ok"
state:"ok"
2022-05-21T12:32:07.263Z	INFO	cli/expvar.go:40	[ENGINE] 37 resp/s; 37 req/s; 10 users; 3 active

state:"ok"
state:"ok"
state:"ok"
state:"ok"
state:"ok"
state:"ok"
state:"ok"
state:"ok"
state:"ok"
state:"ok"
state:"ok"
state:"ok"
state:"ok"
state:"ok"
state:"ok"
state:"ok"
state:"ok"
state:"ok"
state:"ok"
state:"ok"
state:"ok"
state:"ok"
state:"ok"
state:"ok"
state:"ok"
state:"ok"
state:"ok"
state:"ok"
state:"ok"
state:"ok"
state:"ok"
state:"ok"
state:"ok"
state:"ok"
state:"ok"
state:"ok"
state:"ok"
state:"ok"
state:"ok"
state:"ok"
state:"ok"
state:"ok"
2022-05-21T12:32:08.263Z	INFO	cli/expvar.go:40	[ENGINE] 42 resp/s; 44 req/s; 10 users; 5 active

state:"ok"
state:"ok"
state:"ok"
state:"ok"
state:"ok"
state:"ok"
state:"ok"
state:"ok"
state:"ok"
state:"ok"
state:"ok"
state:"ok"
state:"ok"
state:"ok"
state:"ok"
state:"ok"
state:"ok"
state:"ok"
state:"ok"
state:"ok"
state:"ok"
state:"ok"
state:"ok"
state:"ok"
state:"ok"
state:"ok"
state:"ok"
state:"ok"
state:"ok"
state:"ok"
state:"ok"
state:"ok"
state:"ok"
state:"ok"
state:"ok"
state:"ok"
state:"ok"
state:"ok"
state:"ok"
state:"ok"
state:"ok"
state:"ok"
state:"ok"
state:"ok"
state:"ok"
state:"ok"
state:"ok"
state:"ok"
state:"ok"
state:"ok"
state:"ok"
2022-05-21T12:32:09.263Z	INFO	cli/expvar.go:40	[ENGINE] 51 resp/s; 50 req/s; 10 users; 4 active

state:"ok"
state:"ok"
state:"ok"
state:"ok"
state:"ok"
state:"ok"
state:"ok"
state:"ok"
state:"ok"
state:"ok"
state:"ok"
state:"ok"
state:"ok"
state:"ok"
state:"ok"
state:"ok"
state:"ok"
state:"ok"
state:"ok"
state:"ok"
state:"ok"
state:"ok"
state:"ok"
state:"ok"
state:"ok"
state:"ok"
state:"ok"
state:"ok"
state:"ok"
state:"ok"
state:"ok"
state:"ok"
state:"ok"
state:"ok"
state:"ok"
state:"ok"
state:"ok"
state:"ok"
state:"ok"
state:"ok"
state:"ok"
state:"ok"
state:"ok"
state:"ok"
state:"ok"
state:"ok"
state:"ok"
state:"ok"
state:"ok"
state:"ok"
state:"ok"
state:"ok"
state:"ok"
state:"ok"
state:"ok"
state:"ok"
state:"ok"
2022-05-21T12:32:10.263Z	INFO	cli/expvar.go:40	[ENGINE] 57 resp/s; 58 req/s; 10 users; 5 active

state:"ok"
state:"ok"
state:"ok"
state:"ok"
state:"ok"
state:"ok"
state:"ok"
state:"ok"
state:"ok"
state:"ok"
state:"ok"
state:"ok"
state:"ok"
state:"ok"
state:"ok"
state:"ok"
state:"ok"
state:"ok"
state:"ok"
state:"ok"
state:"ok"
state:"ok"
state:"ok"
state:"ok"
state:"ok"
state:"ok"
state:"ok"
state:"ok"
state:"ok"
state:"ok"
state:"ok"
state:"ok"
state:"ok"
state:"ok"
state:"ok"
state:"ok"
state:"ok"
state:"ok"
state:"ok"
state:"ok"
state:"ok"
state:"ok"
state:"ok"
state:"ok"
state:"ok"
state:"ok"
state:"ok"
state:"ok"
state:"ok"
state:"ok"
state:"ok"
state:"ok"
state:"ok"
state:"ok"
state:"ok"
state:"ok"
state:"ok"
state:"ok"
state:"ok"
state:"ok"
state:"ok"
state:"ok"
state:"ok"
2022-05-21T12:32:11.264Z	INFO	cli/expvar.go:40	[ENGINE] 63 resp/s; 63 req/s; 10 users; 5 active

state:"ok"
state:"ok"
state:"ok"
state:"ok"
state:"ok"
state:"ok"
state:"ok"
state:"ok"
state:"ok"
state:"ok"
state:"ok"
state:"ok"
state:"ok"
state:"ok"
state:"ok"
state:"ok"
state:"ok"
state:"ok"
state:"ok"
state:"ok"
state:"ok"
state:"ok"
state:"ok"
state:"ok"
state:"ok"
state:"ok"
state:"ok"
state:"ok"
state:"ok"
state:"ok"
state:"ok"
state:"ok"
state:"ok"
state:"ok"
state:"ok"
state:"ok"
state:"ok"
state:"ok"
state:"ok"
state:"ok"
state:"ok"
state:"ok"
state:"ok"
state:"ok"
state:"ok"
state:"ok"
state:"ok"
state:"ok"
state:"ok"
state:"ok"
state:"ok"
state:"ok"
state:"ok"
state:"ok"
state:"ok"
state:"ok"
state:"ok"
state:"ok"
state:"ok"
state:"ok"
state:"ok"
state:"ok"
state:"ok"
state:"ok"
state:"ok"
state:"ok"
state:"ok"
state:"ok"
state:"ok"
2022-05-21T12:32:12.264Z	INFO	cli/expvar.go:40	[ENGINE] 69 resp/s; 71 req/s; 10 users; 7 active

state:"ok"
state:"ok"
state:"ok"
state:"ok"
state:"ok"
state:"ok"
state:"ok"
state:"ok"
state:"ok"
state:"ok"
state:"ok"
state:"ok"
state:"ok"
state:"ok"
state:"ok"
state:"ok"
state:"ok"
state:"ok"
state:"ok"
state:"ok"
state:"ok"
state:"ok"
state:"ok"
state:"ok"
state:"ok"
state:"ok"
state:"ok"
state:"ok"
state:"ok"
state:"ok"
state:"ok"
state:"ok"
state:"ok"
state:"ok"
state:"ok"
state:"ok"
state:"ok"
state:"ok"
state:"ok"
state:"ok"
state:"ok"
state:"ok"
state:"ok"
state:"ok"
state:"ok"
state:"ok"
state:"ok"
state:"ok"
state:"ok"
state:"ok"
state:"ok"
state:"ok"
state:"ok"
state:"ok"
state:"ok"
state:"ok"
state:"ok"
state:"ok"
state:"ok"
state:"ok"
state:"ok"
state:"ok"
state:"ok"
state:"ok"
state:"ok"
state:"ok"
state:"ok"
state:"ok"
state:"ok"
state:"ok"
state:"ok"
state:"ok"
state:"ok"
state:"ok"
state:"ok"
state:"ok"
state:"ok"
2022-05-21T12:32:13.262Z	INFO	cli/expvar.go:40	[ENGINE] 77 resp/s; 77 req/s; 10 users; 7 active

state:"ok"
state:"ok"
state:"ok"
state:"ok"
state:"ok"
state:"ok"
state:"ok"
state:"ok"
state:"ok"
state:"ok"
state:"ok"
state:"ok"
state:"ok"
state:"ok"
state:"ok"
state:"ok"
state:"ok"
state:"ok"
state:"ok"
state:"ok"
state:"ok"
state:"ok"
state:"ok"
state:"ok"
state:"ok"
state:"ok"
state:"ok"
state:"ok"
state:"ok"
state:"ok"
state:"ok"
state:"ok"
state:"ok"
state:"ok"
state:"ok"
state:"ok"
state:"ok"
state:"ok"
state:"ok"
state:"ok"
state:"ok"
state:"ok"
state:"ok"
state:"ok"
state:"ok"
state:"ok"
state:"ok"
state:"ok"
state:"ok"
state:"ok"
state:"ok"
state:"ok"
state:"ok"
state:"ok"
state:"ok"
state:"ok"
state:"ok"
state:"ok"
state:"ok"
state:"ok"
state:"ok"
state:"ok"
state:"ok"
state:"ok"
state:"ok"
state:"ok"
state:"ok"
state:"ok"
state:"ok"
state:"ok"
state:"ok"
state:"ok"
state:"ok"
state:"ok"
state:"ok"
state:"ok"
state:"ok"
state:"ok"
state:"ok"
state:"ok"
state:"ok"
state:"ok"
state:"ok"
2022-05-21T12:32:14.262Z	INFO	cli/expvar.go:40	[ENGINE] 83 resp/s; 84 req/s; 10 users; 8 active

state:"ok"
state:"ok"
state:"ok"
state:"ok"
state:"ok"
state:"ok"
state:"ok"
state:"ok"
state:"ok"
state:"ok"
state:"ok"
state:"ok"
state:"ok"
state:"ok"
state:"ok"
state:"ok"
state:"ok"
state:"ok"
state:"ok"
state:"ok"
state:"ok"
state:"ok"
state:"ok"
state:"ok"
state:"ok"
state:"ok"
state:"ok"
state:"ok"
state:"ok"
state:"ok"
state:"ok"
state:"ok"
state:"ok"
state:"ok"
state:"ok"
state:"ok"
state:"ok"
state:"ok"
state:"ok"
state:"ok"
state:"ok"
state:"ok"
state:"ok"
state:"ok"
state:"ok"
state:"ok"
state:"ok"
state:"ok"
state:"ok"
state:"ok"
state:"ok"
state:"ok"
state:"ok"
state:"ok"
state:"ok"
state:"ok"
state:"ok"
state:"ok"
state:"ok"
state:"ok"
state:"ok"
state:"ok"
state:"ok"
state:"ok"
state:"ok"
state:"ok"
state:"ok"
state:"ok"
state:"ok"
state:"ok"
state:"ok"
state:"ok"
state:"ok"
state:"ok"
state:"ok"
state:"ok"
state:"ok"
state:"ok"
state:"ok"
state:"ok"
state:"ok"
state:"ok"
state:"ok"
state:"ok"
state:"ok"
state:"ok"
state:"ok"
state:"ok"
state:"ok"
state:"ok"
state:"ok"
2022-05-21T12:32:15.262Z	INFO	cli/expvar.go:40	[ENGINE] 91 resp/s; 90 req/s; 10 users; 7 active

state:"ok"
state:"ok"
state:"ok"
state:"ok"
state:"ok"
state:"ok"
state:"ok"
state:"ok"
state:"ok"
state:"ok"
state:"ok"
state:"ok"
state:"ok"
state:"ok"
state:"ok"
state:"ok"
state:"ok"
state:"ok"
state:"ok"
state:"ok"
state:"ok"
state:"ok"
state:"ok"
state:"ok"
state:"ok"
state:"ok"
state:"ok"
state:"ok"
state:"ok"
state:"ok"
state:"ok"
state:"ok"
state:"ok"
state:"ok"
state:"ok"
state:"ok"
state:"ok"
state:"ok"
state:"ok"
state:"ok"
state:"ok"
state:"ok"
state:"ok"
state:"ok"
state:"ok"
state:"ok"
state:"ok"
state:"ok"
state:"ok"
state:"ok"
state:"ok"
state:"ok"
state:"ok"
state:"ok"
state:"ok"
state:"ok"
state:"ok"
state:"ok"
state:"ok"
state:"ok"
state:"ok"
state:"ok"
state:"ok"
state:"ok"
state:"ok"
state:"ok"
state:"ok"
state:"ok"
state:"ok"
state:"ok"
state:"ok"
state:"ok"
state:"ok"
state:"ok"
state:"ok"
state:"ok"
state:"ok"
state:"ok"
state:"ok"
state:"ok"
state:"ok"
state:"ok"
state:"ok"
state:"ok"
state:"ok"
state:"ok"
state:"ok"
state:"ok"
state:"ok"
state:"ok"
state:"ok"
state:"ok"
state:"ok"
state:"ok"
state:"ok"
state:"ok"
2022-05-21T12:32:16.262Z	INFO	cli/expvar.go:40	[ENGINE] 95 resp/s; 97 req/s; 10 users; 9 active

state:"ok"
state:"ok"
state:"ok"
state:"ok"
state:"ok"
state:"ok"
state:"ok"
state:"ok"
state:"ok"
state:"ok"
state:"ok"
state:"ok"
state:"ok"
state:"ok"
state:"ok"
state:"ok"
state:"ok"
state:"ok"
state:"ok"
state:"ok"
state:"ok"
state:"ok"
state:"ok"
state:"ok"
state:"ok"
state:"ok"
state:"ok"
state:"ok"
state:"ok"
state:"ok"
state:"ok"
state:"ok"
state:"ok"
state:"ok"
state:"ok"
state:"ok"
state:"ok"
state:"ok"
state:"ok"
state:"ok"
state:"ok"
state:"ok"
state:"ok"
state:"ok"
state:"ok"
state:"ok"
state:"ok"
state:"ok"
state:"ok"
state:"ok"
state:"ok"
state:"ok"
state:"ok"
state:"ok"
state:"ok"
state:"ok"
state:"ok"
state:"ok"
state:"ok"
state:"ok"
state:"ok"
state:"ok"
state:"ok"
state:"ok"
state:"ok"
state:"ok"
state:"ok"
state:"ok"
state:"ok"
state:"ok"
state:"ok"
state:"ok"
state:"ok"
state:"ok"
state:"ok"
state:"ok"
state:"ok"
state:"ok"
state:"ok"
state:"ok"
state:"ok"
state:"ok"
state:"ok"
state:"ok"
state:"ok"
state:"ok"
state:"ok"
state:"ok"
state:"ok"
state:"ok"
state:"ok"
state:"ok"
state:"ok"
state:"ok"
state:"ok"
state:"ok"
state:"ok"
state:"ok"
state:"ok"
state:"ok"
state:"ok"
state:"ok"
2022-05-21T12:32:17.263Z	INFO	cli/expvar.go:40	[ENGINE] 103 resp/s; 104 req/s; 10 users; 10 active

state:"ok"
state:"ok"
state:"ok"
state:"ok"
state:"ok"
state:"ok"
state:"ok"
state:"ok"
state:"ok"
state:"ok"
state:"ok"
state:"ok"
state:"ok"
state:"ok"
state:"ok"
state:"ok"
state:"ok"
state:"ok"
state:"ok"
state:"ok"
state:"ok"
state:"ok"
state:"ok"
state:"ok"
state:"ok"
state:"ok"
state:"ok"
state:"ok"
state:"ok"
state:"ok"
state:"ok"
state:"ok"
state:"ok"
state:"ok"
state:"ok"
state:"ok"
state:"ok"
state:"ok"
state:"ok"
state:"ok"
state:"ok"
state:"ok"
state:"ok"
state:"ok"
state:"ok"
state:"ok"
state:"ok"
state:"ok"
state:"ok"
state:"ok"
state:"ok"
state:"ok"
state:"ok"
state:"ok"
state:"ok"
state:"ok"
state:"ok"
state:"ok"
state:"ok"
state:"ok"
state:"ok"
state:"ok"
state:"ok"
state:"ok"
state:"ok"
state:"ok"
state:"ok"
state:"ok"
state:"ok"
state:"ok"
state:"ok"
state:"ok"
state:"ok"
state:"ok"
state:"ok"
state:"ok"
state:"ok"
state:"ok"
state:"ok"
state:"ok"
state:"ok"
state:"ok"
state:"ok"
state:"ok"
state:"ok"
state:"ok"
state:"ok"
state:"ok"
state:"ok"
state:"ok"
state:"ok"
state:"ok"
state:"ok"
state:"ok"
state:"ok"
state:"ok"
state:"ok"
state:"ok"
state:"ok"
state:"ok"
state:"ok"
state:"ok"
state:"ok"
state:"ok"
state:"ok"
state:"ok"
2022-05-21T12:32:18.262Z	INFO	cli/expvar.go:40	[ENGINE] 106 resp/s; 106 req/s; 10 users; 10 active

state:"ok"
state:"ok"
state:"ok"
state:"ok"
state:"ok"
state:"ok"
state:"ok"
state:"ok"
state:"ok"
state:"ok"
state:"ok"
state:"ok"
state:"ok"
state:"ok"
state:"ok"
state:"ok"
state:"ok"
state:"ok"
state:"ok"
state:"ok"
state:"ok"
state:"ok"
state:"ok"
state:"ok"
state:"ok"
state:"ok"
state:"ok"
state:"ok"
state:"ok"
state:"ok"
state:"ok"
state:"ok"
state:"ok"
state:"ok"
state:"ok"
state:"ok"
state:"ok"
state:"ok"
state:"ok"
state:"ok"
state:"ok"
state:"ok"
state:"ok"
state:"ok"
state:"ok"
state:"ok"
state:"ok"
state:"ok"
state:"ok"
state:"ok"
state:"ok"
state:"ok"
state:"ok"
state:"ok"
state:"ok"
state:"ok"
state:"ok"
state:"ok"
state:"ok"
state:"ok"
state:"ok"
state:"ok"
state:"ok"
state:"ok"
state:"ok"
state:"ok"
state:"ok"
state:"ok"
state:"ok"
state:"ok"
state:"ok"
state:"ok"
state:"ok"
state:"ok"
state:"ok"
state:"ok"
state:"ok"
state:"ok"
state:"ok"
state:"ok"
state:"ok"
state:"ok"
state:"ok"
state:"ok"
state:"ok"
state:"ok"
state:"ok"
2022-05-21T12:32:19.073Z	INFO	cli/cli.go:141	SIGINT received. Trying to stop gracefully.	{"timeout": "5s"}
2022-05-21T12:32:19.075Z	INFO	engine/engine.go:102	Engine run canceled
2022-05-21T12:32:19.076Z	INFO	engine/engine.go:161	Pool execution canceled	{"pool": "HTTP pool"}
2022-05-21T12:32:19.079Z	INFO	engine/engine.go:66	Engine finished
2022-05-21T12:32:19.079Z	INFO	engine/engine.go:143	Pool run finished	{"pool": "HTTP pool"}
2022-05-21T12:32:19.083Z	INFO	engine/engine.go:82	Pool run result suppressed	{"pool": "HTTP pool", "id": "HTTP pool", "error": "context canceled"}
2022-05-21T12:32:19.081Z	FATAL	cli/cli.go:149	Engine interrupted	{"error": "context canceled"}
github.com/yandex/pandora/cli.Run
	/Users/nikitaratasnuk/go/pkg/mod/github.com/yandex/pandora@v0.3.8/cli/cli.go:149
main.main
	/Users/nikitaratasnuk/yandex.tank1/gun/gun.go:138
runtime.main
	/opt/homebrew/Cellar/go/1.18.2/libexec/src/runtime/proc.go:250
