1653136321.288	/MyCase1	297995	0	0	0	0	0	0	0	0	200
1653136321.708	/MyCase1	103397	0	0	0	0	0	0	0	0	200
1653136321.929	/MyCase1	134830	0	0	0	0	0	0	0	0	200
1653136322.101	/MyCase1	95373	0	0	0	0	0	0	0	0	200
1653136322.249	/MyCase1	91748	0	0	0	0	0	0	0	0	200
1653136322.378	/MyCase1	102439	0	0	0	0	0	0	0	0	200
1653136322.493	/MyCase1	100331	0	0	0	0	0	0	0	0	200
1653136322.598	/MyCase1	87063	0	0	0	0	0	0	0	0	200
1653136322.700	/MyCase1	100013	0	0	0	0	0	0	0	0	200
1653136322.793	/MyCase1	93620	0	0	0	0	0	0	0	0	200
1653136322.880	/MyCase1	95699	0	0	0	0	0	0	0	0	200
1653136323.045	/MyCase1	97447	0	0	0	0	0	0	0	0	200
1653136322.968	/MyCase1	257959	0	0	0	0	0	0	0	0	200
1653136323.198	/MyCase1	81745	0	0	0	0	0	0	0	0	200
1653136323.124	/MyCase1	242895	0	0	0	0	0	0	0	0	200
1653136323.270	/MyCase1	98474	0	0	0	0	0	0	0	0	200
1653136323.339	/MyCase1	86278	0	0	0	0	0	0	0	0	200
1653136323.410	/MyCase1	91714	0	0	0	0	0	0	0	0	200
1653136323.472	/MyCase1	80688	0	0	0	0	0	0	0	0	200
1653136323.537	/MyCase1	85560	0	0	0	0	0	0	0	0	200
1653136323.598	/MyCase1	76495	0	0	0	0	0	0	0	0	200
1653136323.661	/MyCase1	90662	0	0	0	0	0	0	0	0	200
1653136323.722	/MyCase1	82912	0	0	0	0	0	0	0	0	200
1653136323.779	/MyCase1	80005	0	0	0	0	0	0	0	0	200
1653136323.833	/MyCase1	94543	0	0	0	0	0	0	0	0	200
1653136323.890	/MyCase1	95532	0	0	0	0	0	0	0	0	200
1653136323.942	/MyCase1	77041	0	0	0	0	0	0	0	0	200
1653136323.995	/MyCase1	90220	0	0	0	0	0	0	0	0	200
1653136324.047	/MyCase1	92155	0	0	0	0	0	0	0	0	200
1653136324.099	/MyCase1	88965	0	0	0	0	0	0	0	0	200
1653136324.149	/MyCase1	92335	0	0	0	0	0	0	0	0	200
1653136324.200	/MyCase1	92614	0	0	0	0	0	0	0	0	200
1653136324.248	/MyCase1	94001	0	0	0	0	0	0	0	0	200
1653136324.296	/MyCase1	92441	0	0	0	0	0	0	0	0	200
1653136324.343	/MyCase1	88465	0	0	0	0	0	0	0	0	200
1653136324.390	/MyCase1	89948	0	0	0	0	0	0	0	0	200
1653136324.435	/MyCase1	92188	0	0	0	0	0	0	0	0	200
1653136324.481	/MyCase1	98111	0	0	0	0	0	0	0	0	200
1653136324.525	/MyCase1	97749	0	0	0	0	0	0	0	0	200
1653136324.572	/MyCase1	86134	0	0	0	0	0	0	0	0	200
1653136324.618	/MyCase1	79987	0	0	0	0	0	0	0	0	200
1653136324.657	/MyCase1	72188	0	0	0	0	0	0	0	0	200
1653136324.700	/MyCase1	74295	0	0	0	0	0	0	0	0	200
1653136324.742	/MyCase1	84132	0	0	0	0	0	0	0	0	200
1653136324.783	/MyCase1	88929	0	0	0	0	0	0	0	0	200
1653136324.825	/MyCase1	89779	0	0	0	0	0	0	0	0	200
1653136324.864	/MyCase1	84011	0	0	0	0	0	0	0	0	200
1653136324.905	/MyCase1	91795	0	0	0	0	0	0	0	0	200
1653136324.946	/MyCase1	86184	0	0	0	0	0	0	0	0	200
1653136324.989	/MyCase1	85929	0	0	0	0	0	0	0	0	200
1653136325.024	/MyCase1	102409	0	0	0	0	0	0	0	0	200
1653136325.061	/MyCase1	87279	0	0	0	0	0	0	0	0	200
1653136325.118	/MyCase1	100191	0	0	0	0	0	0	0	0	200
1653136325.138	/MyCase1	93940	0	0	0	0	0	0	0	0	200
1653136325.177	/MyCase1	84461	0	0	0	0	0	0	0	0	200
1653136325.216	/MyCase1	89929	0	0	0	0	0	0	0	0	200
1653136325.250	/MyCase1	84639	0	0	0	0	0	0	0	0	200
1653136325.286	/MyCase1	85224	0	0	0	0	0	0	0	0	200
1653136325.322	/MyCase1	93551	0	0	0	0	0	0	0	0	200
1653136325.361	/MyCase1	91681	0	0	0	0	0	0	0	0	200
1653136325.393	/MyCase1	90412	0	0	0	0	0	0	0	0	200
1653136325.431	/MyCase1	100671	0	0	0	0	0	0	0	0	200
1653136325.465	/MyCase1	86101	0	0	0	0	0	0	0	0	200
1653136325.498	/MyCase1	89305	0	0	0	0	0	0	0	0	200
1653136325.533	/MyCase1	84097	0	0	0	0	0	0	0	0	200
1653136325.567	/MyCase1	89796	0	0	0	0	0	0	0	0	200
1653136325.601	/MyCase1	97098	0	0	0	0	0	0	0	0	200
1653136325.634	/MyCase1	87730	0	0	0	0	0	0	0	0	200
1653136325.668	/MyCase1	87303	0	0	0	0	0	0	0	0	200
1653136325.701	/MyCase1	93906	0	0	0	0	0	0	0	0	200
1653136325.734	/MyCase1	104934	0	0	0	0	0	0	0	0	200
1653136325.767	/MyCase1	78725	0	0	0	0	0	0	0	0	200
1653136325.800	/MyCase1	87106	0	0	0	0	0	0	0	0	200
1653136325.863	/MyCase1	90117	0	0	0	0	0	0	0	0	200
1653136325.895	/MyCase1	100109	0	0	0	0	0	0	0	0	200
1653136325.927	/MyCase1	92053	0	0	0	0	0	0	0	0	200
1653136325.960	/MyCase1	92179	0	0	0	0	0	0	0	0	200
1653136325.991	/MyCase1	91107	0	0	0	0	0	0	0	0	200
1653136325.832	/MyCase1	266847	0	0	0	0	0	0	0	0	200
1653136326.020	/MyCase1	95185	0	0	0	0	0	0	0	0	200
1653136326.051	/MyCase1	83146	0	0	0	0	0	0	0	0	200
1653136326.082	/MyCase1	81716	0	0	0	0	0	0	0	0	200
1653136326.112	/MyCase1	92443	0	0	0	0	0	0	0	0	200
1653136326.143	/MyCase1	90690	0	0	0	0	0	0	0	0	200
1653136326.173	/MyCase1	82699	0	0	0	0	0	0	0	0	200
1653136326.203	/MyCase1	84985	0	0	0	0	0	0	0	0	200
1653136326.233	/MyCase1	87039	0	0	0	0	0	0	0	0	200
1653136326.262	/MyCase1	83310	0	0	0	0	0	0	0	0	200
1653136326.291	/MyCase1	90011	0	0	0	0	0	0	0	0	200
1653136326.320	/MyCase1	88705	0	0	0	0	0	0	0	0	200
1653136326.349	/MyCase1	84051	0	0	0	0	0	0	0	0	200
1653136326.378	/MyCase1	73723	0	0	0	0	0	0	0	0	200
1653136326.407	/MyCase1	87264	0	0	0	0	0	0	0	0	200
1653136326.435	/MyCase1	91802	0	0	0	0	0	0	0	0	200
1653136326.464	/MyCase1	86497	0	0	0	0	0	0	0	0	200
1653136326.491	/MyCase1	89319	0	0	0	0	0	0	0	0	200
1653136326.520	/MyCase1	85027	0	0	0	0	0	0	0	0	200
1653136326.549	/MyCase1	88047	0	0	0	0	0	0	0	0	200
1653136326.576	/MyCase1	77591	0	0	0	0	0	0	0	0	200
1653136326.603	/MyCase1	86812	0	0	0	0	0	0	0	0	200
1653136326.631	/MyCase1	84294	0	0	0	0	0	0	0	0	200
1653136326.658	/MyCase1	72703	0	0	0	0	0	0	0	0	200
1653136326.686	/MyCase1	92176	0	0	0	0	0	0	0	0	200
1653136326.713	/MyCase1	78826	0	0	0	0	0	0	0	0	200
1653136326.740	/MyCase1	82958	0	0	0	0	0	0	0	0	200
1653136326.766	/MyCase1	93949	0	0	0	0	0	0	0	0	200
1653136326.793	/MyCase1	76627	0	0	0	0	0	0	0	0	200
1653136326.819	/MyCase1	84035	0	0	0	0	0	0	0	0	200
1653136326.846	/MyCase1	88220	0	0	0	0	0	0	0	0	200
1653136326.872	/MyCase1	83445	0	0	0	0	0	0	0	0	200
1653136326.900	/MyCase1	88182	0	0	0	0	0	0	0	0	200
1653136326.927	/MyCase1	84658	0	0	0	0	0	0	0	0	200
1653136326.952	/MyCase1	81977	0	0	0	0	0	0	0	0	200
1653136326.976	/MyCase1	82027	0	0	0	0	0	0	0	0	200
1653136327.002	/MyCase1	93831	0	0	0	0	0	0	0	0	200
1653136327.029	/MyCase1	84919	0	0	0	0	0	0	0	0	200
1653136327.054	/MyCase1	92649	0	0	0	0	0	0	0	0	200
1653136327.079	/MyCase1	86482	0	0	0	0	0	0	0	0	200
1653136327.105	/MyCase1	92043	0	0	0	0	0	0	0	0	200
1653136327.131	/MyCase1	85542	0	0	0	0	0	0	0	0	200
1653136327.155	/MyCase1	95371	0	0	0	0	0	0	0	0	200
1653136327.179	/MyCase1	76658	0	0	0	0	0	0	0	0	200
1653136327.205	/MyCase1	94773	0	0	0	0	0	0	0	0	200
1653136327.230	/MyCase1	85542	0	0	0	0	0	0	0	0	200
1653136327.254	/MyCase1	91758	0	0	0	0	0	0	0	0	200
1653136327.279	/MyCase1	78786	0	0	0	0	0	0	0	0	200
1653136327.303	/MyCase1	88413	0	0	0	0	0	0	0	0	200
1653136327.327	/MyCase1	86879	0	0	0	0	0	0	0	0	200
1653136327.352	/MyCase1	94532	0	0	0	0	0	0	0	0	200
1653136327.377	/MyCase1	80436	0	0	0	0	0	0	0	0	200
1653136327.400	/MyCase1	102246	0	0	0	0	0	0	0	0	200
1653136327.424	/MyCase1	81490	0	0	0	0	0	0	0	0	200
1653136327.449	/MyCase1	92066	0	0	0	0	0	0	0	0	200
1653136327.472	/MyCase1	94914	0	0	0	0	0	0	0	0	200
1653136327.497	/MyCase1	87252	0	0	0	0	0	0	0	0	200
1653136327.520	/MyCase1	86061	0	0	0	0	0	0	0	0	200
1653136327.543	/MyCase1	93064	0	0	0	0	0	0	0	0	200
1653136327.568	/MyCase1	83609	0	0	0	0	0	0	0	0	200
1653136327.590	/MyCase1	91814	0	0	0	0	0	0	0	0	200
1653136327.613	/MyCase1	96704	0	0	0	0	0	0	0	0	200
1653136327.636	/MyCase1	93083	0	0	0	0	0	0	0	0	200
1653136327.659	/MyCase1	80471	0	0	0	0	0	0	0	0	200
1653136327.682	/MyCase1	85865	0	0	0	0	0	0	0	0	200
1653136327.728	/MyCase1	87776	0	0	0	0	0	0	0	0	200
1653136327.753	/MyCase1	83726	0	0	0	0	0	0	0	0	200
1653136327.774	/MyCase1	72025	0	0	0	0	0	0	0	0	200
1653136327.797	/MyCase1	86932	0	0	0	0	0	0	0	0	200
1653136327.820	/MyCase1	80957	0	0	0	0	0	0	0	0	200
1653136327.842	/MyCase1	91801	0	0	0	0	0	0	0	0	200
1653136327.706	/MyCase1	242637	0	0	0	0	0	0	0	0	200
1653136327.865	/MyCase1	84775	0	0	0	0	0	0	0	0	200
1653136327.910	/MyCase1	91038	0	0	0	0	0	0	0	0	200
1653136327.886	/MyCase1	115432	0	0	0	0	0	0	0	0	200
1653136327.931	/MyCase1	87774	0	0	0	0	0	0	0	0	200
1653136327.954	/MyCase1	85230	0	0	0	0	0	0	0	0	200
1653136327.977	/MyCase1	89604	0	0	0	0	0	0	0	0	200
1653136328.019	/MyCase1	85708	0	0	0	0	0	0	0	0	200
1653136328.041	/MyCase1	77266	0	0	0	0	0	0	0	0	200
1653136328.064	/MyCase1	93599	0	0	0	0	0	0	0	0	200
1653136328.085	/MyCase1	85171	0	0	0	0	0	0	0	0	200
1653136328.107	/MyCase1	75424	0	0	0	0	0	0	0	0	200
1653136328.128	/MyCase1	94673	0	0	0	0	0	0	0	0	200
1653136328.151	/MyCase1	93047	0	0	0	0	0	0	0	0	200
1653136327.997	/MyCase1	247425	0	0	0	0	0	0	0	0	200
1653136328.171	/MyCase1	95714	0	0	0	0	0	0	0	0	200
1653136328.193	/MyCase1	89404	0	0	0	0	0	0	0	0	200
1653136328.216	/MyCase1	73023	0	0	0	0	0	0	0	0	200
1653136328.235	/MyCase1	90127	0	0	0	0	0	0	0	0	200
1653136328.257	/MyCase1	86946	0	0	0	0	0	0	0	0	200
1653136328.278	/MyCase1	77931	0	0	0	0	0	0	0	0	200
1653136328.298	/MyCase1	80825	0	0	0	0	0	0	0	0	200
1653136328.320	/MyCase1	80505	0	0	0	0	0	0	0	0	200
1653136328.341	/MyCase1	88731	0	0	0	0	0	0	0	0	200
1653136328.362	/MyCase1	87438	0	0	0	0	0	0	0	0	200
1653136328.382	/MyCase1	84191	0	0	0	0	0	0	0	0	200
1653136328.403	/MyCase1	81194	0	0	0	0	0	0	0	0	200
1653136328.424	/MyCase1	76372	0	0	0	0	0	0	0	0	200
1653136328.445	/MyCase1	93845	0	0	0	0	0	0	0	0	200
1653136328.465	/MyCase1	81643	0	0	0	0	0	0	0	0	200
1653136328.486	/MyCase1	77430	0	0	0	0	0	0	0	0	200
1653136328.506	/MyCase1	89944	0	0	0	0	0	0	0	0	200
1653136328.527	/MyCase1	78628	0	0	0	0	0	0	0	0	200
1653136328.547	/MyCase1	92336	0	0	0	0	0	0	0	0	200
1653136328.567	/MyCase1	86227	0	0	0	0	0	0	0	0	200
1653136328.588	/MyCase1	78210	0	0	0	0	0	0	0	0	200
1653136328.608	/MyCase1	83100	0	0	0	0	0	0	0	0	200
1653136328.630	/MyCase1	82321	0	0	0	0	0	0	0	0	200
1653136328.648	/MyCase1	82467	0	0	0	0	0	0	0	0	200
1653136328.668	/MyCase1	82672	0	0	0	0	0	0	0	0	200
1653136328.688	/MyCase1	81628	0	0	0	0	0	0	0	0	200
1653136328.709	/MyCase1	85064	0	0	0	0	0	0	0	0	200
1653136328.727	/MyCase1	79592	0	0	0	0	0	0	0	0	200
1653136328.748	/MyCase1	77587	0	0	0	0	0	0	0	0	200
1653136328.768	/MyCase1	83610	0	0	0	0	0	0	0	0	200
1653136328.787	/MyCase1	81948	0	0	0	0	0	0	0	0	200
1653136328.807	/MyCase1	85386	0	0	0	0	0	0	0	0	200
1653136328.826	/MyCase1	75932	0	0	0	0	0	0	0	0	200
1653136328.847	/MyCase1	81386	0	0	0	0	0	0	0	0	200
1653136328.866	/MyCase1	91270	0	0	0	0	0	0	0	0	200
1653136328.886	/MyCase1	83693	0	0	0	0	0	0	0	0	200
1653136328.904	/MyCase1	85125	0	0	0	0	0	0	0	0	200
1653136328.924	/MyCase1	80821	0	0	0	0	0	0	0	0	200
1653136328.943	/MyCase1	87316	0	0	0	0	0	0	0	0	200
1653136328.962	/MyCase1	88371	0	0	0	0	0	0	0	0	200
1653136328.982	/MyCase1	85706	0	0	0	0	0	0	0	0	200
1653136329.001	/MyCase1	80023	0	0	0	0	0	0	0	0	200
1653136329.020	/MyCase1	83493	0	0	0	0	0	0	0	0	200
1653136329.040	/MyCase1	92082	0	0	0	0	0	0	0	0	200
1653136329.059	/MyCase1	84806	0	0	0	0	0	0	0	0	200
1653136329.078	/MyCase1	89523	0	0	0	0	0	0	0	0	200
1653136329.097	/MyCase1	82836	0	0	0	0	0	0	0	0	200
1653136329.116	/MyCase1	82448	0	0	0	0	0	0	0	0	200
1653136329.154	/MyCase1	81217	0	0	0	0	0	0	0	0	200
1653136329.134	/MyCase1	101974	0	0	0	0	0	0	0	0	200
1653136329.172	/MyCase1	85897	0	0	0	0	0	0	0	0	200
1653136329.190	/MyCase1	85122	0	0	0	0	0	0	0	0	200
1653136329.209	/MyCase1	74014	0	0	0	0	0	0	0	0	200
1653136329.228	/MyCase1	79329	0	0	0	0	0	0	0	0	200
1653136329.247	/MyCase1	85552	0	0	0	0	0	0	0	0	200
1653136329.265	/MyCase1	95967	0	0	0	0	0	0	0	0	200
1653136329.284	/MyCase1	85585	0	0	0	0	0	0	0	0	200
1653136329.302	/MyCase1	91321	0	0	0	0	0	0	0	0	200
1653136329.321	/MyCase1	85262	0	0	0	0	0	0	0	0	200
1653136329.339	/MyCase1	77943	0	0	0	0	0	0	0	0	200
1653136329.357	/MyCase1	94751	0	0	0	0	0	0	0	0	200
1653136329.375	/MyCase1	88198	0	0	0	0	0	0	0	0	200
1653136329.394	/MyCase1	84615	0	0	0	0	0	0	0	0	200
1653136329.413	/MyCase1	97027	0	0	0	0	0	0	0	0	200
1653136329.431	/MyCase1	94314	0	0	0	0	0	0	0	0	200
1653136329.448	/MyCase1	89350	0	0	0	0	0	0	0	0	200
1653136329.467	/MyCase1	86295	0	0	0	0	0	0	0	0	200
1653136329.485	/MyCase1	86811	0	0	0	0	0	0	0	0	200
1653136329.502	/MyCase1	96277	0	0	0	0	0	0	0	0	200
1653136329.523	/MyCase1	83979	0	0	0	0	0	0	0	0	200
1653136329.539	/MyCase1	82199	0	0	0	0	0	0	0	0	200
1653136329.557	/MyCase1	77337	0	0	0	0	0	0	0	0	200
1653136329.574	/MyCase1	78202	0	0	0	0	0	0	0	0	200
1653136329.593	/MyCase1	84674	0	0	0	0	0	0	0	0	200
1653136329.610	/MyCase1	90784	0	0	0	0	0	0	0	0	200
1653136329.628	/MyCase1	88366	0	0	0	0	0	0	0	0	200
1653136329.646	/MyCase1	101451	0	0	0	0	0	0	0	0	200
1653136329.663	/MyCase1	85218	0	0	0	0	0	0	0	0	200
1653136329.681	/MyCase1	82054	0	0	0	0	0	0	0	0	200
1653136329.698	/MyCase1	81230	0	0	0	0	0	0	0	0	200
1653136329.716	/MyCase1	89764	0	0	0	0	0	0	0	0	200
1653136329.734	/MyCase1	85080	0	0	0	0	0	0	0	0	200
1653136329.751	/MyCase1	87850	0	0	0	0	0	0	0	0	200
1653136329.768	/MyCase1	75643	0	0	0	0	0	0	0	0	200
1653136329.787	/MyCase1	84951	0	0	0	0	0	0	0	0	200
1653136329.804	/MyCase1	85799	0	0	0	0	0	0	0	0	200
1653136329.821	/MyCase1	76601	0	0	0	0	0	0	0	0	200
1653136329.838	/MyCase1	77967	0	0	0	0	0	0	0	0	200
1653136329.856	/MyCase1	81507	0	0	0	0	0	0	0	0	200
1653136329.873	/MyCase1	82563	0	0	0	0	0	0	0	0	200
1653136329.890	/MyCase1	81881	0	0	0	0	0	0	0	0	200
1653136329.908	/MyCase1	85432	0	0	0	0	0	0	0	0	200
1653136329.925	/MyCase1	77497	0	0	0	0	0	0	0	0	200
1653136329.942	/MyCase1	84975	0	0	0	0	0	0	0	0	200
1653136329.959	/MyCase1	84515	0	0	0	0	0	0	0	0	200
1653136329.976	/MyCase1	79815	0	0	0	0	0	0	0	0	200
1653136329.993	/MyCase1	87988	0	0	0	0	0	0	0	0	200
1653136330.010	/MyCase1	88103	0	0	0	0	0	0	0	0	200
1653136330.027	/MyCase1	91697	0	0	0	0	0	0	0	0	200
1653136330.044	/MyCase1	91113	0	0	0	0	0	0	0	0	200
1653136330.061	/MyCase1	91307	0	0	0	0	0	0	0	0	200
1653136330.078	/MyCase1	89210	0	0	0	0	0	0	0	0	200
1653136330.094	/MyCase1	91845	0	0	0	0	0	0	0	0	200
1653136330.111	/MyCase1	87927	0	0	0	0	0	0	0	0	200
1653136330.128	/MyCase1	89440	0	0	0	0	0	0	0	0	200
1653136330.145	/MyCase1	88424	0	0	0	0	0	0	0	0	200
1653136330.161	/MyCase1	86729	0	0	0	0	0	0	0	0	200
1653136330.179	/MyCase1	76367	0	0	0	0	0	0	0	0	200
1653136330.196	/MyCase1	100474	0	0	0	0	0	0	0	0	200
1653136330.212	/MyCase1	103618	0	0	0	0	0	0	0	0	200
1653136330.229	/MyCase1	91817	0	0	0	0	0	0	0	0	200
1653136330.245	/MyCase1	92466	0	0	0	0	0	0	0	0	200
1653136330.261	/MyCase1	93449	0	0	0	0	0	0	0	0	200
1653136330.277	/MyCase1	96153	0	0	0	0	0	0	0	0	200
1653136330.294	/MyCase1	93756	0	0	0	0	0	0	0	0	200
1653136330.327	/MyCase1	91044	0	0	0	0	0	0	0	0	200
1653136330.343	/MyCase1	96926	0	0	0	0	0	0	0	0	200
1653136330.360	/MyCase1	92824	0	0	0	0	0	0	0	0	200
1653136330.376	/MyCase1	94923	0	0	0	0	0	0	0	0	200
1653136330.393	/MyCase1	89366	0	0	0	0	0	0	0	0	200
1653136330.409	/MyCase1	93420	0	0	0	0	0	0	0	0	200
1653136330.426	/MyCase1	100540	0	0	0	0	0	0	0	0	200
1653136330.441	/MyCase1	90409	0	0	0	0	0	0	0	0	200
1653136330.457	/MyCase1	95401	0	0	0	0	0	0	0	0	200
1653136330.474	/MyCase1	89605	0	0	0	0	0	0	0	0	200
1653136330.311	/MyCase1	257575	0	0	0	0	0	0	0	0	200
1653136330.490	/MyCase1	87502	0	0	0	0	0	0	0	0	200
1653136330.505	/MyCase1	89054	0	0	0	0	0	0	0	0	200
1653136330.538	/MyCase1	83291	0	0	0	0	0	0	0	0	200
1653136330.553	/MyCase1	89976	0	0	0	0	0	0	0	0	200
1653136330.570	/MyCase1	91502	0	0	0	0	0	0	0	0	200
1653136330.587	/MyCase1	96397	0	0	0	0	0	0	0	0	200
1653136330.602	/MyCase1	97274	0	0	0	0	0	0	0	0	200
1653136330.617	/MyCase1	87213	0	0	0	0	0	0	0	0	200
1653136330.637	/MyCase1	83546	0	0	0	0	0	0	0	0	200
1653136330.650	/MyCase1	83132	0	0	0	0	0	0	0	0	200
1653136330.665	/MyCase1	86430	0	0	0	0	0	0	0	0	200
1653136330.681	/MyCase1	82293	0	0	0	0	0	0	0	0	200
1653136330.698	/MyCase1	90163	0	0	0	0	0	0	0	0	200
1653136330.522	/MyCase1	268569	0	0	0	0	0	0	0	0	200
1653136330.713	/MyCase1	87229	0	0	0	0	0	0	0	0	200
1653136330.729	/MyCase1	86596	0	0	0	0	0	0	0	0	200
1653136330.744	/MyCase1	86432	0	0	0	0	0	0	0	0	200
1653136330.760	/MyCase1	81436	0	0	0	0	0	0	0	0	200
1653136330.777	/MyCase1	79882	0	0	0	0	0	0	0	0	200
1653136330.791	/MyCase1	84061	0	0	0	0	0	0	0	0	200
1653136330.807	/MyCase1	87872	0	0	0	0	0	0	0	0	200
1653136330.822	/MyCase1	82278	0	0	0	0	0	0	0	0	200
1653136330.838	/MyCase1	81430	0	0	0	0	0	0	0	0	200
1653136330.854	/MyCase1	75178	0	0	0	0	0	0	0	0	200
1653136330.869	/MyCase1	80928	0	0	0	0	0	0	0	0	200
1653136330.886	/MyCase1	83677	0	0	0	0	0	0	0	0	200
1653136330.899	/MyCase1	79970	0	0	0	0	0	0	0	0	200
1653136330.916	/MyCase1	82696	0	0	0	0	0	0	0	0	200
1653136330.931	/MyCase1	75255	0	0	0	0	0	0	0	0	200
1653136330.946	/MyCase1	88079	0	0	0	0	0	0	0	0	200
1653136330.961	/MyCase1	83415	0	0	0	0	0	0	0	0	200
1653136330.976	/MyCase1	89950	0	0	0	0	0	0	0	0	200
1653136330.992	/MyCase1	104867	0	0	0	0	0	0	0	0	200
1653136331.007	/MyCase1	97914	0	0	0	0	0	0	0	0	200
1653136331.025	/MyCase1	92487	0	0	0	0	0	0	0	0	200
1653136331.038	/MyCase1	98372	0	0	0	0	0	0	0	0	200
1653136331.054	/MyCase1	96396	0	0	0	0	0	0	0	0	200
1653136331.069	/MyCase1	102309	0	0	0	0	0	0	0	0	200
1653136331.084	/MyCase1	98482	0	0	0	0	0	0	0	0	200
1653136331.099	/MyCase1	94483	0	0	0	0	0	0	0	0	200
1653136331.114	/MyCase1	101707	0	0	0	0	0	0	0	0	200
1653136331.129	/MyCase1	90004	0	0	0	0	0	0	0	0	200
1653136331.146	/MyCase1	75673	0	0	0	0	0	0	0	0	200
1653136331.159	/MyCase1	78884	0	0	0	0	0	0	0	0	200
1653136331.174	/MyCase1	80985	0	0	0	0	0	0	0	0	200
1653136331.189	/MyCase1	86251	0	0	0	0	0	0	0	0	200
1653136331.204	/MyCase1	94335	0	0	0	0	0	0	0	0	200
1653136331.219	/MyCase1	88075	0	0	0	0	0	0	0	0	200
1653136331.234	/MyCase1	97400	0	0	0	0	0	0	0	0	200
1653136331.249	/MyCase1	96352	0	0	0	0	0	0	0	0	200
1653136331.263	/MyCase1	95044	0	0	0	0	0	0	0	0	200
1653136331.294	/MyCase1	79094	0	0	0	0	0	0	0	0	200
1653136331.279	/MyCase1	100918	0	0	0	0	0	0	0	0	200
1653136331.308	/MyCase1	88455	0	0	0	0	0	0	0	0	200
1653136331.323	/MyCase1	91371	0	0	0	0	0	0	0	0	200
1653136331.338	/MyCase1	82824	0	0	0	0	0	0	0	0	200
1653136331.353	/MyCase1	84040	0	0	0	0	0	0	0	0	200
1653136331.368	/MyCase1	82249	0	0	0	0	0	0	0	0	200
1653136331.382	/MyCase1	73199	0	0	0	0	0	0	0	0	200
1653136331.397	/MyCase1	85915	0	0	0	0	0	0	0	0	200
1653136331.411	/MyCase1	97653	0	0	0	0	0	0	0	0	200
1653136331.426	/MyCase1	97880	0	0	0	0	0	0	0	0	200
1653136331.441	/MyCase1	98142	0	0	0	0	0	0	0	0	200
1653136331.455	/MyCase1	96960	0	0	0	0	0	0	0	0	200
1653136331.470	/MyCase1	104555	0	0	0	0	0	0	0	0	200
1653136331.484	/MyCase1	91258	0	0	0	0	0	0	0	0	200
1653136331.499	/MyCase1	81162	0	0	0	0	0	0	0	0	200
1653136331.514	/MyCase1	78843	0	0	0	0	0	0	0	0	200
1653136331.528	/MyCase1	82897	0	0	0	0	0	0	0	0	200
1653136331.542	/MyCase1	94337	0	0	0	0	0	0	0	0	200
1653136331.557	/MyCase1	82955	0	0	0	0	0	0	0	0	200
1653136331.572	/MyCase1	98497	0	0	0	0	0	0	0	0	200
1653136331.587	/MyCase1	100401	0	0	0	0	0	0	0	0	200
1653136331.601	/MyCase1	100454	0	0	0	0	0	0	0	0	200
1653136331.616	/MyCase1	93576	0	0	0	0	0	0	0	0	200
1653136331.630	/MyCase1	94200	0	0	0	0	0	0	0	0	200
1653136331.644	/MyCase1	82246	0	0	0	0	0	0	0	0	200
1653136331.673	/MyCase1	87378	0	0	0	0	0	0	0	0	200
1653136331.686	/MyCase1	111787	0	0	0	0	0	0	0	0	200
1653136331.658	/MyCase1	141330	0	0	0	0	0	0	0	0	200
1653136331.702	/MyCase1	101642	0	0	0	0	0	0	0	0	200
1653136331.716	/MyCase1	111435	0	0	0	0	0	0	0	0	200
1653136331.746	/MyCase1	116822	0	0	0	0	0	0	0	0	200
1653136331.773	/MyCase1	94848	0	0	0	0	0	0	0	0	200
1653136331.758	/MyCase1	118268	0	0	0	0	0	0	0	0	200
1653136331.729	/MyCase1	149598	0	0	0	0	0	0	0	0	200
1653136331.800	/MyCase1	94233	0	0	0	0	0	0	0	0	200
1653136331.828	/MyCase1	94203	0	0	0	0	0	0	0	0	200
1653136331.826	/MyCase1	108410	0	0	0	0	0	0	0	0	200
1653136331.859	/MyCase1	83448	0	0	0	0	0	0	0	0	200
1653136331.845	/MyCase1	98719	0	0	0	0	0	0	0	0	200
1653136331.871	/MyCase1	86962	0	0	0	0	0	0	0	0	200
1653136331.885	/MyCase1	93601	0	0	0	0	0	0	0	0	200
1653136331.899	/MyCase1	94736	0	0	0	0	0	0	0	0	200
1653136331.913	/MyCase1	93932	0	0	0	0	0	0	0	0	200
1653136331.926	/MyCase1	93780	0	0	0	0	0	0	0	0	200
1653136331.941	/MyCase1	90668	0	0	0	0	0	0	0	0	200
1653136331.788	/MyCase1	263809	0	0	0	0	0	0	0	0	200
1653136331.955	/MyCase1	98300	0	0	0	0	0	0	0	0	200
1653136331.969	/MyCase1	88095	0	0	0	0	0	0	0	0	200
1653136331.997	/MyCase1	77774	0	0	0	0	0	0	0	0	200
1653136331.983	/MyCase1	93650	0	0	0	0	0	0	0	0	200
1653136332.010	/MyCase1	89743	0	0	0	0	0	0	0	0	200
1653136332.024	/MyCase1	85809	0	0	0	0	0	0	0	0	200
1653136332.038	/MyCase1	91980	0	0	0	0	0	0	0	0	200
1653136332.052	/MyCase1	101752	0	0	0	0	0	0	0	0	200
1653136332.065	/MyCase1	90056	0	0	0	0	0	0	0	0	200
1653136332.080	/MyCase1	89595	0	0	0	0	0	0	0	0	200
1653136332.093	/MyCase1	89453	0	0	0	0	0	0	0	0	200
1653136332.107	/MyCase1	89156	0	0	0	0	0	0	0	0	200
1653136332.121	/MyCase1	92311	0	0	0	0	0	0	0	0	200
1653136332.134	/MyCase1	96125	0	0	0	0	0	0	0	0	200
1653136332.149	/MyCase1	102333	0	0	0	0	0	0	0	0	200
1653136332.162	/MyCase1	90091	0	0	0	0	0	0	0	0	200
1653136332.176	/MyCase1	94668	0	0	0	0	0	0	0	0	200
1653136332.189	/MyCase1	84369	0	0	0	0	0	0	0	0	200
1653136332.202	/MyCase1	82997	0	0	0	0	0	0	0	0	200
1653136332.217	/MyCase1	78589	0	0	0	0	0	0	0	0	200
1653136332.230	/MyCase1	85078	0	0	0	0	0	0	0	0	200
1653136332.244	/MyCase1	91228	0	0	0	0	0	0	0	0	200
1653136332.258	/MyCase1	101227	0	0	0	0	0	0	0	0	200
1653136332.270	/MyCase1	98984	0	0	0	0	0	0	0	0	200
1653136332.284	/MyCase1	89913	0	0	0	0	0	0	0	0	200
1653136332.298	/MyCase1	87410	0	0	0	0	0	0	0	0	200
1653136332.311	/MyCase1	77323	0	0	0	0	0	0	0	0	200
1653136332.325	/MyCase1	82029	0	0	0	0	0	0	0	0	200
1653136332.338	/MyCase1	80979	0	0	0	0	0	0	0	0	200
1653136332.352	/MyCase1	89708	0	0	0	0	0	0	0	0	200
1653136332.365	/MyCase1	90946	0	0	0	0	0	0	0	0	200
1653136332.378	/MyCase1	95746	0	0	0	0	0	0	0	0	200
1653136332.405	/MyCase1	82964	0	0	0	0	0	0	0	0	200
1653136332.392	/MyCase1	100154	0	0	0	0	0	0	0	0	200
1653136332.419	/MyCase1	84723	0	0	0	0	0	0	0	0	200
1653136332.432	/MyCase1	82801	0	0	0	0	0	0	0	0	200
1653136332.446	/MyCase1	84024	0	0	0	0	0	0	0	0	200
1653136332.459	/MyCase1	85391	0	0	0	0	0	0	0	0	200
1653136332.472	/MyCase1	82955	0	0	0	0	0	0	0	0	200
1653136332.485	/MyCase1	88377	0	0	0	0	0	0	0	0	200
1653136332.498	/MyCase1	98207	0	0	0	0	0	0	0	0	200
1653136332.511	/MyCase1	95525	0	0	0	0	0	0	0	0	200
1653136332.526	/MyCase1	97676	0	0	0	0	0	0	0	0	200
1653136332.552	/MyCase1	80852	0	0	0	0	0	0	0	0	200
1653136332.539	/MyCase1	102822	0	0	0	0	0	0	0	0	200
1653136332.565	/MyCase1	94779	0	0	0	0	0	0	0	0	200
1653136332.578	/MyCase1	83173	0	0	0	0	0	0	0	0	200
1653136332.592	/MyCase1	89139	0	0	0	0	0	0	0	0	200
1653136332.605	/MyCase1	95260	0	0	0	0	0	0	0	0	200
1653136332.617	/MyCase1	107963	0	0	0	0	0	0	0	0	200
1653136332.630	/MyCase1	97487	0	0	0	0	0	0	0	0	200
1653136332.644	/MyCase1	87990	0	0	0	0	0	0	0	0	200
1653136332.656	/MyCase1	80075	0	0	0	0	0	0	0	0	200
1653136332.669	/MyCase1	84032	0	0	0	0	0	0	0	0	200
1653136332.682	/MyCase1	81049	0	0	0	0	0	0	0	0	200
1653136332.696	/MyCase1	90255	0	0	0	0	0	0	0	0	200
1653136332.709	/MyCase1	82650	0	0	0	0	0	0	0	0	200
1653136332.722	/MyCase1	87629	0	0	0	0	0	0	0	0	200
1653136332.735	/MyCase1	77274	0	0	0	0	0	0	0	0	200
1653136332.748	/MyCase1	78621	0	0	0	0	0	0	0	0	200
1653136332.761	/MyCase1	86395	0	0	0	0	0	0	0	0	200
1653136332.776	/MyCase1	80520	0	0	0	0	0	0	0	0	200
1653136332.787	/MyCase1	87346	0	0	0	0	0	0	0	0	200
1653136332.800	/MyCase1	77600	0	0	0	0	0	0	0	0	200
1653136332.812	/MyCase1	85646	0	0	0	0	0	0	0	0	200
1653136332.825	/MyCase1	100793	0	0	0	0	0	0	0	0	200
1653136332.839	/MyCase1	96820	0	0	0	0	0	0	0	0	200
1653136332.852	/MyCase1	106812	0	0	0	0	0	0	0	0	200
1653136332.865	/MyCase1	99355	0	0	0	0	0	0	0	0	200
1653136332.877	/MyCase1	93178	0	0	0	0	0	0	0	0	200
1653136332.890	/MyCase1	81666	0	0	0	0	0	0	0	0	200
1653136332.903	/MyCase1	87315	0	0	0	0	0	0	0	0	200
1653136332.917	/MyCase1	82483	0	0	0	0	0	0	0	0	200
1653136332.928	/MyCase1	95524	0	0	0	0	0	0	0	0	200
1653136332.941	/MyCase1	102590	0	0	0	0	0	0	0	0	200
1653136332.954	/MyCase1	100135	0	0	0	0	0	0	0	0	200
1653136332.966	/MyCase1	88722	0	0	0	0	0	0	0	0	200
1653136332.979	/MyCase1	85977	0	0	0	0	0	0	0	0	200
1653136332.992	/MyCase1	97303	0	0	0	0	0	0	0	0	200
1653136333.005	/MyCase1	94085	0	0	0	0	0	0	0	0	200
1653136333.018	/MyCase1	86281	0	0	0	0	0	0	0	0	200
1653136333.030	/MyCase1	80580	0	0	0	0	0	0	0	0	200
1653136333.042	/MyCase1	80715	0	0	0	0	0	0	0	0	200
1653136333.055	/MyCase1	97160	0	0	0	0	0	0	0	0	200
1653136333.068	/MyCase1	89039	0	0	0	0	0	0	0	0	200
1653136333.081	/MyCase1	97834	0	0	0	0	0	0	0	0	200
1653136333.093	/MyCase1	91515	0	0	0	0	0	0	0	0	200
1653136333.118	/MyCase1	85272	0	0	0	0	0	0	0	0	200
1653136333.105	/MyCase1	102503	0	0	0	0	0	0	0	0	200
1653136333.131	/MyCase1	81845	0	0	0	0	0	0	0	0	200
1653136333.143	/MyCase1	76706	0	0	0	0	0	0	0	0	200
1653136333.155	/MyCase1	82677	0	0	0	0	0	0	0	0	200
1653136333.169	/MyCase1	77471	0	0	0	0	0	0	0	0	200
1653136333.181	/MyCase1	90299	0	0	0	0	0	0	0	0	200
1653136333.194	/MyCase1	82578	0	0	0	0	0	0	0	0	200
1653136333.205	/MyCase1	85129	0	0	0	0	0	0	0	0	200
1653136333.219	/MyCase1	75131	0	0	0	0	0	0	0	0	200
1653136333.231	/MyCase1	82244	0	0	0	0	0	0	0	0	200
1653136333.243	/MyCase1	89970	0	0	0	0	0	0	0	0	200
1653136333.255	/MyCase1	92890	0	0	0	0	0	0	0	0	200
1653136333.268	/MyCase1	86653	0	0	0	0	0	0	0	0	200
1653136333.281	/MyCase1	80427	0	0	0	0	0	0	0	0	200
1653136333.293	/MyCase1	80621	0	0	0	0	0	0	0	0	200
1653136333.307	/MyCase1	81787	0	0	0	0	0	0	0	0	200
1653136333.319	/MyCase1	80857	0	0	0	0	0	0	0	0	200
1653136333.330	/MyCase1	79248	0	0	0	0	0	0	0	0	200
1653136333.342	/MyCase1	90799	0	0	0	0	0	0	0	0	200
1653136333.355	/MyCase1	103221	0	0	0	0	0	0	0	0	200
1653136333.368	/MyCase1	92722	0	0	0	0	0	0	0	0	200
1653136333.380	/MyCase1	84076	0	0	0	0	0	0	0	0	200
1653136333.392	/MyCase1	83884	0	0	0	0	0	0	0	0	200
1653136333.404	/MyCase1	90075	0	0	0	0	0	0	0	0	200
1653136333.417	/MyCase1	93101	0	0	0	0	0	0	0	0	200
1653136333.441	/MyCase1	94143	0	0	0	0	0	0	0	0	200
1653136333.430	/MyCase1	107089	0	0	0	0	0	0	0	0	200
1653136333.454	/MyCase1	86200	0	0	0	0	0	0	0	0	200
1653136333.465	/MyCase1	84824	0	0	0	0	0	0	0	0	200
1653136333.478	/MyCase1	79499	0	0	0	0	0	0	0	0	200
1653136333.490	/MyCase1	94035	0	0	0	0	0	0	0	0	200
1653136333.503	/MyCase1	92345	0	0	0	0	0	0	0	0	200
1653136333.515	/MyCase1	100703	0	0	0	0	0	0	0	0	200
1653136333.526	/MyCase1	109845	0	0	0	0	0	0	0	0	200
1653136333.538	/MyCase1	99564	0	0	0	0	0	0	0	0	200
1653136333.550	/MyCase1	99018	0	0	0	0	0	0	0	0	200
1653136333.576	/MyCase1	91555	0	0	0	0	0	0	0	0	200
1653136333.563	/MyCase1	105159	0	0	0	0	0	0	0	0	200
1653136333.587	/MyCase1	84980	0	0	0	0	0	0	0	0	200
1653136333.600	/MyCase1	97169	0	0	0	0	0	0	0	0	200
1653136333.623	/MyCase1	85826	0	0	0	0	0	0	0	0	200
1653136333.611	/MyCase1	102160	0	0	0	0	0	0	0	0	200
1653136333.636	/MyCase1	116762	0	0	0	0	0	0	0	0	200
1653136333.659	/MyCase1	96027	0	0	0	0	0	0	0	0	200
1653136333.647	/MyCase1	110444	0	0	0	0	0	0	0	0	200
1653136333.671	/MyCase1	93375	0	0	0	0	0	0	0	0	200
1653136333.684	/MyCase1	88290	0	0	0	0	0	0	0	0	200
1653136333.696	/MyCase1	87139	0	0	0	0	0	0	0	0	200
1653136333.707	/MyCase1	99278	0	0	0	0	0	0	0	0	200
1653136333.719	/MyCase1	99240	0	0	0	0	0	0	0	0	200
1653136333.732	/MyCase1	94647	0	0	0	0	0	0	0	0	200
1653136333.746	/MyCase1	91521	0	0	0	0	0	0	0	0	200
1653136333.755	/MyCase1	94548	0	0	0	0	0	0	0	0	200
1653136333.768	/MyCase1	88481	0	0	0	0	0	0	0	0	200
1653136333.779	/MyCase1	91347	0	0	0	0	0	0	0	0	200
1653136333.791	/MyCase1	94254	0	0	0	0	0	0	0	0	200
1653136333.803	/MyCase1	98208	0	0	0	0	0	0	0	0	200
1653136333.815	/MyCase1	93919	0	0	0	0	0	0	0	0	200
1653136333.827	/MyCase1	82349	0	0	0	0	0	0	0	0	200
1653136333.839	/MyCase1	79637	0	0	0	0	0	0	0	0	200
1653136333.850	/MyCase1	94581	0	0	0	0	0	0	0	0	200
1653136333.862	/MyCase1	94813	0	0	0	0	0	0	0	0	200
1653136333.874	/MyCase1	91373	0	0	0	0	0	0	0	0	200
1653136333.886	/MyCase1	92011	0	0	0	0	0	0	0	0	200
1653136333.899	/MyCase1	108912	0	0	0	0	0	0	0	0	200
1653136333.921	/MyCase1	87622	0	0	0	0	0	0	0	0	200
1653136333.909	/MyCase1	100771	0	0	0	0	0	0	0	0	200
1653136333.933	/MyCase1	81066	0	0	0	0	0	0	0	0	200
1653136333.945	/MyCase1	95879	0	0	0	0	0	0	0	0	200
1653136333.969	/MyCase1	77841	0	0	0	0	0	0	0	0	200
1653136333.957	/MyCase1	93334	0	0	0	0	0	0	0	0	200
1653136333.981	/MyCase1	77879	0	0	0	0	0	0	0	0	200
1653136333.992	/MyCase1	82180	0	0	0	0	0	0	0	0	200
1653136334.015	/MyCase1	85625	0	0	0	0	0	0	0	0	200
1653136334.027	/MyCase1	83324	0	0	0	0	0	0	0	0	200
1653136334.039	/MyCase1	82504	0	0	0	0	0	0	0	0	200
1653136334.051	/MyCase1	81451	0	0	0	0	0	0	0	0	200
1653136334.062	/MyCase1	86246	0	0	0	0	0	0	0	0	200
1653136334.074	/MyCase1	89024	0	0	0	0	0	0	0	0	200
1653136334.086	/MyCase1	87704	0	0	0	0	0	0	0	0	200
1653136334.097	/MyCase1	80494	0	0	0	0	0	0	0	0	200
1653136334.109	/MyCase1	91952	0	0	0	0	0	0	0	0	200
1653136334.132	/MyCase1	81813	0	0	0	0	0	0	0	0	200
1653136334.120	/MyCase1	96241	0	0	0	0	0	0	0	0	200
1653136334.143	/MyCase1	91255	0	0	0	0	0	0	0	0	200
1653136334.004	/MyCase1	244608	0	0	0	0	0	0	0	0	200
1653136334.155	/MyCase1	94097	0	0	0	0	0	0	0	0	200
1653136334.178	/MyCase1	82500	0	0	0	0	0	0	0	0	200
1653136334.167	/MyCase1	97171	0	0	0	0	0	0	0	0	200
1653136334.190	/MyCase1	89901	0	0	0	0	0	0	0	0	200
1653136334.201	/MyCase1	92785	0	0	0	0	0	0	0	0	200
1653136334.213	/MyCase1	88300	0	0	0	0	0	0	0	0	200
1653136334.224	/MyCase1	88227	0	0	0	0	0	0	0	0	200
1653136334.236	/MyCase1	81891	0	0	0	0	0	0	0	0	200
1653136334.247	/MyCase1	95237	0	0	0	0	0	0	0	0	200
1653136334.260	/MyCase1	88372	0	0	0	0	0	0	0	0	200
1653136334.270	/MyCase1	95007	0	0	0	0	0	0	0	0	200
1653136334.293	/MyCase1	94663	0	0	0	0	0	0	0	0	200
1653136334.283	/MyCase1	105952	0	0	0	0	0	0	0	0	200
1653136334.316	/MyCase1	88377	0	0	0	0	0	0	0	0	200
1653136334.305	/MyCase1	100795	0	0	0	0	0	0	0	0	200
1653136334.328	/MyCase1	82080	0	0	0	0	0	0	0	0	200
1653136334.339	/MyCase1	76706	0	0	0	0	0	0	0	0	200
1653136334.351	/MyCase1	84297	0	0	0	0	0	0	0	0	200
1653136334.362	/MyCase1	89612	0	0	0	0	0	0	0	0	200
1653136334.374	/MyCase1	79106	0	0	0	0	0	0	0	0	200
1653136334.386	/MyCase1	86373	0	0	0	0	0	0	0	0	200
1653136334.397	/MyCase1	86618	0	0	0	0	0	0	0	0	200
1653136334.419	/MyCase1	86283	0	0	0	0	0	0	0	0	200
1653136334.408	/MyCase1	97710	0	0	0	0	0	0	0	0	200
1653136334.430	/MyCase1	81453	0	0	0	0	0	0	0	0	200
1653136334.441	/MyCase1	80944	0	0	0	0	0	0	0	0	200
1653136334.453	/MyCase1	86251	0	0	0	0	0	0	0	0	200
1653136334.464	/MyCase1	92668	0	0	0	0	0	0	0	0	200
1653136334.486	/MyCase1	90144	0	0	0	0	0	0	0	0	200
1653136334.476	/MyCase1	102567	0	0	0	0	0	0	0	0	200
1653136334.498	/MyCase1	95948	0	0	0	0	0	0	0	0	200
1653136334.510	/MyCase1	91821	0	0	0	0	0	0	0	0	200
1653136334.520	/MyCase1	82548	0	0	0	0	0	0	0	0	200
1653136334.532	/MyCase1	80185	0	0	0	0	0	0	0	0	200
1653136334.543	/MyCase1	79908	0	0	0	0	0	0	0	0	200
1653136334.555	/MyCase1	83081	0	0	0	0	0	0	0	0	200
1653136334.567	/MyCase1	87622	0	0	0	0	0	0	0	0	200
1653136334.576	/MyCase1	96248	0	0	0	0	0	0	0	0	200
1653136334.588	/MyCase1	92638	0	0	0	0	0	0	0	0	200
1653136334.599	/MyCase1	85472	0	0	0	0	0	0	0	0	200
1653136334.610	/MyCase1	91590	0	0	0	0	0	0	0	0	200
1653136334.633	/MyCase1	97382	0	0	0	0	0	0	0	0	200
1653136334.622	/MyCase1	116562	0	0	0	0	0	0	0	0	200
1653136334.644	/MyCase1	95559	0	0	0	0	0	0	0	0	200
1653136334.656	/MyCase1	88675	0	0	0	0	0	0	0	0	200
1653136334.667	/MyCase1	86113	0	0	0	0	0	0	0	0	200
1653136334.677	/MyCase1	89715	0	0	0	0	0	0	0	0	200
1653136334.700	/MyCase1	85474	0	0	0	0	0	0	0	0	200
1653136334.711	/MyCase1	77616	0	0	0	0	0	0	0	0	200
1653136334.689	/MyCase1	100938	0	0	0	0	0	0	0	0	200
1653136334.722	/MyCase1	78943	0	0	0	0	0	0	0	0	200
1653136334.733	/MyCase1	84042	0	0	0	0	0	0	0	0	200
1653136334.745	/MyCase1	89040	0	0	0	0	0	0	0	0	200
1653136334.755	/MyCase1	98102	0	0	0	0	0	0	0	0	200
1653136334.766	/MyCase1	88166	0	0	0	0	0	0	0	0	200
1653136334.777	/MyCase1	92596	0	0	0	0	0	0	0	0	200
1653136334.800	/MyCase1	103458	0	0	0	0	0	0	0	0	200
1653136334.788	/MyCase1	119215	0	0	0	0	0	0	0	0	200
1653136334.810	/MyCase1	97658	0	0	0	0	0	0	0	0	200
1653136334.822	/MyCase1	100089	0	0	0	0	0	0	0	0	200
1653136334.832	/MyCase1	90248	0	0	0	0	0	0	0	0	200
1653136334.844	/MyCase1	80046	0	0	0	0	0	0	0	0	200
1653136334.854	/MyCase1	86671	0	0	0	0	0	0	0	0	200
1653136334.866	/MyCase1	100043	0	0	0	0	0	0	0	0	200
1653136334.877	/MyCase1	95199	0	0	0	0	0	0	0	0	200
1653136334.893	/MyCase1	101651	0	0	0	0	0	0	0	0	200
1653136334.904	/MyCase1	92834	0	0	0	0	0	0	0	0	200
1653136334.920	/MyCase1	97213	0	0	0	0	0	0	0	0	200
1653136334.909	/MyCase1	110882	0	0	0	0	0	0	0	0	200
1653136334.931	/MyCase1	88787	0	0	0	0	0	0	0	0	200
1653136334.953	/MyCase1	84929	0	0	0	0	0	0	0	0	200
1653136334.942	/MyCase1	105342	0	0	0	0	0	0	0	0	200
1653136334.964	/MyCase1	88973	0	0	0	0	0	0	0	0	200
1653136334.975	/MyCase1	108473	0	0	0	0	0	0	0	0	200
1653136334.986	/MyCase1	100289	0	0	0	0	0	0	0	0	200
1653136335.007	/MyCase1	92079	0	0	0	0	0	0	0	0	200
1653136335.019	/MyCase1	81975	0	0	0	0	0	0	0	0	200
1653136334.997	/MyCase1	107701	0	0	0	0	0	0	0	0	200
1653136335.029	/MyCase1	87054	0	0	0	0	0	0	0	0	200
1653136335.040	/MyCase1	89109	0	0	0	0	0	0	0	0	200
1653136335.050	/MyCase1	93970	0	0	0	0	0	0	0	0	200
1653136335.061	/MyCase1	90958	0	0	0	0	0	0	0	0	200
1653136335.072	/MyCase1	86230	0	0	0	0	0	0	0	0	200
1653136335.083	/MyCase1	116465	0	0	0	0	0	0	0	0	200
1653136335.105	/MyCase1	95785	0	0	0	0	0	0	0	0	200
1653136335.095	/MyCase1	107557	0	0	0	0	0	0	0	0	200
1653136335.116	/MyCase1	87264	0	0	0	0	0	0	0	0	200
1653136335.127	/MyCase1	79958	0	0	0	0	0	0	0	0	200
1653136335.138	/MyCase1	87634	0	0	0	0	0	0	0	0	200
1653136335.148	/MyCase1	99066	0	0	0	0	0	0	0	0	200
1653136335.158	/MyCase1	89479	0	0	0	0	0	0	0	0	200
1653136335.169	/MyCase1	90944	0	0	0	0	0	0	0	0	200
1653136335.181	/MyCase1	80519	0	0	0	0	0	0	0	0	200
1653136335.200	/MyCase1	97681	0	0	0	0	0	0	0	0	200
1653136335.201	/MyCase1	97494	0	0	0	0	0	0	0	0	200
1653136335.224	/MyCase1	81054	0	0	0	0	0	0	0	0	200
1653136335.212	/MyCase1	95207	0	0	0	0	0	0	0	0	200
1653136335.235	/MyCase1	82875	0	0	0	0	0	0	0	0	200
1653136335.245	/MyCase1	92687	0	0	0	0	0	0	0	0	200
1653136335.255	/MyCase1	93863	0	0	0	0	0	0	0	0	200
1653136335.265	/MyCase1	86845	0	0	0	0	0	0	0	0	200
1653136335.276	/MyCase1	88209	0	0	0	0	0	0	0	0	200
1653136335.287	/MyCase1	93264	0	0	0	0	0	0	0	0	200
1653136335.298	/MyCase1	92827	0	0	0	0	0	0	0	0	200
1653136335.308	/MyCase1	92539	0	0	0	0	0	0	0	0	200
1653136335.319	/MyCase1	92839	0	0	0	0	0	0	0	0	200
1653136335.330	/MyCase1	85264	0	0	0	0	0	0	0	0	200
1653136335.340	/MyCase1	91182	0	0	0	0	0	0	0	0	200
1653136335.363	/MyCase1	79717	0	0	0	0	0	0	0	0	200
1653136335.351	/MyCase1	96775	0	0	0	0	0	0	0	0	200
1653136335.373	/MyCase1	90027	0	0	0	0	0	0	0	0	200
1653136335.393	/MyCase1	84868	0	0	0	0	0	0	0	0	200
1653136335.383	/MyCase1	96123	0	0	0	0	0	0	0	0	200
1653136335.404	/MyCase1	91787	0	0	0	0	0	0	0	0	200
1653136335.414	/MyCase1	90668	0	0	0	0	0	0	0	0	200
1653136335.425	/MyCase1	86672	0	0	0	0	0	0	0	0	200
1653136335.436	/MyCase1	90766	0	0	0	0	0	0	0	0	200
1653136335.446	/MyCase1	84664	0	0	0	0	0	0	0	0	200
1653136335.457	/MyCase1	77348	0	0	0	0	0	0	0	0	200
1653136335.467	/MyCase1	83039	0	0	0	0	0	0	0	0	200
1653136335.478	/MyCase1	90397	0	0	0	0	0	0	0	0	200
1653136335.499	/MyCase1	81693	0	0	0	0	0	0	0	0	200
1653136335.489	/MyCase1	92686	0	0	0	0	0	0	0	0	200
1653136335.510	/MyCase1	86608	0	0	0	0	0	0	0	0	200
1653136335.520	/MyCase1	95830	0	0	0	0	0	0	0	0	200
1653136335.530	/MyCase1	91344	0	0	0	0	0	0	0	0	200
1653136335.540	/MyCase1	86730	0	0	0	0	0	0	0	0	200
1653136335.562	/MyCase1	79030	0	0	0	0	0	0	0	0	200
1653136335.551	/MyCase1	95709	0	0	0	0	0	0	0	0	200
1653136335.572	/MyCase1	90446	0	0	0	0	0	0	0	0	200
1653136335.582	/MyCase1	94551	0	0	0	0	0	0	0	0	200
1653136335.594	/MyCase1	85817	0	0	0	0	0	0	0	0	200
1653136335.604	/MyCase1	80724	0	0	0	0	0	0	0	0	200
1653136335.614	/MyCase1	95169	0	0	0	0	0	0	0	0	200
1653136335.625	/MyCase1	95508	0	0	0	0	0	0	0	0	200
1653136335.634	/MyCase1	93808	0	0	0	0	0	0	0	0	200
1653136335.645	/MyCase1	95040	0	0	0	0	0	0	0	0	200
1653136335.655	/MyCase1	85423	0	0	0	0	0	0	0	0	200
1653136335.666	/MyCase1	88475	0	0	0	0	0	0	0	0	200
1653136335.686	/MyCase1	79534	0	0	0	0	0	0	0	0	200
1653136335.697	/MyCase1	79257	0	0	0	0	0	0	0	0	200
1653136335.676	/MyCase1	101973	0	0	0	0	0	0	0	0	200
1653136335.707	/MyCase1	78458	0	0	0	0	0	0	0	0	200
1653136335.718	/MyCase1	93757	0	0	0	0	0	0	0	0	200
1653136335.728	/MyCase1	85396	0	0	0	0	0	0	0	0	200
1653136335.758	/MyCase1	71483	0	0	0	0	0	0	0	0	200
1653136335.738	/MyCase1	92648	0	0	0	0	0	0	0	0	200
1653136335.749	/MyCase1	83445	0	0	0	0	0	0	0	0	200
1653136335.769	/MyCase1	96170	0	0	0	0	0	0	0	0	200
1653136335.790	/MyCase1	88247	0	0	0	0	0	0	0	0	200
1653136335.780	/MyCase1	99652	0	0	0	0	0	0	0	0	200
1653136335.810	/MyCase1	93281	0	0	0	0	0	0	0	0	200
1653136335.800	/MyCase1	104374	0	0	0	0	0	0	0	0	200
1653136335.821	/MyCase1	92865	0	0	0	0	0	0	0	0	200
1653136335.830	/MyCase1	102524	0	0	0	0	0	0	0	0	200
1653136335.841	/MyCase1	92383	0	0	0	0	0	0	0	0	200
1653136335.862	/MyCase1	95042	0	0	0	0	0	0	0	0	200
1653136335.852	/MyCase1	116499	0	0	0	0	0	0	0	0	200
1653136335.881	/MyCase1	92780	0	0	0	0	0	0	0	0	200
1653136335.872	/MyCase1	103844	0	0	0	0	0	0	0	0	200
1653136335.894	/MyCase1	95219	0	0	0	0	0	0	0	0	200
1653136335.904	/MyCase1	92493	0	0	0	0	0	0	0	0	200
1653136335.912	/MyCase1	94139	0	0	0	0	0	0	0	0	200
1653136335.923	/MyCase1	91667	0	0	0	0	0	0	0	0	200
1653136335.933	/MyCase1	90945	0	0	0	0	0	0	0	0	200
1653136335.943	/MyCase1	97004	0	0	0	0	0	0	0	0	200
1653136335.957	/MyCase1	85086	0	0	0	0	0	0	0	0	200
1653136335.969	/MyCase1	78823	0	0	0	0	0	0	0	0	200
1653136335.974	/MyCase1	81673	0	0	0	0	0	0	0	0	200
1653136335.984	/MyCase1	83987	0	0	0	0	0	0	0	0	200
1653136335.994	/MyCase1	84366	0	0	0	0	0	0	0	0	200
1653136336.004	/MyCase1	83555	0	0	0	0	0	0	0	0	200
1653136336.014	/MyCase1	83448	0	0	0	0	0	0	0	0	200
1653136336.024	/MyCase1	88442	0	0	0	0	0	0	0	0	200
1653136336.035	/MyCase1	94841	0	0	0	0	0	0	0	0	200
1653136336.045	/MyCase1	98441	0	0	0	0	0	0	0	0	200
1653136336.055	/MyCase1	94740	0	0	0	0	0	0	0	0	200
1653136336.075	/MyCase1	81961	0	0	0	0	0	0	0	0	200
1653136336.066	/MyCase1	93009	0	0	0	0	0	0	0	0	200
1653136336.086	/MyCase1	82588	0	0	0	0	0	0	0	0	200
1653136336.095	/MyCase1	83095	0	0	0	0	0	0	0	0	200
1653136336.105	/MyCase1	93021	0	0	0	0	0	0	0	0	200
1653136336.115	/MyCase1	99291	0	0	0	0	0	0	0	0	200
1653136336.126	/MyCase1	89516	0	0	0	0	0	0	0	0	200
1653136336.136	/MyCase1	90780	0	0	0	0	0	0	0	0	200
1653136336.156	/MyCase1	90333	0	0	0	0	0	0	0	0	200
1653136336.146	/MyCase1	101289	0	0	0	0	0	0	0	0	200
1653136336.176	/MyCase1	85263	0	0	0	0	0	0	0	0	200
1653136336.165	/MyCase1	97571	0	0	0	0	0	0	0	0	200
1653136336.186	/MyCase1	94044	0	0	0	0	0	0	0	0	200
1653136336.196	/MyCase1	95138	0	0	0	0	0	0	0	0	200
1653136336.205	/MyCase1	93362	0	0	0	0	0	0	0	0	200
1653136336.225	/MyCase1	86966	0	0	0	0	0	0	0	0	200
1653136336.215	/MyCase1	98708	0	0	0	0	0	0	0	0	200
1653136336.236	/MyCase1	82824	0	0	0	0	0	0	0	0	200
1653136336.246	/MyCase1	95270	0	0	0	0	0	0	0	0	200
1653136336.255	/MyCase1	98202	0	0	0	0	0	0	0	0	200
1653136336.265	/MyCase1	94876	0	0	0	0	0	0	0	0	200
1653136336.276	/MyCase1	89437	0	0	0	0	0	0	0	0	200
1653136336.286	/MyCase1	92453	0	0	0	0	0	0	0	0	200
1653136336.305	/MyCase1	97676	0	0	0	0	0	0	0	0	200
1653136336.326	/MyCase1	81897	0	0	0	0	0	0	0	0	200
1653136336.295	/MyCase1	113344	0	0	0	0	0	0	0	0	200
1653136336.315	/MyCase1	94184	0	0	0	0	0	0	0	0	200
1653136336.335	/MyCase1	93878	0	0	0	0	0	0	0	0	200
1653136336.355	/MyCase1	92025	0	0	0	0	0	0	0	0	200
1653136336.345	/MyCase1	102145	0	0	0	0	0	0	0	0	200
1653136336.375	/MyCase1	80958	0	0	0	0	0	0	0	0	200
1653136336.365	/MyCase1	91990	0	0	0	0	0	0	0	0	200
1653136336.384	/MyCase1	86288	0	0	0	0	0	0	0	0	200
1653136336.403	/MyCase1	86963	0	0	0	0	0	0	0	0	200
1653136336.408	/MyCase1	89995	0	0	0	0	0	0	0	0	200
1653136336.415	/MyCase1	95458	0	0	0	0	0	0	0	0	200
1653136336.425	/MyCase1	91499	0	0	0	0	0	0	0	0	200
1653136336.434	/MyCase1	88682	0	0	0	0	0	0	0	0	200
1653136336.447	/MyCase1	81384	0	0	0	0	0	0	0	0	200
1653136336.454	/MyCase1	85496	0	0	0	0	0	0	0	0	200
1653136336.464	/MyCase1	81141	0	0	0	0	0	0	0	0	200
1653136336.473	/MyCase1	79052	0	0	0	0	0	0	0	0	200
1653136336.483	/MyCase1	98706	0	0	0	0	0	0	0	0	200
1653136336.493	/MyCase1	93357	0	0	0	0	0	0	0	0	200
1653136336.503	/MyCase1	96761	0	0	0	0	0	0	0	0	200
1653136336.513	/MyCase1	92911	0	0	0	0	0	0	0	0	200
1653136336.522	/MyCase1	94859	0	0	0	0	0	0	0	0	200
1653136336.532	/MyCase1	101713	0	0	0	0	0	0	0	0	200
1653136336.542	/MyCase1	93079	0	0	0	0	0	0	0	0	200
1653136336.552	/MyCase1	95005	0	0	0	0	0	0	0	0	200
1653136336.562	/MyCase1	98438	0	0	0	0	0	0	0	0	200
1653136336.571	/MyCase1	90669	0	0	0	0	0	0	0	0	200
1653136336.582	/MyCase1	96055	0	0	0	0	0	0	0	0	200
1653136336.591	/MyCase1	94381	0	0	0	0	0	0	0	0	200
1653136336.600	/MyCase1	92734	0	0	0	0	0	0	0	0	200
1653136336.610	/MyCase1	99706	0	0	0	0	0	0	0	0	200
1653136336.620	/MyCase1	92227	0	0	0	0	0	0	0	0	200
1653136336.649	/MyCase1	78928	0	0	0	0	0	0	0	0	200
1653136336.640	/MyCase1	91509	0	0	0	0	0	0	0	0	200
1653136336.634	/MyCase1	100998	0	0	0	0	0	0	0	0	200
1653136336.661	/MyCase1	79557	0	0	0	0	0	0	0	0	200
1653136336.668	/MyCase1	87152	0	0	0	0	0	0	0	0	200
1653136336.678	/MyCase1	82947	0	0	0	0	0	0	0	0	200
1653136336.688	/MyCase1	89375	0	0	0	0	0	0	0	0	200
1653136336.698	/MyCase1	85009	0	0	0	0	0	0	0	0	200
1653136336.710	/MyCase1	116579	0	0	0	0	0	0	0	0	200
1653136336.728	/MyCase1	100221	0	0	0	0	0	0	0	0	200
1653136336.718	/MyCase1	114395	0	0	0	0	0	0	0	0	200
1653136336.737	/MyCase1	97259	0	0	0	0	0	0	0	0	200
1653136336.747	/MyCase1	96793	0	0	0	0	0	0	0	0	200
1653136336.756	/MyCase1	94774	0	0	0	0	0	0	0	0	200
1653136336.766	/MyCase1	89916	0	0	0	0	0	0	0	0	200
1653136336.775	/MyCase1	86712	0	0	0	0	0	0	0	0	200
1653136336.785	/MyCase1	92245	0	0	0	0	0	0	0	0	200
1653136336.795	/MyCase1	95699	0	0	0	0	0	0	0	0	200
1653136336.827	/MyCase1	78899	0	0	0	0	0	0	0	0	200
1653136336.829	/MyCase1	102021	0	0	0	0	0	0	0	0	200
1653136336.834	/MyCase1	97614	0	0	0	0	0	0	0	0	200
1653136336.832	/MyCase1	100761	0	0	0	0	0	0	0	0	200
1653136336.852	/MyCase1	84121	0	0	0	0	0	0	0	0	200
1653136336.844	/MyCase1	95810	0	0	0	0	0	0	0	0	200
1653136336.862	/MyCase1	90124	0	0	0	0	0	0	0	0	200
1653136336.871	/MyCase1	94808	0	0	0	0	0	0	0	0	200
1653136336.891	/MyCase1	86892	0	0	0	0	0	0	0	0	200
1653136336.881	/MyCase1	97262	0	0	0	0	0	0	0	0	200
1653136336.906	/MyCase1	87584	0	0	0	0	0	0	0	0	200
1653136336.938	/MyCase1	82211	0	0	0	0	0	0	0	0	200
1653136336.931	/MyCase1	90530	0	0	0	0	0	0	0	0	200
1653136336.933	/MyCase1	90777	0	0	0	0	0	0	0	0	200
1653136336.932	/MyCase1	93408	0	0	0	0	0	0	0	0	200
1653136336.958	/MyCase1	72170	0	0	0	0	0	0	0	0	200
1653136336.949	/MyCase1	82458	0	0	0	0	0	0	0	0	200
1653136336.966	/MyCase1	82278	0	0	0	0	0	0	0	0	200
1653136336.978	/MyCase1	89019	0	0	0	0	0	0	0	0	200
1653136336.996	/MyCase1	82124	0	0	0	0	0	0	0	0	200
1653136336.986	/MyCase1	97333	0	0	0	0	0	0	0	0	200
1653136337.020	/MyCase1	75950	0	0	0	0	0	0	0	0	200
1653136337.021	/MyCase1	82977	0	0	0	0	0	0	0	0	200
1653136337.034	/MyCase1	87169	0	0	0	0	0	0	0	0	200
1653136337.024	/MyCase1	105658	0	0	0	0	0	0	0	0	200
1653136337.043	/MyCase1	95740	0	0	0	0	0	0	0	0	200
1653136337.052	/MyCase1	90229	0	0	0	0	0	0	0	0	200
1653136337.062	/MyCase1	94013	0	0	0	0	0	0	0	0	200
1653136337.071	/MyCase1	95714	0	0	0	0	0	0	0	0	200
1653136337.081	/MyCase1	92177	0	0	0	0	0	0	0	0	200
1653136337.099	/MyCase1	86875	0	0	0	0	0	0	0	0	200
1653136337.090	/MyCase1	100551	0	0	0	0	0	0	0	0	200
1653136337.109	/MyCase1	100026	0	0	0	0	0	0	0	0	200
1653136337.121	/MyCase1	94564	0	0	0	0	0	0	0	0	200
1653136337.139	/MyCase1	91613	0	0	0	0	0	0	0	0	200
1653136337.130	/MyCase1	107661	0	0	0	0	0	0	0	0	200
1653136337.146	/MyCase1	104201	0	0	0	0	0	0	0	0	200
1653136337.156	/MyCase1	102177	0	0	0	0	0	0	0	0	200
1653136337.167	/MyCase1	94093	0	0	0	0	0	0	0	0	200
1653136337.175	/MyCase1	104924	0	0	0	0	0	0	0	0	200
1653136337.186	/MyCase1	96609	0	0	0	0	0	0	0	0	200
1653136337.209	/MyCase1	87255	0	0	0	0	0	0	0	0	200
1653136337.194	/MyCase1	105284	0	0	0	0	0	0	0	0	200
1653136337.215	/MyCase1	89439	0	0	0	0	0	0	0	0	200
1653136337.231	/MyCase1	81423	0	0	0	0	0	0	0	0	200
1653136337.237	/MyCase1	79992	0	0	0	0	0	0	0	0	200
1653136337.251	/MyCase1	80077	0	0	0	0	0	0	0	0	200
1653136337.258	/MyCase1	77134	0	0	0	0	0	0	0	0	200
1653136337.261	/MyCase1	92453	0	0	0	0	0	0	0	0	200
1653136337.283	/MyCase1	83453	0	0	0	0	0	0	0	0	200
1653136337.280	/MyCase1	87144	0	0	0	0	0	0	0	0	200
1653136337.296	/MyCase1	78140	0	0	0	0	0	0	0	0	200
1653136337.299	/MyCase1	82496	0	0	0	0	0	0	0	0	200
1653136337.306	/MyCase1	86697	0	0	0	0	0	0	0	0	200
1653136337.315	/MyCase1	83293	0	0	0	0	0	0	0	0	200
1653136337.325	/MyCase1	86796	0	0	0	0	0	0	0	0	200
1653136337.343	/MyCase1	89294	0	0	0	0	0	0	0	0	200
1653136337.334	/MyCase1	99122	0	0	0	0	0	0	0	0	200
1653136337.353	/MyCase1	87809	0	0	0	0	0	0	0	0	200
1653136337.366	/MyCase1	92484	0	0	0	0	0	0	0	0	200
1653136337.371	/MyCase1	91080	0	0	0	0	0	0	0	0	200
1653136337.380	/MyCase1	101503	0	0	0	0	0	0	0	0	200
1653136337.390	/MyCase1	98890	0	0	0	0	0	0	0	0	200
1653136337.399	/MyCase1	94965	0	0	0	0	0	0	0	0	200
1653136337.408	/MyCase1	89649	0	0	0	0	0	0	0	0	200
1653136337.417	/MyCase1	98425	0	0	0	0	0	0	0	0	200
1653136337.436	/MyCase1	85929	0	0	0	0	0	0	0	0	200
1653136337.432	/MyCase1	94427	0	0	0	0	0	0	0	0	200
1653136337.459	/MyCase1	118493	0	0	0	0	0	0	0	0	200
1653136337.446	/MyCase1	131810	0	0	0	0	0	0	0	0	200
1653136337.482	/MyCase1	97204	0	0	0	0	0	0	0	0	200
1653136337.465	/MyCase1	115450	0	0	0	0	0	0	0	0	200
1653136337.489	/MyCase1	97926	0	0	0	0	0	0	0	0	200
1653136337.494	/MyCase1	94271	0	0	0	0	0	0	0	0	200
1653136337.501	/MyCase1	91394	0	0	0	0	0	0	0	0	200
1653136337.528	/MyCase1	100303	0	0	0	0	0	0	0	0	200
1653136337.522	/MyCase1	110838	0	0	0	0	0	0	0	0	200
1653136337.516	/MyCase1	117591	0	0	0	0	0	0	0	0	200
1653136337.578	/MyCase1	94647	0	0	0	0	0	0	0	0	200
1653136337.578	/MyCase1	95532	0	0	0	0	0	0	0	0	200
1653136337.580	/MyCase1	94186	0	0	0	0	0	0	0	0	200
1653136337.579	/MyCase1	96156	0	0	0	0	0	0	0	0	200
1653136337.592	/MyCase1	85608	0	0	0	0	0	0	0	0	200
1653136337.587	/MyCase1	98252	0	0	0	0	0	0	0	0	200
1653136337.588	/MyCase1	101604	0	0	0	0	0	0	0	0	200
1653136337.633	/MyCase1	89854	0	0	0	0	0	0	0	0	200
1653136337.633	/MyCase1	91841	0	0	0	0	0	0	0	0	200
1653136337.628	/MyCase1	96977	0	0	0	0	0	0	0	0	200
1653136337.672	/MyCase1	82443	0	0	0	0	0	0	0	0	200
1653136337.673	/MyCase1	89458	0	0	0	0	0	0	0	0	200
1653136337.674	/MyCase1	98778	0	0	0	0	0	0	0	0	200
1653136337.685	/MyCase1	89323	0	0	0	0	0	0	0	0	200
1653136337.675	/MyCase1	100192	0	0	0	0	0	0	0	0	200
1653136337.678	/MyCase1	101077	0	0	0	0	0	0	0	0	200
1653136337.690	/MyCase1	90067	0	0	0	0	0	0	0	0	200
1653136337.723	/MyCase1	76533	0	0	0	0	0	0	0	0	200
1653136337.724	/MyCase1	83202	0	0	0	0	0	0	0	0	200
1653136337.725	/MyCase1	93035	0	0	0	0	0	0	0	0	200
1653136337.755	/MyCase1	83700	0	0	0	0	0	0	0	0	200
1653136337.763	/MyCase1	76736	0	0	0	0	0	0	0	0	200
1653136337.773	/MyCase1	75570	0	0	0	0	0	0	0	0	200
1653136337.775	/MyCase1	91457	0	0	0	0	0	0	0	0	200
1653136337.774	/MyCase1	93460	0	0	0	0	0	0	0	0	200
1653136337.779	/MyCase1	92877	0	0	0	0	0	0	0	0	200
1653136337.780	/MyCase1	104827	0	0	0	0	0	0	0	0	200
1653136337.808	/MyCase1	91355	0	0	0	0	0	0	0	0	200
1653136337.800	/MyCase1	100102	0	0	0	0	0	0	0	0	200
1653136337.818	/MyCase1	91947	0	0	0	0	0	0	0	0	200
1653136337.839	/MyCase1	77496	0	0	0	0	0	0	0	0	200
1653136337.839	/MyCase1	79503	0	0	0	0	0	0	0	0	200
1653136337.849	/MyCase1	78239	0	0	0	0	0	0	0	0	200
1653136337.868	/MyCase1	86530	0	0	0	0	0	0	0	0	200
1653136337.867	/MyCase1	88651	0	0	0	0	0	0	0	0	200
1653136337.872	/MyCase1	101218	0	0	0	0	0	0	0	0	200
1653136337.885	/MyCase1	94513	0	0	0	0	0	0	0	0	200
1653136337.900	/MyCase1	91480	0	0	0	0	0	0	0	0	200
1653136337.899	/MyCase1	98881	0	0	0	0	0	0	0	0	200
1653136337.917	/MyCase1	88449	0	0	0	0	0	0	0	0	200
1653136337.910	/MyCase1	99226	0	0	0	0	0	0	0	0	200
1653136337.918	/MyCase1	95618	0	0	0	0	0	0	0	0	200
1653136337.927	/MyCase1	93626	0	0	0	0	0	0	0	0	200
1653136337.956	/MyCase1	95179	0	0	0	0	0	0	0	0	200
1653136337.954	/MyCase1	107041	0	0	0	0	0	0	0	0	200
1653136337.973	/MyCase1	100257	0	0	0	0	0	0	0	0	200
1653136337.979	/MyCase1	99632	0	0	0	0	0	0	0	0	200
1653136337.992	/MyCase1	93246	0	0	0	0	0	0	0	0	200
1653136338.014	/MyCase1	91030	0	0	0	0	0	0	0	0	200
1653136338.005	/MyCase1	100365	0	0	0	0	0	0	0	0	200
1653136338.010	/MyCase1	100695	0	0	0	0	0	0	0	0	200
1653136337.998	/MyCase1	113077	0	0	0	0	0	0	0	0	200
1653136338.021	/MyCase1	95230	0	0	0	0	0	0	0	0	200
1653136338.051	/MyCase1	75572	0	0	0	0	0	0	0	0	200
1653136338.062	/MyCase1	87818	0	0	0	0	0	0	0	0	200
1653136338.079	/MyCase1	83160	0	0	0	0	0	0	0	0	200
1653136338.085	/MyCase1	81023	0	0	0	0	0	0	0	0	200
1653136338.073	/MyCase1	103577	0	0	0	0	0	0	0	0	200
1653136338.105	/MyCase1	89473	0	0	0	0	0	0	0	0	200
1653136338.106	/MyCase1	90342	0	0	0	0	0	0	0	0	200
1653136338.116	/MyCase1	91070	0	0	0	0	0	0	0	0	200
1653136338.111	/MyCase1	102103	0	0	0	0	0	0	0	0	200
1653136338.111	/MyCase1	104975	0	0	0	0	0	0	0	0	200
1653136338.127	/MyCase1	97934	0	0	0	0	0	0	0	0	200
1653136338.149	/MyCase1	91784	0	0	0	0	0	0	0	0	200
1653136338.162	/MyCase1	87778	0	0	0	0	0	0	0	0	200
1653136338.166	/MyCase1	87535	0	0	0	0	0	0	0	0	200
1653136338.177	/MyCase1	99426	0	0	0	0	0	0	0	0	200
1653136338.194	/MyCase1	96500	0	0	0	0	0	0	0	0	200
1653136338.196	/MyCase1	95826	0	0	0	0	0	0	0	0	200
1653136338.207	/MyCase1	89454	0	0	0	0	0	0	0	0	200
1653136338.213	/MyCase1	102256	0	0	0	0	0	0	0	0	200
1653136338.216	/MyCase1	101389	0	0	0	0	0	0	0	0	200
1653136338.225	/MyCase1	115826	0	0	0	0	0	0	0	0	200
1653136338.241	/MyCase1	100730	0	0	0	0	0	0	0	0	200
1653136338.250	/MyCase1	92980	0	0	0	0	0	0	0	0	200
1653136338.254	/MyCase1	99302	0	0	0	0	0	0	0	0	200
1653136338.277	/MyCase1	94414	0	0	0	0	0	0	0	0	200
1653136338.291	/MyCase1	89196	0	0	0	0	0	0	0	0	200
1653136338.297	/MyCase1	87620	0	0	0	0	0	0	0	0	200
1653136338.292	/MyCase1	93469	0	0	0	0	0	0	0	0	200
1653136338.317	/MyCase1	80541	0	0	0	0	0	0	0	0	200
1653136338.316	/MyCase1	84287	0	0	0	0	0	0	0	0	200
1653136338.341	/MyCase1	92844	0	0	0	0	0	0	0	0	200
1653136338.342	/MyCase1	92689	0	0	0	0	0	0	0	0	200
1653136338.343	/MyCase1	94785	0	0	0	0	0	0	0	0	200
1653136338.353	/MyCase1	86295	0	0	0	0	0	0	0	0	200
1653136338.371	/MyCase1	76498	0	0	0	0	0	0	0	0	200
1653136338.380	/MyCase1	78448	0	0	0	0	0	0	0	0	200
1653136338.384	/MyCase1	86851	0	0	0	0	0	0	0	0	200
1653136338.386	/MyCase1	89475	0	0	0	0	0	0	0	0	200
1653136338.400	/MyCase1	97950	0	0	0	0	0	0	0	0	200
1653136338.398	/MyCase1	102045	0	0	0	0	0	0	0	0	200
1653136338.434	/MyCase1	101223	0	0	0	0	0	0	0	0	200
1653136338.438	/MyCase1	97501	0	0	0	0	0	0	0	0	200
1653136338.435	/MyCase1	105452	0	0	0	0	0	0	0	0	200
1653136338.439	/MyCase1	101638	0	0	0	0	0	0	0	0	200
1653136338.459	/MyCase1	85226	0	0	0	0	0	0	0	0	200
1653136338.471	/MyCase1	81367	0	0	0	0	0	0	0	0	200
1653136338.448	/MyCase1	105850	0	0	0	0	0	0	0	0	200
1653136338.475	/MyCase1	79498	0	0	0	0	0	0	0	0	200
1653136338.498	/MyCase1	75638	0	0	0	0	0	0	0	0	200
1653136338.500	/MyCase1	84814	0	0	0	0	0	0	0	0	200
1653136338.544	/MyCase1	91324	0	0	0	0	0	0	0	0	200
1653136338.541	/MyCase1	94967	0	0	0	0	0	0	0	0	200
1653136338.535	/MyCase1	101796	0	0	0	0	0	0	0	0	200
1653136338.536	/MyCase1	101542	0	0	0	0	0	0	0	0	200
1653136338.554	/MyCase1	86019	0	0	0	0	0	0	0	0	200
1653136338.540	/MyCase1	100425	0	0	0	0	0	0	0	0	200
1653136338.553	/MyCase1	94020	0	0	0	0	0	0	0	0	200
1653136338.555	/MyCase1	93693	0	0	0	0	0	0	0	0	200
1653136338.574	/MyCase1	84324	0	0	0	0	0	0	0	0	200
1653136338.585	/MyCase1	88588	0	0	0	0	0	0	0	0	200
1653136338.640	/MyCase1	91405	0	0	0	0	0	0	0	0	200
1653136338.635	/MyCase1	97467	0	0	0	0	0	0	0	0	200
1653136338.637	/MyCase1	96739	0	0	0	0	0	0	0	0	200
1653136338.641	/MyCase1	93105	0	0	0	0	0	0	0	0	200
1653136338.648	/MyCase1	86558	0	0	0	0	0	0	0	0	200
1653136338.636	/MyCase1	113730	0	0	0	0	0	0	0	0	200
1653136338.647	/MyCase1	118432	0	0	0	0	0	0	0	0	200
1653136338.637	/MyCase1	129586	0	0	0	0	0	0	0	0	200
1653136338.658	/MyCase1	109761	0	0	0	0	0	0	0	0	200
1653136338.673	/MyCase1	100067	0	0	0	0	0	0	0	0	200
1653136338.734	/MyCase1	87048	0	0	0	0	0	0	0	0	200
1653136338.731	/MyCase1	101303	0	0	0	0	0	0	0	0	200
1653136338.735	/MyCase1	98228	0	0	0	0	0	0	0	0	200
1653136338.733	/MyCase1	100935	0	0	0	0	0	0	0	0	200
1653136338.733	/MyCase1	104658	0	0	0	0	0	0	0	0	200
1653136338.767	/MyCase1	91751	0	0	0	0	0	0	0	0	200
1653136338.765	/MyCase1	94059	0	0	0	0	0	0	0	0	200
1653136338.750	/MyCase1	110832	0	0	0	0	0	0	0	0	200
1653136338.768	/MyCase1	96036	0	0	0	0	0	0	0	0	200
1653136338.774	/MyCase1	96371	0	0	0	0	0	0	0	0	200
1653136338.821	/MyCase1	79702	0	0	0	0	0	0	0	0	200
1653136338.834	/MyCase1	94087	0	0	0	0	0	0	0	0	200
1653136338.837	/MyCase1	92057	0	0	0	0	0	0	0	0	200
1653136338.832	/MyCase1	97608	0	0	0	0	0	0	0	0	200
1653136338.833	/MyCase1	98121	0	0	0	0	0	0	0	0	200
1653136338.859	/MyCase1	87927	0	0	0	0	0	0	0	0	200
1653136338.859	/MyCase1	89596	0	0	0	0	0	0	0	0	200
1653136338.864	/MyCase1	92953	0	0	0	0	0	0	0	0	200
1653136338.861	/MyCase1	101994	0	0	0	0	0	0	0	0	200
1653136338.870	/MyCase1	93437	0	0	0	0	0	0	0	0	200
1653136338.901	/MyCase1	72984	0	0	0	0	0	0	0	0	200
1653136338.928	/MyCase1	86743	0	0	0	0	0	0	0	0	200
1653136338.931	/MyCase1	88837	0	0	0	0	0	0	0	0	200
1653136338.929	/MyCase1	91334	0	0	0	0	0	0	0	0	200
1653136338.930	/MyCase1	95304	0	0	0	0	0	0	0	0	200
1653136338.947	/MyCase1	84936	0	0	0	0	0	0	0	0	200
1653136338.948	/MyCase1	85019	0	0	0	0	0	0	0	0	200
1653136338.957	/MyCase1	82183	0	0	0	0	0	0	0	0	200
1653136338.963	/MyCase1	82061	0	0	0	0	0	0	0	0	200
1653136338.964	/MyCase1	85198	0	0	0	0	0	0	0	0	200
1653136338.974	/MyCase1	82573	0	0	0	0	0	0	0	0	200
