2022-05-20 18:31:53,815 [INFO] root consoleworker.py:434	Log file created
2022-05-20 18:31:53,816 [INFO] root consoleworker.py:438	Logging handler <logging.FileHandler object at 0x40191a2c10> added
2022-05-20 18:31:53,817 [INFO] root consoleworker.py:438	Logging handler <logging.StreamHandler object at 0x401916a850> added
2022-05-20 18:31:53,818 [INFO] root consoleworker.py:438	Logging handler <logging.StreamHandler object at 0x401918ea50> added
2022-05-20 18:31:53,820 [INFO] root consoleworker.py:373	Created a folder for the test. /var/loadtest/logs/2022-05-20_18-31-53.647484
2022-05-20 18:31:53,821 [INFO] yandextank.core.tankcore tankcore.py:237	Configuring plugins...
2022-05-20 18:31:53,822 [INFO] yandextank.core.tankcore tankcore.py:190	Loading plugins...
2022-05-20 18:31:53,824 [DEBUG] yandextank.core.tankcore tankcore.py:192	Loading plugin rcheck from yandextank.plugins.ResourceCheck
2022-05-20 18:31:53,826 [DEBUG] yandextank.core.tankcore tankcore.py:192	Loading plugin json_report from yandextank.plugins.JsonReport
2022-05-20 18:31:53,834 [DEBUG] yandextank.core.tankcore tankcore.py:192	Loading plugin overload from yandextank.plugins.DataUploader
2022-05-20 18:31:53,836 [DEBUG] yandextank.core.tankcore tankcore.py:192	Loading plugin rcassert from yandextank.plugins.RCAssert
2022-05-20 18:31:53,837 [DEBUG] yandextank.core.tankcore tankcore.py:192	Loading plugin pandora from yandextank.plugins.Pandora
2022-05-20 18:31:53,838 [DEBUG] yandextank.core.tankcore tankcore.py:192	Loading plugin console from yandextank.plugins.Console
2022-05-20 18:31:53,839 [DEBUG] yandextank.core.tankcore tankcore.py:192	Loading plugin shellexec from yandextank.plugins.ShellExec
2022-05-20 18:31:53,840 [DEBUG] yandextank.core.tankcore tankcore.py:192	Loading plugin autostop from yandextank.plugins.Autostop
2022-05-20 18:31:53,842 [DEBUG] yandextank.core.tankcore tankcore.py:212	Plugin instances: {'plugin_pandora': <yandextank.plugins.Pandora.plugin.Plugin object at 0x4019275890>, 'plugin_json_report': <yandextank.plugins.JsonReport.plugin.Plugin object at 0x401927e590>, 'plugin_autostop': <yandextank.plugins.Autostop.plugin.Plugin object at 0x4019275cd0>, 'plugin_shellexec': <yandextank.plugins.ShellExec.plugin.Plugin object at 0x40192753d0>, 'plugin_console': <yandextank.plugins.Console.plugin.Plugin object at 0x4019275950>, 'plugin_rcassert': <yandextank.plugins.RCAssert.plugin.Plugin object at 0x4019275590>, 'plugin_rcheck': <yandextank.plugins.ResourceCheck.plugin.Plugin object at 0x4019266e90>, 'plugin_overload': <yandextank.plugins.DataUploader.plugin.Plugin object at 0x401927eb50>}
2022-05-20 18:31:53,846 [DEBUG] yandextank.core.tankcore tankcore.py:244	Configuring <yandextank.plugins.Pandora.plugin.Plugin object at 0x4019275890>
2022-05-20 18:31:53,848 [INFO] yandextank.plugins.Pandora.plugin plugin.py:68	Found config_file option configuration
2022-05-20 18:31:53,872 [DEBUG] yandextank.core.tankcore tankcore.py:446	Adding artifact file to collect (keep=False): /var/loadtest/logs/2022-05-20_18-31-53.647484/pandora_config_6d7LXE.yaml
2022-05-20 18:31:53,885 [DEBUG] yandextank.plugins.Pandora.plugin plugin.py:74	Config after parsing for patching: {'pools': [{'rps': {'duration': '60s', 'type': 'line', 'from': 1, 'to': 200}, 'result': {'destination': './phout.log', 'type': 'phout'}, 'startup': {'type': 'once', 'times': 10}, 'gun': {'type': 'My_custom_gun_name', 'target': '0.0.0.0:8080'}, 'ammo': {'source': {'path': './json.ammo', 'type': 'file'}, 'type': 'custom_provider'}, 'id': 'HTTP pool'}]}
2022-05-20 18:31:53,887 [INFO] yandextank.plugins.Pandora.plugin plugin.py:153	Found report file in pandora config: ./phout.log
2022-05-20 18:31:53,890 [DEBUG] yandextank.core.tankcore tankcore.py:446	Adding artifact file to collect (keep=False): ./phout.log
2022-05-20 18:31:53,891 [DEBUG] yandextank.core.tankcore tankcore.py:244	Configuring <yandextank.plugins.JsonReport.plugin.Plugin object at 0x401927e590>
2022-05-20 18:31:53,892 [DEBUG] yandextank.core.tankcore tankcore.py:391	Searching for plugin: <class 'yandextank.common.interfaces.GeneratorPlugin'>
2022-05-20 18:31:53,900 [DEBUG] yandextank.core.tankcore tankcore.py:244	Configuring <yandextank.plugins.Autostop.plugin.Plugin object at 0x4019275cd0>
2022-05-20 18:31:53,902 [DEBUG] yandextank.core.tankcore tankcore.py:244	Configuring <yandextank.plugins.ShellExec.plugin.Plugin object at 0x40192753d0>
2022-05-20 18:31:53,903 [DEBUG] yandextank.core.tankcore tankcore.py:244	Configuring <yandextank.plugins.Console.plugin.Plugin object at 0x4019275950>
2022-05-20 18:31:53,906 [DEBUG] yandextank.core.tankcore tankcore.py:244	Configuring <yandextank.plugins.RCAssert.plugin.Plugin object at 0x4019275590>
2022-05-20 18:31:53,908 [DEBUG] yandextank.core.tankcore tankcore.py:244	Configuring <yandextank.plugins.ResourceCheck.plugin.Plugin object at 0x4019266e90>
2022-05-20 18:31:53,911 [DEBUG] yandextank.core.tankcore tankcore.py:244	Configuring <yandextank.plugins.DataUploader.plugin.Plugin object at 0x401927eb50>
2022-05-20 18:31:53,912 [INFO] yandextank.core.tankcore tankcore.py:249	Preparing test...
2022-05-20 18:31:53,913 [DEBUG] yandextank.core.tankcore tankcore.py:253	Preparing <yandextank.plugins.Pandora.plugin.Plugin object at 0x4019275890>
2022-05-20 18:31:53,914 [DEBUG] yandextank.core.tankcore tankcore.py:391	Searching for plugin: <class 'yandextank.plugins.Console.plugin.Plugin'>
2022-05-20 18:31:53,916 [DEBUG] yandextank.core.tankcore tankcore.py:253	Preparing <yandextank.plugins.JsonReport.plugin.Plugin object at 0x401927e590>
2022-05-20 18:31:53,917 [DEBUG] yandextank.core.tankcore tankcore.py:253	Preparing <yandextank.plugins.Autostop.plugin.Plugin object at 0x4019275cd0>
2022-05-20 18:31:53,918 [DEBUG] yandextank.common.interfaces plugin.py:74	Criterion string: http(5xx,10%,5s)
2022-05-20 18:31:53,919 [DEBUG] yandextank.common.interfaces plugin.py:78	Criterion objects: {'http(5xx,10%,5s)': <yandextank.plugins.Autostop.criterions.HTTPCodesCriterion object at 0x4019275f10>}
2022-05-20 18:31:53,920 [DEBUG] yandextank.core.tankcore tankcore.py:391	Searching for plugin: <class 'yandextank.plugins.Console.plugin.Plugin'>
2022-05-20 18:31:53,921 [DEBUG] yandextank.core.tankcore tankcore.py:253	Preparing <yandextank.plugins.ShellExec.plugin.Plugin object at 0x40192753d0>
2022-05-20 18:31:53,922 [DEBUG] yandextank.core.tankcore tankcore.py:253	Preparing <yandextank.plugins.Console.plugin.Plugin object at 0x4019275950>
2022-05-20 18:31:53,923 [DEBUG] yandextank.core.tankcore tankcore.py:253	Preparing <yandextank.plugins.RCAssert.plugin.Plugin object at 0x4019275590>
2022-05-20 18:31:53,923 [DEBUG] yandextank.core.tankcore tankcore.py:253	Preparing <yandextank.plugins.ResourceCheck.plugin.Plugin object at 0x4019266e90>
2022-05-20 18:31:53,924 [INFO] yandextank.common.interfaces plugin.py:39	Checking tank resources...
2022-05-20 18:31:53,925 [DEBUG] netort.process process.py:23	Starting: sh -c "df --no-sync -m -P -l -x fuse -x tmpfs -x devtmpfs -x davfs -x nfs /var/loadtest/logs | tail -n 1 | awk '{print \$4}' "
2022-05-20 18:31:54,428 [DEBUG] netort.process process.py:46	Process output:
11073

2022-05-20 18:31:54,430 [DEBUG] netort.process process.py:48	Process exit code: 0
2022-05-20 18:31:54,432 [DEBUG] root plugin.py:58	Result: (0, '11073\n', '')
2022-05-20 18:31:54,433 [DEBUG] yandextank.common.interfaces plugin.py:64	Disk free space: 11073/2048
2022-05-20 18:31:54,436 [DEBUG] yandextank.common.interfaces plugin.py:75	Memory free: 3081/512
2022-05-20 18:31:54,438 [DEBUG] yandextank.core.tankcore tankcore.py:253	Preparing <yandextank.plugins.DataUploader.plugin.Plugin object at 0x401927eb50>
2022-05-20 18:31:54,439 [WARNING] yandextank.plugins.DataUploader.plugin plugin.py:234	Failed to get info about ammo path
2022-05-20 18:31:54,443 [INFO] root plugin.py:523	Using OVERLOAD backend
2022-05-20 18:31:54,445 [DEBUG] yandextank.plugins.DataUploader.plugin plugin.py:618	Trying to read token from token.txt
2022-05-20 18:31:54,449 [INFO] yandextank.plugins.DataUploader.plugin plugin.py:624	Read authentication token from token.txt, token length is 32 bytes
2022-05-20 18:31:54,488 [INFO] yandextank.plugins.DataUploader.client client.py:59	Proxy not set
2022-05-20 18:31:54,491 [INFO] yandextank.plugins.DataUploader.plugin plugin.py:647	Detected target: 0.0.0.0:8080
2022-05-20 18:31:54,518 [DEBUG] yandextank.plugins.DataUploader.client client.py:336	Job create request: {'person': 'root', 'host': '0.0.0.0:8080', 'task': '', 'tank': '9ddf14d4aa9c', 'notify': [], 'loadscheme': [], 'detailed_time': None, 'port': '8080'}
2022-05-20 18:31:54,526 [DEBUG] urllib3.connectionpool connectionpool.py:813	Starting new HTTPS connection (1): overload.yandex.net:443
2022-05-20 18:31:54,795 [DEBUG] urllib3.connectionpool connectionpool.py:393	https://overload.yandex.net:443 "POST /api/job/create.json?api_token=4f2a42fb997146a394c06ccf2768f953 HTTP/1.1" 200 None
2022-05-20 18:31:54,810 [INFO] yandextank.plugins.DataUploader.plugin plugin.py:789	Job created: 523490
2022-05-20 18:31:54,816 [DEBUG] yandextank.plugins.DataUploader.client client.py:642	Sending configinitial config
2022-05-20 18:31:54,894 [DEBUG] urllib3.connectionpool connectionpool.py:393	https://overload.yandex.net:443 "POST /api/job/523490/configinitial.txt?api_token=4f2a42fb997146a394c06ccf2768f953 HTTP/1.1" 200 16
2022-05-20 18:31:54,900 [INFO] yandextank.plugins.DataUploader.plugin plugin.py:485	Locking targets: ['0.0.0.0:8080']
2022-05-20 18:31:54,904 [INFO] yandextank.plugins.DataUploader.plugin plugin.py:487	Locked targets: ['0.0.0.0:8080']
2022-05-20 18:31:54,915 [DEBUG] yandextank.common.interfaces interfaces.py:101	Publishing status: Plugin/job_no: 523490
2022-05-20 18:31:55,038 [DEBUG] urllib3.connectionpool connectionpool.py:393	https://overload.yandex.net:443 "POST /api/job/523490/edit.json?api_token=4f2a42fb997146a394c06ccf2768f953 HTTP/1.1" 200 19
2022-05-20 18:31:55,045 [DEBUG] yandextank.core.tankcore tankcore.py:391	Searching for plugin: <class 'yandextank.plugins.Console.plugin.Plugin'>
2022-05-20 18:31:55,048 [DEBUG] yandextank.plugins.DataUploader.client client.py:642	Sending configinitial config
2022-05-20 18:31:55,218 [DEBUG] urllib3.connectionpool connectionpool.py:393	https://overload.yandex.net:443 "POST /api/job/523490/configinitial.txt?api_token=4f2a42fb997146a394c06ccf2768f953 HTTP/1.1" 200 16
2022-05-20 18:31:55,232 [DEBUG] yandextank.plugins.DataUploader.client client.py:642	Sending configinfo config
2022-05-20 18:31:55,340 [DEBUG] urllib3.connectionpool connectionpool.py:393	https://overload.yandex.net:443 "POST /api/job/523490/configinfo.txt?api_token=4f2a42fb997146a394c06ccf2768f953 HTTP/1.1" 200 16
2022-05-20 18:31:55,353 [INFO] yandextank.core.tankcore tankcore.py:259	Starting test...
2022-05-20 18:31:55,363 [INFO] yandextank.aggregator.tank_aggregator tank_aggregator.py:63	using verbose histogram
2022-05-20 18:31:55,395 [DEBUG] yandextank.core.tankcore tankcore.py:263	Starting <yandextank.plugins.Pandora.plugin.Plugin object at 0x4019275890>
2022-05-20 18:31:55,401 [INFO] yandextank.plugins.Pandora.plugin plugin.py:183	Starting: ['./gun1', '-expvar', '/var/loadtest/logs/2022-05-20_18-31-53.647484/pandora_config_6d7LXE.yaml']
2022-05-20 18:31:55,408 [DEBUG] urllib3.connectionpool connectionpool.py:205	Starting new HTTP connection (1): localhost:1234
2022-05-20 18:31:55,413 [DEBUG] yandextank.core.tankcore tankcore.py:446	Adding artifact file to collect (keep=False): /var/loadtest/logs/2022-05-20_18-31-53.647484/pandora_hmGx02.log
2022-05-20 18:31:55,417 [DEBUG] yandextank.plugins.Pandora.reader reader.py:33	Pandora expvar http interface is unavailable
Traceback (most recent call last):
  File "/usr/local/lib/python2.7/dist-packages/yandextank/plugins/Pandora/reader.py", line 24, in run
    pandora_stat = requests.get("http://localhost:1234/debug/vars", timeout=0.9).json()
  File "/usr/local/lib/python2.7/dist-packages/requests/api.py", line 75, in get
    return request('get', url, params=params, **kwargs)
  File "/usr/local/lib/python2.7/dist-packages/requests/api.py", line 60, in request
    return session.request(method=method, url=url, **kwargs)
  File "/usr/local/lib/python2.7/dist-packages/requests/sessions.py", line 533, in request
    resp = self.send(prep, **send_kwargs)
  File "/usr/local/lib/python2.7/dist-packages/requests/sessions.py", line 646, in send
    r = adapter.send(request, **kwargs)
  File "/usr/local/lib/python2.7/dist-packages/requests/adapters.py", line 516, in send
    raise ConnectionError(e, request=request)
ConnectionError: HTTPConnectionPool(host='localhost', port=1234): Max retries exceeded with url: /debug/vars (Caused by NewConnectionError('<urllib3.connection.HTTPConnection object at 0x40194be550>: Failed to establish a new connection: [Errno 111] Connection refused',))
2022-05-20 18:31:55,874 [DEBUG] yandextank.plugins.Pandora.plugin plugin.py:196	Unable to start Pandora binary. Args: ['./gun1', '-expvar', '/var/loadtest/logs/2022-05-20_18-31-53.647484/pandora_config_6d7LXE.yaml']
Traceback (most recent call last):
  File "/usr/local/lib/python2.7/dist-packages/yandextank/plugins/Pandora/plugin.py", line 193, in start_test
    close_fds=True)
  File "/usr/lib/python2.7/subprocess.py", line 711, in __init__
    errread, errwrite)
  File "/usr/lib/python2.7/subprocess.py", line 1343, in _execute_child
    raise child_exception
OSError: [Errno 8] Exec format error
2022-05-20 18:31:55,879 [ERROR] root consoleworker.py:296	Test interrupted:
<type 'exceptions.RuntimeError'>: Unable to start Pandora binary and/or file does not exist: ['./gun1', '-expvar', '/var/loadtest/logs/2022-05-20_18-31-53.647484/pandora_config_6d7LXE.yaml']
<traceback object at 0x403de9cc20>
2022-05-20 18:31:55,882 [INFO] yandextank.core.tankcore tankcore.py:301	Finishing test...
2022-05-20 18:31:55,885 [INFO] yandextank.core.tankcore tankcore.py:303	Stopping load generator and aggregator
2022-05-20 18:31:55,888 [DEBUG] yandextank.plugins.Pandora.plugin plugin.py:225	Seems subprocess finished OK
2022-05-20 18:31:55,889 [DEBUG] yandextank.aggregator.tank_aggregator tank_aggregator.py:123	Closing stats reader
2022-05-20 18:31:56,035 [DEBUG] yandextank.aggregator.tank_aggregator tank_aggregator.py:126	Waiting for gun drain to finish
2022-05-20 18:31:56,412 [DEBUG] yandextank.aggregator.tank_aggregator tank_aggregator.py:128	Waiting for stats drain to finish
2022-05-20 18:31:56,417 [DEBUG] yandextank.aggregator.tank_aggregator tank_aggregator.py:130	Collecting remaining data
2022-05-20 18:31:56,421 [DEBUG] yandextank.aggregator.tank_aggregator tank_aggregator.py:87	Data timestamps: []
2022-05-20 18:31:56,424 [DEBUG] yandextank.aggregator.tank_aggregator tank_aggregator.py:88	Stats timestamps: []
2022-05-20 18:31:56,427 [DEBUG] yandextank.core.tankcore tankcore.py:305	RC after: 1
2022-05-20 18:31:56,431 [INFO] yandextank.core.tankcore tankcore.py:307	Stopping monitoring
2022-05-20 18:31:56,432 [DEBUG] yandextank.core.tankcore tankcore.py:315	Finalize <yandextank.plugins.JsonReport.plugin.Plugin object at 0x401927e590>
2022-05-20 18:31:56,434 [DEBUG] yandextank.core.tankcore tankcore.py:317	RC before: 1
2022-05-20 18:31:56,436 [DEBUG] yandextank.core.tankcore tankcore.py:319	RC after: 1
2022-05-20 18:31:56,438 [DEBUG] yandextank.core.tankcore tankcore.py:315	Finalize <yandextank.plugins.Autostop.plugin.Plugin object at 0x4019275cd0>
2022-05-20 18:31:56,439 [DEBUG] yandextank.core.tankcore tankcore.py:317	RC before: 1
2022-05-20 18:31:56,440 [DEBUG] yandextank.core.tankcore tankcore.py:319	RC after: 1
2022-05-20 18:31:56,442 [DEBUG] yandextank.core.tankcore tankcore.py:315	Finalize <yandextank.plugins.ShellExec.plugin.Plugin object at 0x40192753d0>
2022-05-20 18:31:56,444 [DEBUG] yandextank.core.tankcore tankcore.py:317	RC before: 1
2022-05-20 18:31:56,447 [DEBUG] yandextank.core.tankcore tankcore.py:319	RC after: 1
2022-05-20 18:31:56,448 [DEBUG] yandextank.core.tankcore tankcore.py:315	Finalize <yandextank.plugins.Console.plugin.Plugin object at 0x4019275950>
2022-05-20 18:31:56,450 [DEBUG] yandextank.core.tankcore tankcore.py:317	RC before: 1
2022-05-20 18:31:56,451 [DEBUG] yandextank.core.tankcore tankcore.py:319	RC after: 1
2022-05-20 18:31:56,452 [DEBUG] yandextank.core.tankcore tankcore.py:315	Finalize <yandextank.plugins.RCAssert.plugin.Plugin object at 0x4019275590>
2022-05-20 18:31:56,457 [DEBUG] yandextank.core.tankcore tankcore.py:317	RC before: 1
2022-05-20 18:31:56,458 [DEBUG] yandextank.core.tankcore tankcore.py:319	RC after: 1
2022-05-20 18:31:56,460 [DEBUG] yandextank.core.tankcore tankcore.py:315	Finalize <yandextank.plugins.ResourceCheck.plugin.Plugin object at 0x4019266e90>
2022-05-20 18:31:56,461 [DEBUG] yandextank.core.tankcore tankcore.py:317	RC before: 1
2022-05-20 18:31:56,463 [DEBUG] yandextank.core.tankcore tankcore.py:319	RC after: 1
2022-05-20 18:31:56,464 [DEBUG] yandextank.core.tankcore tankcore.py:315	Finalize <yandextank.plugins.DataUploader.plugin.Plugin object at 0x401927eb50>
2022-05-20 18:31:56,465 [DEBUG] yandextank.core.tankcore tankcore.py:317	RC before: 1
2022-05-20 18:31:56,466 [DEBUG] yandextank.plugins.DataUploader.client client.py:642	Sending configinitial config
2022-05-20 18:31:56,546 [DEBUG] urllib3.connectionpool connectionpool.py:393	https://overload.yandex.net:443 "POST /api/job/523490/configinitial.txt?api_token=4f2a42fb997146a394c06ccf2768f953 HTTP/1.1" 200 16
2022-05-20 18:31:56,550 [DEBUG] yandextank.plugins.DataUploader.client client.py:642	Sending configinfo config
2022-05-20 18:31:56,682 [DEBUG] urllib3.connectionpool connectionpool.py:393	https://overload.yandex.net:443 "POST /api/job/523490/configinfo.txt?api_token=4f2a42fb997146a394c06ccf2768f953 HTTP/1.1" 200 16
2022-05-20 18:31:56,694 [INFO] yandextank.plugins.DataUploader.plugin plugin.py:478	Unlocking targets: ['0.0.0.0:8080']
2022-05-20 18:31:56,698 [INFO] yandextank.plugins.DataUploader.plugin plugin.py:480	0.0.0.0:8080
2022-05-20 18:31:56,705 [DEBUG] yandextank.core.tankcore tankcore.py:319	RC after: 1
2022-05-20 18:31:56,709 [INFO] yandextank.core.tankcore tankcore.py:330	Post-processing test...
2022-05-20 18:31:56,715 [DEBUG] yandextank.core.tankcore tankcore.py:333	Post-process <yandextank.plugins.Pandora.plugin.Plugin object at 0x4019275890>
2022-05-20 18:31:56,719 [DEBUG] yandextank.core.tankcore tankcore.py:335	RC before: 1
2022-05-20 18:31:56,721 [DEBUG] yandextank.core.tankcore tankcore.py:337	RC after: 1
2022-05-20 18:31:56,724 [DEBUG] yandextank.core.tankcore tankcore.py:333	Post-process <yandextank.plugins.JsonReport.plugin.Plugin object at 0x401927e590>
2022-05-20 18:31:56,727 [DEBUG] yandextank.core.tankcore tankcore.py:335	RC before: 1
2022-05-20 18:31:56,731 [DEBUG] yandextank.core.tankcore tankcore.py:337	RC after: 1
2022-05-20 18:31:56,733 [DEBUG] yandextank.core.tankcore tankcore.py:333	Post-process <yandextank.plugins.Autostop.plugin.Plugin object at 0x4019275cd0>
2022-05-20 18:31:56,735 [DEBUG] yandextank.core.tankcore tankcore.py:335	RC before: 1
2022-05-20 18:31:56,737 [DEBUG] yandextank.core.tankcore tankcore.py:337	RC after: 1
2022-05-20 18:31:56,738 [DEBUG] yandextank.core.tankcore tankcore.py:333	Post-process <yandextank.plugins.ShellExec.plugin.Plugin object at 0x40192753d0>
2022-05-20 18:31:56,740 [DEBUG] yandextank.core.tankcore tankcore.py:335	RC before: 1
2022-05-20 18:31:56,742 [DEBUG] yandextank.core.tankcore tankcore.py:337	RC after: 1
2022-05-20 18:31:56,744 [DEBUG] yandextank.core.tankcore tankcore.py:333	Post-process <yandextank.plugins.Console.plugin.Plugin object at 0x4019275950>
2022-05-20 18:31:56,746 [DEBUG] yandextank.core.tankcore tankcore.py:335	RC before: 1
2022-05-20 18:31:56,748 [DEBUG] yandextank.core.tankcore tankcore.py:337	RC after: 1
2022-05-20 18:31:56,749 [DEBUG] yandextank.core.tankcore tankcore.py:333	Post-process <yandextank.plugins.RCAssert.plugin.Plugin object at 0x4019275590>
2022-05-20 18:31:56,750 [DEBUG] yandextank.core.tankcore tankcore.py:335	RC before: 1
2022-05-20 18:31:56,751 [DEBUG] yandextank.core.tankcore tankcore.py:337	RC after: 1
2022-05-20 18:31:56,753 [DEBUG] yandextank.core.tankcore tankcore.py:333	Post-process <yandextank.plugins.ResourceCheck.plugin.Plugin object at 0x4019266e90>
2022-05-20 18:31:56,754 [DEBUG] yandextank.core.tankcore tankcore.py:335	RC before: 1
2022-05-20 18:31:56,755 [DEBUG] yandextank.core.tankcore tankcore.py:337	RC after: 1
2022-05-20 18:31:56,756 [DEBUG] yandextank.core.tankcore tankcore.py:333	Post-process <yandextank.plugins.DataUploader.plugin.Plugin object at 0x401927eb50>
2022-05-20 18:31:56,760 [DEBUG] yandextank.core.tankcore tankcore.py:335	RC before: 1
2022-05-20 18:31:56,761 [INFO] yandextank.plugins.DataUploader.plugin plugin.py:350	Waiting for sender threads to join.
2022-05-20 18:31:56,762 [INFO] yandextank.plugins.DataUploader.plugin plugin.py:357	Web link: None
2022-05-20 18:31:56,764 [DEBUG] yandextank.core.tankcore tankcore.py:391	Searching for plugin: <class 'yandextank.plugins.Autostop.plugin.Plugin'>
2022-05-20 18:31:56,765 [DEBUG] yandextank.plugins.DataUploader.plugin plugin.py:376	No autostop cause detected
2022-05-20 18:31:56,766 [DEBUG] yandextank.plugins.DataUploader.client client.py:642	Sending configinitial config
2022-05-20 18:31:56,837 [DEBUG] urllib3.connectionpool connectionpool.py:393	https://overload.yandex.net:443 "POST /api/job/523490/configinitial.txt?api_token=4f2a42fb997146a394c06ccf2768f953 HTTP/1.1" 200 16
2022-05-20 18:31:56,841 [DEBUG] yandextank.plugins.DataUploader.client client.py:642	Sending configinfo config
2022-05-20 18:31:56,967 [DEBUG] urllib3.connectionpool connectionpool.py:393	https://overload.yandex.net:443 "POST /api/job/523490/configinfo.txt?api_token=4f2a42fb997146a394c06ccf2768f953 HTTP/1.1" 200 16
2022-05-20 18:31:56,974 [DEBUG] yandextank.core.tankcore tankcore.py:337	RC after: 1
2022-05-20 18:31:56,977 [INFO] root consoleworker.py:269	Trying to clean up
2022-05-20 18:31:56,980 [INFO] yandextank.core.tankcore tankcore.py:526	Cleaning up plugin plugin_pandora
2022-05-20 18:31:56,983 [INFO] yandextank.core.tankcore tankcore.py:526	Cleaning up plugin plugin_json_report
2022-05-20 18:31:56,985 [INFO] yandextank.core.tankcore tankcore.py:526	Cleaning up plugin plugin_autostop
2022-05-20 18:31:56,989 [INFO] yandextank.core.tankcore tankcore.py:526	Cleaning up plugin plugin_shellexec
2022-05-20 18:31:56,991 [INFO] yandextank.core.tankcore tankcore.py:526	Cleaning up plugin plugin_console
2022-05-20 18:31:56,993 [INFO] yandextank.core.tankcore tankcore.py:526	Cleaning up plugin plugin_rcassert
2022-05-20 18:31:56,995 [INFO] yandextank.core.tankcore tankcore.py:526	Cleaning up plugin plugin_rcheck
2022-05-20 18:31:56,996 [INFO] yandextank.core.tankcore tankcore.py:526	Cleaning up plugin plugin_overload
2022-05-20 18:31:57,227 [DEBUG] urllib3.connectionpool connectionpool.py:393	https://overload.yandex.net:443 "GET /api/job/523490/close.json?exitcode=1&api_token=4f2a42fb997146a394c06ccf2768f953 HTTP/1.1" 200 16
2022-05-20 18:31:57,243 [INFO] yandextank.plugins.DataUploader.plugin plugin.py:478	Unlocking targets: ['0.0.0.0:8080']
2022-05-20 18:31:57,247 [INFO] yandextank.plugins.DataUploader.plugin plugin.py:480	0.0.0.0:8080
2022-05-20 18:31:57,252 [INFO] yandextank.core.tankcore tankcore.py:561	Releasing lock: /var/lock/lunapark_k3jrlS.lock
2022-05-20 18:31:57,278 [DEBUG] yandextank.core.tankcore tankcore.py:367	Collecting artifacts
2022-05-20 18:31:57,281 [INFO] yandextank.core.tankcore tankcore.py:368	Artifacts dir: /var/loadtest/logs/2022-05-20_18-31-53.647484
2022-05-20 18:31:57,283 [DEBUG] yandextank.core.tankcore tankcore.py:422	Collecting file: ./phout.log to /var/loadtest/logs/2022-05-20_18-31-53.647484/phout.log
2022-05-20 18:31:57,297 [DEBUG] yandextank.core.tankcore tankcore.py:422	Collecting file: /var/loadtest/logs/2022-05-20_18-31-53.647484/pandora_config_6d7LXE.yaml to /var/loadtest/logs/2022-05-20_18-31-53.647484/pandora_config_6d7LXE.yaml
2022-05-20 18:31:57,299 [WARNING] yandextank.core.tankcore tankcore.py:429	File already exists: /var/loadtest/logs/2022-05-20_18-31-53.647484/pandora_config_6d7LXE.yaml
2022-05-20 18:31:57,302 [DEBUG] yandextank.core.tankcore tankcore.py:422	Collecting file: validation_error.yaml to /var/loadtest/logs/2022-05-20_18-31-53.647484/validation_error.yaml
2022-05-20 18:31:57,304 [WARNING] yandextank.core.tankcore tankcore.py:424	File not found to collect: validation_error.yaml
2022-05-20 18:31:57,307 [DEBUG] yandextank.core.tankcore tankcore.py:422	Collecting file: /var/loadtest/logs/2022-05-20_18-31-53.647484/pandora_hmGx02.log to /var/loadtest/logs/2022-05-20_18-31-53.647484/pandora_hmGx02.log
2022-05-20 18:31:57,313 [WARNING] yandextank.core.tankcore tankcore.py:429	File already exists: /var/loadtest/logs/2022-05-20_18-31-53.647484/pandora_hmGx02.log
