2022-05-20 06:48:31,749 [INFO] root consoleworker.py:434	Log file created
2022-05-20 06:48:31,751 [INFO] root consoleworker.py:438	Logging handler <logging.FileHandler object at 0x40192a2c10> added
2022-05-20 06:48:31,752 [INFO] root consoleworker.py:438	Logging handler <logging.StreamHandler object at 0x401926a850> added
2022-05-20 06:48:31,754 [INFO] root consoleworker.py:438	Logging handler <logging.StreamHandler object at 0x401928ea50> added
2022-05-20 06:48:31,756 [INFO] root consoleworker.py:373	Created a folder for the test. /Users/nikitaratasnuk/yandex.tank/logs/2022-05-20_06-48-31.546870
2022-05-20 06:48:31,758 [INFO] yandextank.core.tankcore tankcore.py:237	Configuring plugins...
2022-05-20 06:48:31,761 [INFO] yandextank.core.tankcore tankcore.py:190	Loading plugins...
2022-05-20 06:48:31,765 [DEBUG] yandextank.core.tankcore tankcore.py:192	Loading plugin rcheck from yandextank.plugins.ResourceCheck
2022-05-20 06:48:31,771 [DEBUG] yandextank.core.tankcore tankcore.py:192	Loading plugin json_report from yandextank.plugins.JsonReport
2022-05-20 06:48:31,780 [DEBUG] yandextank.core.tankcore tankcore.py:192	Loading plugin overload from yandextank.plugins.DataUploader
2022-05-20 06:48:31,783 [DEBUG] yandextank.core.tankcore tankcore.py:192	Loading plugin rcassert from yandextank.plugins.RCAssert
2022-05-20 06:48:31,786 [DEBUG] yandextank.core.tankcore tankcore.py:192	Loading plugin pandora from yandextank.plugins.Pandora
2022-05-20 06:48:31,787 [DEBUG] yandextank.core.tankcore tankcore.py:192	Loading plugin console from yandextank.plugins.Console
2022-05-20 06:48:31,790 [DEBUG] yandextank.core.tankcore tankcore.py:192	Loading plugin shellexec from yandextank.plugins.ShellExec
2022-05-20 06:48:31,791 [DEBUG] yandextank.core.tankcore tankcore.py:192	Loading plugin autostop from yandextank.plugins.Autostop
2022-05-20 06:48:31,793 [DEBUG] yandextank.core.tankcore tankcore.py:212	Plugin instances: {'plugin_pandora': <yandextank.plugins.Pandora.plugin.Plugin object at 0x4019374890>, 'plugin_json_report': <yandextank.plugins.JsonReport.plugin.Plugin object at 0x401937e590>, 'plugin_autostop': <yandextank.plugins.Autostop.plugin.Plugin object at 0x4019374cd0>, 'plugin_shellexec': <yandextank.plugins.ShellExec.plugin.Plugin object at 0x40193743d0>, 'plugin_console': <yandextank.plugins.Console.plugin.Plugin object at 0x4019374950>, 'plugin_rcassert': <yandextank.plugins.RCAssert.plugin.Plugin object at 0x4019374590>, 'plugin_rcheck': <yandextank.plugins.ResourceCheck.plugin.Plugin object at 0x4019366e90>, 'plugin_overload': <yandextank.plugins.DataUploader.plugin.Plugin object at 0x401937eb50>}
2022-05-20 06:48:31,795 [DEBUG] yandextank.core.tankcore tankcore.py:244	Configuring <yandextank.plugins.Pandora.plugin.Plugin object at 0x4019374890>
2022-05-20 06:48:31,799 [INFO] yandextank.plugins.Pandora.plugin plugin.py:68	Found config_file option configuration
2022-05-20 06:48:31,831 [DEBUG] yandextank.core.tankcore tankcore.py:446	Adding artifact file to collect (keep=False): /Users/nikitaratasnuk/yandex.tank/logs/2022-05-20_06-48-31.546870/pandora_config_Z7wpbZ.yaml
2022-05-20 06:48:31,845 [DEBUG] yandextank.plugins.Pandora.plugin plugin.py:74	Config after parsing for patching: {'pools': [{'rps': {'duration': '60s', 'type': 'line', 'from': 1, 'to': 200}, 'result': {'destination': './phout.log', 'type': 'phout'}, 'startup': {'type': 'once', 'times': 10}, 'gun': {'type': 'My_custom_gun_name', 'target': '0.0.0.0:8080'}, 'ammo': {'source': {'path': './json.ammo', 'type': 'file'}, 'type': 'custom_provider'}, 'id': 'HTTP pool'}]}
2022-05-20 06:48:31,847 [INFO] yandextank.plugins.Pandora.plugin plugin.py:153	Found report file in pandora config: ./phout.log
2022-05-20 06:48:31,856 [DEBUG] yandextank.core.tankcore tankcore.py:446	Adding artifact file to collect (keep=False): ./phout.log
2022-05-20 06:48:31,858 [DEBUG] yandextank.core.tankcore tankcore.py:244	Configuring <yandextank.plugins.JsonReport.plugin.Plugin object at 0x401937e590>
2022-05-20 06:48:31,860 [DEBUG] yandextank.core.tankcore tankcore.py:391	Searching for plugin: <class 'yandextank.common.interfaces.GeneratorPlugin'>
2022-05-20 06:48:31,871 [DEBUG] yandextank.core.tankcore tankcore.py:244	Configuring <yandextank.plugins.Autostop.plugin.Plugin object at 0x4019374cd0>
2022-05-20 06:48:31,874 [DEBUG] yandextank.core.tankcore tankcore.py:244	Configuring <yandextank.plugins.ShellExec.plugin.Plugin object at 0x40193743d0>
2022-05-20 06:48:31,876 [DEBUG] yandextank.core.tankcore tankcore.py:244	Configuring <yandextank.plugins.Console.plugin.Plugin object at 0x4019374950>
2022-05-20 06:48:31,881 [DEBUG] yandextank.core.tankcore tankcore.py:244	Configuring <yandextank.plugins.RCAssert.plugin.Plugin object at 0x4019374590>
2022-05-20 06:48:31,884 [DEBUG] yandextank.core.tankcore tankcore.py:244	Configuring <yandextank.plugins.ResourceCheck.plugin.Plugin object at 0x4019366e90>
2022-05-20 06:48:31,888 [DEBUG] yandextank.core.tankcore tankcore.py:244	Configuring <yandextank.plugins.DataUploader.plugin.Plugin object at 0x401937eb50>
2022-05-20 06:48:31,890 [INFO] yandextank.core.tankcore tankcore.py:249	Preparing test...
2022-05-20 06:48:31,892 [DEBUG] yandextank.core.tankcore tankcore.py:253	Preparing <yandextank.plugins.Pandora.plugin.Plugin object at 0x4019374890>
2022-05-20 06:48:31,894 [DEBUG] yandextank.core.tankcore tankcore.py:391	Searching for plugin: <class 'yandextank.plugins.Console.plugin.Plugin'>
2022-05-20 06:48:31,896 [DEBUG] yandextank.core.tankcore tankcore.py:253	Preparing <yandextank.plugins.JsonReport.plugin.Plugin object at 0x401937e590>
2022-05-20 06:48:31,898 [DEBUG] yandextank.core.tankcore tankcore.py:253	Preparing <yandextank.plugins.Autostop.plugin.Plugin object at 0x4019374cd0>
2022-05-20 06:48:31,902 [DEBUG] yandextank.common.interfaces plugin.py:74	Criterion string: http(5xx,10%,5s)
2022-05-20 06:48:31,904 [DEBUG] yandextank.common.interfaces plugin.py:78	Criterion objects: {'http(5xx,10%,5s)': <yandextank.plugins.Autostop.criterions.HTTPCodesCriterion object at 0x4019374f10>}
2022-05-20 06:48:31,905 [DEBUG] yandextank.core.tankcore tankcore.py:391	Searching for plugin: <class 'yandextank.plugins.Console.plugin.Plugin'>
2022-05-20 06:48:31,906 [DEBUG] yandextank.core.tankcore tankcore.py:253	Preparing <yandextank.plugins.ShellExec.plugin.Plugin object at 0x40193743d0>
2022-05-20 06:48:31,907 [DEBUG] yandextank.core.tankcore tankcore.py:253	Preparing <yandextank.plugins.Console.plugin.Plugin object at 0x4019374950>
2022-05-20 06:48:31,908 [DEBUG] yandextank.core.tankcore tankcore.py:253	Preparing <yandextank.plugins.RCAssert.plugin.Plugin object at 0x4019374590>
2022-05-20 06:48:31,909 [DEBUG] yandextank.core.tankcore tankcore.py:253	Preparing <yandextank.plugins.ResourceCheck.plugin.Plugin object at 0x4019366e90>
2022-05-20 06:48:31,910 [INFO] yandextank.common.interfaces plugin.py:39	Checking tank resources...
2022-05-20 06:48:31,912 [DEBUG] netort.process process.py:23	Starting: sh -c "df --no-sync -m -P -l -x fuse -x tmpfs -x devtmpfs -x davfs -x nfs /Users/nikitaratasnuk/yandex.tank/logs | tail -n 1 | awk '{print \$4}' "
2022-05-20 06:48:32,470 [DEBUG] netort.process process.py:46	Process output:
11551

2022-05-20 06:48:32,472 [DEBUG] netort.process process.py:48	Process exit code: 0
2022-05-20 06:48:32,473 [DEBUG] root plugin.py:58	Result: (0, '11551\n', '')
2022-05-20 06:48:32,475 [DEBUG] yandextank.common.interfaces plugin.py:64	Disk free space: 11551/2048
2022-05-20 06:48:32,477 [DEBUG] yandextank.common.interfaces plugin.py:75	Memory free: 3095/512
2022-05-20 06:48:32,478 [DEBUG] yandextank.core.tankcore tankcore.py:253	Preparing <yandextank.plugins.DataUploader.plugin.Plugin object at 0x401937eb50>
2022-05-20 06:48:32,479 [WARNING] yandextank.plugins.DataUploader.plugin plugin.py:234	Failed to get info about ammo path
2022-05-20 06:48:32,482 [INFO] root plugin.py:523	Using OVERLOAD backend
2022-05-20 06:48:32,483 [DEBUG] yandextank.plugins.DataUploader.plugin plugin.py:618	Trying to read token from token.txt
2022-05-20 06:48:32,486 [INFO] yandextank.plugins.DataUploader.plugin plugin.py:624	Read authentication token from token.txt, token length is 32 bytes
2022-05-20 06:48:32,532 [INFO] yandextank.plugins.DataUploader.client client.py:59	Proxy not set
2022-05-20 06:48:32,534 [INFO] yandextank.plugins.DataUploader.plugin plugin.py:647	Detected target: 0.0.0.0:8080
2022-05-20 06:48:32,561 [DEBUG] yandextank.plugins.DataUploader.client client.py:336	Job create request: {'person': 'root', 'host': '0.0.0.0:8080', 'task': '', 'tank': '1695537a47a3', 'notify': [], 'loadscheme': [], 'detailed_time': None, 'port': '8080'}
2022-05-20 06:48:32,572 [DEBUG] urllib3.connectionpool connectionpool.py:813	Starting new HTTPS connection (1): overload.yandex.net:443
2022-05-20 06:48:32,892 [DEBUG] urllib3.connectionpool connectionpool.py:393	https://overload.yandex.net:443 "POST /api/job/create.json?api_token=4f2a42fb997146a394c06ccf2768f953 HTTP/1.1" 200 None
2022-05-20 06:48:32,916 [INFO] yandextank.plugins.DataUploader.plugin plugin.py:789	Job created: 523215
2022-05-20 06:48:32,924 [DEBUG] yandextank.plugins.DataUploader.client client.py:642	Sending configinitial config
2022-05-20 06:48:32,992 [DEBUG] urllib3.connectionpool connectionpool.py:393	https://overload.yandex.net:443 "POST /api/job/523215/configinitial.txt?api_token=4f2a42fb997146a394c06ccf2768f953 HTTP/1.1" 200 16
2022-05-20 06:48:33,001 [INFO] yandextank.plugins.DataUploader.plugin plugin.py:485	Locking targets: ['0.0.0.0:8080']
2022-05-20 06:48:33,004 [INFO] yandextank.plugins.DataUploader.plugin plugin.py:487	Locked targets: ['0.0.0.0:8080']
2022-05-20 06:48:33,015 [DEBUG] yandextank.common.interfaces interfaces.py:101	Publishing status: Plugin/job_no: 523215
2022-05-20 06:48:33,105 [DEBUG] urllib3.connectionpool connectionpool.py:393	https://overload.yandex.net:443 "POST /api/job/523215/edit.json?api_token=4f2a42fb997146a394c06ccf2768f953 HTTP/1.1" 200 19
2022-05-20 06:48:33,111 [DEBUG] yandextank.core.tankcore tankcore.py:391	Searching for plugin: <class 'yandextank.plugins.Console.plugin.Plugin'>
2022-05-20 06:48:33,114 [DEBUG] yandextank.plugins.DataUploader.client client.py:642	Sending configinitial config
2022-05-20 06:48:33,184 [DEBUG] urllib3.connectionpool connectionpool.py:393	https://overload.yandex.net:443 "POST /api/job/523215/configinitial.txt?api_token=4f2a42fb997146a394c06ccf2768f953 HTTP/1.1" 200 16
2022-05-20 06:48:33,188 [DEBUG] yandextank.plugins.DataUploader.client client.py:642	Sending configinfo config
2022-05-20 06:48:33,361 [DEBUG] urllib3.connectionpool connectionpool.py:393	https://overload.yandex.net:443 "POST /api/job/523215/configinfo.txt?api_token=4f2a42fb997146a394c06ccf2768f953 HTTP/1.1" 200 16
2022-05-20 06:48:33,376 [INFO] yandextank.core.tankcore tankcore.py:259	Starting test...
2022-05-20 06:48:33,386 [INFO] yandextank.aggregator.tank_aggregator tank_aggregator.py:63	using verbose histogram
2022-05-20 06:48:33,417 [DEBUG] yandextank.core.tankcore tankcore.py:263	Starting <yandextank.plugins.Pandora.plugin.Plugin object at 0x4019374890>
2022-05-20 06:48:33,426 [INFO] yandextank.plugins.Pandora.plugin plugin.py:183	Starting: ['/gun/gun', '-expvar', '/Users/nikitaratasnuk/yandex.tank/logs/2022-05-20_06-48-31.546870/pandora_config_Z7wpbZ.yaml']
2022-05-20 06:48:33,427 [DEBUG] urllib3.connectionpool connectionpool.py:205	Starting new HTTP connection (1): localhost:1234
2022-05-20 06:48:33,439 [DEBUG] yandextank.core.tankcore tankcore.py:446	Adding artifact file to collect (keep=False): /Users/nikitaratasnuk/yandex.tank/logs/2022-05-20_06-48-31.546870/pandora_Kotc3a.log
2022-05-20 06:48:33,439 [DEBUG] yandextank.plugins.Pandora.reader reader.py:33	Pandora expvar http interface is unavailable
Traceback (most recent call last):
  File "/usr/local/lib/python2.7/dist-packages/yandextank/plugins/Pandora/reader.py", line 24, in run
    pandora_stat = requests.get("http://localhost:1234/debug/vars", timeout=0.9).json()
  File "/usr/local/lib/python2.7/dist-packages/requests/api.py", line 75, in get
    return request('get', url, params=params, **kwargs)
  File "/usr/local/lib/python2.7/dist-packages/requests/api.py", line 60, in request
    return session.request(method=method, url=url, **kwargs)
  File "/usr/local/lib/python2.7/dist-packages/requests/sessions.py", line 533, in request
    resp = self.send(prep, **send_kwargs)
  File "/usr/local/lib/python2.7/dist-packages/requests/sessions.py", line 646, in send
    r = adapter.send(request, **kwargs)
  File "/usr/local/lib/python2.7/dist-packages/requests/adapters.py", line 516, in send
    raise ConnectionError(e, request=request)
ConnectionError: HTTPConnectionPool(host='localhost', port=1234): Max retries exceeded with url: /debug/vars (Caused by NewConnectionError('<urllib3.connection.HTTPConnection object at 0x40195bdd90>: Failed to establish a new connection: [Errno 111] Connection refused',))
2022-05-20 06:48:33,881 [DEBUG] yandextank.plugins.Pandora.plugin plugin.py:196	Unable to start Pandora binary. Args: ['/gun/gun', '-expvar', '/Users/nikitaratasnuk/yandex.tank/logs/2022-05-20_06-48-31.546870/pandora_config_Z7wpbZ.yaml']
Traceback (most recent call last):
  File "/usr/local/lib/python2.7/dist-packages/yandextank/plugins/Pandora/plugin.py", line 193, in start_test
    close_fds=True)
  File "/usr/lib/python2.7/subprocess.py", line 711, in __init__
    errread, errwrite)
  File "/usr/lib/python2.7/subprocess.py", line 1343, in _execute_child
    raise child_exception
OSError: [Errno 2] No such file or directory
2022-05-20 06:48:33,885 [ERROR] root consoleworker.py:296	Test interrupted:
<type 'exceptions.RuntimeError'>: Unable to start Pandora binary and/or file does not exist: ['/gun/gun', '-expvar', '/Users/nikitaratasnuk/yandex.tank/logs/2022-05-20_06-48-31.546870/pandora_config_Z7wpbZ.yaml']
<traceback object at 0x403df9cb48>
2022-05-20 06:48:33,889 [INFO] yandextank.core.tankcore tankcore.py:301	Finishing test...
2022-05-20 06:48:33,891 [INFO] yandextank.core.tankcore tankcore.py:303	Stopping load generator and aggregator
2022-05-20 06:48:33,893 [DEBUG] yandextank.plugins.Pandora.plugin plugin.py:225	Seems subprocess finished OK
2022-05-20 06:48:33,894 [DEBUG] yandextank.aggregator.tank_aggregator tank_aggregator.py:123	Closing stats reader
2022-05-20 06:48:34,055 [DEBUG] yandextank.aggregator.tank_aggregator tank_aggregator.py:126	Waiting for gun drain to finish
2022-05-20 06:48:34,433 [DEBUG] yandextank.aggregator.tank_aggregator tank_aggregator.py:128	Waiting for stats drain to finish
2022-05-20 06:48:34,439 [DEBUG] yandextank.aggregator.tank_aggregator tank_aggregator.py:130	Collecting remaining data
2022-05-20 06:48:34,443 [DEBUG] yandextank.aggregator.tank_aggregator tank_aggregator.py:87	Data timestamps: []
2022-05-20 06:48:34,449 [DEBUG] yandextank.aggregator.tank_aggregator tank_aggregator.py:88	Stats timestamps: []
2022-05-20 06:48:34,452 [DEBUG] yandextank.core.tankcore tankcore.py:305	RC after: 1
2022-05-20 06:48:34,455 [INFO] yandextank.core.tankcore tankcore.py:307	Stopping monitoring
2022-05-20 06:48:34,459 [DEBUG] yandextank.core.tankcore tankcore.py:315	Finalize <yandextank.plugins.JsonReport.plugin.Plugin object at 0x401937e590>
2022-05-20 06:48:34,462 [DEBUG] yandextank.core.tankcore tankcore.py:317	RC before: 1
2022-05-20 06:48:34,464 [DEBUG] yandextank.core.tankcore tankcore.py:319	RC after: 1
2022-05-20 06:48:34,467 [DEBUG] yandextank.core.tankcore tankcore.py:315	Finalize <yandextank.plugins.Autostop.plugin.Plugin object at 0x4019374cd0>
2022-05-20 06:48:34,469 [DEBUG] yandextank.core.tankcore tankcore.py:317	RC before: 1
2022-05-20 06:48:34,471 [DEBUG] yandextank.core.tankcore tankcore.py:319	RC after: 1
2022-05-20 06:48:34,473 [DEBUG] yandextank.core.tankcore tankcore.py:315	Finalize <yandextank.plugins.ShellExec.plugin.Plugin object at 0x40193743d0>
2022-05-20 06:48:34,479 [DEBUG] yandextank.core.tankcore tankcore.py:317	RC before: 1
2022-05-20 06:48:34,480 [DEBUG] yandextank.core.tankcore tankcore.py:319	RC after: 1
2022-05-20 06:48:34,483 [DEBUG] yandextank.core.tankcore tankcore.py:315	Finalize <yandextank.plugins.Console.plugin.Plugin object at 0x4019374950>
2022-05-20 06:48:34,484 [DEBUG] yandextank.core.tankcore tankcore.py:317	RC before: 1
2022-05-20 06:48:34,487 [DEBUG] yandextank.core.tankcore tankcore.py:319	RC after: 1
2022-05-20 06:48:34,491 [DEBUG] yandextank.core.tankcore tankcore.py:315	Finalize <yandextank.plugins.RCAssert.plugin.Plugin object at 0x4019374590>
2022-05-20 06:48:34,496 [DEBUG] yandextank.core.tankcore tankcore.py:317	RC before: 1
2022-05-20 06:48:34,499 [DEBUG] yandextank.core.tankcore tankcore.py:319	RC after: 1
2022-05-20 06:48:34,500 [DEBUG] yandextank.core.tankcore tankcore.py:315	Finalize <yandextank.plugins.ResourceCheck.plugin.Plugin object at 0x4019366e90>
2022-05-20 06:48:34,501 [DEBUG] yandextank.core.tankcore tankcore.py:317	RC before: 1
2022-05-20 06:48:34,502 [DEBUG] yandextank.core.tankcore tankcore.py:319	RC after: 1
2022-05-20 06:48:34,504 [DEBUG] yandextank.core.tankcore tankcore.py:315	Finalize <yandextank.plugins.DataUploader.plugin.Plugin object at 0x401937eb50>
2022-05-20 06:48:34,505 [DEBUG] yandextank.core.tankcore tankcore.py:317	RC before: 1
2022-05-20 06:48:34,506 [DEBUG] yandextank.plugins.DataUploader.client client.py:642	Sending configinitial config
2022-05-20 06:48:34,575 [DEBUG] urllib3.connectionpool connectionpool.py:393	https://overload.yandex.net:443 "POST /api/job/523215/configinitial.txt?api_token=4f2a42fb997146a394c06ccf2768f953 HTTP/1.1" 200 16
2022-05-20 06:48:34,578 [DEBUG] yandextank.plugins.DataUploader.client client.py:642	Sending configinfo config
2022-05-20 06:48:34,672 [DEBUG] urllib3.connectionpool connectionpool.py:393	https://overload.yandex.net:443 "POST /api/job/523215/configinfo.txt?api_token=4f2a42fb997146a394c06ccf2768f953 HTTP/1.1" 200 16
2022-05-20 06:48:34,677 [INFO] yandextank.plugins.DataUploader.plugin plugin.py:478	Unlocking targets: ['0.0.0.0:8080']
2022-05-20 06:48:34,679 [INFO] yandextank.plugins.DataUploader.plugin plugin.py:480	0.0.0.0:8080
2022-05-20 06:48:34,681 [DEBUG] yandextank.core.tankcore tankcore.py:319	RC after: 1
2022-05-20 06:48:34,683 [INFO] yandextank.core.tankcore tankcore.py:330	Post-processing test...
2022-05-20 06:48:34,685 [DEBUG] yandextank.core.tankcore tankcore.py:333	Post-process <yandextank.plugins.Pandora.plugin.Plugin object at 0x4019374890>
2022-05-20 06:48:34,687 [DEBUG] yandextank.core.tankcore tankcore.py:335	RC before: 1
2022-05-20 06:48:34,689 [DEBUG] yandextank.core.tankcore tankcore.py:337	RC after: 1
2022-05-20 06:48:34,690 [DEBUG] yandextank.core.tankcore tankcore.py:333	Post-process <yandextank.plugins.JsonReport.plugin.Plugin object at 0x401937e590>
2022-05-20 06:48:34,692 [DEBUG] yandextank.core.tankcore tankcore.py:335	RC before: 1
2022-05-20 06:48:34,694 [DEBUG] yandextank.core.tankcore tankcore.py:337	RC after: 1
2022-05-20 06:48:34,695 [DEBUG] yandextank.core.tankcore tankcore.py:333	Post-process <yandextank.plugins.Autostop.plugin.Plugin object at 0x4019374cd0>
2022-05-20 06:48:34,697 [DEBUG] yandextank.core.tankcore tankcore.py:335	RC before: 1
2022-05-20 06:48:34,698 [DEBUG] yandextank.core.tankcore tankcore.py:337	RC after: 1
2022-05-20 06:48:34,699 [DEBUG] yandextank.core.tankcore tankcore.py:333	Post-process <yandextank.plugins.ShellExec.plugin.Plugin object at 0x40193743d0>
2022-05-20 06:48:34,700 [DEBUG] yandextank.core.tankcore tankcore.py:335	RC before: 1
2022-05-20 06:48:34,701 [DEBUG] yandextank.core.tankcore tankcore.py:337	RC after: 1
2022-05-20 06:48:34,702 [DEBUG] yandextank.core.tankcore tankcore.py:333	Post-process <yandextank.plugins.Console.plugin.Plugin object at 0x4019374950>
2022-05-20 06:48:34,703 [DEBUG] yandextank.core.tankcore tankcore.py:335	RC before: 1
2022-05-20 06:48:34,704 [DEBUG] yandextank.core.tankcore tankcore.py:337	RC after: 1
2022-05-20 06:48:34,706 [DEBUG] yandextank.core.tankcore tankcore.py:333	Post-process <yandextank.plugins.RCAssert.plugin.Plugin object at 0x4019374590>
2022-05-20 06:48:34,707 [DEBUG] yandextank.core.tankcore tankcore.py:335	RC before: 1
2022-05-20 06:48:34,708 [DEBUG] yandextank.core.tankcore tankcore.py:337	RC after: 1
2022-05-20 06:48:34,709 [DEBUG] yandextank.core.tankcore tankcore.py:333	Post-process <yandextank.plugins.ResourceCheck.plugin.Plugin object at 0x4019366e90>
2022-05-20 06:48:34,710 [DEBUG] yandextank.core.tankcore tankcore.py:335	RC before: 1
2022-05-20 06:48:34,712 [DEBUG] yandextank.core.tankcore tankcore.py:337	RC after: 1
2022-05-20 06:48:34,714 [DEBUG] yandextank.core.tankcore tankcore.py:333	Post-process <yandextank.plugins.DataUploader.plugin.Plugin object at 0x401937eb50>
2022-05-20 06:48:34,715 [DEBUG] yandextank.core.tankcore tankcore.py:335	RC before: 1
2022-05-20 06:48:34,716 [INFO] yandextank.plugins.DataUploader.plugin plugin.py:350	Waiting for sender threads to join.
2022-05-20 06:48:34,717 [INFO] yandextank.plugins.DataUploader.plugin plugin.py:357	Web link: None
2022-05-20 06:48:34,718 [DEBUG] yandextank.core.tankcore tankcore.py:391	Searching for plugin: <class 'yandextank.plugins.Autostop.plugin.Plugin'>
2022-05-20 06:48:34,720 [DEBUG] yandextank.plugins.DataUploader.plugin plugin.py:376	No autostop cause detected
2022-05-20 06:48:34,721 [DEBUG] yandextank.plugins.DataUploader.client client.py:642	Sending configinitial config
2022-05-20 06:48:34,854 [DEBUG] urllib3.connectionpool connectionpool.py:393	https://overload.yandex.net:443 "POST /api/job/523215/configinitial.txt?api_token=4f2a42fb997146a394c06ccf2768f953 HTTP/1.1" 200 16
2022-05-20 06:48:34,859 [DEBUG] yandextank.plugins.DataUploader.client client.py:642	Sending configinfo config
2022-05-20 06:48:35,016 [DEBUG] urllib3.connectionpool connectionpool.py:393	https://overload.yandex.net:443 "POST /api/job/523215/configinfo.txt?api_token=4f2a42fb997146a394c06ccf2768f953 HTTP/1.1" 200 16
2022-05-20 06:48:35,031 [DEBUG] yandextank.core.tankcore tankcore.py:337	RC after: 1
2022-05-20 06:48:35,036 [INFO] root consoleworker.py:269	Trying to clean up
2022-05-20 06:48:35,039 [INFO] yandextank.core.tankcore tankcore.py:526	Cleaning up plugin plugin_pandora
2022-05-20 06:48:35,043 [INFO] yandextank.core.tankcore tankcore.py:526	Cleaning up plugin plugin_json_report
2022-05-20 06:48:35,046 [INFO] yandextank.core.tankcore tankcore.py:526	Cleaning up plugin plugin_autostop
2022-05-20 06:48:35,051 [INFO] yandextank.core.tankcore tankcore.py:526	Cleaning up plugin plugin_shellexec
2022-05-20 06:48:35,055 [INFO] yandextank.core.tankcore tankcore.py:526	Cleaning up plugin plugin_console
2022-05-20 06:48:35,058 [INFO] yandextank.core.tankcore tankcore.py:526	Cleaning up plugin plugin_rcassert
2022-05-20 06:48:35,060 [INFO] yandextank.core.tankcore tankcore.py:526	Cleaning up plugin plugin_rcheck
2022-05-20 06:48:35,063 [INFO] yandextank.core.tankcore tankcore.py:526	Cleaning up plugin plugin_overload
2022-05-20 06:48:35,198 [DEBUG] urllib3.connectionpool connectionpool.py:393	https://overload.yandex.net:443 "GET /api/job/523215/close.json?exitcode=1&api_token=4f2a42fb997146a394c06ccf2768f953 HTTP/1.1" 200 16
2022-05-20 06:48:35,202 [INFO] yandextank.plugins.DataUploader.plugin plugin.py:478	Unlocking targets: ['0.0.0.0:8080']
2022-05-20 06:48:35,207 [INFO] yandextank.plugins.DataUploader.plugin plugin.py:480	0.0.0.0:8080
2022-05-20 06:48:35,210 [INFO] yandextank.core.tankcore tankcore.py:561	Releasing lock: /var/lock/lunapark_8dDSwu.lock
2022-05-20 06:48:35,224 [DEBUG] yandextank.core.tankcore tankcore.py:367	Collecting artifacts
2022-05-20 06:48:35,225 [INFO] yandextank.core.tankcore tankcore.py:368	Artifacts dir: /Users/nikitaratasnuk/yandex.tank/logs/2022-05-20_06-48-31.546870
2022-05-20 06:48:35,227 [DEBUG] yandextank.core.tankcore tankcore.py:422	Collecting file: ./phout.log to /Users/nikitaratasnuk/yandex.tank/logs/2022-05-20_06-48-31.546870/phout.log
2022-05-20 06:48:35,240 [DEBUG] yandextank.core.tankcore tankcore.py:422	Collecting file: /Users/nikitaratasnuk/yandex.tank/logs/2022-05-20_06-48-31.546870/pandora_Kotc3a.log to /Users/nikitaratasnuk/yandex.tank/logs/2022-05-20_06-48-31.546870/pandora_Kotc3a.log
2022-05-20 06:48:35,241 [WARNING] yandextank.core.tankcore tankcore.py:429	File already exists: /Users/nikitaratasnuk/yandex.tank/logs/2022-05-20_06-48-31.546870/pandora_Kotc3a.log
2022-05-20 06:48:35,244 [DEBUG] yandextank.core.tankcore tankcore.py:422	Collecting file: validation_error.yaml to /Users/nikitaratasnuk/yandex.tank/logs/2022-05-20_06-48-31.546870/validation_error.yaml
2022-05-20 06:48:35,251 [WARNING] yandextank.core.tankcore tankcore.py:424	File not found to collect: validation_error.yaml
2022-05-20 06:48:35,254 [DEBUG] yandextank.core.tankcore tankcore.py:422	Collecting file: /Users/nikitaratasnuk/yandex.tank/logs/2022-05-20_06-48-31.546870/pandora_config_Z7wpbZ.yaml to /Users/nikitaratasnuk/yandex.tank/logs/2022-05-20_06-48-31.546870/pandora_config_Z7wpbZ.yaml
2022-05-20 06:48:35,256 [WARNING] yandextank.core.tankcore tankcore.py:429	File already exists: /Users/nikitaratasnuk/yandex.tank/logs/2022-05-20_06-48-31.546870/pandora_config_Z7wpbZ.yaml
