2022-05-21 07:22:21,429 [INFO] root consoleworker.py:434	Log file created
2022-05-21 07:22:21,431 [INFO] root consoleworker.py:438	Logging handler <logging.FileHandler object at 0x40198e2c50> added
2022-05-21 07:22:21,432 [INFO] root consoleworker.py:438	Logging handler <logging.StreamHandler object at 0x40198aa890> added
2022-05-21 07:22:21,433 [INFO] root consoleworker.py:438	Logging handler <logging.StreamHandler object at 0x40198cea90> added
2022-05-21 07:22:21,434 [INFO] root consoleworker.py:373	Created a folder for the test. /var/loadtest/logs/2022-05-21_07-22-21.269306
2022-05-21 07:22:21,437 [INFO] yandextank.core.tankcore tankcore.py:237	Configuring plugins...
2022-05-21 07:22:21,438 [INFO] yandextank.core.tankcore tankcore.py:190	Loading plugins...
2022-05-21 07:22:21,440 [DEBUG] yandextank.core.tankcore tankcore.py:192	Loading plugin rcheck from yandextank.plugins.ResourceCheck
2022-05-21 07:22:21,441 [DEBUG] yandextank.core.tankcore tankcore.py:192	Loading plugin json_report from yandextank.plugins.JsonReport
2022-05-21 07:22:21,448 [DEBUG] yandextank.core.tankcore tankcore.py:192	Loading plugin overload from yandextank.plugins.DataUploader
2022-05-21 07:22:21,450 [DEBUG] yandextank.core.tankcore tankcore.py:192	Loading plugin rcassert from yandextank.plugins.RCAssert
2022-05-21 07:22:21,451 [DEBUG] yandextank.core.tankcore tankcore.py:192	Loading plugin pandora from yandextank.plugins.Pandora
2022-05-21 07:22:21,453 [DEBUG] yandextank.core.tankcore tankcore.py:192	Loading plugin console from yandextank.plugins.Console
2022-05-21 07:22:21,454 [DEBUG] yandextank.core.tankcore tankcore.py:192	Loading plugin shellexec from yandextank.plugins.ShellExec
2022-05-21 07:22:21,456 [DEBUG] yandextank.core.tankcore tankcore.py:192	Loading plugin autostop from yandextank.plugins.Autostop
2022-05-21 07:22:21,457 [DEBUG] yandextank.core.tankcore tankcore.py:212	Plugin instances: {'plugin_pandora': <yandextank.plugins.Pandora.plugin.Plugin object at 0x40199b4d10>, 'plugin_json_report': <yandextank.plugins.JsonReport.plugin.Plugin object at 0x40199beb90>, 'plugin_autostop': <yandextank.plugins.Autostop.plugin.Plugin object at 0x40199b48d0>, 'plugin_shellexec': <yandextank.plugins.ShellExec.plugin.Plugin object at 0x40199b4b90>, 'plugin_console': <yandextank.plugins.Console.plugin.Plugin object at 0x40199b4110>, 'plugin_rcassert': <yandextank.plugins.RCAssert.plugin.Plugin object at 0x40199b4890>, 'plugin_rcheck': <yandextank.plugins.ResourceCheck.plugin.Plugin object at 0x40199be5d0>, 'plugin_overload': <yandextank.plugins.DataUploader.plugin.Plugin object at 0x40199be510>}
2022-05-21 07:22:21,462 [DEBUG] yandextank.core.tankcore tankcore.py:244	Configuring <yandextank.plugins.Pandora.plugin.Plugin object at 0x40199b4d10>
2022-05-21 07:22:21,463 [INFO] yandextank.plugins.Pandora.plugin plugin.py:68	Found config_file option configuration
2022-05-21 07:22:21,492 [DEBUG] yandextank.core.tankcore tankcore.py:446	Adding artifact file to collect (keep=False): /var/loadtest/logs/2022-05-21_07-22-21.269306/pandora_config_C_XMU5.yaml
2022-05-21 07:22:21,506 [DEBUG] yandextank.plugins.Pandora.plugin plugin.py:74	Config after parsing for patching: {'pools': [{'rps': {'duration': '60s', 'type': 'line', 'from': 1, 'to': 200}, 'result': {'destination': './phout.log', 'type': 'phout'}, 'startup': {'type': 'once', 'times': 10}, 'gun': {'type': 'My_custom_gun_name', 'target': '0.0.0.0:8080'}, 'ammo': {'source': {'path': './json.ammo', 'type': 'file'}, 'type': 'custom_provider'}, 'id': 'HTTP pool'}]}
2022-05-21 07:22:21,508 [INFO] yandextank.plugins.Pandora.plugin plugin.py:153	Found report file in pandora config: ./phout.log
2022-05-21 07:22:21,515 [DEBUG] yandextank.core.tankcore tankcore.py:446	Adding artifact file to collect (keep=False): ./phout.log
2022-05-21 07:22:21,522 [DEBUG] yandextank.core.tankcore tankcore.py:244	Configuring <yandextank.plugins.JsonReport.plugin.Plugin object at 0x40199beb90>
2022-05-21 07:22:21,526 [DEBUG] yandextank.core.tankcore tankcore.py:391	Searching for plugin: <class 'yandextank.common.interfaces.GeneratorPlugin'>
2022-05-21 07:22:21,535 [DEBUG] yandextank.core.tankcore tankcore.py:244	Configuring <yandextank.plugins.Autostop.plugin.Plugin object at 0x40199b48d0>
2022-05-21 07:22:21,538 [DEBUG] yandextank.core.tankcore tankcore.py:244	Configuring <yandextank.plugins.ShellExec.plugin.Plugin object at 0x40199b4b90>
2022-05-21 07:22:21,540 [DEBUG] yandextank.core.tankcore tankcore.py:244	Configuring <yandextank.plugins.Console.plugin.Plugin object at 0x40199b4110>
2022-05-21 07:22:21,543 [DEBUG] yandextank.core.tankcore tankcore.py:244	Configuring <yandextank.plugins.RCAssert.plugin.Plugin object at 0x40199b4890>
2022-05-21 07:22:21,544 [DEBUG] yandextank.core.tankcore tankcore.py:244	Configuring <yandextank.plugins.ResourceCheck.plugin.Plugin object at 0x40199be5d0>
2022-05-21 07:22:21,548 [DEBUG] yandextank.core.tankcore tankcore.py:244	Configuring <yandextank.plugins.DataUploader.plugin.Plugin object at 0x40199be510>
2022-05-21 07:22:21,549 [INFO] yandextank.core.tankcore tankcore.py:249	Preparing test...
2022-05-21 07:22:21,551 [DEBUG] yandextank.core.tankcore tankcore.py:253	Preparing <yandextank.plugins.Pandora.plugin.Plugin object at 0x40199b4d10>
2022-05-21 07:22:21,553 [DEBUG] yandextank.core.tankcore tankcore.py:391	Searching for plugin: <class 'yandextank.plugins.Console.plugin.Plugin'>
2022-05-21 07:22:21,556 [DEBUG] yandextank.core.tankcore tankcore.py:253	Preparing <yandextank.plugins.JsonReport.plugin.Plugin object at 0x40199beb90>
2022-05-21 07:22:21,557 [DEBUG] yandextank.core.tankcore tankcore.py:253	Preparing <yandextank.plugins.Autostop.plugin.Plugin object at 0x40199b48d0>
2022-05-21 07:22:21,559 [DEBUG] yandextank.common.interfaces plugin.py:74	Criterion string: http(5xx,10%,5s)
2022-05-21 07:22:21,560 [DEBUG] yandextank.common.interfaces plugin.py:78	Criterion objects: {'http(5xx,10%,5s)': <yandextank.plugins.Autostop.criterions.HTTPCodesCriterion object at 0x40199b4910>}
2022-05-21 07:22:21,561 [DEBUG] yandextank.core.tankcore tankcore.py:391	Searching for plugin: <class 'yandextank.plugins.Console.plugin.Plugin'>
2022-05-21 07:22:21,562 [DEBUG] yandextank.core.tankcore tankcore.py:253	Preparing <yandextank.plugins.ShellExec.plugin.Plugin object at 0x40199b4b90>
2022-05-21 07:22:21,563 [DEBUG] yandextank.core.tankcore tankcore.py:253	Preparing <yandextank.plugins.Console.plugin.Plugin object at 0x40199b4110>
2022-05-21 07:22:21,564 [DEBUG] yandextank.core.tankcore tankcore.py:253	Preparing <yandextank.plugins.RCAssert.plugin.Plugin object at 0x40199b4890>
2022-05-21 07:22:21,566 [DEBUG] yandextank.core.tankcore tankcore.py:253	Preparing <yandextank.plugins.ResourceCheck.plugin.Plugin object at 0x40199be5d0>
2022-05-21 07:22:21,571 [INFO] yandextank.common.interfaces plugin.py:39	Checking tank resources...
2022-05-21 07:22:21,577 [DEBUG] netort.process process.py:23	Starting: sh -c "df --no-sync -m -P -l -x fuse -x tmpfs -x devtmpfs -x davfs -x nfs /var/loadtest/logs | tail -n 1 | awk '{print \$4}' "
2022-05-21 07:22:22,073 [DEBUG] netort.process process.py:46	Process output:
13758

2022-05-21 07:22:22,074 [DEBUG] netort.process process.py:48	Process exit code: 0
2022-05-21 07:22:22,076 [DEBUG] root plugin.py:58	Result: (0, '13758\n', '')
2022-05-21 07:22:22,077 [DEBUG] yandextank.common.interfaces plugin.py:64	Disk free space: 13758/2048
2022-05-21 07:22:22,079 [DEBUG] yandextank.common.interfaces plugin.py:75	Memory free: 3079/512
2022-05-21 07:22:22,080 [DEBUG] yandextank.core.tankcore tankcore.py:253	Preparing <yandextank.plugins.DataUploader.plugin.Plugin object at 0x40199be510>
2022-05-21 07:22:22,081 [WARNING] yandextank.plugins.DataUploader.plugin plugin.py:234	Failed to get info about ammo path
2022-05-21 07:22:22,084 [INFO] root plugin.py:523	Using OVERLOAD backend
2022-05-21 07:22:22,085 [DEBUG] yandextank.plugins.DataUploader.plugin plugin.py:618	Trying to read token from token.txt
2022-05-21 07:22:22,099 [INFO] yandextank.plugins.DataUploader.plugin plugin.py:624	Read authentication token from token.txt, token length is 32 bytes
2022-05-21 07:22:22,149 [INFO] yandextank.plugins.DataUploader.client client.py:59	Proxy not set
2022-05-21 07:22:22,153 [INFO] yandextank.plugins.DataUploader.plugin plugin.py:647	Detected target: 0.0.0.0:8080
2022-05-21 07:22:22,178 [DEBUG] yandextank.plugins.DataUploader.client client.py:336	Job create request: {'person': 'root', 'host': '0.0.0.0:8080', 'task': '', 'tank': '84adb2082a32', 'notify': [], 'loadscheme': [], 'detailed_time': None, 'port': '8080'}
2022-05-21 07:22:22,188 [DEBUG] urllib3.connectionpool connectionpool.py:813	Starting new HTTPS connection (1): overload.yandex.net:443
2022-05-21 07:22:22,455 [DEBUG] urllib3.connectionpool connectionpool.py:393	https://overload.yandex.net:443 "POST /api/job/create.json?api_token=4f2a42fb997146a394c06ccf2768f953 HTTP/1.1" 200 None
2022-05-21 07:22:22,470 [INFO] yandextank.plugins.DataUploader.plugin plugin.py:789	Job created: 523535
2022-05-21 07:22:22,475 [DEBUG] yandextank.plugins.DataUploader.client client.py:642	Sending configinitial config
2022-05-21 07:22:22,565 [DEBUG] urllib3.connectionpool connectionpool.py:393	https://overload.yandex.net:443 "POST /api/job/523535/configinitial.txt?api_token=4f2a42fb997146a394c06ccf2768f953 HTTP/1.1" 200 16
2022-05-21 07:22:22,574 [INFO] yandextank.plugins.DataUploader.plugin plugin.py:485	Locking targets: ['0.0.0.0:8080']
2022-05-21 07:22:22,579 [INFO] yandextank.plugins.DataUploader.plugin plugin.py:487	Locked targets: ['0.0.0.0:8080']
2022-05-21 07:22:22,594 [DEBUG] yandextank.common.interfaces interfaces.py:101	Publishing status: Plugin/job_no: 523535
2022-05-21 07:22:22,674 [DEBUG] urllib3.connectionpool connectionpool.py:393	https://overload.yandex.net:443 "POST /api/job/523535/edit.json?api_token=4f2a42fb997146a394c06ccf2768f953 HTTP/1.1" 200 19
2022-05-21 07:22:22,680 [DEBUG] yandextank.core.tankcore tankcore.py:391	Searching for plugin: <class 'yandextank.plugins.Console.plugin.Plugin'>
2022-05-21 07:22:22,683 [DEBUG] yandextank.plugins.DataUploader.client client.py:642	Sending configinitial config
2022-05-21 07:22:22,763 [DEBUG] urllib3.connectionpool connectionpool.py:393	https://overload.yandex.net:443 "POST /api/job/523535/configinitial.txt?api_token=4f2a42fb997146a394c06ccf2768f953 HTTP/1.1" 200 16
2022-05-21 07:22:22,770 [DEBUG] yandextank.plugins.DataUploader.client client.py:642	Sending configinfo config
2022-05-21 07:22:22,913 [DEBUG] urllib3.connectionpool connectionpool.py:393	https://overload.yandex.net:443 "POST /api/job/523535/configinfo.txt?api_token=4f2a42fb997146a394c06ccf2768f953 HTTP/1.1" 200 16
2022-05-21 07:22:22,929 [INFO] yandextank.core.tankcore tankcore.py:259	Starting test...
2022-05-21 07:22:22,947 [INFO] yandextank.aggregator.tank_aggregator tank_aggregator.py:63	using verbose histogram
2022-05-21 07:22:22,986 [DEBUG] yandextank.core.tankcore tankcore.py:263	Starting <yandextank.plugins.Pandora.plugin.Plugin object at 0x40199b4d10>
2022-05-21 07:22:22,993 [INFO] yandextank.plugins.Pandora.plugin plugin.py:183	Starting: ['./gun12', '-expvar', '/var/loadtest/logs/2022-05-21_07-22-21.269306/pandora_config_C_XMU5.yaml']
2022-05-21 07:22:22,995 [DEBUG] urllib3.connectionpool connectionpool.py:205	Starting new HTTP connection (1): localhost:1234
2022-05-21 07:22:23,000 [DEBUG] yandextank.core.tankcore tankcore.py:446	Adding artifact file to collect (keep=False): /var/loadtest/logs/2022-05-21_07-22-21.269306/pandora_28d1if.log
2022-05-21 07:22:23,006 [DEBUG] yandextank.plugins.Pandora.reader reader.py:33	Pandora expvar http interface is unavailable
Traceback (most recent call last):
  File "/usr/local/lib/python2.7/dist-packages/yandextank/plugins/Pandora/reader.py", line 24, in run
    pandora_stat = requests.get("http://localhost:1234/debug/vars", timeout=0.9).json()
  File "/usr/local/lib/python2.7/dist-packages/requests/api.py", line 75, in get
    return request('get', url, params=params, **kwargs)
  File "/usr/local/lib/python2.7/dist-packages/requests/api.py", line 60, in request
    return session.request(method=method, url=url, **kwargs)
  File "/usr/local/lib/python2.7/dist-packages/requests/sessions.py", line 533, in request
    resp = self.send(prep, **send_kwargs)
  File "/usr/local/lib/python2.7/dist-packages/requests/sessions.py", line 646, in send
    r = adapter.send(request, **kwargs)
  File "/usr/local/lib/python2.7/dist-packages/requests/adapters.py", line 516, in send
    raise ConnectionError(e, request=request)
ConnectionError: HTTPConnectionPool(host='localhost', port=1234): Max retries exceeded with url: /debug/vars (Caused by NewConnectionError('<urllib3.connection.HTTPConnection object at 0x4019bfc750>: Failed to establish a new connection: [Errno 111] Connection refused',))
2022-05-21 07:22:23,017 [DEBUG] urllib3.connectionpool connectionpool.py:205	Starting new HTTP connection (1): localhost:1234
2022-05-21 07:22:23,022 [DEBUG] yandextank.plugins.Pandora.reader reader.py:33	Pandora expvar http interface is unavailable
Traceback (most recent call last):
  File "/usr/local/lib/python2.7/dist-packages/yandextank/plugins/Pandora/reader.py", line 24, in run
    pandora_stat = requests.get("http://localhost:1234/debug/vars", timeout=0.9).json()
  File "/usr/local/lib/python2.7/dist-packages/requests/api.py", line 75, in get
    return request('get', url, params=params, **kwargs)
  File "/usr/local/lib/python2.7/dist-packages/requests/api.py", line 60, in request
    return session.request(method=method, url=url, **kwargs)
  File "/usr/local/lib/python2.7/dist-packages/requests/sessions.py", line 533, in request
    resp = self.send(prep, **send_kwargs)
  File "/usr/local/lib/python2.7/dist-packages/requests/sessions.py", line 646, in send
    r = adapter.send(request, **kwargs)
  File "/usr/local/lib/python2.7/dist-packages/requests/adapters.py", line 516, in send
    raise ConnectionError(e, request=request)
ConnectionError: HTTPConnectionPool(host='localhost', port=1234): Max retries exceeded with url: /debug/vars (Caused by NewConnectionError('<urllib3.connection.HTTPConnection object at 0x40229b67d0>: Failed to establish a new connection: [Errno 111] Connection refused',))
2022-05-21 07:22:23,447 [DEBUG] yandextank.plugins.Pandora.plugin plugin.py:196	Unable to start Pandora binary. Args: ['./gun12', '-expvar', '/var/loadtest/logs/2022-05-21_07-22-21.269306/pandora_config_C_XMU5.yaml']
Traceback (most recent call last):
  File "/usr/local/lib/python2.7/dist-packages/yandextank/plugins/Pandora/plugin.py", line 193, in start_test
    close_fds=True)
  File "/usr/lib/python2.7/subprocess.py", line 711, in __init__
    errread, errwrite)
  File "/usr/lib/python2.7/subprocess.py", line 1343, in _execute_child
    raise child_exception
OSError: [Errno 13] Permission denied
2022-05-21 07:22:23,450 [ERROR] root consoleworker.py:296	Test interrupted:
<type 'exceptions.RuntimeError'>: Unable to start Pandora binary and/or file does not exist: ['./gun12', '-expvar', '/var/loadtest/logs/2022-05-21_07-22-21.269306/pandora_config_C_XMU5.yaml']
<traceback object at 0x403e723c68>
2022-05-21 07:22:23,452 [INFO] yandextank.core.tankcore tankcore.py:301	Finishing test...
2022-05-21 07:22:23,453 [INFO] yandextank.core.tankcore tankcore.py:303	Stopping load generator and aggregator
2022-05-21 07:22:23,454 [DEBUG] yandextank.plugins.Pandora.plugin plugin.py:225	Seems subprocess finished OK
2022-05-21 07:22:23,456 [DEBUG] yandextank.aggregator.tank_aggregator tank_aggregator.py:123	Closing stats reader
2022-05-21 07:22:23,636 [DEBUG] yandextank.aggregator.tank_aggregator tank_aggregator.py:126	Waiting for gun drain to finish
2022-05-21 07:22:23,992 [DEBUG] yandextank.aggregator.tank_aggregator tank_aggregator.py:128	Waiting for stats drain to finish
2022-05-21 07:22:23,999 [DEBUG] yandextank.aggregator.tank_aggregator tank_aggregator.py:130	Collecting remaining data
2022-05-21 07:22:24,004 [DEBUG] yandextank.aggregator.tank_aggregator tank_aggregator.py:87	Data timestamps: []
2022-05-21 07:22:24,008 [DEBUG] yandextank.aggregator.tank_aggregator tank_aggregator.py:88	Stats timestamps: []
2022-05-21 07:22:24,013 [DEBUG] yandextank.core.tankcore tankcore.py:305	RC after: 1
2022-05-21 07:22:24,017 [INFO] yandextank.core.tankcore tankcore.py:307	Stopping monitoring
2022-05-21 07:22:24,021 [DEBUG] yandextank.core.tankcore tankcore.py:315	Finalize <yandextank.plugins.JsonReport.plugin.Plugin object at 0x40199beb90>
2022-05-21 07:22:24,024 [DEBUG] yandextank.core.tankcore tankcore.py:317	RC before: 1
2022-05-21 07:22:24,026 [DEBUG] yandextank.core.tankcore tankcore.py:319	RC after: 1
2022-05-21 07:22:24,028 [DEBUG] yandextank.core.tankcore tankcore.py:315	Finalize <yandextank.plugins.Autostop.plugin.Plugin object at 0x40199b48d0>
2022-05-21 07:22:24,031 [DEBUG] yandextank.core.tankcore tankcore.py:317	RC before: 1
2022-05-21 07:22:24,034 [DEBUG] yandextank.core.tankcore tankcore.py:319	RC after: 1
2022-05-21 07:22:24,036 [DEBUG] yandextank.core.tankcore tankcore.py:315	Finalize <yandextank.plugins.ShellExec.plugin.Plugin object at 0x40199b4b90>
2022-05-21 07:22:24,040 [DEBUG] yandextank.core.tankcore tankcore.py:317	RC before: 1
2022-05-21 07:22:24,042 [DEBUG] yandextank.core.tankcore tankcore.py:319	RC after: 1
2022-05-21 07:22:24,044 [DEBUG] yandextank.core.tankcore tankcore.py:315	Finalize <yandextank.plugins.Console.plugin.Plugin object at 0x40199b4110>
2022-05-21 07:22:24,045 [DEBUG] yandextank.core.tankcore tankcore.py:317	RC before: 1
2022-05-21 07:22:24,047 [DEBUG] yandextank.core.tankcore tankcore.py:319	RC after: 1
2022-05-21 07:22:24,048 [DEBUG] yandextank.core.tankcore tankcore.py:315	Finalize <yandextank.plugins.RCAssert.plugin.Plugin object at 0x40199b4890>
2022-05-21 07:22:24,050 [DEBUG] yandextank.core.tankcore tankcore.py:317	RC before: 1
2022-05-21 07:22:24,051 [DEBUG] yandextank.core.tankcore tankcore.py:319	RC after: 1
2022-05-21 07:22:24,053 [DEBUG] yandextank.core.tankcore tankcore.py:315	Finalize <yandextank.plugins.ResourceCheck.plugin.Plugin object at 0x40199be5d0>
2022-05-21 07:22:24,055 [DEBUG] yandextank.core.tankcore tankcore.py:317	RC before: 1
2022-05-21 07:22:24,057 [DEBUG] yandextank.core.tankcore tankcore.py:319	RC after: 1
2022-05-21 07:22:24,058 [DEBUG] yandextank.core.tankcore tankcore.py:315	Finalize <yandextank.plugins.DataUploader.plugin.Plugin object at 0x40199be510>
2022-05-21 07:22:24,059 [DEBUG] yandextank.core.tankcore tankcore.py:317	RC before: 1
2022-05-21 07:22:24,060 [DEBUG] yandextank.plugins.DataUploader.client client.py:642	Sending configinitial config
2022-05-21 07:22:24,147 [DEBUG] urllib3.connectionpool connectionpool.py:393	https://overload.yandex.net:443 "POST /api/job/523535/configinitial.txt?api_token=4f2a42fb997146a394c06ccf2768f953 HTTP/1.1" 200 16
2022-05-21 07:22:24,153 [DEBUG] yandextank.plugins.DataUploader.client client.py:642	Sending configinfo config
2022-05-21 07:22:24,320 [DEBUG] urllib3.connectionpool connectionpool.py:393	https://overload.yandex.net:443 "POST /api/job/523535/configinfo.txt?api_token=4f2a42fb997146a394c06ccf2768f953 HTTP/1.1" 200 16
2022-05-21 07:22:24,334 [INFO] yandextank.plugins.DataUploader.plugin plugin.py:478	Unlocking targets: ['0.0.0.0:8080']
2022-05-21 07:22:24,339 [INFO] yandextank.plugins.DataUploader.plugin plugin.py:480	0.0.0.0:8080
2022-05-21 07:22:24,344 [DEBUG] yandextank.core.tankcore tankcore.py:319	RC after: 1
2022-05-21 07:22:24,347 [INFO] yandextank.core.tankcore tankcore.py:330	Post-processing test...
2022-05-21 07:22:24,351 [DEBUG] yandextank.core.tankcore tankcore.py:333	Post-process <yandextank.plugins.Pandora.plugin.Plugin object at 0x40199b4d10>
2022-05-21 07:22:24,356 [DEBUG] yandextank.core.tankcore tankcore.py:335	RC before: 1
2022-05-21 07:22:24,360 [DEBUG] yandextank.core.tankcore tankcore.py:337	RC after: 1
2022-05-21 07:22:24,363 [DEBUG] yandextank.core.tankcore tankcore.py:333	Post-process <yandextank.plugins.JsonReport.plugin.Plugin object at 0x40199beb90>
2022-05-21 07:22:24,365 [DEBUG] yandextank.core.tankcore tankcore.py:335	RC before: 1
2022-05-21 07:22:24,370 [DEBUG] yandextank.core.tankcore tankcore.py:337	RC after: 1
2022-05-21 07:22:24,376 [DEBUG] yandextank.core.tankcore tankcore.py:333	Post-process <yandextank.plugins.Autostop.plugin.Plugin object at 0x40199b48d0>
2022-05-21 07:22:24,378 [DEBUG] yandextank.core.tankcore tankcore.py:335	RC before: 1
2022-05-21 07:22:24,380 [DEBUG] yandextank.core.tankcore tankcore.py:337	RC after: 1
2022-05-21 07:22:24,383 [DEBUG] yandextank.core.tankcore tankcore.py:333	Post-process <yandextank.plugins.ShellExec.plugin.Plugin object at 0x40199b4b90>
2022-05-21 07:22:24,384 [DEBUG] yandextank.core.tankcore tankcore.py:335	RC before: 1
2022-05-21 07:22:24,388 [DEBUG] yandextank.core.tankcore tankcore.py:337	RC after: 1
2022-05-21 07:22:24,390 [DEBUG] yandextank.core.tankcore tankcore.py:333	Post-process <yandextank.plugins.Console.plugin.Plugin object at 0x40199b4110>
2022-05-21 07:22:24,391 [DEBUG] yandextank.core.tankcore tankcore.py:335	RC before: 1
2022-05-21 07:22:24,393 [DEBUG] yandextank.core.tankcore tankcore.py:337	RC after: 1
2022-05-21 07:22:24,395 [DEBUG] yandextank.core.tankcore tankcore.py:333	Post-process <yandextank.plugins.RCAssert.plugin.Plugin object at 0x40199b4890>
2022-05-21 07:22:24,396 [DEBUG] yandextank.core.tankcore tankcore.py:335	RC before: 1
2022-05-21 07:22:24,397 [DEBUG] yandextank.core.tankcore tankcore.py:337	RC after: 1
2022-05-21 07:22:24,399 [DEBUG] yandextank.core.tankcore tankcore.py:333	Post-process <yandextank.plugins.ResourceCheck.plugin.Plugin object at 0x40199be5d0>
2022-05-21 07:22:24,400 [DEBUG] yandextank.core.tankcore tankcore.py:335	RC before: 1
2022-05-21 07:22:24,402 [DEBUG] yandextank.core.tankcore tankcore.py:337	RC after: 1
2022-05-21 07:22:24,405 [DEBUG] yandextank.core.tankcore tankcore.py:333	Post-process <yandextank.plugins.DataUploader.plugin.Plugin object at 0x40199be510>
2022-05-21 07:22:24,406 [DEBUG] yandextank.core.tankcore tankcore.py:335	RC before: 1
2022-05-21 07:22:24,407 [INFO] yandextank.plugins.DataUploader.plugin plugin.py:350	Waiting for sender threads to join.
2022-05-21 07:22:24,408 [INFO] yandextank.plugins.DataUploader.plugin plugin.py:357	Web link: None
2022-05-21 07:22:24,410 [DEBUG] yandextank.core.tankcore tankcore.py:391	Searching for plugin: <class 'yandextank.plugins.Autostop.plugin.Plugin'>
2022-05-21 07:22:24,412 [DEBUG] yandextank.plugins.DataUploader.plugin plugin.py:376	No autostop cause detected
2022-05-21 07:22:24,414 [DEBUG] yandextank.plugins.DataUploader.client client.py:642	Sending configinitial config
2022-05-21 07:22:24,502 [DEBUG] urllib3.connectionpool connectionpool.py:393	https://overload.yandex.net:443 "POST /api/job/523535/configinitial.txt?api_token=4f2a42fb997146a394c06ccf2768f953 HTTP/1.1" 200 16
2022-05-21 07:22:24,506 [DEBUG] yandextank.plugins.DataUploader.client client.py:642	Sending configinfo config
2022-05-21 07:22:24,594 [DEBUG] urllib3.connectionpool connectionpool.py:393	https://overload.yandex.net:443 "POST /api/job/523535/configinfo.txt?api_token=4f2a42fb997146a394c06ccf2768f953 HTTP/1.1" 200 16
2022-05-21 07:22:24,600 [DEBUG] yandextank.core.tankcore tankcore.py:337	RC after: 1
2022-05-21 07:22:24,603 [INFO] root consoleworker.py:269	Trying to clean up
2022-05-21 07:22:24,605 [INFO] yandextank.core.tankcore tankcore.py:526	Cleaning up plugin plugin_pandora
2022-05-21 07:22:24,607 [INFO] yandextank.core.tankcore tankcore.py:526	Cleaning up plugin plugin_json_report
2022-05-21 07:22:24,609 [INFO] yandextank.core.tankcore tankcore.py:526	Cleaning up plugin plugin_autostop
2022-05-21 07:22:24,612 [INFO] yandextank.core.tankcore tankcore.py:526	Cleaning up plugin plugin_shellexec
2022-05-21 07:22:24,614 [INFO] yandextank.core.tankcore tankcore.py:526	Cleaning up plugin plugin_console
2022-05-21 07:22:24,616 [INFO] yandextank.core.tankcore tankcore.py:526	Cleaning up plugin plugin_rcassert
2022-05-21 07:22:24,618 [INFO] yandextank.core.tankcore tankcore.py:526	Cleaning up plugin plugin_rcheck
2022-05-21 07:22:24,620 [INFO] yandextank.core.tankcore tankcore.py:526	Cleaning up plugin plugin_overload
2022-05-21 07:22:24,714 [DEBUG] urllib3.connectionpool connectionpool.py:393	https://overload.yandex.net:443 "GET /api/job/523535/close.json?exitcode=1&api_token=4f2a42fb997146a394c06ccf2768f953 HTTP/1.1" 200 16
2022-05-21 07:22:24,719 [INFO] yandextank.plugins.DataUploader.plugin plugin.py:478	Unlocking targets: ['0.0.0.0:8080']
2022-05-21 07:22:24,721 [INFO] yandextank.plugins.DataUploader.plugin plugin.py:480	0.0.0.0:8080
2022-05-21 07:22:24,724 [INFO] yandextank.core.tankcore tankcore.py:561	Releasing lock: /var/lock/lunapark_WwQsDI.lock
2022-05-21 07:22:24,738 [DEBUG] yandextank.core.tankcore tankcore.py:367	Collecting artifacts
2022-05-21 07:22:24,740 [INFO] yandextank.core.tankcore tankcore.py:368	Artifacts dir: /var/loadtest/logs/2022-05-21_07-22-21.269306
2022-05-21 07:22:24,742 [DEBUG] yandextank.core.tankcore tankcore.py:422	Collecting file: ./phout.log to /var/loadtest/logs/2022-05-21_07-22-21.269306/phout.log
2022-05-21 07:22:24,750 [DEBUG] yandextank.core.tankcore tankcore.py:422	Collecting file: /var/loadtest/logs/2022-05-21_07-22-21.269306/pandora_config_C_XMU5.yaml to /var/loadtest/logs/2022-05-21_07-22-21.269306/pandora_config_C_XMU5.yaml
2022-05-21 07:22:24,752 [WARNING] yandextank.core.tankcore tankcore.py:429	File already exists: /var/loadtest/logs/2022-05-21_07-22-21.269306/pandora_config_C_XMU5.yaml
2022-05-21 07:22:24,754 [DEBUG] yandextank.core.tankcore tankcore.py:422	Collecting file: validation_error.yaml to /var/loadtest/logs/2022-05-21_07-22-21.269306/validation_error.yaml
2022-05-21 07:22:24,763 [WARNING] yandextank.core.tankcore tankcore.py:424	File not found to collect: validation_error.yaml
2022-05-21 07:22:24,766 [DEBUG] yandextank.core.tankcore tankcore.py:422	Collecting file: /var/loadtest/logs/2022-05-21_07-22-21.269306/pandora_28d1if.log to /var/loadtest/logs/2022-05-21_07-22-21.269306/pandora_28d1if.log
2022-05-21 07:22:24,767 [WARNING] yandextank.core.tankcore tankcore.py:429	File already exists: /var/loadtest/logs/2022-05-21_07-22-21.269306/pandora_28d1if.log
