2022-05-20 06:45:11,032 [INFO] root consoleworker.py:434	Log file created
2022-05-20 06:45:11,034 [INFO] root consoleworker.py:438	Logging handler <logging.FileHandler object at 0x40192a2c10> added
2022-05-20 06:45:11,038 [INFO] root consoleworker.py:438	Logging handler <logging.StreamHandler object at 0x401926a850> added
2022-05-20 06:45:11,040 [INFO] root consoleworker.py:438	Logging handler <logging.StreamHandler object at 0x401928ea50> added
2022-05-20 06:45:11,042 [INFO] root consoleworker.py:373	Created a folder for the test. /var/loadtest/logs/2022-05-20_06-45-10.863612
2022-05-20 06:45:11,046 [INFO] yandextank.core.tankcore tankcore.py:237	Configuring plugins...
2022-05-20 06:45:11,049 [INFO] yandextank.core.tankcore tankcore.py:190	Loading plugins...
2022-05-20 06:45:11,051 [DEBUG] yandextank.core.tankcore tankcore.py:192	Loading plugin rcheck from yandextank.plugins.ResourceCheck
2022-05-20 06:45:11,053 [DEBUG] yandextank.core.tankcore tankcore.py:192	Loading plugin json_report from yandextank.plugins.JsonReport
2022-05-20 06:45:11,061 [DEBUG] yandextank.core.tankcore tankcore.py:192	Loading plugin overload from yandextank.plugins.DataUploader
2022-05-20 06:45:11,065 [DEBUG] yandextank.core.tankcore tankcore.py:192	Loading plugin rcassert from yandextank.plugins.RCAssert
2022-05-20 06:45:11,069 [DEBUG] yandextank.core.tankcore tankcore.py:192	Loading plugin pandora from yandextank.plugins.Pandora
2022-05-20 06:45:11,070 [DEBUG] yandextank.core.tankcore tankcore.py:192	Loading plugin console from yandextank.plugins.Console
2022-05-20 06:45:11,072 [DEBUG] yandextank.core.tankcore tankcore.py:192	Loading plugin shellexec from yandextank.plugins.ShellExec
2022-05-20 06:45:11,073 [DEBUG] yandextank.core.tankcore tankcore.py:192	Loading plugin autostop from yandextank.plugins.Autostop
2022-05-20 06:45:11,074 [DEBUG] yandextank.core.tankcore tankcore.py:212	Plugin instances: {'plugin_pandora': <yandextank.plugins.Pandora.plugin.Plugin object at 0x4019375d10>, 'plugin_json_report': <yandextank.plugins.JsonReport.plugin.Plugin object at 0x401937eb90>, 'plugin_autostop': <yandextank.plugins.Autostop.plugin.Plugin object at 0x40193758d0>, 'plugin_shellexec': <yandextank.plugins.ShellExec.plugin.Plugin object at 0x4019375b90>, 'plugin_console': <yandextank.plugins.Console.plugin.Plugin object at 0x4019375110>, 'plugin_rcassert': <yandextank.plugins.RCAssert.plugin.Plugin object at 0x4019375890>, 'plugin_rcheck': <yandextank.plugins.ResourceCheck.plugin.Plugin object at 0x401937e5d0>, 'plugin_overload': <yandextank.plugins.DataUploader.plugin.Plugin object at 0x401937e510>}
2022-05-20 06:45:11,076 [DEBUG] yandextank.core.tankcore tankcore.py:244	Configuring <yandextank.plugins.Pandora.plugin.Plugin object at 0x4019375d10>
2022-05-20 06:45:11,079 [INFO] yandextank.plugins.Pandora.plugin plugin.py:68	Found config_file option configuration
2022-05-20 06:45:11,109 [DEBUG] yandextank.core.tankcore tankcore.py:446	Adding artifact file to collect (keep=False): /var/loadtest/logs/2022-05-20_06-45-10.863612/pandora_config_yseyrK.yaml
2022-05-20 06:45:11,122 [DEBUG] yandextank.plugins.Pandora.plugin plugin.py:74	Config after parsing for patching: {'pools': [{'rps': {'duration': '60s', 'type': 'line', 'from': 1, 'to': 200}, 'result': {'destination': './phout.log', 'type': 'phout'}, 'startup': {'type': 'once', 'times': 10}, 'gun': {'type': 'My_custom_gun_name', 'target': '0.0.0.0:8080'}, 'ammo': {'source': {'path': './json.ammo', 'type': 'file'}, 'type': 'custom_provider'}, 'id': 'HTTP pool'}]}
2022-05-20 06:45:11,124 [INFO] yandextank.plugins.Pandora.plugin plugin.py:153	Found report file in pandora config: ./phout.log
2022-05-20 06:45:11,129 [DEBUG] yandextank.core.tankcore tankcore.py:446	Adding artifact file to collect (keep=False): ./phout.log
2022-05-20 06:45:11,130 [DEBUG] yandextank.core.tankcore tankcore.py:244	Configuring <yandextank.plugins.JsonReport.plugin.Plugin object at 0x401937eb90>
2022-05-20 06:45:11,131 [DEBUG] yandextank.core.tankcore tankcore.py:391	Searching for plugin: <class 'yandextank.common.interfaces.GeneratorPlugin'>
2022-05-20 06:45:11,138 [DEBUG] yandextank.core.tankcore tankcore.py:244	Configuring <yandextank.plugins.Autostop.plugin.Plugin object at 0x40193758d0>
2022-05-20 06:45:11,140 [DEBUG] yandextank.core.tankcore tankcore.py:244	Configuring <yandextank.plugins.ShellExec.plugin.Plugin object at 0x4019375b90>
2022-05-20 06:45:11,141 [DEBUG] yandextank.core.tankcore tankcore.py:244	Configuring <yandextank.plugins.Console.plugin.Plugin object at 0x4019375110>
2022-05-20 06:45:11,144 [DEBUG] yandextank.core.tankcore tankcore.py:244	Configuring <yandextank.plugins.RCAssert.plugin.Plugin object at 0x4019375890>
2022-05-20 06:45:11,148 [DEBUG] yandextank.core.tankcore tankcore.py:244	Configuring <yandextank.plugins.ResourceCheck.plugin.Plugin object at 0x401937e5d0>
2022-05-20 06:45:11,155 [DEBUG] yandextank.core.tankcore tankcore.py:244	Configuring <yandextank.plugins.DataUploader.plugin.Plugin object at 0x401937e510>
2022-05-20 06:45:11,157 [INFO] yandextank.core.tankcore tankcore.py:249	Preparing test...
2022-05-20 06:45:11,159 [DEBUG] yandextank.core.tankcore tankcore.py:253	Preparing <yandextank.plugins.Pandora.plugin.Plugin object at 0x4019375d10>
2022-05-20 06:45:11,162 [DEBUG] yandextank.core.tankcore tankcore.py:391	Searching for plugin: <class 'yandextank.plugins.Console.plugin.Plugin'>
2022-05-20 06:45:11,164 [DEBUG] yandextank.core.tankcore tankcore.py:253	Preparing <yandextank.plugins.JsonReport.plugin.Plugin object at 0x401937eb90>
2022-05-20 06:45:11,166 [DEBUG] yandextank.core.tankcore tankcore.py:253	Preparing <yandextank.plugins.Autostop.plugin.Plugin object at 0x40193758d0>
2022-05-20 06:45:11,168 [DEBUG] yandextank.common.interfaces plugin.py:74	Criterion string: http(5xx,10%,5s)
2022-05-20 06:45:11,170 [DEBUG] yandextank.common.interfaces plugin.py:78	Criterion objects: {'http(5xx,10%,5s)': <yandextank.plugins.Autostop.criterions.HTTPCodesCriterion object at 0x4019375910>}
2022-05-20 06:45:11,171 [DEBUG] yandextank.core.tankcore tankcore.py:391	Searching for plugin: <class 'yandextank.plugins.Console.plugin.Plugin'>
2022-05-20 06:45:11,173 [DEBUG] yandextank.core.tankcore tankcore.py:253	Preparing <yandextank.plugins.ShellExec.plugin.Plugin object at 0x4019375b90>
2022-05-20 06:45:11,173 [DEBUG] yandextank.core.tankcore tankcore.py:253	Preparing <yandextank.plugins.Console.plugin.Plugin object at 0x4019375110>
2022-05-20 06:45:11,175 [DEBUG] yandextank.core.tankcore tankcore.py:253	Preparing <yandextank.plugins.RCAssert.plugin.Plugin object at 0x4019375890>
2022-05-20 06:45:11,179 [DEBUG] yandextank.core.tankcore tankcore.py:253	Preparing <yandextank.plugins.ResourceCheck.plugin.Plugin object at 0x401937e5d0>
2022-05-20 06:45:11,182 [INFO] yandextank.common.interfaces plugin.py:39	Checking tank resources...
2022-05-20 06:45:11,184 [DEBUG] netort.process process.py:23	Starting: sh -c "df --no-sync -m -P -l -x fuse -x tmpfs -x devtmpfs -x davfs -x nfs /var/loadtest/logs | tail -n 1 | awk '{print \$4}' "
2022-05-20 06:45:11,717 [DEBUG] netort.process process.py:46	Process output:
11559

2022-05-20 06:45:11,720 [DEBUG] netort.process process.py:48	Process exit code: 0
2022-05-20 06:45:11,723 [DEBUG] root plugin.py:58	Result: (0, '11559\n', '')
2022-05-20 06:45:11,725 [DEBUG] yandextank.common.interfaces plugin.py:64	Disk free space: 11559/2048
2022-05-20 06:45:11,728 [DEBUG] yandextank.common.interfaces plugin.py:75	Memory free: 3101/512
2022-05-20 06:45:11,729 [DEBUG] yandextank.core.tankcore tankcore.py:253	Preparing <yandextank.plugins.DataUploader.plugin.Plugin object at 0x401937e510>
2022-05-20 06:45:11,731 [WARNING] yandextank.plugins.DataUploader.plugin plugin.py:234	Failed to get info about ammo path
2022-05-20 06:45:11,734 [INFO] root plugin.py:523	Using OVERLOAD backend
2022-05-20 06:45:11,736 [DEBUG] yandextank.plugins.DataUploader.plugin plugin.py:618	Trying to read token from token.txt
2022-05-20 06:45:11,743 [INFO] yandextank.plugins.DataUploader.plugin plugin.py:624	Read authentication token from token.txt, token length is 32 bytes
2022-05-20 06:45:11,793 [INFO] yandextank.plugins.DataUploader.client client.py:59	Proxy not set
2022-05-20 06:45:11,797 [INFO] yandextank.plugins.DataUploader.plugin plugin.py:647	Detected target: 0.0.0.0:8080
2022-05-20 06:45:11,825 [DEBUG] yandextank.plugins.DataUploader.client client.py:336	Job create request: {'person': 'root', 'host': '0.0.0.0:8080', 'task': '', 'tank': '84c5a23f23a5', 'notify': [], 'loadscheme': [], 'detailed_time': None, 'port': '8080'}
2022-05-20 06:45:11,835 [DEBUG] urllib3.connectionpool connectionpool.py:813	Starting new HTTPS connection (1): overload.yandex.net:443
2022-05-20 06:45:12,132 [DEBUG] urllib3.connectionpool connectionpool.py:393	https://overload.yandex.net:443 "POST /api/job/create.json?api_token=4f2a42fb997146a394c06ccf2768f953 HTTP/1.1" 200 None
2022-05-20 06:45:12,153 [INFO] yandextank.plugins.DataUploader.plugin plugin.py:789	Job created: 523213
2022-05-20 06:45:12,161 [DEBUG] yandextank.plugins.DataUploader.client client.py:642	Sending configinitial config
2022-05-20 06:45:12,241 [DEBUG] urllib3.connectionpool connectionpool.py:393	https://overload.yandex.net:443 "POST /api/job/523213/configinitial.txt?api_token=4f2a42fb997146a394c06ccf2768f953 HTTP/1.1" 200 16
2022-05-20 06:45:12,250 [INFO] yandextank.plugins.DataUploader.plugin plugin.py:485	Locking targets: ['0.0.0.0:8080']
2022-05-20 06:45:12,256 [INFO] yandextank.plugins.DataUploader.plugin plugin.py:487	Locked targets: ['0.0.0.0:8080']
2022-05-20 06:45:12,269 [DEBUG] yandextank.common.interfaces interfaces.py:101	Publishing status: Plugin/job_no: 523213
2022-05-20 06:45:12,382 [DEBUG] urllib3.connectionpool connectionpool.py:393	https://overload.yandex.net:443 "POST /api/job/523213/edit.json?api_token=4f2a42fb997146a394c06ccf2768f953 HTTP/1.1" 200 19
2022-05-20 06:45:12,393 [DEBUG] yandextank.core.tankcore tankcore.py:391	Searching for plugin: <class 'yandextank.plugins.Console.plugin.Plugin'>
2022-05-20 06:45:12,397 [DEBUG] yandextank.plugins.DataUploader.client client.py:642	Sending configinitial config
2022-05-20 06:45:12,479 [DEBUG] urllib3.connectionpool connectionpool.py:393	https://overload.yandex.net:443 "POST /api/job/523213/configinitial.txt?api_token=4f2a42fb997146a394c06ccf2768f953 HTTP/1.1" 200 16
2022-05-20 06:45:12,490 [DEBUG] yandextank.plugins.DataUploader.client client.py:642	Sending configinfo config
2022-05-20 06:45:12,603 [DEBUG] urllib3.connectionpool connectionpool.py:393	https://overload.yandex.net:443 "POST /api/job/523213/configinfo.txt?api_token=4f2a42fb997146a394c06ccf2768f953 HTTP/1.1" 200 16
2022-05-20 06:45:12,618 [INFO] yandextank.core.tankcore tankcore.py:259	Starting test...
2022-05-20 06:45:12,631 [INFO] yandextank.aggregator.tank_aggregator tank_aggregator.py:63	using verbose histogram
2022-05-20 06:45:12,661 [DEBUG] yandextank.core.tankcore tankcore.py:263	Starting <yandextank.plugins.Pandora.plugin.Plugin object at 0x4019375d10>
2022-05-20 06:45:12,665 [INFO] yandextank.plugins.Pandora.plugin plugin.py:183	Starting: ['/yandex.tank/gun/gun', '-expvar', '/var/loadtest/logs/2022-05-20_06-45-10.863612/pandora_config_yseyrK.yaml']
2022-05-20 06:45:12,675 [DEBUG] urllib3.connectionpool connectionpool.py:205	Starting new HTTP connection (1): localhost:1234
2022-05-20 06:45:12,683 [DEBUG] yandextank.core.tankcore tankcore.py:446	Adding artifact file to collect (keep=False): /var/loadtest/logs/2022-05-20_06-45-10.863612/pandora_UHr9nH.log
2022-05-20 06:45:12,686 [DEBUG] yandextank.plugins.Pandora.reader reader.py:33	Pandora expvar http interface is unavailable
Traceback (most recent call last):
  File "/usr/local/lib/python2.7/dist-packages/yandextank/plugins/Pandora/reader.py", line 24, in run
    pandora_stat = requests.get("http://localhost:1234/debug/vars", timeout=0.9).json()
  File "/usr/local/lib/python2.7/dist-packages/requests/api.py", line 75, in get
    return request('get', url, params=params, **kwargs)
  File "/usr/local/lib/python2.7/dist-packages/requests/api.py", line 60, in request
    return session.request(method=method, url=url, **kwargs)
  File "/usr/local/lib/python2.7/dist-packages/requests/sessions.py", line 533, in request
    resp = self.send(prep, **send_kwargs)
  File "/usr/local/lib/python2.7/dist-packages/requests/sessions.py", line 646, in send
    r = adapter.send(request, **kwargs)
  File "/usr/local/lib/python2.7/dist-packages/requests/adapters.py", line 516, in send
    raise ConnectionError(e, request=request)
ConnectionError: HTTPConnectionPool(host='localhost', port=1234): Max retries exceeded with url: /debug/vars (Caused by NewConnectionError('<urllib3.connection.HTTPConnection object at 0x40195bdd90>: Failed to establish a new connection: [Errno 111] Connection refused',))
2022-05-20 06:45:13,101 [DEBUG] urllib3.connectionpool connectionpool.py:205	Starting new HTTP connection (1): localhost:1234
2022-05-20 06:45:13,105 [DEBUG] yandextank.plugins.Pandora.reader reader.py:33	Pandora expvar http interface is unavailable
Traceback (most recent call last):
  File "/usr/local/lib/python2.7/dist-packages/yandextank/plugins/Pandora/reader.py", line 24, in run
    pandora_stat = requests.get("http://localhost:1234/debug/vars", timeout=0.9).json()
  File "/usr/local/lib/python2.7/dist-packages/requests/api.py", line 75, in get
    return request('get', url, params=params, **kwargs)
  File "/usr/local/lib/python2.7/dist-packages/requests/api.py", line 60, in request
    return session.request(method=method, url=url, **kwargs)
  File "/usr/local/lib/python2.7/dist-packages/requests/sessions.py", line 533, in request
    resp = self.send(prep, **send_kwargs)
  File "/usr/local/lib/python2.7/dist-packages/requests/sessions.py", line 646, in send
    r = adapter.send(request, **kwargs)
  File "/usr/local/lib/python2.7/dist-packages/requests/adapters.py", line 516, in send
    raise ConnectionError(e, request=request)
ConnectionError: HTTPConnectionPool(host='localhost', port=1234): Max retries exceeded with url: /debug/vars (Caused by NewConnectionError('<urllib3.connection.HTTPConnection object at 0x40223757d0>: Failed to establish a new connection: [Errno 111] Connection refused',))
2022-05-20 06:45:13,135 [DEBUG] yandextank.plugins.Pandora.plugin plugin.py:196	Unable to start Pandora binary. Args: ['/yandex.tank/gun/gun', '-expvar', '/var/loadtest/logs/2022-05-20_06-45-10.863612/pandora_config_yseyrK.yaml']
Traceback (most recent call last):
  File "/usr/local/lib/python2.7/dist-packages/yandextank/plugins/Pandora/plugin.py", line 193, in start_test
    close_fds=True)
  File "/usr/lib/python2.7/subprocess.py", line 711, in __init__
    errread, errwrite)
  File "/usr/lib/python2.7/subprocess.py", line 1343, in _execute_child
    raise child_exception
OSError: [Errno 2] No such file or directory
2022-05-20 06:45:13,138 [ERROR] root consoleworker.py:296	Test interrupted:
<type 'exceptions.RuntimeError'>: Unable to start Pandora binary and/or file does not exist: ['/yandex.tank/gun/gun', '-expvar', '/var/loadtest/logs/2022-05-20_06-45-10.863612/pandora_config_yseyrK.yaml']
<traceback object at 0x403de9bf80>
2022-05-20 06:45:13,142 [INFO] yandextank.core.tankcore tankcore.py:301	Finishing test...
2022-05-20 06:45:13,143 [INFO] yandextank.core.tankcore tankcore.py:303	Stopping load generator and aggregator
2022-05-20 06:45:13,144 [DEBUG] yandextank.plugins.Pandora.plugin plugin.py:225	Seems subprocess finished OK
2022-05-20 06:45:13,145 [DEBUG] yandextank.aggregator.tank_aggregator tank_aggregator.py:123	Closing stats reader
2022-05-20 06:45:13,317 [DEBUG] yandextank.aggregator.tank_aggregator tank_aggregator.py:126	Waiting for gun drain to finish
2022-05-20 06:45:13,673 [DEBUG] yandextank.aggregator.tank_aggregator tank_aggregator.py:128	Waiting for stats drain to finish
2022-05-20 06:45:13,679 [DEBUG] yandextank.aggregator.tank_aggregator tank_aggregator.py:130	Collecting remaining data
2022-05-20 06:45:13,683 [DEBUG] yandextank.aggregator.tank_aggregator tank_aggregator.py:87	Data timestamps: []
2022-05-20 06:45:13,686 [DEBUG] yandextank.aggregator.tank_aggregator tank_aggregator.py:88	Stats timestamps: []
2022-05-20 06:45:13,691 [DEBUG] yandextank.core.tankcore tankcore.py:305	RC after: 1
2022-05-20 06:45:13,695 [INFO] yandextank.core.tankcore tankcore.py:307	Stopping monitoring
2022-05-20 06:45:13,700 [DEBUG] yandextank.core.tankcore tankcore.py:315	Finalize <yandextank.plugins.JsonReport.plugin.Plugin object at 0x401937eb90>
2022-05-20 06:45:13,703 [DEBUG] yandextank.core.tankcore tankcore.py:317	RC before: 1
2022-05-20 06:45:13,705 [DEBUG] yandextank.core.tankcore tankcore.py:319	RC after: 1
2022-05-20 06:45:13,707 [DEBUG] yandextank.core.tankcore tankcore.py:315	Finalize <yandextank.plugins.Autostop.plugin.Plugin object at 0x40193758d0>
2022-05-20 06:45:13,710 [DEBUG] yandextank.core.tankcore tankcore.py:317	RC before: 1
2022-05-20 06:45:13,712 [DEBUG] yandextank.core.tankcore tankcore.py:319	RC after: 1
2022-05-20 06:45:13,716 [DEBUG] yandextank.core.tankcore tankcore.py:315	Finalize <yandextank.plugins.ShellExec.plugin.Plugin object at 0x4019375b90>
2022-05-20 06:45:13,718 [DEBUG] yandextank.core.tankcore tankcore.py:317	RC before: 1
2022-05-20 06:45:13,720 [DEBUG] yandextank.core.tankcore tankcore.py:319	RC after: 1
2022-05-20 06:45:13,722 [DEBUG] yandextank.core.tankcore tankcore.py:315	Finalize <yandextank.plugins.Console.plugin.Plugin object at 0x4019375110>
2022-05-20 06:45:13,724 [DEBUG] yandextank.core.tankcore tankcore.py:317	RC before: 1
2022-05-20 06:45:13,725 [DEBUG] yandextank.core.tankcore tankcore.py:319	RC after: 1
2022-05-20 06:45:13,728 [DEBUG] yandextank.core.tankcore tankcore.py:315	Finalize <yandextank.plugins.RCAssert.plugin.Plugin object at 0x4019375890>
2022-05-20 06:45:13,730 [DEBUG] yandextank.core.tankcore tankcore.py:317	RC before: 1
2022-05-20 06:45:13,732 [DEBUG] yandextank.core.tankcore tankcore.py:319	RC after: 1
2022-05-20 06:45:13,734 [DEBUG] yandextank.core.tankcore tankcore.py:315	Finalize <yandextank.plugins.ResourceCheck.plugin.Plugin object at 0x401937e5d0>
2022-05-20 06:45:13,735 [DEBUG] yandextank.core.tankcore tankcore.py:317	RC before: 1
2022-05-20 06:45:13,736 [DEBUG] yandextank.core.tankcore tankcore.py:319	RC after: 1
2022-05-20 06:45:13,738 [DEBUG] yandextank.core.tankcore tankcore.py:315	Finalize <yandextank.plugins.DataUploader.plugin.Plugin object at 0x401937e510>
2022-05-20 06:45:13,740 [DEBUG] yandextank.core.tankcore tankcore.py:317	RC before: 1
2022-05-20 06:45:13,741 [DEBUG] yandextank.plugins.DataUploader.client client.py:642	Sending configinitial config
2022-05-20 06:45:13,875 [DEBUG] urllib3.connectionpool connectionpool.py:393	https://overload.yandex.net:443 "POST /api/job/523213/configinitial.txt?api_token=4f2a42fb997146a394c06ccf2768f953 HTTP/1.1" 200 16
2022-05-20 06:45:13,882 [DEBUG] yandextank.plugins.DataUploader.client client.py:642	Sending configinfo config
2022-05-20 06:45:14,068 [DEBUG] urllib3.connectionpool connectionpool.py:393	https://overload.yandex.net:443 "POST /api/job/523213/configinfo.txt?api_token=4f2a42fb997146a394c06ccf2768f953 HTTP/1.1" 200 16
2022-05-20 06:45:14,083 [INFO] yandextank.plugins.DataUploader.plugin plugin.py:478	Unlocking targets: ['0.0.0.0:8080']
2022-05-20 06:45:14,089 [INFO] yandextank.plugins.DataUploader.plugin plugin.py:480	0.0.0.0:8080
2022-05-20 06:45:14,092 [DEBUG] yandextank.core.tankcore tankcore.py:319	RC after: 1
2022-05-20 06:45:14,095 [INFO] yandextank.core.tankcore tankcore.py:330	Post-processing test...
2022-05-20 06:45:14,098 [DEBUG] yandextank.core.tankcore tankcore.py:333	Post-process <yandextank.plugins.Pandora.plugin.Plugin object at 0x4019375d10>
2022-05-20 06:45:14,103 [DEBUG] yandextank.core.tankcore tankcore.py:335	RC before: 1
2022-05-20 06:45:14,106 [DEBUG] yandextank.core.tankcore tankcore.py:337	RC after: 1
2022-05-20 06:45:14,109 [DEBUG] yandextank.core.tankcore tankcore.py:333	Post-process <yandextank.plugins.JsonReport.plugin.Plugin object at 0x401937eb90>
2022-05-20 06:45:14,111 [DEBUG] yandextank.core.tankcore tankcore.py:335	RC before: 1
2022-05-20 06:45:14,115 [DEBUG] yandextank.core.tankcore tankcore.py:337	RC after: 1
2022-05-20 06:45:14,118 [DEBUG] yandextank.core.tankcore tankcore.py:333	Post-process <yandextank.plugins.Autostop.plugin.Plugin object at 0x40193758d0>
2022-05-20 06:45:14,121 [DEBUG] yandextank.core.tankcore tankcore.py:335	RC before: 1
2022-05-20 06:45:14,124 [DEBUG] yandextank.core.tankcore tankcore.py:337	RC after: 1
2022-05-20 06:45:14,126 [DEBUG] yandextank.core.tankcore tankcore.py:333	Post-process <yandextank.plugins.ShellExec.plugin.Plugin object at 0x4019375b90>
2022-05-20 06:45:14,128 [DEBUG] yandextank.core.tankcore tankcore.py:335	RC before: 1
2022-05-20 06:45:14,130 [DEBUG] yandextank.core.tankcore tankcore.py:337	RC after: 1
2022-05-20 06:45:14,132 [DEBUG] yandextank.core.tankcore tankcore.py:333	Post-process <yandextank.plugins.Console.plugin.Plugin object at 0x4019375110>
2022-05-20 06:45:14,133 [DEBUG] yandextank.core.tankcore tankcore.py:335	RC before: 1
2022-05-20 06:45:14,135 [DEBUG] yandextank.core.tankcore tankcore.py:337	RC after: 1
2022-05-20 06:45:14,136 [DEBUG] yandextank.core.tankcore tankcore.py:333	Post-process <yandextank.plugins.RCAssert.plugin.Plugin object at 0x4019375890>
2022-05-20 06:45:14,137 [DEBUG] yandextank.core.tankcore tankcore.py:335	RC before: 1
2022-05-20 06:45:14,138 [DEBUG] yandextank.core.tankcore tankcore.py:337	RC after: 1
2022-05-20 06:45:14,139 [DEBUG] yandextank.core.tankcore tankcore.py:333	Post-process <yandextank.plugins.ResourceCheck.plugin.Plugin object at 0x401937e5d0>
2022-05-20 06:45:14,141 [DEBUG] yandextank.core.tankcore tankcore.py:335	RC before: 1
2022-05-20 06:45:14,142 [DEBUG] yandextank.core.tankcore tankcore.py:337	RC after: 1
2022-05-20 06:45:14,145 [DEBUG] yandextank.core.tankcore tankcore.py:333	Post-process <yandextank.plugins.DataUploader.plugin.Plugin object at 0x401937e510>
2022-05-20 06:45:14,146 [DEBUG] yandextank.core.tankcore tankcore.py:335	RC before: 1
2022-05-20 06:45:14,147 [INFO] yandextank.plugins.DataUploader.plugin plugin.py:350	Waiting for sender threads to join.
2022-05-20 06:45:14,148 [INFO] yandextank.plugins.DataUploader.plugin plugin.py:357	Web link: None
2022-05-20 06:45:14,150 [DEBUG] yandextank.core.tankcore tankcore.py:391	Searching for plugin: <class 'yandextank.plugins.Autostop.plugin.Plugin'>
2022-05-20 06:45:14,152 [DEBUG] yandextank.plugins.DataUploader.plugin plugin.py:376	No autostop cause detected
2022-05-20 06:45:14,153 [DEBUG] yandextank.plugins.DataUploader.client client.py:642	Sending configinitial config
2022-05-20 06:45:14,287 [DEBUG] urllib3.connectionpool connectionpool.py:393	https://overload.yandex.net:443 "POST /api/job/523213/configinitial.txt?api_token=4f2a42fb997146a394c06ccf2768f953 HTTP/1.1" 200 16
2022-05-20 06:45:14,294 [DEBUG] yandextank.plugins.DataUploader.client client.py:642	Sending configinfo config
2022-05-20 06:45:14,369 [DEBUG] urllib3.connectionpool connectionpool.py:393	https://overload.yandex.net:443 "POST /api/job/523213/configinfo.txt?api_token=4f2a42fb997146a394c06ccf2768f953 HTTP/1.1" 200 16
2022-05-20 06:45:14,376 [DEBUG] yandextank.core.tankcore tankcore.py:337	RC after: 1
2022-05-20 06:45:14,378 [INFO] root consoleworker.py:269	Trying to clean up
2022-05-20 06:45:14,381 [INFO] yandextank.core.tankcore tankcore.py:526	Cleaning up plugin plugin_pandora
2022-05-20 06:45:14,383 [INFO] yandextank.core.tankcore tankcore.py:526	Cleaning up plugin plugin_json_report
2022-05-20 06:45:14,385 [INFO] yandextank.core.tankcore tankcore.py:526	Cleaning up plugin plugin_autostop
2022-05-20 06:45:14,387 [INFO] yandextank.core.tankcore tankcore.py:526	Cleaning up plugin plugin_shellexec
2022-05-20 06:45:14,389 [INFO] yandextank.core.tankcore tankcore.py:526	Cleaning up plugin plugin_console
2022-05-20 06:45:14,391 [INFO] yandextank.core.tankcore tankcore.py:526	Cleaning up plugin plugin_rcassert
2022-05-20 06:45:14,393 [INFO] yandextank.core.tankcore tankcore.py:526	Cleaning up plugin plugin_rcheck
2022-05-20 06:45:14,395 [INFO] yandextank.core.tankcore tankcore.py:526	Cleaning up plugin plugin_overload
2022-05-20 06:45:14,514 [DEBUG] urllib3.connectionpool connectionpool.py:393	https://overload.yandex.net:443 "GET /api/job/523213/close.json?exitcode=1&api_token=4f2a42fb997146a394c06ccf2768f953 HTTP/1.1" 200 16
2022-05-20 06:45:14,518 [INFO] yandextank.plugins.DataUploader.plugin plugin.py:478	Unlocking targets: ['0.0.0.0:8080']
2022-05-20 06:45:14,521 [INFO] yandextank.plugins.DataUploader.plugin plugin.py:480	0.0.0.0:8080
2022-05-20 06:45:14,524 [INFO] yandextank.core.tankcore tankcore.py:561	Releasing lock: /var/lock/lunapark_T2Zb93.lock
2022-05-20 06:45:14,539 [DEBUG] yandextank.core.tankcore tankcore.py:367	Collecting artifacts
2022-05-20 06:45:14,540 [INFO] yandextank.core.tankcore tankcore.py:368	Artifacts dir: /var/loadtest/logs/2022-05-20_06-45-10.863612
2022-05-20 06:45:14,543 [DEBUG] yandextank.core.tankcore tankcore.py:422	Collecting file: ./phout.log to /var/loadtest/logs/2022-05-20_06-45-10.863612/phout.log
2022-05-20 06:45:14,557 [DEBUG] yandextank.core.tankcore tankcore.py:422	Collecting file: /var/loadtest/logs/2022-05-20_06-45-10.863612/pandora_config_yseyrK.yaml to /var/loadtest/logs/2022-05-20_06-45-10.863612/pandora_config_yseyrK.yaml
2022-05-20 06:45:14,562 [WARNING] yandextank.core.tankcore tankcore.py:429	File already exists: /var/loadtest/logs/2022-05-20_06-45-10.863612/pandora_config_yseyrK.yaml
2022-05-20 06:45:14,567 [DEBUG] yandextank.core.tankcore tankcore.py:422	Collecting file: /var/loadtest/logs/2022-05-20_06-45-10.863612/pandora_UHr9nH.log to /var/loadtest/logs/2022-05-20_06-45-10.863612/pandora_UHr9nH.log
2022-05-20 06:45:14,570 [WARNING] yandextank.core.tankcore tankcore.py:429	File already exists: /var/loadtest/logs/2022-05-20_06-45-10.863612/pandora_UHr9nH.log
2022-05-20 06:45:14,572 [DEBUG] yandextank.core.tankcore tankcore.py:422	Collecting file: validation_error.yaml to /var/loadtest/logs/2022-05-20_06-45-10.863612/validation_error.yaml
2022-05-20 06:45:14,575 [WARNING] yandextank.core.tankcore tankcore.py:424	File not found to collect: validation_error.yaml
