2022-05-20 18:13:28,161 [INFO] root consoleworker.py:434	Log file created
2022-05-20 18:13:28,162 [INFO] root consoleworker.py:438	Logging handler <logging.FileHandler object at 0x40192a2c10> added
2022-05-20 18:13:28,163 [INFO] root consoleworker.py:438	Logging handler <logging.StreamHandler object at 0x401926a850> added
2022-05-20 18:13:28,164 [INFO] root consoleworker.py:438	Logging handler <logging.StreamHandler object at 0x401928ea50> added
2022-05-20 18:13:28,166 [INFO] root consoleworker.py:373	Created a folder for the test. /Users/nikitaratasnuk/yandex.tank/logs/2022-05-20_18-13-27.962414
2022-05-20 18:13:28,168 [INFO] yandextank.core.tankcore tankcore.py:237	Configuring plugins...
2022-05-20 18:13:28,169 [INFO] yandextank.core.tankcore tankcore.py:190	Loading plugins...
2022-05-20 18:13:28,171 [DEBUG] yandextank.core.tankcore tankcore.py:192	Loading plugin rcheck from yandextank.plugins.ResourceCheck
2022-05-20 18:13:28,176 [DEBUG] yandextank.core.tankcore tankcore.py:192	Loading plugin json_report from yandextank.plugins.JsonReport
2022-05-20 18:13:28,188 [DEBUG] yandextank.core.tankcore tankcore.py:192	Loading plugin overload from yandextank.plugins.DataUploader
2022-05-20 18:13:28,191 [DEBUG] yandextank.core.tankcore tankcore.py:192	Loading plugin rcassert from yandextank.plugins.RCAssert
2022-05-20 18:13:28,192 [DEBUG] yandextank.core.tankcore tankcore.py:192	Loading plugin pandora from yandextank.plugins.Pandora
2022-05-20 18:13:28,195 [DEBUG] yandextank.core.tankcore tankcore.py:192	Loading plugin console from yandextank.plugins.Console
2022-05-20 18:13:28,198 [DEBUG] yandextank.core.tankcore tankcore.py:192	Loading plugin shellexec from yandextank.plugins.ShellExec
2022-05-20 18:13:28,200 [DEBUG] yandextank.core.tankcore tankcore.py:192	Loading plugin autostop from yandextank.plugins.Autostop
2022-05-20 18:13:28,201 [DEBUG] yandextank.core.tankcore tankcore.py:212	Plugin instances: {'plugin_pandora': <yandextank.plugins.Pandora.plugin.Plugin object at 0x4019374890>, 'plugin_json_report': <yandextank.plugins.JsonReport.plugin.Plugin object at 0x401937e590>, 'plugin_autostop': <yandextank.plugins.Autostop.plugin.Plugin object at 0x4019374cd0>, 'plugin_shellexec': <yandextank.plugins.ShellExec.plugin.Plugin object at 0x40193743d0>, 'plugin_console': <yandextank.plugins.Console.plugin.Plugin object at 0x4019374950>, 'plugin_rcassert': <yandextank.plugins.RCAssert.plugin.Plugin object at 0x4019374590>, 'plugin_rcheck': <yandextank.plugins.ResourceCheck.plugin.Plugin object at 0x4019366e90>, 'plugin_overload': <yandextank.plugins.DataUploader.plugin.Plugin object at 0x401937eb50>}
2022-05-20 18:13:28,204 [DEBUG] yandextank.core.tankcore tankcore.py:244	Configuring <yandextank.plugins.Pandora.plugin.Plugin object at 0x4019374890>
2022-05-20 18:13:28,206 [INFO] yandextank.plugins.Pandora.plugin plugin.py:68	Found config_file option configuration
2022-05-20 18:13:28,242 [DEBUG] yandextank.core.tankcore tankcore.py:446	Adding artifact file to collect (keep=False): /Users/nikitaratasnuk/yandex.tank/logs/2022-05-20_18-13-27.962414/pandora_config_ozG583.yaml
2022-05-20 18:13:28,258 [DEBUG] yandextank.plugins.Pandora.plugin plugin.py:74	Config after parsing for patching: {'pools': [{'rps': {'duration': '60s', 'type': 'line', 'from': 1, 'to': 200}, 'result': {'destination': './phout.log', 'type': 'phout'}, 'startup': {'type': 'once', 'times': 10}, 'gun': {'type': 'My_custom_gun_name', 'target': '0.0.0.0:8080'}, 'ammo': {'source': {'path': './json.ammo', 'type': 'file'}, 'type': 'custom_provider'}, 'id': 'HTTP pool'}]}
2022-05-20 18:13:28,261 [INFO] yandextank.plugins.Pandora.plugin plugin.py:153	Found report file in pandora config: ./phout.log
2022-05-20 18:13:28,266 [DEBUG] yandextank.core.tankcore tankcore.py:446	Adding artifact file to collect (keep=False): ./phout.log
2022-05-20 18:13:28,267 [DEBUG] yandextank.core.tankcore tankcore.py:244	Configuring <yandextank.plugins.JsonReport.plugin.Plugin object at 0x401937e590>
2022-05-20 18:13:28,269 [DEBUG] yandextank.core.tankcore tankcore.py:391	Searching for plugin: <class 'yandextank.common.interfaces.GeneratorPlugin'>
2022-05-20 18:13:28,277 [DEBUG] yandextank.core.tankcore tankcore.py:244	Configuring <yandextank.plugins.Autostop.plugin.Plugin object at 0x4019374cd0>
2022-05-20 18:13:28,280 [DEBUG] yandextank.core.tankcore tankcore.py:244	Configuring <yandextank.plugins.ShellExec.plugin.Plugin object at 0x40193743d0>
2022-05-20 18:13:28,282 [DEBUG] yandextank.core.tankcore tankcore.py:244	Configuring <yandextank.plugins.Console.plugin.Plugin object at 0x4019374950>
2022-05-20 18:13:28,288 [DEBUG] yandextank.core.tankcore tankcore.py:244	Configuring <yandextank.plugins.RCAssert.plugin.Plugin object at 0x4019374590>
2022-05-20 18:13:28,291 [DEBUG] yandextank.core.tankcore tankcore.py:244	Configuring <yandextank.plugins.ResourceCheck.plugin.Plugin object at 0x4019366e90>
2022-05-20 18:13:28,296 [DEBUG] yandextank.core.tankcore tankcore.py:244	Configuring <yandextank.plugins.DataUploader.plugin.Plugin object at 0x401937eb50>
2022-05-20 18:13:28,298 [INFO] yandextank.core.tankcore tankcore.py:249	Preparing test...
2022-05-20 18:13:28,299 [DEBUG] yandextank.core.tankcore tankcore.py:253	Preparing <yandextank.plugins.Pandora.plugin.Plugin object at 0x4019374890>
2022-05-20 18:13:28,301 [DEBUG] yandextank.core.tankcore tankcore.py:391	Searching for plugin: <class 'yandextank.plugins.Console.plugin.Plugin'>
2022-05-20 18:13:28,303 [DEBUG] yandextank.core.tankcore tankcore.py:253	Preparing <yandextank.plugins.JsonReport.plugin.Plugin object at 0x401937e590>
2022-05-20 18:13:28,305 [DEBUG] yandextank.core.tankcore tankcore.py:253	Preparing <yandextank.plugins.Autostop.plugin.Plugin object at 0x4019374cd0>
2022-05-20 18:13:28,306 [DEBUG] yandextank.common.interfaces plugin.py:74	Criterion string: http(5xx,10%,5s)
2022-05-20 18:13:28,309 [DEBUG] yandextank.common.interfaces plugin.py:78	Criterion objects: {'http(5xx,10%,5s)': <yandextank.plugins.Autostop.criterions.HTTPCodesCriterion object at 0x4019374f10>}
2022-05-20 18:13:28,312 [DEBUG] yandextank.core.tankcore tankcore.py:391	Searching for plugin: <class 'yandextank.plugins.Console.plugin.Plugin'>
2022-05-20 18:13:28,314 [DEBUG] yandextank.core.tankcore tankcore.py:253	Preparing <yandextank.plugins.ShellExec.plugin.Plugin object at 0x40193743d0>
2022-05-20 18:13:28,317 [DEBUG] yandextank.core.tankcore tankcore.py:253	Preparing <yandextank.plugins.Console.plugin.Plugin object at 0x4019374950>
2022-05-20 18:13:28,318 [DEBUG] yandextank.core.tankcore tankcore.py:253	Preparing <yandextank.plugins.RCAssert.plugin.Plugin object at 0x4019374590>
2022-05-20 18:13:28,319 [DEBUG] yandextank.core.tankcore tankcore.py:253	Preparing <yandextank.plugins.ResourceCheck.plugin.Plugin object at 0x4019366e90>
2022-05-20 18:13:28,320 [INFO] yandextank.common.interfaces plugin.py:39	Checking tank resources...
2022-05-20 18:13:28,322 [DEBUG] netort.process process.py:23	Starting: sh -c "df --no-sync -m -P -l -x fuse -x tmpfs -x devtmpfs -x davfs -x nfs /Users/nikitaratasnuk/yandex.tank/logs | tail -n 1 | awk '{print \$4}' "
2022-05-20 18:13:28,831 [DEBUG] netort.process process.py:46	Process output:
11082

2022-05-20 18:13:28,833 [DEBUG] netort.process process.py:48	Process exit code: 0
2022-05-20 18:13:28,834 [DEBUG] root plugin.py:58	Result: (0, '11082\n', '')
2022-05-20 18:13:28,836 [DEBUG] yandextank.common.interfaces plugin.py:64	Disk free space: 11082/2048
2022-05-20 18:13:28,838 [DEBUG] yandextank.common.interfaces plugin.py:75	Memory free: 3090/512
2022-05-20 18:13:28,839 [DEBUG] yandextank.core.tankcore tankcore.py:253	Preparing <yandextank.plugins.DataUploader.plugin.Plugin object at 0x401937eb50>
2022-05-20 18:13:28,840 [WARNING] yandextank.plugins.DataUploader.plugin plugin.py:234	Failed to get info about ammo path
2022-05-20 18:13:28,843 [INFO] root plugin.py:523	Using OVERLOAD backend
2022-05-20 18:13:28,844 [DEBUG] yandextank.plugins.DataUploader.plugin plugin.py:618	Trying to read token from token.txt
2022-05-20 18:13:28,848 [INFO] yandextank.plugins.DataUploader.plugin plugin.py:624	Read authentication token from token.txt, token length is 32 bytes
2022-05-20 18:13:28,888 [INFO] yandextank.plugins.DataUploader.client client.py:59	Proxy not set
2022-05-20 18:13:28,890 [INFO] yandextank.plugins.DataUploader.plugin plugin.py:647	Detected target: 0.0.0.0:8080
2022-05-20 18:13:28,917 [DEBUG] yandextank.plugins.DataUploader.client client.py:336	Job create request: {'person': 'root', 'host': '0.0.0.0:8080', 'task': '', 'tank': 'f28b71b889c4', 'notify': [], 'loadscheme': [], 'detailed_time': None, 'port': '8080'}
2022-05-20 18:13:28,928 [DEBUG] urllib3.connectionpool connectionpool.py:813	Starting new HTTPS connection (1): overload.yandex.net:443
2022-05-20 18:13:29,313 [DEBUG] urllib3.connectionpool connectionpool.py:393	https://overload.yandex.net:443 "POST /api/job/create.json?api_token=4f2a42fb997146a394c06ccf2768f953 HTTP/1.1" 200 None
2022-05-20 18:13:29,339 [INFO] yandextank.plugins.DataUploader.plugin plugin.py:789	Job created: 523479
2022-05-20 18:13:29,348 [DEBUG] yandextank.plugins.DataUploader.client client.py:642	Sending configinitial config
2022-05-20 18:13:29,425 [DEBUG] urllib3.connectionpool connectionpool.py:393	https://overload.yandex.net:443 "POST /api/job/523479/configinitial.txt?api_token=4f2a42fb997146a394c06ccf2768f953 HTTP/1.1" 200 16
2022-05-20 18:13:29,432 [INFO] yandextank.plugins.DataUploader.plugin plugin.py:485	Locking targets: ['0.0.0.0:8080']
2022-05-20 18:13:29,435 [INFO] yandextank.plugins.DataUploader.plugin plugin.py:487	Locked targets: ['0.0.0.0:8080']
2022-05-20 18:13:29,446 [DEBUG] yandextank.common.interfaces interfaces.py:101	Publishing status: Plugin/job_no: 523479
2022-05-20 18:13:29,529 [DEBUG] urllib3.connectionpool connectionpool.py:393	https://overload.yandex.net:443 "POST /api/job/523479/edit.json?api_token=4f2a42fb997146a394c06ccf2768f953 HTTP/1.1" 200 19
2022-05-20 18:13:29,536 [DEBUG] yandextank.core.tankcore tankcore.py:391	Searching for plugin: <class 'yandextank.plugins.Console.plugin.Plugin'>
2022-05-20 18:13:29,539 [DEBUG] yandextank.plugins.DataUploader.client client.py:642	Sending configinitial config
2022-05-20 18:13:29,684 [DEBUG] urllib3.connectionpool connectionpool.py:393	https://overload.yandex.net:443 "POST /api/job/523479/configinitial.txt?api_token=4f2a42fb997146a394c06ccf2768f953 HTTP/1.1" 200 16
2022-05-20 18:13:29,699 [DEBUG] yandextank.plugins.DataUploader.client client.py:642	Sending configinfo config
2022-05-20 18:13:29,791 [DEBUG] urllib3.connectionpool connectionpool.py:393	https://overload.yandex.net:443 "POST /api/job/523479/configinfo.txt?api_token=4f2a42fb997146a394c06ccf2768f953 HTTP/1.1" 200 16
2022-05-20 18:13:29,802 [INFO] yandextank.core.tankcore tankcore.py:259	Starting test...
2022-05-20 18:13:29,811 [INFO] yandextank.aggregator.tank_aggregator tank_aggregator.py:63	using verbose histogram
2022-05-20 18:13:29,835 [DEBUG] yandextank.core.tankcore tankcore.py:263	Starting <yandextank.plugins.Pandora.plugin.Plugin object at 0x4019374890>
2022-05-20 18:13:29,843 [INFO] yandextank.plugins.Pandora.plugin plugin.py:183	Starting: ['pandora', '-expvar', '/Users/nikitaratasnuk/yandex.tank/logs/2022-05-20_18-13-27.962414/pandora_config_ozG583.yaml']
2022-05-20 18:13:29,845 [DEBUG] urllib3.connectionpool connectionpool.py:205	Starting new HTTP connection (1): localhost:1234
2022-05-20 18:13:29,853 [DEBUG] yandextank.core.tankcore tankcore.py:446	Adding artifact file to collect (keep=False): /Users/nikitaratasnuk/yandex.tank/logs/2022-05-20_18-13-27.962414/pandora_eT_2Du.log
2022-05-20 18:13:29,856 [DEBUG] yandextank.plugins.Pandora.reader reader.py:33	Pandora expvar http interface is unavailable
Traceback (most recent call last):
  File "/usr/local/lib/python2.7/dist-packages/yandextank/plugins/Pandora/reader.py", line 24, in run
    pandora_stat = requests.get("http://localhost:1234/debug/vars", timeout=0.9).json()
  File "/usr/local/lib/python2.7/dist-packages/requests/api.py", line 75, in get
    return request('get', url, params=params, **kwargs)
  File "/usr/local/lib/python2.7/dist-packages/requests/api.py", line 60, in request
    return session.request(method=method, url=url, **kwargs)
  File "/usr/local/lib/python2.7/dist-packages/requests/sessions.py", line 533, in request
    resp = self.send(prep, **send_kwargs)
  File "/usr/local/lib/python2.7/dist-packages/requests/sessions.py", line 646, in send
    r = adapter.send(request, **kwargs)
  File "/usr/local/lib/python2.7/dist-packages/requests/adapters.py", line 516, in send
    raise ConnectionError(e, request=request)
ConnectionError: HTTPConnectionPool(host='localhost', port=1234): Max retries exceeded with url: /debug/vars (Caused by NewConnectionError('<urllib3.connection.HTTPConnection object at 0x40195bdd50>: Failed to establish a new connection: [Errno 111] Connection refused',))
2022-05-20 18:13:30,069 [DEBUG] urllib3.connectionpool connectionpool.py:205	Starting new HTTP connection (1): localhost:1234
2022-05-20 18:13:30,074 [DEBUG] yandextank.plugins.Pandora.reader reader.py:33	Pandora expvar http interface is unavailable
Traceback (most recent call last):
  File "/usr/local/lib/python2.7/dist-packages/yandextank/plugins/Pandora/reader.py", line 24, in run
    pandora_stat = requests.get("http://localhost:1234/debug/vars", timeout=0.9).json()
  File "/usr/local/lib/python2.7/dist-packages/requests/api.py", line 75, in get
    return request('get', url, params=params, **kwargs)
  File "/usr/local/lib/python2.7/dist-packages/requests/api.py", line 60, in request
    return session.request(method=method, url=url, **kwargs)
  File "/usr/local/lib/python2.7/dist-packages/requests/sessions.py", line 533, in request
    resp = self.send(prep, **send_kwargs)
  File "/usr/local/lib/python2.7/dist-packages/requests/sessions.py", line 646, in send
    r = adapter.send(request, **kwargs)
  File "/usr/local/lib/python2.7/dist-packages/requests/adapters.py", line 516, in send
    raise ConnectionError(e, request=request)
ConnectionError: HTTPConnectionPool(host='localhost', port=1234): Max retries exceeded with url: /debug/vars (Caused by NewConnectionError('<urllib3.connection.HTTPConnection object at 0x4022376790>: Failed to establish a new connection: [Errno 111] Connection refused',))
2022-05-20 18:13:30,302 [DEBUG] yandextank.plugins.Pandora.plugin plugin.py:196	Unable to start Pandora binary. Args: ['pandora', '-expvar', '/Users/nikitaratasnuk/yandex.tank/logs/2022-05-20_18-13-27.962414/pandora_config_ozG583.yaml']
Traceback (most recent call last):
  File "/usr/local/lib/python2.7/dist-packages/yandextank/plugins/Pandora/plugin.py", line 193, in start_test
    close_fds=True)
  File "/usr/lib/python2.7/subprocess.py", line 711, in __init__
    errread, errwrite)
  File "/usr/lib/python2.7/subprocess.py", line 1343, in _execute_child
    raise child_exception
OSError: [Errno 2] No such file or directory
2022-05-20 18:13:30,305 [ERROR] root consoleworker.py:296	Test interrupted:
<type 'exceptions.RuntimeError'>: Unable to start Pandora binary and/or file does not exist: ['pandora', '-expvar', '/Users/nikitaratasnuk/yandex.tank/logs/2022-05-20_18-13-27.962414/pandora_config_ozG583.yaml']
<traceback object at 0x403de9cf38>
2022-05-20 18:13:30,308 [INFO] yandextank.core.tankcore tankcore.py:301	Finishing test...
2022-05-20 18:13:30,310 [INFO] yandextank.core.tankcore tankcore.py:303	Stopping load generator and aggregator
2022-05-20 18:13:30,311 [DEBUG] yandextank.plugins.Pandora.plugin plugin.py:225	Seems subprocess finished OK
2022-05-20 18:13:30,313 [DEBUG] yandextank.aggregator.tank_aggregator tank_aggregator.py:123	Closing stats reader
2022-05-20 18:13:30,482 [DEBUG] yandextank.aggregator.tank_aggregator tank_aggregator.py:126	Waiting for gun drain to finish
2022-05-20 18:13:30,852 [DEBUG] yandextank.aggregator.tank_aggregator tank_aggregator.py:128	Waiting for stats drain to finish
2022-05-20 18:13:30,859 [DEBUG] yandextank.aggregator.tank_aggregator tank_aggregator.py:130	Collecting remaining data
2022-05-20 18:13:30,865 [DEBUG] yandextank.aggregator.tank_aggregator tank_aggregator.py:87	Data timestamps: []
2022-05-20 18:13:30,868 [DEBUG] yandextank.aggregator.tank_aggregator tank_aggregator.py:88	Stats timestamps: []
2022-05-20 18:13:30,873 [DEBUG] yandextank.core.tankcore tankcore.py:305	RC after: 1
2022-05-20 18:13:30,878 [INFO] yandextank.core.tankcore tankcore.py:307	Stopping monitoring
2022-05-20 18:13:30,880 [DEBUG] yandextank.core.tankcore tankcore.py:315	Finalize <yandextank.plugins.JsonReport.plugin.Plugin object at 0x401937e590>
2022-05-20 18:13:30,883 [DEBUG] yandextank.core.tankcore tankcore.py:317	RC before: 1
2022-05-20 18:13:30,889 [DEBUG] yandextank.core.tankcore tankcore.py:319	RC after: 1
2022-05-20 18:13:30,891 [DEBUG] yandextank.core.tankcore tankcore.py:315	Finalize <yandextank.plugins.Autostop.plugin.Plugin object at 0x4019374cd0>
2022-05-20 18:13:30,893 [DEBUG] yandextank.core.tankcore tankcore.py:317	RC before: 1
2022-05-20 18:13:30,895 [DEBUG] yandextank.core.tankcore tankcore.py:319	RC after: 1
2022-05-20 18:13:30,898 [DEBUG] yandextank.core.tankcore tankcore.py:315	Finalize <yandextank.plugins.ShellExec.plugin.Plugin object at 0x40193743d0>
2022-05-20 18:13:30,900 [DEBUG] yandextank.core.tankcore tankcore.py:317	RC before: 1
2022-05-20 18:13:30,902 [DEBUG] yandextank.core.tankcore tankcore.py:319	RC after: 1
2022-05-20 18:13:30,903 [DEBUG] yandextank.core.tankcore tankcore.py:315	Finalize <yandextank.plugins.Console.plugin.Plugin object at 0x4019374950>
2022-05-20 18:13:30,905 [DEBUG] yandextank.core.tankcore tankcore.py:317	RC before: 1
2022-05-20 18:13:30,906 [DEBUG] yandextank.core.tankcore tankcore.py:319	RC after: 1
2022-05-20 18:13:30,908 [DEBUG] yandextank.core.tankcore tankcore.py:315	Finalize <yandextank.plugins.RCAssert.plugin.Plugin object at 0x4019374590>
2022-05-20 18:13:30,910 [DEBUG] yandextank.core.tankcore tankcore.py:317	RC before: 1
2022-05-20 18:13:30,912 [DEBUG] yandextank.core.tankcore tankcore.py:319	RC after: 1
2022-05-20 18:13:30,914 [DEBUG] yandextank.core.tankcore tankcore.py:315	Finalize <yandextank.plugins.ResourceCheck.plugin.Plugin object at 0x4019366e90>
2022-05-20 18:13:30,915 [DEBUG] yandextank.core.tankcore tankcore.py:317	RC before: 1
2022-05-20 18:13:30,917 [DEBUG] yandextank.core.tankcore tankcore.py:319	RC after: 1
2022-05-20 18:13:30,918 [DEBUG] yandextank.core.tankcore tankcore.py:315	Finalize <yandextank.plugins.DataUploader.plugin.Plugin object at 0x401937eb50>
2022-05-20 18:13:30,919 [DEBUG] yandextank.core.tankcore tankcore.py:317	RC before: 1
2022-05-20 18:13:30,920 [DEBUG] yandextank.plugins.DataUploader.client client.py:642	Sending configinitial config
2022-05-20 18:13:31,076 [DEBUG] urllib3.connectionpool connectionpool.py:393	https://overload.yandex.net:443 "POST /api/job/523479/configinitial.txt?api_token=4f2a42fb997146a394c06ccf2768f953 HTTP/1.1" 200 16
2022-05-20 18:13:31,087 [DEBUG] yandextank.plugins.DataUploader.client client.py:642	Sending configinfo config
2022-05-20 18:13:31,178 [DEBUG] urllib3.connectionpool connectionpool.py:393	https://overload.yandex.net:443 "POST /api/job/523479/configinfo.txt?api_token=4f2a42fb997146a394c06ccf2768f953 HTTP/1.1" 200 16
2022-05-20 18:13:31,190 [INFO] yandextank.plugins.DataUploader.plugin plugin.py:478	Unlocking targets: ['0.0.0.0:8080']
2022-05-20 18:13:31,196 [INFO] yandextank.plugins.DataUploader.plugin plugin.py:480	0.0.0.0:8080
2022-05-20 18:13:31,199 [DEBUG] yandextank.core.tankcore tankcore.py:319	RC after: 1
2022-05-20 18:13:31,202 [INFO] yandextank.core.tankcore tankcore.py:330	Post-processing test...
2022-05-20 18:13:31,206 [DEBUG] yandextank.core.tankcore tankcore.py:333	Post-process <yandextank.plugins.Pandora.plugin.Plugin object at 0x4019374890>
2022-05-20 18:13:31,209 [DEBUG] yandextank.core.tankcore tankcore.py:335	RC before: 1
2022-05-20 18:13:31,211 [DEBUG] yandextank.core.tankcore tankcore.py:337	RC after: 1
2022-05-20 18:13:31,214 [DEBUG] yandextank.core.tankcore tankcore.py:333	Post-process <yandextank.plugins.JsonReport.plugin.Plugin object at 0x401937e590>
2022-05-20 18:13:31,217 [DEBUG] yandextank.core.tankcore tankcore.py:335	RC before: 1
2022-05-20 18:13:31,220 [DEBUG] yandextank.core.tankcore tankcore.py:337	RC after: 1
2022-05-20 18:13:31,223 [DEBUG] yandextank.core.tankcore tankcore.py:333	Post-process <yandextank.plugins.Autostop.plugin.Plugin object at 0x4019374cd0>
2022-05-20 18:13:31,226 [DEBUG] yandextank.core.tankcore tankcore.py:335	RC before: 1
2022-05-20 18:13:31,228 [DEBUG] yandextank.core.tankcore tankcore.py:337	RC after: 1
2022-05-20 18:13:31,231 [DEBUG] yandextank.core.tankcore tankcore.py:333	Post-process <yandextank.plugins.ShellExec.plugin.Plugin object at 0x40193743d0>
2022-05-20 18:13:31,233 [DEBUG] yandextank.core.tankcore tankcore.py:335	RC before: 1
2022-05-20 18:13:31,234 [DEBUG] yandextank.core.tankcore tankcore.py:337	RC after: 1
2022-05-20 18:13:31,236 [DEBUG] yandextank.core.tankcore tankcore.py:333	Post-process <yandextank.plugins.Console.plugin.Plugin object at 0x4019374950>
2022-05-20 18:13:31,237 [DEBUG] yandextank.core.tankcore tankcore.py:335	RC before: 1
2022-05-20 18:13:31,238 [DEBUG] yandextank.core.tankcore tankcore.py:337	RC after: 1
2022-05-20 18:13:31,240 [DEBUG] yandextank.core.tankcore tankcore.py:333	Post-process <yandextank.plugins.RCAssert.plugin.Plugin object at 0x4019374590>
2022-05-20 18:13:31,241 [DEBUG] yandextank.core.tankcore tankcore.py:335	RC before: 1
2022-05-20 18:13:31,242 [DEBUG] yandextank.core.tankcore tankcore.py:337	RC after: 1
2022-05-20 18:13:31,244 [DEBUG] yandextank.core.tankcore tankcore.py:333	Post-process <yandextank.plugins.ResourceCheck.plugin.Plugin object at 0x4019366e90>
2022-05-20 18:13:31,245 [DEBUG] yandextank.core.tankcore tankcore.py:335	RC before: 1
2022-05-20 18:13:31,247 [DEBUG] yandextank.core.tankcore tankcore.py:337	RC after: 1
2022-05-20 18:13:31,248 [DEBUG] yandextank.core.tankcore tankcore.py:333	Post-process <yandextank.plugins.DataUploader.plugin.Plugin object at 0x401937eb50>
2022-05-20 18:13:31,249 [DEBUG] yandextank.core.tankcore tankcore.py:335	RC before: 1
2022-05-20 18:13:31,250 [INFO] yandextank.plugins.DataUploader.plugin plugin.py:350	Waiting for sender threads to join.
2022-05-20 18:13:31,251 [INFO] yandextank.plugins.DataUploader.plugin plugin.py:357	Web link: None
2022-05-20 18:13:31,252 [DEBUG] yandextank.core.tankcore tankcore.py:391	Searching for plugin: <class 'yandextank.plugins.Autostop.plugin.Plugin'>
2022-05-20 18:13:31,254 [DEBUG] yandextank.plugins.DataUploader.plugin plugin.py:376	No autostop cause detected
2022-05-20 18:13:31,255 [DEBUG] yandextank.plugins.DataUploader.client client.py:642	Sending configinitial config
2022-05-20 18:13:31,444 [DEBUG] urllib3.connectionpool connectionpool.py:393	https://overload.yandex.net:443 "POST /api/job/523479/configinitial.txt?api_token=4f2a42fb997146a394c06ccf2768f953 HTTP/1.1" 200 16
2022-05-20 18:13:31,455 [DEBUG] yandextank.plugins.DataUploader.client client.py:642	Sending configinfo config
2022-05-20 18:13:31,656 [DEBUG] urllib3.connectionpool connectionpool.py:393	https://overload.yandex.net:443 "POST /api/job/523479/configinfo.txt?api_token=4f2a42fb997146a394c06ccf2768f953 HTTP/1.1" 200 16
2022-05-20 18:13:31,670 [DEBUG] yandextank.core.tankcore tankcore.py:337	RC after: 1
2022-05-20 18:13:31,676 [INFO] root consoleworker.py:269	Trying to clean up
2022-05-20 18:13:31,681 [INFO] yandextank.core.tankcore tankcore.py:526	Cleaning up plugin plugin_pandora
2022-05-20 18:13:31,685 [INFO] yandextank.core.tankcore tankcore.py:526	Cleaning up plugin plugin_json_report
2022-05-20 18:13:31,688 [INFO] yandextank.core.tankcore tankcore.py:526	Cleaning up plugin plugin_autostop
2022-05-20 18:13:31,691 [INFO] yandextank.core.tankcore tankcore.py:526	Cleaning up plugin plugin_shellexec
2022-05-20 18:13:31,694 [INFO] yandextank.core.tankcore tankcore.py:526	Cleaning up plugin plugin_console
2022-05-20 18:13:31,697 [INFO] yandextank.core.tankcore tankcore.py:526	Cleaning up plugin plugin_rcassert
2022-05-20 18:13:31,699 [INFO] yandextank.core.tankcore tankcore.py:526	Cleaning up plugin plugin_rcheck
2022-05-20 18:13:31,701 [INFO] yandextank.core.tankcore tankcore.py:526	Cleaning up plugin plugin_overload
2022-05-20 18:13:31,843 [DEBUG] urllib3.connectionpool connectionpool.py:393	https://overload.yandex.net:443 "GET /api/job/523479/close.json?exitcode=1&api_token=4f2a42fb997146a394c06ccf2768f953 HTTP/1.1" 200 16
2022-05-20 18:13:31,858 [INFO] yandextank.plugins.DataUploader.plugin plugin.py:478	Unlocking targets: ['0.0.0.0:8080']
2022-05-20 18:13:31,862 [INFO] yandextank.plugins.DataUploader.plugin plugin.py:480	0.0.0.0:8080
2022-05-20 18:13:31,865 [INFO] yandextank.core.tankcore tankcore.py:561	Releasing lock: /var/lock/lunapark_qsjvYH.lock
2022-05-20 18:13:31,884 [DEBUG] yandextank.core.tankcore tankcore.py:367	Collecting artifacts
2022-05-20 18:13:31,887 [INFO] yandextank.core.tankcore tankcore.py:368	Artifacts dir: /Users/nikitaratasnuk/yandex.tank/logs/2022-05-20_18-13-27.962414
2022-05-20 18:13:31,889 [DEBUG] yandextank.core.tankcore tankcore.py:422	Collecting file: ./phout.log to /Users/nikitaratasnuk/yandex.tank/logs/2022-05-20_18-13-27.962414/phout.log
2022-05-20 18:13:31,902 [DEBUG] yandextank.core.tankcore tankcore.py:422	Collecting file: /Users/nikitaratasnuk/yandex.tank/logs/2022-05-20_18-13-27.962414/pandora_eT_2Du.log to /Users/nikitaratasnuk/yandex.tank/logs/2022-05-20_18-13-27.962414/pandora_eT_2Du.log
2022-05-20 18:13:31,903 [WARNING] yandextank.core.tankcore tankcore.py:429	File already exists: /Users/nikitaratasnuk/yandex.tank/logs/2022-05-20_18-13-27.962414/pandora_eT_2Du.log
2022-05-20 18:13:31,905 [DEBUG] yandextank.core.tankcore tankcore.py:422	Collecting file: validation_error.yaml to /Users/nikitaratasnuk/yandex.tank/logs/2022-05-20_18-13-27.962414/validation_error.yaml
2022-05-20 18:13:31,908 [WARNING] yandextank.core.tankcore tankcore.py:424	File not found to collect: validation_error.yaml
2022-05-20 18:13:31,912 [DEBUG] yandextank.core.tankcore tankcore.py:422	Collecting file: /Users/nikitaratasnuk/yandex.tank/logs/2022-05-20_18-13-27.962414/pandora_config_ozG583.yaml to /Users/nikitaratasnuk/yandex.tank/logs/2022-05-20_18-13-27.962414/pandora_config_ozG583.yaml
2022-05-20 18:13:31,915 [WARNING] yandextank.core.tankcore tankcore.py:429	File already exists: /Users/nikitaratasnuk/yandex.tank/logs/2022-05-20_18-13-27.962414/pandora_config_ozG583.yaml
