2022-05-18 21:18:47,857 [INFO] root consoleworker.py:434	Log file created
2022-05-18 21:18:47,858 [INFO] root consoleworker.py:438	Logging handler <logging.FileHandler object at 0x40192a2c10> added
2022-05-18 21:18:47,860 [INFO] root consoleworker.py:438	Logging handler <logging.StreamHandler object at 0x401926a850> added
2022-05-18 21:18:47,862 [INFO] root consoleworker.py:438	Logging handler <logging.StreamHandler object at 0x401928ea50> added
2022-05-18 21:18:47,863 [INFO] root consoleworker.py:373	Created a folder for the test. /var/loadtest/logs/2022-05-18_21-18-47.665372
2022-05-18 21:18:47,864 [INFO] yandextank.core.tankcore tankcore.py:237	Configuring plugins...
2022-05-18 21:18:47,866 [INFO] yandextank.core.tankcore tankcore.py:190	Loading plugins...
2022-05-18 21:18:47,867 [DEBUG] yandextank.core.tankcore tankcore.py:192	Loading plugin rcheck from yandextank.plugins.ResourceCheck
2022-05-18 21:18:47,868 [DEBUG] yandextank.core.tankcore tankcore.py:192	Loading plugin json_report from yandextank.plugins.JsonReport
2022-05-18 21:18:47,885 [DEBUG] yandextank.core.tankcore tankcore.py:192	Loading plugin overload from yandextank.plugins.DataUploader
2022-05-18 21:18:47,889 [DEBUG] yandextank.core.tankcore tankcore.py:192	Loading plugin rcassert from yandextank.plugins.RCAssert
2022-05-18 21:18:47,892 [DEBUG] yandextank.core.tankcore tankcore.py:192	Loading plugin pandora from yandextank.plugins.Pandora
2022-05-18 21:18:47,893 [DEBUG] yandextank.core.tankcore tankcore.py:192	Loading plugin console from yandextank.plugins.Console
2022-05-18 21:18:47,898 [DEBUG] yandextank.core.tankcore tankcore.py:192	Loading plugin shellexec from yandextank.plugins.ShellExec
2022-05-18 21:18:47,899 [DEBUG] yandextank.core.tankcore tankcore.py:192	Loading plugin autostop from yandextank.plugins.Autostop
2022-05-18 21:18:47,900 [DEBUG] yandextank.core.tankcore tankcore.py:212	Plugin instances: {'plugin_pandora': <yandextank.plugins.Pandora.plugin.Plugin object at 0x4019375890>, 'plugin_json_report': <yandextank.plugins.JsonReport.plugin.Plugin object at 0x401937e590>, 'plugin_autostop': <yandextank.plugins.Autostop.plugin.Plugin object at 0x4019375cd0>, 'plugin_shellexec': <yandextank.plugins.ShellExec.plugin.Plugin object at 0x40193753d0>, 'plugin_console': <yandextank.plugins.Console.plugin.Plugin object at 0x4019375950>, 'plugin_rcassert': <yandextank.plugins.RCAssert.plugin.Plugin object at 0x4019375590>, 'plugin_rcheck': <yandextank.plugins.ResourceCheck.plugin.Plugin object at 0x4019366e90>, 'plugin_overload': <yandextank.plugins.DataUploader.plugin.Plugin object at 0x401937eb50>}
2022-05-18 21:18:47,901 [DEBUG] yandextank.core.tankcore tankcore.py:244	Configuring <yandextank.plugins.Pandora.plugin.Plugin object at 0x4019375890>
2022-05-18 21:18:47,903 [INFO] yandextank.plugins.Pandora.plugin plugin.py:68	Found config_file option configuration
2022-05-18 21:18:47,931 [DEBUG] yandextank.core.tankcore tankcore.py:446	Adding artifact file to collect (keep=False): /var/loadtest/logs/2022-05-18_21-18-47.665372/pandora_config_CvuX5Q.yaml
2022-05-18 21:18:47,944 [DEBUG] yandextank.plugins.Pandora.plugin plugin.py:74	Config after parsing for patching: {'pools': [{'rps': {'duration': '60s', 'type': 'line', 'from': 1, 'to': 200}, 'result': {'destination': './phout.log', 'type': 'phout'}, 'startup': {'type': 'once', 'times': 10}, 'gun': {'type': 'My_custom_gun_name', 'target': '0.0.0.0:8080'}, 'ammo': {'source': {'path': './json.ammo', 'type': 'file'}, 'type': 'custom_provider'}, 'id': 'HTTP pool'}]}
2022-05-18 21:18:47,945 [INFO] yandextank.plugins.Pandora.plugin plugin.py:153	Found report file in pandora config: ./phout.log
2022-05-18 21:18:47,949 [DEBUG] yandextank.core.tankcore tankcore.py:446	Adding artifact file to collect (keep=False): ./phout.log
2022-05-18 21:18:47,951 [DEBUG] yandextank.core.tankcore tankcore.py:244	Configuring <yandextank.plugins.JsonReport.plugin.Plugin object at 0x401937e590>
2022-05-18 21:18:47,955 [DEBUG] yandextank.core.tankcore tankcore.py:391	Searching for plugin: <class 'yandextank.common.interfaces.GeneratorPlugin'>
2022-05-18 21:18:47,970 [DEBUG] yandextank.core.tankcore tankcore.py:244	Configuring <yandextank.plugins.Autostop.plugin.Plugin object at 0x4019375cd0>
2022-05-18 21:18:47,979 [DEBUG] yandextank.core.tankcore tankcore.py:244	Configuring <yandextank.plugins.ShellExec.plugin.Plugin object at 0x40193753d0>
2022-05-18 21:18:47,981 [DEBUG] yandextank.core.tankcore tankcore.py:244	Configuring <yandextank.plugins.Console.plugin.Plugin object at 0x4019375950>
2022-05-18 21:18:47,985 [DEBUG] yandextank.core.tankcore tankcore.py:244	Configuring <yandextank.plugins.RCAssert.plugin.Plugin object at 0x4019375590>
2022-05-18 21:18:47,987 [DEBUG] yandextank.core.tankcore tankcore.py:244	Configuring <yandextank.plugins.ResourceCheck.plugin.Plugin object at 0x4019366e90>
2022-05-18 21:18:47,997 [DEBUG] yandextank.core.tankcore tankcore.py:244	Configuring <yandextank.plugins.DataUploader.plugin.Plugin object at 0x401937eb50>
2022-05-18 21:18:47,999 [INFO] yandextank.core.tankcore tankcore.py:249	Preparing test...
2022-05-18 21:18:48,000 [DEBUG] yandextank.core.tankcore tankcore.py:253	Preparing <yandextank.plugins.Pandora.plugin.Plugin object at 0x4019375890>
2022-05-18 21:18:48,001 [DEBUG] yandextank.core.tankcore tankcore.py:391	Searching for plugin: <class 'yandextank.plugins.Console.plugin.Plugin'>
2022-05-18 21:18:48,003 [DEBUG] yandextank.core.tankcore tankcore.py:253	Preparing <yandextank.plugins.JsonReport.plugin.Plugin object at 0x401937e590>
2022-05-18 21:18:48,004 [DEBUG] yandextank.core.tankcore tankcore.py:253	Preparing <yandextank.plugins.Autostop.plugin.Plugin object at 0x4019375cd0>
2022-05-18 21:18:48,005 [DEBUG] yandextank.common.interfaces plugin.py:74	Criterion string: http(5xx,10%,5s)
2022-05-18 21:18:48,007 [DEBUG] yandextank.common.interfaces plugin.py:78	Criterion objects: {'http(5xx,10%,5s)': <yandextank.plugins.Autostop.criterions.HTTPCodesCriterion object at 0x4019375f10>}
2022-05-18 21:18:48,009 [DEBUG] yandextank.core.tankcore tankcore.py:391	Searching for plugin: <class 'yandextank.plugins.Console.plugin.Plugin'>
2022-05-18 21:18:48,010 [DEBUG] yandextank.core.tankcore tankcore.py:253	Preparing <yandextank.plugins.ShellExec.plugin.Plugin object at 0x40193753d0>
2022-05-18 21:18:48,011 [DEBUG] yandextank.core.tankcore tankcore.py:253	Preparing <yandextank.plugins.Console.plugin.Plugin object at 0x4019375950>
2022-05-18 21:18:48,013 [DEBUG] yandextank.core.tankcore tankcore.py:253	Preparing <yandextank.plugins.RCAssert.plugin.Plugin object at 0x4019375590>
2022-05-18 21:18:48,014 [DEBUG] yandextank.core.tankcore tankcore.py:253	Preparing <yandextank.plugins.ResourceCheck.plugin.Plugin object at 0x4019366e90>
2022-05-18 21:18:48,015 [INFO] yandextank.common.interfaces plugin.py:39	Checking tank resources...
2022-05-18 21:18:48,016 [DEBUG] netort.process process.py:23	Starting: sh -c "df --no-sync -m -P -l -x fuse -x tmpfs -x devtmpfs -x davfs -x nfs /var/loadtest/logs | tail -n 1 | awk '{print \$4}' "
2022-05-18 21:18:48,583 [DEBUG] netort.process process.py:46	Process output:
12804

2022-05-18 21:18:48,585 [DEBUG] netort.process process.py:48	Process exit code: 0
2022-05-18 21:18:48,587 [DEBUG] root plugin.py:58	Result: (0, '12804\n', '')
2022-05-18 21:18:48,589 [DEBUG] yandextank.common.interfaces plugin.py:64	Disk free space: 12804/2048
2022-05-18 21:18:48,599 [DEBUG] yandextank.common.interfaces plugin.py:75	Memory free: 3087/512
2022-05-18 21:18:48,601 [DEBUG] yandextank.core.tankcore tankcore.py:253	Preparing <yandextank.plugins.DataUploader.plugin.Plugin object at 0x401937eb50>
2022-05-18 21:18:48,603 [WARNING] yandextank.plugins.DataUploader.plugin plugin.py:234	Failed to get info about ammo path
2022-05-18 21:18:48,620 [INFO] root plugin.py:523	Using OVERLOAD backend
2022-05-18 21:18:48,621 [DEBUG] yandextank.plugins.DataUploader.plugin plugin.py:618	Trying to read token from token.txt
2022-05-18 21:18:48,625 [INFO] yandextank.plugins.DataUploader.plugin plugin.py:624	Read authentication token from token.txt, token length is 32 bytes
2022-05-18 21:18:48,690 [INFO] yandextank.plugins.DataUploader.client client.py:59	Proxy not set
2022-05-18 21:18:48,694 [INFO] yandextank.plugins.DataUploader.plugin plugin.py:647	Detected target: 0.0.0.0:8080
2022-05-18 21:18:48,728 [DEBUG] yandextank.plugins.DataUploader.client client.py:336	Job create request: {'person': 'root', 'host': '0.0.0.0:8080', 'task': '', 'tank': '3848c33046b1', 'notify': [], 'loadscheme': [], 'detailed_time': None, 'port': '8080'}
2022-05-18 21:18:48,745 [DEBUG] urllib3.connectionpool connectionpool.py:813	Starting new HTTPS connection (1): overload.yandex.net:443
2022-05-18 21:18:49,243 [DEBUG] urllib3.connectionpool connectionpool.py:393	https://overload.yandex.net:443 "POST /api/job/create.json?api_token=4f2a42fb997146a394c06ccf2768f953 HTTP/1.1" 200 None
2022-05-18 21:18:49,273 [INFO] yandextank.plugins.DataUploader.plugin plugin.py:789	Job created: 522942
2022-05-18 21:18:49,281 [DEBUG] yandextank.plugins.DataUploader.client client.py:642	Sending configinitial config
2022-05-18 21:18:49,368 [DEBUG] urllib3.connectionpool connectionpool.py:393	https://overload.yandex.net:443 "POST /api/job/522942/configinitial.txt?api_token=4f2a42fb997146a394c06ccf2768f953 HTTP/1.1" 200 16
2022-05-18 21:18:49,371 [INFO] yandextank.plugins.DataUploader.plugin plugin.py:485	Locking targets: ['0.0.0.0:8080']
2022-05-18 21:18:49,373 [INFO] yandextank.plugins.DataUploader.plugin plugin.py:487	Locked targets: ['0.0.0.0:8080']
2022-05-18 21:18:49,386 [DEBUG] yandextank.common.interfaces interfaces.py:101	Publishing status: Plugin/job_no: 522942
2022-05-18 21:18:49,484 [DEBUG] urllib3.connectionpool connectionpool.py:393	https://overload.yandex.net:443 "POST /api/job/522942/edit.json?api_token=4f2a42fb997146a394c06ccf2768f953 HTTP/1.1" 200 19
2022-05-18 21:18:49,489 [DEBUG] yandextank.core.tankcore tankcore.py:391	Searching for plugin: <class 'yandextank.plugins.Console.plugin.Plugin'>
2022-05-18 21:18:49,491 [DEBUG] yandextank.plugins.DataUploader.client client.py:642	Sending configinitial config
2022-05-18 21:18:49,566 [DEBUG] urllib3.connectionpool connectionpool.py:393	https://overload.yandex.net:443 "POST /api/job/522942/configinitial.txt?api_token=4f2a42fb997146a394c06ccf2768f953 HTTP/1.1" 200 16
2022-05-18 21:18:49,573 [DEBUG] yandextank.plugins.DataUploader.client client.py:642	Sending configinfo config
2022-05-18 21:18:49,773 [DEBUG] urllib3.connectionpool connectionpool.py:393	https://overload.yandex.net:443 "POST /api/job/522942/configinfo.txt?api_token=4f2a42fb997146a394c06ccf2768f953 HTTP/1.1" 200 16
2022-05-18 21:18:49,784 [INFO] yandextank.core.tankcore tankcore.py:259	Starting test...
2022-05-18 21:18:49,798 [INFO] yandextank.aggregator.tank_aggregator tank_aggregator.py:63	using verbose histogram
2022-05-18 21:18:49,856 [DEBUG] yandextank.core.tankcore tankcore.py:263	Starting <yandextank.plugins.Pandora.plugin.Plugin object at 0x4019375890>
2022-05-18 21:18:49,866 [INFO] yandextank.plugins.Pandora.plugin plugin.py:183	Starting: ['/Users/nikitaratasnuk/yandex.tank/gun/gun', '-expvar', '/var/loadtest/logs/2022-05-18_21-18-47.665372/pandora_config_CvuX5Q.yaml']
2022-05-18 21:18:49,867 [DEBUG] urllib3.connectionpool connectionpool.py:205	Starting new HTTP connection (1): localhost:1234
2022-05-18 21:18:49,880 [DEBUG] yandextank.plugins.Pandora.reader reader.py:33	Pandora expvar http interface is unavailable
Traceback (most recent call last):
  File "/usr/local/lib/python2.7/dist-packages/yandextank/plugins/Pandora/reader.py", line 24, in run
    pandora_stat = requests.get("http://localhost:1234/debug/vars", timeout=0.9).json()
  File "/usr/local/lib/python2.7/dist-packages/requests/api.py", line 75, in get
    return request('get', url, params=params, **kwargs)
  File "/usr/local/lib/python2.7/dist-packages/requests/api.py", line 60, in request
    return session.request(method=method, url=url, **kwargs)
  File "/usr/local/lib/python2.7/dist-packages/requests/sessions.py", line 533, in request
    resp = self.send(prep, **send_kwargs)
  File "/usr/local/lib/python2.7/dist-packages/requests/sessions.py", line 646, in send
    r = adapter.send(request, **kwargs)
  File "/usr/local/lib/python2.7/dist-packages/requests/adapters.py", line 516, in send
    raise ConnectionError(e, request=request)
ConnectionError: HTTPConnectionPool(host='localhost', port=1234): Max retries exceeded with url: /debug/vars (Caused by NewConnectionError('<urllib3.connection.HTTPConnection object at 0x401993dd90>: Failed to establish a new connection: [Errno 111] Connection refused',))
2022-05-18 21:18:49,883 [DEBUG] yandextank.core.tankcore tankcore.py:446	Adding artifact file to collect (keep=False): /var/loadtest/logs/2022-05-18_21-18-47.665372/pandora_ONr5q6.log
2022-05-18 21:18:50,096 [DEBUG] urllib3.connectionpool connectionpool.py:205	Starting new HTTP connection (1): localhost:1234
2022-05-18 21:18:50,100 [DEBUG] yandextank.plugins.Pandora.reader reader.py:33	Pandora expvar http interface is unavailable
Traceback (most recent call last):
  File "/usr/local/lib/python2.7/dist-packages/yandextank/plugins/Pandora/reader.py", line 24, in run
    pandora_stat = requests.get("http://localhost:1234/debug/vars", timeout=0.9).json()
  File "/usr/local/lib/python2.7/dist-packages/requests/api.py", line 75, in get
    return request('get', url, params=params, **kwargs)
  File "/usr/local/lib/python2.7/dist-packages/requests/api.py", line 60, in request
    return session.request(method=method, url=url, **kwargs)
  File "/usr/local/lib/python2.7/dist-packages/requests/sessions.py", line 533, in request
    resp = self.send(prep, **send_kwargs)
  File "/usr/local/lib/python2.7/dist-packages/requests/sessions.py", line 646, in send
    r = adapter.send(request, **kwargs)
  File "/usr/local/lib/python2.7/dist-packages/requests/adapters.py", line 516, in send
    raise ConnectionError(e, request=request)
ConnectionError: HTTPConnectionPool(host='localhost', port=1234): Max retries exceeded with url: /debug/vars (Caused by NewConnectionError('<urllib3.connection.HTTPConnection object at 0x40226f5790>: Failed to establish a new connection: [Errno 111] Connection refused',))
2022-05-18 21:18:50,357 [DEBUG] yandextank.plugins.Pandora.plugin plugin.py:196	Unable to start Pandora binary. Args: ['/Users/nikitaratasnuk/yandex.tank/gun/gun', '-expvar', '/var/loadtest/logs/2022-05-18_21-18-47.665372/pandora_config_CvuX5Q.yaml']
Traceback (most recent call last):
  File "/usr/local/lib/python2.7/dist-packages/yandextank/plugins/Pandora/plugin.py", line 193, in start_test
    close_fds=True)
  File "/usr/lib/python2.7/subprocess.py", line 711, in __init__
    errread, errwrite)
  File "/usr/lib/python2.7/subprocess.py", line 1343, in _execute_child
    raise child_exception
OSError: [Errno 2] No such file or directory
2022-05-18 21:18:50,360 [ERROR] root consoleworker.py:296	Test interrupted:
<type 'exceptions.RuntimeError'>: Unable to start Pandora binary and/or file does not exist: ['/Users/nikitaratasnuk/yandex.tank/gun/gun', '-expvar', '/var/loadtest/logs/2022-05-18_21-18-47.665372/pandora_config_CvuX5Q.yaml']
<traceback object at 0x403e21cef0>
2022-05-18 21:18:50,365 [INFO] yandextank.core.tankcore tankcore.py:301	Finishing test...
2022-05-18 21:18:50,366 [INFO] yandextank.core.tankcore tankcore.py:303	Stopping load generator and aggregator
2022-05-18 21:18:50,367 [DEBUG] yandextank.plugins.Pandora.plugin plugin.py:225	Seems subprocess finished OK
2022-05-18 21:18:50,370 [DEBUG] yandextank.aggregator.tank_aggregator tank_aggregator.py:123	Closing stats reader
2022-05-18 21:18:50,510 [DEBUG] yandextank.aggregator.tank_aggregator tank_aggregator.py:126	Waiting for gun drain to finish
2022-05-18 21:18:50,872 [DEBUG] yandextank.aggregator.tank_aggregator tank_aggregator.py:128	Waiting for stats drain to finish
2022-05-18 21:18:50,879 [DEBUG] yandextank.aggregator.tank_aggregator tank_aggregator.py:130	Collecting remaining data
2022-05-18 21:18:50,882 [DEBUG] yandextank.aggregator.tank_aggregator tank_aggregator.py:87	Data timestamps: []
2022-05-18 21:18:50,885 [DEBUG] yandextank.aggregator.tank_aggregator tank_aggregator.py:88	Stats timestamps: []
2022-05-18 21:18:50,889 [DEBUG] yandextank.core.tankcore tankcore.py:305	RC after: 1
2022-05-18 21:18:50,894 [INFO] yandextank.core.tankcore tankcore.py:307	Stopping monitoring
2022-05-18 21:18:50,898 [DEBUG] yandextank.core.tankcore tankcore.py:315	Finalize <yandextank.plugins.JsonReport.plugin.Plugin object at 0x401937e590>
2022-05-18 21:18:50,901 [DEBUG] yandextank.core.tankcore tankcore.py:317	RC before: 1
2022-05-18 21:18:50,903 [DEBUG] yandextank.core.tankcore tankcore.py:319	RC after: 1
2022-05-18 21:18:50,905 [DEBUG] yandextank.core.tankcore tankcore.py:315	Finalize <yandextank.plugins.Autostop.plugin.Plugin object at 0x4019375cd0>
2022-05-18 21:18:50,907 [DEBUG] yandextank.core.tankcore tankcore.py:317	RC before: 1
2022-05-18 21:18:50,909 [DEBUG] yandextank.core.tankcore tankcore.py:319	RC after: 1
2022-05-18 21:18:50,911 [DEBUG] yandextank.core.tankcore tankcore.py:315	Finalize <yandextank.plugins.ShellExec.plugin.Plugin object at 0x40193753d0>
2022-05-18 21:18:50,913 [DEBUG] yandextank.core.tankcore tankcore.py:317	RC before: 1
2022-05-18 21:18:50,915 [DEBUG] yandextank.core.tankcore tankcore.py:319	RC after: 1
2022-05-18 21:18:50,917 [DEBUG] yandextank.core.tankcore tankcore.py:315	Finalize <yandextank.plugins.Console.plugin.Plugin object at 0x4019375950>
2022-05-18 21:18:50,920 [DEBUG] yandextank.core.tankcore tankcore.py:317	RC before: 1
2022-05-18 21:18:50,924 [DEBUG] yandextank.core.tankcore tankcore.py:319	RC after: 1
2022-05-18 21:18:50,928 [DEBUG] yandextank.core.tankcore tankcore.py:315	Finalize <yandextank.plugins.RCAssert.plugin.Plugin object at 0x4019375590>
2022-05-18 21:18:50,931 [DEBUG] yandextank.core.tankcore tankcore.py:317	RC before: 1
2022-05-18 21:18:50,933 [DEBUG] yandextank.core.tankcore tankcore.py:319	RC after: 1
2022-05-18 21:18:50,934 [DEBUG] yandextank.core.tankcore tankcore.py:315	Finalize <yandextank.plugins.ResourceCheck.plugin.Plugin object at 0x4019366e90>
2022-05-18 21:18:50,936 [DEBUG] yandextank.core.tankcore tankcore.py:317	RC before: 1
2022-05-18 21:18:50,937 [DEBUG] yandextank.core.tankcore tankcore.py:319	RC after: 1
2022-05-18 21:18:50,940 [DEBUG] yandextank.core.tankcore tankcore.py:315	Finalize <yandextank.plugins.DataUploader.plugin.Plugin object at 0x401937eb50>
2022-05-18 21:18:50,942 [DEBUG] yandextank.core.tankcore tankcore.py:317	RC before: 1
2022-05-18 21:18:50,945 [DEBUG] yandextank.plugins.DataUploader.client client.py:642	Sending configinitial config
2022-05-18 21:18:51,098 [DEBUG] urllib3.connectionpool connectionpool.py:393	https://overload.yandex.net:443 "POST /api/job/522942/configinitial.txt?api_token=4f2a42fb997146a394c06ccf2768f953 HTTP/1.1" 200 16
2022-05-18 21:18:51,106 [DEBUG] yandextank.plugins.DataUploader.client client.py:642	Sending configinfo config
2022-05-18 21:18:51,197 [DEBUG] urllib3.connectionpool connectionpool.py:393	https://overload.yandex.net:443 "POST /api/job/522942/configinfo.txt?api_token=4f2a42fb997146a394c06ccf2768f953 HTTP/1.1" 200 16
2022-05-18 21:18:51,208 [INFO] yandextank.plugins.DataUploader.plugin plugin.py:478	Unlocking targets: ['0.0.0.0:8080']
2022-05-18 21:18:51,211 [INFO] yandextank.plugins.DataUploader.plugin plugin.py:480	0.0.0.0:8080
2022-05-18 21:18:51,215 [DEBUG] yandextank.core.tankcore tankcore.py:319	RC after: 1
2022-05-18 21:18:51,217 [INFO] yandextank.core.tankcore tankcore.py:330	Post-processing test...
2022-05-18 21:18:51,220 [DEBUG] yandextank.core.tankcore tankcore.py:333	Post-process <yandextank.plugins.Pandora.plugin.Plugin object at 0x4019375890>
2022-05-18 21:18:51,223 [DEBUG] yandextank.core.tankcore tankcore.py:335	RC before: 1
2022-05-18 21:18:51,227 [DEBUG] yandextank.core.tankcore tankcore.py:337	RC after: 1
2022-05-18 21:18:51,230 [DEBUG] yandextank.core.tankcore tankcore.py:333	Post-process <yandextank.plugins.JsonReport.plugin.Plugin object at 0x401937e590>
2022-05-18 21:18:51,233 [DEBUG] yandextank.core.tankcore tankcore.py:335	RC before: 1
2022-05-18 21:18:51,238 [DEBUG] yandextank.core.tankcore tankcore.py:337	RC after: 1
2022-05-18 21:18:51,243 [DEBUG] yandextank.core.tankcore tankcore.py:333	Post-process <yandextank.plugins.Autostop.plugin.Plugin object at 0x4019375cd0>
2022-05-18 21:18:51,249 [DEBUG] yandextank.core.tankcore tankcore.py:335	RC before: 1
2022-05-18 21:18:51,250 [DEBUG] yandextank.core.tankcore tankcore.py:337	RC after: 1
2022-05-18 21:18:51,252 [DEBUG] yandextank.core.tankcore tankcore.py:333	Post-process <yandextank.plugins.ShellExec.plugin.Plugin object at 0x40193753d0>
2022-05-18 21:18:51,256 [DEBUG] yandextank.core.tankcore tankcore.py:335	RC before: 1
2022-05-18 21:18:51,258 [DEBUG] yandextank.core.tankcore tankcore.py:337	RC after: 1
2022-05-18 21:18:51,259 [DEBUG] yandextank.core.tankcore tankcore.py:333	Post-process <yandextank.plugins.Console.plugin.Plugin object at 0x4019375950>
2022-05-18 21:18:51,261 [DEBUG] yandextank.core.tankcore tankcore.py:335	RC before: 1
2022-05-18 21:18:51,262 [DEBUG] yandextank.core.tankcore tankcore.py:337	RC after: 1
2022-05-18 21:18:51,262 [DEBUG] yandextank.core.tankcore tankcore.py:333	Post-process <yandextank.plugins.RCAssert.plugin.Plugin object at 0x4019375590>
2022-05-18 21:18:51,263 [DEBUG] yandextank.core.tankcore tankcore.py:335	RC before: 1
2022-05-18 21:18:51,265 [DEBUG] yandextank.core.tankcore tankcore.py:337	RC after: 1
2022-05-18 21:18:51,267 [DEBUG] yandextank.core.tankcore tankcore.py:333	Post-process <yandextank.plugins.ResourceCheck.plugin.Plugin object at 0x4019366e90>
2022-05-18 21:18:51,268 [DEBUG] yandextank.core.tankcore tankcore.py:335	RC before: 1
2022-05-18 21:18:51,269 [DEBUG] yandextank.core.tankcore tankcore.py:337	RC after: 1
2022-05-18 21:18:51,270 [DEBUG] yandextank.core.tankcore tankcore.py:333	Post-process <yandextank.plugins.DataUploader.plugin.Plugin object at 0x401937eb50>
2022-05-18 21:18:51,272 [DEBUG] yandextank.core.tankcore tankcore.py:335	RC before: 1
2022-05-18 21:18:51,274 [INFO] yandextank.plugins.DataUploader.plugin plugin.py:350	Waiting for sender threads to join.
2022-05-18 21:18:51,276 [INFO] yandextank.plugins.DataUploader.plugin plugin.py:357	Web link: None
2022-05-18 21:18:51,278 [DEBUG] yandextank.core.tankcore tankcore.py:391	Searching for plugin: <class 'yandextank.plugins.Autostop.plugin.Plugin'>
2022-05-18 21:18:51,280 [DEBUG] yandextank.plugins.DataUploader.plugin plugin.py:376	No autostop cause detected
2022-05-18 21:18:51,282 [DEBUG] yandextank.plugins.DataUploader.client client.py:642	Sending configinitial config
2022-05-18 21:18:51,427 [DEBUG] urllib3.connectionpool connectionpool.py:393	https://overload.yandex.net:443 "POST /api/job/522942/configinitial.txt?api_token=4f2a42fb997146a394c06ccf2768f953 HTTP/1.1" 200 16
2022-05-18 21:18:51,434 [DEBUG] yandextank.plugins.DataUploader.client client.py:642	Sending configinfo config
2022-05-18 21:18:51,524 [DEBUG] urllib3.connectionpool connectionpool.py:393	https://overload.yandex.net:443 "POST /api/job/522942/configinfo.txt?api_token=4f2a42fb997146a394c06ccf2768f953 HTTP/1.1" 200 16
2022-05-18 21:18:51,532 [DEBUG] yandextank.core.tankcore tankcore.py:337	RC after: 1
2022-05-18 21:18:51,535 [INFO] root consoleworker.py:269	Trying to clean up
2022-05-18 21:18:51,537 [INFO] yandextank.core.tankcore tankcore.py:526	Cleaning up plugin plugin_pandora
2022-05-18 21:18:51,539 [INFO] yandextank.core.tankcore tankcore.py:526	Cleaning up plugin plugin_json_report
2022-05-18 21:18:51,540 [INFO] yandextank.core.tankcore tankcore.py:526	Cleaning up plugin plugin_autostop
2022-05-18 21:18:51,542 [INFO] yandextank.core.tankcore tankcore.py:526	Cleaning up plugin plugin_shellexec
2022-05-18 21:18:51,544 [INFO] yandextank.core.tankcore tankcore.py:526	Cleaning up plugin plugin_console
2022-05-18 21:18:51,546 [INFO] yandextank.core.tankcore tankcore.py:526	Cleaning up plugin plugin_rcassert
2022-05-18 21:18:51,547 [INFO] yandextank.core.tankcore tankcore.py:526	Cleaning up plugin plugin_rcheck
2022-05-18 21:18:51,548 [INFO] yandextank.core.tankcore tankcore.py:526	Cleaning up plugin plugin_overload
2022-05-18 21:18:51,719 [DEBUG] urllib3.connectionpool connectionpool.py:393	https://overload.yandex.net:443 "GET /api/job/522942/close.json?exitcode=1&api_token=4f2a42fb997146a394c06ccf2768f953 HTTP/1.1" 200 16
2022-05-18 21:18:51,732 [INFO] yandextank.plugins.DataUploader.plugin plugin.py:478	Unlocking targets: ['0.0.0.0:8080']
2022-05-18 21:18:51,740 [INFO] yandextank.plugins.DataUploader.plugin plugin.py:480	0.0.0.0:8080
2022-05-18 21:18:51,743 [INFO] yandextank.core.tankcore tankcore.py:561	Releasing lock: /var/lock/lunapark_T2PdvQ.lock
2022-05-18 21:18:51,762 [DEBUG] yandextank.core.tankcore tankcore.py:367	Collecting artifacts
2022-05-18 21:18:51,765 [INFO] yandextank.core.tankcore tankcore.py:368	Artifacts dir: /var/loadtest/logs/2022-05-18_21-18-47.665372
2022-05-18 21:18:51,767 [DEBUG] yandextank.core.tankcore tankcore.py:422	Collecting file: ./phout.log to /var/loadtest/logs/2022-05-18_21-18-47.665372/phout.log
2022-05-18 21:18:51,784 [DEBUG] yandextank.core.tankcore tankcore.py:422	Collecting file: /var/loadtest/logs/2022-05-18_21-18-47.665372/pandora_ONr5q6.log to /var/loadtest/logs/2022-05-18_21-18-47.665372/pandora_ONr5q6.log
2022-05-18 21:18:51,785 [WARNING] yandextank.core.tankcore tankcore.py:429	File already exists: /var/loadtest/logs/2022-05-18_21-18-47.665372/pandora_ONr5q6.log
2022-05-18 21:18:51,789 [DEBUG] yandextank.core.tankcore tankcore.py:422	Collecting file: /var/loadtest/logs/2022-05-18_21-18-47.665372/pandora_config_CvuX5Q.yaml to /var/loadtest/logs/2022-05-18_21-18-47.665372/pandora_config_CvuX5Q.yaml
2022-05-18 21:18:51,800 [WARNING] yandextank.core.tankcore tankcore.py:429	File already exists: /var/loadtest/logs/2022-05-18_21-18-47.665372/pandora_config_CvuX5Q.yaml
2022-05-18 21:18:51,805 [DEBUG] yandextank.core.tankcore tankcore.py:422	Collecting file: validation_error.yaml to /var/loadtest/logs/2022-05-18_21-18-47.665372/validation_error.yaml
2022-05-18 21:18:51,812 [WARNING] yandextank.core.tankcore tankcore.py:424	File not found to collect: validation_error.yaml
