2022-05-18 20:13:24,578 [INFO] root consoleworker.py:434	Log file created
2022-05-18 20:13:24,580 [INFO] root consoleworker.py:438	Logging handler <logging.FileHandler object at 0x40192a2c10> added
2022-05-18 20:13:24,581 [INFO] root consoleworker.py:438	Logging handler <logging.StreamHandler object at 0x401926a850> added
2022-05-18 20:13:24,583 [INFO] root consoleworker.py:438	Logging handler <logging.StreamHandler object at 0x401928ea50> added
2022-05-18 20:13:24,586 [INFO] root consoleworker.py:373	Created a folder for the test. /var/loadtest/logs/2022-05-18_20-13-24.076364
2022-05-18 20:13:24,591 [INFO] yandextank.core.tankcore tankcore.py:237	Configuring plugins...
2022-05-18 20:13:24,599 [INFO] yandextank.core.tankcore tankcore.py:190	Loading plugins...
2022-05-18 20:13:24,604 [DEBUG] yandextank.core.tankcore tankcore.py:192	Loading plugin rcheck from yandextank.plugins.ResourceCheck
2022-05-18 20:13:24,609 [DEBUG] yandextank.core.tankcore tankcore.py:192	Loading plugin json_report from yandextank.plugins.JsonReport
2022-05-18 20:13:24,924 [DEBUG] yandextank.core.tankcore tankcore.py:192	Loading plugin overload from yandextank.plugins.DataUploader
2022-05-18 20:13:24,927 [DEBUG] yandextank.core.tankcore tankcore.py:192	Loading plugin rcassert from yandextank.plugins.RCAssert
2022-05-18 20:13:24,928 [DEBUG] yandextank.core.tankcore tankcore.py:192	Loading plugin pandora from yandextank.plugins.Pandora
2022-05-18 20:13:24,929 [DEBUG] yandextank.core.tankcore tankcore.py:192	Loading plugin console from yandextank.plugins.Console
2022-05-18 20:13:24,930 [DEBUG] yandextank.core.tankcore tankcore.py:192	Loading plugin shellexec from yandextank.plugins.ShellExec
2022-05-18 20:13:24,931 [DEBUG] yandextank.core.tankcore tankcore.py:192	Loading plugin autostop from yandextank.plugins.Autostop
2022-05-18 20:13:24,932 [DEBUG] yandextank.core.tankcore tankcore.py:212	Plugin instances: {'plugin_pandora': <yandextank.plugins.Pandora.plugin.Plugin object at 0x4019375890>, 'plugin_json_report': <yandextank.plugins.JsonReport.plugin.Plugin object at 0x401937e590>, 'plugin_autostop': <yandextank.plugins.Autostop.plugin.Plugin object at 0x4019375cd0>, 'plugin_shellexec': <yandextank.plugins.ShellExec.plugin.Plugin object at 0x40193753d0>, 'plugin_console': <yandextank.plugins.Console.plugin.Plugin object at 0x4019375950>, 'plugin_rcassert': <yandextank.plugins.RCAssert.plugin.Plugin object at 0x4019375590>, 'plugin_rcheck': <yandextank.plugins.ResourceCheck.plugin.Plugin object at 0x4019366e90>, 'plugin_overload': <yandextank.plugins.DataUploader.plugin.Plugin object at 0x401937eb50>}
2022-05-18 20:13:24,937 [DEBUG] yandextank.core.tankcore tankcore.py:244	Configuring <yandextank.plugins.Pandora.plugin.Plugin object at 0x4019375890>
2022-05-18 20:13:24,939 [INFO] yandextank.plugins.Pandora.plugin plugin.py:68	Found config_file option configuration
2022-05-18 20:13:24,997 [DEBUG] yandextank.core.tankcore tankcore.py:446	Adding artifact file to collect (keep=False): /var/loadtest/logs/2022-05-18_20-13-24.076364/pandora_config_Oneo26.yaml
2022-05-18 20:13:25,017 [DEBUG] yandextank.plugins.Pandora.plugin plugin.py:74	Config after parsing for patching: {'pools': [{'rps': {'duration': '60s', 'type': 'line', 'from': 1, 'to': 200}, 'result': {'destination': './phout.log', 'type': 'phout'}, 'startup': {'type': 'once', 'times': 10}, 'gun': {'type': 'My_custom_gun_name', 'target': '0.0.0.0:8080'}, 'ammo': {'source': {'path': './json.ammo', 'type': 'file'}, 'type': 'custom_provider'}, 'id': 'HTTP pool'}]}
2022-05-18 20:13:25,020 [INFO] yandextank.plugins.Pandora.plugin plugin.py:153	Found report file in pandora config: ./phout.log
2022-05-18 20:13:25,027 [DEBUG] yandextank.core.tankcore tankcore.py:446	Adding artifact file to collect (keep=False): ./phout.log
2022-05-18 20:13:25,028 [DEBUG] yandextank.core.tankcore tankcore.py:244	Configuring <yandextank.plugins.JsonReport.plugin.Plugin object at 0x401937e590>
2022-05-18 20:13:25,030 [DEBUG] yandextank.core.tankcore tankcore.py:391	Searching for plugin: <class 'yandextank.common.interfaces.GeneratorPlugin'>
2022-05-18 20:13:25,071 [DEBUG] yandextank.core.tankcore tankcore.py:244	Configuring <yandextank.plugins.Autostop.plugin.Plugin object at 0x4019375cd0>
2022-05-18 20:13:25,074 [DEBUG] yandextank.core.tankcore tankcore.py:244	Configuring <yandextank.plugins.ShellExec.plugin.Plugin object at 0x40193753d0>
2022-05-18 20:13:25,077 [DEBUG] yandextank.core.tankcore tankcore.py:244	Configuring <yandextank.plugins.Console.plugin.Plugin object at 0x4019375950>
2022-05-18 20:13:25,085 [DEBUG] yandextank.core.tankcore tankcore.py:244	Configuring <yandextank.plugins.RCAssert.plugin.Plugin object at 0x4019375590>
2022-05-18 20:13:25,090 [DEBUG] yandextank.core.tankcore tankcore.py:244	Configuring <yandextank.plugins.ResourceCheck.plugin.Plugin object at 0x4019366e90>
2022-05-18 20:13:26,276 [DEBUG] yandextank.core.tankcore tankcore.py:244	Configuring <yandextank.plugins.DataUploader.plugin.Plugin object at 0x401937eb50>
2022-05-18 20:13:26,291 [INFO] yandextank.core.tankcore tankcore.py:249	Preparing test...
2022-05-18 20:13:26,298 [DEBUG] yandextank.core.tankcore tankcore.py:253	Preparing <yandextank.plugins.Pandora.plugin.Plugin object at 0x4019375890>
2022-05-18 20:13:26,300 [DEBUG] yandextank.core.tankcore tankcore.py:391	Searching for plugin: <class 'yandextank.plugins.Console.plugin.Plugin'>
2022-05-18 20:13:26,302 [DEBUG] yandextank.core.tankcore tankcore.py:253	Preparing <yandextank.plugins.JsonReport.plugin.Plugin object at 0x401937e590>
2022-05-18 20:13:26,303 [DEBUG] yandextank.core.tankcore tankcore.py:253	Preparing <yandextank.plugins.Autostop.plugin.Plugin object at 0x4019375cd0>
2022-05-18 20:13:26,307 [DEBUG] yandextank.common.interfaces plugin.py:74	Criterion string: http(5xx,10%,5s)
2022-05-18 20:13:26,315 [DEBUG] yandextank.common.interfaces plugin.py:78	Criterion objects: {'http(5xx,10%,5s)': <yandextank.plugins.Autostop.criterions.HTTPCodesCriterion object at 0x4019375f10>}
2022-05-18 20:13:26,322 [DEBUG] yandextank.core.tankcore tankcore.py:391	Searching for plugin: <class 'yandextank.plugins.Console.plugin.Plugin'>
2022-05-18 20:13:26,324 [DEBUG] yandextank.core.tankcore tankcore.py:253	Preparing <yandextank.plugins.ShellExec.plugin.Plugin object at 0x40193753d0>
2022-05-18 20:13:26,325 [DEBUG] yandextank.core.tankcore tankcore.py:253	Preparing <yandextank.plugins.Console.plugin.Plugin object at 0x4019375950>
2022-05-18 20:13:26,329 [DEBUG] yandextank.core.tankcore tankcore.py:253	Preparing <yandextank.plugins.RCAssert.plugin.Plugin object at 0x4019375590>
2022-05-18 20:13:26,333 [DEBUG] yandextank.core.tankcore tankcore.py:253	Preparing <yandextank.plugins.ResourceCheck.plugin.Plugin object at 0x4019366e90>
2022-05-18 20:13:26,339 [INFO] yandextank.common.interfaces plugin.py:39	Checking tank resources...
2022-05-18 20:13:26,343 [DEBUG] netort.process process.py:23	Starting: sh -c "df --no-sync -m -P -l -x fuse -x tmpfs -x devtmpfs -x davfs -x nfs /var/loadtest/logs | tail -n 1 | awk '{print \$4}' "
2022-05-18 20:13:27,076 [DEBUG] netort.process process.py:46	Process output:
12863

2022-05-18 20:13:27,080 [DEBUG] netort.process process.py:48	Process exit code: 0
2022-05-18 20:13:27,081 [DEBUG] root plugin.py:58	Result: (0, '12863\n', '')
2022-05-18 20:13:27,083 [DEBUG] yandextank.common.interfaces plugin.py:64	Disk free space: 12863/2048
2022-05-18 20:13:27,095 [DEBUG] yandextank.common.interfaces plugin.py:75	Memory free: 3092/512
2022-05-18 20:13:27,096 [DEBUG] yandextank.core.tankcore tankcore.py:253	Preparing <yandextank.plugins.DataUploader.plugin.Plugin object at 0x401937eb50>
2022-05-18 20:13:27,098 [WARNING] yandextank.plugins.DataUploader.plugin plugin.py:234	Failed to get info about ammo path
2022-05-18 20:13:27,101 [INFO] root plugin.py:523	Using OVERLOAD backend
2022-05-18 20:13:27,106 [DEBUG] yandextank.plugins.DataUploader.plugin plugin.py:618	Trying to read token from token.txt
2022-05-18 20:13:27,116 [INFO] yandextank.plugins.DataUploader.plugin plugin.py:624	Read authentication token from token.txt, token length is 32 bytes
2022-05-18 20:13:27,178 [INFO] yandextank.plugins.DataUploader.client client.py:59	Proxy not set
2022-05-18 20:13:27,181 [INFO] yandextank.plugins.DataUploader.plugin plugin.py:647	Detected target: 0.0.0.0:8080
2022-05-18 20:13:27,234 [DEBUG] yandextank.plugins.DataUploader.client client.py:336	Job create request: {'person': 'root', 'host': '0.0.0.0:8080', 'task': '', 'tank': 'a9aa5260bf5b', 'notify': [], 'loadscheme': [], 'detailed_time': None, 'port': '8080'}
2022-05-18 20:13:27,254 [DEBUG] urllib3.connectionpool connectionpool.py:813	Starting new HTTPS connection (1): overload.yandex.net:443
2022-05-18 20:13:27,860 [DEBUG] urllib3.connectionpool connectionpool.py:393	https://overload.yandex.net:443 "POST /api/job/create.json?api_token=4f2a42fb997146a394c06ccf2768f953 HTTP/1.1" 200 None
2022-05-18 20:13:27,890 [INFO] yandextank.plugins.DataUploader.plugin plugin.py:789	Job created: 522917
2022-05-18 20:13:27,894 [DEBUG] yandextank.plugins.DataUploader.client client.py:642	Sending configinitial config
2022-05-18 20:13:28,008 [DEBUG] urllib3.connectionpool connectionpool.py:393	https://overload.yandex.net:443 "POST /api/job/522917/configinitial.txt?api_token=4f2a42fb997146a394c06ccf2768f953 HTTP/1.1" 200 16
2022-05-18 20:13:28,023 [INFO] yandextank.plugins.DataUploader.plugin plugin.py:485	Locking targets: ['0.0.0.0:8080']
2022-05-18 20:13:28,034 [INFO] yandextank.plugins.DataUploader.plugin plugin.py:487	Locked targets: ['0.0.0.0:8080']
2022-05-18 20:13:28,056 [DEBUG] yandextank.common.interfaces interfaces.py:101	Publishing status: Plugin/job_no: 522917
2022-05-18 20:13:28,155 [DEBUG] urllib3.connectionpool connectionpool.py:393	https://overload.yandex.net:443 "POST /api/job/522917/edit.json?api_token=4f2a42fb997146a394c06ccf2768f953 HTTP/1.1" 200 19
2022-05-18 20:13:28,162 [DEBUG] yandextank.core.tankcore tankcore.py:391	Searching for plugin: <class 'yandextank.plugins.Console.plugin.Plugin'>
2022-05-18 20:13:28,164 [DEBUG] yandextank.plugins.DataUploader.client client.py:642	Sending configinitial config
2022-05-18 20:13:28,264 [DEBUG] urllib3.connectionpool connectionpool.py:393	https://overload.yandex.net:443 "POST /api/job/522917/configinitial.txt?api_token=4f2a42fb997146a394c06ccf2768f953 HTTP/1.1" 200 16
2022-05-18 20:13:28,281 [DEBUG] yandextank.plugins.DataUploader.client client.py:642	Sending configinfo config
2022-05-18 20:13:28,403 [DEBUG] urllib3.connectionpool connectionpool.py:393	https://overload.yandex.net:443 "POST /api/job/522917/configinfo.txt?api_token=4f2a42fb997146a394c06ccf2768f953 HTTP/1.1" 200 16
2022-05-18 20:13:28,411 [INFO] yandextank.core.tankcore tankcore.py:259	Starting test...
2022-05-18 20:13:28,421 [INFO] yandextank.aggregator.tank_aggregator tank_aggregator.py:63	using verbose histogram
2022-05-18 20:13:28,448 [DEBUG] yandextank.core.tankcore tankcore.py:263	Starting <yandextank.plugins.Pandora.plugin.Plugin object at 0x4019375890>
2022-05-18 20:13:28,451 [INFO] yandextank.plugins.Pandora.plugin plugin.py:183	Starting: ['/gun/gun', '-expvar', '/var/loadtest/logs/2022-05-18_20-13-24.076364/pandora_config_Oneo26.yaml']
2022-05-18 20:13:28,462 [DEBUG] urllib3.connectionpool connectionpool.py:205	Starting new HTTP connection (1): localhost:1234
2022-05-18 20:13:28,471 [DEBUG] yandextank.plugins.Pandora.reader reader.py:33	Pandora expvar http interface is unavailable
Traceback (most recent call last):
  File "/usr/local/lib/python2.7/dist-packages/yandextank/plugins/Pandora/reader.py", line 24, in run
    pandora_stat = requests.get("http://localhost:1234/debug/vars", timeout=0.9).json()
  File "/usr/local/lib/python2.7/dist-packages/requests/api.py", line 75, in get
    return request('get', url, params=params, **kwargs)
  File "/usr/local/lib/python2.7/dist-packages/requests/api.py", line 60, in request
    return session.request(method=method, url=url, **kwargs)
  File "/usr/local/lib/python2.7/dist-packages/requests/sessions.py", line 533, in request
    resp = self.send(prep, **send_kwargs)
  File "/usr/local/lib/python2.7/dist-packages/requests/sessions.py", line 646, in send
    r = adapter.send(request, **kwargs)
  File "/usr/local/lib/python2.7/dist-packages/requests/adapters.py", line 516, in send
    raise ConnectionError(e, request=request)
ConnectionError: HTTPConnectionPool(host='localhost', port=1234): Max retries exceeded with url: /debug/vars (Caused by NewConnectionError('<urllib3.connection.HTTPConnection object at 0x402235b190>: Failed to establish a new connection: [Errno 111] Connection refused',))
2022-05-18 20:13:28,478 [DEBUG] yandextank.core.tankcore tankcore.py:446	Adding artifact file to collect (keep=False): /var/loadtest/logs/2022-05-18_20-13-24.076364/pandora_QiR5xl.log
2022-05-18 20:13:28,952 [DEBUG] yandextank.plugins.Pandora.plugin plugin.py:196	Unable to start Pandora binary. Args: ['/gun/gun', '-expvar', '/var/loadtest/logs/2022-05-18_20-13-24.076364/pandora_config_Oneo26.yaml']
Traceback (most recent call last):
  File "/usr/local/lib/python2.7/dist-packages/yandextank/plugins/Pandora/plugin.py", line 193, in start_test
    close_fds=True)
  File "/usr/lib/python2.7/subprocess.py", line 711, in __init__
    errread, errwrite)
  File "/usr/lib/python2.7/subprocess.py", line 1343, in _execute_child
    raise child_exception
OSError: [Errno 2] No such file or directory
2022-05-18 20:13:28,956 [ERROR] root consoleworker.py:296	Test interrupted:
<type 'exceptions.RuntimeError'>: Unable to start Pandora binary and/or file does not exist: ['/gun/gun', '-expvar', '/var/loadtest/logs/2022-05-18_20-13-24.076364/pandora_config_Oneo26.yaml']
<traceback object at 0x403df9cbd8>
2022-05-18 20:13:28,959 [INFO] yandextank.core.tankcore tankcore.py:301	Finishing test...
2022-05-18 20:13:28,961 [INFO] yandextank.core.tankcore tankcore.py:303	Stopping load generator and aggregator
2022-05-18 20:13:28,966 [DEBUG] yandextank.plugins.Pandora.plugin plugin.py:225	Seems subprocess finished OK
2022-05-18 20:13:28,971 [DEBUG] yandextank.aggregator.tank_aggregator tank_aggregator.py:123	Closing stats reader
2022-05-18 20:13:29,087 [DEBUG] yandextank.aggregator.tank_aggregator tank_aggregator.py:126	Waiting for gun drain to finish
2022-05-18 20:13:29,462 [DEBUG] yandextank.aggregator.tank_aggregator tank_aggregator.py:128	Waiting for stats drain to finish
2022-05-18 20:13:29,472 [DEBUG] yandextank.aggregator.tank_aggregator tank_aggregator.py:130	Collecting remaining data
2022-05-18 20:13:29,476 [DEBUG] yandextank.aggregator.tank_aggregator tank_aggregator.py:87	Data timestamps: []
2022-05-18 20:13:29,479 [DEBUG] yandextank.aggregator.tank_aggregator tank_aggregator.py:88	Stats timestamps: []
2022-05-18 20:13:29,480 [DEBUG] yandextank.core.tankcore tankcore.py:305	RC after: 1
2022-05-18 20:13:29,482 [INFO] yandextank.core.tankcore tankcore.py:307	Stopping monitoring
2022-05-18 20:13:29,484 [DEBUG] yandextank.core.tankcore tankcore.py:315	Finalize <yandextank.plugins.JsonReport.plugin.Plugin object at 0x401937e590>
2022-05-18 20:13:29,486 [DEBUG] yandextank.core.tankcore tankcore.py:317	RC before: 1
2022-05-18 20:13:29,488 [DEBUG] yandextank.core.tankcore tankcore.py:319	RC after: 1
2022-05-18 20:13:29,490 [DEBUG] yandextank.core.tankcore tankcore.py:315	Finalize <yandextank.plugins.Autostop.plugin.Plugin object at 0x4019375cd0>
2022-05-18 20:13:29,492 [DEBUG] yandextank.core.tankcore tankcore.py:317	RC before: 1
2022-05-18 20:13:29,494 [DEBUG] yandextank.core.tankcore tankcore.py:319	RC after: 1
2022-05-18 20:13:29,496 [DEBUG] yandextank.core.tankcore tankcore.py:315	Finalize <yandextank.plugins.ShellExec.plugin.Plugin object at 0x40193753d0>
2022-05-18 20:13:29,497 [DEBUG] yandextank.core.tankcore tankcore.py:317	RC before: 1
2022-05-18 20:13:29,499 [DEBUG] yandextank.core.tankcore tankcore.py:319	RC after: 1
2022-05-18 20:13:29,501 [DEBUG] yandextank.core.tankcore tankcore.py:315	Finalize <yandextank.plugins.Console.plugin.Plugin object at 0x4019375950>
2022-05-18 20:13:29,503 [DEBUG] yandextank.core.tankcore tankcore.py:317	RC before: 1
2022-05-18 20:13:29,504 [DEBUG] yandextank.core.tankcore tankcore.py:319	RC after: 1
2022-05-18 20:13:29,506 [DEBUG] yandextank.core.tankcore tankcore.py:315	Finalize <yandextank.plugins.RCAssert.plugin.Plugin object at 0x4019375590>
2022-05-18 20:13:29,508 [DEBUG] yandextank.core.tankcore tankcore.py:317	RC before: 1
2022-05-18 20:13:29,510 [DEBUG] yandextank.core.tankcore tankcore.py:319	RC after: 1
2022-05-18 20:13:29,519 [DEBUG] yandextank.core.tankcore tankcore.py:315	Finalize <yandextank.plugins.ResourceCheck.plugin.Plugin object at 0x4019366e90>
2022-05-18 20:13:29,521 [DEBUG] yandextank.core.tankcore tankcore.py:317	RC before: 1
2022-05-18 20:13:29,522 [DEBUG] yandextank.core.tankcore tankcore.py:319	RC after: 1
2022-05-18 20:13:29,524 [DEBUG] yandextank.core.tankcore tankcore.py:315	Finalize <yandextank.plugins.DataUploader.plugin.Plugin object at 0x401937eb50>
2022-05-18 20:13:29,525 [DEBUG] yandextank.core.tankcore tankcore.py:317	RC before: 1
2022-05-18 20:13:29,526 [DEBUG] yandextank.plugins.DataUploader.client client.py:642	Sending configinitial config
2022-05-18 20:13:29,643 [DEBUG] urllib3.connectionpool connectionpool.py:393	https://overload.yandex.net:443 "POST /api/job/522917/configinitial.txt?api_token=4f2a42fb997146a394c06ccf2768f953 HTTP/1.1" 200 16
2022-05-18 20:13:29,650 [DEBUG] yandextank.plugins.DataUploader.client client.py:642	Sending configinfo config
2022-05-18 20:13:29,859 [DEBUG] urllib3.connectionpool connectionpool.py:393	https://overload.yandex.net:443 "POST /api/job/522917/configinfo.txt?api_token=4f2a42fb997146a394c06ccf2768f953 HTTP/1.1" 200 16
2022-05-18 20:13:29,871 [INFO] yandextank.plugins.DataUploader.plugin plugin.py:478	Unlocking targets: ['0.0.0.0:8080']
2022-05-18 20:13:29,876 [INFO] yandextank.plugins.DataUploader.plugin plugin.py:480	0.0.0.0:8080
2022-05-18 20:13:29,880 [DEBUG] yandextank.core.tankcore tankcore.py:319	RC after: 1
2022-05-18 20:13:29,882 [INFO] yandextank.core.tankcore tankcore.py:330	Post-processing test...
2022-05-18 20:13:29,883 [DEBUG] yandextank.core.tankcore tankcore.py:333	Post-process <yandextank.plugins.Pandora.plugin.Plugin object at 0x4019375890>
2022-05-18 20:13:29,885 [DEBUG] yandextank.core.tankcore tankcore.py:335	RC before: 1
2022-05-18 20:13:29,886 [DEBUG] yandextank.core.tankcore tankcore.py:337	RC after: 1
2022-05-18 20:13:29,887 [DEBUG] yandextank.core.tankcore tankcore.py:333	Post-process <yandextank.plugins.JsonReport.plugin.Plugin object at 0x401937e590>
2022-05-18 20:13:29,888 [DEBUG] yandextank.core.tankcore tankcore.py:335	RC before: 1
2022-05-18 20:13:29,889 [DEBUG] yandextank.core.tankcore tankcore.py:337	RC after: 1
2022-05-18 20:13:29,891 [DEBUG] yandextank.core.tankcore tankcore.py:333	Post-process <yandextank.plugins.Autostop.plugin.Plugin object at 0x4019375cd0>
2022-05-18 20:13:29,892 [DEBUG] yandextank.core.tankcore tankcore.py:335	RC before: 1
2022-05-18 20:13:29,893 [DEBUG] yandextank.core.tankcore tankcore.py:337	RC after: 1
2022-05-18 20:13:29,894 [DEBUG] yandextank.core.tankcore tankcore.py:333	Post-process <yandextank.plugins.ShellExec.plugin.Plugin object at 0x40193753d0>
2022-05-18 20:13:29,895 [DEBUG] yandextank.core.tankcore tankcore.py:335	RC before: 1
2022-05-18 20:13:29,896 [DEBUG] yandextank.core.tankcore tankcore.py:337	RC after: 1
2022-05-18 20:13:29,897 [DEBUG] yandextank.core.tankcore tankcore.py:333	Post-process <yandextank.plugins.Console.plugin.Plugin object at 0x4019375950>
2022-05-18 20:13:29,898 [DEBUG] yandextank.core.tankcore tankcore.py:335	RC before: 1
2022-05-18 20:13:29,899 [DEBUG] yandextank.core.tankcore tankcore.py:337	RC after: 1
2022-05-18 20:13:29,900 [DEBUG] yandextank.core.tankcore tankcore.py:333	Post-process <yandextank.plugins.RCAssert.plugin.Plugin object at 0x4019375590>
2022-05-18 20:13:29,901 [DEBUG] yandextank.core.tankcore tankcore.py:335	RC before: 1
2022-05-18 20:13:29,902 [DEBUG] yandextank.core.tankcore tankcore.py:337	RC after: 1
2022-05-18 20:13:29,904 [DEBUG] yandextank.core.tankcore tankcore.py:333	Post-process <yandextank.plugins.ResourceCheck.plugin.Plugin object at 0x4019366e90>
2022-05-18 20:13:29,905 [DEBUG] yandextank.core.tankcore tankcore.py:335	RC before: 1
2022-05-18 20:13:29,908 [DEBUG] yandextank.core.tankcore tankcore.py:337	RC after: 1
2022-05-18 20:13:29,908 [DEBUG] yandextank.core.tankcore tankcore.py:333	Post-process <yandextank.plugins.DataUploader.plugin.Plugin object at 0x401937eb50>
2022-05-18 20:13:29,911 [DEBUG] yandextank.core.tankcore tankcore.py:335	RC before: 1
2022-05-18 20:13:29,913 [INFO] yandextank.plugins.DataUploader.plugin plugin.py:350	Waiting for sender threads to join.
2022-05-18 20:13:29,914 [INFO] yandextank.plugins.DataUploader.plugin plugin.py:357	Web link: None
2022-05-18 20:13:29,915 [DEBUG] yandextank.core.tankcore tankcore.py:391	Searching for plugin: <class 'yandextank.plugins.Autostop.plugin.Plugin'>
2022-05-18 20:13:29,916 [DEBUG] yandextank.plugins.DataUploader.plugin plugin.py:376	No autostop cause detected
2022-05-18 20:13:29,918 [DEBUG] yandextank.plugins.DataUploader.client client.py:642	Sending configinitial config
2022-05-18 20:13:30,088 [DEBUG] urllib3.connectionpool connectionpool.py:393	https://overload.yandex.net:443 "POST /api/job/522917/configinitial.txt?api_token=4f2a42fb997146a394c06ccf2768f953 HTTP/1.1" 200 16
2022-05-18 20:13:30,096 [DEBUG] yandextank.plugins.DataUploader.client client.py:642	Sending configinfo config
2022-05-18 20:13:30,338 [DEBUG] urllib3.connectionpool connectionpool.py:393	https://overload.yandex.net:443 "POST /api/job/522917/configinfo.txt?api_token=4f2a42fb997146a394c06ccf2768f953 HTTP/1.1" 200 16
2022-05-18 20:13:30,348 [DEBUG] yandextank.core.tankcore tankcore.py:337	RC after: 1
2022-05-18 20:13:30,352 [INFO] root consoleworker.py:269	Trying to clean up
2022-05-18 20:13:30,357 [INFO] yandextank.core.tankcore tankcore.py:526	Cleaning up plugin plugin_pandora
2022-05-18 20:13:30,360 [INFO] yandextank.core.tankcore tankcore.py:526	Cleaning up plugin plugin_json_report
2022-05-18 20:13:30,365 [INFO] yandextank.core.tankcore tankcore.py:526	Cleaning up plugin plugin_autostop
2022-05-18 20:13:30,372 [INFO] yandextank.core.tankcore tankcore.py:526	Cleaning up plugin plugin_shellexec
2022-05-18 20:13:30,374 [INFO] yandextank.core.tankcore tankcore.py:526	Cleaning up plugin plugin_console
2022-05-18 20:13:30,376 [INFO] yandextank.core.tankcore tankcore.py:526	Cleaning up plugin plugin_rcassert
2022-05-18 20:13:30,380 [INFO] yandextank.core.tankcore tankcore.py:526	Cleaning up plugin plugin_rcheck
2022-05-18 20:13:30,382 [INFO] yandextank.core.tankcore tankcore.py:526	Cleaning up plugin plugin_overload
2022-05-18 20:13:30,691 [DEBUG] urllib3.connectionpool connectionpool.py:393	https://overload.yandex.net:443 "GET /api/job/522917/close.json?exitcode=1&api_token=4f2a42fb997146a394c06ccf2768f953 HTTP/1.1" 200 16
2022-05-18 20:13:30,705 [INFO] yandextank.plugins.DataUploader.plugin plugin.py:478	Unlocking targets: ['0.0.0.0:8080']
2022-05-18 20:13:30,709 [INFO] yandextank.plugins.DataUploader.plugin plugin.py:480	0.0.0.0:8080
2022-05-18 20:13:30,713 [INFO] yandextank.core.tankcore tankcore.py:561	Releasing lock: /var/lock/lunapark_xXHGPK.lock
2022-05-18 20:13:30,729 [DEBUG] yandextank.core.tankcore tankcore.py:367	Collecting artifacts
2022-05-18 20:13:30,732 [INFO] yandextank.core.tankcore tankcore.py:368	Artifacts dir: /var/loadtest/logs/2022-05-18_20-13-24.076364
2022-05-18 20:13:30,735 [DEBUG] yandextank.core.tankcore tankcore.py:422	Collecting file: ./phout.log to /var/loadtest/logs/2022-05-18_20-13-24.076364/phout.log
2022-05-18 20:13:30,754 [DEBUG] yandextank.core.tankcore tankcore.py:422	Collecting file: /var/loadtest/logs/2022-05-18_20-13-24.076364/pandora_config_Oneo26.yaml to /var/loadtest/logs/2022-05-18_20-13-24.076364/pandora_config_Oneo26.yaml
2022-05-18 20:13:30,757 [WARNING] yandextank.core.tankcore tankcore.py:429	File already exists: /var/loadtest/logs/2022-05-18_20-13-24.076364/pandora_config_Oneo26.yaml
2022-05-18 20:13:30,759 [DEBUG] yandextank.core.tankcore tankcore.py:422	Collecting file: validation_error.yaml to /var/loadtest/logs/2022-05-18_20-13-24.076364/validation_error.yaml
2022-05-18 20:13:30,767 [WARNING] yandextank.core.tankcore tankcore.py:424	File not found to collect: validation_error.yaml
2022-05-18 20:13:30,775 [DEBUG] yandextank.core.tankcore tankcore.py:422	Collecting file: /var/loadtest/logs/2022-05-18_20-13-24.076364/pandora_QiR5xl.log to /var/loadtest/logs/2022-05-18_20-13-24.076364/pandora_QiR5xl.log
2022-05-18 20:13:30,780 [WARNING] yandextank.core.tankcore tankcore.py:429	File already exists: /var/loadtest/logs/2022-05-18_20-13-24.076364/pandora_QiR5xl.log
