-expvar flag is DEPRECATED. Use monitoring config section instead
2022-05-21T13:09:37.111Z	INFO	cli/cli.go:217	Reading config	{"file": "/var/loadtest/logs/2022-05-21_13-09-33.517422/pandora_config_90cywF.yaml"}
2022-05-21T13:09:37.180Z	INFO	engine/engine.go:140	Pool run started	{"pool": "HTTP pool"}
state:"ok"
state:"ok"
2022-05-21T13:09:38.177Z	INFO	cli/expvar.go:40	[ENGINE] 2 resp/s; 2 req/s; 10 users; 0 active

state:"ok"
state:"ok"
2022-05-21T13:09:39.172Z	INFO	cli/expvar.go:40	[ENGINE] 2 resp/s; 3 req/s; 10 users; 1 active

state:"ok"
state:"ok"
state:"ok"
state:"ok"
2022-05-21T13:09:40.177Z	INFO	cli/expvar.go:40	[ENGINE] 4 resp/s; 3 req/s; 10 users; 0 active

state:"ok"
state:"ok"
state:"ok"
state:"ok"
state:"ok"
2022-05-21T13:09:41.174Z	INFO	cli/expvar.go:40	[ENGINE] 5 resp/s; 5 req/s; 10 users; 0 active

state:"ok"
state:"ok"
state:"ok"
state:"ok"
state:"ok"
2022-05-21T13:09:42.174Z	INFO	cli/expvar.go:40	[ENGINE] 5 resp/s; 6 req/s; 10 users; 1 active

state:"ok"
state:"ok"
state:"ok"
state:"ok"
state:"ok"
state:"ok"
state:"ok"
2022-05-21T13:09:43.172Z	INFO	cli/expvar.go:40	[ENGINE] 7 resp/s; 7 req/s; 10 users; 1 active

state:"ok"
state:"ok"
state:"ok"
state:"ok"
state:"ok"
state:"ok"
state:"ok"
state:"ok"
state:"ok"
2022-05-21T13:09:44.179Z	INFO	cli/expvar.go:40	[ENGINE] 8 resp/s; 8 req/s; 10 users; 1 active

state:"ok"
state:"ok"
state:"ok"
state:"ok"
state:"ok"
state:"ok"
state:"ok"
state:"ok"
state:"ok"
2022-05-21T13:09:45.173Z	INFO	cli/expvar.go:40	[ENGINE] 10 resp/s; 9 req/s; 10 users; 0 active

state:"ok"
state:"ok"
state:"ok"
state:"ok"
state:"ok"
state:"ok"
state:"ok"
state:"ok"
state:"ok"
state:"ok"
2022-05-21T13:09:46.161Z	INFO	cli/expvar.go:40	[ENGINE] 10 resp/s; 11 req/s; 10 users; 1 active

state:"ok"
state:"ok"
state:"ok"
state:"ok"
state:"ok"
state:"ok"
state:"ok"
state:"ok"
state:"ok"
state:"ok"
state:"ok"
2022-05-21T13:09:47.159Z	INFO	cli/expvar.go:40	[ENGINE] 11 resp/s; 11 req/s; 10 users; 1 active

state:"ok"
state:"ok"
state:"ok"
state:"ok"
state:"ok"
state:"ok"
state:"ok"
state:"ok"
state:"ok"
state:"ok"
state:"ok"
state:"ok"
state:"ok"
2022-05-21T13:09:48.161Z	INFO	cli/expvar.go:40	[ENGINE] 13 resp/s; 13 req/s; 10 users; 1 active

state:"ok"
state:"ok"
state:"ok"
state:"ok"
state:"ok"
state:"ok"
state:"ok"
state:"ok"
state:"ok"
state:"ok"
state:"ok"
state:"ok"
state:"ok"
2022-05-21T13:09:49.161Z	INFO	cli/expvar.go:40	[ENGINE] 13 resp/s; 13 req/s; 10 users; 1 active

state:"ok"
state:"ok"
state:"ok"
state:"ok"
state:"ok"
state:"ok"
state:"ok"
state:"ok"
state:"ok"
state:"ok"
state:"ok"
state:"ok"
state:"ok"
state:"ok"
state:"ok"
2022-05-21T13:09:50.160Z	INFO	cli/expvar.go:40	[ENGINE] 15 resp/s; 15 req/s; 10 users; 1 active

state:"ok"
state:"ok"
state:"ok"
state:"ok"
state:"ok"
state:"ok"
state:"ok"
state:"ok"
state:"ok"
state:"ok"
state:"ok"
state:"ok"
state:"ok"
state:"ok"
state:"ok"
state:"ok"
2022-05-21T13:09:51.160Z	INFO	cli/expvar.go:40	[ENGINE] 16 resp/s; 16 req/s; 10 users; 1 active

state:"ok"
state:"ok"
state:"ok"
state:"ok"
state:"ok"
state:"ok"
state:"ok"
state:"ok"
state:"ok"
state:"ok"
state:"ok"
state:"ok"
state:"ok"
state:"ok"
state:"ok"
state:"ok"
2022-05-21T13:09:52.159Z	INFO	cli/expvar.go:40	[ENGINE] 16 resp/s; 17 req/s; 10 users; 2 active

state:"ok"
state:"ok"
state:"ok"
state:"ok"
state:"ok"
state:"ok"
state:"ok"
state:"ok"
state:"ok"
state:"ok"
state:"ok"
state:"ok"
state:"ok"
state:"ok"
state:"ok"
state:"ok"
state:"ok"
state:"ok"
2022-05-21T13:09:53.160Z	INFO	cli/expvar.go:40	[ENGINE] 18 resp/s; 18 req/s; 10 users; 2 active

state:"ok"
state:"ok"
state:"ok"
state:"ok"
state:"ok"
state:"ok"
state:"ok"
state:"ok"
state:"ok"
state:"ok"
state:"ok"
state:"ok"
state:"ok"
state:"ok"
state:"ok"
state:"ok"
state:"ok"
state:"ok"
state:"ok"
state:"ok"
2022-05-21T13:09:54.161Z	INFO	cli/expvar.go:40	[ENGINE] 20 resp/s; 19 req/s; 10 users; 1 active

state:"ok"
state:"ok"
state:"ok"
state:"ok"
state:"ok"
state:"ok"
state:"ok"
state:"ok"
state:"ok"
state:"ok"
state:"ok"
state:"ok"
state:"ok"
state:"ok"
state:"ok"
state:"ok"
state:"ok"
state:"ok"
state:"ok"
state:"ok"
2022-05-21T13:09:55.159Z	INFO	cli/expvar.go:40	[ENGINE] 20 resp/s; 21 req/s; 10 users; 2 active

state:"ok"
state:"ok"
state:"ok"
state:"ok"
state:"ok"
state:"ok"
state:"ok"
state:"ok"
state:"ok"
state:"ok"
state:"ok"
state:"ok"
state:"ok"
state:"ok"
state:"ok"
state:"ok"
state:"ok"
state:"ok"
state:"ok"
state:"ok"
state:"ok"
2022-05-21T13:09:56.160Z	INFO	cli/expvar.go:40	[ENGINE] 21 resp/s; 21 req/s; 10 users; 2 active

state:"ok"
state:"ok"
state:"ok"
state:"ok"
state:"ok"
state:"ok"
state:"ok"
state:"ok"
state:"ok"
state:"ok"
state:"ok"
state:"ok"
state:"ok"
state:"ok"
state:"ok"
state:"ok"
state:"ok"
state:"ok"
state:"ok"
state:"ok"
state:"ok"
state:"ok"
state:"ok"
2022-05-21T13:09:57.159Z	INFO	cli/expvar.go:40	[ENGINE] 23 resp/s; 23 req/s; 10 users; 2 active

state:"ok"
state:"ok"
state:"ok"
state:"ok"
state:"ok"
state:"ok"
state:"ok"
state:"ok"
state:"ok"
state:"ok"
state:"ok"
state:"ok"
state:"ok"
state:"ok"
state:"ok"
state:"ok"
state:"ok"
state:"ok"
state:"ok"
state:"ok"
state:"ok"
state:"ok"
state:"ok"
2022-05-21T13:09:58.160Z	INFO	cli/expvar.go:40	[ENGINE] 23 resp/s; 23 req/s; 10 users; 2 active

state:"ok"
state:"ok"
state:"ok"
state:"ok"
state:"ok"
state:"ok"
state:"ok"
state:"ok"
state:"ok"
state:"ok"
state:"ok"
state:"ok"
state:"ok"
state:"ok"
state:"ok"
state:"ok"
state:"ok"
state:"ok"
state:"ok"
state:"ok"
state:"ok"
state:"ok"
state:"ok"
state:"ok"
state:"ok"
2022-05-21T13:09:59.161Z	INFO	cli/expvar.go:40	[ENGINE] 25 resp/s; 25 req/s; 10 users; 2 active

state:"ok"
state:"ok"
state:"ok"
state:"ok"
state:"ok"
state:"ok"
state:"ok"
state:"ok"
state:"ok"
state:"ok"
state:"ok"
state:"ok"
state:"ok"
state:"ok"
state:"ok"
state:"ok"
state:"ok"
state:"ok"
state:"ok"
state:"ok"
state:"ok"
state:"ok"
state:"ok"
2022-05-21T13:10:00.160Z	INFO	cli/expvar.go:40	[ENGINE] 23 resp/s; 26 req/s; 10 users; 5 active

state:"ok"
state:"ok"
state:"ok"
state:"ok"
state:"ok"
state:"ok"
state:"ok"
state:"ok"
state:"ok"
state:"ok"
state:"ok"
state:"ok"
state:"ok"
state:"ok"
state:"ok"
state:"ok"
state:"ok"
state:"ok"
state:"ok"
state:"ok"
state:"ok"
state:"ok"
state:"ok"
state:"ok"
state:"ok"
state:"ok"
state:"ok"
state:"ok"
state:"ok"
2022-05-21T13:10:01.159Z	INFO	cli/expvar.go:40	[ENGINE] 29 resp/s; 27 req/s; 10 users; 3 active

state:"ok"
state:"ok"
state:"ok"
state:"ok"
state:"ok"
state:"ok"
state:"ok"
state:"ok"
state:"ok"
state:"ok"
state:"ok"
state:"ok"
state:"ok"
state:"ok"
state:"ok"
state:"ok"
state:"ok"
state:"ok"
state:"ok"
state:"ok"
state:"ok"
state:"ok"
state:"ok"
state:"ok"
state:"ok"
state:"ok"
state:"ok"
state:"ok"
2022-05-21T13:10:02.160Z	INFO	cli/expvar.go:40	[ENGINE] 28 resp/s; 28 req/s; 10 users; 3 active

state:"ok"
state:"ok"
state:"ok"
state:"ok"
state:"ok"
state:"ok"
state:"ok"
state:"ok"
state:"ok"
state:"ok"
state:"ok"
state:"ok"
state:"ok"
state:"ok"
state:"ok"
state:"ok"
state:"ok"
state:"ok"
state:"ok"
state:"ok"
state:"ok"
state:"ok"
state:"ok"
state:"ok"
state:"ok"
state:"ok"
state:"ok"
state:"ok"
state:"ok"
2022-05-21T13:10:03.160Z	INFO	cli/expvar.go:40	[ENGINE] 29 resp/s; 29 req/s; 10 users; 3 active

state:"ok"
state:"ok"
state:"ok"
state:"ok"
state:"ok"
state:"ok"
state:"ok"
state:"ok"
state:"ok"
state:"ok"
state:"ok"
state:"ok"
state:"ok"
state:"ok"
state:"ok"
state:"ok"
state:"ok"
state:"ok"
state:"ok"
state:"ok"
state:"ok"
state:"ok"
state:"ok"
state:"ok"
state:"ok"
state:"ok"
state:"ok"
state:"ok"
state:"ok"
state:"ok"
2022-05-21T13:10:04.160Z	INFO	cli/expvar.go:40	[ENGINE] 30 resp/s; 30 req/s; 10 users; 3 active

state:"ok"
state:"ok"
state:"ok"
state:"ok"
state:"ok"
state:"ok"
state:"ok"
state:"ok"
state:"ok"
state:"ok"
state:"ok"
state:"ok"
state:"ok"
state:"ok"
state:"ok"
state:"ok"
state:"ok"
state:"ok"
state:"ok"
state:"ok"
state:"ok"
state:"ok"
state:"ok"
state:"ok"
state:"ok"
state:"ok"
state:"ok"
state:"ok"
state:"ok"
state:"ok"
state:"ok"
state:"ok"
2022-05-21T13:10:05.159Z	INFO	cli/expvar.go:40	[ENGINE] 32 resp/s; 31 req/s; 10 users; 2 active

state:"ok"
state:"ok"
state:"ok"
state:"ok"
state:"ok"
state:"ok"
state:"ok"
state:"ok"
state:"ok"
state:"ok"
state:"ok"
state:"ok"
state:"ok"
state:"ok"
state:"ok"
state:"ok"
state:"ok"
state:"ok"
state:"ok"
state:"ok"
state:"ok"
state:"ok"
state:"ok"
state:"ok"
state:"ok"
state:"ok"
state:"ok"
state:"ok"
state:"ok"
state:"ok"
state:"ok"
state:"ok"
2022-05-21T13:10:06.159Z	INFO	cli/expvar.go:40	[ENGINE] 32 resp/s; 33 req/s; 10 users; 3 active

state:"ok"
state:"ok"
state:"ok"
state:"ok"
state:"ok"
state:"ok"
state:"ok"
state:"ok"
state:"ok"
state:"ok"
state:"ok"
state:"ok"
state:"ok"
state:"ok"
state:"ok"
state:"ok"
state:"ok"
state:"ok"
state:"ok"
state:"ok"
state:"ok"
state:"ok"
state:"ok"
state:"ok"
state:"ok"
state:"ok"
state:"ok"
state:"ok"
state:"ok"
state:"ok"
state:"ok"
state:"ok"
state:"ok"
state:"ok"
2022-05-21T13:10:07.164Z	INFO	cli/expvar.go:40	[ENGINE] 34 resp/s; 33 req/s; 10 users; 2 active

state:"ok"
state:"ok"
state:"ok"
state:"ok"
state:"ok"
state:"ok"
state:"ok"
state:"ok"
state:"ok"
state:"ok"
state:"ok"
state:"ok"
state:"ok"
state:"ok"
state:"ok"
state:"ok"
state:"ok"
state:"ok"
state:"ok"
state:"ok"
state:"ok"
state:"ok"
state:"ok"
state:"ok"
state:"ok"
state:"ok"
state:"ok"
state:"ok"
state:"ok"
state:"ok"
state:"ok"
state:"ok"
state:"ok"
state:"ok"
2022-05-21T13:10:08.160Z	INFO	cli/expvar.go:40	[ENGINE] 34 resp/s; 35 req/s; 10 users; 3 active

state:"ok"
state:"ok"
state:"ok"
state:"ok"
state:"ok"
state:"ok"
state:"ok"
state:"ok"
state:"ok"
state:"ok"
state:"ok"
state:"ok"
state:"ok"
state:"ok"
state:"ok"
state:"ok"
state:"ok"
state:"ok"
state:"ok"
state:"ok"
state:"ok"
state:"ok"
state:"ok"
state:"ok"
state:"ok"
state:"ok"
state:"ok"
state:"ok"
state:"ok"
state:"ok"
state:"ok"
state:"ok"
state:"ok"
state:"ok"
state:"ok"
state:"ok"
2022-05-21T13:10:09.159Z	INFO	cli/expvar.go:40	[ENGINE] 36 resp/s; 36 req/s; 10 users; 3 active

state:"ok"
state:"ok"
state:"ok"
state:"ok"
state:"ok"
state:"ok"
state:"ok"
state:"ok"
state:"ok"
state:"ok"
state:"ok"
state:"ok"
state:"ok"
state:"ok"
state:"ok"
state:"ok"
state:"ok"
state:"ok"
state:"ok"
state:"ok"
state:"ok"
state:"ok"
state:"ok"
state:"ok"
state:"ok"
state:"ok"
state:"ok"
state:"ok"
state:"ok"
state:"ok"
state:"ok"
state:"ok"
state:"ok"
state:"ok"
state:"ok"
state:"ok"
state:"ok"
2022-05-21T13:10:10.160Z	INFO	cli/expvar.go:40	[ENGINE] 37 resp/s; 37 req/s; 10 users; 3 active

state:"ok"
state:"ok"
state:"ok"
state:"ok"
state:"ok"
state:"ok"
state:"ok"
state:"ok"
state:"ok"
state:"ok"
state:"ok"
state:"ok"
state:"ok"
state:"ok"
state:"ok"
state:"ok"
state:"ok"
state:"ok"
state:"ok"
state:"ok"
state:"ok"
state:"ok"
state:"ok"
state:"ok"
state:"ok"
state:"ok"
state:"ok"
state:"ok"
state:"ok"
state:"ok"
state:"ok"
state:"ok"
state:"ok"
state:"ok"
state:"ok"
state:"ok"
state:"ok"
state:"ok"
2022-05-21T13:10:11.160Z	INFO	cli/expvar.go:40	[ENGINE] 37 resp/s; 38 req/s; 10 users; 4 active

state:"ok"
state:"ok"
state:"ok"
state:"ok"
state:"ok"
state:"ok"
state:"ok"
state:"ok"
state:"ok"
state:"ok"
state:"ok"
state:"ok"
state:"ok"
state:"ok"
state:"ok"
state:"ok"
state:"ok"
state:"ok"
state:"ok"
state:"ok"
state:"ok"
state:"ok"
state:"ok"
state:"ok"
state:"ok"
state:"ok"
state:"ok"
state:"ok"
state:"ok"
state:"ok"
state:"ok"
state:"ok"
state:"ok"
state:"ok"
state:"ok"
state:"ok"
state:"ok"
state:"ok"
state:"ok"
2022-05-21T13:10:12.160Z	INFO	cli/expvar.go:40	[ENGINE] 40 resp/s; 39 req/s; 10 users; 3 active

state:"ok"
state:"ok"
state:"ok"
state:"ok"
state:"ok"
state:"ok"
state:"ok"
state:"ok"
state:"ok"
state:"ok"
state:"ok"
state:"ok"
state:"ok"
state:"ok"
state:"ok"
state:"ok"
state:"ok"
state:"ok"
state:"ok"
state:"ok"
state:"ok"
state:"ok"
state:"ok"
state:"ok"
state:"ok"
state:"ok"
state:"ok"
state:"ok"
state:"ok"
state:"ok"
state:"ok"
state:"ok"
state:"ok"
state:"ok"
state:"ok"
state:"ok"
state:"ok"
state:"ok"
state:"ok"
2022-05-21T13:10:13.160Z	INFO	cli/expvar.go:40	[ENGINE] 39 resp/s; 40 req/s; 10 users; 4 active

state:"ok"
state:"ok"
state:"ok"
state:"ok"
state:"ok"
state:"ok"
state:"ok"
state:"ok"
state:"ok"
state:"ok"
state:"ok"
state:"ok"
state:"ok"
state:"ok"
state:"ok"
state:"ok"
state:"ok"
state:"ok"
state:"ok"
state:"ok"
state:"ok"
state:"ok"
state:"ok"
state:"ok"
state:"ok"
state:"ok"
state:"ok"
state:"ok"
state:"ok"
state:"ok"
state:"ok"
state:"ok"
state:"ok"
state:"ok"
state:"ok"
state:"ok"
state:"ok"
state:"ok"
state:"ok"
state:"ok"
state:"ok"
state:"ok"
2022-05-21T13:10:14.162Z	INFO	cli/expvar.go:40	[ENGINE] 41 resp/s; 41 req/s; 10 users; 4 active

state:"ok"
state:"ok"
state:"ok"
state:"ok"
state:"ok"
state:"ok"
state:"ok"
state:"ok"
state:"ok"
state:"ok"
state:"ok"
state:"ok"
state:"ok"
state:"ok"
state:"ok"
state:"ok"
state:"ok"
state:"ok"
state:"ok"
state:"ok"
state:"ok"
state:"ok"
state:"ok"
state:"ok"
state:"ok"
state:"ok"
state:"ok"
state:"ok"
state:"ok"
state:"ok"
state:"ok"
state:"ok"
state:"ok"
state:"ok"
state:"ok"
state:"ok"
state:"ok"
state:"ok"
state:"ok"
state:"ok"
state:"ok"
state:"ok"
2022-05-21T13:10:15.160Z	INFO	cli/expvar.go:40	[ENGINE] 43 resp/s; 43 req/s; 10 users; 4 active

state:"ok"
state:"ok"
state:"ok"
state:"ok"
state:"ok"
state:"ok"
state:"ok"
state:"ok"
state:"ok"
state:"ok"
state:"ok"
state:"ok"
state:"ok"
state:"ok"
state:"ok"
state:"ok"
state:"ok"
state:"ok"
state:"ok"
state:"ok"
state:"ok"
state:"ok"
state:"ok"
state:"ok"
state:"ok"
state:"ok"
state:"ok"
state:"ok"
state:"ok"
state:"ok"
state:"ok"
state:"ok"
state:"ok"
state:"ok"
state:"ok"
state:"ok"
state:"ok"
state:"ok"
state:"ok"
state:"ok"
state:"ok"
state:"ok"
state:"ok"
state:"ok"
2022-05-21T13:10:16.159Z	INFO	cli/expvar.go:40	[ENGINE] 43 resp/s; 43 req/s; 10 users; 4 active

state:"ok"
state:"ok"
state:"ok"
state:"ok"
state:"ok"
state:"ok"
state:"ok"
state:"ok"
state:"ok"
state:"ok"
state:"ok"
state:"ok"
state:"ok"
state:"ok"
state:"ok"
state:"ok"
state:"ok"
state:"ok"
state:"ok"
state:"ok"
state:"ok"
state:"ok"
state:"ok"
state:"ok"
state:"ok"
state:"ok"
state:"ok"
state:"ok"
state:"ok"
state:"ok"
state:"ok"
state:"ok"
state:"ok"
state:"ok"
state:"ok"
state:"ok"
state:"ok"
state:"ok"
state:"ok"
state:"ok"
state:"ok"
state:"ok"
state:"ok"
state:"ok"
2022-05-21T13:10:17.159Z	INFO	cli/expvar.go:40	[ENGINE] 45 resp/s; 45 req/s; 10 users; 4 active

state:"ok"
state:"ok"
state:"ok"
state:"ok"
state:"ok"
state:"ok"
state:"ok"
state:"ok"
state:"ok"
state:"ok"
state:"ok"
state:"ok"
state:"ok"
state:"ok"
state:"ok"
state:"ok"
state:"ok"
state:"ok"
state:"ok"
state:"ok"
state:"ok"
state:"ok"
state:"ok"
state:"ok"
state:"ok"
state:"ok"
state:"ok"
state:"ok"
state:"ok"
state:"ok"
state:"ok"
state:"ok"
state:"ok"
state:"ok"
state:"ok"
state:"ok"
state:"ok"
state:"ok"
state:"ok"
state:"ok"
state:"ok"
state:"ok"
state:"ok"
state:"ok"
state:"ok"
state:"ok"
2022-05-21T13:10:18.159Z	INFO	cli/expvar.go:40	[ENGINE] 46 resp/s; 46 req/s; 10 users; 4 active

state:"ok"
state:"ok"
state:"ok"
state:"ok"
state:"ok"
state:"ok"
state:"ok"
state:"ok"
state:"ok"
state:"ok"
state:"ok"
state:"ok"
state:"ok"
state:"ok"
state:"ok"
state:"ok"
state:"ok"
state:"ok"
state:"ok"
state:"ok"
state:"ok"
state:"ok"
state:"ok"
state:"ok"
state:"ok"
state:"ok"
state:"ok"
state:"ok"
state:"ok"
state:"ok"
state:"ok"
state:"ok"
state:"ok"
state:"ok"
state:"ok"
state:"ok"
state:"ok"
state:"ok"
state:"ok"
state:"ok"
state:"ok"
state:"ok"
state:"ok"
state:"ok"
state:"ok"
state:"ok"
2022-05-21T13:10:19.158Z	INFO	cli/expvar.go:40	[ENGINE] 46 resp/s; 46 req/s; 10 users; 4 active

state:"ok"
state:"ok"
state:"ok"
state:"ok"
state:"ok"
state:"ok"
state:"ok"
state:"ok"
state:"ok"
state:"ok"
state:"ok"
state:"ok"
state:"ok"
state:"ok"
state:"ok"
state:"ok"
state:"ok"
state:"ok"
state:"ok"
state:"ok"
state:"ok"
state:"ok"
state:"ok"
state:"ok"
state:"ok"
state:"ok"
state:"ok"
state:"ok"
state:"ok"
state:"ok"
state:"ok"
state:"ok"
state:"ok"
state:"ok"
state:"ok"
state:"ok"
state:"ok"
state:"ok"
state:"ok"
state:"ok"
state:"ok"
state:"ok"
state:"ok"
state:"ok"
state:"ok"
state:"ok"
state:"ok"
state:"ok"
2022-05-21T13:10:20.159Z	INFO	cli/expvar.go:40	[ENGINE] 48 resp/s; 48 req/s; 10 users; 4 active

state:"ok"
state:"ok"
state:"ok"
state:"ok"
state:"ok"
state:"ok"
state:"ok"
state:"ok"
state:"ok"
state:"ok"
state:"ok"
state:"ok"
state:"ok"
state:"ok"
state:"ok"
state:"ok"
state:"ok"
state:"ok"
state:"ok"
state:"ok"
state:"ok"
state:"ok"
state:"ok"
state:"ok"
state:"ok"
state:"ok"
state:"ok"
state:"ok"
state:"ok"
state:"ok"
state:"ok"
state:"ok"
state:"ok"
state:"ok"
state:"ok"
state:"ok"
state:"ok"
state:"ok"
state:"ok"
state:"ok"
state:"ok"
state:"ok"
state:"ok"
state:"ok"
state:"ok"
state:"ok"
state:"ok"
state:"ok"
state:"ok"
2022-05-21T13:10:21.160Z	INFO	cli/expvar.go:40	[ENGINE] 49 resp/s; 49 req/s; 10 users; 4 active

state:"ok"
state:"ok"
state:"ok"
state:"ok"
state:"ok"
state:"ok"
state:"ok"
state:"ok"
state:"ok"
state:"ok"
state:"ok"
state:"ok"
state:"ok"
state:"ok"
state:"ok"
state:"ok"
state:"ok"
state:"ok"
state:"ok"
state:"ok"
state:"ok"
state:"ok"
state:"ok"
state:"ok"
state:"ok"
state:"ok"
state:"ok"
state:"ok"
state:"ok"
state:"ok"
state:"ok"
state:"ok"
state:"ok"
state:"ok"
state:"ok"
state:"ok"
state:"ok"
state:"ok"
state:"ok"
state:"ok"
state:"ok"
state:"ok"
state:"ok"
state:"ok"
state:"ok"
state:"ok"
state:"ok"
state:"ok"
state:"ok"
state:"ok"
state:"ok"
2022-05-21T13:10:22.158Z	INFO	cli/expvar.go:40	[ENGINE] 51 resp/s; 51 req/s; 10 users; 4 active

state:"ok"
state:"ok"
state:"ok"
state:"ok"
state:"ok"
state:"ok"
state:"ok"
state:"ok"
state:"ok"
state:"ok"
state:"ok"
state:"ok"
state:"ok"
state:"ok"
state:"ok"
state:"ok"
state:"ok"
state:"ok"
state:"ok"
state:"ok"
state:"ok"
state:"ok"
state:"ok"
state:"ok"
state:"ok"
state:"ok"
state:"ok"
state:"ok"
state:"ok"
state:"ok"
state:"ok"
state:"ok"
state:"ok"
state:"ok"
state:"ok"
state:"ok"
state:"ok"
state:"ok"
state:"ok"
state:"ok"
state:"ok"
state:"ok"
state:"ok"
state:"ok"
state:"ok"
state:"ok"
state:"ok"
state:"ok"
state:"ok"
state:"ok"
2022-05-21T13:10:23.158Z	INFO	cli/expvar.go:40	[ENGINE] 50 resp/s; 51 req/s; 10 users; 5 active

state:"ok"
state:"ok"
state:"ok"
state:"ok"
state:"ok"
state:"ok"
state:"ok"
state:"ok"
state:"ok"
state:"ok"
state:"ok"
state:"ok"
state:"ok"
state:"ok"
state:"ok"
state:"ok"
state:"ok"
state:"ok"
state:"ok"
state:"ok"
state:"ok"
state:"ok"
state:"ok"
state:"ok"
state:"ok"
state:"ok"
state:"ok"
state:"ok"
state:"ok"
state:"ok"
state:"ok"
state:"ok"
state:"ok"
state:"ok"
state:"ok"
state:"ok"
state:"ok"
state:"ok"
state:"ok"
state:"ok"
state:"ok"
state:"ok"
state:"ok"
state:"ok"
state:"ok"
state:"ok"
state:"ok"
state:"ok"
state:"ok"
state:"ok"
state:"ok"
state:"ok"
2022-05-21T13:10:24.159Z	INFO	cli/expvar.go:40	[ENGINE] 52 resp/s; 52 req/s; 10 users; 5 active

state:"ok"
state:"ok"
state:"ok"
state:"ok"
state:"ok"
state:"ok"
state:"ok"
state:"ok"
state:"ok"
state:"ok"
state:"ok"
state:"ok"
state:"ok"
state:"ok"
state:"ok"
state:"ok"
state:"ok"
state:"ok"
state:"ok"
state:"ok"
state:"ok"
state:"ok"
state:"ok"
state:"ok"
state:"ok"
state:"ok"
state:"ok"
state:"ok"
state:"ok"
state:"ok"
state:"ok"
state:"ok"
state:"ok"
state:"ok"
state:"ok"
state:"ok"
state:"ok"
state:"ok"
state:"ok"
state:"ok"
state:"ok"
state:"ok"
state:"ok"
state:"ok"
state:"ok"
state:"ok"
state:"ok"
state:"ok"
state:"ok"
state:"ok"
state:"ok"
state:"ok"
2022-05-21T13:10:25.158Z	INFO	cli/expvar.go:40	[ENGINE] 52 resp/s; 54 req/s; 10 users; 7 active

state:"ok"
state:"ok"
state:"ok"
state:"ok"
state:"ok"
state:"ok"
state:"ok"
state:"ok"
state:"ok"
state:"ok"
state:"ok"
state:"ok"
state:"ok"
state:"ok"
state:"ok"
state:"ok"
state:"ok"
state:"ok"
state:"ok"
state:"ok"
state:"ok"
state:"ok"
state:"ok"
state:"ok"
state:"ok"
state:"ok"
state:"ok"
state:"ok"
state:"ok"
state:"ok"
state:"ok"
state:"ok"
state:"ok"
state:"ok"
state:"ok"
state:"ok"
state:"ok"
state:"ok"
state:"ok"
state:"ok"
state:"ok"
state:"ok"
state:"ok"
state:"ok"
state:"ok"
state:"ok"
state:"ok"
state:"ok"
state:"ok"
state:"ok"
state:"ok"
state:"ok"
state:"ok"
state:"ok"
state:"ok"
state:"ok"
state:"ok"
2022-05-21T13:10:26.159Z	INFO	cli/expvar.go:40	[ENGINE] 57 resp/s; 54 req/s; 10 users; 4 active

state:"ok"
state:"ok"
state:"ok"
state:"ok"
state:"ok"
state:"ok"
state:"ok"
state:"ok"
state:"ok"
state:"ok"
state:"ok"
state:"ok"
state:"ok"
state:"ok"
state:"ok"
state:"ok"
state:"ok"
state:"ok"
state:"ok"
state:"ok"
state:"ok"
state:"ok"
state:"ok"
state:"ok"
state:"ok"
state:"ok"
state:"ok"
state:"ok"
state:"ok"
state:"ok"
state:"ok"
state:"ok"
state:"ok"
state:"ok"
state:"ok"
state:"ok"
state:"ok"
state:"ok"
state:"ok"
state:"ok"
state:"ok"
state:"ok"
state:"ok"
state:"ok"
state:"ok"
state:"ok"
state:"ok"
state:"ok"
state:"ok"
state:"ok"
state:"ok"
state:"ok"
state:"ok"
state:"ok"
state:"ok"
2022-05-21T13:10:27.159Z	INFO	cli/expvar.go:40	[ENGINE] 55 resp/s; 56 req/s; 10 users; 5 active

state:"ok"
state:"ok"
state:"ok"
state:"ok"
state:"ok"
state:"ok"
state:"ok"
state:"ok"
state:"ok"
state:"ok"
state:"ok"
state:"ok"
state:"ok"
state:"ok"
state:"ok"
state:"ok"
state:"ok"
state:"ok"
state:"ok"
state:"ok"
state:"ok"
state:"ok"
state:"ok"
state:"ok"
state:"ok"
state:"ok"
state:"ok"
state:"ok"
state:"ok"
state:"ok"
state:"ok"
state:"ok"
state:"ok"
state:"ok"
state:"ok"
state:"ok"
state:"ok"
state:"ok"
state:"ok"
state:"ok"
state:"ok"
state:"ok"
state:"ok"
state:"ok"
state:"ok"
state:"ok"
state:"ok"
state:"ok"
state:"ok"
state:"ok"
state:"ok"
state:"ok"
state:"ok"
state:"ok"
state:"ok"
state:"ok"
state:"ok"
2022-05-21T13:10:28.159Z	INFO	cli/expvar.go:40	[ENGINE] 57 resp/s; 57 req/s; 10 users; 5 active

state:"ok"
state:"ok"
state:"ok"
state:"ok"
state:"ok"
state:"ok"
state:"ok"
state:"ok"
state:"ok"
state:"ok"
state:"ok"
state:"ok"
state:"ok"
state:"ok"
state:"ok"
state:"ok"
state:"ok"
state:"ok"
state:"ok"
state:"ok"
state:"ok"
state:"ok"
state:"ok"
state:"ok"
state:"ok"
state:"ok"
state:"ok"
state:"ok"
state:"ok"
state:"ok"
state:"ok"
state:"ok"
state:"ok"
state:"ok"
state:"ok"
state:"ok"
state:"ok"
state:"ok"
state:"ok"
state:"ok"
state:"ok"
state:"ok"
state:"ok"
state:"ok"
state:"ok"
state:"ok"
state:"ok"
state:"ok"
state:"ok"
state:"ok"
state:"ok"
state:"ok"
state:"ok"
state:"ok"
state:"ok"
state:"ok"
state:"ok"
2022-05-21T13:10:29.159Z	INFO	cli/expvar.go:40	[ENGINE] 57 resp/s; 58 req/s; 10 users; 6 active

state:"ok"
state:"ok"
state:"ok"
state:"ok"
state:"ok"
state:"ok"
state:"ok"
state:"ok"
state:"ok"
state:"ok"
state:"ok"
state:"ok"
state:"ok"
state:"ok"
state:"ok"
state:"ok"
state:"ok"
state:"ok"
state:"ok"
state:"ok"
state:"ok"
state:"ok"
state:"ok"
state:"ok"
state:"ok"
state:"ok"
state:"ok"
state:"ok"
state:"ok"
state:"ok"
state:"ok"
state:"ok"
state:"ok"
state:"ok"
state:"ok"
state:"ok"
state:"ok"
state:"ok"
state:"ok"
state:"ok"
state:"ok"
state:"ok"
state:"ok"
state:"ok"
state:"ok"
state:"ok"
state:"ok"
state:"ok"
state:"ok"
state:"ok"
state:"ok"
state:"ok"
state:"ok"
state:"ok"
state:"ok"
state:"ok"
state:"ok"
state:"ok"
state:"ok"
state:"ok"
2022-05-21T13:10:30.158Z	INFO	cli/expvar.go:40	[ENGINE] 60 resp/s; 59 req/s; 10 users; 5 active

state:"ok"
state:"ok"
state:"ok"
state:"ok"
state:"ok"
state:"ok"
state:"ok"
state:"ok"
state:"ok"
state:"ok"
state:"ok"
state:"ok"
state:"ok"
state:"ok"
state:"ok"
state:"ok"
state:"ok"
state:"ok"
state:"ok"
state:"ok"
state:"ok"
state:"ok"
state:"ok"
state:"ok"
state:"ok"
state:"ok"
state:"ok"
state:"ok"
state:"ok"
state:"ok"
state:"ok"
state:"ok"
state:"ok"
state:"ok"
state:"ok"
state:"ok"
state:"ok"
state:"ok"
state:"ok"
state:"ok"
state:"ok"
state:"ok"
state:"ok"
state:"ok"
state:"ok"
state:"ok"
state:"ok"
state:"ok"
state:"ok"
state:"ok"
state:"ok"
state:"ok"
state:"ok"
state:"ok"
state:"ok"
state:"ok"
state:"ok"
state:"ok"
state:"ok"
2022-05-21T13:10:31.158Z	INFO	cli/expvar.go:40	[ENGINE] 59 resp/s; 60 req/s; 10 users; 6 active

state:"ok"
state:"ok"
state:"ok"
state:"ok"
state:"ok"
state:"ok"
state:"ok"
state:"ok"
state:"ok"
state:"ok"
state:"ok"
state:"ok"
state:"ok"
state:"ok"
state:"ok"
state:"ok"
state:"ok"
state:"ok"
state:"ok"
state:"ok"
state:"ok"
state:"ok"
state:"ok"
state:"ok"
state:"ok"
state:"ok"
state:"ok"
state:"ok"
state:"ok"
state:"ok"
state:"ok"
state:"ok"
state:"ok"
state:"ok"
state:"ok"
state:"ok"
state:"ok"
state:"ok"
state:"ok"
state:"ok"
state:"ok"
state:"ok"
state:"ok"
state:"ok"
state:"ok"
state:"ok"
state:"ok"
state:"ok"
state:"ok"
state:"ok"
state:"ok"
state:"ok"
state:"ok"
state:"ok"
state:"ok"
state:"ok"
state:"ok"
state:"ok"
state:"ok"
state:"ok"
state:"ok"
state:"ok"
2022-05-21T13:10:32.158Z	INFO	cli/expvar.go:40	[ENGINE] 61 resp/s; 61 req/s; 10 users; 6 active

state:"ok"
state:"ok"
state:"ok"
state:"ok"
state:"ok"
state:"ok"
state:"ok"
state:"ok"
state:"ok"
state:"ok"
state:"ok"
state:"ok"
state:"ok"
state:"ok"
state:"ok"
state:"ok"
state:"ok"
state:"ok"
state:"ok"
state:"ok"
state:"ok"
state:"ok"
state:"ok"
state:"ok"
state:"ok"
state:"ok"
state:"ok"
state:"ok"
state:"ok"
state:"ok"
state:"ok"
state:"ok"
state:"ok"
state:"ok"
state:"ok"
state:"ok"
state:"ok"
state:"ok"
state:"ok"
state:"ok"
state:"ok"
state:"ok"
state:"ok"
state:"ok"
state:"ok"
state:"ok"
state:"ok"
state:"ok"
state:"ok"
state:"ok"
state:"ok"
state:"ok"
state:"ok"
state:"ok"
state:"ok"
state:"ok"
state:"ok"
state:"ok"
state:"ok"
state:"ok"
state:"ok"
state:"ok"
2022-05-21T13:10:33.158Z	INFO	cli/expvar.go:40	[ENGINE] 63 resp/s; 62 req/s; 10 users; 5 active

state:"ok"
state:"ok"
state:"ok"
state:"ok"
state:"ok"
state:"ok"
state:"ok"
state:"ok"
state:"ok"
state:"ok"
state:"ok"
state:"ok"
state:"ok"
state:"ok"
state:"ok"
state:"ok"
state:"ok"
state:"ok"
state:"ok"
state:"ok"
state:"ok"
state:"ok"
state:"ok"
state:"ok"
state:"ok"
state:"ok"
state:"ok"
state:"ok"
state:"ok"
state:"ok"
state:"ok"
state:"ok"
state:"ok"
state:"ok"
state:"ok"
state:"ok"
state:"ok"
state:"ok"
state:"ok"
state:"ok"
state:"ok"
state:"ok"
state:"ok"
state:"ok"
state:"ok"
state:"ok"
state:"ok"
state:"ok"
state:"ok"
state:"ok"
state:"ok"
state:"ok"
state:"ok"
state:"ok"
state:"ok"
state:"ok"
state:"ok"
state:"ok"
state:"ok"
state:"ok"
state:"ok"
state:"ok"
state:"ok"
2022-05-21T13:10:34.158Z	INFO	cli/expvar.go:40	[ENGINE] 63 resp/s; 63 req/s; 10 users; 5 active

state:"ok"
state:"ok"
state:"ok"
state:"ok"
state:"ok"
state:"ok"
state:"ok"
state:"ok"
state:"ok"
state:"ok"
state:"ok"
state:"ok"
state:"ok"
state:"ok"
state:"ok"
state:"ok"
state:"ok"
state:"ok"
state:"ok"
state:"ok"
state:"ok"
state:"ok"
state:"ok"
state:"ok"
state:"ok"
state:"ok"
state:"ok"
state:"ok"
state:"ok"
state:"ok"
state:"ok"
state:"ok"
state:"ok"
state:"ok"
state:"ok"
state:"ok"
state:"ok"
state:"ok"
state:"ok"
state:"ok"
state:"ok"
state:"ok"
state:"ok"
state:"ok"
state:"ok"
state:"ok"
state:"ok"
state:"ok"
state:"ok"
state:"ok"
state:"ok"
state:"ok"
state:"ok"
state:"ok"
state:"ok"
state:"ok"
state:"ok"
state:"ok"
state:"ok"
state:"ok"
state:"ok"
state:"ok"
state:"ok"
state:"ok"
state:"ok"
2022-05-21T13:10:35.158Z	INFO	cli/expvar.go:40	[ENGINE] 65 resp/s; 65 req/s; 10 users; 5 active

state:"ok"
state:"ok"
state:"ok"
state:"ok"
state:"ok"
state:"ok"
state:"ok"
state:"ok"
state:"ok"
state:"ok"
state:"ok"
state:"ok"
state:"ok"
state:"ok"
state:"ok"
state:"ok"
state:"ok"
state:"ok"
state:"ok"
state:"ok"
state:"ok"
state:"ok"
state:"ok"
state:"ok"
state:"ok"
state:"ok"
state:"ok"
state:"ok"
state:"ok"
state:"ok"
state:"ok"
state:"ok"
state:"ok"
state:"ok"
state:"ok"
state:"ok"
state:"ok"
state:"ok"
state:"ok"
state:"ok"
state:"ok"
state:"ok"
state:"ok"
state:"ok"
state:"ok"
state:"ok"
state:"ok"
state:"ok"
state:"ok"
state:"ok"
state:"ok"
state:"ok"
state:"ok"
state:"ok"
state:"ok"
state:"ok"
state:"ok"
state:"ok"
state:"ok"
state:"ok"
state:"ok"
state:"ok"
state:"ok"
state:"ok"
2022-05-21T13:10:36.159Z	INFO	cli/expvar.go:40	[ENGINE] 64 resp/s; 66 req/s; 10 users; 7 active

state:"ok"
state:"ok"
state:"ok"
state:"ok"
state:"ok"
state:"ok"
state:"ok"
state:"ok"
state:"ok"
state:"ok"
state:"ok"
state:"ok"
state:"ok"
state:"ok"
state:"ok"
state:"ok"
state:"ok"
state:"ok"
state:"ok"
state:"ok"
state:"ok"
state:"ok"
state:"ok"
state:"ok"
state:"ok"
state:"ok"
state:"ok"
state:"ok"
state:"ok"
state:"ok"
state:"ok"
state:"ok"
state:"ok"
state:"ok"
state:"ok"
state:"ok"
state:"ok"
state:"ok"
state:"ok"
state:"ok"
state:"ok"
state:"ok"
state:"ok"
state:"ok"
state:"ok"
state:"ok"
state:"ok"
state:"ok"
state:"ok"
state:"ok"
state:"ok"
state:"ok"
state:"ok"
state:"ok"
state:"ok"
state:"ok"
state:"ok"
state:"ok"
state:"ok"
state:"ok"
state:"ok"
state:"ok"
state:"ok"
state:"ok"
state:"ok"
state:"ok"
state:"ok"
2022-05-21T13:10:37.159Z	INFO	cli/expvar.go:40	[ENGINE] 67 resp/s; 66 req/s; 10 users; 6 active

state:"ok"
state:"ok"
state:"ok"
state:"ok"
state:"ok"
state:"ok"
state:"ok"
state:"ok"
state:"ok"
state:"ok"
state:"ok"
state:"ok"
state:"ok"
state:"ok"
state:"ok"
state:"ok"
state:"ok"
state:"ok"
state:"ok"
state:"ok"
state:"ok"
state:"ok"
state:"ok"
state:"ok"
state:"ok"
state:"ok"
state:"ok"
state:"ok"
state:"ok"
state:"ok"
state:"ok"
state:"ok"
state:"ok"
state:"ok"
state:"ok"
state:"ok"
state:"ok"
state:"ok"
state:"ok"
state:"ok"
state:"ok"
state:"ok"
state:"ok"
state:"ok"
state:"ok"
state:"ok"
state:"ok"
state:"ok"
state:"ok"
state:"ok"
state:"ok"
state:"ok"
state:"ok"
state:"ok"
state:"ok"
state:"ok"
state:"ok"
state:"ok"
state:"ok"
state:"ok"
state:"ok"
state:"ok"
state:"ok"
state:"ok"
state:"ok"
state:"ok"
state:"ok"
state:"ok"
2022-05-21T13:10:38.158Z	INFO	cli/expvar.go:40	[ENGINE] 68 resp/s; 68 req/s; 10 users; 6 active

state:"ok"
state:"ok"
state:"ok"
state:"ok"
state:"ok"
state:"ok"
state:"ok"
state:"ok"
state:"ok"
state:"ok"
state:"ok"
state:"ok"
state:"ok"
state:"ok"
state:"ok"
state:"ok"
state:"ok"
state:"ok"
state:"ok"
state:"ok"
state:"ok"
state:"ok"
state:"ok"
state:"ok"
state:"ok"
state:"ok"
state:"ok"
state:"ok"
state:"ok"
state:"ok"
state:"ok"
state:"ok"
state:"ok"
state:"ok"
state:"ok"
state:"ok"
state:"ok"
state:"ok"
state:"ok"
state:"ok"
state:"ok"
state:"ok"
state:"ok"
state:"ok"
state:"ok"
state:"ok"
state:"ok"
state:"ok"
state:"ok"
state:"ok"
state:"ok"
state:"ok"
state:"ok"
state:"ok"
state:"ok"
state:"ok"
state:"ok"
state:"ok"
state:"ok"
state:"ok"
state:"ok"
state:"ok"
state:"ok"
state:"ok"
state:"ok"
state:"ok"
state:"ok"
state:"ok"
state:"ok"
state:"ok"
2022-05-21T13:10:39.158Z	INFO	cli/expvar.go:40	[ENGINE] 69 resp/s; 69 req/s; 10 users; 6 active

state:"ok"
state:"ok"
state:"ok"
state:"ok"
state:"ok"
state:"ok"
state:"ok"
state:"ok"
state:"ok"
state:"ok"
state:"ok"
state:"ok"
state:"ok"
state:"ok"
state:"ok"
state:"ok"
state:"ok"
state:"ok"
state:"ok"
state:"ok"
state:"ok"
state:"ok"
state:"ok"
state:"ok"
state:"ok"
state:"ok"
state:"ok"
state:"ok"
state:"ok"
state:"ok"
state:"ok"
state:"ok"
state:"ok"
state:"ok"
state:"ok"
state:"ok"
state:"ok"
state:"ok"
state:"ok"
state:"ok"
state:"ok"
state:"ok"
state:"ok"
state:"ok"
state:"ok"
state:"ok"
state:"ok"
state:"ok"
state:"ok"
state:"ok"
state:"ok"
state:"ok"
state:"ok"
state:"ok"
state:"ok"
state:"ok"
state:"ok"
state:"ok"
state:"ok"
state:"ok"
state:"ok"
state:"ok"
state:"ok"
state:"ok"
state:"ok"
state:"ok"
state:"ok"
state:"ok"
state:"ok"
2022-05-21T13:10:40.159Z	INFO	cli/expvar.go:40	[ENGINE] 70 resp/s; 70 req/s; 10 users; 6 active

state:"ok"
state:"ok"
state:"ok"
state:"ok"
state:"ok"
state:"ok"
state:"ok"
state:"ok"
state:"ok"
state:"ok"
state:"ok"
state:"ok"
state:"ok"
state:"ok"
state:"ok"
state:"ok"
state:"ok"
state:"ok"
state:"ok"
state:"ok"
state:"ok"
state:"ok"
state:"ok"
state:"ok"
state:"ok"
state:"ok"
state:"ok"
state:"ok"
state:"ok"
state:"ok"
state:"ok"
state:"ok"
state:"ok"
state:"ok"
state:"ok"
state:"ok"
state:"ok"
state:"ok"
state:"ok"
state:"ok"
state:"ok"
state:"ok"
state:"ok"
state:"ok"
state:"ok"
state:"ok"
state:"ok"
state:"ok"
state:"ok"
state:"ok"
state:"ok"
state:"ok"
state:"ok"
state:"ok"
state:"ok"
state:"ok"
state:"ok"
state:"ok"
state:"ok"
state:"ok"
state:"ok"
state:"ok"
state:"ok"
state:"ok"
state:"ok"
state:"ok"
state:"ok"
state:"ok"
state:"ok"
state:"ok"
state:"ok"
2022-05-21T13:10:41.158Z	INFO	cli/expvar.go:40	[ENGINE] 71 resp/s; 71 req/s; 10 users; 6 active

state:"ok"
state:"ok"
state:"ok"
state:"ok"
state:"ok"
state:"ok"
state:"ok"
state:"ok"
state:"ok"
state:"ok"
state:"ok"
state:"ok"
state:"ok"
state:"ok"
state:"ok"
state:"ok"
state:"ok"
state:"ok"
state:"ok"
state:"ok"
state:"ok"
state:"ok"
state:"ok"
state:"ok"
state:"ok"
state:"ok"
state:"ok"
state:"ok"
state:"ok"
state:"ok"
state:"ok"
state:"ok"
state:"ok"
state:"ok"
state:"ok"
state:"ok"
state:"ok"
state:"ok"
state:"ok"
state:"ok"
state:"ok"
state:"ok"
state:"ok"
state:"ok"
state:"ok"
state:"ok"
state:"ok"
state:"ok"
state:"ok"
state:"ok"
state:"ok"
state:"ok"
state:"ok"
state:"ok"
state:"ok"
state:"ok"
state:"ok"
state:"ok"
state:"ok"
state:"ok"
state:"ok"
state:"ok"
state:"ok"
state:"ok"
state:"ok"
state:"ok"
state:"ok"
state:"ok"
state:"ok"
state:"ok"
state:"ok"
state:"ok"
2022-05-21T13:10:42.158Z	INFO	cli/expvar.go:40	[ENGINE] 72 resp/s; 73 req/s; 10 users; 7 active

state:"ok"
state:"ok"
state:"ok"
state:"ok"
state:"ok"
state:"ok"
state:"ok"
state:"ok"
state:"ok"
state:"ok"
state:"ok"
state:"ok"
state:"ok"
state:"ok"
state:"ok"
state:"ok"
state:"ok"
state:"ok"
state:"ok"
state:"ok"
state:"ok"
state:"ok"
state:"ok"
state:"ok"
state:"ok"
state:"ok"
state:"ok"
state:"ok"
state:"ok"
state:"ok"
state:"ok"
state:"ok"
state:"ok"
state:"ok"
state:"ok"
state:"ok"
state:"ok"
state:"ok"
state:"ok"
state:"ok"
state:"ok"
state:"ok"
state:"ok"
state:"ok"
state:"ok"
state:"ok"
state:"ok"
state:"ok"
state:"ok"
state:"ok"
state:"ok"
state:"ok"
state:"ok"
state:"ok"
state:"ok"
state:"ok"
state:"ok"
state:"ok"
state:"ok"
state:"ok"
state:"ok"
state:"ok"
state:"ok"
state:"ok"
state:"ok"
state:"ok"
state:"ok"
state:"ok"
state:"ok"
state:"ok"
state:"ok"
state:"ok"
state:"ok"
state:"ok"
2022-05-21T13:10:43.159Z	INFO	cli/expvar.go:40	[ENGINE] 74 resp/s; 73 req/s; 10 users; 6 active

state:"ok"
state:"ok"
state:"ok"
state:"ok"
state:"ok"
state:"ok"
state:"ok"
state:"ok"
state:"ok"
state:"ok"
state:"ok"
state:"ok"
state:"ok"
state:"ok"
state:"ok"
state:"ok"
state:"ok"
state:"ok"
state:"ok"
state:"ok"
state:"ok"
state:"ok"
state:"ok"
state:"ok"
state:"ok"
state:"ok"
state:"ok"
state:"ok"
state:"ok"
state:"ok"
state:"ok"
state:"ok"
state:"ok"
state:"ok"
state:"ok"
state:"ok"
state:"ok"
state:"ok"
state:"ok"
state:"ok"
state:"ok"
state:"ok"
state:"ok"
state:"ok"
state:"ok"
state:"ok"
state:"ok"
state:"ok"
state:"ok"
state:"ok"
state:"ok"
state:"ok"
state:"ok"
state:"ok"
state:"ok"
state:"ok"
state:"ok"
state:"ok"
state:"ok"
state:"ok"
state:"ok"
state:"ok"
state:"ok"
state:"ok"
state:"ok"
state:"ok"
state:"ok"
state:"ok"
state:"ok"
state:"ok"
state:"ok"
state:"ok"
state:"ok"
state:"ok"
2022-05-21T13:10:44.159Z	INFO	cli/expvar.go:40	[ENGINE] 74 resp/s; 75 req/s; 10 users; 7 active

state:"ok"
state:"ok"
state:"ok"
state:"ok"
state:"ok"
state:"ok"
state:"ok"
state:"ok"
state:"ok"
state:"ok"
state:"ok"
state:"ok"
state:"ok"
state:"ok"
state:"ok"
state:"ok"
state:"ok"
state:"ok"
state:"ok"
state:"ok"
state:"ok"
state:"ok"
state:"ok"
state:"ok"
state:"ok"
state:"ok"
state:"ok"
state:"ok"
state:"ok"
state:"ok"
state:"ok"
state:"ok"
state:"ok"
state:"ok"
state:"ok"
state:"ok"
state:"ok"
state:"ok"
state:"ok"
state:"ok"
state:"ok"
state:"ok"
state:"ok"
state:"ok"
state:"ok"
state:"ok"
state:"ok"
state:"ok"
state:"ok"
state:"ok"
state:"ok"
state:"ok"
state:"ok"
state:"ok"
state:"ok"
state:"ok"
state:"ok"
state:"ok"
state:"ok"
state:"ok"
state:"ok"
state:"ok"
state:"ok"
state:"ok"
state:"ok"
state:"ok"
state:"ok"
state:"ok"
state:"ok"
state:"ok"
state:"ok"
state:"ok"
state:"ok"
state:"ok"
state:"ok"
state:"ok"
2022-05-21T13:10:45.158Z	INFO	cli/expvar.go:40	[ENGINE] 76 resp/s; 75 req/s; 10 users; 6 active

state:"ok"
state:"ok"
state:"ok"
state:"ok"
state:"ok"
state:"ok"
state:"ok"
state:"ok"
state:"ok"
state:"ok"
state:"ok"
state:"ok"
state:"ok"
state:"ok"
state:"ok"
state:"ok"
state:"ok"
state:"ok"
state:"ok"
state:"ok"
state:"ok"
state:"ok"
state:"ok"
state:"ok"
state:"ok"
state:"ok"
state:"ok"
state:"ok"
state:"ok"
state:"ok"
state:"ok"
state:"ok"
state:"ok"
state:"ok"
state:"ok"
state:"ok"
state:"ok"
state:"ok"
state:"ok"
state:"ok"
state:"ok"
state:"ok"
state:"ok"
state:"ok"
state:"ok"
state:"ok"
state:"ok"
state:"ok"
state:"ok"
state:"ok"
state:"ok"
state:"ok"
state:"ok"
state:"ok"
state:"ok"
state:"ok"
state:"ok"
state:"ok"
state:"ok"
state:"ok"
state:"ok"
state:"ok"
state:"ok"
state:"ok"
state:"ok"
state:"ok"
state:"ok"
state:"ok"
state:"ok"
state:"ok"
state:"ok"
state:"ok"
state:"ok"
state:"ok"
state:"ok"
2022-05-21T13:10:46.158Z	INFO	cli/expvar.go:40	[ENGINE] 75 resp/s; 77 req/s; 10 users; 8 active

state:"ok"
state:"ok"
state:"ok"
state:"ok"
state:"ok"
state:"ok"
state:"ok"
state:"ok"
state:"ok"
state:"ok"
state:"ok"
state:"ok"
state:"ok"
state:"ok"
state:"ok"
state:"ok"
state:"ok"
state:"ok"
state:"ok"
state:"ok"
state:"ok"
state:"ok"
state:"ok"
state:"ok"
state:"ok"
state:"ok"
state:"ok"
state:"ok"
state:"ok"
state:"ok"
state:"ok"
state:"ok"
state:"ok"
state:"ok"
state:"ok"
state:"ok"
state:"ok"
state:"ok"
state:"ok"
state:"ok"
state:"ok"
state:"ok"
state:"ok"
state:"ok"
state:"ok"
state:"ok"
state:"ok"
state:"ok"
state:"ok"
state:"ok"
state:"ok"
state:"ok"
state:"ok"
state:"ok"
state:"ok"
state:"ok"
state:"ok"
state:"ok"
state:"ok"
state:"ok"
state:"ok"
state:"ok"
state:"ok"
state:"ok"
state:"ok"
state:"ok"
state:"ok"
state:"ok"
state:"ok"
state:"ok"
state:"ok"
state:"ok"
state:"ok"
state:"ok"
state:"ok"
state:"ok"
state:"ok"
state:"ok"
2022-05-21T13:10:47.159Z	INFO	cli/expvar.go:40	[ENGINE] 78 resp/s; 77 req/s; 10 users; 7 active

state:"ok"
state:"ok"
state:"ok"
state:"ok"
state:"ok"
state:"ok"
state:"ok"
state:"ok"
state:"ok"
state:"ok"
state:"ok"
state:"ok"
state:"ok"
state:"ok"
state:"ok"
state:"ok"
state:"ok"
state:"ok"
state:"ok"
state:"ok"
state:"ok"
state:"ok"
state:"ok"
state:"ok"
state:"ok"
state:"ok"
state:"ok"
state:"ok"
state:"ok"
state:"ok"
state:"ok"
state:"ok"
state:"ok"
state:"ok"
state:"ok"
state:"ok"
state:"ok"
state:"ok"
state:"ok"
state:"ok"
state:"ok"
state:"ok"
state:"ok"
state:"ok"
state:"ok"
state:"ok"
state:"ok"
state:"ok"
state:"ok"
state:"ok"
state:"ok"
state:"ok"
state:"ok"
state:"ok"
state:"ok"
state:"ok"
state:"ok"
state:"ok"
state:"ok"
state:"ok"
state:"ok"
state:"ok"
state:"ok"
state:"ok"
state:"ok"
state:"ok"
state:"ok"
state:"ok"
state:"ok"
state:"ok"
state:"ok"
state:"ok"
state:"ok"
state:"ok"
state:"ok"
state:"ok"
state:"ok"
state:"ok"
state:"ok"
state:"ok"
2022-05-21T13:10:48.159Z	INFO	cli/expvar.go:40	[ENGINE] 80 resp/s; 79 req/s; 10 users; 6 active

state:"ok"
state:"ok"
state:"ok"
state:"ok"
state:"ok"
state:"ok"
state:"ok"
state:"ok"
state:"ok"
state:"ok"
state:"ok"
state:"ok"
state:"ok"
state:"ok"
state:"ok"
state:"ok"
state:"ok"
state:"ok"
state:"ok"
state:"ok"
state:"ok"
state:"ok"
state:"ok"
state:"ok"
state:"ok"
state:"ok"
state:"ok"
state:"ok"
state:"ok"
state:"ok"
state:"ok"
state:"ok"
state:"ok"
state:"ok"
state:"ok"
state:"ok"
state:"ok"
state:"ok"
state:"ok"
state:"ok"
state:"ok"
state:"ok"
state:"ok"
state:"ok"
state:"ok"
state:"ok"
state:"ok"
state:"ok"
state:"ok"
state:"ok"
state:"ok"
state:"ok"
state:"ok"
state:"ok"
state:"ok"
state:"ok"
state:"ok"
state:"ok"
state:"ok"
state:"ok"
state:"ok"
state:"ok"
state:"ok"
state:"ok"
state:"ok"
state:"ok"
state:"ok"
state:"ok"
state:"ok"
state:"ok"
state:"ok"
state:"ok"
state:"ok"
state:"ok"
state:"ok"
state:"ok"
state:"ok"
state:"ok"
state:"ok"
2022-05-21T13:10:49.159Z	INFO	cli/expvar.go:40	[ENGINE] 79 resp/s; 80 req/s; 10 users; 7 active

state:"ok"
state:"ok"
state:"ok"
state:"ok"
state:"ok"
state:"ok"
state:"ok"
state:"ok"
state:"ok"
state:"ok"
state:"ok"
state:"ok"
state:"ok"
state:"ok"
state:"ok"
state:"ok"
state:"ok"
state:"ok"
state:"ok"
state:"ok"
state:"ok"
state:"ok"
state:"ok"
state:"ok"
state:"ok"
state:"ok"
state:"ok"
state:"ok"
state:"ok"
state:"ok"
state:"ok"
state:"ok"
state:"ok"
state:"ok"
state:"ok"
state:"ok"
state:"ok"
state:"ok"
state:"ok"
state:"ok"
state:"ok"
state:"ok"
state:"ok"
state:"ok"
state:"ok"
state:"ok"
state:"ok"
state:"ok"
state:"ok"
state:"ok"
state:"ok"
state:"ok"
state:"ok"
state:"ok"
state:"ok"
state:"ok"
state:"ok"
state:"ok"
state:"ok"
state:"ok"
state:"ok"
state:"ok"
state:"ok"
state:"ok"
state:"ok"
state:"ok"
state:"ok"
state:"ok"
state:"ok"
state:"ok"
state:"ok"
state:"ok"
state:"ok"
state:"ok"
state:"ok"
state:"ok"
state:"ok"
state:"ok"
state:"ok"
state:"ok"
state:"ok"
state:"ok"
2022-05-21T13:10:50.159Z	INFO	cli/expvar.go:40	[ENGINE] 82 resp/s; 81 req/s; 10 users; 6 active

state:"ok"
state:"ok"
state:"ok"
state:"ok"
state:"ok"
state:"ok"
state:"ok"
state:"ok"
state:"ok"
state:"ok"
state:"ok"
state:"ok"
state:"ok"
state:"ok"
state:"ok"
state:"ok"
state:"ok"
state:"ok"
state:"ok"
state:"ok"
state:"ok"
state:"ok"
state:"ok"
state:"ok"
state:"ok"
state:"ok"
state:"ok"
state:"ok"
state:"ok"
state:"ok"
state:"ok"
state:"ok"
state:"ok"
state:"ok"
state:"ok"
state:"ok"
state:"ok"
state:"ok"
state:"ok"
state:"ok"
state:"ok"
state:"ok"
state:"ok"
state:"ok"
state:"ok"
state:"ok"
state:"ok"
state:"ok"
state:"ok"
state:"ok"
state:"ok"
state:"ok"
state:"ok"
state:"ok"
state:"ok"
state:"ok"
state:"ok"
state:"ok"
state:"ok"
state:"ok"
state:"ok"
state:"ok"
state:"ok"
state:"ok"
state:"ok"
state:"ok"
state:"ok"
state:"ok"
state:"ok"
state:"ok"
state:"ok"
state:"ok"
state:"ok"
state:"ok"
state:"ok"
state:"ok"
state:"ok"
state:"ok"
state:"ok"
state:"ok"
2022-05-21T13:10:51.159Z	INFO	cli/expvar.go:40	[ENGINE] 79 resp/s; 83 req/s; 10 users; 10 active

state:"ok"
state:"ok"
state:"ok"
state:"ok"
state:"ok"
state:"ok"
state:"ok"
state:"ok"
state:"ok"
state:"ok"
state:"ok"
state:"ok"
state:"ok"
state:"ok"
state:"ok"
state:"ok"
state:"ok"
state:"ok"
state:"ok"
state:"ok"
state:"ok"
state:"ok"
state:"ok"
state:"ok"
state:"ok"
state:"ok"
state:"ok"
state:"ok"
state:"ok"
state:"ok"
state:"ok"
state:"ok"
state:"ok"
state:"ok"
state:"ok"
state:"ok"
state:"ok"
state:"ok"
state:"ok"
state:"ok"
state:"ok"
state:"ok"
state:"ok"
state:"ok"
state:"ok"
state:"ok"
state:"ok"
state:"ok"
state:"ok"
state:"ok"
state:"ok"
state:"ok"
state:"ok"
state:"ok"
state:"ok"
state:"ok"
state:"ok"
state:"ok"
state:"ok"
state:"ok"
state:"ok"
state:"ok"
state:"ok"
state:"ok"
state:"ok"
state:"ok"
state:"ok"
state:"ok"
state:"ok"
state:"ok"
state:"ok"
state:"ok"
state:"ok"
state:"ok"
state:"ok"
state:"ok"
state:"ok"
state:"ok"
state:"ok"
state:"ok"
state:"ok"
state:"ok"
state:"ok"
state:"ok"
2022-05-21T13:10:52.159Z	INFO	cli/expvar.go:40	[ENGINE] 85 resp/s; 83 req/s; 10 users; 8 active

state:"ok"
state:"ok"
state:"ok"
state:"ok"
state:"ok"
state:"ok"
state:"ok"
state:"ok"
state:"ok"
state:"ok"
state:"ok"
state:"ok"
state:"ok"
state:"ok"
state:"ok"
state:"ok"
state:"ok"
state:"ok"
state:"ok"
state:"ok"
state:"ok"
state:"ok"
state:"ok"
state:"ok"
state:"ok"
state:"ok"
state:"ok"
state:"ok"
state:"ok"
state:"ok"
state:"ok"
state:"ok"
state:"ok"
state:"ok"
state:"ok"
state:"ok"
state:"ok"
state:"ok"
state:"ok"
state:"ok"
state:"ok"
state:"ok"
state:"ok"
state:"ok"
state:"ok"
state:"ok"
state:"ok"
state:"ok"
state:"ok"
state:"ok"
state:"ok"
state:"ok"
state:"ok"
state:"ok"
state:"ok"
state:"ok"
state:"ok"
state:"ok"
state:"ok"
state:"ok"
state:"ok"
state:"ok"
state:"ok"
state:"ok"
state:"ok"
state:"ok"
state:"ok"
state:"ok"
state:"ok"
state:"ok"
state:"ok"
state:"ok"
state:"ok"
state:"ok"
state:"ok"
state:"ok"
state:"ok"
state:"ok"
state:"ok"
state:"ok"
state:"ok"
state:"ok"
state:"ok"
state:"ok"
state:"ok"
2022-05-21T13:10:53.159Z	INFO	cli/expvar.go:40	[ENGINE] 85 resp/s; 84 req/s; 10 users; 7 active

state:"ok"
state:"ok"
state:"ok"
state:"ok"
state:"ok"
state:"ok"
state:"ok"
state:"ok"
state:"ok"
state:"ok"
state:"ok"
state:"ok"
state:"ok"
state:"ok"
state:"ok"
state:"ok"
state:"ok"
state:"ok"
state:"ok"
state:"ok"
state:"ok"
state:"ok"
state:"ok"
state:"ok"
state:"ok"
state:"ok"
state:"ok"
state:"ok"
state:"ok"
state:"ok"
state:"ok"
state:"ok"
state:"ok"
state:"ok"
state:"ok"
state:"ok"
state:"ok"
state:"ok"
state:"ok"
state:"ok"
state:"ok"
state:"ok"
state:"ok"
state:"ok"
state:"ok"
state:"ok"
state:"ok"
state:"ok"
state:"ok"
state:"ok"
state:"ok"
state:"ok"
state:"ok"
state:"ok"
state:"ok"
state:"ok"
state:"ok"
state:"ok"
state:"ok"
state:"ok"
state:"ok"
state:"ok"
state:"ok"
state:"ok"
state:"ok"
state:"ok"
state:"ok"
state:"ok"
state:"ok"
state:"ok"
state:"ok"
state:"ok"
state:"ok"
state:"ok"
state:"ok"
state:"ok"
state:"ok"
state:"ok"
state:"ok"
state:"ok"
state:"ok"
state:"ok"
state:"ok"
state:"ok"
state:"ok"
state:"ok"
2022-05-21T13:10:54.159Z	INFO	cli/expvar.go:40	[ENGINE] 86 resp/s; 86 req/s; 10 users; 7 active

state:"ok"
state:"ok"
state:"ok"
state:"ok"
state:"ok"
state:"ok"
state:"ok"
state:"ok"
state:"ok"
state:"ok"
state:"ok"
state:"ok"
state:"ok"
state:"ok"
state:"ok"
state:"ok"
state:"ok"
state:"ok"
state:"ok"
state:"ok"
state:"ok"
state:"ok"
state:"ok"
state:"ok"
state:"ok"
state:"ok"
state:"ok"
state:"ok"
state:"ok"
state:"ok"
state:"ok"
state:"ok"
state:"ok"
state:"ok"
state:"ok"
state:"ok"
state:"ok"
state:"ok"
state:"ok"
state:"ok"
state:"ok"
state:"ok"
state:"ok"
state:"ok"
state:"ok"
state:"ok"
state:"ok"
state:"ok"
state:"ok"
state:"ok"
state:"ok"
state:"ok"
state:"ok"
state:"ok"
state:"ok"
state:"ok"
state:"ok"
state:"ok"
state:"ok"
state:"ok"
state:"ok"
state:"ok"
state:"ok"
state:"ok"
state:"ok"
state:"ok"
state:"ok"
state:"ok"
state:"ok"
state:"ok"
state:"ok"
state:"ok"
state:"ok"
state:"ok"
state:"ok"
state:"ok"
state:"ok"
state:"ok"
state:"ok"
state:"ok"
state:"ok"
2022-05-21T13:10:55.159Z	INFO	cli/expvar.go:40	[ENGINE] 81 resp/s; 84 req/s; 10 users; 10 active

state:"ok"
state:"ok"
state:"ok"
state:"ok"
state:"ok"
state:"ok"
state:"ok"
state:"ok"
state:"ok"
state:"ok"
state:"ok"
state:"ok"
state:"ok"
state:"ok"
state:"ok"
state:"ok"
state:"ok"
state:"ok"
state:"ok"
state:"ok"
state:"ok"
state:"ok"
state:"ok"
state:"ok"
state:"ok"
state:"ok"
state:"ok"
state:"ok"
state:"ok"
state:"ok"
state:"ok"
state:"ok"
state:"ok"
state:"ok"
state:"ok"
state:"ok"
state:"ok"
state:"ok"
state:"ok"
state:"ok"
state:"ok"
state:"ok"
state:"ok"
state:"ok"
state:"ok"
state:"ok"
state:"ok"
state:"ok"
state:"ok"
state:"ok"
state:"ok"
state:"ok"
state:"ok"
state:"ok"
state:"ok"
state:"ok"
state:"ok"
state:"ok"
state:"ok"
state:"ok"
state:"ok"
state:"ok"
state:"ok"
state:"ok"
state:"ok"
state:"ok"
state:"ok"
state:"ok"
state:"ok"
state:"ok"
state:"ok"
state:"ok"
state:"ok"
state:"ok"
state:"ok"
state:"ok"
state:"ok"
state:"ok"
state:"ok"
state:"ok"
state:"ok"
state:"ok"
state:"ok"
state:"ok"
state:"ok"
state:"ok"
state:"ok"
state:"ok"
state:"ok"
state:"ok"
state:"ok"
state:"ok"
2022-05-21T13:10:56.159Z	INFO	cli/expvar.go:40	[ENGINE] 92 resp/s; 90 req/s; 10 users; 8 active

state:"ok"
state:"ok"
state:"ok"
state:"ok"
state:"ok"
state:"ok"
state:"ok"
state:"ok"
state:"ok"
state:"ok"
state:"ok"
state:"ok"
state:"ok"
state:"ok"
state:"ok"
state:"ok"
state:"ok"
state:"ok"
state:"ok"
state:"ok"
state:"ok"
state:"ok"
state:"ok"
state:"ok"
state:"ok"
state:"ok"
state:"ok"
state:"ok"
state:"ok"
state:"ok"
state:"ok"
state:"ok"
state:"ok"
state:"ok"
state:"ok"
state:"ok"
state:"ok"
state:"ok"
state:"ok"
state:"ok"
state:"ok"
state:"ok"
state:"ok"
state:"ok"
state:"ok"
state:"ok"
state:"ok"
state:"ok"
state:"ok"
state:"ok"
state:"ok"
state:"ok"
state:"ok"
state:"ok"
state:"ok"
state:"ok"
state:"ok"
state:"ok"
state:"ok"
state:"ok"
state:"ok"
state:"ok"
state:"ok"
state:"ok"
state:"ok"
state:"ok"
state:"ok"
state:"ok"
state:"ok"
state:"ok"
state:"ok"
state:"ok"
state:"ok"
state:"ok"
state:"ok"
state:"ok"
state:"ok"
state:"ok"
state:"ok"
state:"ok"
state:"ok"
state:"ok"
state:"ok"
state:"ok"
state:"ok"
state:"ok"
state:"ok"
state:"ok"
state:"ok"
state:"ok"
2022-05-21T13:10:57.159Z	INFO	cli/expvar.go:40	[ENGINE] 90 resp/s; 89 req/s; 10 users; 7 active

state:"ok"
state:"ok"
state:"ok"
state:"ok"
state:"ok"
state:"ok"
state:"ok"
state:"ok"
state:"ok"
state:"ok"
state:"ok"
state:"ok"
state:"ok"
state:"ok"
state:"ok"
state:"ok"
state:"ok"
state:"ok"
state:"ok"
state:"ok"
state:"ok"
state:"ok"
state:"ok"
state:"ok"
state:"ok"
state:"ok"
state:"ok"
state:"ok"
state:"ok"
state:"ok"
state:"ok"
state:"ok"
state:"ok"
state:"ok"
state:"ok"
state:"ok"
state:"ok"
state:"ok"
state:"ok"
state:"ok"
state:"ok"
state:"ok"
state:"ok"
state:"ok"
state:"ok"
state:"ok"
state:"ok"
state:"ok"
state:"ok"
state:"ok"
state:"ok"
state:"ok"
state:"ok"
state:"ok"
state:"ok"
state:"ok"
state:"ok"
state:"ok"
state:"ok"
state:"ok"
state:"ok"
state:"ok"
state:"ok"
state:"ok"
state:"ok"
state:"ok"
state:"ok"
state:"ok"
state:"ok"
state:"ok"
state:"ok"
state:"ok"
state:"ok"
state:"ok"
state:"ok"
state:"ok"
state:"ok"
state:"ok"
state:"ok"
state:"ok"
state:"ok"
state:"ok"
state:"ok"
state:"ok"
state:"ok"
state:"ok"
state:"ok"
state:"ok"
2022-05-21T13:10:58.159Z	INFO	cli/expvar.go:40	[ENGINE] 88 resp/s; 90 req/s; 10 users; 9 active

state:"ok"
state:"ok"
state:"ok"
state:"ok"
state:"ok"
state:"ok"
state:"ok"
state:"ok"
state:"ok"
state:"ok"
state:"ok"
state:"ok"
state:"ok"
state:"ok"
state:"ok"
state:"ok"
state:"ok"
state:"ok"
state:"ok"
state:"ok"
state:"ok"
state:"ok"
state:"ok"
state:"ok"
state:"ok"
state:"ok"
state:"ok"
state:"ok"
state:"ok"
state:"ok"
state:"ok"
state:"ok"
state:"ok"
state:"ok"
state:"ok"
state:"ok"
state:"ok"
state:"ok"
state:"ok"
state:"ok"
state:"ok"
state:"ok"
state:"ok"
state:"ok"
state:"ok"
state:"ok"
state:"ok"
state:"ok"
state:"ok"
state:"ok"
state:"ok"
state:"ok"
state:"ok"
state:"ok"
state:"ok"
state:"ok"
state:"ok"
state:"ok"
state:"ok"
state:"ok"
state:"ok"
state:"ok"
state:"ok"
state:"ok"
state:"ok"
state:"ok"
state:"ok"
state:"ok"
state:"ok"
state:"ok"
state:"ok"
state:"ok"
state:"ok"
state:"ok"
state:"ok"
state:"ok"
state:"ok"
state:"ok"
state:"ok"
state:"ok"
state:"ok"
state:"ok"
state:"ok"
state:"ok"
state:"ok"
state:"ok"
state:"ok"
state:"ok"
state:"ok"
state:"ok"
state:"ok"
state:"ok"
2022-05-21T13:10:59.159Z	INFO	cli/expvar.go:40	[ENGINE] 92 resp/s; 91 req/s; 10 users; 8 active

state:"ok"
state:"ok"
state:"ok"
state:"ok"
state:"ok"
state:"ok"
state:"ok"
state:"ok"
state:"ok"
state:"ok"
state:"ok"
state:"ok"
state:"ok"
state:"ok"
state:"ok"
state:"ok"
state:"ok"
state:"ok"
state:"ok"
state:"ok"
state:"ok"
state:"ok"
state:"ok"
state:"ok"
state:"ok"
state:"ok"
state:"ok"
state:"ok"
state:"ok"
state:"ok"
state:"ok"
state:"ok"
state:"ok"
state:"ok"
state:"ok"
state:"ok"
state:"ok"
state:"ok"
state:"ok"
state:"ok"
state:"ok"
state:"ok"
state:"ok"
state:"ok"
state:"ok"
state:"ok"
state:"ok"
state:"ok"
state:"ok"
state:"ok"
state:"ok"
state:"ok"
state:"ok"
state:"ok"
state:"ok"
state:"ok"
state:"ok"
state:"ok"
state:"ok"
state:"ok"
2022-05-21T13:10:59.820Z	INFO	cli/cli.go:141	SIGINT received. Trying to stop gracefully.	{"timeout": "5s"}
state:"ok"
2022-05-21T13:10:59.827Z	INFO	engine/engine.go:161	Pool execution canceled	{"pool": "HTTP pool"}
2022-05-21T13:10:59.831Z	INFO	engine/engine.go:143	Pool run finished	{"pool": "HTTP pool"}
2022-05-21T13:10:59.827Z	INFO	engine/engine.go:102	Engine run canceled
state:"ok"
2022-05-21T13:10:59.834Z	INFO	engine/engine.go:66	Engine finished
2022-05-21T13:10:59.834Z	INFO	engine/engine.go:82	Pool run result suppressed	{"pool": "HTTP pool", "id": "HTTP pool", "error": "context canceled"}
2022-05-21T13:10:59.836Z	FATAL	cli/cli.go:149	Engine interrupted	{"error": "context canceled"}
github.com/yandex/pandora/cli.Run
	/Users/nikitaratasnuk/go/pkg/mod/github.com/yandex/pandora@v0.3.8/cli/cli.go:149
main.main
	/Users/nikitaratasnuk/yandex.tank1/gun/gun.go:139
runtime.main
	/opt/homebrew/Cellar/go/1.18.2/libexec/src/runtime/proc.go:250
