2022-05-21 07:15:07,684 [INFO] root consoleworker.py:434	Log file created
2022-05-21 07:15:07,686 [INFO] root consoleworker.py:438	Logging handler <logging.FileHandler object at 0x40191a2c10> added
2022-05-21 07:15:07,687 [INFO] root consoleworker.py:438	Logging handler <logging.StreamHandler object at 0x401916a850> added
2022-05-21 07:15:07,688 [INFO] root consoleworker.py:438	Logging handler <logging.StreamHandler object at 0x401918ea50> added
2022-05-21 07:15:07,689 [INFO] root consoleworker.py:373	Created a folder for the test. /var/loadtest/logs/2022-05-21_07-15-07.531566
2022-05-21 07:15:07,690 [INFO] yandextank.core.tankcore tankcore.py:237	Configuring plugins...
2022-05-21 07:15:07,693 [INFO] yandextank.core.tankcore tankcore.py:190	Loading plugins...
2022-05-21 07:15:07,695 [DEBUG] yandextank.core.tankcore tankcore.py:192	Loading plugin rcheck from yandextank.plugins.ResourceCheck
2022-05-21 07:15:07,697 [DEBUG] yandextank.core.tankcore tankcore.py:192	Loading plugin json_report from yandextank.plugins.JsonReport
2022-05-21 07:15:07,704 [DEBUG] yandextank.core.tankcore tankcore.py:192	Loading plugin overload from yandextank.plugins.DataUploader
2022-05-21 07:15:07,706 [DEBUG] yandextank.core.tankcore tankcore.py:192	Loading plugin rcassert from yandextank.plugins.RCAssert
2022-05-21 07:15:07,707 [DEBUG] yandextank.core.tankcore tankcore.py:192	Loading plugin pandora from yandextank.plugins.Pandora
2022-05-21 07:15:07,708 [DEBUG] yandextank.core.tankcore tankcore.py:192	Loading plugin console from yandextank.plugins.Console
2022-05-21 07:15:07,710 [DEBUG] yandextank.core.tankcore tankcore.py:192	Loading plugin shellexec from yandextank.plugins.ShellExec
2022-05-21 07:15:07,711 [DEBUG] yandextank.core.tankcore tankcore.py:192	Loading plugin autostop from yandextank.plugins.Autostop
2022-05-21 07:15:07,713 [DEBUG] yandextank.core.tankcore tankcore.py:212	Plugin instances: {'plugin_pandora': <yandextank.plugins.Pandora.plugin.Plugin object at 0x4019274790>, 'plugin_json_report': <yandextank.plugins.JsonReport.plugin.Plugin object at 0x401927e7d0>, 'plugin_autostop': <yandextank.plugins.Autostop.plugin.Plugin object at 0x4019274f10>, 'plugin_shellexec': <yandextank.plugins.ShellExec.plugin.Plugin object at 0x4019274b50>, 'plugin_console': <yandextank.plugins.Console.plugin.Plugin object at 0x40192749d0>, 'plugin_rcassert': <yandextank.plugins.RCAssert.plugin.Plugin object at 0x4019274890>, 'plugin_rcheck': <yandextank.plugins.ResourceCheck.plugin.Plugin object at 0x401927ebd0>, 'plugin_overload': <yandextank.plugins.DataUploader.plugin.Plugin object at 0x401927e550>}
2022-05-21 07:15:07,714 [DEBUG] yandextank.core.tankcore tankcore.py:244	Configuring <yandextank.plugins.Pandora.plugin.Plugin object at 0x4019274790>
2022-05-21 07:15:07,716 [INFO] yandextank.plugins.Pandora.plugin plugin.py:68	Found config_file option configuration
2022-05-21 07:15:07,745 [DEBUG] yandextank.core.tankcore tankcore.py:446	Adding artifact file to collect (keep=False): /var/loadtest/logs/2022-05-21_07-15-07.531566/pandora_config_gb9MdE.yaml
2022-05-21 07:15:07,758 [DEBUG] yandextank.plugins.Pandora.plugin plugin.py:74	Config after parsing for patching: {'pools': [{'rps': {'duration': '60s', 'type': 'line', 'from': 1, 'to': 200}, 'result': {'destination': './phout.log', 'type': 'phout'}, 'startup': {'type': 'once', 'times': 10}, 'gun': {'type': 'My_custom_gun_name', 'target': '0.0.0.0:8080'}, 'ammo': {'source': {'path': './json.ammo', 'type': 'file'}, 'type': 'custom_provider'}, 'id': 'HTTP pool'}]}
2022-05-21 07:15:07,763 [INFO] yandextank.plugins.Pandora.plugin plugin.py:153	Found report file in pandora config: ./phout.log
2022-05-21 07:15:07,767 [DEBUG] yandextank.core.tankcore tankcore.py:446	Adding artifact file to collect (keep=False): ./phout.log
2022-05-21 07:15:07,769 [DEBUG] yandextank.core.tankcore tankcore.py:244	Configuring <yandextank.plugins.JsonReport.plugin.Plugin object at 0x401927e7d0>
2022-05-21 07:15:07,771 [DEBUG] yandextank.core.tankcore tankcore.py:391	Searching for plugin: <class 'yandextank.common.interfaces.GeneratorPlugin'>
2022-05-21 07:15:07,780 [DEBUG] yandextank.core.tankcore tankcore.py:244	Configuring <yandextank.plugins.Autostop.plugin.Plugin object at 0x4019274f10>
2022-05-21 07:15:07,784 [DEBUG] yandextank.core.tankcore tankcore.py:244	Configuring <yandextank.plugins.ShellExec.plugin.Plugin object at 0x4019274b50>
2022-05-21 07:15:07,786 [DEBUG] yandextank.core.tankcore tankcore.py:244	Configuring <yandextank.plugins.Console.plugin.Plugin object at 0x40192749d0>
2022-05-21 07:15:07,789 [DEBUG] yandextank.core.tankcore tankcore.py:244	Configuring <yandextank.plugins.RCAssert.plugin.Plugin object at 0x4019274890>
2022-05-21 07:15:07,792 [DEBUG] yandextank.core.tankcore tankcore.py:244	Configuring <yandextank.plugins.ResourceCheck.plugin.Plugin object at 0x401927ebd0>
2022-05-21 07:15:07,796 [DEBUG] yandextank.core.tankcore tankcore.py:244	Configuring <yandextank.plugins.DataUploader.plugin.Plugin object at 0x401927e550>
2022-05-21 07:15:07,798 [INFO] yandextank.core.tankcore tankcore.py:249	Preparing test...
2022-05-21 07:15:07,799 [DEBUG] yandextank.core.tankcore tankcore.py:253	Preparing <yandextank.plugins.Pandora.plugin.Plugin object at 0x4019274790>
2022-05-21 07:15:07,800 [DEBUG] yandextank.core.tankcore tankcore.py:391	Searching for plugin: <class 'yandextank.plugins.Console.plugin.Plugin'>
2022-05-21 07:15:07,801 [DEBUG] yandextank.core.tankcore tankcore.py:253	Preparing <yandextank.plugins.JsonReport.plugin.Plugin object at 0x401927e7d0>
2022-05-21 07:15:07,802 [DEBUG] yandextank.core.tankcore tankcore.py:253	Preparing <yandextank.plugins.Autostop.plugin.Plugin object at 0x4019274f10>
2022-05-21 07:15:07,803 [DEBUG] yandextank.common.interfaces plugin.py:74	Criterion string: http(5xx,10%,5s)
2022-05-21 07:15:07,804 [DEBUG] yandextank.common.interfaces plugin.py:78	Criterion objects: {'http(5xx,10%,5s)': <yandextank.plugins.Autostop.criterions.HTTPCodesCriterion object at 0x4019274e10>}
2022-05-21 07:15:07,805 [DEBUG] yandextank.core.tankcore tankcore.py:391	Searching for plugin: <class 'yandextank.plugins.Console.plugin.Plugin'>
2022-05-21 07:15:07,806 [DEBUG] yandextank.core.tankcore tankcore.py:253	Preparing <yandextank.plugins.ShellExec.plugin.Plugin object at 0x4019274b50>
2022-05-21 07:15:07,807 [DEBUG] yandextank.core.tankcore tankcore.py:253	Preparing <yandextank.plugins.Console.plugin.Plugin object at 0x40192749d0>
2022-05-21 07:15:07,809 [DEBUG] yandextank.core.tankcore tankcore.py:253	Preparing <yandextank.plugins.RCAssert.plugin.Plugin object at 0x4019274890>
2022-05-21 07:15:07,810 [DEBUG] yandextank.core.tankcore tankcore.py:253	Preparing <yandextank.plugins.ResourceCheck.plugin.Plugin object at 0x401927ebd0>
2022-05-21 07:15:07,812 [INFO] yandextank.common.interfaces plugin.py:39	Checking tank resources...
2022-05-21 07:15:07,814 [DEBUG] netort.process process.py:23	Starting: sh -c "df --no-sync -m -P -l -x fuse -x tmpfs -x devtmpfs -x davfs -x nfs /var/loadtest/logs | tail -n 1 | awk '{print \$4}' "
2022-05-21 07:15:08,319 [DEBUG] netort.process process.py:46	Process output:
12736

2022-05-21 07:15:08,321 [DEBUG] netort.process process.py:48	Process exit code: 0
2022-05-21 07:15:08,322 [DEBUG] root plugin.py:58	Result: (0, '12736\n', '')
2022-05-21 07:15:08,323 [DEBUG] yandextank.common.interfaces plugin.py:64	Disk free space: 12736/2048
2022-05-21 07:15:08,325 [DEBUG] yandextank.common.interfaces plugin.py:75	Memory free: 3094/512
2022-05-21 07:15:08,326 [DEBUG] yandextank.core.tankcore tankcore.py:253	Preparing <yandextank.plugins.DataUploader.plugin.Plugin object at 0x401927e550>
2022-05-21 07:15:08,327 [WARNING] yandextank.plugins.DataUploader.plugin plugin.py:234	Failed to get info about ammo path
2022-05-21 07:15:08,329 [INFO] root plugin.py:523	Using OVERLOAD backend
2022-05-21 07:15:08,331 [DEBUG] yandextank.plugins.DataUploader.plugin plugin.py:618	Trying to read token from token.txt
2022-05-21 07:15:08,335 [INFO] yandextank.plugins.DataUploader.plugin plugin.py:624	Read authentication token from token.txt, token length is 32 bytes
2022-05-21 07:15:08,376 [INFO] yandextank.plugins.DataUploader.client client.py:59	Proxy not set
2022-05-21 07:15:08,380 [INFO] yandextank.plugins.DataUploader.plugin plugin.py:647	Detected target: 0.0.0.0:8080
2022-05-21 07:15:08,403 [DEBUG] yandextank.plugins.DataUploader.client client.py:336	Job create request: {'person': 'root', 'host': '0.0.0.0:8080', 'task': '', 'tank': '57b788baabd1', 'notify': [], 'loadscheme': [], 'detailed_time': None, 'port': '8080'}
2022-05-21 07:15:08,412 [DEBUG] urllib3.connectionpool connectionpool.py:813	Starting new HTTPS connection (1): overload.yandex.net:443
2022-05-21 07:15:08,642 [DEBUG] urllib3.connectionpool connectionpool.py:393	https://overload.yandex.net:443 "POST /api/job/create.json?api_token=4f2a42fb997146a394c06ccf2768f953 HTTP/1.1" 200 None
2022-05-21 07:15:08,657 [INFO] yandextank.plugins.DataUploader.plugin plugin.py:789	Job created: 523532
2022-05-21 07:15:08,663 [DEBUG] yandextank.plugins.DataUploader.client client.py:642	Sending configinitial config
2022-05-21 07:15:08,784 [DEBUG] urllib3.connectionpool connectionpool.py:393	https://overload.yandex.net:443 "POST /api/job/523532/configinitial.txt?api_token=4f2a42fb997146a394c06ccf2768f953 HTTP/1.1" 200 16
2022-05-21 07:15:08,793 [INFO] yandextank.plugins.DataUploader.plugin plugin.py:485	Locking targets: ['0.0.0.0:8080']
2022-05-21 07:15:08,797 [INFO] yandextank.plugins.DataUploader.plugin plugin.py:487	Locked targets: ['0.0.0.0:8080']
2022-05-21 07:15:08,811 [DEBUG] yandextank.common.interfaces interfaces.py:101	Publishing status: Plugin/job_no: 523532
2022-05-21 07:15:09,030 [DEBUG] urllib3.connectionpool connectionpool.py:393	https://overload.yandex.net:443 "POST /api/job/523532/edit.json?api_token=4f2a42fb997146a394c06ccf2768f953 HTTP/1.1" 200 19
2022-05-21 07:15:09,036 [DEBUG] yandextank.core.tankcore tankcore.py:391	Searching for plugin: <class 'yandextank.plugins.Console.plugin.Plugin'>
2022-05-21 07:15:09,039 [DEBUG] yandextank.plugins.DataUploader.client client.py:642	Sending configinitial config
2022-05-21 07:15:09,191 [DEBUG] urllib3.connectionpool connectionpool.py:393	https://overload.yandex.net:443 "POST /api/job/523532/configinitial.txt?api_token=4f2a42fb997146a394c06ccf2768f953 HTTP/1.1" 200 16
2022-05-21 07:15:09,205 [DEBUG] yandextank.plugins.DataUploader.client client.py:642	Sending configinfo config
2022-05-21 07:15:09,381 [DEBUG] urllib3.connectionpool connectionpool.py:393	https://overload.yandex.net:443 "POST /api/job/523532/configinfo.txt?api_token=4f2a42fb997146a394c06ccf2768f953 HTTP/1.1" 200 16
2022-05-21 07:15:09,393 [INFO] yandextank.core.tankcore tankcore.py:259	Starting test...
2022-05-21 07:15:09,403 [INFO] yandextank.aggregator.tank_aggregator tank_aggregator.py:63	using verbose histogram
2022-05-21 07:15:09,421 [DEBUG] yandextank.core.tankcore tankcore.py:263	Starting <yandextank.plugins.Pandora.plugin.Plugin object at 0x4019274790>
2022-05-21 07:15:09,424 [INFO] yandextank.plugins.Pandora.plugin plugin.py:183	Starting: ['./gun12', '-expvar', '/var/loadtest/logs/2022-05-21_07-15-07.531566/pandora_config_gb9MdE.yaml']
2022-05-21 07:15:09,434 [DEBUG] urllib3.connectionpool connectionpool.py:205	Starting new HTTP connection (1): localhost:1234
2022-05-21 07:15:09,437 [DEBUG] yandextank.core.tankcore tankcore.py:446	Adding artifact file to collect (keep=False): /var/loadtest/logs/2022-05-21_07-15-07.531566/pandora_NSs69s.log
2022-05-21 07:15:09,441 [DEBUG] yandextank.plugins.Pandora.reader reader.py:33	Pandora expvar http interface is unavailable
Traceback (most recent call last):
  File "/usr/local/lib/python2.7/dist-packages/yandextank/plugins/Pandora/reader.py", line 24, in run
    pandora_stat = requests.get("http://localhost:1234/debug/vars", timeout=0.9).json()
  File "/usr/local/lib/python2.7/dist-packages/requests/api.py", line 75, in get
    return request('get', url, params=params, **kwargs)
  File "/usr/local/lib/python2.7/dist-packages/requests/api.py", line 60, in request
    return session.request(method=method, url=url, **kwargs)
  File "/usr/local/lib/python2.7/dist-packages/requests/sessions.py", line 533, in request
    resp = self.send(prep, **send_kwargs)
  File "/usr/local/lib/python2.7/dist-packages/requests/sessions.py", line 646, in send
    r = adapter.send(request, **kwargs)
  File "/usr/local/lib/python2.7/dist-packages/requests/adapters.py", line 516, in send
    raise ConnectionError(e, request=request)
ConnectionError: HTTPConnectionPool(host='localhost', port=1234): Max retries exceeded with url: /debug/vars (Caused by NewConnectionError('<urllib3.connection.HTTPConnection object at 0x40194bc390>: Failed to establish a new connection: [Errno 111] Connection refused',))
2022-05-21 07:15:09,894 [DEBUG] yandextank.plugins.Pandora.plugin plugin.py:196	Unable to start Pandora binary. Args: ['./gun12', '-expvar', '/var/loadtest/logs/2022-05-21_07-15-07.531566/pandora_config_gb9MdE.yaml']
Traceback (most recent call last):
  File "/usr/local/lib/python2.7/dist-packages/yandextank/plugins/Pandora/plugin.py", line 193, in start_test
    close_fds=True)
  File "/usr/lib/python2.7/subprocess.py", line 711, in __init__
    errread, errwrite)
  File "/usr/lib/python2.7/subprocess.py", line 1343, in _execute_child
    raise child_exception
OSError: [Errno 13] Permission denied
2022-05-21 07:15:09,897 [ERROR] root consoleworker.py:296	Test interrupted:
<type 'exceptions.RuntimeError'>: Unable to start Pandora binary and/or file does not exist: ['./gun12', '-expvar', '/var/loadtest/logs/2022-05-21_07-15-07.531566/pandora_config_gb9MdE.yaml']
<traceback object at 0x403de9d950>
2022-05-21 07:15:09,900 [INFO] yandextank.core.tankcore tankcore.py:301	Finishing test...
2022-05-21 07:15:09,901 [INFO] yandextank.core.tankcore tankcore.py:303	Stopping load generator and aggregator
2022-05-21 07:15:09,902 [DEBUG] yandextank.plugins.Pandora.plugin plugin.py:225	Seems subprocess finished OK
2022-05-21 07:15:09,904 [DEBUG] yandextank.aggregator.tank_aggregator tank_aggregator.py:123	Closing stats reader
2022-05-21 07:15:10,062 [DEBUG] yandextank.aggregator.tank_aggregator tank_aggregator.py:126	Waiting for gun drain to finish
2022-05-21 07:15:10,434 [DEBUG] yandextank.aggregator.tank_aggregator tank_aggregator.py:128	Waiting for stats drain to finish
2022-05-21 07:15:10,438 [DEBUG] yandextank.aggregator.tank_aggregator tank_aggregator.py:130	Collecting remaining data
2022-05-21 07:15:10,441 [DEBUG] yandextank.aggregator.tank_aggregator tank_aggregator.py:87	Data timestamps: []
2022-05-21 07:15:10,444 [DEBUG] yandextank.aggregator.tank_aggregator tank_aggregator.py:88	Stats timestamps: []
2022-05-21 07:15:10,448 [DEBUG] yandextank.core.tankcore tankcore.py:305	RC after: 1
2022-05-21 07:15:10,452 [INFO] yandextank.core.tankcore tankcore.py:307	Stopping monitoring
2022-05-21 07:15:10,456 [DEBUG] yandextank.core.tankcore tankcore.py:315	Finalize <yandextank.plugins.JsonReport.plugin.Plugin object at 0x401927e7d0>
2022-05-21 07:15:10,459 [DEBUG] yandextank.core.tankcore tankcore.py:317	RC before: 1
2022-05-21 07:15:10,463 [DEBUG] yandextank.core.tankcore tankcore.py:319	RC after: 1
2022-05-21 07:15:10,466 [DEBUG] yandextank.core.tankcore tankcore.py:315	Finalize <yandextank.plugins.Autostop.plugin.Plugin object at 0x4019274f10>
2022-05-21 07:15:10,468 [DEBUG] yandextank.core.tankcore tankcore.py:317	RC before: 1
2022-05-21 07:15:10,471 [DEBUG] yandextank.core.tankcore tankcore.py:319	RC after: 1
2022-05-21 07:15:10,474 [DEBUG] yandextank.core.tankcore tankcore.py:315	Finalize <yandextank.plugins.ShellExec.plugin.Plugin object at 0x4019274b50>
2022-05-21 07:15:10,476 [DEBUG] yandextank.core.tankcore tankcore.py:317	RC before: 1
2022-05-21 07:15:10,479 [DEBUG] yandextank.core.tankcore tankcore.py:319	RC after: 1
2022-05-21 07:15:10,482 [DEBUG] yandextank.core.tankcore tankcore.py:315	Finalize <yandextank.plugins.Console.plugin.Plugin object at 0x40192749d0>
2022-05-21 07:15:10,484 [DEBUG] yandextank.core.tankcore tankcore.py:317	RC before: 1
2022-05-21 07:15:10,486 [DEBUG] yandextank.core.tankcore tankcore.py:319	RC after: 1
2022-05-21 07:15:10,487 [DEBUG] yandextank.core.tankcore tankcore.py:315	Finalize <yandextank.plugins.RCAssert.plugin.Plugin object at 0x4019274890>
2022-05-21 07:15:10,491 [DEBUG] yandextank.core.tankcore tankcore.py:317	RC before: 1
2022-05-21 07:15:10,493 [DEBUG] yandextank.core.tankcore tankcore.py:319	RC after: 1
2022-05-21 07:15:10,495 [DEBUG] yandextank.core.tankcore tankcore.py:315	Finalize <yandextank.plugins.ResourceCheck.plugin.Plugin object at 0x401927ebd0>
2022-05-21 07:15:10,498 [DEBUG] yandextank.core.tankcore tankcore.py:317	RC before: 1
2022-05-21 07:15:10,499 [DEBUG] yandextank.core.tankcore tankcore.py:319	RC after: 1
2022-05-21 07:15:10,500 [DEBUG] yandextank.core.tankcore tankcore.py:315	Finalize <yandextank.plugins.DataUploader.plugin.Plugin object at 0x401927e550>
2022-05-21 07:15:10,502 [DEBUG] yandextank.core.tankcore tankcore.py:317	RC before: 1
2022-05-21 07:15:10,503 [DEBUG] yandextank.plugins.DataUploader.client client.py:642	Sending configinitial config
2022-05-21 07:15:10,650 [DEBUG] urllib3.connectionpool connectionpool.py:393	https://overload.yandex.net:443 "POST /api/job/523532/configinitial.txt?api_token=4f2a42fb997146a394c06ccf2768f953 HTTP/1.1" 200 16
2022-05-21 07:15:10,660 [DEBUG] yandextank.plugins.DataUploader.client client.py:642	Sending configinfo config
2022-05-21 07:15:10,815 [DEBUG] urllib3.connectionpool connectionpool.py:393	https://overload.yandex.net:443 "POST /api/job/523532/configinfo.txt?api_token=4f2a42fb997146a394c06ccf2768f953 HTTP/1.1" 200 16
2022-05-21 07:15:10,829 [INFO] yandextank.plugins.DataUploader.plugin plugin.py:478	Unlocking targets: ['0.0.0.0:8080']
2022-05-21 07:15:10,835 [INFO] yandextank.plugins.DataUploader.plugin plugin.py:480	0.0.0.0:8080
2022-05-21 07:15:10,840 [DEBUG] yandextank.core.tankcore tankcore.py:319	RC after: 1
2022-05-21 07:15:10,843 [INFO] yandextank.core.tankcore tankcore.py:330	Post-processing test...
2022-05-21 07:15:10,847 [DEBUG] yandextank.core.tankcore tankcore.py:333	Post-process <yandextank.plugins.Pandora.plugin.Plugin object at 0x4019274790>
2022-05-21 07:15:10,850 [DEBUG] yandextank.core.tankcore tankcore.py:335	RC before: 1
2022-05-21 07:15:10,854 [DEBUG] yandextank.core.tankcore tankcore.py:337	RC after: 1
2022-05-21 07:15:10,857 [DEBUG] yandextank.core.tankcore tankcore.py:333	Post-process <yandextank.plugins.JsonReport.plugin.Plugin object at 0x401927e7d0>
2022-05-21 07:15:10,859 [DEBUG] yandextank.core.tankcore tankcore.py:335	RC before: 1
2022-05-21 07:15:10,864 [DEBUG] yandextank.core.tankcore tankcore.py:337	RC after: 1
2022-05-21 07:15:10,866 [DEBUG] yandextank.core.tankcore tankcore.py:333	Post-process <yandextank.plugins.Autostop.plugin.Plugin object at 0x4019274f10>
2022-05-21 07:15:10,869 [DEBUG] yandextank.core.tankcore tankcore.py:335	RC before: 1
2022-05-21 07:15:10,871 [DEBUG] yandextank.core.tankcore tankcore.py:337	RC after: 1
2022-05-21 07:15:10,872 [DEBUG] yandextank.core.tankcore tankcore.py:333	Post-process <yandextank.plugins.ShellExec.plugin.Plugin object at 0x4019274b50>
2022-05-21 07:15:10,873 [DEBUG] yandextank.core.tankcore tankcore.py:335	RC before: 1
2022-05-21 07:15:10,875 [DEBUG] yandextank.core.tankcore tankcore.py:337	RC after: 1
2022-05-21 07:15:10,877 [DEBUG] yandextank.core.tankcore tankcore.py:333	Post-process <yandextank.plugins.Console.plugin.Plugin object at 0x40192749d0>
2022-05-21 07:15:10,878 [DEBUG] yandextank.core.tankcore tankcore.py:335	RC before: 1
2022-05-21 07:15:10,882 [DEBUG] yandextank.core.tankcore tankcore.py:337	RC after: 1
2022-05-21 07:15:10,884 [DEBUG] yandextank.core.tankcore tankcore.py:333	Post-process <yandextank.plugins.RCAssert.plugin.Plugin object at 0x4019274890>
2022-05-21 07:15:10,886 [DEBUG] yandextank.core.tankcore tankcore.py:335	RC before: 1
2022-05-21 07:15:10,887 [DEBUG] yandextank.core.tankcore tankcore.py:337	RC after: 1
2022-05-21 07:15:10,888 [DEBUG] yandextank.core.tankcore tankcore.py:333	Post-process <yandextank.plugins.ResourceCheck.plugin.Plugin object at 0x401927ebd0>
2022-05-21 07:15:10,889 [DEBUG] yandextank.core.tankcore tankcore.py:335	RC before: 1
2022-05-21 07:15:10,890 [DEBUG] yandextank.core.tankcore tankcore.py:337	RC after: 1
2022-05-21 07:15:10,891 [DEBUG] yandextank.core.tankcore tankcore.py:333	Post-process <yandextank.plugins.DataUploader.plugin.Plugin object at 0x401927e550>
2022-05-21 07:15:10,894 [DEBUG] yandextank.core.tankcore tankcore.py:335	RC before: 1
2022-05-21 07:15:10,896 [INFO] yandextank.plugins.DataUploader.plugin plugin.py:350	Waiting for sender threads to join.
2022-05-21 07:15:10,897 [INFO] yandextank.plugins.DataUploader.plugin plugin.py:357	Web link: None
2022-05-21 07:15:10,898 [DEBUG] yandextank.core.tankcore tankcore.py:391	Searching for plugin: <class 'yandextank.plugins.Autostop.plugin.Plugin'>
2022-05-21 07:15:10,900 [DEBUG] yandextank.plugins.DataUploader.plugin plugin.py:376	No autostop cause detected
2022-05-21 07:15:10,901 [DEBUG] yandextank.plugins.DataUploader.client client.py:642	Sending configinitial config
2022-05-21 07:15:11,005 [DEBUG] urllib3.connectionpool connectionpool.py:393	https://overload.yandex.net:443 "POST /api/job/523532/configinitial.txt?api_token=4f2a42fb997146a394c06ccf2768f953 HTTP/1.1" 200 16
2022-05-21 07:15:11,010 [DEBUG] yandextank.plugins.DataUploader.client client.py:642	Sending configinfo config
2022-05-21 07:15:11,469 [DEBUG] urllib3.connectionpool connectionpool.py:393	https://overload.yandex.net:443 "POST /api/job/523532/configinfo.txt?api_token=4f2a42fb997146a394c06ccf2768f953 HTTP/1.1" 200 16
2022-05-21 07:15:11,485 [DEBUG] yandextank.core.tankcore tankcore.py:337	RC after: 1
2022-05-21 07:15:11,491 [INFO] root consoleworker.py:269	Trying to clean up
2022-05-21 07:15:11,495 [INFO] yandextank.core.tankcore tankcore.py:526	Cleaning up plugin plugin_pandora
2022-05-21 07:15:11,500 [INFO] yandextank.core.tankcore tankcore.py:526	Cleaning up plugin plugin_json_report
2022-05-21 07:15:11,504 [INFO] yandextank.core.tankcore tankcore.py:526	Cleaning up plugin plugin_autostop
2022-05-21 07:15:11,507 [INFO] yandextank.core.tankcore tankcore.py:526	Cleaning up plugin plugin_shellexec
2022-05-21 07:15:11,510 [INFO] yandextank.core.tankcore tankcore.py:526	Cleaning up plugin plugin_console
2022-05-21 07:15:11,514 [INFO] yandextank.core.tankcore tankcore.py:526	Cleaning up plugin plugin_rcassert
2022-05-21 07:15:11,518 [INFO] yandextank.core.tankcore tankcore.py:526	Cleaning up plugin plugin_rcheck
2022-05-21 07:15:11,521 [INFO] yandextank.core.tankcore tankcore.py:526	Cleaning up plugin plugin_overload
2022-05-21 07:15:11,688 [DEBUG] urllib3.connectionpool connectionpool.py:393	https://overload.yandex.net:443 "GET /api/job/523532/close.json?exitcode=1&api_token=4f2a42fb997146a394c06ccf2768f953 HTTP/1.1" 200 16
2022-05-21 07:15:11,704 [INFO] yandextank.plugins.DataUploader.plugin plugin.py:478	Unlocking targets: ['0.0.0.0:8080']
2022-05-21 07:15:11,709 [INFO] yandextank.plugins.DataUploader.plugin plugin.py:480	0.0.0.0:8080
2022-05-21 07:15:11,714 [INFO] yandextank.core.tankcore tankcore.py:561	Releasing lock: /var/lock/lunapark_pVBoLd.lock
2022-05-21 07:15:11,733 [DEBUG] yandextank.core.tankcore tankcore.py:367	Collecting artifacts
2022-05-21 07:15:11,735 [INFO] yandextank.core.tankcore tankcore.py:368	Artifacts dir: /var/loadtest/logs/2022-05-21_07-15-07.531566
2022-05-21 07:15:11,737 [DEBUG] yandextank.core.tankcore tankcore.py:422	Collecting file: ./phout.log to /var/loadtest/logs/2022-05-21_07-15-07.531566/phout.log
2022-05-21 07:15:11,752 [DEBUG] yandextank.core.tankcore tankcore.py:422	Collecting file: /var/loadtest/logs/2022-05-21_07-15-07.531566/pandora_config_gb9MdE.yaml to /var/loadtest/logs/2022-05-21_07-15-07.531566/pandora_config_gb9MdE.yaml
2022-05-21 07:15:11,754 [WARNING] yandextank.core.tankcore tankcore.py:429	File already exists: /var/loadtest/logs/2022-05-21_07-15-07.531566/pandora_config_gb9MdE.yaml
2022-05-21 07:15:11,756 [DEBUG] yandextank.core.tankcore tankcore.py:422	Collecting file: validation_error.yaml to /var/loadtest/logs/2022-05-21_07-15-07.531566/validation_error.yaml
2022-05-21 07:15:11,758 [WARNING] yandextank.core.tankcore tankcore.py:424	File not found to collect: validation_error.yaml
2022-05-21 07:15:11,762 [DEBUG] yandextank.core.tankcore tankcore.py:422	Collecting file: /var/loadtest/logs/2022-05-21_07-15-07.531566/pandora_NSs69s.log to /var/loadtest/logs/2022-05-21_07-15-07.531566/pandora_NSs69s.log
2022-05-21 07:15:11,764 [WARNING] yandextank.core.tankcore tankcore.py:429	File already exists: /var/loadtest/logs/2022-05-21_07-15-07.531566/pandora_NSs69s.log
