"2022-05-17 17:27:27.847 +0000" : {
  "main_scheduler" : {
    "bqs" : {
      "00054" : {
        "mmconts" : [0, 275, 335],
        "acts" : [339, 333],
        "tstate" : { "idle" : 977263, "run" : 29641, "locked" : 8629, "mmap" : 389 }
      },
      "00055" : {
        "mmconts" : [0, 276, 335],
        "acts" : [10, 9],
        "tstate" : { "idle" : 683256, "run" : 61638, "locked" : 7956, "mmap" : 259945 }
      },
      "00056" : {
        "mmconts" : [0, 276, 335],
        "acts" : [337, 333],
        "tstate" : { "idle" : 936266, "run" : 74504, "locked" : 13, "mmap" : 416 }
      }
    }
  },
  "benchmark_io" : {
    "simple_times" : {
      "mcount" : {
        "mcount" : { "41 -- 65" : 1, "2 -- 4" : 2, "1 -- 2" : 3 }
      }
    },
    "stream_method" : {
      "conns" : [0, 0],
      "in" : [0, 0],
      "out" : [0, 0],
      "mmtasks" : [0, 0, 1],
      "load" : 0.956,
      "mcount" : {
        "mcount" : { "Connection refused" : 6 }
      },
      "http_proto0" : {
        "mcount" : {
          "mcount" : { }
        }
      },
      "source_log" : {
        "delta" : [0, 0, 14108]
      },
      "loggers" : {
        "brief_logger" : {
          "records" : [6, 5],
          "out" : [274, 263]
        }
      }
    }
  }
},
"2022-05-17 17:27:28.845 +0000" : {
  "main_scheduler" : {
    "bqs" : {
      "00054" : {
        "mmconts" : [335, 335, 335],
        "acts" : [1, 1],
        "tstate" : { "idle" : 989303, "run" : 8386, "locked" : 0, "mmap" : 0 }
      },
      "00055" : {
        "mmconts" : [335, 335, 335],
        "acts" : [2, 2],
        "tstate" : { "idle" : 993710, "run" : 3216, "locked" : 0, "mmap" : 0 }
      },
      "00056" : {
        "mmconts" : [335, 335, 335],
        "acts" : [9, 9],
        "tstate" : { "idle" : 986101, "run" : 10822, "locked" : 0, "mmap" : 0 }
      }
    }
  },
  "benchmark_io" : {
    "simple_times" : {
      "mcount" : {
        "mcount" : { "1 -- 2" : 1, "1 -- 1" : 3, "-- 1" : 1 }
      }
    },
    "stream_method" : {
      "conns" : [0, 0],
      "in" : [0, 0],
      "out" : [0, 0],
      "mmtasks" : [0, 0, 1],
      "load" : 0.989,
      "mcount" : {
        "mcount" : { "Connection refused" : 5 }
      },
      "http_proto0" : {
        "mcount" : {
          "mcount" : { }
        }
      },
      "source_log" : {
        "delta" : [0, 0, 0]
      },
      "loggers" : {
        "brief_logger" : {
          "records" : [5, 5],
          "out" : [223, 224]
        }
      }
    }
  }
},
"2022-05-17 17:27:29.846 +0000" : {
  "main_scheduler" : {
    "bqs" : {
      "00054" : {
        "mmconts" : [335, 335, 335],
        "acts" : [4, 3],
        "tstate" : { "idle" : 991820, "run" : 8327, "locked" : 0, "mmap" : 0 }
      },
      "00055" : {
        "mmconts" : [335, 335, 335],
        "acts" : [9, 8],
        "tstate" : { "idle" : 987105, "run" : 13020, "locked" : 0, "mmap" : 0 }
      },
      "00056" : {
        "mmconts" : [335, 335, 335],
        "acts" : [2, 1],
        "tstate" : { "idle" : 996282, "run" : 3843, "locked" : 0, "mmap" : 0 }
      }
    }
  },
  "benchmark_io" : {
    "simple_times" : {
      "mcount" : {
        "mcount" : { "1 -- 2" : 2, "1 -- 1" : 4 }
      }
    },
    "stream_method" : {
      "conns" : [0, 0],
      "in" : [0, 0],
      "out" : [0, 0],
      "mmtasks" : [0, 0, 1],
      "load" : 0.986,
      "mcount" : {
        "mcount" : { "Connection refused" : 6 }
      },
      "http_proto0" : {
        "mcount" : {
          "mcount" : { }
        }
      },
      "source_log" : {
        "delta" : [0, 0, 0]
      },
      "loggers" : {
        "brief_logger" : {
          "records" : [6, 5],
          "out" : [270, 269]
        }
      }
    }
  }
},
"2022-05-17 17:27:30.845 +0000" : {
  "main_scheduler" : {
    "bqs" : {
      "00054" : {
        "mmconts" : [335, 335, 335],
        "acts" : [14, 14],
        "tstate" : { "idle" : 968909, "run" : 30675, "locked" : 0, "mmap" : 0 }
      },
      "00055" : {
        "mmconts" : [335, 335, 335],
        "acts" : [3, 3],
        "tstate" : { "idle" : 994709, "run" : 4872, "locked" : 0, "mmap" : 0 }
      },
      "00056" : {
        "mmconts" : [335, 335, 335],
        "acts" : [1, 1],
        "tstate" : { "idle" : 997314, "run" : 2267, "locked" : 0, "mmap" : 0 }
      }
    }
  },
  "benchmark_io" : {
    "simple_times" : {
      "mcount" : {
        "mcount" : { "2 -- 4" : 1, "1 -- 2" : 1, "1 -- 1" : 5 }
      }
    },
    "stream_method" : {
      "conns" : [0, 0],
      "in" : [0, 0],
      "out" : [0, 0],
      "mmtasks" : [0, 0, 1],
      "load" : 0.989,
      "mcount" : {
        "mcount" : { "Connection refused" : 7 }
      },
      "http_proto0" : {
        "mcount" : {
          "mcount" : { }
        }
      },
      "source_log" : {
        "delta" : [0, 0, 0]
      },
      "loggers" : {
        "brief_logger" : {
          "records" : [7, 7],
          "out" : [315, 315]
        }
      }
    }
  }
},
"2022-05-17 17:27:31.845 +0000" : {
  "main_scheduler" : {
    "bqs" : {
      "00054" : {
        "mmconts" : [335, 335, 335],
        "acts" : [12, 12],
        "tstate" : { "idle" : 981897, "run" : 17819, "locked" : 0, "mmap" : 0 }
      },
      "00055" : {
        "mmconts" : [335, 335, 335],
        "acts" : [5, 5],
        "tstate" : { "idle" : 992057, "run" : 7653, "locked" : 0, "mmap" : 0 }
      },
      "00056" : {
        "mmconts" : [335, 335, 335],
        "acts" : [1, 1],
        "tstate" : { "idle" : 997619, "run" : 2091, "locked" : 0, "mmap" : 0 }
      }
    }
  },
  "benchmark_io" : {
    "simple_times" : {
      "mcount" : {
        "mcount" : { "1 -- 2" : 3, "1 -- 1" : 4 }
      }
    },
    "stream_method" : {
      "conns" : [0, 0],
      "in" : [0, 0],
      "out" : [0, 0],
      "mmtasks" : [0, 0, 1],
      "load" : 0.989,
      "mcount" : {
        "mcount" : { "Connection refused" : 7 }
      },
      "http_proto0" : {
        "mcount" : {
          "mcount" : { }
        }
      },
      "source_log" : {
        "delta" : [0, 0, 0]
      },
      "loggers" : {
        "brief_logger" : {
          "records" : [7, 7],
          "out" : [315, 315]
        }
      }
    }
  }
},
"2022-05-17 17:27:32.846 +0000" : {
  "main_scheduler" : {
    "bqs" : {
      "00054" : {
        "mmconts" : [335, 335, 335],
        "acts" : [8, 7],
        "tstate" : { "idle" : 989040, "run" : 11834, "locked" : 0, "mmap" : 0 }
      },
      "00055" : {
        "mmconts" : [335, 335, 335],
        "acts" : [9, 8],
        "tstate" : { "idle" : 990911, "run" : 9965, "locked" : 0, "mmap" : 0 }
      },
      "00056" : {
        "mmconts" : [335, 335, 335],
        "acts" : [1, 0],
        "tstate" : { "idle" : 999447, "run" : 1429, "locked" : 0, "mmap" : 0 }
      }
    }
  },
  "benchmark_io" : {
    "simple_times" : {
      "mcount" : {
        "mcount" : { "1 -- 2" : 2, "1 -- 1" : 5 }
      }
    },
    "stream_method" : {
      "conns" : [0, 0],
      "in" : [0, 0],
      "out" : [0, 0],
      "mmtasks" : [0, 0, 1],
      "load" : 0.984,
      "mcount" : {
        "mcount" : { "Connection refused" : 7 }
      },
      "http_proto0" : {
        "mcount" : {
          "mcount" : { }
        }
      },
      "source_log" : {
        "delta" : [0, 0, 0]
      },
      "loggers" : {
        "brief_logger" : {
          "records" : [7, 6],
          "out" : [315, 314]
        }
      }
    }
  }
},
"2022-05-17 17:27:33.846 +0000" : {
  "main_scheduler" : {
    "bqs" : {
      "00054" : {
        "mmconts" : [335, 335, 335],
        "acts" : [10, 10],
        "tstate" : { "idle" : 987481, "run" : 12519, "locked" : 0, "mmap" : 0 }
      },
      "00055" : {
        "mmconts" : [335, 335, 335],
        "acts" : [9, 9],
        "tstate" : { "idle" : 989416, "run" : 10582, "locked" : 0, "mmap" : 0 }
      },
      "00056" : {
        "mmconts" : [335, 335, 335],
        "acts" : [1, 1],
        "tstate" : { "idle" : 998126, "run" : 1872, "locked" : 0, "mmap" : 0 }
      }
    }
  },
  "benchmark_io" : {
    "simple_times" : {
      "mcount" : {
        "mcount" : { "1 -- 2" : 1, "1 -- 1" : 7 }
      }
    },
    "stream_method" : {
      "conns" : [0, 0],
      "in" : [0, 0],
      "out" : [0, 0],
      "mmtasks" : [0, 0, 1],
      "load" : 0.989,
      "mcount" : {
        "mcount" : { "Connection refused" : 8 }
      },
      "http_proto0" : {
        "mcount" : {
          "mcount" : { }
        }
      },
      "source_log" : {
        "delta" : [0, 0, 0]
      },
      "loggers" : {
        "brief_logger" : {
          "records" : [8, 8],
          "out" : [360, 360]
        }
      }
    }
  }
},
"2022-05-17 17:27:34.846 +0000" : {
  "main_scheduler" : {
    "bqs" : {
      "00054" : {
        "mmconts" : [333, 334, 335],
        "acts" : [10, 10],
        "tstate" : { "idle" : 984798, "run" : 15045, "locked" : 0, "mmap" : 134 }
      },
      "00055" : {
        "mmconts" : [333, 334, 335],
        "acts" : [9, 9],
        "tstate" : { "idle" : 987458, "run" : 12521, "locked" : 0, "mmap" : 0 }
      },
      "00056" : {
        "mmconts" : [335, 335, 335],
        "acts" : [1, 1],
        "tstate" : { "idle" : 998363, "run" : 1616, "locked" : 0, "mmap" : 0 }
      }
    }
  },
  "benchmark_io" : {
    "simple_times" : {
      "mcount" : {
        "mcount" : { "1 -- 2" : 2, "1 -- 1" : 5, "-- 1" : 1 }
      }
    },
    "stream_method" : {
      "conns" : [0, 0],
      "in" : [0, 0],
      "out" : [0, 0],
      "mmtasks" : [0, 0, 1],
      "load" : 0.991,
      "mcount" : {
        "mcount" : { "Connection refused" : 8 }
      },
      "http_proto0" : {
        "mcount" : {
          "mcount" : { }
        }
      },
      "source_log" : {
        "delta" : [0, 0, 0]
      },
      "loggers" : {
        "brief_logger" : {
          "records" : [8, 7],
          "out" : [358, 357]
        }
      }
    }
  }
},
"2022-05-17 17:27:35.845 +0000" : {
  "main_scheduler" : {
    "bqs" : {
      "00054" : {
        "mmconts" : [329, 330, 333],
        "acts" : [10, 10],
        "tstate" : { "idle" : 986574, "run" : 12858, "locked" : 0, "mmap" : 0 }
      },
      "00055" : {
        "mmconts" : [329, 331, 333],
        "acts" : [9, 9],
        "tstate" : { "idle" : 990345, "run" : 9087, "locked" : 0, "mmap" : 0 }
      },
      "00056" : {
        "mmconts" : [335, 335, 335],
        "acts" : [1, 1],
        "tstate" : { "idle" : 998025, "run" : 1407, "locked" : 0, "mmap" : 0 }
      }
    }
  },
  "benchmark_io" : {
    "simple_times" : {
      "mcount" : {
        "mcount" : { "1 -- 1" : 7, "-- 1" : 1 }
      }
    },
    "stream_method" : {
      "conns" : [0, 0],
      "in" : [0, 0],
      "out" : [0, 0],
      "mmtasks" : [0, 0, 1],
      "load" : 0.981,
      "mcount" : {
        "mcount" : { "Connection refused" : 8 }
      },
      "http_proto0" : {
        "mcount" : {
          "mcount" : { }
        }
      },
      "source_log" : {
        "delta" : [0, 0, 0]
      },
      "loggers" : {
        "brief_logger" : {
          "records" : [8, 8],
          "out" : [358, 358]
        }
      }
    }
  }
},
"2022-05-17 17:27:36.845 +0000" : {
  "main_scheduler" : {
    "bqs" : {
      "00054" : {
        "mmconts" : [324, 326, 329],
        "acts" : [12, 12],
        "tstate" : { "idle" : 986656, "run" : 13189, "locked" : 0, "mmap" : 0 }
      },
      "00055" : {
        "mmconts" : [325, 326, 329],
        "acts" : [9, 9],
        "tstate" : { "idle" : 990677, "run" : 9167, "locked" : 0, "mmap" : 0 }
      },
      "00056" : {
        "mmconts" : [335, 335, 335],
        "acts" : [1, 1],
        "tstate" : { "idle" : 998438, "run" : 1407, "locked" : 0, "mmap" : 0 }
      }
    }
  },
  "benchmark_io" : {
    "simple_times" : {
      "mcount" : {
        "mcount" : { "1 -- 1" : 6, "-- 1" : 3 }
      }
    },
    "stream_method" : {
      "conns" : [0, 0],
      "in" : [0, 0],
      "out" : [0, 0],
      "mmtasks" : [0, 0, 1],
      "load" : 0.988,
      "mcount" : {
        "mcount" : { "Connection refused" : 9 }
      },
      "http_proto0" : {
        "mcount" : {
          "mcount" : { }
        }
      },
      "source_log" : {
        "delta" : [0, 0, 0]
      },
      "loggers" : {
        "brief_logger" : {
          "records" : [9, 9],
          "out" : [398, 398]
        }
      }
    }
  }
},
"2022-05-17 17:27:37.845 +0000" : {
  "main_scheduler" : {
    "bqs" : {
      "00054" : {
        "mmconts" : [319, 321, 324],
        "acts" : [12, 11],
        "tstate" : { "idle" : 954077, "run" : 46057, "locked" : 0, "mmap" : 0 }
      },
      "00055" : {
        "mmconts" : [320, 322, 325],
        "acts" : [11, 10],
        "tstate" : { "idle" : 936567, "run" : 63577, "locked" : 0, "mmap" : 0 }
      },
      "00056" : {
        "mmconts" : [335, 335, 335],
        "acts" : [1, 0],
        "tstate" : { "idle" : 998003, "run" : 2140, "locked" : 0, "mmap" : 0 }
      }
    }
  },
  "benchmark_io" : {
    "simple_times" : {
      "mcount" : {
        "mcount" : { "16 -- 25" : 2, "10 -- 16" : 1, "4 -- 6" : 1, "1 -- 1" : 6 }
      }
    },
    "stream_method" : {
      "conns" : [0, 0],
      "in" : [0, 0],
      "out" : [0, 0],
      "mmtasks" : [0, 0, 1],
      "load" : 0.989,
      "mcount" : {
        "mcount" : { "Connection refused" : 10 }
      },
      "http_proto0" : {
        "mcount" : {
          "mcount" : { }
        }
      },
      "source_log" : {
        "delta" : [0, 0, 0]
      },
      "loggers" : {
        "brief_logger" : {
          "records" : [10, 9],
          "out" : [458, 457]
        }
      }
    }
  }
},
"2022-05-17 17:27:38.845 +0000" : {
  "main_scheduler" : {
    "bqs" : {
      "00054" : {
        "mmconts" : [314, 316, 319],
        "acts" : [12, 11],
        "tstate" : { "idle" : 978381, "run" : 21849, "locked" : 0, "mmap" : 0 }
      },
      "00055" : {
        "mmconts" : [315, 317, 320],
        "acts" : [11, 10],
        "tstate" : { "idle" : 983368, "run" : 16854, "locked" : 0, "mmap" : 0 }
      },
      "00056" : {
        "mmconts" : [335, 335, 335],
        "acts" : [1, 0],
        "tstate" : { "idle" : 998806, "run" : 1416, "locked" : 0, "mmap" : 0 }
      }
    }
  },
  "benchmark_io" : {
    "simple_times" : {
      "mcount" : {
        "mcount" : { "2 -- 4" : 1, "1 -- 2" : 2, "1 -- 1" : 7 }
      }
    },
    "stream_method" : {
      "conns" : [0, 0],
      "in" : [0, 0],
      "out" : [0, 0],
      "mmtasks" : [0, 0, 1],
      "load" : 0.987,
      "mcount" : {
        "mcount" : { "Connection refused" : 10 }
      },
      "http_proto0" : {
        "mcount" : {
          "mcount" : { }
        }
      },
      "source_log" : {
        "delta" : [0, 0, 0]
      },
      "loggers" : {
        "brief_logger" : {
          "records" : [10, 10],
          "out" : [450, 450]
        }
      }
    }
  }
},
"2022-05-17 17:27:39.845 +0000" : {
  "main_scheduler" : {
    "bqs" : {
      "00054" : {
        "mmconts" : [312, 312, 314],
        "acts" : [6, 5],
        "tstate" : { "idle" : 990127, "run" : 9961, "locked" : 0, "mmap" : 0 }
      },
      "00055" : {
        "mmconts" : [313, 313, 315],
        "acts" : [5, 4],
        "tstate" : { "idle" : 990792, "run" : 9292, "locked" : 0, "mmap" : 0 }
      },
      "00056" : {
        "mmconts" : [329, 333, 335],
        "acts" : [13, 12],
        "tstate" : { "idle" : 982359, "run" : 17725, "locked" : 0, "mmap" : 0 }
      }
    }
  },
  "benchmark_io" : {
    "simple_times" : {
      "mcount" : {
        "mcount" : { "2 -- 4" : 2, "1 -- 1" : 7, "-- 1" : 1 }
      }
    },
    "stream_method" : {
      "conns" : [0, 0],
      "in" : [0, 0],
      "out" : [0, 0],
      "mmtasks" : [0, 0, 1],
      "load" : 0.989,
      "mcount" : {
        "mcount" : { "Connection refused" : 10 }
      },
      "http_proto0" : {
        "mcount" : {
          "mcount" : { }
        }
      },
      "source_log" : {
        "delta" : [0, 0, 0]
      },
      "loggers" : {
        "brief_logger" : {
          "records" : [10, 9],
          "out" : [448, 447]
        }
      }
    }
  }
},
"2022-05-17 17:27:40.846 +0000" : {
  "main_scheduler" : {
    "bqs" : {
      "00054" : {
        "mmconts" : [312, 312, 312],
        "acts" : [2, 1],
        "tstate" : { "idle" : 995786, "run" : 4375, "locked" : 0, "mmap" : 0 }
      },
      "00055" : {
        "mmconts" : [313, 313, 313],
        "acts" : [1, 0],
        "tstate" : { "idle" : 998467, "run" : 1698, "locked" : 0, "mmap" : 0 }
      },
      "00056" : {
        "mmconts" : [319, 323, 329],
        "acts" : [21, 20],
        "tstate" : { "idle" : 976478, "run" : 23687, "locked" : 0, "mmap" : 0 }
      }
    }
  },
  "benchmark_io" : {
    "simple_times" : {
      "mcount" : {
        "mcount" : { "1 -- 1" : 9, "-- 1" : 1 }
      }
    },
    "stream_method" : {
      "conns" : [0, 0],
      "in" : [0, 0],
      "out" : [0, 0],
      "mmtasks" : [0, 0, 1],
      "load" : 0.983,
      "mcount" : {
        "mcount" : { "Connection refused" : 10 }
      },
      "http_proto0" : {
        "mcount" : {
          "mcount" : { }
        }
      },
      "source_log" : {
        "delta" : [0, 0, 0]
      },
      "loggers" : {
        "brief_logger" : {
          "records" : [10, 9],
          "out" : [448, 444]
        }
      }
    }
  }
},
"2022-05-17 17:27:41.846 +0000" : {
  "main_scheduler" : {
    "bqs" : {
      "00054" : {
        "mmconts" : [312, 312, 312],
        "acts" : [2, 2],
        "tstate" : { "idle" : 988965, "run" : 10904, "locked" : 0, "mmap" : 0 }
      },
      "00055" : {
        "mmconts" : [313, 313, 313],
        "acts" : [1, 1],
        "tstate" : { "idle" : 998286, "run" : 1581, "locked" : 0, "mmap" : 0 }
      },
      "00056" : {
        "mmconts" : [308, 313, 319],
        "acts" : [23, 23],
        "tstate" : { "idle" : 973781, "run" : 26086, "locked" : 0, "mmap" : 0 }
      }
    }
  },
  "benchmark_io" : {
    "simple_times" : {
      "mcount" : {
        "mcount" : { "1 -- 2" : 2, "1 -- 1" : 7, "-- 1" : 2 }
      }
    },
    "stream_method" : {
      "conns" : [0, 0],
      "in" : [0, 0],
      "out" : [0, 0],
      "mmtasks" : [0, 0, 1],
      "load" : 0.984,
      "mcount" : {
        "mcount" : { "Connection refused" : 11 }
      },
      "http_proto0" : {
        "mcount" : {
          "mcount" : { }
        }
      },
      "source_log" : {
        "delta" : [0, 0, 0]
      },
      "loggers" : {
        "brief_logger" : {
          "records" : [11, 11],
          "out" : [491, 494]
        }
      }
    }
  }
},
"2022-05-17 17:27:42.845 +0000" : {
  "main_scheduler" : {
    "bqs" : {
      "00054" : {
        "mmconts" : [312, 312, 312],
        "acts" : [2, 2],
        "tstate" : { "idle" : 995505, "run" : 4121, "locked" : 0, "mmap" : 0 }
      },
      "00055" : {
        "mmconts" : [313, 313, 313],
        "acts" : [1, 1],
        "tstate" : { "idle" : 997306, "run" : 2321, "locked" : 0, "mmap" : 0 }
      },
      "00056" : {
        "mmconts" : [296, 301, 308],
        "acts" : [25, 25],
        "tstate" : { "idle" : 971122, "run" : 28505, "locked" : 0, "mmap" : 0 }
      }
    }
  },
  "benchmark_io" : {
    "simple_times" : {
      "mcount" : {
        "mcount" : { "1 -- 2" : 2, "1 -- 1" : 7, "-- 1" : 3 }
      }
    },
    "stream_method" : {
      "conns" : [0, 0],
      "in" : [0, 0],
      "out" : [0, 0],
      "mmtasks" : [0, 0, 1],
      "load" : 0.987,
      "mcount" : {
        "mcount" : { "Connection refused" : 12 }
      },
      "http_proto0" : {
        "mcount" : {
          "mcount" : { }
        }
      },
      "source_log" : {
        "delta" : [0, 0, 0]
      },
      "loggers" : {
        "brief_logger" : {
          "records" : [12, 12],
          "out" : [534, 534]
        }
      }
    }
  }
},
"2022-05-17 17:27:43.845 +0000" : {
  "main_scheduler" : {
    "bqs" : {
      "00054" : {
        "mmconts" : [309, 310, 312],
        "acts" : [8, 7],
        "tstate" : { "idle" : 988737, "run" : 11379, "locked" : 0, "mmap" : 0 }
      },
      "00055" : {
        "mmconts" : [309, 311, 313],
        "acts" : [9, 8],
        "tstate" : { "idle" : 989259, "run" : 10856, "locked" : 0, "mmap" : 0 }
      },
      "00056" : {
        "mmconts" : [291, 293, 296],
        "acts" : [11, 10],
        "tstate" : { "idle" : 986860, "run" : 13255, "locked" : 0, "mmap" : 0 }
      }
    }
  },
  "benchmark_io" : {
    "simple_times" : {
      "mcount" : {
        "mcount" : { "1 -- 2" : 1, "1 -- 1" : 10, "-- 1" : 1 }
      }
    },
    "stream_method" : {
      "conns" : [0, 0],
      "in" : [0, 0],
      "out" : [0, 0],
      "mmtasks" : [0, 0, 1],
      "load" : 0.988,
      "mcount" : {
        "mcount" : { "Connection refused" : 12 }
      },
      "http_proto0" : {
        "mcount" : {
          "mcount" : { }
        }
      },
      "source_log" : {
        "delta" : [0, 0, 0]
      },
      "loggers" : {
        "brief_logger" : {
          "records" : [12, 11],
          "out" : [538, 537]
        }
      }
    }
  }
},
"2022-05-17 17:27:44.845 +0000" : {
  "main_scheduler" : {
    "bqs" : {
      "00054" : {
        "mmconts" : [305, 306, 309],
        "acts" : [10, 10],
        "tstate" : { "idle" : 986342, "run" : 13371, "locked" : 0, "mmap" : 0 }
      },
      "00055" : {
        "mmconts" : [305, 307, 309],
        "acts" : [9, 9],
        "tstate" : { "idle" : 990051, "run" : 9662, "locked" : 0, "mmap" : 0 }
      },
      "00056" : {
        "mmconts" : [287, 289, 291],
        "acts" : [9, 9],
        "tstate" : { "idle" : 988797, "run" : 10916, "locked" : 0, "mmap" : 0 }
      }
    }
  },
  "benchmark_io" : {
    "simple_times" : {
      "mcount" : {
        "mcount" : { "1 -- 2" : 1, "1 -- 1" : 11 }
      }
    },
    "stream_method" : {
      "conns" : [0, 0],
      "in" : [0, 0],
      "out" : [0, 0],
      "mmtasks" : [0, 0, 1],
      "load" : 0.987,
      "mcount" : {
        "mcount" : { "Connection refused" : 12 }
      },
      "http_proto0" : {
        "mcount" : {
          "mcount" : { }
        }
      },
      "source_log" : {
        "delta" : [0, 0, 0]
      },
      "loggers" : {
        "brief_logger" : {
          "records" : [12, 12],
          "out" : [540, 540]
        }
      }
    }
  }
},
"2022-05-17 17:27:45.846 +0000" : {
  "main_scheduler" : {
    "bqs" : {
      "00054" : {
        "mmconts" : [300, 302, 305],
        "acts" : [12, 11],
        "tstate" : { "idle" : 984683, "run" : 15915, "locked" : 0, "mmap" : 0 }
      },
      "00055" : {
        "mmconts" : [301, 302, 305],
        "acts" : [9, 8],
        "tstate" : { "idle" : 987754, "run" : 12845, "locked" : 0, "mmap" : 0 }
      },
      "00056" : {
        "mmconts" : [283, 285, 287],
        "acts" : [9, 8],
        "tstate" : { "idle" : 990569, "run" : 10030, "locked" : 0, "mmap" : 0 }
      }
    }
  },
  "benchmark_io" : {
    "simple_times" : {
      "mcount" : {
        "mcount" : { "1 -- 2" : 2, "1 -- 1" : 9, "-- 1" : 2 }
      }
    },
    "stream_method" : {
      "conns" : [0, 0],
      "in" : [0, 0],
      "out" : [0, 0],
      "mmtasks" : [0, 0, 1],
      "load" : 0.963,
      "mcount" : {
        "mcount" : { "Connection refused" : 13 }
      },
      "http_proto0" : {
        "mcount" : {
          "mcount" : { }
        }
      },
      "source_log" : {
        "delta" : [0, 0, 0]
      },
      "loggers" : {
        "brief_logger" : {
          "records" : [13, 12],
          "out" : [582, 581]
        }
      }
    }
  }
},
"2022-05-17 17:27:46.846 +0000" : {
  "main_scheduler" : {
    "bqs" : {
      "00054" : {
        "mmconts" : [296, 298, 300],
        "acts" : [10, 9],
        "tstate" : { "idle" : 986617, "run" : 13494, "locked" : 0, "mmap" : 0 }
      },
      "00055" : {
        "mmconts" : [296, 298, 301],
        "acts" : [11, 10],
        "tstate" : { "idle" : 983650, "run" : 16460, "locked" : 0, "mmap" : 0 }
      },
      "00056" : {
        "mmconts" : [279, 280, 283],
        "acts" : [9, 8],
        "tstate" : { "idle" : 988817, "run" : 11293, "locked" : 0, "mmap" : 0 }
      }
    }
  },
  "benchmark_io" : {
    "simple_times" : {
      "mcount" : {
        "mcount" : { "2 -- 4" : 1, "1 -- 2" : 4, "1 -- 1" : 8 }
      }
    },
    "stream_method" : {
      "conns" : [0, 0],
      "in" : [0, 0],
      "out" : [0, 0],
      "mmtasks" : [0, 0, 1],
      "load" : 0.986,
      "mcount" : {
        "mcount" : { "Connection refused" : 13 }
      },
      "http_proto0" : {
        "mcount" : {
          "mcount" : { }
        }
      },
      "source_log" : {
        "delta" : [0, 0, 0]
      },
      "loggers" : {
        "brief_logger" : {
          "records" : [13, 12],
          "out" : [585, 584]
        }
      }
    }
  }
},
"2022-05-17 17:27:47.846 +0000" : {
  "main_scheduler" : {
    "bqs" : {
      "00054" : {
        "mmconts" : [292, 293, 296],
        "acts" : [10, 9],
        "tstate" : { "idle" : 978987, "run" : 21033, "locked" : 0, "mmap" : 0 }
      },
      "00055" : {
        "mmconts" : [292, 294, 296],
        "acts" : [9, 8],
        "tstate" : { "idle" : 922458, "run" : 77571, "locked" : 0, "mmap" : 0 }
      },
      "00056" : {
        "mmconts" : [274, 276, 279],
        "acts" : [11, 10],
        "tstate" : { "idle" : 976630, "run" : 23399, "locked" : 0, "mmap" : 0 }
      }
    }
  },
  "benchmark_io" : {
    "simple_times" : {
      "mcount" : {
        "mcount" : { "25 -- 41" : 1, "6 -- 10" : 2, "4 -- 6" : 1, "2 -- 4" : 2, "1 -- 2" : 1, "1 -- 1" : 5, "-- 1" : 1 }
      }
    },
    "stream_method" : {
      "conns" : [0, 0],
      "in" : [0, 0],
      "out" : [0, 0],
      "mmtasks" : [0, 0, 1],
      "load" : 0.993,
      "mcount" : {
        "mcount" : { "Connection refused" : 13 }
      },
      "http_proto0" : {
        "mcount" : {
          "mcount" : { }
        }
      },
      "source_log" : {
        "delta" : [0, 0, 0]
      },
      "loggers" : {
        "brief_logger" : {
          "records" : [13, 12],
          "out" : [586, 585]
        }
      }
    }
  }
},
"2022-05-17 17:27:48.846 +0000" : {
  "main_scheduler" : {
    "bqs" : {
      "00054" : {
        "mmconts" : [287, 289, 292],
        "acts" : [12, 11],
        "tstate" : { "idle" : 984273, "run" : 15793, "locked" : 0, "mmap" : 0 }
      },
      "00055" : {
        "mmconts" : [287, 289, 292],
        "acts" : [11, 10],
        "tstate" : { "idle" : 984961, "run" : 15095, "locked" : 0, "mmap" : 0 }
      },
      "00056" : {
        "mmconts" : [270, 271, 274],
        "acts" : [9, 8],
        "tstate" : { "idle" : 990086, "run" : 9970, "locked" : 0, "mmap" : 0 }
      }
    }
  },
  "benchmark_io" : {
    "simple_times" : {
      "mcount" : {
        "mcount" : { "2 -- 4" : 1, "1 -- 1" : 12, "-- 1" : 1 }
      }
    },
    "stream_method" : {
      "conns" : [0, 0],
      "in" : [0, 0],
      "out" : [0, 0],
      "mmtasks" : [0, 0, 1],
      "load" : 0.985,
      "mcount" : {
        "mcount" : { "Connection refused" : 14 }
      },
      "http_proto0" : {
        "mcount" : {
          "mcount" : { }
        }
      },
      "source_log" : {
        "delta" : [0, 0, 0]
      },
      "loggers" : {
        "brief_logger" : {
          "records" : [14, 14],
          "out" : [628, 628]
        }
      }
    }
  }
},
"2022-05-17 17:27:49.846 +0000" : {
  "main_scheduler" : {
    "bqs" : {
      "00054" : {
        "mmconts" : [282, 284, 287],
        "acts" : [12, 12],
        "tstate" : { "idle" : 983334, "run" : 16590, "locked" : 0, "mmap" : 0 }
      },
      "00055" : {
        "mmconts" : [282, 284, 287],
        "acts" : [11, 11],
        "tstate" : { "idle" : 981647, "run" : 18279, "locked" : 0, "mmap" : 0 }
      },
      "00056" : {
        "mmconts" : [265, 267, 270],
        "acts" : [11, 11],
        "tstate" : { "idle" : 987515, "run" : 12411, "locked" : 0, "mmap" : 0 }
      }
    }
  },
  "benchmark_io" : {
    "simple_times" : {
      "mcount" : {
        "mcount" : { "1 -- 2" : 6, "1 -- 1" : 7, "-- 1" : 2 }
      }
    },
    "stream_method" : {
      "conns" : [0, 0],
      "in" : [0, 0],
      "out" : [0, 0],
      "mmtasks" : [0, 0, 1],
      "load" : 0.987,
      "mcount" : {
        "mcount" : { "Connection refused" : 15 }
      },
      "http_proto0" : {
        "mcount" : {
          "mcount" : { }
        }
      },
      "source_log" : {
        "delta" : [0, 0, 0]
      },
      "loggers" : {
        "brief_logger" : {
          "records" : [15, 14],
          "out" : [671, 670]
        }
      }
    }
  }
},
"2022-05-17 17:27:50.846 +0000" : {
  "main_scheduler" : {
    "bqs" : {
      "00054" : {
        "mmconts" : [277, 279, 282],
        "acts" : [12, 12],
        "tstate" : { "idle" : 981430, "run" : 18536, "locked" : 0, "mmap" : 0 }
      },
      "00055" : {
        "mmconts" : [277, 279, 282],
        "acts" : [11, 11],
        "tstate" : { "idle" : 985406, "run" : 14567, "locked" : 0, "mmap" : 0 }
      },
      "00056" : {
        "mmconts" : [260, 262, 265],
        "acts" : [11, 11],
        "tstate" : { "idle" : 989167, "run" : 10806, "locked" : 0, "mmap" : 0 }
      }
    }
  },
  "benchmark_io" : {
    "simple_times" : {
      "mcount" : {
        "mcount" : { "2 -- 4" : 1, "1 -- 2" : 2, "1 -- 1" : 10, "-- 1" : 2 }
      }
    },
    "stream_method" : {
      "conns" : [0, 0],
      "in" : [0, 0],
      "out" : [0, 0],
      "mmtasks" : [0, 0, 1],
      "load" : 0.977,
      "mcount" : {
        "mcount" : { "Connection refused" : 15 }
      },
      "http_proto0" : {
        "mcount" : {
          "mcount" : { }
        }
      },
      "source_log" : {
        "delta" : [0, 0, 0]
      },
      "loggers" : {
        "brief_logger" : {
          "records" : [15, 15],
          "out" : [671, 671]
        }
      }
    }
  }
},
"2022-05-17 17:27:51.845 +0000" : {
  "main_scheduler" : {
    "bqs" : {
      "00054" : {
        "mmconts" : [272, 274, 277],
        "acts" : [12, 12],
        "tstate" : { "idle" : 983793, "run" : 15805, "locked" : 0, "mmap" : 0 }
      },
      "00055" : {
        "mmconts" : [272, 274, 277],
        "acts" : [11, 11],
        "tstate" : { "idle" : 983536, "run" : 16089, "locked" : 0, "mmap" : 0 }
      },
      "00056" : {
        "mmconts" : [255, 257, 260],
        "acts" : [11, 11],
        "tstate" : { "idle" : 981944, "run" : 17683, "locked" : 0, "mmap" : 0 }
      }
    }
  },
  "benchmark_io" : {
    "simple_times" : {
      "mcount" : {
        "mcount" : { "2 -- 4" : 2, "1 -- 2" : 5, "1 -- 1" : 8 }
      }
    },
    "stream_method" : {
      "conns" : [0, 0],
      "in" : [0, 0],
      "out" : [0, 0],
      "mmtasks" : [0, 0, 1],
      "load" : 0.963,
      "mcount" : {
        "mcount" : { "Connection refused" : 15 }
      },
      "http_proto0" : {
        "mcount" : {
          "mcount" : { }
        }
      },
      "source_log" : {
        "delta" : [0, 0, 0]
      },
      "loggers" : {
        "brief_logger" : {
          "records" : [15, 15],
          "out" : [676, 676]
        }
      }
    }
  }
},
"2022-05-17 17:27:52.845 +0000" : {
  "main_scheduler" : {
    "bqs" : {
      "00054" : {
        "mmconts" : [267, 269, 272],
        "acts" : [12, 12],
        "tstate" : { "idle" : 982525, "run" : 17017, "locked" : 0, "mmap" : 0 }
      },
      "00055" : {
        "mmconts" : [267, 269, 272],
        "acts" : [11, 11],
        "tstate" : { "idle" : 981206, "run" : 18302, "locked" : 0, "mmap" : 0 }
      },
      "00056" : {
        "mmconts" : [250, 252, 255],
        "acts" : [11, 11],
        "tstate" : { "idle" : 982918, "run" : 16588, "locked" : 0, "mmap" : 0 }
      }
    }
  },
  "benchmark_io" : {
    "simple_times" : {
      "mcount" : {
        "mcount" : { "4 -- 6" : 1, "1 -- 2" : 4, "1 -- 1" : 10 }
      }
    },
    "stream_method" : {
      "conns" : [0, 0],
      "in" : [0, 0],
      "out" : [0, 0],
      "mmtasks" : [0, 0, 1],
      "load" : 0.985,
      "mcount" : {
        "mcount" : { "Connection refused" : 15 }
      },
      "http_proto0" : {
        "mcount" : {
          "mcount" : { }
        }
      },
      "source_log" : {
        "delta" : [0, 0, 0]
      },
      "loggers" : {
        "brief_logger" : {
          "records" : [15, 15],
          "out" : [674, 674]
        }
      }
    }
  }
},
"2022-05-17 17:27:53.846 +0000" : {
  "main_scheduler" : {
    "bqs" : {
      "00054" : {
        "mmconts" : [262, 264, 267],
        "acts" : [12, 11],
        "tstate" : { "idle" : 985607, "run" : 15109, "locked" : 0, "mmap" : 0 }
      },
      "00055" : {
        "mmconts" : [262, 264, 267],
        "acts" : [11, 10],
        "tstate" : { "idle" : 987568, "run" : 13147, "locked" : 0, "mmap" : 0 }
      },
      "00056" : {
        "mmconts" : [244, 246, 250],
        "acts" : [13, 12],
        "tstate" : { "idle" : 985178, "run" : 15537, "locked" : 0, "mmap" : 0 }
      }
    }
  },
  "benchmark_io" : {
    "simple_times" : {
      "mcount" : {
        "mcount" : { "1 -- 2" : 1, "1 -- 1" : 14, "-- 1" : 1 }
      }
    },
    "stream_method" : {
      "conns" : [0, 0],
      "in" : [0, 0],
      "out" : [0, 0],
      "mmtasks" : [0, 0, 1],
      "load" : 0.986,
      "mcount" : {
        "mcount" : { "Connection refused" : 16 }
      },
      "http_proto0" : {
        "mcount" : {
          "mcount" : { }
        }
      },
      "source_log" : {
        "delta" : [0, 0, 0]
      },
      "loggers" : {
        "brief_logger" : {
          "records" : [16, 15],
          "out" : [717, 716]
        }
      }
    }
  }
},
"2022-05-17 17:27:54.845 +0000" : {
  "main_scheduler" : {
    "bqs" : {
      "00054" : {
        "mmconts" : [256, 258, 262],
        "acts" : [14, 14],
        "tstate" : { "idle" : 978967, "run" : 20925, "locked" : 0, "mmap" : 0 }
      },
      "00055" : {
        "mmconts" : [256, 259, 262],
        "acts" : [13, 13],
        "tstate" : { "idle" : 986240, "run" : 13653, "locked" : 0, "mmap" : 0 }
      },
      "00056" : {
        "mmconts" : [239, 241, 244],
        "acts" : [11, 11],
        "tstate" : { "idle" : 985083, "run" : 14810, "locked" : 0, "mmap" : 0 }
      }
    }
  },
  "benchmark_io" : {
    "simple_times" : {
      "mcount" : {
        "mcount" : { "1 -- 2" : 6, "1 -- 1" : 8, "-- 1" : 3 }
      }
    },
    "stream_method" : {
      "conns" : [0, 0],
      "in" : [0, 0],
      "out" : [0, 0],
      "mmtasks" : [0, 0, 1],
      "load" : 0.985,
      "mcount" : {
        "mcount" : { "Connection refused" : 17 }
      },
      "http_proto0" : {
        "mcount" : {
          "mcount" : { }
        }
      },
      "source_log" : {
        "delta" : [0, 0, 0]
      },
      "loggers" : {
        "brief_logger" : {
          "records" : [17, 17],
          "out" : [759, 759]
        }
      }
    }
  }
},
"2022-05-17 17:27:55.846 +0000" : {
  "main_scheduler" : {
    "bqs" : {
      "00054" : {
        "mmconts" : [250, 253, 256],
        "acts" : [14, 13],
        "tstate" : { "idle" : 983984, "run" : 16374, "locked" : 0, "mmap" : 0 }
      },
      "00055" : {
        "mmconts" : [251, 253, 256],
        "acts" : [11, 10],
        "tstate" : { "idle" : 984037, "run" : 16329, "locked" : 0, "mmap" : 0 }
      },
      "00056" : {
        "mmconts" : [233, 235, 239],
        "acts" : [13, 12],
        "tstate" : { "idle" : 984355, "run" : 16012, "locked" : 0, "mmap" : 0 }
      }
    }
  },
  "benchmark_io" : {
    "simple_times" : {
      "mcount" : {
        "mcount" : { "1 -- 2" : 3, "1 -- 1" : 12, "-- 1" : 2 }
      }
    },
    "stream_method" : {
      "conns" : [0, 0],
      "in" : [0, 0],
      "out" : [0, 0],
      "mmtasks" : [0, 0, 1],
      "load" : 0.981,
      "mcount" : {
        "mcount" : { "Connection refused" : 17 }
      },
      "http_proto0" : {
        "mcount" : {
          "mcount" : { }
        }
      },
      "source_log" : {
        "delta" : [0, 0, 0]
      },
      "loggers" : {
        "brief_logger" : {
          "records" : [17, 16],
          "out" : [762, 761]
        }
      }
    }
  }
},
"2022-05-17 17:27:56.845 +0000" : {
  "main_scheduler" : {
    "bqs" : {
      "00054" : {
        "mmconts" : [244, 247, 250],
        "acts" : [14, 14],
        "tstate" : { "idle" : 977632, "run" : 22012, "locked" : 0, "mmap" : 0 }
      },
      "00055" : {
        "mmconts" : [245, 247, 251],
        "acts" : [13, 13],
        "tstate" : { "idle" : 984276, "run" : 15364, "locked" : 0, "mmap" : 0 }
      },
      "00056" : {
        "mmconts" : [228, 230, 233],
        "acts" : [11, 11],
        "tstate" : { "idle" : 985340, "run" : 14300, "locked" : 0, "mmap" : 0 }
      }
    }
  },
  "benchmark_io" : {
    "simple_times" : {
      "mcount" : {
        "mcount" : { "4 -- 6" : 1, "1 -- 2" : 5, "1 -- 1" : 10, "-- 1" : 1 }
      }
    },
    "stream_method" : {
      "conns" : [0, 0],
      "in" : [0, 0],
      "out" : [0, 0],
      "mmtasks" : [0, 0, 1],
      "load" : 0.987,
      "mcount" : {
        "mcount" : { "Connection refused" : 17 }
      },
      "http_proto0" : {
        "mcount" : {
          "mcount" : { }
        }
      },
      "source_log" : {
        "delta" : [0, 0, 0]
      },
      "loggers" : {
        "brief_logger" : {
          "records" : [17, 17],
          "out" : [763, 763]
        }
      }
    }
  }
},
"2022-05-17 17:27:57.846 +0000" : {
  "main_scheduler" : {
    "bqs" : {
      "00054" : {
        "mmconts" : [239, 241, 244],
        "acts" : [12, 11],
        "tstate" : { "idle" : 984674, "run" : 15480, "locked" : 0, "mmap" : 0 }
      },
      "00055" : {
        "mmconts" : [239, 241, 245],
        "acts" : [13, 12],
        "tstate" : { "idle" : 985580, "run" : 14571, "locked" : 0, "mmap" : 0 }
      },
      "00056" : {
        "mmconts" : [221, 224, 228],
        "acts" : [15, 14],
        "tstate" : { "idle" : 982253, "run" : 17898, "locked" : 0, "mmap" : 0 }
      }
    }
  },
  "benchmark_io" : {
    "simple_times" : {
      "mcount" : {
        "mcount" : { "1 -- 2" : 3, "1 -- 1" : 14, "-- 1" : 1 }
      }
    },
    "stream_method" : {
      "conns" : [0, 0],
      "in" : [0, 0],
      "out" : [0, 0],
      "mmtasks" : [0, 0, 1],
      "load" : 0.987,
      "mcount" : {
        "mcount" : { "Connection refused" : 18 }
      },
      "http_proto0" : {
        "mcount" : {
          "mcount" : { }
        }
      },
      "source_log" : {
        "delta" : [0, 0, 0]
      },
      "loggers" : {
        "brief_logger" : {
          "records" : [18, 17],
          "out" : [808, 807]
        }
      }
    }
  }
},
"2022-05-17 17:27:58.845 +0000" : {
  "main_scheduler" : {
    "bqs" : {
      "00054" : {
        "mmconts" : [232, 235, 239],
        "acts" : [16, 16],
        "tstate" : { "idle" : 976867, "run" : 23005, "locked" : 0, "mmap" : 0 }
      },
      "00055" : {
        "mmconts" : [233, 235, 239],
        "acts" : [13, 13],
        "tstate" : { "idle" : 986403, "run" : 13467, "locked" : 0, "mmap" : 0 }
      },
      "00056" : {
        "mmconts" : [216, 218, 221],
        "acts" : [11, 11],
        "tstate" : { "idle" : 987969, "run" : 11900, "locked" : 0, "mmap" : 0 }
      }
    }
  },
  "benchmark_io" : {
    "simple_times" : {
      "mcount" : {
        "mcount" : { "1 -- 2" : 2, "1 -- 1" : 14, "-- 1" : 2 }
      }
    },
    "stream_method" : {
      "conns" : [0, 0],
      "in" : [0, 0],
      "out" : [0, 0],
      "mmtasks" : [0, 0, 1],
      "load" : 0.989,
      "mcount" : {
        "mcount" : { "Connection refused" : 18 }
      },
      "http_proto0" : {
        "mcount" : {
          "mcount" : { }
        }
      },
      "source_log" : {
        "delta" : [0, 0, 0]
      },
      "loggers" : {
        "brief_logger" : {
          "records" : [18, 17],
          "out" : [805, 804]
        }
      }
    }
  }
},
"2022-05-17 17:27:59.845 +0000" : {
  "main_scheduler" : {
    "bqs" : {
      "00054" : {
        "mmconts" : [226, 229, 232],
        "acts" : [14, 14],
        "tstate" : { "idle" : 978521, "run" : 21031, "locked" : 0, "mmap" : 0 }
      },
      "00055" : {
        "mmconts" : [226, 229, 233],
        "acts" : [15, 15],
        "tstate" : { "idle" : 976680, "run" : 22883, "locked" : 0, "mmap" : 0 }
      },
      "00056" : {
        "mmconts" : [211, 212, 216],
        "acts" : [11, 11],
        "tstate" : { "idle" : 986442, "run" : 13121, "locked" : 0, "mmap" : 0 }
      }
    }
  },
  "benchmark_io" : {
    "simple_times" : {
      "mcount" : {
        "mcount" : { "2 -- 4" : 2, "1 -- 2" : 2, "1 -- 1" : 12, "-- 1" : 2 }
      }
    },
    "stream_method" : {
      "conns" : [0, 0],
      "in" : [0, 0],
      "out" : [0, 0],
      "mmtasks" : [0, 0, 1],
      "load" : 0.988,
      "mcount" : {
        "mcount" : { "Connection refused" : 18 }
      },
      "http_proto0" : {
        "mcount" : {
          "mcount" : { }
        }
      },
      "source_log" : {
        "delta" : [0, 0, 0]
      },
      "loggers" : {
        "brief_logger" : {
          "records" : [18, 17],
          "out" : [806, 805]
        }
      }
    }
  }
},
"2022-05-17 17:28:00.845 +0000" : {
  "main_scheduler" : {
    "bqs" : {
      "00054" : {
        "mmconts" : [219, 222, 226],
        "acts" : [16, 16],
        "tstate" : { "idle" : 977464, "run" : 22460, "locked" : 0, "mmap" : 0 }
      },
      "00055" : {
        "mmconts" : [219, 223, 226],
        "acts" : [15, 15],
        "tstate" : { "idle" : 974368, "run" : 25552, "locked" : 0, "mmap" : 0 }
      },
      "00056" : {
        "mmconts" : [206, 206, 211],
        "acts" : [11, 11],
        "tstate" : { "idle" : 986806, "run" : 13114, "locked" : 0, "mmap" : 0 }
      }
    }
  },
  "benchmark_io" : {
    "simple_times" : {
      "mcount" : {
        "mcount" : { "2 -- 4" : 1, "1 -- 2" : 4, "1 -- 1" : 13, "-- 1" : 1 }
      }
    },
    "stream_method" : {
      "conns" : [0, 0],
      "in" : [0, 0],
      "out" : [0, 0],
      "mmtasks" : [0, 0, 1],
      "load" : 0.977,
      "mcount" : {
        "mcount" : { "Connection refused" : 19 }
      },
      "http_proto0" : {
        "mcount" : {
          "mcount" : { }
        }
      },
      "source_log" : {
        "delta" : [0, 0, 0]
      },
      "loggers" : {
        "brief_logger" : {
          "records" : [19, 18],
          "out" : [853, 852]
        }
      }
    }
  }
},
"2022-05-17 17:28:01.845 +0000" : {
  "main_scheduler" : {
    "bqs" : {
      "00054" : {
        "mmconts" : [213, 214, 219],
        "acts" : [14, 14],
        "tstate" : { "idle" : 974813, "run" : 25099, "locked" : 0, "mmap" : 0 }
      },
      "00055" : {
        "mmconts" : [214, 215, 219],
        "acts" : [11, 11],
        "tstate" : { "idle" : 986905, "run" : 13000, "locked" : 0, "mmap" : 0 }
      },
      "00056" : {
        "mmconts" : [197, 204, 206],
        "acts" : [19, 19],
        "tstate" : { "idle" : 977571, "run" : 22334, "locked" : 0, "mmap" : 0 }
      }
    }
  },
  "benchmark_io" : {
    "simple_times" : {
      "mcount" : {
        "mcount" : { "1 -- 2" : 5, "1 -- 1" : 13, "-- 1" : 2 }
      }
    },
    "stream_method" : {
      "conns" : [0, 0],
      "in" : [0, 0],
      "out" : [0, 0],
      "mmtasks" : [0, 0, 1],
      "load" : 0.988,
      "mcount" : {
        "mcount" : { "Connection refused" : 20 }
      },
      "http_proto0" : {
        "mcount" : {
          "mcount" : { }
        }
      },
      "source_log" : {
        "delta" : [0, 0, 0]
      },
      "loggers" : {
        "brief_logger" : {
          "records" : [20, 20],
          "out" : [895, 896]
        }
      }
    }
  }
},
"2022-05-17 17:28:02.846 +0000" : {
  "main_scheduler" : {
    "bqs" : {
      "00054" : {
        "mmconts" : [208, 211, 213],
        "acts" : [12, 11],
        "tstate" : { "idle" : 982884, "run" : 18082, "locked" : 0, "mmap" : 0 }
      },
      "00055" : {
        "mmconts" : [207, 210, 214],
        "acts" : [15, 14],
        "tstate" : { "idle" : 980563, "run" : 20404, "locked" : 0, "mmap" : 0 }
      },
      "00056" : {
        "mmconts" : [189, 192, 197],
        "acts" : [17, 16],
        "tstate" : { "idle" : 980007, "run" : 20960, "locked" : 0, "mmap" : 0 }
      }
    }
  },
  "benchmark_io" : {
    "simple_times" : {
      "mcount" : {
        "mcount" : { "2 -- 4" : 1, "1 -- 2" : 7, "1 -- 1" : 7, "-- 1" : 5 }
      }
    },
    "stream_method" : {
      "conns" : [0, 0],
      "in" : [0, 0],
      "out" : [0, 0],
      "mmtasks" : [0, 0, 1],
      "load" : 0.989,
      "mcount" : {
        "mcount" : { "Connection refused" : 20 }
      },
      "http_proto0" : {
        "mcount" : {
          "mcount" : { }
        }
      },
      "source_log" : {
        "delta" : [0, 0, 0]
      },
      "loggers" : {
        "brief_logger" : {
          "records" : [20, 19],
          "out" : [886, 885]
        }
      }
    }
  }
},
"2022-05-17 17:28:03.845 +0000" : {
  "main_scheduler" : {
    "bqs" : {
      "00054" : {
        "mmconts" : [201, 204, 208],
        "acts" : [16, 16],
        "tstate" : { "idle" : 978392, "run" : 20827, "locked" : 0, "mmap" : 0 }
      },
      "00055" : {
        "mmconts" : [200, 203, 207],
        "acts" : [15, 15],
        "tstate" : { "idle" : 985041, "run" : 14174, "locked" : 0, "mmap" : 0 }
      },
      "00056" : {
        "mmconts" : [183, 186, 189],
        "acts" : [13, 13],
        "tstate" : { "idle" : 985678, "run" : 13605, "locked" : 0, "mmap" : 0 }
      }
    }
  },
  "benchmark_io" : {
    "simple_times" : {
      "mcount" : {
        "mcount" : { "1 -- 2" : 2, "1 -- 1" : 14, "-- 1" : 4 }
      }
    },
    "stream_method" : {
      "conns" : [0, 0],
      "in" : [0, 0],
      "out" : [0, 0],
      "mmtasks" : [0, 0, 1],
      "load" : 0.984,
      "mcount" : {
        "mcount" : { "Connection refused" : 20 }
      },
      "http_proto0" : {
        "mcount" : {
          "mcount" : { }
        }
      },
      "source_log" : {
        "delta" : [0, 0, 0]
      },
      "loggers" : {
        "brief_logger" : {
          "records" : [20, 20],
          "out" : [887, 887]
        }
      }
    }
  }
},
"2022-05-17 17:28:04.845 +0000" : {
  "main_scheduler" : {
    "bqs" : {
      "00054" : {
        "mmconts" : [195, 197, 201],
        "acts" : [14, 13],
        "tstate" : { "idle" : 984134, "run" : 16205, "locked" : 0, "mmap" : 0 }
      },
      "00055" : {
        "mmconts" : [193, 197, 200],
        "acts" : [15, 14],
        "tstate" : { "idle" : 984852, "run" : 15488, "locked" : 0, "mmap" : 0 }
      },
      "00056" : {
        "mmconts" : [176, 179, 183],
        "acts" : [15, 14],
        "tstate" : { "idle" : 983358, "run" : 16914, "locked" : 0, "mmap" : 0 }
      }
    }
  },
  "benchmark_io" : {
    "simple_times" : {
      "mcount" : {
        "mcount" : { "1 -- 2" : 4, "1 -- 1" : 8, "-- 1" : 8 }
      }
    },
    "stream_method" : {
      "conns" : [0, 0],
      "in" : [0, 0],
      "out" : [0, 0],
      "mmtasks" : [0, 0, 1],
      "load" : 0.986,
      "mcount" : {
        "mcount" : { "Connection refused" : 20 }
      },
      "http_proto0" : {
        "mcount" : {
          "mcount" : { }
        }
      },
      "source_log" : {
        "delta" : [0, 0, 0]
      },
      "loggers" : {
        "brief_logger" : {
          "records" : [20, 19],
          "out" : [879, 878]
        }
      }
    }
  }
},
"2022-05-17 17:28:05.845 +0000" : {
  "main_scheduler" : {
    "bqs" : {
      "00054" : {
        "mmconts" : [195, 195, 195],
        "acts" : [2, 2],
        "tstate" : { "idle" : 996812, "run" : 3168, "locked" : 0, "mmap" : 0 }
      },
      "00055" : {
        "mmconts" : [183, 187, 193],
        "acts" : [21, 21],
        "tstate" : { "idle" : 979304, "run" : 20679, "locked" : 0, "mmap" : 0 }
      },
      "00056" : {
        "mmconts" : [165, 170, 176],
        "acts" : [23, 23],
        "tstate" : { "idle" : 978417, "run" : 21566, "locked" : 0, "mmap" : 0 }
      }
    }
  },
  "benchmark_io" : {
    "simple_times" : {
      "mcount" : {
        "mcount" : { "1 -- 1" : 11, "-- 1" : 10 }
      }
    },
    "stream_method" : {
      "conns" : [0, 0],
      "in" : [0, 0],
      "out" : [0, 0],
      "mmtasks" : [0, 0, 1],
      "load" : 0.991,
      "mcount" : {
        "mcount" : { "Connection refused" : 21 }
      },
      "http_proto0" : {
        "mcount" : {
          "mcount" : { }
        }
      },
      "source_log" : {
        "delta" : [0, 0, 0]
      },
      "loggers" : {
        "brief_logger" : {
          "records" : [22, 21],
          "out" : [910, 909]
        }
      }
    }
  }
},
"2022-05-17 17:28:06.845 +0000" : {
  "main_scheduler" : {
    "bqs" : {
      "00054" : {
        "mmconts" : [179, 186, 195],
        "acts" : [34, 34],
        "tstate" : { "idle" : 936584, "run" : 62901, "locked" : 0, "mmap" : 0 }
      },
      "00055" : {
        "mmconts" : [180, 181, 183],
        "acts" : [7, 7],
        "tstate" : { "idle" : 989385, "run" : 10127, "locked" : 0, "mmap" : 0 }
      },
      "00056" : {
        "mmconts" : [162, 163, 165],
        "acts" : [7, 7],
        "tstate" : { "idle" : 989362, "run" : 10150, "locked" : 0, "mmap" : 0 }
      }
    }
  },
  "benchmark_io" : {
    "simple_times" : {
      "mcount" : {
        "mcount" : { "4 -- 6" : 1, "2 -- 4" : 5, "1 -- 2" : 3, "1 -- 1" : 10, "-- 1" : 3 }
      }
    },
    "stream_method" : {
      "conns" : [0, 0],
      "in" : [0, 0],
      "out" : [0, 0],
      "mmtasks" : [0, 0, 1],
      "load" : 0.983,
      "mcount" : {
        "mcount" : { "Connection refused" : 22 }
      },
      "http_proto0" : {
        "mcount" : {
          "mcount" : { }
        }
      },
      "source_log" : {
        "delta" : [0, 0, 0]
      },
      "loggers" : {
        "brief_logger" : {
          "records" : [21, 21],
          "out" : [983, 983]
        }
      }
    }
  }
},
"2022-05-17 17:28:07.845 +0000" : {
  "main_scheduler" : {
    "bqs" : {
      "00054" : {
        "mmconts" : [173, 175, 179],
        "acts" : [14, 13],
        "tstate" : { "idle" : 978901, "run" : 21365, "locked" : 0, "mmap" : 0 }
      },
      "00055" : {
        "mmconts" : [172, 175, 180],
        "acts" : [17, 16],
        "tstate" : { "idle" : 969903, "run" : 30158, "locked" : 0, "mmap" : 178 }
      },
      "00056" : {
        "mmconts" : [154, 158, 162],
        "acts" : [17, 16],
        "tstate" : { "idle" : 974946, "run" : 24839, "locked" : 0, "mmap" : 454 }
      }
    }
  },
  "benchmark_io" : {
    "simple_times" : {
      "mcount" : {
        "mcount" : { "4 -- 6" : 1, "2 -- 4" : 2, "1 -- 2" : 9, "1 -- 1" : 9, "-- 1" : 1 }
      }
    },
    "stream_method" : {
      "conns" : [0, 0],
      "in" : [0, 0],
      "out" : [0, 0],
      "mmtasks" : [0, 0, 1],
      "load" : 0.985,
      "mcount" : {
        "mcount" : { "Connection refused" : 22 }
      },
      "http_proto0" : {
        "mcount" : {
          "mcount" : { }
        }
      },
      "source_log" : {
        "delta" : [0, 0, 0]
      },
      "loggers" : {
        "brief_logger" : {
          "records" : [22, 22],
          "out" : [988, 988]
        }
      }
    }
  }
},
"2022-05-17 17:28:08.846 +0000" : {
  "main_scheduler" : {
    "bqs" : {
      "00054" : {
        "mmconts" : [165, 168, 173],
        "acts" : [18, 17],
        "tstate" : { "idle" : 977684, "run" : 21885, "locked" : 0, "mmap" : 1143 }
      },
      "00055" : {
        "mmconts" : [165, 168, 172],
        "acts" : [15, 14],
        "tstate" : { "idle" : 982040, "run" : 17619, "locked" : 0, "mmap" : 1052 }
      },
      "00056" : {
        "mmconts" : [147, 151, 154],
        "acts" : [15, 14],
        "tstate" : { "idle" : 981780, "run" : 17885, "locked" : 0, "mmap" : 1046 }
      }
    }
  },
  "benchmark_io" : {
    "simple_times" : {
      "mcount" : {
        "mcount" : { "2 -- 4" : 1, "1 -- 2" : 4, "1 -- 1" : 11, "-- 1" : 6 }
      }
    },
    "stream_method" : {
      "conns" : [0, 0],
      "in" : [0, 0],
      "out" : [0, 0],
      "mmtasks" : [0, 0, 1],
      "load" : 0.986,
      "mcount" : {
        "mcount" : { "Connection refused" : 22 }
      },
      "http_proto0" : {
        "mcount" : {
          "mcount" : { }
        }
      },
      "source_log" : {
        "delta" : [0, 0, 0]
      },
      "loggers" : {
        "brief_logger" : {
          "records" : [22, 21],
          "out" : [975, 974]
        }
      }
    }
  }
},
"2022-05-17 17:28:09.845 +0000" : {
  "main_scheduler" : {
    "bqs" : {
      "00054" : {
        "mmconts" : [157, 160, 165],
        "acts" : [18, 18],
        "tstate" : { "idle" : 976061, "run" : 22326, "locked" : 0, "mmap" : 1249 }
      },
      "00055" : {
        "mmconts" : [157, 161, 165],
        "acts" : [17, 17],
        "tstate" : { "idle" : 981182, "run" : 16913, "locked" : 0, "mmap" : 1540 }
      },
      "00056" : {
        "mmconts" : [140, 143, 147],
        "acts" : [15, 15],
        "tstate" : { "idle" : 984077, "run" : 14596, "locked" : 0, "mmap" : 962 }
      }
    }
  },
  "benchmark_io" : {
    "simple_times" : {
      "mcount" : {
        "mcount" : { "2 -- 4" : 1, "1 -- 2" : 1, "1 -- 1" : 13, "-- 1" : 8 }
      }
    },
    "stream_method" : {
      "conns" : [0, 0],
      "in" : [0, 0],
      "out" : [0, 0],
      "mmtasks" : [0, 0, 1],
      "load" : 0.988,
      "mcount" : {
        "mcount" : { "Connection refused" : 23 }
      },
      "http_proto0" : {
        "mcount" : {
          "mcount" : { }
        }
      },
      "source_log" : {
        "delta" : [0, 0, 0]
      },
      "loggers" : {
        "brief_logger" : {
          "records" : [23, 23],
          "out" : [1013, 1013]
        }
      }
    }
  }
},
"2022-05-17 17:28:10.845 +0000" : {
  "main_scheduler" : {
    "bqs" : {
      "00054" : {
        "mmconts" : [149, 153, 157],
        "acts" : [18, 17],
        "tstate" : { "idle" : 978162, "run" : 20456, "locked" : 0, "mmap" : 1388 }
      },
      "00055" : {
        "mmconts" : [150, 153, 157],
        "acts" : [15, 14],
        "tstate" : { "idle" : 983229, "run" : 15255, "locked" : 0, "mmap" : 1520 }
      },
      "00056" : {
        "mmconts" : [132, 135, 140],
        "acts" : [17, 16],
        "tstate" : { "idle" : 980793, "run" : 17392, "locked" : 0, "mmap" : 1819 }
      }
    }
  },
  "benchmark_io" : {
    "simple_times" : {
      "mcount" : {
        "mcount" : { "2 -- 4" : 1, "1 -- 2" : 1, "1 -- 1" : 14, "-- 1" : 7 }
      }
    },
    "stream_method" : {
      "conns" : [0, 0],
      "in" : [0, 0],
      "out" : [0, 0],
      "mmtasks" : [0, 0, 1],
      "load" : 0.989,
      "mcount" : {
        "mcount" : { "Connection refused" : 23 }
      },
      "http_proto0" : {
        "mcount" : {
          "mcount" : { }
        }
      },
      "source_log" : {
        "delta" : [0, 0, 0]
      },
      "loggers" : {
        "brief_logger" : {
          "records" : [23, 23],
          "out" : [1014, 1014]
        }
      }
    }
  }
},
"2022-05-17 17:28:11.846 +0000" : {
  "main_scheduler" : {
    "bqs" : {
      "00054" : {
        "mmconts" : [142, 145, 149],
        "acts" : [17, 16],
        "tstate" : { "idle" : 980677, "run" : 18612, "locked" : 0, "mmap" : 926 }
      },
      "00055" : {
        "mmconts" : [142, 145, 150],
        "acts" : [17, 16],
        "tstate" : { "idle" : 981151, "run" : 17612, "locked" : 0, "mmap" : 1455 }
      },
      "00056" : {
        "mmconts" : [124, 128, 132],
        "acts" : [17, 16],
        "tstate" : { "idle" : 981082, "run" : 18050, "locked" : 0, "mmap" : 1086 }
      }
    }
  },
  "benchmark_io" : {
    "simple_times" : {
      "mcount" : {
        "mcount" : { "1 -- 2" : 3, "1 -- 1" : 13, "-- 1" : 7 }
      }
    },
    "stream_method" : {
      "conns" : [0, 0],
      "in" : [0, 0],
      "out" : [0, 0],
      "mmtasks" : [0, 0, 1],
      "load" : 0.990,
      "mcount" : {
        "mcount" : { "Connection refused" : 23 }
      },
      "http_proto0" : {
        "mcount" : {
          "mcount" : { }
        }
      },
      "source_log" : {
        "delta" : [0, 0, 0]
      },
      "loggers" : {
        "brief_logger" : {
          "records" : [23, 22],
          "out" : [1015, 1014]
        }
      }
    }
  }
},
"2022-05-17 17:28:12.845 +0000" : {
  "main_scheduler" : {
    "bqs" : {
      "00054" : {
        "mmconts" : [134, 137, 142],
        "acts" : [17, 17],
        "tstate" : { "idle" : 978839, "run" : 18599, "locked" : 0, "mmap" : 1753 }
      },
      "00055" : {
        "mmconts" : [134, 137, 142],
        "acts" : [17, 17],
        "tstate" : { "idle" : 980435, "run" : 17455, "locked" : 0, "mmap" : 1300 }
      },
      "00056" : {
        "mmconts" : [116, 120, 124],
        "acts" : [17, 17],
        "tstate" : { "idle" : 975000, "run" : 22726, "locked" : 0, "mmap" : 1465 }
      }
    }
  },
  "benchmark_io" : {
    "simple_times" : {
      "mcount" : {
        "mcount" : { "4 -- 6" : 1, "2 -- 4" : 1, "1 -- 2" : 1, "1 -- 1" : 12, "-- 1" : 9 }
      }
    },
    "stream_method" : {
      "conns" : [0, 0],
      "in" : [0, 0],
      "out" : [0, 0],
      "mmtasks" : [0, 0, 1],
      "load" : 0.926,
      "mcount" : {
        "mcount" : { "Connection refused" : 24 }
      },
      "http_proto0" : {
        "mcount" : {
          "mcount" : { }
        }
      },
      "source_log" : {
        "delta" : [0, 0, 0]
      },
      "loggers" : {
        "brief_logger" : {
          "records" : [24, 24],
          "out" : [1061, 1061]
        }
      }
    }
  }
},
"2022-05-17 17:28:13.845 +0000" : {
  "main_scheduler" : {
    "bqs" : {
      "00054" : {
        "mmconts" : [125, 129, 134],
        "acts" : [20, 19],
        "tstate" : { "idle" : 980382, "run" : 18773, "locked" : 0, "mmap" : 1290 }
      },
      "00055" : {
        "mmconts" : [126, 129, 134],
        "acts" : [17, 16],
        "tstate" : { "idle" : 981093, "run" : 17775, "locked" : 0, "mmap" : 1574 }
      },
      "00056" : {
        "mmconts" : [108, 112, 116],
        "acts" : [17, 16],
        "tstate" : { "idle" : 982659, "run" : 16360, "locked" : 0, "mmap" : 1422 }
      }
    }
  },
  "benchmark_io" : {
    "simple_times" : {
      "mcount" : {
        "mcount" : { "1 -- 2" : 1, "1 -- 1" : 7, "-- 1" : 17 }
      }
    },
    "stream_method" : {
      "conns" : [0, 0],
      "in" : [0, 0],
      "out" : [0, 0],
      "mmtasks" : [0, 0, 1],
      "load" : 0.990,
      "mcount" : {
        "mcount" : { "Connection refused" : 25 }
      },
      "http_proto0" : {
        "mcount" : {
          "mcount" : { }
        }
      },
      "source_log" : {
        "delta" : [0, 0, 0]
      },
      "loggers" : {
        "brief_logger" : {
          "records" : [25, 24],
          "out" : [1076, 1075]
        }
      }
    }
  }
},
"2022-05-17 17:28:14.845 +0000" : {
  "main_scheduler" : {
    "bqs" : {
      "00054" : {
        "mmconts" : [117, 121, 125],
        "acts" : [18, 18],
        "tstate" : { "idle" : 979494, "run" : 19142, "locked" : 0, "mmap" : 1194 }
      },
      "00055" : {
        "mmconts" : [117, 121, 126],
        "acts" : [19, 19],
        "tstate" : { "idle" : 979144, "run" : 19184, "locked" : 0, "mmap" : 1503 }
      },
      "00056" : {
        "mmconts" : [100, 103, 108],
        "acts" : [17, 17],
        "tstate" : { "idle" : 976239, "run" : 22117, "locked" : 0, "mmap" : 1475 }
      }
    }
  },
  "benchmark_io" : {
    "simple_times" : {
      "mcount" : {
        "mcount" : { "4 -- 6" : 1, "1 -- 2" : 1, "1 -- 1" : 12, "-- 1" : 11 }
      }
    },
    "stream_method" : {
      "conns" : [0, 0],
      "in" : [0, 0],
      "out" : [0, 0],
      "mmtasks" : [0, 0, 1],
      "load" : 0.991,
      "mcount" : {
        "mcount" : { "Connection refused" : 25 }
      },
      "http_proto0" : {
        "mcount" : {
          "mcount" : { }
        }
      },
      "source_log" : {
        "delta" : [0, 0, 0]
      },
      "loggers" : {
        "brief_logger" : {
          "records" : [25, 24],
          "out" : [1094, 1093]
        }
      }
    }
  }
},
"2022-05-17 17:28:15.846 +0000" : {
  "main_scheduler" : {
    "bqs" : {
      "00054" : {
        "mmconts" : [109, 112, 117],
        "acts" : [18, 17],
        "tstate" : { "idle" : 980958, "run" : 17993, "locked" : 0, "mmap" : 1658 }
      },
      "00055" : {
        "mmconts" : [109, 113, 117],
        "acts" : [17, 16],
        "tstate" : { "idle" : 984325, "run" : 15071, "locked" : 0, "mmap" : 1213 }
      },
      "00056" : {
        "mmconts" : [91, 95, 100],
        "acts" : [19, 18],
        "tstate" : { "idle" : 980196, "run" : 18695, "locked" : 0, "mmap" : 1718 }
      }
    }
  },
  "benchmark_io" : {
    "simple_times" : {
      "mcount" : {
        "mcount" : { "1 -- 2" : 1, "1 -- 1" : 11, "-- 1" : 13 }
      }
    },
    "stream_method" : {
      "conns" : [0, 0],
      "in" : [0, 0],
      "out" : [0, 0],
      "mmtasks" : [0, 0, 1],
      "load" : 0.991,
      "mcount" : {
        "mcount" : { "Connection refused" : 25 }
      },
      "http_proto0" : {
        "mcount" : {
          "mcount" : { }
        }
      },
      "source_log" : {
        "delta" : [0, 0, 0]
      },
      "loggers" : {
        "brief_logger" : {
          "records" : [25, 24],
          "out" : [1084, 1083]
        }
      }
    }
  }
},
"2022-05-17 17:28:16.846 +0000" : {
  "main_scheduler" : {
    "bqs" : {
      "00054" : {
        "mmconts" : [100, 104, 109],
        "acts" : [20, 19],
        "tstate" : { "idle" : 979260, "run" : 19290, "locked" : 0, "mmap" : 1483 }
      },
      "00055" : {
        "mmconts" : [100, 104, 109],
        "acts" : [19, 18],
        "tstate" : { "idle" : 981480, "run" : 17050, "locked" : 0, "mmap" : 1504 }
      },
      "00056" : {
        "mmconts" : [84, 87, 91],
        "acts" : [15, 14],
        "tstate" : { "idle" : 983602, "run" : 15197, "locked" : 0, "mmap" : 1235 }
      }
    }
  },
  "benchmark_io" : {
    "simple_times" : {
      "mcount" : {
        "mcount" : { "1 -- 1" : 13, "-- 1" : 12 }
      }
    },
    "stream_method" : {
      "conns" : [0, 0],
      "in" : [0, 0],
      "out" : [0, 0],
      "mmtasks" : [0, 0, 1],
      "load" : 0.990,
      "mcount" : {
        "mcount" : { "Connection refused" : 25 }
      },
      "http_proto0" : {
        "mcount" : {
          "mcount" : { }
        }
      },
      "source_log" : {
        "delta" : [0, 0, 0]
      },
      "loggers" : {
        "brief_logger" : {
          "records" : [25, 24],
          "out" : [1085, 1084]
        }
      }
    }
  }
},
"2022-05-17 17:28:17.846 +0000" : {
  "main_scheduler" : {
    "bqs" : {
      "00054" : {
        "mmconts" : [91, 95, 100],
        "acts" : [20, 20],
        "tstate" : { "idle" : 979423, "run" : 18965, "locked" : 0, "mmap" : 1595 }
      },
      "00055" : {
        "mmconts" : [92, 96, 100],
        "acts" : [17, 17],
        "tstate" : { "idle" : 982291, "run" : 16123, "locked" : 0, "mmap" : 1568 }
      },
      "00056" : {
        "mmconts" : [74, 78, 84],
        "acts" : [21, 21],
        "tstate" : { "idle" : 979489, "run" : 18697, "locked" : 0, "mmap" : 1796 }
      }
    }
  },
  "benchmark_io" : {
    "simple_times" : {
      "mcount" : {
        "mcount" : { "1 -- 1" : 11, "-- 1" : 16 }
      }
    },
    "stream_method" : {
      "conns" : [0, 0],
      "in" : [0, 0],
      "out" : [0, 0],
      "mmtasks" : [0, 0, 1],
      "load" : 0.991,
      "mcount" : {
        "mcount" : { "Connection refused" : 27 }
      },
      "http_proto0" : {
        "mcount" : {
          "mcount" : { }
        }
      },
      "source_log" : {
        "delta" : [0, 0, 0]
      },
      "loggers" : {
        "brief_logger" : {
          "records" : [27, 27],
          "out" : [1165, 1165]
        }
      }
    }
  }
},
"2022-05-17 17:28:18.845 +0000" : {
  "main_scheduler" : {
    "bqs" : {
      "00054" : {
        "mmconts" : [83, 87, 91],
        "acts" : [18, 18],
        "tstate" : { "idle" : 980323, "run" : 17257, "locked" : 0, "mmap" : 1549 }
      },
      "00055" : {
        "mmconts" : [83, 87, 92],
        "acts" : [19, 19],
        "tstate" : { "idle" : 978584, "run" : 17870, "locked" : 0, "mmap" : 2675 }
      },
      "00056" : {
        "mmconts" : [65, 69, 74],
        "acts" : [19, 19],
        "tstate" : { "idle" : 980935, "run" : 16930, "locked" : 0, "mmap" : 1264 }
      }
    }
  },
  "benchmark_io" : {
    "simple_times" : {
      "mcount" : {
        "mcount" : { "1 -- 2" : 1, "1 -- 1" : 7, "-- 1" : 18 }
      }
    },
    "stream_method" : {
      "conns" : [0, 0],
      "in" : [0, 0],
      "out" : [0, 0],
      "mmtasks" : [0, 0, 1],
      "load" : 0.992,
      "mcount" : {
        "mcount" : { "Connection refused" : 26 }
      },
      "http_proto0" : {
        "mcount" : {
          "mcount" : { }
        }
      },
      "source_log" : {
        "delta" : [0, 0, 0]
      },
      "loggers" : {
        "brief_logger" : {
          "records" : [26, 26],
          "out" : [1113, 1114]
        }
      }
    }
  }
},
"2022-05-17 17:28:19.845 +0000" : {
  "main_scheduler" : {
    "bqs" : {
      "00054" : {
        "mmconts" : [74, 78, 83],
        "acts" : [20, 19],
        "tstate" : { "idle" : 978509, "run" : 19836, "locked" : 0, "mmap" : 1823 }
      },
      "00055" : {
        "mmconts" : [74, 78, 83],
        "acts" : [19, 18],
        "tstate" : { "idle" : 979837, "run" : 18327, "locked" : 0, "mmap" : 2005 }
      },
      "00056" : {
        "mmconts" : [56, 60, 65],
        "acts" : [19, 18],
        "tstate" : { "idle" : 979780, "run" : 18656, "locked" : 0, "mmap" : 1733 }
      }
    }
  },
  "benchmark_io" : {
    "simple_times" : {
      "mcount" : {
        "mcount" : { "1 -- 2" : 1, "1 -- 1" : 11, "-- 1" : 15 }
      }
    },
    "stream_method" : {
      "conns" : [0, 0],
      "in" : [0, 0],
      "out" : [0, 0],
      "mmtasks" : [0, 0, 1],
      "load" : 0.991,
      "mcount" : {
        "mcount" : { "Connection refused" : 27 }
      },
      "http_proto0" : {
        "mcount" : {
          "mcount" : { }
        }
      },
      "source_log" : {
        "delta" : [0, 0, 0]
      },
      "loggers" : {
        "brief_logger" : {
          "records" : [27, 26],
          "out" : [1171, 1170]
        }
      }
    }
  }
},
"2022-05-17 17:28:20.845 +0000" : {
  "main_scheduler" : {
    "bqs" : {
      "00054" : {
        "mmconts" : [65, 69, 74],
        "acts" : [20, 19],
        "tstate" : { "idle" : 977135, "run" : 21313, "locked" : 0, "mmap" : 1867 }
      },
      "00055" : {
        "mmconts" : [65, 69, 74],
        "acts" : [19, 18],
        "tstate" : { "idle" : 977685, "run" : 20775, "locked" : 0, "mmap" : 1854 }
      },
      "00056" : {
        "mmconts" : [47, 51, 56],
        "acts" : [19, 18],
        "tstate" : { "idle" : 979416, "run" : 18677, "locked" : 0, "mmap" : 2221 }
      }
    }
  },
  "benchmark_io" : {
    "simple_times" : {
      "mcount" : {
        "mcount" : { "1 -- 2" : 1, "1 -- 1" : 17, "-- 1" : 9 }
      }
    },
    "stream_method" : {
      "conns" : [0, 0],
      "in" : [0, 0],
      "out" : [0, 0],
      "mmtasks" : [0, 0, 1],
      "load" : 0.991,
      "mcount" : {
        "mcount" : { "Connection refused" : 27 }
      },
      "http_proto0" : {
        "mcount" : {
          "mcount" : { }
        }
      },
      "source_log" : {
        "delta" : [0, 0, 0]
      },
      "loggers" : {
        "brief_logger" : {
          "records" : [27, 26],
          "out" : [1187, 1185]
        }
      }
    }
  }
},
"2022-05-17 17:28:21.845 +0000" : {
  "main_scheduler" : {
    "bqs" : {
      "00054" : {
        "mmconts" : [55, 60, 65],
        "acts" : [22, 22],
        "tstate" : { "idle" : 974971, "run" : 23218, "locked" : 0, "mmap" : 1809 }
      },
      "00055" : {
        "mmconts" : [56, 60, 65],
        "acts" : [19, 18],
        "tstate" : { "idle" : 978498, "run" : 19997, "locked" : 0, "mmap" : 1509 }
      },
      "00056" : {
        "mmconts" : [38, 42, 47],
        "acts" : [19, 18],
        "tstate" : { "idle" : 979176, "run" : 19002, "locked" : 0, "mmap" : 1827 }
      }
    }
  },
  "benchmark_io" : {
    "simple_times" : {
      "mcount" : {
        "mcount" : { "1 -- 2" : 1, "1 -- 1" : 16, "-- 1" : 11 }
      }
    },
    "stream_method" : {
      "conns" : [0, 0],
      "in" : [0, 0],
      "out" : [0, 0],
      "mmtasks" : [0, 0, 1],
      "load" : 0.989,
      "mcount" : {
        "mcount" : { "Connection refused" : 28 }
      },
      "http_proto0" : {
        "mcount" : {
          "mcount" : { }
        }
      },
      "source_log" : {
        "delta" : [0, 0, 0]
      },
      "loggers" : {
        "brief_logger" : {
          "records" : [28, 28],
          "out" : [1222, 1222]
        }
      }
    }
  }
},
"2022-05-17 17:28:22.846 +0000" : {
  "main_scheduler" : {
    "bqs" : {
      "00054" : {
        "mmconts" : [46, 50, 55],
        "acts" : [20, 19],
        "tstate" : { "idle" : 975665, "run" : 22740, "locked" : 0, "mmap" : 1763 }
      },
      "00055" : {
        "mmconts" : [46, 51, 56],
        "acts" : [21, 20],
        "tstate" : { "idle" : 975360, "run" : 23136, "locked" : 0, "mmap" : 1669 }
      },
      "00056" : {
        "mmconts" : [29, 33, 38],
        "acts" : [19, 18],
        "tstate" : { "idle" : 980594, "run" : 17799, "locked" : 0, "mmap" : 1771 }
      }
    }
  },
  "benchmark_io" : {
    "simple_times" : {
      "mcount" : {
        "mcount" : { "1 -- 2" : 1, "1 -- 1" : 19, "-- 1" : 8 }
      }
    },
    "stream_method" : {
      "conns" : [0, 0],
      "in" : [0, 0],
      "out" : [0, 0],
      "mmtasks" : [0, 0, 1],
      "load" : 0.988,
      "mcount" : {
        "mcount" : { "Connection refused" : 28 }
      },
      "http_proto0" : {
        "mcount" : {
          "mcount" : { }
        }
      },
      "source_log" : {
        "delta" : [0, 0, 0]
      },
      "loggers" : {
        "brief_logger" : {
          "records" : [28, 27],
          "out" : [1240, 1239]
        }
      }
    }
  }
},
"2022-05-17 17:28:23.847 +0000" : {
  "main_scheduler" : {
    "bqs" : {
      "00054" : {
        "mmconts" : [36, 41, 46],
        "acts" : [22, 21],
        "tstate" : { "idle" : 973107, "run" : 26731, "locked" : 0, "mmap" : 2136 }
      },
      "00055" : {
        "mmconts" : [37, 41, 46],
        "acts" : [19, 18],
        "tstate" : { "idle" : 978151, "run" : 21988, "locked" : 0, "mmap" : 1851 }
      },
      "00056" : {
        "mmconts" : [19, 23, 29],
        "acts" : [21, 20],
        "tstate" : { "idle" : 971383, "run" : 28436, "locked" : 0, "mmap" : 2172 }
      }
    }
  },
  "benchmark_io" : {
    "simple_times" : {
      "mcount" : {
        "mcount" : { "1 -- 2" : 6, "1 -- 1" : 19, "-- 1" : 4 }
      }
    },
    "stream_method" : {
      "conns" : [0, 0],
      "in" : [0, 0],
      "out" : [0, 0],
      "mmtasks" : [0, 0, 1],
      "load" : 0.990,
      "mcount" : {
        "mcount" : { "Connection refused" : 29 }
      },
      "http_proto0" : {
        "mcount" : {
          "mcount" : { }
        }
      },
      "source_log" : {
        "delta" : [0, 0, 0]
      },
      "loggers" : {
        "brief_logger" : {
          "records" : [29, 28],
          "out" : [1295, 1292]
        }
      }
    }
  }
},
"2022-05-17 17:28:24.846 +0000" : {
  "main_scheduler" : {
    "bqs" : {
      "00054" : {
        "mmconts" : [27, 31, 36],
        "acts" : [20, 20],
        "tstate" : { "idle" : 971862, "run" : 24577, "locked" : 0, "mmap" : 1757 }
      },
      "00055" : {
        "mmconts" : [27, 31, 37],
        "acts" : [21, 21],
        "tstate" : { "idle" : 966929, "run" : 29287, "locked" : 0, "mmap" : 1965 }
      },
      "00056" : {
        "mmconts" : [10, 14, 19],
        "acts" : [21, 21],
        "tstate" : { "idle" : 970381, "run" : 25944, "locked" : 0, "mmap" : 1855 }
      }
    }
  },
  "benchmark_io" : {
    "simple_times" : {
      "mcount" : {
        "mcount" : { "4 -- 6" : 1, "2 -- 4" : 1, "1 -- 2" : 4, "1 -- 1" : 16, "-- 1" : 6 }
      }
    },
    "stream_method" : {
      "conns" : [0, 0],
      "in" : [0, 0],
      "out" : [0, 0],
      "mmtasks" : [0, 0, 1],
      "load" : 0.991,
      "mcount" : {
        "mcount" : { "Connection refused" : 28 }
      },
      "http_proto0" : {
        "mcount" : {
          "mcount" : { }
        }
      },
      "source_log" : {
        "delta" : [0, 0, 0]
      },
      "loggers" : {
        "brief_logger" : {
          "records" : [28, 28],
          "out" : [1245, 1247]
        }
      }
    }
  }
},
"2022-05-17 17:28:25.846 +0000" : {
  "main_scheduler" : {
    "bqs" : {
      "00054" : {
        "mmconts" : [19, 23, 27],
        "acts" : [18, 18],
        "tstate" : { "idle" : 971657, "run" : 26635, "locked" : 0, "mmap" : 1624 }
      },
      "00055" : {
        "mmconts" : [14, 20, 27],
        "acts" : [27, 27],
        "tstate" : { "idle" : 967214, "run" : 30051, "locked" : 0, "mmap" : 2651 }
      },
      "00056" : {
        "mmconts" : [1, 4, 10],
        "acts" : [17, 17],
        "tstate" : { "idle" : 973085, "run" : 25003, "locked" : 0, "mmap" : 1828 }
      }
    }
  },
  "benchmark_io" : {
    "simple_times" : {
      "mcount" : {
        "mcount" : { "1 -- 2" : 7, "1 -- 1" : 18, "-- 1" : 5 }
      }
    },
    "stream_method" : {
      "conns" : [0, 0],
      "in" : [0, 0],
      "out" : [0, 0],
      "mmtasks" : [0, 0, 1],
      "load" : 0.991,
      "mcount" : {
        "mcount" : { "Connection refused" : 30 }
      },
      "http_proto0" : {
        "mcount" : {
          "mcount" : { }
        }
      },
      "source_log" : {
        "delta" : [0, 0, 0]
      },
      "loggers" : {
        "brief_logger" : {
          "records" : [30, 30],
          "out" : [1335, 1335]
        }
      }
    }
  }
},
"2022-05-17 17:28:26.810 +0000" : {
  "main_scheduler" : {
    "bqs" : {
      "00054" : {
        "mmconts" : [2, 9, 19],
        "acts" : [35, 36],
        "tstate" : { "idle" : 903079, "run" : 56899, "locked" : 0, "mmap" : 4146 }
      },
      "00055" : {
        "mmconts" : [1, 9, 14],
        "acts" : [26, 26],
        "tstate" : { "idle" : 926540, "run" : 34730, "locked" : 0, "mmap" : 2862 }
      },
      "00056" : {
        "mmconts" : [1, 1, 1],
        "acts" : [1, 1],
        "tstate" : { "idle" : 961907, "run" : 2226, "locked" : 0, "mmap" : 0 }
      }
    }
  },
  "benchmark_io" : {
    "simple_times" : {
      "mcount" : {
        "mcount" : { "4 -- 6" : 2, "2 -- 4" : 2, "1 -- 2" : 4, "1 -- 1" : 17, "-- 1" : 4 }
      }
    },
    "stream_method" : {
      "conns" : [0, 0],
      "in" : [0, 0],
      "out" : [0, 0],
      "mmtasks" : [0, 0, 1],
      "load" : 0.988,
      "mcount" : {
        "mcount" : { "Connection refused" : 29 }
      },
      "http_proto0" : {
        "mcount" : {
          "mcount" : { }
        }
      },
      "source_log" : {
        "delta" : [0, 0, 0]
      },
      "loggers" : {
        "brief_logger" : {
          "records" : [29, 30],
          "out" : [1293, 1340]
        }
      }
    }
  }
}