2022-05-18 21:19:21,125 [INFO] root consoleworker.py:434	Log file created
2022-05-18 21:19:21,127 [INFO] root consoleworker.py:438	Logging handler <logging.FileHandler object at 0x40192a2c10> added
2022-05-18 21:19:21,132 [INFO] root consoleworker.py:438	Logging handler <logging.StreamHandler object at 0x401926a850> added
2022-05-18 21:19:21,136 [INFO] root consoleworker.py:438	Logging handler <logging.StreamHandler object at 0x401928ea50> added
2022-05-18 21:19:21,138 [INFO] root consoleworker.py:373	Created a folder for the test. /var/loadtest/logs/2022-05-18_21-19-20.931030
2022-05-18 21:19:21,142 [INFO] yandextank.core.tankcore tankcore.py:237	Configuring plugins...
2022-05-18 21:19:21,143 [INFO] yandextank.core.tankcore tankcore.py:190	Loading plugins...
2022-05-18 21:19:21,145 [DEBUG] yandextank.core.tankcore tankcore.py:192	Loading plugin rcheck from yandextank.plugins.ResourceCheck
2022-05-18 21:19:21,151 [DEBUG] yandextank.core.tankcore tankcore.py:192	Loading plugin json_report from yandextank.plugins.JsonReport
2022-05-18 21:19:21,160 [DEBUG] yandextank.core.tankcore tankcore.py:192	Loading plugin overload from yandextank.plugins.DataUploader
2022-05-18 21:19:21,161 [DEBUG] yandextank.core.tankcore tankcore.py:192	Loading plugin rcassert from yandextank.plugins.RCAssert
2022-05-18 21:19:21,169 [DEBUG] yandextank.core.tankcore tankcore.py:192	Loading plugin pandora from yandextank.plugins.Pandora
2022-05-18 21:19:21,171 [DEBUG] yandextank.core.tankcore tankcore.py:192	Loading plugin console from yandextank.plugins.Console
2022-05-18 21:19:21,172 [DEBUG] yandextank.core.tankcore tankcore.py:192	Loading plugin shellexec from yandextank.plugins.ShellExec
2022-05-18 21:19:21,177 [DEBUG] yandextank.core.tankcore tankcore.py:192	Loading plugin autostop from yandextank.plugins.Autostop
2022-05-18 21:19:21,181 [DEBUG] yandextank.core.tankcore tankcore.py:212	Plugin instances: {'plugin_pandora': <yandextank.plugins.Pandora.plugin.Plugin object at 0x4019375890>, 'plugin_json_report': <yandextank.plugins.JsonReport.plugin.Plugin object at 0x401937e590>, 'plugin_autostop': <yandextank.plugins.Autostop.plugin.Plugin object at 0x4019375cd0>, 'plugin_shellexec': <yandextank.plugins.ShellExec.plugin.Plugin object at 0x40193753d0>, 'plugin_console': <yandextank.plugins.Console.plugin.Plugin object at 0x4019375950>, 'plugin_rcassert': <yandextank.plugins.RCAssert.plugin.Plugin object at 0x4019375590>, 'plugin_rcheck': <yandextank.plugins.ResourceCheck.plugin.Plugin object at 0x4019366e90>, 'plugin_overload': <yandextank.plugins.DataUploader.plugin.Plugin object at 0x401937eb50>}
2022-05-18 21:19:21,195 [DEBUG] yandextank.core.tankcore tankcore.py:244	Configuring <yandextank.plugins.Pandora.plugin.Plugin object at 0x4019375890>
2022-05-18 21:19:21,200 [INFO] yandextank.plugins.Pandora.plugin plugin.py:68	Found config_file option configuration
2022-05-18 21:19:21,234 [DEBUG] yandextank.core.tankcore tankcore.py:446	Adding artifact file to collect (keep=False): /var/loadtest/logs/2022-05-18_21-19-20.931030/pandora_config_peLNbK.yaml
2022-05-18 21:19:21,248 [DEBUG] yandextank.plugins.Pandora.plugin plugin.py:74	Config after parsing for patching: {'pools': [{'rps': {'duration': '60s', 'type': 'line', 'from': 1, 'to': 200}, 'result': {'destination': './phout.log', 'type': 'phout'}, 'startup': {'type': 'once', 'times': 10}, 'gun': {'type': 'My_custom_gun_name', 'target': '0.0.0.0:8080'}, 'ammo': {'source': {'path': './json.ammo', 'type': 'file'}, 'type': 'custom_provider'}, 'id': 'HTTP pool'}]}
2022-05-18 21:19:21,250 [INFO] yandextank.plugins.Pandora.plugin plugin.py:153	Found report file in pandora config: ./phout.log
2022-05-18 21:19:21,253 [DEBUG] yandextank.core.tankcore tankcore.py:446	Adding artifact file to collect (keep=False): ./phout.log
2022-05-18 21:19:21,254 [DEBUG] yandextank.core.tankcore tankcore.py:244	Configuring <yandextank.plugins.JsonReport.plugin.Plugin object at 0x401937e590>
2022-05-18 21:19:21,256 [DEBUG] yandextank.core.tankcore tankcore.py:391	Searching for plugin: <class 'yandextank.common.interfaces.GeneratorPlugin'>
2022-05-18 21:19:21,264 [DEBUG] yandextank.core.tankcore tankcore.py:244	Configuring <yandextank.plugins.Autostop.plugin.Plugin object at 0x4019375cd0>
2022-05-18 21:19:21,267 [DEBUG] yandextank.core.tankcore tankcore.py:244	Configuring <yandextank.plugins.ShellExec.plugin.Plugin object at 0x40193753d0>
2022-05-18 21:19:21,269 [DEBUG] yandextank.core.tankcore tankcore.py:244	Configuring <yandextank.plugins.Console.plugin.Plugin object at 0x4019375950>
2022-05-18 21:19:21,272 [DEBUG] yandextank.core.tankcore tankcore.py:244	Configuring <yandextank.plugins.RCAssert.plugin.Plugin object at 0x4019375590>
2022-05-18 21:19:21,273 [DEBUG] yandextank.core.tankcore tankcore.py:244	Configuring <yandextank.plugins.ResourceCheck.plugin.Plugin object at 0x4019366e90>
2022-05-18 21:19:21,276 [DEBUG] yandextank.core.tankcore tankcore.py:244	Configuring <yandextank.plugins.DataUploader.plugin.Plugin object at 0x401937eb50>
2022-05-18 21:19:21,278 [INFO] yandextank.core.tankcore tankcore.py:249	Preparing test...
2022-05-18 21:19:21,280 [DEBUG] yandextank.core.tankcore tankcore.py:253	Preparing <yandextank.plugins.Pandora.plugin.Plugin object at 0x4019375890>
2022-05-18 21:19:21,282 [DEBUG] yandextank.core.tankcore tankcore.py:391	Searching for plugin: <class 'yandextank.plugins.Console.plugin.Plugin'>
2022-05-18 21:19:21,283 [DEBUG] yandextank.core.tankcore tankcore.py:253	Preparing <yandextank.plugins.JsonReport.plugin.Plugin object at 0x401937e590>
2022-05-18 21:19:21,284 [DEBUG] yandextank.core.tankcore tankcore.py:253	Preparing <yandextank.plugins.Autostop.plugin.Plugin object at 0x4019375cd0>
2022-05-18 21:19:21,285 [DEBUG] yandextank.common.interfaces plugin.py:74	Criterion string: http(5xx,10%,5s)
2022-05-18 21:19:21,287 [DEBUG] yandextank.common.interfaces plugin.py:78	Criterion objects: {'http(5xx,10%,5s)': <yandextank.plugins.Autostop.criterions.HTTPCodesCriterion object at 0x4019375f10>}
2022-05-18 21:19:21,288 [DEBUG] yandextank.core.tankcore tankcore.py:391	Searching for plugin: <class 'yandextank.plugins.Console.plugin.Plugin'>
2022-05-18 21:19:21,289 [DEBUG] yandextank.core.tankcore tankcore.py:253	Preparing <yandextank.plugins.ShellExec.plugin.Plugin object at 0x40193753d0>
2022-05-18 21:19:21,290 [DEBUG] yandextank.core.tankcore tankcore.py:253	Preparing <yandextank.plugins.Console.plugin.Plugin object at 0x4019375950>
2022-05-18 21:19:21,291 [DEBUG] yandextank.core.tankcore tankcore.py:253	Preparing <yandextank.plugins.RCAssert.plugin.Plugin object at 0x4019375590>
2022-05-18 21:19:21,292 [DEBUG] yandextank.core.tankcore tankcore.py:253	Preparing <yandextank.plugins.ResourceCheck.plugin.Plugin object at 0x4019366e90>
2022-05-18 21:19:21,293 [INFO] yandextank.common.interfaces plugin.py:39	Checking tank resources...
2022-05-18 21:19:21,293 [DEBUG] netort.process process.py:23	Starting: sh -c "df --no-sync -m -P -l -x fuse -x tmpfs -x devtmpfs -x davfs -x nfs /var/loadtest/logs | tail -n 1 | awk '{print \$4}' "
2022-05-18 21:19:21,834 [DEBUG] netort.process process.py:46	Process output:
12821

2022-05-18 21:19:21,836 [DEBUG] netort.process process.py:48	Process exit code: 0
2022-05-18 21:19:21,838 [DEBUG] root plugin.py:58	Result: (0, '12821\n', '')
2022-05-18 21:19:21,839 [DEBUG] yandextank.common.interfaces plugin.py:64	Disk free space: 12821/2048
2022-05-18 21:19:21,842 [DEBUG] yandextank.common.interfaces plugin.py:75	Memory free: 3087/512
2022-05-18 21:19:21,843 [DEBUG] yandextank.core.tankcore tankcore.py:253	Preparing <yandextank.plugins.DataUploader.plugin.Plugin object at 0x401937eb50>
2022-05-18 21:19:21,844 [WARNING] yandextank.plugins.DataUploader.plugin plugin.py:234	Failed to get info about ammo path
2022-05-18 21:19:21,846 [INFO] root plugin.py:523	Using OVERLOAD backend
2022-05-18 21:19:21,848 [DEBUG] yandextank.plugins.DataUploader.plugin plugin.py:618	Trying to read token from token.txt
2022-05-18 21:19:21,853 [INFO] yandextank.plugins.DataUploader.plugin plugin.py:624	Read authentication token from token.txt, token length is 32 bytes
2022-05-18 21:19:21,903 [INFO] yandextank.plugins.DataUploader.client client.py:59	Proxy not set
2022-05-18 21:19:21,907 [INFO] yandextank.plugins.DataUploader.plugin plugin.py:647	Detected target: 0.0.0.0:8080
2022-05-18 21:19:21,937 [DEBUG] yandextank.plugins.DataUploader.client client.py:336	Job create request: {'person': 'root', 'host': '0.0.0.0:8080', 'task': '', 'tank': '758941387e91', 'notify': [], 'loadscheme': [], 'detailed_time': None, 'port': '8080'}
2022-05-18 21:19:21,949 [DEBUG] urllib3.connectionpool connectionpool.py:813	Starting new HTTPS connection (1): overload.yandex.net:443
2022-05-18 21:19:22,337 [DEBUG] urllib3.connectionpool connectionpool.py:393	https://overload.yandex.net:443 "POST /api/job/create.json?api_token=4f2a42fb997146a394c06ccf2768f953 HTTP/1.1" 200 None
2022-05-18 21:19:22,367 [INFO] yandextank.plugins.DataUploader.plugin plugin.py:789	Job created: 522943
2022-05-18 21:19:22,372 [DEBUG] yandextank.plugins.DataUploader.client client.py:642	Sending configinitial config
2022-05-18 21:19:22,514 [DEBUG] urllib3.connectionpool connectionpool.py:393	https://overload.yandex.net:443 "POST /api/job/522943/configinitial.txt?api_token=4f2a42fb997146a394c06ccf2768f953 HTTP/1.1" 200 16
2022-05-18 21:19:22,524 [INFO] yandextank.plugins.DataUploader.plugin plugin.py:485	Locking targets: ['0.0.0.0:8080']
2022-05-18 21:19:22,527 [INFO] yandextank.plugins.DataUploader.plugin plugin.py:487	Locked targets: ['0.0.0.0:8080']
2022-05-18 21:19:22,537 [DEBUG] yandextank.common.interfaces interfaces.py:101	Publishing status: Plugin/job_no: 522943
2022-05-18 21:19:22,739 [DEBUG] urllib3.connectionpool connectionpool.py:393	https://overload.yandex.net:443 "POST /api/job/522943/edit.json?api_token=4f2a42fb997146a394c06ccf2768f953 HTTP/1.1" 200 19
2022-05-18 21:19:22,752 [DEBUG] yandextank.core.tankcore tankcore.py:391	Searching for plugin: <class 'yandextank.plugins.Console.plugin.Plugin'>
2022-05-18 21:19:22,758 [DEBUG] yandextank.plugins.DataUploader.client client.py:642	Sending configinitial config
2022-05-18 21:19:22,828 [DEBUG] urllib3.connectionpool connectionpool.py:393	https://overload.yandex.net:443 "POST /api/job/522943/configinitial.txt?api_token=4f2a42fb997146a394c06ccf2768f953 HTTP/1.1" 200 16
2022-05-18 21:19:22,837 [DEBUG] yandextank.plugins.DataUploader.client client.py:642	Sending configinfo config
2022-05-18 21:19:23,014 [DEBUG] urllib3.connectionpool connectionpool.py:393	https://overload.yandex.net:443 "POST /api/job/522943/configinfo.txt?api_token=4f2a42fb997146a394c06ccf2768f953 HTTP/1.1" 200 16
2022-05-18 21:19:23,023 [INFO] yandextank.core.tankcore tankcore.py:259	Starting test...
2022-05-18 21:19:23,037 [INFO] yandextank.aggregator.tank_aggregator tank_aggregator.py:63	using verbose histogram
2022-05-18 21:19:23,068 [DEBUG] yandextank.core.tankcore tankcore.py:263	Starting <yandextank.plugins.Pandora.plugin.Plugin object at 0x4019375890>
2022-05-18 21:19:23,073 [INFO] yandextank.plugins.Pandora.plugin plugin.py:183	Starting: ['/Users/nikitaratasnuk/yandex.tank/pandora/pandora', '-expvar', '/var/loadtest/logs/2022-05-18_21-19-20.931030/pandora_config_peLNbK.yaml']
2022-05-18 21:19:23,077 [DEBUG] urllib3.connectionpool connectionpool.py:205	Starting new HTTP connection (1): localhost:1234
2022-05-18 21:19:23,090 [DEBUG] yandextank.core.tankcore tankcore.py:446	Adding artifact file to collect (keep=False): /var/loadtest/logs/2022-05-18_21-19-20.931030/pandora_hOgxi9.log
2022-05-18 21:19:23,094 [DEBUG] yandextank.plugins.Pandora.reader reader.py:33	Pandora expvar http interface is unavailable
Traceback (most recent call last):
  File "/usr/local/lib/python2.7/dist-packages/yandextank/plugins/Pandora/reader.py", line 24, in run
    pandora_stat = requests.get("http://localhost:1234/debug/vars", timeout=0.9).json()
  File "/usr/local/lib/python2.7/dist-packages/requests/api.py", line 75, in get
    return request('get', url, params=params, **kwargs)
  File "/usr/local/lib/python2.7/dist-packages/requests/api.py", line 60, in request
    return session.request(method=method, url=url, **kwargs)
  File "/usr/local/lib/python2.7/dist-packages/requests/sessions.py", line 533, in request
    resp = self.send(prep, **send_kwargs)
  File "/usr/local/lib/python2.7/dist-packages/requests/sessions.py", line 646, in send
    r = adapter.send(request, **kwargs)
  File "/usr/local/lib/python2.7/dist-packages/requests/adapters.py", line 516, in send
    raise ConnectionError(e, request=request)
ConnectionError: HTTPConnectionPool(host='localhost', port=1234): Max retries exceeded with url: /debug/vars (Caused by NewConnectionError('<urllib3.connection.HTTPConnection object at 0x40195bdd50>: Failed to establish a new connection: [Errno 111] Connection refused',))
2022-05-18 21:19:23,599 [DEBUG] yandextank.plugins.Pandora.plugin plugin.py:196	Unable to start Pandora binary. Args: ['/Users/nikitaratasnuk/yandex.tank/pandora/pandora', '-expvar', '/var/loadtest/logs/2022-05-18_21-19-20.931030/pandora_config_peLNbK.yaml']
Traceback (most recent call last):
  File "/usr/local/lib/python2.7/dist-packages/yandextank/plugins/Pandora/plugin.py", line 193, in start_test
    close_fds=True)
  File "/usr/lib/python2.7/subprocess.py", line 711, in __init__
    errread, errwrite)
  File "/usr/lib/python2.7/subprocess.py", line 1343, in _execute_child
    raise child_exception
OSError: [Errno 2] No such file or directory
2022-05-18 21:19:23,604 [ERROR] root consoleworker.py:296	Test interrupted:
<type 'exceptions.RuntimeError'>: Unable to start Pandora binary and/or file does not exist: ['/Users/nikitaratasnuk/yandex.tank/pandora/pandora', '-expvar', '/var/loadtest/logs/2022-05-18_21-19-20.931030/pandora_config_peLNbK.yaml']
<traceback object at 0x403df9bb90>
2022-05-18 21:19:23,608 [INFO] yandextank.core.tankcore tankcore.py:301	Finishing test...
2022-05-18 21:19:23,609 [INFO] yandextank.core.tankcore tankcore.py:303	Stopping load generator and aggregator
2022-05-18 21:19:23,611 [DEBUG] yandextank.plugins.Pandora.plugin plugin.py:225	Seems subprocess finished OK
2022-05-18 21:19:23,613 [DEBUG] yandextank.aggregator.tank_aggregator tank_aggregator.py:123	Closing stats reader
2022-05-18 21:19:23,728 [DEBUG] yandextank.aggregator.tank_aggregator tank_aggregator.py:126	Waiting for gun drain to finish
2022-05-18 21:19:24,079 [DEBUG] yandextank.aggregator.tank_aggregator tank_aggregator.py:128	Waiting for stats drain to finish
2022-05-18 21:19:24,084 [DEBUG] yandextank.aggregator.tank_aggregator tank_aggregator.py:130	Collecting remaining data
2022-05-18 21:19:24,090 [DEBUG] yandextank.aggregator.tank_aggregator tank_aggregator.py:87	Data timestamps: []
2022-05-18 21:19:24,094 [DEBUG] yandextank.aggregator.tank_aggregator tank_aggregator.py:88	Stats timestamps: []
2022-05-18 21:19:24,095 [DEBUG] yandextank.core.tankcore tankcore.py:305	RC after: 1
2022-05-18 21:19:24,096 [INFO] yandextank.core.tankcore tankcore.py:307	Stopping monitoring
2022-05-18 21:19:24,098 [DEBUG] yandextank.core.tankcore tankcore.py:315	Finalize <yandextank.plugins.JsonReport.plugin.Plugin object at 0x401937e590>
2022-05-18 21:19:24,100 [DEBUG] yandextank.core.tankcore tankcore.py:317	RC before: 1
2022-05-18 21:19:24,102 [DEBUG] yandextank.core.tankcore tankcore.py:319	RC after: 1
2022-05-18 21:19:24,103 [DEBUG] yandextank.core.tankcore tankcore.py:315	Finalize <yandextank.plugins.Autostop.plugin.Plugin object at 0x4019375cd0>
2022-05-18 21:19:24,104 [DEBUG] yandextank.core.tankcore tankcore.py:317	RC before: 1
2022-05-18 21:19:24,106 [DEBUG] yandextank.core.tankcore tankcore.py:319	RC after: 1
2022-05-18 21:19:24,108 [DEBUG] yandextank.core.tankcore tankcore.py:315	Finalize <yandextank.plugins.ShellExec.plugin.Plugin object at 0x40193753d0>
2022-05-18 21:19:24,109 [DEBUG] yandextank.core.tankcore tankcore.py:317	RC before: 1
2022-05-18 21:19:24,110 [DEBUG] yandextank.core.tankcore tankcore.py:319	RC after: 1
2022-05-18 21:19:24,114 [DEBUG] yandextank.core.tankcore tankcore.py:315	Finalize <yandextank.plugins.Console.plugin.Plugin object at 0x4019375950>
2022-05-18 21:19:24,116 [DEBUG] yandextank.core.tankcore tankcore.py:317	RC before: 1
2022-05-18 21:19:24,118 [DEBUG] yandextank.core.tankcore tankcore.py:319	RC after: 1
2022-05-18 21:19:24,119 [DEBUG] yandextank.core.tankcore tankcore.py:315	Finalize <yandextank.plugins.RCAssert.plugin.Plugin object at 0x4019375590>
2022-05-18 21:19:24,122 [DEBUG] yandextank.core.tankcore tankcore.py:317	RC before: 1
2022-05-18 21:19:24,123 [DEBUG] yandextank.core.tankcore tankcore.py:319	RC after: 1
2022-05-18 21:19:24,124 [DEBUG] yandextank.core.tankcore tankcore.py:315	Finalize <yandextank.plugins.ResourceCheck.plugin.Plugin object at 0x4019366e90>
2022-05-18 21:19:24,126 [DEBUG] yandextank.core.tankcore tankcore.py:317	RC before: 1
2022-05-18 21:19:24,127 [DEBUG] yandextank.core.tankcore tankcore.py:319	RC after: 1
2022-05-18 21:19:24,127 [DEBUG] yandextank.core.tankcore tankcore.py:315	Finalize <yandextank.plugins.DataUploader.plugin.Plugin object at 0x401937eb50>
2022-05-18 21:19:24,129 [DEBUG] yandextank.core.tankcore tankcore.py:317	RC before: 1
2022-05-18 21:19:24,131 [DEBUG] yandextank.plugins.DataUploader.client client.py:642	Sending configinitial config
2022-05-18 21:19:24,204 [DEBUG] urllib3.connectionpool connectionpool.py:393	https://overload.yandex.net:443 "POST /api/job/522943/configinitial.txt?api_token=4f2a42fb997146a394c06ccf2768f953 HTTP/1.1" 200 16
2022-05-18 21:19:24,209 [DEBUG] yandextank.plugins.DataUploader.client client.py:642	Sending configinfo config
2022-05-18 21:19:24,277 [DEBUG] urllib3.connectionpool connectionpool.py:393	https://overload.yandex.net:443 "POST /api/job/522943/configinfo.txt?api_token=4f2a42fb997146a394c06ccf2768f953 HTTP/1.1" 200 16
2022-05-18 21:19:24,283 [INFO] yandextank.plugins.DataUploader.plugin plugin.py:478	Unlocking targets: ['0.0.0.0:8080']
2022-05-18 21:19:24,286 [INFO] yandextank.plugins.DataUploader.plugin plugin.py:480	0.0.0.0:8080
2022-05-18 21:19:24,289 [DEBUG] yandextank.core.tankcore tankcore.py:319	RC after: 1
2022-05-18 21:19:24,292 [INFO] yandextank.core.tankcore tankcore.py:330	Post-processing test...
2022-05-18 21:19:24,294 [DEBUG] yandextank.core.tankcore tankcore.py:333	Post-process <yandextank.plugins.Pandora.plugin.Plugin object at 0x4019375890>
2022-05-18 21:19:24,295 [DEBUG] yandextank.core.tankcore tankcore.py:335	RC before: 1
2022-05-18 21:19:24,299 [DEBUG] yandextank.core.tankcore tankcore.py:337	RC after: 1
2022-05-18 21:19:24,302 [DEBUG] yandextank.core.tankcore tankcore.py:333	Post-process <yandextank.plugins.JsonReport.plugin.Plugin object at 0x401937e590>
2022-05-18 21:19:24,304 [DEBUG] yandextank.core.tankcore tankcore.py:335	RC before: 1
2022-05-18 21:19:24,307 [DEBUG] yandextank.core.tankcore tankcore.py:337	RC after: 1
2022-05-18 21:19:24,310 [DEBUG] yandextank.core.tankcore tankcore.py:333	Post-process <yandextank.plugins.Autostop.plugin.Plugin object at 0x4019375cd0>
2022-05-18 21:19:24,312 [DEBUG] yandextank.core.tankcore tankcore.py:335	RC before: 1
2022-05-18 21:19:24,317 [DEBUG] yandextank.core.tankcore tankcore.py:337	RC after: 1
2022-05-18 21:19:24,321 [DEBUG] yandextank.core.tankcore tankcore.py:333	Post-process <yandextank.plugins.ShellExec.plugin.Plugin object at 0x40193753d0>
2022-05-18 21:19:24,322 [DEBUG] yandextank.core.tankcore tankcore.py:335	RC before: 1
2022-05-18 21:19:24,324 [DEBUG] yandextank.core.tankcore tankcore.py:337	RC after: 1
2022-05-18 21:19:24,325 [DEBUG] yandextank.core.tankcore tankcore.py:333	Post-process <yandextank.plugins.Console.plugin.Plugin object at 0x4019375950>
2022-05-18 21:19:24,326 [DEBUG] yandextank.core.tankcore tankcore.py:335	RC before: 1
2022-05-18 21:19:24,329 [DEBUG] yandextank.core.tankcore tankcore.py:337	RC after: 1
2022-05-18 21:19:24,331 [DEBUG] yandextank.core.tankcore tankcore.py:333	Post-process <yandextank.plugins.RCAssert.plugin.Plugin object at 0x4019375590>
2022-05-18 21:19:24,333 [DEBUG] yandextank.core.tankcore tankcore.py:335	RC before: 1
2022-05-18 21:19:24,335 [DEBUG] yandextank.core.tankcore tankcore.py:337	RC after: 1
2022-05-18 21:19:24,336 [DEBUG] yandextank.core.tankcore tankcore.py:333	Post-process <yandextank.plugins.ResourceCheck.plugin.Plugin object at 0x4019366e90>
2022-05-18 21:19:24,337 [DEBUG] yandextank.core.tankcore tankcore.py:335	RC before: 1
2022-05-18 21:19:24,339 [DEBUG] yandextank.core.tankcore tankcore.py:337	RC after: 1
2022-05-18 21:19:24,341 [DEBUG] yandextank.core.tankcore tankcore.py:333	Post-process <yandextank.plugins.DataUploader.plugin.Plugin object at 0x401937eb50>
2022-05-18 21:19:24,342 [DEBUG] yandextank.core.tankcore tankcore.py:335	RC before: 1
2022-05-18 21:19:24,344 [INFO] yandextank.plugins.DataUploader.plugin plugin.py:350	Waiting for sender threads to join.
2022-05-18 21:19:24,348 [INFO] yandextank.plugins.DataUploader.plugin plugin.py:357	Web link: None
2022-05-18 21:19:24,352 [DEBUG] yandextank.core.tankcore tankcore.py:391	Searching for plugin: <class 'yandextank.plugins.Autostop.plugin.Plugin'>
2022-05-18 21:19:24,354 [DEBUG] yandextank.plugins.DataUploader.plugin plugin.py:376	No autostop cause detected
2022-05-18 21:19:24,355 [DEBUG] yandextank.plugins.DataUploader.client client.py:642	Sending configinitial config
2022-05-18 21:19:24,489 [DEBUG] urllib3.connectionpool connectionpool.py:393	https://overload.yandex.net:443 "POST /api/job/522943/configinitial.txt?api_token=4f2a42fb997146a394c06ccf2768f953 HTTP/1.1" 200 16
2022-05-18 21:19:24,495 [DEBUG] yandextank.plugins.DataUploader.client client.py:642	Sending configinfo config
2022-05-18 21:19:24,575 [DEBUG] urllib3.connectionpool connectionpool.py:393	https://overload.yandex.net:443 "POST /api/job/522943/configinfo.txt?api_token=4f2a42fb997146a394c06ccf2768f953 HTTP/1.1" 200 16
2022-05-18 21:19:24,581 [DEBUG] yandextank.core.tankcore tankcore.py:337	RC after: 1
2022-05-18 21:19:24,585 [INFO] root consoleworker.py:269	Trying to clean up
2022-05-18 21:19:24,588 [INFO] yandextank.core.tankcore tankcore.py:526	Cleaning up plugin plugin_pandora
2022-05-18 21:19:24,590 [INFO] yandextank.core.tankcore tankcore.py:526	Cleaning up plugin plugin_json_report
2022-05-18 21:19:24,593 [INFO] yandextank.core.tankcore tankcore.py:526	Cleaning up plugin plugin_autostop
2022-05-18 21:19:24,595 [INFO] yandextank.core.tankcore tankcore.py:526	Cleaning up plugin plugin_shellexec
2022-05-18 21:19:24,599 [INFO] yandextank.core.tankcore tankcore.py:526	Cleaning up plugin plugin_console
2022-05-18 21:19:24,602 [INFO] yandextank.core.tankcore tankcore.py:526	Cleaning up plugin plugin_rcassert
2022-05-18 21:19:24,604 [INFO] yandextank.core.tankcore tankcore.py:526	Cleaning up plugin plugin_rcheck
2022-05-18 21:19:24,608 [INFO] yandextank.core.tankcore tankcore.py:526	Cleaning up plugin plugin_overload
2022-05-18 21:19:24,686 [DEBUG] urllib3.connectionpool connectionpool.py:393	https://overload.yandex.net:443 "GET /api/job/522943/close.json?exitcode=1&api_token=4f2a42fb997146a394c06ccf2768f953 HTTP/1.1" 200 16
2022-05-18 21:19:24,691 [INFO] yandextank.plugins.DataUploader.plugin plugin.py:478	Unlocking targets: ['0.0.0.0:8080']
2022-05-18 21:19:24,693 [INFO] yandextank.plugins.DataUploader.plugin plugin.py:480	0.0.0.0:8080
2022-05-18 21:19:24,695 [INFO] yandextank.core.tankcore tankcore.py:561	Releasing lock: /var/lock/lunapark_aby_k8.lock
2022-05-18 21:19:24,712 [DEBUG] yandextank.core.tankcore tankcore.py:367	Collecting artifacts
2022-05-18 21:19:24,713 [INFO] yandextank.core.tankcore tankcore.py:368	Artifacts dir: /var/loadtest/logs/2022-05-18_21-19-20.931030
2022-05-18 21:19:24,714 [DEBUG] yandextank.core.tankcore tankcore.py:422	Collecting file: ./phout.log to /var/loadtest/logs/2022-05-18_21-19-20.931030/phout.log
2022-05-18 21:19:24,724 [DEBUG] yandextank.core.tankcore tankcore.py:422	Collecting file: validation_error.yaml to /var/loadtest/logs/2022-05-18_21-19-20.931030/validation_error.yaml
2022-05-18 21:19:24,726 [WARNING] yandextank.core.tankcore tankcore.py:424	File not found to collect: validation_error.yaml
2022-05-18 21:19:24,728 [DEBUG] yandextank.core.tankcore tankcore.py:422	Collecting file: /var/loadtest/logs/2022-05-18_21-19-20.931030/pandora_hOgxi9.log to /var/loadtest/logs/2022-05-18_21-19-20.931030/pandora_hOgxi9.log
2022-05-18 21:19:24,729 [WARNING] yandextank.core.tankcore tankcore.py:429	File already exists: /var/loadtest/logs/2022-05-18_21-19-20.931030/pandora_hOgxi9.log
2022-05-18 21:19:24,732 [DEBUG] yandextank.core.tankcore tankcore.py:422	Collecting file: /var/loadtest/logs/2022-05-18_21-19-20.931030/pandora_config_peLNbK.yaml to /var/loadtest/logs/2022-05-18_21-19-20.931030/pandora_config_peLNbK.yaml
2022-05-18 21:19:24,735 [WARNING] yandextank.core.tankcore tankcore.py:429	File already exists: /var/loadtest/logs/2022-05-18_21-19-20.931030/pandora_config_peLNbK.yaml
