1653135546.135	/MyCase1	48824	0	0	0	0	0	0	0	0	200
1653135546.854	/MyCase1	8713	0	0	0	0	0	0	0	0	200
1653135547.342	/MyCase1	13451	0	0	0	0	0	0	0	0	200
1653135547.732	/MyCase1	12510	0	0	0	0	0	0	0	0	200
1653135548.069	/MyCase1	3106	0	0	0	0	0	0	0	0	200
1653135548.371	/MyCase1	10479	0	0	0	0	0	0	0	0	200
1653135548.652	/MyCase1	5909	0	0	0	0	0	0	0	0	200
1653135548.903	/MyCase1	8068	0	0	0	0	0	0	0	0	200
1653135549.144	/MyCase1	2862	0	0	0	0	0	0	0	0	200
1653135549.367	/MyCase1	3266	0	0	0	0	0	0	0	0	200
1653135549.579	/MyCase1	3385	0	0	0	0	0	0	0	0	200
1653135549.783	/MyCase1	7702	0	0	0	0	0	0	0	0	200
1653135549.978	/MyCase1	10464	0	0	0	0	0	0	0	0	200
1653135550.164	/MyCase1	3723	0	0	0	0	0	0	0	0	200
1653135550.344	/MyCase1	2787	0	0	0	0	0	0	0	0	200
1653135550.518	/MyCase1	4333	0	0	0	0	0	0	0	0	200
1653135550.686	/MyCase1	4559	0	0	0	0	0	0	0	0	200
1653135550.854	/MyCase1	9287	0	0	0	0	0	0	0	0	200
1653135551.009	/MyCase1	13766	0	0	0	0	0	0	0	0	200
1653135551.163	/MyCase1	3885	0	0	0	0	0	0	0	0	200
1653135551.315	/MyCase1	6526	0	0	0	0	0	0	0	0	200
1653135551.460	/MyCase1	13860	0	0	0	0	0	0	0	0	200
1653135551.604	/MyCase1	2911	0	0	0	0	0	0	0	0	200
1653135551.748	/MyCase1	3483	0	0	0	0	0	0	0	0	200
1653135551.885	/MyCase1	5382	0	0	0	0	0	0	0	0	200
1653135552.018	/MyCase1	7745	0	0	0	0	0	0	0	0	200
1653135552.149	/MyCase1	5165	0	0	0	0	0	0	0	0	200
1653135552.282	/MyCase1	3679	0	0	0	0	0	0	0	0	200
1653135552.406	/MyCase1	6592	0	0	0	0	0	0	0	0	200
1653135552.531	/MyCase1	12733	0	0	0	0	0	0	0	0	200
1653135552.646	/MyCase1	2459	0	0	0	0	0	0	0	0	200
1653135552.765	/MyCase1	2691	0	0	0	0	0	0	0	0	200
1653135552.886	/MyCase1	6061	0	0	0	0	0	0	0	0	200
1653135553.002	/MyCase1	9992	0	0	0	0	0	0	0	0	200
1653135553.117	/MyCase1	1732	0	0	0	0	0	0	0	0	200
1653135553.230	/MyCase1	5135	0	0	0	0	0	0	0	0	200
1653135553.342	/MyCase1	4979	0	0	0	0	0	0	0	0	200
1653135553.453	/MyCase1	5469	0	0	0	0	0	0	0	0	200
1653135553.563	/MyCase1	2258	0	0	0	0	0	0	0	0	200
1653135553.673	/MyCase1	11401	0	0	0	0	0	0	0	0	200
1653135553.776	/MyCase1	2475	0	0	0	0	0	0	0	0	200
1653135553.885	/MyCase1	2962	0	0	0	0	0	0	0	0	200
1653135553.987	/MyCase1	2503	0	0	0	0	0	0	0	0	200
1653135554.088	/MyCase1	2172	0	0	0	0	0	0	0	0	200
1653135554.190	/MyCase1	3245	0	0	0	0	0	0	0	0	200
1653135554.290	/MyCase1	1921	0	0	0	0	0	0	0	0	200
1653135554.392	/MyCase1	3316	0	0	0	0	0	0	0	0	200
1653135554.491	/MyCase1	7609	0	0	0	0	0	0	0	0	200
1653135554.584	/MyCase1	5317	0	0	0	0	0	0	0	0	200
1653135554.680	/MyCase1	1620	0	0	0	0	0	0	0	0	200
1653135554.776	/MyCase1	4240	0	0	0	0	0	0	0	0	200
1653135554.870	/MyCase1	3809	0	0	0	0	0	0	0	0	200
1653135554.963	/MyCase1	3161	0	0	0	0	0	0	0	0	200
1653135555.055	/MyCase1	1488	0	0	0	0	0	0	0	0	200
1653135555.149	/MyCase1	1333	0	0	0	0	0	0	0	0	200
1653135555.238	/MyCase1	2410	0	0	0	0	0	0	0	0	200
1653135555.328	/MyCase1	2206	0	0	0	0	0	0	0	0	200
1653135555.417	/MyCase1	2468	0	0	0	0	0	0	0	0	200
1653135555.506	/MyCase1	2170	0	0	0	0	0	0	0	0	200
1653135555.593	/MyCase1	1948	0	0	0	0	0	0	0	0	200
1653135555.683	/MyCase1	2847	0	0	0	0	0	0	0	0	200
1653135555.770	/MyCase1	3324	0	0	0	0	0	0	0	0	200
1653135555.856	/MyCase1	3931	0	0	0	0	0	0	0	0	200
1653135555.937	/MyCase1	9809	0	0	0	0	0	0	0	0	200
1653135556.020	/MyCase1	2173	0	0	0	0	0	0	0	0	200
1653135556.103	/MyCase1	3508	0	0	0	0	0	0	0	0	200
1653135556.186	/MyCase1	1785	0	0	0	0	0	0	0	0	200
1653135556.270	/MyCase1	2147	0	0	0	0	0	0	0	0	200
1653135556.351	/MyCase1	5153	0	0	0	0	0	0	0	0	200
1653135556.431	/MyCase1	1736	0	0	0	0	0	0	0	0	200
1653135556.511	/MyCase1	9452	0	0	0	0	0	0	0	0	200
1653135556.592	/MyCase1	23933	0	0	0	0	0	0	0	0	200
1653135556.672	/MyCase1	4545	0	0	0	0	0	0	0	0	200
1653135556.750	/MyCase1	3349	0	0	0	0	0	0	0	0	200
1653135556.828	/MyCase1	2455	0	0	0	0	0	0	0	0	200
1653135556.906	/MyCase1	2607	0	0	0	0	0	0	0	0	200
1653135556.986	/MyCase1	2811	0	0	0	0	0	0	0	0	200
1653135557.059	/MyCase1	3176	0	0	0	0	0	0	0	0	200
1653135557.135	/MyCase1	3854	0	0	0	0	0	0	0	0	200
1653135557.210	/MyCase1	4533	0	0	0	0	0	0	0	0	200
1653135557.286	/MyCase1	2666	0	0	0	0	0	0	0	0	200
1653135557.361	/MyCase1	3000	0	0	0	0	0	0	0	0	200
1653135557.435	/MyCase1	1799	0	0	0	0	0	0	0	0	200
1653135557.513	/MyCase1	3054	0	0	0	0	0	0	0	0	200
1653135557.582	/MyCase1	4029	0	0	0	0	0	0	0	0	200
1653135557.655	/MyCase1	7776	0	0	0	0	0	0	0	0	200
1653135557.729	/MyCase1	13713	0	0	0	0	0	0	0	0	200
1653135557.800	/MyCase1	3347	0	0	0	0	0	0	0	0	200
1653135557.872	/MyCase1	1518	0	0	0	0	0	0	0	0	200
1653135557.947	/MyCase1	3801	0	0	0	0	0	0	0	0	200
1653135558.018	/MyCase1	2909	0	0	0	0	0	0	0	0	200
1653135558.088	/MyCase1	2945	0	0	0	0	0	0	0	0	200
1653135558.155	/MyCase1	4299	0	0	0	0	0	0	0	0	200
1653135558.224	/MyCase1	3259	0	0	0	0	0	0	0	0	200
1653135558.294	/MyCase1	4807	0	0	0	0	0	0	0	0	200
1653135558.363	/MyCase1	1683	0	0	0	0	0	0	0	0	200
1653135558.433	/MyCase1	4693	0	0	0	0	0	0	0	0	200
1653135558.500	/MyCase1	3236	0	0	0	0	0	0	0	0	200
1653135558.568	/MyCase1	2503	0	0	0	0	0	0	0	0	200
1653135558.639	/MyCase1	2184	0	0	0	0	0	0	0	0	200
1653135558.703	/MyCase1	5634	0	0	0	0	0	0	0	0	200
1653135558.773	/MyCase1	2171	0	0	0	0	0	0	0	0	200
1653135558.837	/MyCase1	1484	0	0	0	0	0	0	0	0	200
1653135558.902	/MyCase1	1241	0	0	0	0	0	0	0	0	200
1653135558.969	/MyCase1	3073	0	0	0	0	0	0	0	0	200
1653135559.036	/MyCase1	2444	0	0	0	0	0	0	0	0	200
1653135559.099	/MyCase1	3700	0	0	0	0	0	0	0	0	200
1653135559.165	/MyCase1	2477	0	0	0	0	0	0	0	0	200
1653135559.230	/MyCase1	6819	0	0	0	0	0	0	0	0	200
1653135559.296	/MyCase1	3622	0	0	0	0	0	0	0	0	200
1653135559.359	/MyCase1	1917	0	0	0	0	0	0	0	0	200
1653135559.423	/MyCase1	3900	0	0	0	0	0	0	0	0	200
1653135559.488	/MyCase1	2423	0	0	0	0	0	0	0	0	200
1653135559.550	/MyCase1	2329	0	0	0	0	0	0	0	0	200
1653135559.611	/MyCase1	1951	0	0	0	0	0	0	0	0	200
1653135559.674	/MyCase1	1833	0	0	0	0	0	0	0	0	200
1653135559.737	/MyCase1	1642	0	0	0	0	0	0	0	0	200
1653135559.802	/MyCase1	4659	0	0	0	0	0	0	0	0	200
1653135559.860	/MyCase1	2879	0	0	0	0	0	0	0	0	200
1653135559.922	/MyCase1	2413	0	0	0	0	0	0	0	0	200
1653135559.984	/MyCase1	1967	0	0	0	0	0	0	0	0	200
1653135560.045	/MyCase1	2496	0	0	0	0	0	0	0	0	200
1653135560.106	/MyCase1	4237	0	0	0	0	0	0	0	0	200
1653135560.167	/MyCase1	2736	0	0	0	0	0	0	0	0	200
1653135560.228	/MyCase1	3034	0	0	0	0	0	0	0	0	200
1653135560.288	/MyCase1	2932	0	0	0	0	0	0	0	0	200
1653135560.347	/MyCase1	3147	0	0	0	0	0	0	0	0	200
1653135560.407	/MyCase1	2701	0	0	0	0	0	0	0	0	200
1653135560.467	/MyCase1	2666	0	0	0	0	0	0	0	0	200
1653135560.525	/MyCase1	5919	0	0	0	0	0	0	0	0	200
1653135560.584	/MyCase1	2667	0	0	0	0	0	0	0	0	200
1653135560.643	/MyCase1	3133	0	0	0	0	0	0	0	0	200
1653135560.701	/MyCase1	3236	0	0	0	0	0	0	0	0	200
1653135560.760	/MyCase1	1568	0	0	0	0	0	0	0	0	200
1653135560.818	/MyCase1	2423	0	0	0	0	0	0	0	0	200
1653135560.876	/MyCase1	3145	0	0	0	0	0	0	0	0	200
1653135560.934	/MyCase1	5070	0	0	0	0	0	0	0	0	200
1653135560.991	/MyCase1	3508	0	0	0	0	0	0	0	0	200
1653135561.050	/MyCase1	2662	0	0	0	0	0	0	0	0	200
1653135561.105	/MyCase1	1948	0	0	0	0	0	0	0	0	200
1653135561.166	/MyCase1	2753	0	0	0	0	0	0	0	0	200
1653135561.219	/MyCase1	2470	0	0	0	0	0	0	0	0	200
1653135561.277	/MyCase1	1772	0	0	0	0	0	0	0	0	200
1653135561.331	/MyCase1	1423	0	0	0	0	0	0	0	0	200
1653135561.388	/MyCase1	8167	0	0	0	0	0	0	0	0	200
1653135561.444	/MyCase1	12691	0	0	0	0	0	0	0	0	200
1653135561.499	/MyCase1	5496	0	0	0	0	0	0	0	0	200
1653135561.558	/MyCase1	2203	0	0	0	0	0	0	0	0	200
1653135561.611	/MyCase1	2831	0	0	0	0	0	0	0	0	200
1653135561.664	/MyCase1	2830	0	0	0	0	0	0	0	0	200
1653135561.722	/MyCase1	2828	0	0	0	0	0	0	0	0	200
1653135561.775	/MyCase1	2650	0	0	0	0	0	0	0	0	200
1653135561.829	/MyCase1	3464	0	0	0	0	0	0	0	0	200
1653135561.883	/MyCase1	2926	0	0	0	0	0	0	0	0	200
1653135561.938	/MyCase1	1950	0	0	0	0	0	0	0	0	200
1653135561.992	/MyCase1	1587	0	0	0	0	0	0	0	0	200
1653135562.046	/MyCase1	2060	0	0	0	0	0	0	0	0	200
1653135562.099	/MyCase1	1664	0	0	0	0	0	0	0	0	200
1653135562.156	/MyCase1	1718	0	0	0	0	0	0	0	0	200
1653135562.210	/MyCase1	3842	0	0	0	0	0	0	0	0	200
1653135562.259	/MyCase1	2355	0	0	0	0	0	0	0	0	200
1653135562.312	/MyCase1	3161	0	0	0	0	0	0	0	0	200
1653135562.365	/MyCase1	1670	0	0	0	0	0	0	0	0	200
1653135562.419	/MyCase1	2858	0	0	0	0	0	0	0	0	200
1653135562.471	/MyCase1	2086	0	0	0	0	0	0	0	0	200
1653135562.524	/MyCase1	2737	0	0	0	0	0	0	0	0	200
1653135562.575	/MyCase1	3968	0	0	0	0	0	0	0	0	200
1653135562.627	/MyCase1	2875	0	0	0	0	0	0	0	0	200
1653135562.678	/MyCase1	2456	0	0	0	0	0	0	0	0	200
1653135562.730	/MyCase1	7363	0	0	0	0	0	0	0	0	200
1653135562.782	/MyCase1	2998	0	0	0	0	0	0	0	0	200
1653135562.836	/MyCase1	4296	0	0	0	0	0	0	0	0	200
1653135562.885	/MyCase1	1779	0	0	0	0	0	0	0	0	200
1653135562.936	/MyCase1	1570	0	0	0	0	0	0	0	0	200
1653135562.990	/MyCase1	2423	0	0	0	0	0	0	0	0	200
1653135563.039	/MyCase1	1614	0	0	0	0	0	0	0	0	200
1653135563.088	/MyCase1	1970	0	0	0	0	0	0	0	0	200
1653135563.139	/MyCase1	2397	0	0	0	0	0	0	0	0	200
1653135563.192	/MyCase1	2759	0	0	0	0	0	0	0	0	200
1653135563.241	/MyCase1	2823	0	0	0	0	0	0	0	0	200
1653135563.290	/MyCase1	2905	0	0	0	0	0	0	0	0	200
1653135563.340	/MyCase1	3374	0	0	0	0	0	0	0	0	200
1653135563.390	/MyCase1	1803	0	0	0	0	0	0	0	0	200
1653135563.442	/MyCase1	2465	0	0	0	0	0	0	0	0	200
1653135563.492	/MyCase1	1852	0	0	0	0	0	0	0	0	200
1653135563.540	/MyCase1	2297	0	0	0	0	0	0	0	0	200
1653135563.588	/MyCase1	2292	0	0	0	0	0	0	0	0	200
1653135563.637	/MyCase1	2139	0	0	0	0	0	0	0	0	200
1653135563.686	/MyCase1	2265	0	0	0	0	0	0	0	0	200
1653135563.735	/MyCase1	3349	0	0	0	0	0	0	0	0	200
1653135563.786	/MyCase1	3645	0	0	0	0	0	0	0	0	200
1653135563.836	/MyCase1	3505	0	0	0	0	0	0	0	0	200
1653135563.881	/MyCase1	2847	0	0	0	0	0	0	0	0	200
1653135563.933	/MyCase1	2193	0	0	0	0	0	0	0	0	200
1653135563.979	/MyCase1	1668	0	0	0	0	0	0	0	0	200
1653135564.026	/MyCase1	2162	0	0	0	0	0	0	0	0	200
1653135564.076	/MyCase1	4900	0	0	0	0	0	0	0	0	200
1653135564.122	/MyCase1	1986	0	0	0	0	0	0	0	0	200
1653135564.172	/MyCase1	1531	0	0	0	0	0	0	0	0	200
1653135564.220	/MyCase1	4029	0	0	0	0	0	0	0	0	200
1653135564.268	/MyCase1	1817	0	0	0	0	0	0	0	0	200
1653135564.312	/MyCase1	2455	0	0	0	0	0	0	0	0	200
1653135564.360	/MyCase1	3326	0	0	0	0	0	0	0	0	200
1653135564.407	/MyCase1	3171	0	0	0	0	0	0	0	0	200
1653135564.453	/MyCase1	2156	0	0	0	0	0	0	0	0	200
1653135564.501	/MyCase1	3712	0	0	0	0	0	0	0	0	200
1653135564.548	/MyCase1	2736	0	0	0	0	0	0	0	0	200
1653135564.595	/MyCase1	1863	0	0	0	0	0	0	0	0	200
1653135564.641	/MyCase1	1803	0	0	0	0	0	0	0	0	200
1653135564.688	/MyCase1	2140	0	0	0	0	0	0	0	0	200
1653135564.735	/MyCase1	2127	0	0	0	0	0	0	0	0	200
1653135564.781	/MyCase1	3204	0	0	0	0	0	0	0	0	200
1653135564.826	/MyCase1	2739	0	0	0	0	0	0	0	0	200
1653135564.872	/MyCase1	6759	0	0	0	0	0	0	0	0	200
1653135564.918	/MyCase1	2658	0	0	0	0	0	0	0	0	200
1653135564.964	/MyCase1	2155	0	0	0	0	0	0	0	0	200
1653135565.014	/MyCase1	2323	0	0	0	0	0	0	0	0	200
1653135565.058	/MyCase1	1764	0	0	0	0	0	0	0	0	200
1653135565.101	/MyCase1	1689	0	0	0	0	0	0	0	0	200
1653135565.147	/MyCase1	1545	0	0	0	0	0	0	0	0	200
1653135565.192	/MyCase1	1670	0	0	0	0	0	0	0	0	200
1653135565.238	/MyCase1	1498	0	0	0	0	0	0	0	0	200
1653135565.282	/MyCase1	2865	0	0	0	0	0	0	0	0	200
1653135565.328	/MyCase1	1805	0	0	0	0	0	0	0	0	200
1653135565.372	/MyCase1	2479	0	0	0	0	0	0	0	0	200
1653135565.418	/MyCase1	4285	0	0	0	0	0	0	0	0	200
1653135565.462	/MyCase1	2076	0	0	0	0	0	0	0	0	200
1653135565.507	/MyCase1	1524	0	0	0	0	0	0	0	0	200
1653135565.555	/MyCase1	2232	0	0	0	0	0	0	0	0	200
1653135565.596	/MyCase1	1861	0	0	0	0	0	0	0	0	200
1653135565.643	/MyCase1	3390	0	0	0	0	0	0	0	0	200
1653135565.684	/MyCase1	3035	0	0	0	0	0	0	0	0	200
1653135565.732	/MyCase1	2880	0	0	0	0	0	0	0	0	200
1653135565.773	/MyCase1	2176	0	0	0	0	0	0	0	0	200
1653135565.818	/MyCase1	4396	0	0	0	0	0	0	0	0	200
1653135565.861	/MyCase1	2058	0	0	0	0	0	0	0	0	200
1653135565.904	/MyCase1	1291	0	0	0	0	0	0	0	0	200
