2022-05-18 19:46:54,076 [INFO] root consoleworker.py:434	Log file created
2022-05-18 19:46:54,080 [INFO] root consoleworker.py:438	Logging handler <logging.FileHandler object at 0x40192a2c10> added
2022-05-18 19:46:54,085 [INFO] root consoleworker.py:438	Logging handler <logging.StreamHandler object at 0x401926a850> added
2022-05-18 19:46:54,087 [INFO] root consoleworker.py:438	Logging handler <logging.StreamHandler object at 0x401928ea50> added
2022-05-18 19:46:54,089 [INFO] root consoleworker.py:373	Created a folder for the test. /var/loadtest/logs/2022-05-18_19-46-53.877947
2022-05-18 19:46:54,092 [INFO] yandextank.core.tankcore tankcore.py:237	Configuring plugins...
2022-05-18 19:46:54,094 [INFO] yandextank.core.tankcore tankcore.py:190	Loading plugins...
2022-05-18 19:46:54,097 [DEBUG] yandextank.core.tankcore tankcore.py:192	Loading plugin rcheck from yandextank.plugins.ResourceCheck
2022-05-18 19:46:54,115 [DEBUG] yandextank.core.tankcore tankcore.py:192	Loading plugin json_report from yandextank.plugins.JsonReport
2022-05-18 19:46:54,127 [DEBUG] yandextank.core.tankcore tankcore.py:192	Loading plugin overload from yandextank.plugins.DataUploader
2022-05-18 19:46:54,130 [DEBUG] yandextank.core.tankcore tankcore.py:192	Loading plugin rcassert from yandextank.plugins.RCAssert
2022-05-18 19:46:54,133 [DEBUG] yandextank.core.tankcore tankcore.py:192	Loading plugin pandora from yandextank.plugins.Pandora
2022-05-18 19:46:54,135 [DEBUG] yandextank.core.tankcore tankcore.py:192	Loading plugin console from yandextank.plugins.Console
2022-05-18 19:46:54,141 [DEBUG] yandextank.core.tankcore tankcore.py:192	Loading plugin shellexec from yandextank.plugins.ShellExec
2022-05-18 19:46:54,144 [DEBUG] yandextank.core.tankcore tankcore.py:192	Loading plugin autostop from yandextank.plugins.Autostop
2022-05-18 19:46:54,146 [DEBUG] yandextank.core.tankcore tankcore.py:212	Plugin instances: {'plugin_pandora': <yandextank.plugins.Pandora.plugin.Plugin object at 0x4019375890>, 'plugin_json_report': <yandextank.plugins.JsonReport.plugin.Plugin object at 0x401937e590>, 'plugin_autostop': <yandextank.plugins.Autostop.plugin.Plugin object at 0x4019375cd0>, 'plugin_shellexec': <yandextank.plugins.ShellExec.plugin.Plugin object at 0x40193753d0>, 'plugin_console': <yandextank.plugins.Console.plugin.Plugin object at 0x4019375950>, 'plugin_rcassert': <yandextank.plugins.RCAssert.plugin.Plugin object at 0x4019375590>, 'plugin_rcheck': <yandextank.plugins.ResourceCheck.plugin.Plugin object at 0x4019366e90>, 'plugin_overload': <yandextank.plugins.DataUploader.plugin.Plugin object at 0x401937eb50>}
2022-05-18 19:46:54,147 [DEBUG] yandextank.core.tankcore tankcore.py:244	Configuring <yandextank.plugins.Pandora.plugin.Plugin object at 0x4019375890>
2022-05-18 19:46:54,158 [INFO] yandextank.plugins.Pandora.plugin plugin.py:68	Found config_file option configuration
2022-05-18 19:46:54,203 [DEBUG] yandextank.core.tankcore tankcore.py:446	Adding artifact file to collect (keep=False): /var/loadtest/logs/2022-05-18_19-46-53.877947/pandora_config_4yTrP9.yaml
2022-05-18 19:46:54,219 [DEBUG] yandextank.plugins.Pandora.plugin plugin.py:74	Config after parsing for patching: {'pools': [{'rps': {'duration': '60s', 'type': 'line', 'from': 1, 'to': 200}, 'result': {'destination': './phout.log', 'type': 'phout'}, 'startup': {'type': 'once', 'times': 10}, 'gun': {'type': 'My_custom_gun_name', 'target': '0.0.0.0:8080'}, 'ammo': {'source': {'path': './json.ammo', 'type': 'file'}, 'type': 'custom_provider'}, 'id': 'HTTP pool'}]}
2022-05-18 19:46:54,223 [INFO] yandextank.plugins.Pandora.plugin plugin.py:153	Found report file in pandora config: ./phout.log
2022-05-18 19:46:54,230 [DEBUG] yandextank.core.tankcore tankcore.py:446	Adding artifact file to collect (keep=False): ./phout.log
2022-05-18 19:46:54,233 [DEBUG] yandextank.core.tankcore tankcore.py:244	Configuring <yandextank.plugins.JsonReport.plugin.Plugin object at 0x401937e590>
2022-05-18 19:46:54,235 [DEBUG] yandextank.core.tankcore tankcore.py:391	Searching for plugin: <class 'yandextank.common.interfaces.GeneratorPlugin'>
2022-05-18 19:46:54,259 [DEBUG] yandextank.core.tankcore tankcore.py:244	Configuring <yandextank.plugins.Autostop.plugin.Plugin object at 0x4019375cd0>
2022-05-18 19:46:54,263 [DEBUG] yandextank.core.tankcore tankcore.py:244	Configuring <yandextank.plugins.ShellExec.plugin.Plugin object at 0x40193753d0>
2022-05-18 19:46:54,266 [DEBUG] yandextank.core.tankcore tankcore.py:244	Configuring <yandextank.plugins.Console.plugin.Plugin object at 0x4019375950>
2022-05-18 19:46:54,275 [DEBUG] yandextank.core.tankcore tankcore.py:244	Configuring <yandextank.plugins.RCAssert.plugin.Plugin object at 0x4019375590>
2022-05-18 19:46:54,280 [DEBUG] yandextank.core.tankcore tankcore.py:244	Configuring <yandextank.plugins.ResourceCheck.plugin.Plugin object at 0x4019366e90>
2022-05-18 19:46:54,347 [DEBUG] yandextank.core.tankcore tankcore.py:244	Configuring <yandextank.plugins.DataUploader.plugin.Plugin object at 0x401937eb50>
2022-05-18 19:46:54,350 [INFO] yandextank.core.tankcore tankcore.py:249	Preparing test...
2022-05-18 19:46:54,354 [DEBUG] yandextank.core.tankcore tankcore.py:253	Preparing <yandextank.plugins.Pandora.plugin.Plugin object at 0x4019375890>
2022-05-18 19:46:54,358 [DEBUG] yandextank.core.tankcore tankcore.py:391	Searching for plugin: <class 'yandextank.plugins.Console.plugin.Plugin'>
2022-05-18 19:46:54,365 [DEBUG] yandextank.core.tankcore tankcore.py:253	Preparing <yandextank.plugins.JsonReport.plugin.Plugin object at 0x401937e590>
2022-05-18 19:46:54,369 [DEBUG] yandextank.core.tankcore tankcore.py:253	Preparing <yandextank.plugins.Autostop.plugin.Plugin object at 0x4019375cd0>
2022-05-18 19:46:54,371 [DEBUG] yandextank.common.interfaces plugin.py:74	Criterion string: http(5xx,10%,5s)
2022-05-18 19:46:54,377 [DEBUG] yandextank.common.interfaces plugin.py:78	Criterion objects: {'http(5xx,10%,5s)': <yandextank.plugins.Autostop.criterions.HTTPCodesCriterion object at 0x4019375f10>}
2022-05-18 19:46:54,380 [DEBUG] yandextank.core.tankcore tankcore.py:391	Searching for plugin: <class 'yandextank.plugins.Console.plugin.Plugin'>
2022-05-18 19:46:54,383 [DEBUG] yandextank.core.tankcore tankcore.py:253	Preparing <yandextank.plugins.ShellExec.plugin.Plugin object at 0x40193753d0>
2022-05-18 19:46:54,384 [DEBUG] yandextank.core.tankcore tankcore.py:253	Preparing <yandextank.plugins.Console.plugin.Plugin object at 0x4019375950>
2022-05-18 19:46:54,386 [DEBUG] yandextank.core.tankcore tankcore.py:253	Preparing <yandextank.plugins.RCAssert.plugin.Plugin object at 0x4019375590>
2022-05-18 19:46:54,388 [DEBUG] yandextank.core.tankcore tankcore.py:253	Preparing <yandextank.plugins.ResourceCheck.plugin.Plugin object at 0x4019366e90>
2022-05-18 19:46:54,390 [INFO] yandextank.common.interfaces plugin.py:39	Checking tank resources...
2022-05-18 19:46:54,391 [DEBUG] netort.process process.py:23	Starting: sh -c "df --no-sync -m -P -l -x fuse -x tmpfs -x devtmpfs -x davfs -x nfs /var/loadtest/logs | tail -n 1 | awk '{print \$4}' "
2022-05-18 19:46:54,996 [DEBUG] netort.process process.py:46	Process output:
11899

2022-05-18 19:46:55,000 [DEBUG] netort.process process.py:48	Process exit code: 0
2022-05-18 19:46:55,001 [DEBUG] root plugin.py:58	Result: (0, '11899\n', '')
2022-05-18 19:46:55,004 [DEBUG] yandextank.common.interfaces plugin.py:64	Disk free space: 11899/2048
2022-05-18 19:46:55,008 [DEBUG] yandextank.common.interfaces plugin.py:75	Memory free: 3097/512
2022-05-18 19:46:55,010 [DEBUG] yandextank.core.tankcore tankcore.py:253	Preparing <yandextank.plugins.DataUploader.plugin.Plugin object at 0x401937eb50>
2022-05-18 19:46:55,012 [WARNING] yandextank.plugins.DataUploader.plugin plugin.py:234	Failed to get info about ammo path
2022-05-18 19:46:55,014 [INFO] root plugin.py:523	Using OVERLOAD backend
2022-05-18 19:46:55,015 [DEBUG] yandextank.plugins.DataUploader.plugin plugin.py:618	Trying to read token from token.txt
2022-05-18 19:46:55,028 [INFO] yandextank.plugins.DataUploader.plugin plugin.py:624	Read authentication token from token.txt, token length is 32 bytes
2022-05-18 19:46:55,089 [INFO] yandextank.plugins.DataUploader.client client.py:59	Proxy not set
2022-05-18 19:46:55,094 [INFO] yandextank.plugins.DataUploader.plugin plugin.py:647	Detected target: 0.0.0.0:8080
2022-05-18 19:46:55,128 [DEBUG] yandextank.plugins.DataUploader.client client.py:336	Job create request: {'person': 'root', 'host': '0.0.0.0:8080', 'task': '', 'tank': 'd9880815528e', 'notify': [], 'loadscheme': [], 'detailed_time': None, 'port': '8080'}
2022-05-18 19:46:55,153 [DEBUG] urllib3.connectionpool connectionpool.py:813	Starting new HTTPS connection (1): overload.yandex.net:443
2022-05-18 19:46:55,705 [DEBUG] urllib3.connectionpool connectionpool.py:393	https://overload.yandex.net:443 "POST /api/job/create.json?api_token=4f2a42fb997146a394c06ccf2768f953 HTTP/1.1" 200 None
2022-05-18 19:46:55,729 [INFO] yandextank.plugins.DataUploader.plugin plugin.py:789	Job created: 522907
2022-05-18 19:46:55,738 [DEBUG] yandextank.plugins.DataUploader.client client.py:642	Sending configinitial config
2022-05-18 19:46:55,863 [DEBUG] urllib3.connectionpool connectionpool.py:393	https://overload.yandex.net:443 "POST /api/job/522907/configinitial.txt?api_token=4f2a42fb997146a394c06ccf2768f953 HTTP/1.1" 200 16
2022-05-18 19:46:55,875 [INFO] yandextank.plugins.DataUploader.plugin plugin.py:485	Locking targets: ['0.0.0.0:8080']
2022-05-18 19:46:55,882 [INFO] yandextank.plugins.DataUploader.plugin plugin.py:487	Locked targets: ['0.0.0.0:8080']
2022-05-18 19:46:55,899 [DEBUG] yandextank.common.interfaces interfaces.py:101	Publishing status: Plugin/job_no: 522907
2022-05-18 19:46:56,087 [DEBUG] urllib3.connectionpool connectionpool.py:393	https://overload.yandex.net:443 "POST /api/job/522907/edit.json?api_token=4f2a42fb997146a394c06ccf2768f953 HTTP/1.1" 200 19
2022-05-18 19:46:56,099 [DEBUG] yandextank.core.tankcore tankcore.py:391	Searching for plugin: <class 'yandextank.plugins.Console.plugin.Plugin'>
2022-05-18 19:46:56,106 [DEBUG] yandextank.plugins.DataUploader.client client.py:642	Sending configinitial config
2022-05-18 19:46:56,215 [DEBUG] urllib3.connectionpool connectionpool.py:393	https://overload.yandex.net:443 "POST /api/job/522907/configinitial.txt?api_token=4f2a42fb997146a394c06ccf2768f953 HTTP/1.1" 200 16
2022-05-18 19:46:56,250 [DEBUG] yandextank.plugins.DataUploader.client client.py:642	Sending configinfo config
2022-05-18 19:46:56,479 [DEBUG] urllib3.connectionpool connectionpool.py:393	https://overload.yandex.net:443 "POST /api/job/522907/configinfo.txt?api_token=4f2a42fb997146a394c06ccf2768f953 HTTP/1.1" 200 16
2022-05-18 19:46:56,492 [INFO] yandextank.core.tankcore tankcore.py:259	Starting test...
2022-05-18 19:46:56,517 [INFO] yandextank.aggregator.tank_aggregator tank_aggregator.py:63	using verbose histogram
2022-05-18 19:46:56,566 [DEBUG] yandextank.core.tankcore tankcore.py:263	Starting <yandextank.plugins.Pandora.plugin.Plugin object at 0x4019375890>
2022-05-18 19:46:56,570 [INFO] yandextank.plugins.Pandora.plugin plugin.py:183	Starting: ['pandora', '-expvar', '/var/loadtest/logs/2022-05-18_19-46-53.877947/pandora_config_4yTrP9.yaml']
2022-05-18 19:46:56,574 [DEBUG] urllib3.connectionpool connectionpool.py:205	Starting new HTTP connection (1): localhost:1234
2022-05-18 19:46:56,589 [DEBUG] yandextank.core.tankcore tankcore.py:446	Adding artifact file to collect (keep=False): /var/loadtest/logs/2022-05-18_19-46-53.877947/pandora_HAJ5B7.log
2022-05-18 19:46:56,592 [DEBUG] yandextank.plugins.Pandora.reader reader.py:33	Pandora expvar http interface is unavailable
Traceback (most recent call last):
  File "/usr/local/lib/python2.7/dist-packages/yandextank/plugins/Pandora/reader.py", line 24, in run
    pandora_stat = requests.get("http://localhost:1234/debug/vars", timeout=0.9).json()
  File "/usr/local/lib/python2.7/dist-packages/requests/api.py", line 75, in get
    return request('get', url, params=params, **kwargs)
  File "/usr/local/lib/python2.7/dist-packages/requests/api.py", line 60, in request
    return session.request(method=method, url=url, **kwargs)
  File "/usr/local/lib/python2.7/dist-packages/requests/sessions.py", line 533, in request
    resp = self.send(prep, **send_kwargs)
  File "/usr/local/lib/python2.7/dist-packages/requests/sessions.py", line 646, in send
    r = adapter.send(request, **kwargs)
  File "/usr/local/lib/python2.7/dist-packages/requests/adapters.py", line 516, in send
    raise ConnectionError(e, request=request)
ConnectionError: HTTPConnectionPool(host='localhost', port=1234): Max retries exceeded with url: /debug/vars (Caused by NewConnectionError('<urllib3.connection.HTTPConnection object at 0x40195bdd50>: Failed to establish a new connection: [Errno 111] Connection refused',))
2022-05-18 19:46:57,011 [DEBUG] urllib3.connectionpool connectionpool.py:205	Starting new HTTP connection (1): localhost:1234
2022-05-18 19:46:57,024 [DEBUG] yandextank.plugins.Pandora.reader reader.py:33	Pandora expvar http interface is unavailable
Traceback (most recent call last):
  File "/usr/local/lib/python2.7/dist-packages/yandextank/plugins/Pandora/reader.py", line 24, in run
    pandora_stat = requests.get("http://localhost:1234/debug/vars", timeout=0.9).json()
  File "/usr/local/lib/python2.7/dist-packages/requests/api.py", line 75, in get
    return request('get', url, params=params, **kwargs)
  File "/usr/local/lib/python2.7/dist-packages/requests/api.py", line 60, in request
    return session.request(method=method, url=url, **kwargs)
  File "/usr/local/lib/python2.7/dist-packages/requests/sessions.py", line 533, in request
    resp = self.send(prep, **send_kwargs)
  File "/usr/local/lib/python2.7/dist-packages/requests/sessions.py", line 646, in send
    r = adapter.send(request, **kwargs)
  File "/usr/local/lib/python2.7/dist-packages/requests/adapters.py", line 516, in send
    raise ConnectionError(e, request=request)
ConnectionError: HTTPConnectionPool(host='localhost', port=1234): Max retries exceeded with url: /debug/vars (Caused by NewConnectionError('<urllib3.connection.HTTPConnection object at 0x4022376790>: Failed to establish a new connection: [Errno 111] Connection refused',))
2022-05-18 19:46:57,109 [DEBUG] yandextank.plugins.Pandora.plugin plugin.py:196	Unable to start Pandora binary. Args: ['pandora', '-expvar', '/var/loadtest/logs/2022-05-18_19-46-53.877947/pandora_config_4yTrP9.yaml']
Traceback (most recent call last):
  File "/usr/local/lib/python2.7/dist-packages/yandextank/plugins/Pandora/plugin.py", line 193, in start_test
    close_fds=True)
  File "/usr/lib/python2.7/subprocess.py", line 711, in __init__
    errread, errwrite)
  File "/usr/lib/python2.7/subprocess.py", line 1343, in _execute_child
    raise child_exception
OSError: [Errno 2] No such file or directory
2022-05-18 19:46:57,115 [ERROR] root consoleworker.py:296	Test interrupted:
<type 'exceptions.RuntimeError'>: Unable to start Pandora binary and/or file does not exist: ['pandora', '-expvar', '/var/loadtest/logs/2022-05-18_19-46-53.877947/pandora_config_4yTrP9.yaml']
<traceback object at 0x403de9cf38>
2022-05-18 19:46:57,140 [INFO] yandextank.core.tankcore tankcore.py:301	Finishing test...
2022-05-18 19:46:57,142 [INFO] yandextank.core.tankcore tankcore.py:303	Stopping load generator and aggregator
2022-05-18 19:46:57,144 [DEBUG] yandextank.plugins.Pandora.plugin plugin.py:225	Seems subprocess finished OK
2022-05-18 19:46:57,145 [DEBUG] yandextank.aggregator.tank_aggregator tank_aggregator.py:123	Closing stats reader
2022-05-18 19:46:57,232 [DEBUG] yandextank.aggregator.tank_aggregator tank_aggregator.py:126	Waiting for gun drain to finish
2022-05-18 19:46:57,579 [DEBUG] yandextank.aggregator.tank_aggregator tank_aggregator.py:128	Waiting for stats drain to finish
2022-05-18 19:46:57,609 [DEBUG] yandextank.aggregator.tank_aggregator tank_aggregator.py:130	Collecting remaining data
2022-05-18 19:46:57,616 [DEBUG] yandextank.aggregator.tank_aggregator tank_aggregator.py:87	Data timestamps: []
2022-05-18 19:46:57,619 [DEBUG] yandextank.aggregator.tank_aggregator tank_aggregator.py:88	Stats timestamps: []
2022-05-18 19:46:57,623 [DEBUG] yandextank.core.tankcore tankcore.py:305	RC after: 1
2022-05-18 19:46:57,624 [INFO] yandextank.core.tankcore tankcore.py:307	Stopping monitoring
2022-05-18 19:46:57,626 [DEBUG] yandextank.core.tankcore tankcore.py:315	Finalize <yandextank.plugins.JsonReport.plugin.Plugin object at 0x401937e590>
2022-05-18 19:46:57,638 [DEBUG] yandextank.core.tankcore tankcore.py:317	RC before: 1
2022-05-18 19:46:57,645 [DEBUG] yandextank.core.tankcore tankcore.py:319	RC after: 1
2022-05-18 19:46:57,651 [DEBUG] yandextank.core.tankcore tankcore.py:315	Finalize <yandextank.plugins.Autostop.plugin.Plugin object at 0x4019375cd0>
2022-05-18 19:46:57,656 [DEBUG] yandextank.core.tankcore tankcore.py:317	RC before: 1
2022-05-18 19:46:57,659 [DEBUG] yandextank.core.tankcore tankcore.py:319	RC after: 1
2022-05-18 19:46:57,661 [DEBUG] yandextank.core.tankcore tankcore.py:315	Finalize <yandextank.plugins.ShellExec.plugin.Plugin object at 0x40193753d0>
2022-05-18 19:46:57,662 [DEBUG] yandextank.core.tankcore tankcore.py:317	RC before: 1
2022-05-18 19:46:57,663 [DEBUG] yandextank.core.tankcore tankcore.py:319	RC after: 1
2022-05-18 19:46:57,665 [DEBUG] yandextank.core.tankcore tankcore.py:315	Finalize <yandextank.plugins.Console.plugin.Plugin object at 0x4019375950>
2022-05-18 19:46:57,666 [DEBUG] yandextank.core.tankcore tankcore.py:317	RC before: 1
2022-05-18 19:46:57,668 [DEBUG] yandextank.core.tankcore tankcore.py:319	RC after: 1
2022-05-18 19:46:57,670 [DEBUG] yandextank.core.tankcore tankcore.py:315	Finalize <yandextank.plugins.RCAssert.plugin.Plugin object at 0x4019375590>
2022-05-18 19:46:57,671 [DEBUG] yandextank.core.tankcore tankcore.py:317	RC before: 1
2022-05-18 19:46:57,675 [DEBUG] yandextank.core.tankcore tankcore.py:319	RC after: 1
2022-05-18 19:46:57,677 [DEBUG] yandextank.core.tankcore tankcore.py:315	Finalize <yandextank.plugins.ResourceCheck.plugin.Plugin object at 0x4019366e90>
2022-05-18 19:46:57,681 [DEBUG] yandextank.core.tankcore tankcore.py:317	RC before: 1
2022-05-18 19:46:57,682 [DEBUG] yandextank.core.tankcore tankcore.py:319	RC after: 1
2022-05-18 19:46:57,684 [DEBUG] yandextank.core.tankcore tankcore.py:315	Finalize <yandextank.plugins.DataUploader.plugin.Plugin object at 0x401937eb50>
2022-05-18 19:46:57,688 [DEBUG] yandextank.core.tankcore tankcore.py:317	RC before: 1
2022-05-18 19:46:57,690 [DEBUG] yandextank.plugins.DataUploader.client client.py:642	Sending configinitial config
2022-05-18 19:46:57,953 [DEBUG] urllib3.connectionpool connectionpool.py:393	https://overload.yandex.net:443 "POST /api/job/522907/configinitial.txt?api_token=4f2a42fb997146a394c06ccf2768f953 HTTP/1.1" 200 16
2022-05-18 19:46:57,964 [DEBUG] yandextank.plugins.DataUploader.client client.py:642	Sending configinfo config
2022-05-18 19:46:58,579 [DEBUG] urllib3.connectionpool connectionpool.py:393	https://overload.yandex.net:443 "POST /api/job/522907/configinfo.txt?api_token=4f2a42fb997146a394c06ccf2768f953 HTTP/1.1" 200 16
2022-05-18 19:46:58,594 [INFO] yandextank.plugins.DataUploader.plugin plugin.py:478	Unlocking targets: ['0.0.0.0:8080']
2022-05-18 19:46:58,602 [INFO] yandextank.plugins.DataUploader.plugin plugin.py:480	0.0.0.0:8080
2022-05-18 19:46:58,609 [DEBUG] yandextank.core.tankcore tankcore.py:319	RC after: 1
2022-05-18 19:46:58,612 [INFO] yandextank.core.tankcore tankcore.py:330	Post-processing test...
2022-05-18 19:46:58,614 [DEBUG] yandextank.core.tankcore tankcore.py:333	Post-process <yandextank.plugins.Pandora.plugin.Plugin object at 0x4019375890>
2022-05-18 19:46:58,617 [DEBUG] yandextank.core.tankcore tankcore.py:335	RC before: 1
2022-05-18 19:46:58,619 [DEBUG] yandextank.core.tankcore tankcore.py:337	RC after: 1
2022-05-18 19:46:58,620 [DEBUG] yandextank.core.tankcore tankcore.py:333	Post-process <yandextank.plugins.JsonReport.plugin.Plugin object at 0x401937e590>
2022-05-18 19:46:58,627 [DEBUG] yandextank.core.tankcore tankcore.py:335	RC before: 1
2022-05-18 19:46:58,630 [DEBUG] yandextank.core.tankcore tankcore.py:337	RC after: 1
2022-05-18 19:46:58,632 [DEBUG] yandextank.core.tankcore tankcore.py:333	Post-process <yandextank.plugins.Autostop.plugin.Plugin object at 0x4019375cd0>
2022-05-18 19:46:58,634 [DEBUG] yandextank.core.tankcore tankcore.py:335	RC before: 1
2022-05-18 19:46:58,637 [DEBUG] yandextank.core.tankcore tankcore.py:337	RC after: 1
2022-05-18 19:46:58,639 [DEBUG] yandextank.core.tankcore tankcore.py:333	Post-process <yandextank.plugins.ShellExec.plugin.Plugin object at 0x40193753d0>
2022-05-18 19:46:58,640 [DEBUG] yandextank.core.tankcore tankcore.py:335	RC before: 1
2022-05-18 19:46:58,641 [DEBUG] yandextank.core.tankcore tankcore.py:337	RC after: 1
2022-05-18 19:46:58,642 [DEBUG] yandextank.core.tankcore tankcore.py:333	Post-process <yandextank.plugins.Console.plugin.Plugin object at 0x4019375950>
2022-05-18 19:46:58,643 [DEBUG] yandextank.core.tankcore tankcore.py:335	RC before: 1
2022-05-18 19:46:58,645 [DEBUG] yandextank.core.tankcore tankcore.py:337	RC after: 1
2022-05-18 19:46:58,647 [DEBUG] yandextank.core.tankcore tankcore.py:333	Post-process <yandextank.plugins.RCAssert.plugin.Plugin object at 0x4019375590>
2022-05-18 19:46:58,650 [DEBUG] yandextank.core.tankcore tankcore.py:335	RC before: 1
2022-05-18 19:46:58,651 [DEBUG] yandextank.core.tankcore tankcore.py:337	RC after: 1
2022-05-18 19:46:58,655 [DEBUG] yandextank.core.tankcore tankcore.py:333	Post-process <yandextank.plugins.ResourceCheck.plugin.Plugin object at 0x4019366e90>
2022-05-18 19:46:58,657 [DEBUG] yandextank.core.tankcore tankcore.py:335	RC before: 1
2022-05-18 19:46:58,659 [DEBUG] yandextank.core.tankcore tankcore.py:337	RC after: 1
2022-05-18 19:46:58,661 [DEBUG] yandextank.core.tankcore tankcore.py:333	Post-process <yandextank.plugins.DataUploader.plugin.Plugin object at 0x401937eb50>
2022-05-18 19:46:58,662 [DEBUG] yandextank.core.tankcore tankcore.py:335	RC before: 1
2022-05-18 19:46:58,664 [INFO] yandextank.plugins.DataUploader.plugin plugin.py:350	Waiting for sender threads to join.
2022-05-18 19:46:58,665 [INFO] yandextank.plugins.DataUploader.plugin plugin.py:357	Web link: None
2022-05-18 19:46:58,667 [DEBUG] yandextank.core.tankcore tankcore.py:391	Searching for plugin: <class 'yandextank.plugins.Autostop.plugin.Plugin'>
2022-05-18 19:46:58,671 [DEBUG] yandextank.plugins.DataUploader.plugin plugin.py:376	No autostop cause detected
2022-05-18 19:46:58,673 [DEBUG] yandextank.plugins.DataUploader.client client.py:642	Sending configinitial config
2022-05-18 19:46:58,782 [DEBUG] urllib3.connectionpool connectionpool.py:393	https://overload.yandex.net:443 "POST /api/job/522907/configinitial.txt?api_token=4f2a42fb997146a394c06ccf2768f953 HTTP/1.1" 200 16
2022-05-18 19:46:58,785 [DEBUG] yandextank.plugins.DataUploader.client client.py:642	Sending configinfo config
2022-05-18 19:46:59,070 [DEBUG] urllib3.connectionpool connectionpool.py:393	https://overload.yandex.net:443 "POST /api/job/522907/configinfo.txt?api_token=4f2a42fb997146a394c06ccf2768f953 HTTP/1.1" 200 16
2022-05-18 19:46:59,085 [DEBUG] yandextank.core.tankcore tankcore.py:337	RC after: 1
2022-05-18 19:46:59,090 [INFO] root consoleworker.py:269	Trying to clean up
2022-05-18 19:46:59,092 [INFO] yandextank.core.tankcore tankcore.py:526	Cleaning up plugin plugin_pandora
2022-05-18 19:46:59,104 [INFO] yandextank.core.tankcore tankcore.py:526	Cleaning up plugin plugin_json_report
2022-05-18 19:46:59,107 [INFO] yandextank.core.tankcore tankcore.py:526	Cleaning up plugin plugin_autostop
2022-05-18 19:46:59,111 [INFO] yandextank.core.tankcore tankcore.py:526	Cleaning up plugin plugin_shellexec
2022-05-18 19:46:59,114 [INFO] yandextank.core.tankcore tankcore.py:526	Cleaning up plugin plugin_console
2022-05-18 19:46:59,121 [INFO] yandextank.core.tankcore tankcore.py:526	Cleaning up plugin plugin_rcassert
2022-05-18 19:46:59,125 [INFO] yandextank.core.tankcore tankcore.py:526	Cleaning up plugin plugin_rcheck
2022-05-18 19:46:59,131 [INFO] yandextank.core.tankcore tankcore.py:526	Cleaning up plugin plugin_overload
2022-05-18 19:46:59,564 [DEBUG] urllib3.connectionpool connectionpool.py:393	https://overload.yandex.net:443 "GET /api/job/522907/close.json?exitcode=1&api_token=4f2a42fb997146a394c06ccf2768f953 HTTP/1.1" 200 16
2022-05-18 19:46:59,629 [INFO] yandextank.plugins.DataUploader.plugin plugin.py:478	Unlocking targets: ['0.0.0.0:8080']
2022-05-18 19:46:59,635 [INFO] yandextank.plugins.DataUploader.plugin plugin.py:480	0.0.0.0:8080
2022-05-18 19:46:59,644 [INFO] yandextank.core.tankcore tankcore.py:561	Releasing lock: /var/lock/lunapark_MfrDz2.lock
2022-05-18 19:46:59,723 [DEBUG] yandextank.core.tankcore tankcore.py:367	Collecting artifacts
2022-05-18 19:46:59,725 [INFO] yandextank.core.tankcore tankcore.py:368	Artifacts dir: /var/loadtest/logs/2022-05-18_19-46-53.877947
2022-05-18 19:46:59,727 [DEBUG] yandextank.core.tankcore tankcore.py:422	Collecting file: ./phout.log to /var/loadtest/logs/2022-05-18_19-46-53.877947/phout.log
2022-05-18 19:46:59,747 [DEBUG] yandextank.core.tankcore tankcore.py:422	Collecting file: /var/loadtest/logs/2022-05-18_19-46-53.877947/pandora_HAJ5B7.log to /var/loadtest/logs/2022-05-18_19-46-53.877947/pandora_HAJ5B7.log
2022-05-18 19:46:59,751 [WARNING] yandextank.core.tankcore tankcore.py:429	File already exists: /var/loadtest/logs/2022-05-18_19-46-53.877947/pandora_HAJ5B7.log
2022-05-18 19:46:59,757 [DEBUG] yandextank.core.tankcore tankcore.py:422	Collecting file: validation_error.yaml to /var/loadtest/logs/2022-05-18_19-46-53.877947/validation_error.yaml
2022-05-18 19:46:59,761 [WARNING] yandextank.core.tankcore tankcore.py:424	File not found to collect: validation_error.yaml
2022-05-18 19:46:59,771 [DEBUG] yandextank.core.tankcore tankcore.py:422	Collecting file: /var/loadtest/logs/2022-05-18_19-46-53.877947/pandora_config_4yTrP9.yaml to /var/loadtest/logs/2022-05-18_19-46-53.877947/pandora_config_4yTrP9.yaml
2022-05-18 19:46:59,781 [WARNING] yandextank.core.tankcore tankcore.py:429	File already exists: /var/loadtest/logs/2022-05-18_19-46-53.877947/pandora_config_4yTrP9.yaml
