2022-05-20 18:17:14,506 [INFO] root consoleworker.py:434	Log file created
2022-05-20 18:17:14,507 [INFO] root consoleworker.py:438	Logging handler <logging.FileHandler object at 0x40192a2c10> added
2022-05-20 18:17:14,508 [INFO] root consoleworker.py:438	Logging handler <logging.StreamHandler object at 0x401926a850> added
2022-05-20 18:17:14,511 [INFO] root consoleworker.py:438	Logging handler <logging.StreamHandler object at 0x401928ea50> added
2022-05-20 18:17:14,512 [INFO] root consoleworker.py:373	Created a folder for the test. /Users/nikitaratasnuk/yandex.tank/logs/2022-05-20_18-17-14.338570
2022-05-20 18:17:14,515 [INFO] yandextank.core.tankcore tankcore.py:237	Configuring plugins...
2022-05-20 18:17:14,516 [INFO] yandextank.core.tankcore tankcore.py:190	Loading plugins...
2022-05-20 18:17:14,517 [DEBUG] yandextank.core.tankcore tankcore.py:192	Loading plugin rcheck from yandextank.plugins.ResourceCheck
2022-05-20 18:17:14,519 [DEBUG] yandextank.core.tankcore tankcore.py:192	Loading plugin json_report from yandextank.plugins.JsonReport
2022-05-20 18:17:14,534 [DEBUG] yandextank.core.tankcore tankcore.py:192	Loading plugin overload from yandextank.plugins.DataUploader
2022-05-20 18:17:14,540 [DEBUG] yandextank.core.tankcore tankcore.py:192	Loading plugin rcassert from yandextank.plugins.RCAssert
2022-05-20 18:17:14,545 [DEBUG] yandextank.core.tankcore tankcore.py:192	Loading plugin pandora from yandextank.plugins.Pandora
2022-05-20 18:17:14,549 [DEBUG] yandextank.core.tankcore tankcore.py:192	Loading plugin console from yandextank.plugins.Console
2022-05-20 18:17:14,553 [DEBUG] yandextank.core.tankcore tankcore.py:192	Loading plugin shellexec from yandextank.plugins.ShellExec
2022-05-20 18:17:14,559 [DEBUG] yandextank.core.tankcore tankcore.py:192	Loading plugin autostop from yandextank.plugins.Autostop
2022-05-20 18:17:14,561 [DEBUG] yandextank.core.tankcore tankcore.py:212	Plugin instances: {'plugin_pandora': <yandextank.plugins.Pandora.plugin.Plugin object at 0x4019374890>, 'plugin_json_report': <yandextank.plugins.JsonReport.plugin.Plugin object at 0x401937e590>, 'plugin_autostop': <yandextank.plugins.Autostop.plugin.Plugin object at 0x4019374cd0>, 'plugin_shellexec': <yandextank.plugins.ShellExec.plugin.Plugin object at 0x40193743d0>, 'plugin_console': <yandextank.plugins.Console.plugin.Plugin object at 0x4019374950>, 'plugin_rcassert': <yandextank.plugins.RCAssert.plugin.Plugin object at 0x4019374590>, 'plugin_rcheck': <yandextank.plugins.ResourceCheck.plugin.Plugin object at 0x4019366e90>, 'plugin_overload': <yandextank.plugins.DataUploader.plugin.Plugin object at 0x401937eb50>}
2022-05-20 18:17:14,565 [DEBUG] yandextank.core.tankcore tankcore.py:244	Configuring <yandextank.plugins.Pandora.plugin.Plugin object at 0x4019374890>
2022-05-20 18:17:14,575 [INFO] yandextank.plugins.Pandora.plugin plugin.py:68	Found config_file option configuration
2022-05-20 18:17:14,643 [DEBUG] yandextank.core.tankcore tankcore.py:446	Adding artifact file to collect (keep=False): /Users/nikitaratasnuk/yandex.tank/logs/2022-05-20_18-17-14.338570/pandora_config_Ag6QQo.yaml
2022-05-20 18:17:14,658 [DEBUG] yandextank.plugins.Pandora.plugin plugin.py:74	Config after parsing for patching: {'pools': [{'rps': {'duration': '60s', 'type': 'line', 'from': 1, 'to': 200}, 'result': {'destination': './phout.log', 'type': 'phout'}, 'startup': {'type': 'once', 'times': 10}, 'gun': {'type': 'My_custom_gun_name', 'target': '0.0.0.0:8080'}, 'ammo': {'source': {'path': './json.ammo', 'type': 'file'}, 'type': 'custom_provider'}, 'id': 'HTTP pool'}]}
2022-05-20 18:17:14,660 [INFO] yandextank.plugins.Pandora.plugin plugin.py:153	Found report file in pandora config: ./phout.log
2022-05-20 18:17:14,666 [DEBUG] yandextank.core.tankcore tankcore.py:446	Adding artifact file to collect (keep=False): ./phout.log
2022-05-20 18:17:14,667 [DEBUG] yandextank.core.tankcore tankcore.py:244	Configuring <yandextank.plugins.JsonReport.plugin.Plugin object at 0x401937e590>
2022-05-20 18:17:14,672 [DEBUG] yandextank.core.tankcore tankcore.py:391	Searching for plugin: <class 'yandextank.common.interfaces.GeneratorPlugin'>
2022-05-20 18:17:14,682 [DEBUG] yandextank.core.tankcore tankcore.py:244	Configuring <yandextank.plugins.Autostop.plugin.Plugin object at 0x4019374cd0>
2022-05-20 18:17:14,685 [DEBUG] yandextank.core.tankcore tankcore.py:244	Configuring <yandextank.plugins.ShellExec.plugin.Plugin object at 0x40193743d0>
2022-05-20 18:17:14,688 [DEBUG] yandextank.core.tankcore tankcore.py:244	Configuring <yandextank.plugins.Console.plugin.Plugin object at 0x4019374950>
2022-05-20 18:17:14,692 [DEBUG] yandextank.core.tankcore tankcore.py:244	Configuring <yandextank.plugins.RCAssert.plugin.Plugin object at 0x4019374590>
2022-05-20 18:17:14,695 [DEBUG] yandextank.core.tankcore tankcore.py:244	Configuring <yandextank.plugins.ResourceCheck.plugin.Plugin object at 0x4019366e90>
2022-05-20 18:17:14,699 [DEBUG] yandextank.core.tankcore tankcore.py:244	Configuring <yandextank.plugins.DataUploader.plugin.Plugin object at 0x401937eb50>
2022-05-20 18:17:14,702 [INFO] yandextank.core.tankcore tankcore.py:249	Preparing test...
2022-05-20 18:17:14,705 [DEBUG] yandextank.core.tankcore tankcore.py:253	Preparing <yandextank.plugins.Pandora.plugin.Plugin object at 0x4019374890>
2022-05-20 18:17:14,707 [DEBUG] yandextank.core.tankcore tankcore.py:391	Searching for plugin: <class 'yandextank.plugins.Console.plugin.Plugin'>
2022-05-20 18:17:14,709 [DEBUG] yandextank.core.tankcore tankcore.py:253	Preparing <yandextank.plugins.JsonReport.plugin.Plugin object at 0x401937e590>
2022-05-20 18:17:14,710 [DEBUG] yandextank.core.tankcore tankcore.py:253	Preparing <yandextank.plugins.Autostop.plugin.Plugin object at 0x4019374cd0>
2022-05-20 18:17:14,711 [DEBUG] yandextank.common.interfaces plugin.py:74	Criterion string: http(5xx,10%,5s)
2022-05-20 18:17:14,713 [DEBUG] yandextank.common.interfaces plugin.py:78	Criterion objects: {'http(5xx,10%,5s)': <yandextank.plugins.Autostop.criterions.HTTPCodesCriterion object at 0x4019374f10>}
2022-05-20 18:17:14,715 [DEBUG] yandextank.core.tankcore tankcore.py:391	Searching for plugin: <class 'yandextank.plugins.Console.plugin.Plugin'>
2022-05-20 18:17:14,716 [DEBUG] yandextank.core.tankcore tankcore.py:253	Preparing <yandextank.plugins.ShellExec.plugin.Plugin object at 0x40193743d0>
2022-05-20 18:17:14,717 [DEBUG] yandextank.core.tankcore tankcore.py:253	Preparing <yandextank.plugins.Console.plugin.Plugin object at 0x4019374950>
2022-05-20 18:17:14,721 [DEBUG] yandextank.core.tankcore tankcore.py:253	Preparing <yandextank.plugins.RCAssert.plugin.Plugin object at 0x4019374590>
2022-05-20 18:17:14,724 [DEBUG] yandextank.core.tankcore tankcore.py:253	Preparing <yandextank.plugins.ResourceCheck.plugin.Plugin object at 0x4019366e90>
2022-05-20 18:17:14,726 [INFO] yandextank.common.interfaces plugin.py:39	Checking tank resources...
2022-05-20 18:17:14,728 [DEBUG] netort.process process.py:23	Starting: sh -c "df --no-sync -m -P -l -x fuse -x tmpfs -x devtmpfs -x davfs -x nfs /Users/nikitaratasnuk/yandex.tank/logs | tail -n 1 | awk '{print \$4}' "
2022-05-20 18:17:15,254 [DEBUG] netort.process process.py:46	Process output:
11080

2022-05-20 18:17:15,256 [DEBUG] netort.process process.py:48	Process exit code: 0
2022-05-20 18:17:15,258 [DEBUG] root plugin.py:58	Result: (0, '11080\n', '')
2022-05-20 18:17:15,260 [DEBUG] yandextank.common.interfaces plugin.py:64	Disk free space: 11080/2048
2022-05-20 18:17:15,264 [DEBUG] yandextank.common.interfaces plugin.py:75	Memory free: 3090/512
2022-05-20 18:17:15,265 [DEBUG] yandextank.core.tankcore tankcore.py:253	Preparing <yandextank.plugins.DataUploader.plugin.Plugin object at 0x401937eb50>
2022-05-20 18:17:15,266 [WARNING] yandextank.plugins.DataUploader.plugin plugin.py:234	Failed to get info about ammo path
2022-05-20 18:17:15,269 [INFO] root plugin.py:523	Using OVERLOAD backend
2022-05-20 18:17:15,270 [DEBUG] yandextank.plugins.DataUploader.plugin plugin.py:618	Trying to read token from token.txt
2022-05-20 18:17:15,274 [INFO] yandextank.plugins.DataUploader.plugin plugin.py:624	Read authentication token from token.txt, token length is 32 bytes
2022-05-20 18:17:15,321 [INFO] yandextank.plugins.DataUploader.client client.py:59	Proxy not set
2022-05-20 18:17:15,323 [INFO] yandextank.plugins.DataUploader.plugin plugin.py:647	Detected target: 0.0.0.0:8080
2022-05-20 18:17:15,349 [DEBUG] yandextank.plugins.DataUploader.client client.py:336	Job create request: {'person': 'root', 'host': '0.0.0.0:8080', 'task': '', 'tank': '9bb93267947e', 'notify': [], 'loadscheme': [], 'detailed_time': None, 'port': '8080'}
2022-05-20 18:17:15,360 [DEBUG] urllib3.connectionpool connectionpool.py:813	Starting new HTTPS connection (1): overload.yandex.net:443
2022-05-20 18:17:15,588 [DEBUG] urllib3.connectionpool connectionpool.py:393	https://overload.yandex.net:443 "POST /api/job/create.json?api_token=4f2a42fb997146a394c06ccf2768f953 HTTP/1.1" 200 None
2022-05-20 18:17:15,604 [INFO] yandextank.plugins.DataUploader.plugin plugin.py:789	Job created: 523482
2022-05-20 18:17:15,613 [DEBUG] yandextank.plugins.DataUploader.client client.py:642	Sending configinitial config
2022-05-20 18:17:15,770 [DEBUG] urllib3.connectionpool connectionpool.py:393	https://overload.yandex.net:443 "POST /api/job/523482/configinitial.txt?api_token=4f2a42fb997146a394c06ccf2768f953 HTTP/1.1" 200 16
2022-05-20 18:17:15,782 [INFO] yandextank.plugins.DataUploader.plugin plugin.py:485	Locking targets: ['0.0.0.0:8080']
2022-05-20 18:17:15,788 [INFO] yandextank.plugins.DataUploader.plugin plugin.py:487	Locked targets: ['0.0.0.0:8080']
2022-05-20 18:17:15,802 [DEBUG] yandextank.common.interfaces interfaces.py:101	Publishing status: Plugin/job_no: 523482
2022-05-20 18:17:15,981 [DEBUG] urllib3.connectionpool connectionpool.py:393	https://overload.yandex.net:443 "POST /api/job/523482/edit.json?api_token=4f2a42fb997146a394c06ccf2768f953 HTTP/1.1" 200 19
2022-05-20 18:17:15,997 [DEBUG] yandextank.core.tankcore tankcore.py:391	Searching for plugin: <class 'yandextank.plugins.Console.plugin.Plugin'>
2022-05-20 18:17:16,002 [DEBUG] yandextank.plugins.DataUploader.client client.py:642	Sending configinitial config
2022-05-20 18:17:16,141 [DEBUG] urllib3.connectionpool connectionpool.py:393	https://overload.yandex.net:443 "POST /api/job/523482/configinitial.txt?api_token=4f2a42fb997146a394c06ccf2768f953 HTTP/1.1" 200 16
2022-05-20 18:17:16,157 [DEBUG] yandextank.plugins.DataUploader.client client.py:642	Sending configinfo config
2022-05-20 18:17:16,276 [DEBUG] urllib3.connectionpool connectionpool.py:393	https://overload.yandex.net:443 "POST /api/job/523482/configinfo.txt?api_token=4f2a42fb997146a394c06ccf2768f953 HTTP/1.1" 200 16
2022-05-20 18:17:16,290 [INFO] yandextank.core.tankcore tankcore.py:259	Starting test...
2022-05-20 18:17:16,300 [INFO] yandextank.aggregator.tank_aggregator tank_aggregator.py:63	using verbose histogram
2022-05-20 18:17:16,331 [DEBUG] yandextank.core.tankcore tankcore.py:263	Starting <yandextank.plugins.Pandora.plugin.Plugin object at 0x4019374890>
2022-05-20 18:17:16,334 [INFO] yandextank.plugins.Pandora.plugin plugin.py:183	Starting: ['./gun1', '-expvar', '/Users/nikitaratasnuk/yandex.tank/logs/2022-05-20_18-17-14.338570/pandora_config_Ag6QQo.yaml']
2022-05-20 18:17:16,344 [DEBUG] urllib3.connectionpool connectionpool.py:205	Starting new HTTP connection (1): localhost:1234
2022-05-20 18:17:16,350 [DEBUG] yandextank.core.tankcore tankcore.py:446	Adding artifact file to collect (keep=False): /Users/nikitaratasnuk/yandex.tank/logs/2022-05-20_18-17-14.338570/pandora_RMJ2wp.log
2022-05-20 18:17:16,360 [DEBUG] yandextank.plugins.Pandora.reader reader.py:33	Pandora expvar http interface is unavailable
Traceback (most recent call last):
  File "/usr/local/lib/python2.7/dist-packages/yandextank/plugins/Pandora/reader.py", line 24, in run
    pandora_stat = requests.get("http://localhost:1234/debug/vars", timeout=0.9).json()
  File "/usr/local/lib/python2.7/dist-packages/requests/api.py", line 75, in get
    return request('get', url, params=params, **kwargs)
  File "/usr/local/lib/python2.7/dist-packages/requests/api.py", line 60, in request
    return session.request(method=method, url=url, **kwargs)
  File "/usr/local/lib/python2.7/dist-packages/requests/sessions.py", line 533, in request
    resp = self.send(prep, **send_kwargs)
  File "/usr/local/lib/python2.7/dist-packages/requests/sessions.py", line 646, in send
    r = adapter.send(request, **kwargs)
  File "/usr/local/lib/python2.7/dist-packages/requests/adapters.py", line 516, in send
    raise ConnectionError(e, request=request)
ConnectionError: HTTPConnectionPool(host='localhost', port=1234): Max retries exceeded with url: /debug/vars (Caused by NewConnectionError('<urllib3.connection.HTTPConnection object at 0x40195bd390>: Failed to establish a new connection: [Errno 111] Connection refused',))
2022-05-20 18:17:16,812 [DEBUG] yandextank.plugins.Pandora.plugin plugin.py:196	Unable to start Pandora binary. Args: ['./gun1', '-expvar', '/Users/nikitaratasnuk/yandex.tank/logs/2022-05-20_18-17-14.338570/pandora_config_Ag6QQo.yaml']
Traceback (most recent call last):
  File "/usr/local/lib/python2.7/dist-packages/yandextank/plugins/Pandora/plugin.py", line 193, in start_test
    close_fds=True)
  File "/usr/lib/python2.7/subprocess.py", line 711, in __init__
    errread, errwrite)
  File "/usr/lib/python2.7/subprocess.py", line 1343, in _execute_child
    raise child_exception
OSError: [Errno 8] Exec format error
2022-05-20 18:17:16,815 [ERROR] root consoleworker.py:296	Test interrupted:
<type 'exceptions.RuntimeError'>: Unable to start Pandora binary and/or file does not exist: ['./gun1', '-expvar', '/Users/nikitaratasnuk/yandex.tank/logs/2022-05-20_18-17-14.338570/pandora_config_Ag6QQo.yaml']
<traceback object at 0x403df9bbd8>
2022-05-20 18:17:16,817 [INFO] yandextank.core.tankcore tankcore.py:301	Finishing test...
2022-05-20 18:17:16,819 [INFO] yandextank.core.tankcore tankcore.py:303	Stopping load generator and aggregator
2022-05-20 18:17:16,820 [DEBUG] yandextank.plugins.Pandora.plugin plugin.py:225	Seems subprocess finished OK
2022-05-20 18:17:16,821 [DEBUG] yandextank.aggregator.tank_aggregator tank_aggregator.py:123	Closing stats reader
2022-05-20 18:17:16,971 [DEBUG] yandextank.aggregator.tank_aggregator tank_aggregator.py:126	Waiting for gun drain to finish
2022-05-20 18:17:17,346 [DEBUG] yandextank.aggregator.tank_aggregator tank_aggregator.py:128	Waiting for stats drain to finish
2022-05-20 18:17:17,351 [DEBUG] yandextank.aggregator.tank_aggregator tank_aggregator.py:130	Collecting remaining data
2022-05-20 18:17:17,356 [DEBUG] yandextank.aggregator.tank_aggregator tank_aggregator.py:87	Data timestamps: []
2022-05-20 18:17:17,359 [DEBUG] yandextank.aggregator.tank_aggregator tank_aggregator.py:88	Stats timestamps: []
2022-05-20 18:17:17,362 [DEBUG] yandextank.core.tankcore tankcore.py:305	RC after: 1
2022-05-20 18:17:17,366 [INFO] yandextank.core.tankcore tankcore.py:307	Stopping monitoring
2022-05-20 18:17:17,370 [DEBUG] yandextank.core.tankcore tankcore.py:315	Finalize <yandextank.plugins.JsonReport.plugin.Plugin object at 0x401937e590>
2022-05-20 18:17:17,374 [DEBUG] yandextank.core.tankcore tankcore.py:317	RC before: 1
2022-05-20 18:17:17,376 [DEBUG] yandextank.core.tankcore tankcore.py:319	RC after: 1
2022-05-20 18:17:17,379 [DEBUG] yandextank.core.tankcore tankcore.py:315	Finalize <yandextank.plugins.Autostop.plugin.Plugin object at 0x4019374cd0>
2022-05-20 18:17:17,381 [DEBUG] yandextank.core.tankcore tankcore.py:317	RC before: 1
2022-05-20 18:17:17,384 [DEBUG] yandextank.core.tankcore tankcore.py:319	RC after: 1
2022-05-20 18:17:17,385 [DEBUG] yandextank.core.tankcore tankcore.py:315	Finalize <yandextank.plugins.ShellExec.plugin.Plugin object at 0x40193743d0>
2022-05-20 18:17:17,388 [DEBUG] yandextank.core.tankcore tankcore.py:317	RC before: 1
2022-05-20 18:17:17,389 [DEBUG] yandextank.core.tankcore tankcore.py:319	RC after: 1
2022-05-20 18:17:17,391 [DEBUG] yandextank.core.tankcore tankcore.py:315	Finalize <yandextank.plugins.Console.plugin.Plugin object at 0x4019374950>
2022-05-20 18:17:17,393 [DEBUG] yandextank.core.tankcore tankcore.py:317	RC before: 1
2022-05-20 18:17:17,395 [DEBUG] yandextank.core.tankcore tankcore.py:319	RC after: 1
2022-05-20 18:17:17,396 [DEBUG] yandextank.core.tankcore tankcore.py:315	Finalize <yandextank.plugins.RCAssert.plugin.Plugin object at 0x4019374590>
2022-05-20 18:17:17,399 [DEBUG] yandextank.core.tankcore tankcore.py:317	RC before: 1
2022-05-20 18:17:17,400 [DEBUG] yandextank.core.tankcore tankcore.py:319	RC after: 1
2022-05-20 18:17:17,402 [DEBUG] yandextank.core.tankcore tankcore.py:315	Finalize <yandextank.plugins.ResourceCheck.plugin.Plugin object at 0x4019366e90>
2022-05-20 18:17:17,403 [DEBUG] yandextank.core.tankcore tankcore.py:317	RC before: 1
2022-05-20 18:17:17,404 [DEBUG] yandextank.core.tankcore tankcore.py:319	RC after: 1
2022-05-20 18:17:17,405 [DEBUG] yandextank.core.tankcore tankcore.py:315	Finalize <yandextank.plugins.DataUploader.plugin.Plugin object at 0x401937eb50>
2022-05-20 18:17:17,407 [DEBUG] yandextank.core.tankcore tankcore.py:317	RC before: 1
2022-05-20 18:17:17,408 [DEBUG] yandextank.plugins.DataUploader.client client.py:642	Sending configinitial config
2022-05-20 18:17:17,554 [DEBUG] urllib3.connectionpool connectionpool.py:393	https://overload.yandex.net:443 "POST /api/job/523482/configinitial.txt?api_token=4f2a42fb997146a394c06ccf2768f953 HTTP/1.1" 200 16
2022-05-20 18:17:17,567 [DEBUG] yandextank.plugins.DataUploader.client client.py:642	Sending configinfo config
2022-05-20 18:17:17,697 [DEBUG] urllib3.connectionpool connectionpool.py:393	https://overload.yandex.net:443 "POST /api/job/523482/configinfo.txt?api_token=4f2a42fb997146a394c06ccf2768f953 HTTP/1.1" 200 16
2022-05-20 18:17:17,712 [INFO] yandextank.plugins.DataUploader.plugin plugin.py:478	Unlocking targets: ['0.0.0.0:8080']
2022-05-20 18:17:17,716 [INFO] yandextank.plugins.DataUploader.plugin plugin.py:480	0.0.0.0:8080
2022-05-20 18:17:17,721 [DEBUG] yandextank.core.tankcore tankcore.py:319	RC after: 1
2022-05-20 18:17:17,725 [INFO] yandextank.core.tankcore tankcore.py:330	Post-processing test...
2022-05-20 18:17:17,727 [DEBUG] yandextank.core.tankcore tankcore.py:333	Post-process <yandextank.plugins.Pandora.plugin.Plugin object at 0x4019374890>
2022-05-20 18:17:17,730 [DEBUG] yandextank.core.tankcore tankcore.py:335	RC before: 1
2022-05-20 18:17:17,733 [DEBUG] yandextank.core.tankcore tankcore.py:337	RC after: 1
2022-05-20 18:17:17,735 [DEBUG] yandextank.core.tankcore tankcore.py:333	Post-process <yandextank.plugins.JsonReport.plugin.Plugin object at 0x401937e590>
2022-05-20 18:17:17,738 [DEBUG] yandextank.core.tankcore tankcore.py:335	RC before: 1
2022-05-20 18:17:17,742 [DEBUG] yandextank.core.tankcore tankcore.py:337	RC after: 1
2022-05-20 18:17:17,744 [DEBUG] yandextank.core.tankcore tankcore.py:333	Post-process <yandextank.plugins.Autostop.plugin.Plugin object at 0x4019374cd0>
2022-05-20 18:17:17,746 [DEBUG] yandextank.core.tankcore tankcore.py:335	RC before: 1
2022-05-20 18:17:17,749 [DEBUG] yandextank.core.tankcore tankcore.py:337	RC after: 1
2022-05-20 18:17:17,751 [DEBUG] yandextank.core.tankcore tankcore.py:333	Post-process <yandextank.plugins.ShellExec.plugin.Plugin object at 0x40193743d0>
2022-05-20 18:17:17,753 [DEBUG] yandextank.core.tankcore tankcore.py:335	RC before: 1
2022-05-20 18:17:17,755 [DEBUG] yandextank.core.tankcore tankcore.py:337	RC after: 1
2022-05-20 18:17:17,757 [DEBUG] yandextank.core.tankcore tankcore.py:333	Post-process <yandextank.plugins.Console.plugin.Plugin object at 0x4019374950>
2022-05-20 18:17:17,758 [DEBUG] yandextank.core.tankcore tankcore.py:335	RC before: 1
2022-05-20 18:17:17,760 [DEBUG] yandextank.core.tankcore tankcore.py:337	RC after: 1
2022-05-20 18:17:17,761 [DEBUG] yandextank.core.tankcore tankcore.py:333	Post-process <yandextank.plugins.RCAssert.plugin.Plugin object at 0x4019374590>
2022-05-20 18:17:17,762 [DEBUG] yandextank.core.tankcore tankcore.py:335	RC before: 1
2022-05-20 18:17:17,763 [DEBUG] yandextank.core.tankcore tankcore.py:337	RC after: 1
2022-05-20 18:17:17,764 [DEBUG] yandextank.core.tankcore tankcore.py:333	Post-process <yandextank.plugins.ResourceCheck.plugin.Plugin object at 0x4019366e90>
2022-05-20 18:17:17,765 [DEBUG] yandextank.core.tankcore tankcore.py:335	RC before: 1
2022-05-20 18:17:17,767 [DEBUG] yandextank.core.tankcore tankcore.py:337	RC after: 1
2022-05-20 18:17:17,768 [DEBUG] yandextank.core.tankcore tankcore.py:333	Post-process <yandextank.plugins.DataUploader.plugin.Plugin object at 0x401937eb50>
2022-05-20 18:17:17,769 [DEBUG] yandextank.core.tankcore tankcore.py:335	RC before: 1
2022-05-20 18:17:17,771 [INFO] yandextank.plugins.DataUploader.plugin plugin.py:350	Waiting for sender threads to join.
2022-05-20 18:17:17,771 [INFO] yandextank.plugins.DataUploader.plugin plugin.py:357	Web link: None
2022-05-20 18:17:17,773 [DEBUG] yandextank.core.tankcore tankcore.py:391	Searching for plugin: <class 'yandextank.plugins.Autostop.plugin.Plugin'>
2022-05-20 18:17:17,774 [DEBUG] yandextank.plugins.DataUploader.plugin plugin.py:376	No autostop cause detected
2022-05-20 18:17:17,775 [DEBUG] yandextank.plugins.DataUploader.client client.py:642	Sending configinitial config
2022-05-20 18:17:17,846 [DEBUG] urllib3.connectionpool connectionpool.py:393	https://overload.yandex.net:443 "POST /api/job/523482/configinitial.txt?api_token=4f2a42fb997146a394c06ccf2768f953 HTTP/1.1" 200 16
2022-05-20 18:17:17,849 [DEBUG] yandextank.plugins.DataUploader.client client.py:642	Sending configinfo config
2022-05-20 18:17:18,039 [DEBUG] urllib3.connectionpool connectionpool.py:393	https://overload.yandex.net:443 "POST /api/job/523482/configinfo.txt?api_token=4f2a42fb997146a394c06ccf2768f953 HTTP/1.1" 200 16
2022-05-20 18:17:18,055 [DEBUG] yandextank.core.tankcore tankcore.py:337	RC after: 1
2022-05-20 18:17:18,060 [INFO] root consoleworker.py:269	Trying to clean up
2022-05-20 18:17:18,064 [INFO] yandextank.core.tankcore tankcore.py:526	Cleaning up plugin plugin_pandora
2022-05-20 18:17:18,068 [INFO] yandextank.core.tankcore tankcore.py:526	Cleaning up plugin plugin_json_report
2022-05-20 18:17:18,071 [INFO] yandextank.core.tankcore tankcore.py:526	Cleaning up plugin plugin_autostop
2022-05-20 18:17:18,074 [INFO] yandextank.core.tankcore tankcore.py:526	Cleaning up plugin plugin_shellexec
2022-05-20 18:17:18,077 [INFO] yandextank.core.tankcore tankcore.py:526	Cleaning up plugin plugin_console
2022-05-20 18:17:18,081 [INFO] yandextank.core.tankcore tankcore.py:526	Cleaning up plugin plugin_rcassert
2022-05-20 18:17:18,085 [INFO] yandextank.core.tankcore tankcore.py:526	Cleaning up plugin plugin_rcheck
2022-05-20 18:17:18,089 [INFO] yandextank.core.tankcore tankcore.py:526	Cleaning up plugin plugin_overload
2022-05-20 18:17:18,232 [DEBUG] urllib3.connectionpool connectionpool.py:393	https://overload.yandex.net:443 "GET /api/job/523482/close.json?exitcode=1&api_token=4f2a42fb997146a394c06ccf2768f953 HTTP/1.1" 200 16
2022-05-20 18:17:18,240 [INFO] yandextank.plugins.DataUploader.plugin plugin.py:478	Unlocking targets: ['0.0.0.0:8080']
2022-05-20 18:17:18,244 [INFO] yandextank.plugins.DataUploader.plugin plugin.py:480	0.0.0.0:8080
2022-05-20 18:17:18,248 [INFO] yandextank.core.tankcore tankcore.py:561	Releasing lock: /var/lock/lunapark_c5Vmov.lock
2022-05-20 18:17:18,261 [DEBUG] yandextank.core.tankcore tankcore.py:367	Collecting artifacts
2022-05-20 18:17:18,262 [INFO] yandextank.core.tankcore tankcore.py:368	Artifacts dir: /Users/nikitaratasnuk/yandex.tank/logs/2022-05-20_18-17-14.338570
2022-05-20 18:17:18,263 [DEBUG] yandextank.core.tankcore tankcore.py:422	Collecting file: ./phout.log to /Users/nikitaratasnuk/yandex.tank/logs/2022-05-20_18-17-14.338570/phout.log
2022-05-20 18:17:18,275 [DEBUG] yandextank.core.tankcore tankcore.py:422	Collecting file: /Users/nikitaratasnuk/yandex.tank/logs/2022-05-20_18-17-14.338570/pandora_config_Ag6QQo.yaml to /Users/nikitaratasnuk/yandex.tank/logs/2022-05-20_18-17-14.338570/pandora_config_Ag6QQo.yaml
2022-05-20 18:17:18,278 [WARNING] yandextank.core.tankcore tankcore.py:429	File already exists: /Users/nikitaratasnuk/yandex.tank/logs/2022-05-20_18-17-14.338570/pandora_config_Ag6QQo.yaml
2022-05-20 18:17:18,281 [DEBUG] yandextank.core.tankcore tankcore.py:422	Collecting file: /Users/nikitaratasnuk/yandex.tank/logs/2022-05-20_18-17-14.338570/pandora_RMJ2wp.log to /Users/nikitaratasnuk/yandex.tank/logs/2022-05-20_18-17-14.338570/pandora_RMJ2wp.log
2022-05-20 18:17:18,285 [WARNING] yandextank.core.tankcore tankcore.py:429	File already exists: /Users/nikitaratasnuk/yandex.tank/logs/2022-05-20_18-17-14.338570/pandora_RMJ2wp.log
2022-05-20 18:17:18,289 [DEBUG] yandextank.core.tankcore tankcore.py:422	Collecting file: validation_error.yaml to /Users/nikitaratasnuk/yandex.tank/logs/2022-05-20_18-17-14.338570/validation_error.yaml
2022-05-20 18:17:18,292 [WARNING] yandextank.core.tankcore tankcore.py:424	File not found to collect: validation_error.yaml
