2022-05-20 06:58:19,888 [INFO] root consoleworker.py:434	Log file created
2022-05-20 06:58:19,890 [INFO] root consoleworker.py:438	Logging handler <logging.FileHandler object at 0x40192a2c10> added
2022-05-20 06:58:19,891 [INFO] root consoleworker.py:438	Logging handler <logging.StreamHandler object at 0x401926a850> added
2022-05-20 06:58:19,892 [INFO] root consoleworker.py:438	Logging handler <logging.StreamHandler object at 0x401928ea50> added
2022-05-20 06:58:19,893 [INFO] root consoleworker.py:373	Created a folder for the test. /Users/nikitaratasnuk/yandex.tank/logs/2022-05-20_06-58-19.700199
2022-05-20 06:58:19,895 [INFO] yandextank.core.tankcore tankcore.py:237	Configuring plugins...
2022-05-20 06:58:19,899 [INFO] yandextank.core.tankcore tankcore.py:190	Loading plugins...
2022-05-20 06:58:19,902 [DEBUG] yandextank.core.tankcore tankcore.py:192	Loading plugin rcheck from yandextank.plugins.ResourceCheck
2022-05-20 06:58:19,904 [DEBUG] yandextank.core.tankcore tankcore.py:192	Loading plugin json_report from yandextank.plugins.JsonReport
2022-05-20 06:58:19,916 [DEBUG] yandextank.core.tankcore tankcore.py:192	Loading plugin overload from yandextank.plugins.DataUploader
2022-05-20 06:58:19,919 [DEBUG] yandextank.core.tankcore tankcore.py:192	Loading plugin rcassert from yandextank.plugins.RCAssert
2022-05-20 06:58:19,921 [DEBUG] yandextank.core.tankcore tankcore.py:192	Loading plugin pandora from yandextank.plugins.Pandora
2022-05-20 06:58:19,925 [DEBUG] yandextank.core.tankcore tankcore.py:192	Loading plugin console from yandextank.plugins.Console
2022-05-20 06:58:19,928 [DEBUG] yandextank.core.tankcore tankcore.py:192	Loading plugin shellexec from yandextank.plugins.ShellExec
2022-05-20 06:58:19,931 [DEBUG] yandextank.core.tankcore tankcore.py:192	Loading plugin autostop from yandextank.plugins.Autostop
2022-05-20 06:58:19,935 [DEBUG] yandextank.core.tankcore tankcore.py:212	Plugin instances: {'plugin_pandora': <yandextank.plugins.Pandora.plugin.Plugin object at 0x4019374890>, 'plugin_json_report': <yandextank.plugins.JsonReport.plugin.Plugin object at 0x401937e590>, 'plugin_autostop': <yandextank.plugins.Autostop.plugin.Plugin object at 0x4019374cd0>, 'plugin_shellexec': <yandextank.plugins.ShellExec.plugin.Plugin object at 0x40193743d0>, 'plugin_console': <yandextank.plugins.Console.plugin.Plugin object at 0x4019374950>, 'plugin_rcassert': <yandextank.plugins.RCAssert.plugin.Plugin object at 0x4019374590>, 'plugin_rcheck': <yandextank.plugins.ResourceCheck.plugin.Plugin object at 0x4019366e90>, 'plugin_overload': <yandextank.plugins.DataUploader.plugin.Plugin object at 0x401937eb50>}
2022-05-20 06:58:19,938 [DEBUG] yandextank.core.tankcore tankcore.py:244	Configuring <yandextank.plugins.Pandora.plugin.Plugin object at 0x4019374890>
2022-05-20 06:58:19,940 [INFO] yandextank.plugins.Pandora.plugin plugin.py:68	Found config_file option configuration
2022-05-20 06:58:19,973 [DEBUG] yandextank.core.tankcore tankcore.py:446	Adding artifact file to collect (keep=False): /Users/nikitaratasnuk/yandex.tank/logs/2022-05-20_06-58-19.700199/pandora_config_sgSCU3.yaml
2022-05-20 06:58:19,990 [DEBUG] yandextank.plugins.Pandora.plugin plugin.py:74	Config after parsing for patching: {'pools': [{'rps': {'duration': '60s', 'type': 'line', 'from': 1, 'to': 200}, 'result': {'destination': './phout.log', 'type': 'phout'}, 'startup': {'type': 'once', 'times': 10}, 'gun': {'type': 'My_custom_gun_name', 'target': '0.0.0.0:8080'}, 'ammo': {'source': {'path': './json.ammo', 'type': 'file'}, 'type': 'custom_provider'}, 'id': 'HTTP pool'}]}
2022-05-20 06:58:19,992 [INFO] yandextank.plugins.Pandora.plugin plugin.py:153	Found report file in pandora config: ./phout.log
2022-05-20 06:58:19,999 [DEBUG] yandextank.core.tankcore tankcore.py:446	Adding artifact file to collect (keep=False): ./phout.log
2022-05-20 06:58:20,001 [DEBUG] yandextank.core.tankcore tankcore.py:244	Configuring <yandextank.plugins.JsonReport.plugin.Plugin object at 0x401937e590>
2022-05-20 06:58:20,005 [DEBUG] yandextank.core.tankcore tankcore.py:391	Searching for plugin: <class 'yandextank.common.interfaces.GeneratorPlugin'>
2022-05-20 06:58:20,013 [DEBUG] yandextank.core.tankcore tankcore.py:244	Configuring <yandextank.plugins.Autostop.plugin.Plugin object at 0x4019374cd0>
2022-05-20 06:58:20,016 [DEBUG] yandextank.core.tankcore tankcore.py:244	Configuring <yandextank.plugins.ShellExec.plugin.Plugin object at 0x40193743d0>
2022-05-20 06:58:20,017 [DEBUG] yandextank.core.tankcore tankcore.py:244	Configuring <yandextank.plugins.Console.plugin.Plugin object at 0x4019374950>
2022-05-20 06:58:20,021 [DEBUG] yandextank.core.tankcore tankcore.py:244	Configuring <yandextank.plugins.RCAssert.plugin.Plugin object at 0x4019374590>
2022-05-20 06:58:20,022 [DEBUG] yandextank.core.tankcore tankcore.py:244	Configuring <yandextank.plugins.ResourceCheck.plugin.Plugin object at 0x4019366e90>
2022-05-20 06:58:20,025 [DEBUG] yandextank.core.tankcore tankcore.py:244	Configuring <yandextank.plugins.DataUploader.plugin.Plugin object at 0x401937eb50>
2022-05-20 06:58:20,027 [INFO] yandextank.core.tankcore tankcore.py:249	Preparing test...
2022-05-20 06:58:20,028 [DEBUG] yandextank.core.tankcore tankcore.py:253	Preparing <yandextank.plugins.Pandora.plugin.Plugin object at 0x4019374890>
2022-05-20 06:58:20,030 [DEBUG] yandextank.core.tankcore tankcore.py:391	Searching for plugin: <class 'yandextank.plugins.Console.plugin.Plugin'>
2022-05-20 06:58:20,031 [DEBUG] yandextank.core.tankcore tankcore.py:253	Preparing <yandextank.plugins.JsonReport.plugin.Plugin object at 0x401937e590>
2022-05-20 06:58:20,032 [DEBUG] yandextank.core.tankcore tankcore.py:253	Preparing <yandextank.plugins.Autostop.plugin.Plugin object at 0x4019374cd0>
2022-05-20 06:58:20,033 [DEBUG] yandextank.common.interfaces plugin.py:74	Criterion string: http(5xx,10%,5s)
2022-05-20 06:58:20,034 [DEBUG] yandextank.common.interfaces plugin.py:78	Criterion objects: {'http(5xx,10%,5s)': <yandextank.plugins.Autostop.criterions.HTTPCodesCriterion object at 0x4019374f10>}
2022-05-20 06:58:20,035 [DEBUG] yandextank.core.tankcore tankcore.py:391	Searching for plugin: <class 'yandextank.plugins.Console.plugin.Plugin'>
2022-05-20 06:58:20,036 [DEBUG] yandextank.core.tankcore tankcore.py:253	Preparing <yandextank.plugins.ShellExec.plugin.Plugin object at 0x40193743d0>
2022-05-20 06:58:20,037 [DEBUG] yandextank.core.tankcore tankcore.py:253	Preparing <yandextank.plugins.Console.plugin.Plugin object at 0x4019374950>
2022-05-20 06:58:20,038 [DEBUG] yandextank.core.tankcore tankcore.py:253	Preparing <yandextank.plugins.RCAssert.plugin.Plugin object at 0x4019374590>
2022-05-20 06:58:20,038 [DEBUG] yandextank.core.tankcore tankcore.py:253	Preparing <yandextank.plugins.ResourceCheck.plugin.Plugin object at 0x4019366e90>
2022-05-20 06:58:20,039 [INFO] yandextank.common.interfaces plugin.py:39	Checking tank resources...
2022-05-20 06:58:20,040 [DEBUG] netort.process process.py:23	Starting: sh -c "df --no-sync -m -P -l -x fuse -x tmpfs -x devtmpfs -x davfs -x nfs /Users/nikitaratasnuk/yandex.tank/logs | tail -n 1 | awk '{print \$4}' "
2022-05-20 06:58:20,565 [DEBUG] netort.process process.py:46	Process output:
11504

2022-05-20 06:58:20,567 [DEBUG] netort.process process.py:48	Process exit code: 0
2022-05-20 06:58:20,567 [DEBUG] root plugin.py:58	Result: (0, '11504\n', '')
2022-05-20 06:58:20,569 [DEBUG] yandextank.common.interfaces plugin.py:64	Disk free space: 11504/2048
2022-05-20 06:58:20,571 [DEBUG] yandextank.common.interfaces plugin.py:75	Memory free: 3097/512
2022-05-20 06:58:20,572 [DEBUG] yandextank.core.tankcore tankcore.py:253	Preparing <yandextank.plugins.DataUploader.plugin.Plugin object at 0x401937eb50>
2022-05-20 06:58:20,573 [WARNING] yandextank.plugins.DataUploader.plugin plugin.py:234	Failed to get info about ammo path
2022-05-20 06:58:20,576 [INFO] root plugin.py:523	Using OVERLOAD backend
2022-05-20 06:58:20,577 [DEBUG] yandextank.plugins.DataUploader.plugin plugin.py:618	Trying to read token from token.txt
2022-05-20 06:58:20,585 [INFO] yandextank.plugins.DataUploader.plugin plugin.py:624	Read authentication token from token.txt, token length is 32 bytes
2022-05-20 06:58:20,629 [INFO] yandextank.plugins.DataUploader.client client.py:59	Proxy not set
2022-05-20 06:58:20,632 [INFO] yandextank.plugins.DataUploader.plugin plugin.py:647	Detected target: 0.0.0.0:8080
2022-05-20 06:58:20,660 [DEBUG] yandextank.plugins.DataUploader.client client.py:336	Job create request: {'person': 'root', 'host': '0.0.0.0:8080', 'task': '', 'tank': '56b4038cde22', 'notify': [], 'loadscheme': [], 'detailed_time': None, 'port': '8080'}
2022-05-20 06:58:20,670 [DEBUG] urllib3.connectionpool connectionpool.py:813	Starting new HTTPS connection (1): overload.yandex.net:443
2022-05-20 06:58:20,925 [DEBUG] urllib3.connectionpool connectionpool.py:393	https://overload.yandex.net:443 "POST /api/job/create.json?api_token=4f2a42fb997146a394c06ccf2768f953 HTTP/1.1" 200 None
2022-05-20 06:58:20,936 [INFO] yandextank.plugins.DataUploader.plugin plugin.py:789	Job created: 523223
2022-05-20 06:58:20,941 [DEBUG] yandextank.plugins.DataUploader.client client.py:642	Sending configinitial config
2022-05-20 06:58:21,008 [DEBUG] urllib3.connectionpool connectionpool.py:393	https://overload.yandex.net:443 "POST /api/job/523223/configinitial.txt?api_token=4f2a42fb997146a394c06ccf2768f953 HTTP/1.1" 200 16
2022-05-20 06:58:21,013 [INFO] yandextank.plugins.DataUploader.plugin plugin.py:485	Locking targets: ['0.0.0.0:8080']
2022-05-20 06:58:21,015 [INFO] yandextank.plugins.DataUploader.plugin plugin.py:487	Locked targets: ['0.0.0.0:8080']
2022-05-20 06:58:21,022 [DEBUG] yandextank.common.interfaces interfaces.py:101	Publishing status: Plugin/job_no: 523223
2022-05-20 06:58:21,094 [DEBUG] urllib3.connectionpool connectionpool.py:393	https://overload.yandex.net:443 "POST /api/job/523223/edit.json?api_token=4f2a42fb997146a394c06ccf2768f953 HTTP/1.1" 200 19
2022-05-20 06:58:21,099 [DEBUG] yandextank.core.tankcore tankcore.py:391	Searching for plugin: <class 'yandextank.plugins.Console.plugin.Plugin'>
2022-05-20 06:58:21,101 [DEBUG] yandextank.plugins.DataUploader.client client.py:642	Sending configinitial config
2022-05-20 06:58:21,175 [DEBUG] urllib3.connectionpool connectionpool.py:393	https://overload.yandex.net:443 "POST /api/job/523223/configinitial.txt?api_token=4f2a42fb997146a394c06ccf2768f953 HTTP/1.1" 200 16
2022-05-20 06:58:21,180 [DEBUG] yandextank.plugins.DataUploader.client client.py:642	Sending configinfo config
2022-05-20 06:58:21,292 [DEBUG] urllib3.connectionpool connectionpool.py:393	https://overload.yandex.net:443 "POST /api/job/523223/configinfo.txt?api_token=4f2a42fb997146a394c06ccf2768f953 HTTP/1.1" 200 16
2022-05-20 06:58:21,303 [INFO] yandextank.core.tankcore tankcore.py:259	Starting test...
2022-05-20 06:58:21,310 [INFO] yandextank.aggregator.tank_aggregator tank_aggregator.py:63	using verbose histogram
2022-05-20 06:58:21,327 [DEBUG] yandextank.core.tankcore tankcore.py:263	Starting <yandextank.plugins.Pandora.plugin.Plugin object at 0x4019374890>
2022-05-20 06:58:21,332 [INFO] yandextank.plugins.Pandora.plugin plugin.py:183	Starting: ['https://disk.yandex.com/d/5L62rNZdT5PEog', '-expvar', '/Users/nikitaratasnuk/yandex.tank/logs/2022-05-20_06-58-19.700199/pandora_config_sgSCU3.yaml']
2022-05-20 06:58:21,338 [DEBUG] urllib3.connectionpool connectionpool.py:205	Starting new HTTP connection (1): localhost:1234
2022-05-20 06:58:21,353 [DEBUG] yandextank.plugins.Pandora.reader reader.py:33	Pandora expvar http interface is unavailable
Traceback (most recent call last):
  File "/usr/local/lib/python2.7/dist-packages/yandextank/plugins/Pandora/reader.py", line 24, in run
    pandora_stat = requests.get("http://localhost:1234/debug/vars", timeout=0.9).json()
  File "/usr/local/lib/python2.7/dist-packages/requests/api.py", line 75, in get
    return request('get', url, params=params, **kwargs)
  File "/usr/local/lib/python2.7/dist-packages/requests/api.py", line 60, in request
    return session.request(method=method, url=url, **kwargs)
  File "/usr/local/lib/python2.7/dist-packages/requests/sessions.py", line 533, in request
    resp = self.send(prep, **send_kwargs)
  File "/usr/local/lib/python2.7/dist-packages/requests/sessions.py", line 646, in send
    r = adapter.send(request, **kwargs)
  File "/usr/local/lib/python2.7/dist-packages/requests/adapters.py", line 516, in send
    raise ConnectionError(e, request=request)
ConnectionError: HTTPConnectionPool(host='localhost', port=1234): Max retries exceeded with url: /debug/vars (Caused by NewConnectionError('<urllib3.connection.HTTPConnection object at 0x401993d4d0>: Failed to establish a new connection: [Errno 111] Connection refused',))
2022-05-20 06:58:21,357 [DEBUG] yandextank.core.tankcore tankcore.py:446	Adding artifact file to collect (keep=False): /Users/nikitaratasnuk/yandex.tank/logs/2022-05-20_06-58-19.700199/pandora_iGQ8Bj.log
2022-05-20 06:58:21,833 [DEBUG] yandextank.plugins.Pandora.plugin plugin.py:196	Unable to start Pandora binary. Args: ['https://disk.yandex.com/d/5L62rNZdT5PEog', '-expvar', '/Users/nikitaratasnuk/yandex.tank/logs/2022-05-20_06-58-19.700199/pandora_config_sgSCU3.yaml']
Traceback (most recent call last):
  File "/usr/local/lib/python2.7/dist-packages/yandextank/plugins/Pandora/plugin.py", line 193, in start_test
    close_fds=True)
  File "/usr/lib/python2.7/subprocess.py", line 711, in __init__
    errread, errwrite)
  File "/usr/lib/python2.7/subprocess.py", line 1343, in _execute_child
    raise child_exception
OSError: [Errno 2] No such file or directory
2022-05-20 06:58:21,838 [ERROR] root consoleworker.py:296	Test interrupted:
<type 'exceptions.RuntimeError'>: Unable to start Pandora binary and/or file does not exist: ['https://disk.yandex.com/d/5L62rNZdT5PEog', '-expvar', '/Users/nikitaratasnuk/yandex.tank/logs/2022-05-20_06-58-19.700199/pandora_config_sgSCU3.yaml']
<traceback object at 0x403e31bb48>
2022-05-20 06:58:21,841 [INFO] yandextank.core.tankcore tankcore.py:301	Finishing test...
2022-05-20 06:58:21,842 [INFO] yandextank.core.tankcore tankcore.py:303	Stopping load generator and aggregator
2022-05-20 06:58:21,844 [DEBUG] yandextank.plugins.Pandora.plugin plugin.py:225	Seems subprocess finished OK
2022-05-20 06:58:21,845 [DEBUG] yandextank.aggregator.tank_aggregator tank_aggregator.py:123	Closing stats reader
2022-05-20 06:58:21,975 [DEBUG] yandextank.aggregator.tank_aggregator tank_aggregator.py:126	Waiting for gun drain to finish
2022-05-20 06:58:22,342 [DEBUG] yandextank.aggregator.tank_aggregator tank_aggregator.py:128	Waiting for stats drain to finish
2022-05-20 06:58:22,348 [DEBUG] yandextank.aggregator.tank_aggregator tank_aggregator.py:130	Collecting remaining data
2022-05-20 06:58:22,354 [DEBUG] yandextank.aggregator.tank_aggregator tank_aggregator.py:87	Data timestamps: []
2022-05-20 06:58:22,358 [DEBUG] yandextank.aggregator.tank_aggregator tank_aggregator.py:88	Stats timestamps: []
2022-05-20 06:58:22,360 [DEBUG] yandextank.core.tankcore tankcore.py:305	RC after: 1
2022-05-20 06:58:22,361 [INFO] yandextank.core.tankcore tankcore.py:307	Stopping monitoring
2022-05-20 06:58:22,363 [DEBUG] yandextank.core.tankcore tankcore.py:315	Finalize <yandextank.plugins.JsonReport.plugin.Plugin object at 0x401937e590>
2022-05-20 06:58:22,365 [DEBUG] yandextank.core.tankcore tankcore.py:317	RC before: 1
2022-05-20 06:58:22,367 [DEBUG] yandextank.core.tankcore tankcore.py:319	RC after: 1
2022-05-20 06:58:22,368 [DEBUG] yandextank.core.tankcore tankcore.py:315	Finalize <yandextank.plugins.Autostop.plugin.Plugin object at 0x4019374cd0>
2022-05-20 06:58:22,368 [DEBUG] yandextank.core.tankcore tankcore.py:317	RC before: 1
2022-05-20 06:58:22,369 [DEBUG] yandextank.core.tankcore tankcore.py:319	RC after: 1
2022-05-20 06:58:22,372 [DEBUG] yandextank.core.tankcore tankcore.py:315	Finalize <yandextank.plugins.ShellExec.plugin.Plugin object at 0x40193743d0>
2022-05-20 06:58:22,374 [DEBUG] yandextank.core.tankcore tankcore.py:317	RC before: 1
2022-05-20 06:58:22,376 [DEBUG] yandextank.core.tankcore tankcore.py:319	RC after: 1
2022-05-20 06:58:22,378 [DEBUG] yandextank.core.tankcore tankcore.py:315	Finalize <yandextank.plugins.Console.plugin.Plugin object at 0x4019374950>
2022-05-20 06:58:22,379 [DEBUG] yandextank.core.tankcore tankcore.py:317	RC before: 1
2022-05-20 06:58:22,381 [DEBUG] yandextank.core.tankcore tankcore.py:319	RC after: 1
2022-05-20 06:58:22,382 [DEBUG] yandextank.core.tankcore tankcore.py:315	Finalize <yandextank.plugins.RCAssert.plugin.Plugin object at 0x4019374590>
2022-05-20 06:58:22,383 [DEBUG] yandextank.core.tankcore tankcore.py:317	RC before: 1
2022-05-20 06:58:22,384 [DEBUG] yandextank.core.tankcore tankcore.py:319	RC after: 1
2022-05-20 06:58:22,385 [DEBUG] yandextank.core.tankcore tankcore.py:315	Finalize <yandextank.plugins.ResourceCheck.plugin.Plugin object at 0x4019366e90>
2022-05-20 06:58:22,386 [DEBUG] yandextank.core.tankcore tankcore.py:317	RC before: 1
2022-05-20 06:58:22,388 [DEBUG] yandextank.core.tankcore tankcore.py:319	RC after: 1
2022-05-20 06:58:22,390 [DEBUG] yandextank.core.tankcore tankcore.py:315	Finalize <yandextank.plugins.DataUploader.plugin.Plugin object at 0x401937eb50>
2022-05-20 06:58:22,392 [DEBUG] yandextank.core.tankcore tankcore.py:317	RC before: 1
2022-05-20 06:58:22,393 [DEBUG] yandextank.plugins.DataUploader.client client.py:642	Sending configinitial config
2022-05-20 06:58:22,544 [DEBUG] urllib3.connectionpool connectionpool.py:393	https://overload.yandex.net:443 "POST /api/job/523223/configinitial.txt?api_token=4f2a42fb997146a394c06ccf2768f953 HTTP/1.1" 200 16
2022-05-20 06:58:22,556 [DEBUG] yandextank.plugins.DataUploader.client client.py:642	Sending configinfo config
2022-05-20 06:58:22,676 [DEBUG] urllib3.connectionpool connectionpool.py:393	https://overload.yandex.net:443 "POST /api/job/523223/configinfo.txt?api_token=4f2a42fb997146a394c06ccf2768f953 HTTP/1.1" 200 16
2022-05-20 06:58:22,690 [INFO] yandextank.plugins.DataUploader.plugin plugin.py:478	Unlocking targets: ['0.0.0.0:8080']
2022-05-20 06:58:22,694 [INFO] yandextank.plugins.DataUploader.plugin plugin.py:480	0.0.0.0:8080
2022-05-20 06:58:22,697 [DEBUG] yandextank.core.tankcore tankcore.py:319	RC after: 1
2022-05-20 06:58:22,702 [INFO] yandextank.core.tankcore tankcore.py:330	Post-processing test...
2022-05-20 06:58:22,706 [DEBUG] yandextank.core.tankcore tankcore.py:333	Post-process <yandextank.plugins.Pandora.plugin.Plugin object at 0x4019374890>
2022-05-20 06:58:22,709 [DEBUG] yandextank.core.tankcore tankcore.py:335	RC before: 1
2022-05-20 06:58:22,712 [DEBUG] yandextank.core.tankcore tankcore.py:337	RC after: 1
2022-05-20 06:58:22,716 [DEBUG] yandextank.core.tankcore tankcore.py:333	Post-process <yandextank.plugins.JsonReport.plugin.Plugin object at 0x401937e590>
2022-05-20 06:58:22,719 [DEBUG] yandextank.core.tankcore tankcore.py:335	RC before: 1
2022-05-20 06:58:22,725 [DEBUG] yandextank.core.tankcore tankcore.py:337	RC after: 1
2022-05-20 06:58:22,728 [DEBUG] yandextank.core.tankcore tankcore.py:333	Post-process <yandextank.plugins.Autostop.plugin.Plugin object at 0x4019374cd0>
2022-05-20 06:58:22,732 [DEBUG] yandextank.core.tankcore tankcore.py:335	RC before: 1
2022-05-20 06:58:22,734 [DEBUG] yandextank.core.tankcore tankcore.py:337	RC after: 1
2022-05-20 06:58:22,736 [DEBUG] yandextank.core.tankcore tankcore.py:333	Post-process <yandextank.plugins.ShellExec.plugin.Plugin object at 0x40193743d0>
2022-05-20 06:58:22,737 [DEBUG] yandextank.core.tankcore tankcore.py:335	RC before: 1
2022-05-20 06:58:22,739 [DEBUG] yandextank.core.tankcore tankcore.py:337	RC after: 1
2022-05-20 06:58:22,740 [DEBUG] yandextank.core.tankcore tankcore.py:333	Post-process <yandextank.plugins.Console.plugin.Plugin object at 0x4019374950>
2022-05-20 06:58:22,741 [DEBUG] yandextank.core.tankcore tankcore.py:335	RC before: 1
2022-05-20 06:58:22,742 [DEBUG] yandextank.core.tankcore tankcore.py:337	RC after: 1
2022-05-20 06:58:22,743 [DEBUG] yandextank.core.tankcore tankcore.py:333	Post-process <yandextank.plugins.RCAssert.plugin.Plugin object at 0x4019374590>
2022-05-20 06:58:22,744 [DEBUG] yandextank.core.tankcore tankcore.py:335	RC before: 1
2022-05-20 06:58:22,746 [DEBUG] yandextank.core.tankcore tankcore.py:337	RC after: 1
2022-05-20 06:58:22,748 [DEBUG] yandextank.core.tankcore tankcore.py:333	Post-process <yandextank.plugins.ResourceCheck.plugin.Plugin object at 0x4019366e90>
2022-05-20 06:58:22,749 [DEBUG] yandextank.core.tankcore tankcore.py:335	RC before: 1
2022-05-20 06:58:22,750 [DEBUG] yandextank.core.tankcore tankcore.py:337	RC after: 1
2022-05-20 06:58:22,752 [DEBUG] yandextank.core.tankcore tankcore.py:333	Post-process <yandextank.plugins.DataUploader.plugin.Plugin object at 0x401937eb50>
2022-05-20 06:58:22,753 [DEBUG] yandextank.core.tankcore tankcore.py:335	RC before: 1
2022-05-20 06:58:22,754 [INFO] yandextank.plugins.DataUploader.plugin plugin.py:350	Waiting for sender threads to join.
2022-05-20 06:58:22,755 [INFO] yandextank.plugins.DataUploader.plugin plugin.py:357	Web link: None
2022-05-20 06:58:22,756 [DEBUG] yandextank.core.tankcore tankcore.py:391	Searching for plugin: <class 'yandextank.plugins.Autostop.plugin.Plugin'>
2022-05-20 06:58:22,757 [DEBUG] yandextank.plugins.DataUploader.plugin plugin.py:376	No autostop cause detected
2022-05-20 06:58:22,758 [DEBUG] yandextank.plugins.DataUploader.client client.py:642	Sending configinitial config
2022-05-20 06:58:22,820 [DEBUG] urllib3.connectionpool connectionpool.py:393	https://overload.yandex.net:443 "POST /api/job/523223/configinitial.txt?api_token=4f2a42fb997146a394c06ccf2768f953 HTTP/1.1" 200 16
2022-05-20 06:58:22,824 [DEBUG] yandextank.plugins.DataUploader.client client.py:642	Sending configinfo config
2022-05-20 06:58:22,893 [DEBUG] urllib3.connectionpool connectionpool.py:393	https://overload.yandex.net:443 "POST /api/job/523223/configinfo.txt?api_token=4f2a42fb997146a394c06ccf2768f953 HTTP/1.1" 200 16
2022-05-20 06:58:22,896 [DEBUG] yandextank.core.tankcore tankcore.py:337	RC after: 1
2022-05-20 06:58:22,897 [INFO] root consoleworker.py:269	Trying to clean up
2022-05-20 06:58:22,899 [INFO] yandextank.core.tankcore tankcore.py:526	Cleaning up plugin plugin_pandora
2022-05-20 06:58:22,900 [INFO] yandextank.core.tankcore tankcore.py:526	Cleaning up plugin plugin_json_report
2022-05-20 06:58:22,901 [INFO] yandextank.core.tankcore tankcore.py:526	Cleaning up plugin plugin_autostop
2022-05-20 06:58:22,903 [INFO] yandextank.core.tankcore tankcore.py:526	Cleaning up plugin plugin_shellexec
2022-05-20 06:58:22,905 [INFO] yandextank.core.tankcore tankcore.py:526	Cleaning up plugin plugin_console
2022-05-20 06:58:22,906 [INFO] yandextank.core.tankcore tankcore.py:526	Cleaning up plugin plugin_rcassert
2022-05-20 06:58:22,908 [INFO] yandextank.core.tankcore tankcore.py:526	Cleaning up plugin plugin_rcheck
2022-05-20 06:58:22,909 [INFO] yandextank.core.tankcore tankcore.py:526	Cleaning up plugin plugin_overload
2022-05-20 06:58:23,047 [DEBUG] urllib3.connectionpool connectionpool.py:393	https://overload.yandex.net:443 "GET /api/job/523223/close.json?exitcode=1&api_token=4f2a42fb997146a394c06ccf2768f953 HTTP/1.1" 200 16
2022-05-20 06:58:23,053 [INFO] yandextank.plugins.DataUploader.plugin plugin.py:478	Unlocking targets: ['0.0.0.0:8080']
2022-05-20 06:58:23,056 [INFO] yandextank.plugins.DataUploader.plugin plugin.py:480	0.0.0.0:8080
2022-05-20 06:58:23,058 [INFO] yandextank.core.tankcore tankcore.py:561	Releasing lock: /var/lock/lunapark_b4F37I.lock
2022-05-20 06:58:23,076 [DEBUG] yandextank.core.tankcore tankcore.py:367	Collecting artifacts
2022-05-20 06:58:23,077 [INFO] yandextank.core.tankcore tankcore.py:368	Artifacts dir: /Users/nikitaratasnuk/yandex.tank/logs/2022-05-20_06-58-19.700199
2022-05-20 06:58:23,079 [DEBUG] yandextank.core.tankcore tankcore.py:422	Collecting file: /Users/nikitaratasnuk/yandex.tank/logs/2022-05-20_06-58-19.700199/pandora_config_sgSCU3.yaml to /Users/nikitaratasnuk/yandex.tank/logs/2022-05-20_06-58-19.700199/pandora_config_sgSCU3.yaml
2022-05-20 06:58:23,083 [WARNING] yandextank.core.tankcore tankcore.py:429	File already exists: /Users/nikitaratasnuk/yandex.tank/logs/2022-05-20_06-58-19.700199/pandora_config_sgSCU3.yaml
2022-05-20 06:58:23,086 [DEBUG] yandextank.core.tankcore tankcore.py:422	Collecting file: ./phout.log to /Users/nikitaratasnuk/yandex.tank/logs/2022-05-20_06-58-19.700199/phout.log
2022-05-20 06:58:23,095 [DEBUG] yandextank.core.tankcore tankcore.py:422	Collecting file: validation_error.yaml to /Users/nikitaratasnuk/yandex.tank/logs/2022-05-20_06-58-19.700199/validation_error.yaml
2022-05-20 06:58:23,100 [WARNING] yandextank.core.tankcore tankcore.py:424	File not found to collect: validation_error.yaml
2022-05-20 06:58:23,102 [DEBUG] yandextank.core.tankcore tankcore.py:422	Collecting file: /Users/nikitaratasnuk/yandex.tank/logs/2022-05-20_06-58-19.700199/pandora_iGQ8Bj.log to /Users/nikitaratasnuk/yandex.tank/logs/2022-05-20_06-58-19.700199/pandora_iGQ8Bj.log
2022-05-20 06:58:23,103 [WARNING] yandextank.core.tankcore tankcore.py:429	File already exists: /Users/nikitaratasnuk/yandex.tank/logs/2022-05-20_06-58-19.700199/pandora_iGQ8Bj.log
