2022-05-20 18:06:08,626 [INFO] root consoleworker.py:434	Log file created
2022-05-20 18:06:08,630 [INFO] root consoleworker.py:438	Logging handler <logging.FileHandler object at 0x40192a2c10> added
2022-05-20 18:06:08,633 [INFO] root consoleworker.py:438	Logging handler <logging.StreamHandler object at 0x401926a850> added
2022-05-20 18:06:08,635 [INFO] root consoleworker.py:438	Logging handler <logging.StreamHandler object at 0x401928ea50> added
2022-05-20 18:06:08,638 [INFO] root consoleworker.py:373	Created a folder for the test. /Users/nikitaratasnuk/yandex.tank/logs/2022-05-20_18-06-08.453249
2022-05-20 18:06:08,640 [INFO] yandextank.core.tankcore tankcore.py:237	Configuring plugins...
2022-05-20 18:06:08,642 [INFO] yandextank.core.tankcore tankcore.py:190	Loading plugins...
2022-05-20 18:06:08,645 [DEBUG] yandextank.core.tankcore tankcore.py:192	Loading plugin rcheck from yandextank.plugins.ResourceCheck
2022-05-20 18:06:08,647 [DEBUG] yandextank.core.tankcore tankcore.py:192	Loading plugin json_report from yandextank.plugins.JsonReport
2022-05-20 18:06:08,661 [DEBUG] yandextank.core.tankcore tankcore.py:192	Loading plugin overload from yandextank.plugins.DataUploader
2022-05-20 18:06:08,664 [DEBUG] yandextank.core.tankcore tankcore.py:192	Loading plugin rcassert from yandextank.plugins.RCAssert
2022-05-20 18:06:08,666 [DEBUG] yandextank.core.tankcore tankcore.py:192	Loading plugin pandora from yandextank.plugins.Pandora
2022-05-20 18:06:08,669 [DEBUG] yandextank.core.tankcore tankcore.py:192	Loading plugin console from yandextank.plugins.Console
2022-05-20 18:06:08,670 [DEBUG] yandextank.core.tankcore tankcore.py:192	Loading plugin shellexec from yandextank.plugins.ShellExec
2022-05-20 18:06:08,672 [DEBUG] yandextank.core.tankcore tankcore.py:192	Loading plugin autostop from yandextank.plugins.Autostop
2022-05-20 18:06:08,673 [DEBUG] yandextank.core.tankcore tankcore.py:212	Plugin instances: {'plugin_pandora': <yandextank.plugins.Pandora.plugin.Plugin object at 0x4019374d10>, 'plugin_json_report': <yandextank.plugins.JsonReport.plugin.Plugin object at 0x401937eb90>, 'plugin_autostop': <yandextank.plugins.Autostop.plugin.Plugin object at 0x40193748d0>, 'plugin_shellexec': <yandextank.plugins.ShellExec.plugin.Plugin object at 0x4019374b90>, 'plugin_console': <yandextank.plugins.Console.plugin.Plugin object at 0x4019374110>, 'plugin_rcassert': <yandextank.plugins.RCAssert.plugin.Plugin object at 0x4019374890>, 'plugin_rcheck': <yandextank.plugins.ResourceCheck.plugin.Plugin object at 0x401937e5d0>, 'plugin_overload': <yandextank.plugins.DataUploader.plugin.Plugin object at 0x401937e510>}
2022-05-20 18:06:08,675 [DEBUG] yandextank.core.tankcore tankcore.py:244	Configuring <yandextank.plugins.Pandora.plugin.Plugin object at 0x4019374d10>
2022-05-20 18:06:08,678 [INFO] yandextank.plugins.Pandora.plugin plugin.py:68	Found config_file option configuration
2022-05-20 18:06:08,709 [DEBUG] yandextank.core.tankcore tankcore.py:446	Adding artifact file to collect (keep=False): /Users/nikitaratasnuk/yandex.tank/logs/2022-05-20_18-06-08.453249/pandora_config_VBi21r.yaml
2022-05-20 18:06:08,722 [DEBUG] yandextank.plugins.Pandora.plugin plugin.py:74	Config after parsing for patching: {'pools': [{'rps': {'duration': '60s', 'type': 'line', 'from': 1, 'to': 200}, 'result': {'destination': './phout.log', 'type': 'phout'}, 'startup': {'type': 'once', 'times': 10}, 'gun': {'type': 'My_custom_gun_name', 'target': '0.0.0.0:8080'}, 'ammo': {'source': {'path': './json.ammo', 'type': 'file'}, 'type': 'custom_provider'}, 'id': 'HTTP pool'}]}
2022-05-20 18:06:08,723 [INFO] yandextank.plugins.Pandora.plugin plugin.py:153	Found report file in pandora config: ./phout.log
2022-05-20 18:06:08,727 [DEBUG] yandextank.core.tankcore tankcore.py:446	Adding artifact file to collect (keep=False): ./phout.log
2022-05-20 18:06:08,728 [DEBUG] yandextank.core.tankcore tankcore.py:244	Configuring <yandextank.plugins.JsonReport.plugin.Plugin object at 0x401937eb90>
2022-05-20 18:06:08,730 [DEBUG] yandextank.core.tankcore tankcore.py:391	Searching for plugin: <class 'yandextank.common.interfaces.GeneratorPlugin'>
2022-05-20 18:06:08,742 [DEBUG] yandextank.core.tankcore tankcore.py:244	Configuring <yandextank.plugins.Autostop.plugin.Plugin object at 0x40193748d0>
2022-05-20 18:06:08,746 [DEBUG] yandextank.core.tankcore tankcore.py:244	Configuring <yandextank.plugins.ShellExec.plugin.Plugin object at 0x4019374b90>
2022-05-20 18:06:08,748 [DEBUG] yandextank.core.tankcore tankcore.py:244	Configuring <yandextank.plugins.Console.plugin.Plugin object at 0x4019374110>
2022-05-20 18:06:08,753 [DEBUG] yandextank.core.tankcore tankcore.py:244	Configuring <yandextank.plugins.RCAssert.plugin.Plugin object at 0x4019374890>
2022-05-20 18:06:08,755 [DEBUG] yandextank.core.tankcore tankcore.py:244	Configuring <yandextank.plugins.ResourceCheck.plugin.Plugin object at 0x401937e5d0>
2022-05-20 18:06:08,758 [DEBUG] yandextank.core.tankcore tankcore.py:244	Configuring <yandextank.plugins.DataUploader.plugin.Plugin object at 0x401937e510>
2022-05-20 18:06:08,760 [INFO] yandextank.core.tankcore tankcore.py:249	Preparing test...
2022-05-20 18:06:08,761 [DEBUG] yandextank.core.tankcore tankcore.py:253	Preparing <yandextank.plugins.Pandora.plugin.Plugin object at 0x4019374d10>
2022-05-20 18:06:08,762 [DEBUG] yandextank.core.tankcore tankcore.py:391	Searching for plugin: <class 'yandextank.plugins.Console.plugin.Plugin'>
2022-05-20 18:06:08,764 [DEBUG] yandextank.core.tankcore tankcore.py:253	Preparing <yandextank.plugins.JsonReport.plugin.Plugin object at 0x401937eb90>
2022-05-20 18:06:08,765 [DEBUG] yandextank.core.tankcore tankcore.py:253	Preparing <yandextank.plugins.Autostop.plugin.Plugin object at 0x40193748d0>
2022-05-20 18:06:08,767 [DEBUG] yandextank.common.interfaces plugin.py:74	Criterion string: http(5xx,10%,5s)
2022-05-20 18:06:08,769 [DEBUG] yandextank.common.interfaces plugin.py:78	Criterion objects: {'http(5xx,10%,5s)': <yandextank.plugins.Autostop.criterions.HTTPCodesCriterion object at 0x4019374910>}
2022-05-20 18:06:08,771 [DEBUG] yandextank.core.tankcore tankcore.py:391	Searching for plugin: <class 'yandextank.plugins.Console.plugin.Plugin'>
2022-05-20 18:06:08,772 [DEBUG] yandextank.core.tankcore tankcore.py:253	Preparing <yandextank.plugins.ShellExec.plugin.Plugin object at 0x4019374b90>
2022-05-20 18:06:08,773 [DEBUG] yandextank.core.tankcore tankcore.py:253	Preparing <yandextank.plugins.Console.plugin.Plugin object at 0x4019374110>
2022-05-20 18:06:08,774 [DEBUG] yandextank.core.tankcore tankcore.py:253	Preparing <yandextank.plugins.RCAssert.plugin.Plugin object at 0x4019374890>
2022-05-20 18:06:08,774 [DEBUG] yandextank.core.tankcore tankcore.py:253	Preparing <yandextank.plugins.ResourceCheck.plugin.Plugin object at 0x401937e5d0>
2022-05-20 18:06:08,775 [INFO] yandextank.common.interfaces plugin.py:39	Checking tank resources...
2022-05-20 18:06:08,777 [DEBUG] netort.process process.py:23	Starting: sh -c "df --no-sync -m -P -l -x fuse -x tmpfs -x devtmpfs -x davfs -x nfs /Users/nikitaratasnuk/yandex.tank/logs | tail -n 1 | awk '{print \$4}' "
2022-05-20 18:06:09,295 [DEBUG] netort.process process.py:46	Process output:
11135

2022-05-20 18:06:09,298 [DEBUG] netort.process process.py:48	Process exit code: 0
2022-05-20 18:06:09,300 [DEBUG] root plugin.py:58	Result: (0, '11135\n', '')
2022-05-20 18:06:09,302 [DEBUG] yandextank.common.interfaces plugin.py:64	Disk free space: 11135/2048
2022-05-20 18:06:09,305 [DEBUG] yandextank.common.interfaces plugin.py:75	Memory free: 3092/512
2022-05-20 18:06:09,307 [DEBUG] yandextank.core.tankcore tankcore.py:253	Preparing <yandextank.plugins.DataUploader.plugin.Plugin object at 0x401937e510>
2022-05-20 18:06:09,308 [WARNING] yandextank.plugins.DataUploader.plugin plugin.py:234	Failed to get info about ammo path
2022-05-20 18:06:09,311 [INFO] root plugin.py:523	Using OVERLOAD backend
2022-05-20 18:06:09,313 [DEBUG] yandextank.plugins.DataUploader.plugin plugin.py:618	Trying to read token from token.txt
2022-05-20 18:06:09,317 [INFO] yandextank.plugins.DataUploader.plugin plugin.py:624	Read authentication token from token.txt, token length is 32 bytes
2022-05-20 18:06:09,359 [INFO] yandextank.plugins.DataUploader.client client.py:59	Proxy not set
2022-05-20 18:06:09,361 [INFO] yandextank.plugins.DataUploader.plugin plugin.py:647	Detected target: 0.0.0.0:8080
2022-05-20 18:06:09,389 [DEBUG] yandextank.plugins.DataUploader.client client.py:336	Job create request: {'person': 'root', 'host': '0.0.0.0:8080', 'task': '', 'tank': '82b23111d645', 'notify': [], 'loadscheme': [], 'detailed_time': None, 'port': '8080'}
2022-05-20 18:06:09,398 [DEBUG] urllib3.connectionpool connectionpool.py:813	Starting new HTTPS connection (1): overload.yandex.net:443
2022-05-20 18:06:09,640 [DEBUG] urllib3.connectionpool connectionpool.py:393	https://overload.yandex.net:443 "POST /api/job/create.json?api_token=4f2a42fb997146a394c06ccf2768f953 HTTP/1.1" 200 None
2022-05-20 18:06:09,654 [INFO] yandextank.plugins.DataUploader.plugin plugin.py:789	Job created: 523476
2022-05-20 18:06:09,661 [DEBUG] yandextank.plugins.DataUploader.client client.py:642	Sending configinitial config
2022-05-20 18:06:09,808 [DEBUG] urllib3.connectionpool connectionpool.py:393	https://overload.yandex.net:443 "POST /api/job/523476/configinitial.txt?api_token=4f2a42fb997146a394c06ccf2768f953 HTTP/1.1" 200 16
2022-05-20 18:06:09,819 [INFO] yandextank.plugins.DataUploader.plugin plugin.py:485	Locking targets: ['0.0.0.0:8080']
2022-05-20 18:06:09,822 [INFO] yandextank.plugins.DataUploader.plugin plugin.py:487	Locked targets: ['0.0.0.0:8080']
2022-05-20 18:06:09,830 [DEBUG] yandextank.common.interfaces interfaces.py:101	Publishing status: Plugin/job_no: 523476
2022-05-20 18:06:09,910 [DEBUG] urllib3.connectionpool connectionpool.py:393	https://overload.yandex.net:443 "POST /api/job/523476/edit.json?api_token=4f2a42fb997146a394c06ccf2768f953 HTTP/1.1" 200 19
2022-05-20 18:06:09,919 [DEBUG] yandextank.core.tankcore tankcore.py:391	Searching for plugin: <class 'yandextank.plugins.Console.plugin.Plugin'>
2022-05-20 18:06:09,924 [DEBUG] yandextank.plugins.DataUploader.client client.py:642	Sending configinitial config
2022-05-20 18:06:10,008 [DEBUG] urllib3.connectionpool connectionpool.py:393	https://overload.yandex.net:443 "POST /api/job/523476/configinitial.txt?api_token=4f2a42fb997146a394c06ccf2768f953 HTTP/1.1" 200 16
2022-05-20 18:06:10,017 [DEBUG] yandextank.plugins.DataUploader.client client.py:642	Sending configinfo config
2022-05-20 18:06:10,136 [DEBUG] urllib3.connectionpool connectionpool.py:393	https://overload.yandex.net:443 "POST /api/job/523476/configinfo.txt?api_token=4f2a42fb997146a394c06ccf2768f953 HTTP/1.1" 200 16
2022-05-20 18:06:10,152 [INFO] yandextank.core.tankcore tankcore.py:259	Starting test...
2022-05-20 18:06:10,167 [INFO] yandextank.aggregator.tank_aggregator tank_aggregator.py:63	using verbose histogram
2022-05-20 18:06:10,185 [DEBUG] yandextank.core.tankcore tankcore.py:263	Starting <yandextank.plugins.Pandora.plugin.Plugin object at 0x4019374d10>
2022-05-20 18:06:10,189 [INFO] yandextank.plugins.Pandora.plugin plugin.py:183	Starting: ['http://mitme.net/gun', '-expvar', '/Users/nikitaratasnuk/yandex.tank/logs/2022-05-20_18-06-08.453249/pandora_config_VBi21r.yaml']
2022-05-20 18:06:10,194 [DEBUG] urllib3.connectionpool connectionpool.py:205	Starting new HTTP connection (1): localhost:1234
2022-05-20 18:06:10,208 [DEBUG] yandextank.plugins.Pandora.reader reader.py:33	Pandora expvar http interface is unavailable
Traceback (most recent call last):
  File "/usr/local/lib/python2.7/dist-packages/yandextank/plugins/Pandora/reader.py", line 24, in run
    pandora_stat = requests.get("http://localhost:1234/debug/vars", timeout=0.9).json()
  File "/usr/local/lib/python2.7/dist-packages/requests/api.py", line 75, in get
    return request('get', url, params=params, **kwargs)
  File "/usr/local/lib/python2.7/dist-packages/requests/api.py", line 60, in request
    return session.request(method=method, url=url, **kwargs)
  File "/usr/local/lib/python2.7/dist-packages/requests/sessions.py", line 533, in request
    resp = self.send(prep, **send_kwargs)
  File "/usr/local/lib/python2.7/dist-packages/requests/sessions.py", line 646, in send
    r = adapter.send(request, **kwargs)
  File "/usr/local/lib/python2.7/dist-packages/requests/adapters.py", line 516, in send
    raise ConnectionError(e, request=request)
ConnectionError: HTTPConnectionPool(host='localhost', port=1234): Max retries exceeded with url: /debug/vars (Caused by NewConnectionError('<urllib3.connection.HTTPConnection object at 0x40195bdd90>: Failed to establish a new connection: [Errno 111] Connection refused',))
2022-05-20 18:06:10,209 [DEBUG] yandextank.core.tankcore tankcore.py:446	Adding artifact file to collect (keep=False): /Users/nikitaratasnuk/yandex.tank/logs/2022-05-20_18-06-08.453249/pandora_VZ3DFf.log
2022-05-20 18:06:10,683 [DEBUG] yandextank.plugins.Pandora.plugin plugin.py:196	Unable to start Pandora binary. Args: ['http://mitme.net/gun', '-expvar', '/Users/nikitaratasnuk/yandex.tank/logs/2022-05-20_18-06-08.453249/pandora_config_VBi21r.yaml']
Traceback (most recent call last):
  File "/usr/local/lib/python2.7/dist-packages/yandextank/plugins/Pandora/plugin.py", line 193, in start_test
    close_fds=True)
  File "/usr/lib/python2.7/subprocess.py", line 711, in __init__
    errread, errwrite)
  File "/usr/lib/python2.7/subprocess.py", line 1343, in _execute_child
    raise child_exception
OSError: [Errno 2] No such file or directory
2022-05-20 18:06:10,688 [ERROR] root consoleworker.py:296	Test interrupted:
<type 'exceptions.RuntimeError'>: Unable to start Pandora binary and/or file does not exist: ['http://mitme.net/gun', '-expvar', '/Users/nikitaratasnuk/yandex.tank/logs/2022-05-20_18-06-08.453249/pandora_config_VBi21r.yaml']
<traceback object at 0x403df9bb48>
2022-05-20 18:06:10,693 [INFO] yandextank.core.tankcore tankcore.py:301	Finishing test...
2022-05-20 18:06:10,695 [INFO] yandextank.core.tankcore tankcore.py:303	Stopping load generator and aggregator
2022-05-20 18:06:10,697 [DEBUG] yandextank.plugins.Pandora.plugin plugin.py:225	Seems subprocess finished OK
2022-05-20 18:06:10,698 [DEBUG] yandextank.aggregator.tank_aggregator tank_aggregator.py:123	Closing stats reader
2022-05-20 18:06:10,829 [DEBUG] yandextank.aggregator.tank_aggregator tank_aggregator.py:126	Waiting for gun drain to finish
2022-05-20 18:06:11,202 [DEBUG] yandextank.aggregator.tank_aggregator tank_aggregator.py:128	Waiting for stats drain to finish
2022-05-20 18:06:11,206 [DEBUG] yandextank.aggregator.tank_aggregator tank_aggregator.py:130	Collecting remaining data
2022-05-20 18:06:11,211 [DEBUG] yandextank.aggregator.tank_aggregator tank_aggregator.py:87	Data timestamps: []
2022-05-20 18:06:11,214 [DEBUG] yandextank.aggregator.tank_aggregator tank_aggregator.py:88	Stats timestamps: []
2022-05-20 18:06:11,219 [DEBUG] yandextank.core.tankcore tankcore.py:305	RC after: 1
2022-05-20 18:06:11,222 [INFO] yandextank.core.tankcore tankcore.py:307	Stopping monitoring
2022-05-20 18:06:11,225 [DEBUG] yandextank.core.tankcore tankcore.py:315	Finalize <yandextank.plugins.JsonReport.plugin.Plugin object at 0x401937eb90>
2022-05-20 18:06:11,229 [DEBUG] yandextank.core.tankcore tankcore.py:317	RC before: 1
2022-05-20 18:06:11,232 [DEBUG] yandextank.core.tankcore tankcore.py:319	RC after: 1
2022-05-20 18:06:11,234 [DEBUG] yandextank.core.tankcore tankcore.py:315	Finalize <yandextank.plugins.Autostop.plugin.Plugin object at 0x40193748d0>
2022-05-20 18:06:11,236 [DEBUG] yandextank.core.tankcore tankcore.py:317	RC before: 1
2022-05-20 18:06:11,238 [DEBUG] yandextank.core.tankcore tankcore.py:319	RC after: 1
2022-05-20 18:06:11,241 [DEBUG] yandextank.core.tankcore tankcore.py:315	Finalize <yandextank.plugins.ShellExec.plugin.Plugin object at 0x4019374b90>
2022-05-20 18:06:11,243 [DEBUG] yandextank.core.tankcore tankcore.py:317	RC before: 1
2022-05-20 18:06:11,245 [DEBUG] yandextank.core.tankcore tankcore.py:319	RC after: 1
2022-05-20 18:06:11,247 [DEBUG] yandextank.core.tankcore tankcore.py:315	Finalize <yandextank.plugins.Console.plugin.Plugin object at 0x4019374110>
2022-05-20 18:06:11,249 [DEBUG] yandextank.core.tankcore tankcore.py:317	RC before: 1
2022-05-20 18:06:11,251 [DEBUG] yandextank.core.tankcore tankcore.py:319	RC after: 1
2022-05-20 18:06:11,255 [DEBUG] yandextank.core.tankcore tankcore.py:315	Finalize <yandextank.plugins.RCAssert.plugin.Plugin object at 0x4019374890>
2022-05-20 18:06:11,257 [DEBUG] yandextank.core.tankcore tankcore.py:317	RC before: 1
2022-05-20 18:06:11,258 [DEBUG] yandextank.core.tankcore tankcore.py:319	RC after: 1
2022-05-20 18:06:11,260 [DEBUG] yandextank.core.tankcore tankcore.py:315	Finalize <yandextank.plugins.ResourceCheck.plugin.Plugin object at 0x401937e5d0>
2022-05-20 18:06:11,261 [DEBUG] yandextank.core.tankcore tankcore.py:317	RC before: 1
2022-05-20 18:06:11,262 [DEBUG] yandextank.core.tankcore tankcore.py:319	RC after: 1
2022-05-20 18:06:11,263 [DEBUG] yandextank.core.tankcore tankcore.py:315	Finalize <yandextank.plugins.DataUploader.plugin.Plugin object at 0x401937e510>
2022-05-20 18:06:11,265 [DEBUG] yandextank.core.tankcore tankcore.py:317	RC before: 1
2022-05-20 18:06:11,267 [DEBUG] yandextank.plugins.DataUploader.client client.py:642	Sending configinitial config
2022-05-20 18:06:11,340 [DEBUG] urllib3.connectionpool connectionpool.py:393	https://overload.yandex.net:443 "POST /api/job/523476/configinitial.txt?api_token=4f2a42fb997146a394c06ccf2768f953 HTTP/1.1" 200 16
2022-05-20 18:06:11,345 [DEBUG] yandextank.plugins.DataUploader.client client.py:642	Sending configinfo config
2022-05-20 18:06:11,463 [DEBUG] urllib3.connectionpool connectionpool.py:393	https://overload.yandex.net:443 "POST /api/job/523476/configinfo.txt?api_token=4f2a42fb997146a394c06ccf2768f953 HTTP/1.1" 200 16
2022-05-20 18:06:11,469 [INFO] yandextank.plugins.DataUploader.plugin plugin.py:478	Unlocking targets: ['0.0.0.0:8080']
2022-05-20 18:06:11,472 [INFO] yandextank.plugins.DataUploader.plugin plugin.py:480	0.0.0.0:8080
2022-05-20 18:06:11,475 [DEBUG] yandextank.core.tankcore tankcore.py:319	RC after: 1
2022-05-20 18:06:11,477 [INFO] yandextank.core.tankcore tankcore.py:330	Post-processing test...
2022-05-20 18:06:11,480 [DEBUG] yandextank.core.tankcore tankcore.py:333	Post-process <yandextank.plugins.Pandora.plugin.Plugin object at 0x4019374d10>
2022-05-20 18:06:11,482 [DEBUG] yandextank.core.tankcore tankcore.py:335	RC before: 1
2022-05-20 18:06:11,484 [DEBUG] yandextank.core.tankcore tankcore.py:337	RC after: 1
2022-05-20 18:06:11,485 [DEBUG] yandextank.core.tankcore tankcore.py:333	Post-process <yandextank.plugins.JsonReport.plugin.Plugin object at 0x401937eb90>
2022-05-20 18:06:11,487 [DEBUG] yandextank.core.tankcore tankcore.py:335	RC before: 1
2022-05-20 18:06:11,489 [DEBUG] yandextank.core.tankcore tankcore.py:337	RC after: 1
2022-05-20 18:06:11,492 [DEBUG] yandextank.core.tankcore tankcore.py:333	Post-process <yandextank.plugins.Autostop.plugin.Plugin object at 0x40193748d0>
2022-05-20 18:06:11,493 [DEBUG] yandextank.core.tankcore tankcore.py:335	RC before: 1
2022-05-20 18:06:11,495 [DEBUG] yandextank.core.tankcore tankcore.py:337	RC after: 1
2022-05-20 18:06:11,496 [DEBUG] yandextank.core.tankcore tankcore.py:333	Post-process <yandextank.plugins.ShellExec.plugin.Plugin object at 0x4019374b90>
2022-05-20 18:06:11,497 [DEBUG] yandextank.core.tankcore tankcore.py:335	RC before: 1
2022-05-20 18:06:11,501 [DEBUG] yandextank.core.tankcore tankcore.py:337	RC after: 1
2022-05-20 18:06:11,508 [DEBUG] yandextank.core.tankcore tankcore.py:333	Post-process <yandextank.plugins.Console.plugin.Plugin object at 0x4019374110>
2022-05-20 18:06:11,509 [DEBUG] yandextank.core.tankcore tankcore.py:335	RC before: 1
2022-05-20 18:06:11,510 [DEBUG] yandextank.core.tankcore tankcore.py:337	RC after: 1
2022-05-20 18:06:11,511 [DEBUG] yandextank.core.tankcore tankcore.py:333	Post-process <yandextank.plugins.RCAssert.plugin.Plugin object at 0x4019374890>
2022-05-20 18:06:11,512 [DEBUG] yandextank.core.tankcore tankcore.py:335	RC before: 1
2022-05-20 18:06:11,513 [DEBUG] yandextank.core.tankcore tankcore.py:337	RC after: 1
2022-05-20 18:06:11,514 [DEBUG] yandextank.core.tankcore tankcore.py:333	Post-process <yandextank.plugins.ResourceCheck.plugin.Plugin object at 0x401937e5d0>
2022-05-20 18:06:11,515 [DEBUG] yandextank.core.tankcore tankcore.py:335	RC before: 1
2022-05-20 18:06:11,517 [DEBUG] yandextank.core.tankcore tankcore.py:337	RC after: 1
2022-05-20 18:06:11,518 [DEBUG] yandextank.core.tankcore tankcore.py:333	Post-process <yandextank.plugins.DataUploader.plugin.Plugin object at 0x401937e510>
2022-05-20 18:06:11,519 [DEBUG] yandextank.core.tankcore tankcore.py:335	RC before: 1
2022-05-20 18:06:11,521 [INFO] yandextank.plugins.DataUploader.plugin plugin.py:350	Waiting for sender threads to join.
2022-05-20 18:06:11,522 [INFO] yandextank.plugins.DataUploader.plugin plugin.py:357	Web link: None
2022-05-20 18:06:11,523 [DEBUG] yandextank.core.tankcore tankcore.py:391	Searching for plugin: <class 'yandextank.plugins.Autostop.plugin.Plugin'>
2022-05-20 18:06:11,524 [DEBUG] yandextank.plugins.DataUploader.plugin plugin.py:376	No autostop cause detected
2022-05-20 18:06:11,525 [DEBUG] yandextank.plugins.DataUploader.client client.py:642	Sending configinitial config
2022-05-20 18:06:11,589 [DEBUG] urllib3.connectionpool connectionpool.py:393	https://overload.yandex.net:443 "POST /api/job/523476/configinitial.txt?api_token=4f2a42fb997146a394c06ccf2768f953 HTTP/1.1" 200 16
2022-05-20 18:06:11,592 [DEBUG] yandextank.plugins.DataUploader.client client.py:642	Sending configinfo config
2022-05-20 18:06:11,771 [DEBUG] urllib3.connectionpool connectionpool.py:393	https://overload.yandex.net:443 "POST /api/job/523476/configinfo.txt?api_token=4f2a42fb997146a394c06ccf2768f953 HTTP/1.1" 200 16
2022-05-20 18:06:11,784 [DEBUG] yandextank.core.tankcore tankcore.py:337	RC after: 1
2022-05-20 18:06:11,787 [INFO] root consoleworker.py:269	Trying to clean up
2022-05-20 18:06:11,789 [INFO] yandextank.core.tankcore tankcore.py:526	Cleaning up plugin plugin_pandora
2022-05-20 18:06:11,791 [INFO] yandextank.core.tankcore tankcore.py:526	Cleaning up plugin plugin_json_report
2022-05-20 18:06:11,793 [INFO] yandextank.core.tankcore tankcore.py:526	Cleaning up plugin plugin_autostop
2022-05-20 18:06:11,795 [INFO] yandextank.core.tankcore tankcore.py:526	Cleaning up plugin plugin_shellexec
2022-05-20 18:06:11,797 [INFO] yandextank.core.tankcore tankcore.py:526	Cleaning up plugin plugin_console
2022-05-20 18:06:11,800 [INFO] yandextank.core.tankcore tankcore.py:526	Cleaning up plugin plugin_rcassert
2022-05-20 18:06:11,805 [INFO] yandextank.core.tankcore tankcore.py:526	Cleaning up plugin plugin_rcheck
2022-05-20 18:06:11,808 [INFO] yandextank.core.tankcore tankcore.py:526	Cleaning up plugin plugin_overload
2022-05-20 18:06:11,894 [DEBUG] urllib3.connectionpool connectionpool.py:393	https://overload.yandex.net:443 "GET /api/job/523476/close.json?exitcode=1&api_token=4f2a42fb997146a394c06ccf2768f953 HTTP/1.1" 200 16
2022-05-20 18:06:11,897 [INFO] yandextank.plugins.DataUploader.plugin plugin.py:478	Unlocking targets: ['0.0.0.0:8080']
2022-05-20 18:06:11,899 [INFO] yandextank.plugins.DataUploader.plugin plugin.py:480	0.0.0.0:8080
2022-05-20 18:06:11,901 [INFO] yandextank.core.tankcore tankcore.py:561	Releasing lock: /var/lock/lunapark_tiQdbp.lock
2022-05-20 18:06:11,911 [DEBUG] yandextank.core.tankcore tankcore.py:367	Collecting artifacts
2022-05-20 18:06:11,912 [INFO] yandextank.core.tankcore tankcore.py:368	Artifacts dir: /Users/nikitaratasnuk/yandex.tank/logs/2022-05-20_18-06-08.453249
2022-05-20 18:06:11,913 [DEBUG] yandextank.core.tankcore tankcore.py:422	Collecting file: ./phout.log to /Users/nikitaratasnuk/yandex.tank/logs/2022-05-20_18-06-08.453249/phout.log
2022-05-20 18:06:11,926 [DEBUG] yandextank.core.tankcore tankcore.py:422	Collecting file: /Users/nikitaratasnuk/yandex.tank/logs/2022-05-20_18-06-08.453249/pandora_config_VBi21r.yaml to /Users/nikitaratasnuk/yandex.tank/logs/2022-05-20_18-06-08.453249/pandora_config_VBi21r.yaml
2022-05-20 18:06:11,928 [WARNING] yandextank.core.tankcore tankcore.py:429	File already exists: /Users/nikitaratasnuk/yandex.tank/logs/2022-05-20_18-06-08.453249/pandora_config_VBi21r.yaml
2022-05-20 18:06:11,932 [DEBUG] yandextank.core.tankcore tankcore.py:422	Collecting file: validation_error.yaml to /Users/nikitaratasnuk/yandex.tank/logs/2022-05-20_18-06-08.453249/validation_error.yaml
2022-05-20 18:06:11,940 [WARNING] yandextank.core.tankcore tankcore.py:424	File not found to collect: validation_error.yaml
2022-05-20 18:06:11,942 [DEBUG] yandextank.core.tankcore tankcore.py:422	Collecting file: /Users/nikitaratasnuk/yandex.tank/logs/2022-05-20_18-06-08.453249/pandora_VZ3DFf.log to /Users/nikitaratasnuk/yandex.tank/logs/2022-05-20_18-06-08.453249/pandora_VZ3DFf.log
2022-05-20 18:06:11,945 [WARNING] yandextank.core.tankcore tankcore.py:429	File already exists: /Users/nikitaratasnuk/yandex.tank/logs/2022-05-20_18-06-08.453249/pandora_VZ3DFf.log
