2022-05-21 07:21:05,976 [INFO] root consoleworker.py:434	Log file created
2022-05-21 07:21:05,978 [INFO] root consoleworker.py:438	Logging handler <logging.FileHandler object at 0x40191a2c10> added
2022-05-21 07:21:05,980 [INFO] root consoleworker.py:438	Logging handler <logging.StreamHandler object at 0x401916a850> added
2022-05-21 07:21:05,981 [INFO] root consoleworker.py:438	Logging handler <logging.StreamHandler object at 0x401918ea50> added
2022-05-21 07:21:05,983 [INFO] root consoleworker.py:373	Created a folder for the test. /var/loadtest/logs/2022-05-21_07-21-05.820747
2022-05-21 07:21:05,985 [INFO] yandextank.core.tankcore tankcore.py:237	Configuring plugins...
2022-05-21 07:21:05,987 [INFO] yandextank.core.tankcore tankcore.py:190	Loading plugins...
2022-05-21 07:21:05,989 [DEBUG] yandextank.core.tankcore tankcore.py:192	Loading plugin rcheck from yandextank.plugins.ResourceCheck
2022-05-21 07:21:05,991 [DEBUG] yandextank.core.tankcore tankcore.py:192	Loading plugin json_report from yandextank.plugins.JsonReport
2022-05-21 07:21:05,998 [DEBUG] yandextank.core.tankcore tankcore.py:192	Loading plugin overload from yandextank.plugins.DataUploader
2022-05-21 07:21:06,000 [DEBUG] yandextank.core.tankcore tankcore.py:192	Loading plugin rcassert from yandextank.plugins.RCAssert
2022-05-21 07:21:06,002 [DEBUG] yandextank.core.tankcore tankcore.py:192	Loading plugin pandora from yandextank.plugins.Pandora
2022-05-21 07:21:06,004 [DEBUG] yandextank.core.tankcore tankcore.py:192	Loading plugin console from yandextank.plugins.Console
2022-05-21 07:21:06,005 [DEBUG] yandextank.core.tankcore tankcore.py:192	Loading plugin shellexec from yandextank.plugins.ShellExec
2022-05-21 07:21:06,006 [DEBUG] yandextank.core.tankcore tankcore.py:192	Loading plugin autostop from yandextank.plugins.Autostop
2022-05-21 07:21:06,008 [DEBUG] yandextank.core.tankcore tankcore.py:212	Plugin instances: {'plugin_pandora': <yandextank.plugins.Pandora.plugin.Plugin object at 0x4019274790>, 'plugin_json_report': <yandextank.plugins.JsonReport.plugin.Plugin object at 0x401927e7d0>, 'plugin_autostop': <yandextank.plugins.Autostop.plugin.Plugin object at 0x4019274f10>, 'plugin_shellexec': <yandextank.plugins.ShellExec.plugin.Plugin object at 0x4019274b50>, 'plugin_console': <yandextank.plugins.Console.plugin.Plugin object at 0x40192749d0>, 'plugin_rcassert': <yandextank.plugins.RCAssert.plugin.Plugin object at 0x4019274890>, 'plugin_rcheck': <yandextank.plugins.ResourceCheck.plugin.Plugin object at 0x401927ebd0>, 'plugin_overload': <yandextank.plugins.DataUploader.plugin.Plugin object at 0x401927e550>}
2022-05-21 07:21:06,009 [DEBUG] yandextank.core.tankcore tankcore.py:244	Configuring <yandextank.plugins.Pandora.plugin.Plugin object at 0x4019274790>
2022-05-21 07:21:06,011 [INFO] yandextank.plugins.Pandora.plugin plugin.py:68	Found config_file option configuration
2022-05-21 07:21:06,040 [DEBUG] yandextank.core.tankcore tankcore.py:446	Adding artifact file to collect (keep=False): /var/loadtest/logs/2022-05-21_07-21-05.820747/pandora_config_ZVKzm6.yaml
2022-05-21 07:21:06,053 [DEBUG] yandextank.plugins.Pandora.plugin plugin.py:74	Config after parsing for patching: {'pools': [{'rps': {'duration': '60s', 'type': 'line', 'from': 1, 'to': 200}, 'result': {'destination': './phout.log', 'type': 'phout'}, 'startup': {'type': 'once', 'times': 10}, 'gun': {'type': 'My_custom_gun_name', 'target': '0.0.0.0:8080'}, 'ammo': {'source': {'path': './json.ammo', 'type': 'file'}, 'type': 'custom_provider'}, 'id': 'HTTP pool'}]}
2022-05-21 07:21:06,055 [INFO] yandextank.plugins.Pandora.plugin plugin.py:153	Found report file in pandora config: ./phout.log
2022-05-21 07:21:06,058 [DEBUG] yandextank.core.tankcore tankcore.py:446	Adding artifact file to collect (keep=False): ./phout.log
2022-05-21 07:21:06,059 [DEBUG] yandextank.core.tankcore tankcore.py:244	Configuring <yandextank.plugins.JsonReport.plugin.Plugin object at 0x401927e7d0>
2022-05-21 07:21:06,061 [DEBUG] yandextank.core.tankcore tankcore.py:391	Searching for plugin: <class 'yandextank.common.interfaces.GeneratorPlugin'>
2022-05-21 07:21:06,069 [DEBUG] yandextank.core.tankcore tankcore.py:244	Configuring <yandextank.plugins.Autostop.plugin.Plugin object at 0x4019274f10>
2022-05-21 07:21:06,071 [DEBUG] yandextank.core.tankcore tankcore.py:244	Configuring <yandextank.plugins.ShellExec.plugin.Plugin object at 0x4019274b50>
2022-05-21 07:21:06,073 [DEBUG] yandextank.core.tankcore tankcore.py:244	Configuring <yandextank.plugins.Console.plugin.Plugin object at 0x40192749d0>
2022-05-21 07:21:06,075 [DEBUG] yandextank.core.tankcore tankcore.py:244	Configuring <yandextank.plugins.RCAssert.plugin.Plugin object at 0x4019274890>
2022-05-21 07:21:06,077 [DEBUG] yandextank.core.tankcore tankcore.py:244	Configuring <yandextank.plugins.ResourceCheck.plugin.Plugin object at 0x401927ebd0>
2022-05-21 07:21:06,080 [DEBUG] yandextank.core.tankcore tankcore.py:244	Configuring <yandextank.plugins.DataUploader.plugin.Plugin object at 0x401927e550>
2022-05-21 07:21:06,081 [INFO] yandextank.core.tankcore tankcore.py:249	Preparing test...
2022-05-21 07:21:06,083 [DEBUG] yandextank.core.tankcore tankcore.py:253	Preparing <yandextank.plugins.Pandora.plugin.Plugin object at 0x4019274790>
2022-05-21 07:21:06,085 [DEBUG] yandextank.core.tankcore tankcore.py:391	Searching for plugin: <class 'yandextank.plugins.Console.plugin.Plugin'>
2022-05-21 07:21:06,086 [DEBUG] yandextank.core.tankcore tankcore.py:253	Preparing <yandextank.plugins.JsonReport.plugin.Plugin object at 0x401927e7d0>
2022-05-21 07:21:06,087 [DEBUG] yandextank.core.tankcore tankcore.py:253	Preparing <yandextank.plugins.Autostop.plugin.Plugin object at 0x4019274f10>
2022-05-21 07:21:06,088 [DEBUG] yandextank.common.interfaces plugin.py:74	Criterion string: http(5xx,10%,5s)
2022-05-21 07:21:06,089 [DEBUG] yandextank.common.interfaces plugin.py:78	Criterion objects: {'http(5xx,10%,5s)': <yandextank.plugins.Autostop.criterions.HTTPCodesCriterion object at 0x4019274e10>}
2022-05-21 07:21:06,090 [DEBUG] yandextank.core.tankcore tankcore.py:391	Searching for plugin: <class 'yandextank.plugins.Console.plugin.Plugin'>
2022-05-21 07:21:06,091 [DEBUG] yandextank.core.tankcore tankcore.py:253	Preparing <yandextank.plugins.ShellExec.plugin.Plugin object at 0x4019274b50>
2022-05-21 07:21:06,092 [DEBUG] yandextank.core.tankcore tankcore.py:253	Preparing <yandextank.plugins.Console.plugin.Plugin object at 0x40192749d0>
2022-05-21 07:21:06,093 [DEBUG] yandextank.core.tankcore tankcore.py:253	Preparing <yandextank.plugins.RCAssert.plugin.Plugin object at 0x4019274890>
2022-05-21 07:21:06,094 [DEBUG] yandextank.core.tankcore tankcore.py:253	Preparing <yandextank.plugins.ResourceCheck.plugin.Plugin object at 0x401927ebd0>
2022-05-21 07:21:06,095 [INFO] yandextank.common.interfaces plugin.py:39	Checking tank resources...
2022-05-21 07:21:06,096 [DEBUG] netort.process process.py:23	Starting: sh -c "df --no-sync -m -P -l -x fuse -x tmpfs -x devtmpfs -x davfs -x nfs /var/loadtest/logs | tail -n 1 | awk '{print \$4}' "
2022-05-21 07:21:06,596 [DEBUG] netort.process process.py:46	Process output:
13753

2022-05-21 07:21:06,598 [DEBUG] netort.process process.py:48	Process exit code: 0
2022-05-21 07:21:06,599 [DEBUG] root plugin.py:58	Result: (0, '13753\n', '')
2022-05-21 07:21:06,603 [DEBUG] yandextank.common.interfaces plugin.py:64	Disk free space: 13753/2048
2022-05-21 07:21:06,606 [DEBUG] yandextank.common.interfaces plugin.py:75	Memory free: 3091/512
2022-05-21 07:21:06,607 [DEBUG] yandextank.core.tankcore tankcore.py:253	Preparing <yandextank.plugins.DataUploader.plugin.Plugin object at 0x401927e550>
2022-05-21 07:21:06,608 [WARNING] yandextank.plugins.DataUploader.plugin plugin.py:234	Failed to get info about ammo path
2022-05-21 07:21:06,610 [INFO] root plugin.py:523	Using OVERLOAD backend
2022-05-21 07:21:06,612 [DEBUG] yandextank.plugins.DataUploader.plugin plugin.py:618	Trying to read token from token.txt
2022-05-21 07:21:06,616 [INFO] yandextank.plugins.DataUploader.plugin plugin.py:624	Read authentication token from token.txt, token length is 32 bytes
2022-05-21 07:21:06,655 [INFO] yandextank.plugins.DataUploader.client client.py:59	Proxy not set
2022-05-21 07:21:06,658 [INFO] yandextank.plugins.DataUploader.plugin plugin.py:647	Detected target: 0.0.0.0:8080
2022-05-21 07:21:06,682 [DEBUG] yandextank.plugins.DataUploader.client client.py:336	Job create request: {'person': 'root', 'host': '0.0.0.0:8080', 'task': '', 'tank': '40ff3804d683', 'notify': [], 'loadscheme': [], 'detailed_time': None, 'port': '8080'}
2022-05-21 07:21:06,692 [DEBUG] urllib3.connectionpool connectionpool.py:813	Starting new HTTPS connection (1): overload.yandex.net:443
2022-05-21 07:21:07,090 [DEBUG] urllib3.connectionpool connectionpool.py:393	https://overload.yandex.net:443 "POST /api/job/create.json?api_token=4f2a42fb997146a394c06ccf2768f953 HTTP/1.1" 200 None
2022-05-21 07:21:07,115 [INFO] yandextank.plugins.DataUploader.plugin plugin.py:789	Job created: 523534
2022-05-21 07:21:07,122 [DEBUG] yandextank.plugins.DataUploader.client client.py:642	Sending configinitial config
2022-05-21 07:21:07,197 [DEBUG] urllib3.connectionpool connectionpool.py:393	https://overload.yandex.net:443 "POST /api/job/523534/configinitial.txt?api_token=4f2a42fb997146a394c06ccf2768f953 HTTP/1.1" 200 16
2022-05-21 07:21:07,207 [INFO] yandextank.plugins.DataUploader.plugin plugin.py:485	Locking targets: ['0.0.0.0:8080']
2022-05-21 07:21:07,211 [INFO] yandextank.plugins.DataUploader.plugin plugin.py:487	Locked targets: ['0.0.0.0:8080']
2022-05-21 07:21:07,223 [DEBUG] yandextank.common.interfaces interfaces.py:101	Publishing status: Plugin/job_no: 523534
2022-05-21 07:21:07,332 [DEBUG] urllib3.connectionpool connectionpool.py:393	https://overload.yandex.net:443 "POST /api/job/523534/edit.json?api_token=4f2a42fb997146a394c06ccf2768f953 HTTP/1.1" 200 19
2022-05-21 07:21:07,348 [DEBUG] yandextank.core.tankcore tankcore.py:391	Searching for plugin: <class 'yandextank.plugins.Console.plugin.Plugin'>
2022-05-21 07:21:07,352 [DEBUG] yandextank.plugins.DataUploader.client client.py:642	Sending configinitial config
2022-05-21 07:21:07,430 [DEBUG] urllib3.connectionpool connectionpool.py:393	https://overload.yandex.net:443 "POST /api/job/523534/configinitial.txt?api_token=4f2a42fb997146a394c06ccf2768f953 HTTP/1.1" 200 16
2022-05-21 07:21:07,439 [DEBUG] yandextank.plugins.DataUploader.client client.py:642	Sending configinfo config
2022-05-21 07:21:07,523 [DEBUG] urllib3.connectionpool connectionpool.py:393	https://overload.yandex.net:443 "POST /api/job/523534/configinfo.txt?api_token=4f2a42fb997146a394c06ccf2768f953 HTTP/1.1" 200 16
2022-05-21 07:21:07,535 [INFO] yandextank.core.tankcore tankcore.py:259	Starting test...
2022-05-21 07:21:07,548 [INFO] yandextank.aggregator.tank_aggregator tank_aggregator.py:63	using verbose histogram
2022-05-21 07:21:07,575 [DEBUG] yandextank.core.tankcore tankcore.py:263	Starting <yandextank.plugins.Pandora.plugin.Plugin object at 0x4019274790>
2022-05-21 07:21:07,580 [INFO] yandextank.plugins.Pandora.plugin plugin.py:183	Starting: ['./gun12', '-expvar', '/var/loadtest/logs/2022-05-21_07-21-05.820747/pandora_config_ZVKzm6.yaml']
2022-05-21 07:21:07,588 [DEBUG] urllib3.connectionpool connectionpool.py:205	Starting new HTTP connection (1): localhost:1234
2022-05-21 07:21:07,592 [DEBUG] yandextank.core.tankcore tankcore.py:446	Adding artifact file to collect (keep=False): /var/loadtest/logs/2022-05-21_07-21-05.820747/pandora_Xno68h.log
2022-05-21 07:21:07,596 [DEBUG] yandextank.plugins.Pandora.reader reader.py:33	Pandora expvar http interface is unavailable
Traceback (most recent call last):
  File "/usr/local/lib/python2.7/dist-packages/yandextank/plugins/Pandora/reader.py", line 24, in run
    pandora_stat = requests.get("http://localhost:1234/debug/vars", timeout=0.9).json()
  File "/usr/local/lib/python2.7/dist-packages/requests/api.py", line 75, in get
    return request('get', url, params=params, **kwargs)
  File "/usr/local/lib/python2.7/dist-packages/requests/api.py", line 60, in request
    return session.request(method=method, url=url, **kwargs)
  File "/usr/local/lib/python2.7/dist-packages/requests/sessions.py", line 533, in request
    resp = self.send(prep, **send_kwargs)
  File "/usr/local/lib/python2.7/dist-packages/requests/sessions.py", line 646, in send
    r = adapter.send(request, **kwargs)
  File "/usr/local/lib/python2.7/dist-packages/requests/adapters.py", line 516, in send
    raise ConnectionError(e, request=request)
ConnectionError: HTTPConnectionPool(host='localhost', port=1234): Max retries exceeded with url: /debug/vars (Caused by NewConnectionError('<urllib3.connection.HTTPConnection object at 0x40194bc390>: Failed to establish a new connection: [Errno 111] Connection refused',))
2022-05-21 07:21:08,022 [DEBUG] urllib3.connectionpool connectionpool.py:205	Starting new HTTP connection (1): localhost:1234
2022-05-21 07:21:08,026 [DEBUG] yandextank.plugins.Pandora.reader reader.py:33	Pandora expvar http interface is unavailable
Traceback (most recent call last):
  File "/usr/local/lib/python2.7/dist-packages/yandextank/plugins/Pandora/reader.py", line 24, in run
    pandora_stat = requests.get("http://localhost:1234/debug/vars", timeout=0.9).json()
  File "/usr/local/lib/python2.7/dist-packages/requests/api.py", line 75, in get
    return request('get', url, params=params, **kwargs)
  File "/usr/local/lib/python2.7/dist-packages/requests/api.py", line 60, in request
    return session.request(method=method, url=url, **kwargs)
  File "/usr/local/lib/python2.7/dist-packages/requests/sessions.py", line 533, in request
    resp = self.send(prep, **send_kwargs)
  File "/usr/local/lib/python2.7/dist-packages/requests/sessions.py", line 646, in send
    r = adapter.send(request, **kwargs)
  File "/usr/local/lib/python2.7/dist-packages/requests/adapters.py", line 516, in send
    raise ConnectionError(e, request=request)
ConnectionError: HTTPConnectionPool(host='localhost', port=1234): Max retries exceeded with url: /debug/vars (Caused by NewConnectionError('<urllib3.connection.HTTPConnection object at 0x4022277790>: Failed to establish a new connection: [Errno 111] Connection refused',))
2022-05-21 07:21:08,036 [DEBUG] yandextank.plugins.Pandora.plugin plugin.py:196	Unable to start Pandora binary. Args: ['./gun12', '-expvar', '/var/loadtest/logs/2022-05-21_07-21-05.820747/pandora_config_ZVKzm6.yaml']
Traceback (most recent call last):
  File "/usr/local/lib/python2.7/dist-packages/yandextank/plugins/Pandora/plugin.py", line 193, in start_test
    close_fds=True)
  File "/usr/lib/python2.7/subprocess.py", line 711, in __init__
    errread, errwrite)
  File "/usr/lib/python2.7/subprocess.py", line 1343, in _execute_child
    raise child_exception
OSError: [Errno 13] Permission denied
2022-05-21 07:21:08,039 [ERROR] root consoleworker.py:296	Test interrupted:
<type 'exceptions.RuntimeError'>: Unable to start Pandora binary and/or file does not exist: ['./gun12', '-expvar', '/var/loadtest/logs/2022-05-21_07-21-05.820747/pandora_config_ZVKzm6.yaml']
<traceback object at 0x403e0a3cf8>
2022-05-21 07:21:08,041 [INFO] yandextank.core.tankcore tankcore.py:301	Finishing test...
2022-05-21 07:21:08,042 [INFO] yandextank.core.tankcore tankcore.py:303	Stopping load generator and aggregator
2022-05-21 07:21:08,043 [DEBUG] yandextank.plugins.Pandora.plugin plugin.py:225	Seems subprocess finished OK
2022-05-21 07:21:08,045 [DEBUG] yandextank.aggregator.tank_aggregator tank_aggregator.py:123	Closing stats reader
2022-05-21 07:21:08,236 [DEBUG] yandextank.aggregator.tank_aggregator tank_aggregator.py:126	Waiting for gun drain to finish
2022-05-21 07:21:08,589 [DEBUG] yandextank.aggregator.tank_aggregator tank_aggregator.py:128	Waiting for stats drain to finish
2022-05-21 07:21:08,595 [DEBUG] yandextank.aggregator.tank_aggregator tank_aggregator.py:130	Collecting remaining data
2022-05-21 07:21:08,600 [DEBUG] yandextank.aggregator.tank_aggregator tank_aggregator.py:87	Data timestamps: []
2022-05-21 07:21:08,603 [DEBUG] yandextank.aggregator.tank_aggregator tank_aggregator.py:88	Stats timestamps: []
2022-05-21 07:21:08,606 [DEBUG] yandextank.core.tankcore tankcore.py:305	RC after: 1
2022-05-21 07:21:08,612 [INFO] yandextank.core.tankcore tankcore.py:307	Stopping monitoring
2022-05-21 07:21:08,617 [DEBUG] yandextank.core.tankcore tankcore.py:315	Finalize <yandextank.plugins.JsonReport.plugin.Plugin object at 0x401927e7d0>
2022-05-21 07:21:08,621 [DEBUG] yandextank.core.tankcore tankcore.py:317	RC before: 1
2022-05-21 07:21:08,623 [DEBUG] yandextank.core.tankcore tankcore.py:319	RC after: 1
2022-05-21 07:21:08,625 [DEBUG] yandextank.core.tankcore tankcore.py:315	Finalize <yandextank.plugins.Autostop.plugin.Plugin object at 0x4019274f10>
2022-05-21 07:21:08,627 [DEBUG] yandextank.core.tankcore tankcore.py:317	RC before: 1
2022-05-21 07:21:08,629 [DEBUG] yandextank.core.tankcore tankcore.py:319	RC after: 1
2022-05-21 07:21:08,631 [DEBUG] yandextank.core.tankcore tankcore.py:315	Finalize <yandextank.plugins.ShellExec.plugin.Plugin object at 0x4019274b50>
2022-05-21 07:21:08,635 [DEBUG] yandextank.core.tankcore tankcore.py:317	RC before: 1
2022-05-21 07:21:08,638 [DEBUG] yandextank.core.tankcore tankcore.py:319	RC after: 1
2022-05-21 07:21:08,639 [DEBUG] yandextank.core.tankcore tankcore.py:315	Finalize <yandextank.plugins.Console.plugin.Plugin object at 0x40192749d0>
2022-05-21 07:21:08,641 [DEBUG] yandextank.core.tankcore tankcore.py:317	RC before: 1
2022-05-21 07:21:08,642 [DEBUG] yandextank.core.tankcore tankcore.py:319	RC after: 1
2022-05-21 07:21:08,644 [DEBUG] yandextank.core.tankcore tankcore.py:315	Finalize <yandextank.plugins.RCAssert.plugin.Plugin object at 0x4019274890>
2022-05-21 07:21:08,646 [DEBUG] yandextank.core.tankcore tankcore.py:317	RC before: 1
2022-05-21 07:21:08,647 [DEBUG] yandextank.core.tankcore tankcore.py:319	RC after: 1
2022-05-21 07:21:08,648 [DEBUG] yandextank.core.tankcore tankcore.py:315	Finalize <yandextank.plugins.ResourceCheck.plugin.Plugin object at 0x401927ebd0>
2022-05-21 07:21:08,650 [DEBUG] yandextank.core.tankcore tankcore.py:317	RC before: 1
2022-05-21 07:21:08,652 [DEBUG] yandextank.core.tankcore tankcore.py:319	RC after: 1
2022-05-21 07:21:08,654 [DEBUG] yandextank.core.tankcore tankcore.py:315	Finalize <yandextank.plugins.DataUploader.plugin.Plugin object at 0x401927e550>
2022-05-21 07:21:08,656 [DEBUG] yandextank.core.tankcore tankcore.py:317	RC before: 1
2022-05-21 07:21:08,657 [DEBUG] yandextank.plugins.DataUploader.client client.py:642	Sending configinitial config
2022-05-21 07:21:08,792 [DEBUG] urllib3.connectionpool connectionpool.py:393	https://overload.yandex.net:443 "POST /api/job/523534/configinitial.txt?api_token=4f2a42fb997146a394c06ccf2768f953 HTTP/1.1" 200 16
2022-05-21 07:21:08,799 [DEBUG] yandextank.plugins.DataUploader.client client.py:642	Sending configinfo config
2022-05-21 07:21:08,910 [DEBUG] urllib3.connectionpool connectionpool.py:393	https://overload.yandex.net:443 "POST /api/job/523534/configinfo.txt?api_token=4f2a42fb997146a394c06ccf2768f953 HTTP/1.1" 200 16
2022-05-21 07:21:08,922 [INFO] yandextank.plugins.DataUploader.plugin plugin.py:478	Unlocking targets: ['0.0.0.0:8080']
2022-05-21 07:21:08,928 [INFO] yandextank.plugins.DataUploader.plugin plugin.py:480	0.0.0.0:8080
2022-05-21 07:21:08,931 [DEBUG] yandextank.core.tankcore tankcore.py:319	RC after: 1
2022-05-21 07:21:08,935 [INFO] yandextank.core.tankcore tankcore.py:330	Post-processing test...
2022-05-21 07:21:08,938 [DEBUG] yandextank.core.tankcore tankcore.py:333	Post-process <yandextank.plugins.Pandora.plugin.Plugin object at 0x4019274790>
2022-05-21 07:21:08,941 [DEBUG] yandextank.core.tankcore tankcore.py:335	RC before: 1
2022-05-21 07:21:08,944 [DEBUG] yandextank.core.tankcore tankcore.py:337	RC after: 1
2022-05-21 07:21:08,947 [DEBUG] yandextank.core.tankcore tankcore.py:333	Post-process <yandextank.plugins.JsonReport.plugin.Plugin object at 0x401927e7d0>
2022-05-21 07:21:08,949 [DEBUG] yandextank.core.tankcore tankcore.py:335	RC before: 1
2022-05-21 07:21:08,952 [DEBUG] yandextank.core.tankcore tankcore.py:337	RC after: 1
2022-05-21 07:21:08,955 [DEBUG] yandextank.core.tankcore tankcore.py:333	Post-process <yandextank.plugins.Autostop.plugin.Plugin object at 0x4019274f10>
2022-05-21 07:21:08,958 [DEBUG] yandextank.core.tankcore tankcore.py:335	RC before: 1
2022-05-21 07:21:08,960 [DEBUG] yandextank.core.tankcore tankcore.py:337	RC after: 1
2022-05-21 07:21:08,963 [DEBUG] yandextank.core.tankcore tankcore.py:333	Post-process <yandextank.plugins.ShellExec.plugin.Plugin object at 0x4019274b50>
2022-05-21 07:21:08,964 [DEBUG] yandextank.core.tankcore tankcore.py:335	RC before: 1
2022-05-21 07:21:08,966 [DEBUG] yandextank.core.tankcore tankcore.py:337	RC after: 1
2022-05-21 07:21:08,967 [DEBUG] yandextank.core.tankcore tankcore.py:333	Post-process <yandextank.plugins.Console.plugin.Plugin object at 0x40192749d0>
2022-05-21 07:21:08,969 [DEBUG] yandextank.core.tankcore tankcore.py:335	RC before: 1
2022-05-21 07:21:08,971 [DEBUG] yandextank.core.tankcore tankcore.py:337	RC after: 1
2022-05-21 07:21:08,972 [DEBUG] yandextank.core.tankcore tankcore.py:333	Post-process <yandextank.plugins.RCAssert.plugin.Plugin object at 0x4019274890>
2022-05-21 07:21:08,973 [DEBUG] yandextank.core.tankcore tankcore.py:335	RC before: 1
2022-05-21 07:21:08,975 [DEBUG] yandextank.core.tankcore tankcore.py:337	RC after: 1
2022-05-21 07:21:08,976 [DEBUG] yandextank.core.tankcore tankcore.py:333	Post-process <yandextank.plugins.ResourceCheck.plugin.Plugin object at 0x401927ebd0>
2022-05-21 07:21:08,978 [DEBUG] yandextank.core.tankcore tankcore.py:335	RC before: 1
2022-05-21 07:21:08,979 [DEBUG] yandextank.core.tankcore tankcore.py:337	RC after: 1
2022-05-21 07:21:08,981 [DEBUG] yandextank.core.tankcore tankcore.py:333	Post-process <yandextank.plugins.DataUploader.plugin.Plugin object at 0x401927e550>
2022-05-21 07:21:08,982 [DEBUG] yandextank.core.tankcore tankcore.py:335	RC before: 1
2022-05-21 07:21:08,984 [INFO] yandextank.plugins.DataUploader.plugin plugin.py:350	Waiting for sender threads to join.
2022-05-21 07:21:08,986 [INFO] yandextank.plugins.DataUploader.plugin plugin.py:357	Web link: None
2022-05-21 07:21:08,987 [DEBUG] yandextank.core.tankcore tankcore.py:391	Searching for plugin: <class 'yandextank.plugins.Autostop.plugin.Plugin'>
2022-05-21 07:21:08,988 [DEBUG] yandextank.plugins.DataUploader.plugin plugin.py:376	No autostop cause detected
2022-05-21 07:21:08,990 [DEBUG] yandextank.plugins.DataUploader.client client.py:642	Sending configinitial config
2022-05-21 07:21:09,056 [DEBUG] urllib3.connectionpool connectionpool.py:393	https://overload.yandex.net:443 "POST /api/job/523534/configinitial.txt?api_token=4f2a42fb997146a394c06ccf2768f953 HTTP/1.1" 200 16
2022-05-21 07:21:09,059 [DEBUG] yandextank.plugins.DataUploader.client client.py:642	Sending configinfo config
2022-05-21 07:21:09,134 [DEBUG] urllib3.connectionpool connectionpool.py:393	https://overload.yandex.net:443 "POST /api/job/523534/configinfo.txt?api_token=4f2a42fb997146a394c06ccf2768f953 HTTP/1.1" 200 16
2022-05-21 07:21:09,138 [DEBUG] yandextank.core.tankcore tankcore.py:337	RC after: 1
2022-05-21 07:21:09,139 [INFO] root consoleworker.py:269	Trying to clean up
2022-05-21 07:21:09,141 [INFO] yandextank.core.tankcore tankcore.py:526	Cleaning up plugin plugin_pandora
2022-05-21 07:21:09,143 [INFO] yandextank.core.tankcore tankcore.py:526	Cleaning up plugin plugin_json_report
2022-05-21 07:21:09,144 [INFO] yandextank.core.tankcore tankcore.py:526	Cleaning up plugin plugin_autostop
2022-05-21 07:21:09,146 [INFO] yandextank.core.tankcore tankcore.py:526	Cleaning up plugin plugin_shellexec
2022-05-21 07:21:09,147 [INFO] yandextank.core.tankcore tankcore.py:526	Cleaning up plugin plugin_console
2022-05-21 07:21:09,149 [INFO] yandextank.core.tankcore tankcore.py:526	Cleaning up plugin plugin_rcassert
2022-05-21 07:21:09,150 [INFO] yandextank.core.tankcore tankcore.py:526	Cleaning up plugin plugin_rcheck
2022-05-21 07:21:09,152 [INFO] yandextank.core.tankcore tankcore.py:526	Cleaning up plugin plugin_overload
2022-05-21 07:21:09,314 [DEBUG] urllib3.connectionpool connectionpool.py:393	https://overload.yandex.net:443 "GET /api/job/523534/close.json?exitcode=1&api_token=4f2a42fb997146a394c06ccf2768f953 HTTP/1.1" 200 16
2022-05-21 07:21:09,323 [INFO] yandextank.plugins.DataUploader.plugin plugin.py:478	Unlocking targets: ['0.0.0.0:8080']
2022-05-21 07:21:09,325 [INFO] yandextank.plugins.DataUploader.plugin plugin.py:480	0.0.0.0:8080
2022-05-21 07:21:09,329 [INFO] yandextank.core.tankcore tankcore.py:561	Releasing lock: /var/lock/lunapark_LGu4Nr.lock
2022-05-21 07:21:09,350 [DEBUG] yandextank.core.tankcore tankcore.py:367	Collecting artifacts
2022-05-21 07:21:09,352 [INFO] yandextank.core.tankcore tankcore.py:368	Artifacts dir: /var/loadtest/logs/2022-05-21_07-21-05.820747
2022-05-21 07:21:09,355 [DEBUG] yandextank.core.tankcore tankcore.py:422	Collecting file: ./phout.log to /var/loadtest/logs/2022-05-21_07-21-05.820747/phout.log
2022-05-21 07:21:09,367 [DEBUG] yandextank.core.tankcore tankcore.py:422	Collecting file: /var/loadtest/logs/2022-05-21_07-21-05.820747/pandora_Xno68h.log to /var/loadtest/logs/2022-05-21_07-21-05.820747/pandora_Xno68h.log
2022-05-21 07:21:09,371 [WARNING] yandextank.core.tankcore tankcore.py:429	File already exists: /var/loadtest/logs/2022-05-21_07-21-05.820747/pandora_Xno68h.log
2022-05-21 07:21:09,374 [DEBUG] yandextank.core.tankcore tankcore.py:422	Collecting file: validation_error.yaml to /var/loadtest/logs/2022-05-21_07-21-05.820747/validation_error.yaml
2022-05-21 07:21:09,378 [WARNING] yandextank.core.tankcore tankcore.py:424	File not found to collect: validation_error.yaml
2022-05-21 07:21:09,381 [DEBUG] yandextank.core.tankcore tankcore.py:422	Collecting file: /var/loadtest/logs/2022-05-21_07-21-05.820747/pandora_config_ZVKzm6.yaml to /var/loadtest/logs/2022-05-21_07-21-05.820747/pandora_config_ZVKzm6.yaml
2022-05-21 07:21:09,385 [WARNING] yandextank.core.tankcore tankcore.py:429	File already exists: /var/loadtest/logs/2022-05-21_07-21-05.820747/pandora_config_ZVKzm6.yaml
