2022-05-20 07:59:16,499 [INFO] root consoleworker.py:434	Log file created
2022-05-20 07:59:16,502 [INFO] root consoleworker.py:438	Logging handler <logging.FileHandler object at 0x40192a2c10> added
2022-05-20 07:59:16,505 [INFO] root consoleworker.py:438	Logging handler <logging.StreamHandler object at 0x401926a850> added
2022-05-20 07:59:16,507 [INFO] root consoleworker.py:438	Logging handler <logging.StreamHandler object at 0x401928ea50> added
2022-05-20 07:59:16,510 [INFO] root consoleworker.py:373	Created a folder for the test. /Users/nikitaratasnuk/yandex.tank/logs/2022-05-20_07-59-16.262485
2022-05-20 07:59:16,512 [INFO] yandextank.core.tankcore tankcore.py:237	Configuring plugins...
2022-05-20 07:59:16,514 [INFO] yandextank.core.tankcore tankcore.py:190	Loading plugins...
2022-05-20 07:59:16,515 [DEBUG] yandextank.core.tankcore tankcore.py:192	Loading plugin rcheck from yandextank.plugins.ResourceCheck
2022-05-20 07:59:16,517 [DEBUG] yandextank.core.tankcore tankcore.py:192	Loading plugin json_report from yandextank.plugins.JsonReport
2022-05-20 07:59:16,525 [DEBUG] yandextank.core.tankcore tankcore.py:192	Loading plugin overload from yandextank.plugins.DataUploader
2022-05-20 07:59:16,531 [DEBUG] yandextank.core.tankcore tankcore.py:192	Loading plugin rcassert from yandextank.plugins.RCAssert
2022-05-20 07:59:16,533 [DEBUG] yandextank.core.tankcore tankcore.py:192	Loading plugin pandora from yandextank.plugins.Pandora
2022-05-20 07:59:16,534 [DEBUG] yandextank.core.tankcore tankcore.py:192	Loading plugin console from yandextank.plugins.Console
2022-05-20 07:59:16,535 [DEBUG] yandextank.core.tankcore tankcore.py:192	Loading plugin shellexec from yandextank.plugins.ShellExec
2022-05-20 07:59:16,536 [DEBUG] yandextank.core.tankcore tankcore.py:192	Loading plugin autostop from yandextank.plugins.Autostop
2022-05-20 07:59:16,537 [DEBUG] yandextank.core.tankcore tankcore.py:212	Plugin instances: {'plugin_pandora': <yandextank.plugins.Pandora.plugin.Plugin object at 0x4019375890>, 'plugin_json_report': <yandextank.plugins.JsonReport.plugin.Plugin object at 0x401937e590>, 'plugin_autostop': <yandextank.plugins.Autostop.plugin.Plugin object at 0x4019375cd0>, 'plugin_shellexec': <yandextank.plugins.ShellExec.plugin.Plugin object at 0x40193753d0>, 'plugin_console': <yandextank.plugins.Console.plugin.Plugin object at 0x4019375950>, 'plugin_rcassert': <yandextank.plugins.RCAssert.plugin.Plugin object at 0x4019375590>, 'plugin_rcheck': <yandextank.plugins.ResourceCheck.plugin.Plugin object at 0x4019366e90>, 'plugin_overload': <yandextank.plugins.DataUploader.plugin.Plugin object at 0x401937eb50>}
2022-05-20 07:59:16,538 [DEBUG] yandextank.core.tankcore tankcore.py:244	Configuring <yandextank.plugins.Pandora.plugin.Plugin object at 0x4019375890>
2022-05-20 07:59:16,541 [INFO] yandextank.plugins.Pandora.plugin plugin.py:68	Found config_file option configuration
2022-05-20 07:59:16,583 [DEBUG] yandextank.core.tankcore tankcore.py:446	Adding artifact file to collect (keep=False): /Users/nikitaratasnuk/yandex.tank/logs/2022-05-20_07-59-16.262485/pandora_config_h7hKqs.yaml
2022-05-20 07:59:16,596 [DEBUG] yandextank.plugins.Pandora.plugin plugin.py:74	Config after parsing for patching: {'pools': [{'rps': {'duration': '60s', 'type': 'line', 'from': 1, 'to': 200}, 'result': {'destination': './phout.log', 'type': 'phout'}, 'startup': {'type': 'once', 'times': 10}, 'gun': {'type': 'My_custom_gun_name', 'target': '0.0.0.0:8080'}, 'ammo': {'source': {'path': './json.ammo', 'type': 'file'}, 'type': 'custom_provider'}, 'id': 'HTTP pool'}]}
2022-05-20 07:59:16,599 [INFO] yandextank.plugins.Pandora.plugin plugin.py:153	Found report file in pandora config: ./phout.log
2022-05-20 07:59:16,605 [DEBUG] yandextank.core.tankcore tankcore.py:446	Adding artifact file to collect (keep=False): ./phout.log
2022-05-20 07:59:16,606 [DEBUG] yandextank.core.tankcore tankcore.py:244	Configuring <yandextank.plugins.JsonReport.plugin.Plugin object at 0x401937e590>
2022-05-20 07:59:16,610 [DEBUG] yandextank.core.tankcore tankcore.py:391	Searching for plugin: <class 'yandextank.common.interfaces.GeneratorPlugin'>
2022-05-20 07:59:16,622 [DEBUG] yandextank.core.tankcore tankcore.py:244	Configuring <yandextank.plugins.Autostop.plugin.Plugin object at 0x4019375cd0>
2022-05-20 07:59:16,625 [DEBUG] yandextank.core.tankcore tankcore.py:244	Configuring <yandextank.plugins.ShellExec.plugin.Plugin object at 0x40193753d0>
2022-05-20 07:59:16,627 [DEBUG] yandextank.core.tankcore tankcore.py:244	Configuring <yandextank.plugins.Console.plugin.Plugin object at 0x4019375950>
2022-05-20 07:59:16,630 [DEBUG] yandextank.core.tankcore tankcore.py:244	Configuring <yandextank.plugins.RCAssert.plugin.Plugin object at 0x4019375590>
2022-05-20 07:59:16,631 [DEBUG] yandextank.core.tankcore tankcore.py:244	Configuring <yandextank.plugins.ResourceCheck.plugin.Plugin object at 0x4019366e90>
2022-05-20 07:59:16,642 [DEBUG] yandextank.core.tankcore tankcore.py:244	Configuring <yandextank.plugins.DataUploader.plugin.Plugin object at 0x401937eb50>
2022-05-20 07:59:16,644 [INFO] yandextank.core.tankcore tankcore.py:249	Preparing test...
2022-05-20 07:59:16,645 [DEBUG] yandextank.core.tankcore tankcore.py:253	Preparing <yandextank.plugins.Pandora.plugin.Plugin object at 0x4019375890>
2022-05-20 07:59:16,646 [DEBUG] yandextank.core.tankcore tankcore.py:391	Searching for plugin: <class 'yandextank.plugins.Console.plugin.Plugin'>
2022-05-20 07:59:16,648 [DEBUG] yandextank.core.tankcore tankcore.py:253	Preparing <yandextank.plugins.JsonReport.plugin.Plugin object at 0x401937e590>
2022-05-20 07:59:16,649 [DEBUG] yandextank.core.tankcore tankcore.py:253	Preparing <yandextank.plugins.Autostop.plugin.Plugin object at 0x4019375cd0>
2022-05-20 07:59:16,649 [DEBUG] yandextank.common.interfaces plugin.py:74	Criterion string: http(5xx,10%,5s)
2022-05-20 07:59:16,652 [DEBUG] yandextank.common.interfaces plugin.py:78	Criterion objects: {'http(5xx,10%,5s)': <yandextank.plugins.Autostop.criterions.HTTPCodesCriterion object at 0x4019375f10>}
2022-05-20 07:59:16,653 [DEBUG] yandextank.core.tankcore tankcore.py:391	Searching for plugin: <class 'yandextank.plugins.Console.plugin.Plugin'>
2022-05-20 07:59:16,654 [DEBUG] yandextank.core.tankcore tankcore.py:253	Preparing <yandextank.plugins.ShellExec.plugin.Plugin object at 0x40193753d0>
2022-05-20 07:59:16,655 [DEBUG] yandextank.core.tankcore tankcore.py:253	Preparing <yandextank.plugins.Console.plugin.Plugin object at 0x4019375950>
2022-05-20 07:59:16,656 [DEBUG] yandextank.core.tankcore tankcore.py:253	Preparing <yandextank.plugins.RCAssert.plugin.Plugin object at 0x4019375590>
2022-05-20 07:59:16,657 [DEBUG] yandextank.core.tankcore tankcore.py:253	Preparing <yandextank.plugins.ResourceCheck.plugin.Plugin object at 0x4019366e90>
2022-05-20 07:59:16,658 [INFO] yandextank.common.interfaces plugin.py:39	Checking tank resources...
2022-05-20 07:59:16,659 [DEBUG] netort.process process.py:23	Starting: sh -c "df --no-sync -m -P -l -x fuse -x tmpfs -x devtmpfs -x davfs -x nfs /Users/nikitaratasnuk/yandex.tank/logs | tail -n 1 | awk '{print \$4}' "
2022-05-20 07:59:17,209 [DEBUG] netort.process process.py:46	Process output:
11458

2022-05-20 07:59:17,210 [DEBUG] netort.process process.py:48	Process exit code: 0
2022-05-20 07:59:17,212 [DEBUG] root plugin.py:58	Result: (0, '11458\n', '')
2022-05-20 07:59:17,213 [DEBUG] yandextank.common.interfaces plugin.py:64	Disk free space: 11458/2048
2022-05-20 07:59:17,216 [DEBUG] yandextank.common.interfaces plugin.py:75	Memory free: 3104/512
2022-05-20 07:59:17,217 [DEBUG] yandextank.core.tankcore tankcore.py:253	Preparing <yandextank.plugins.DataUploader.plugin.Plugin object at 0x401937eb50>
2022-05-20 07:59:17,218 [WARNING] yandextank.plugins.DataUploader.plugin plugin.py:234	Failed to get info about ammo path
2022-05-20 07:59:17,220 [INFO] root plugin.py:523	Using OVERLOAD backend
2022-05-20 07:59:17,221 [DEBUG] yandextank.plugins.DataUploader.plugin plugin.py:618	Trying to read token from token.txt
2022-05-20 07:59:17,227 [INFO] yandextank.plugins.DataUploader.plugin plugin.py:624	Read authentication token from token.txt, token length is 32 bytes
2022-05-20 07:59:17,283 [INFO] yandextank.plugins.DataUploader.client client.py:59	Proxy not set
2022-05-20 07:59:17,286 [INFO] yandextank.plugins.DataUploader.plugin plugin.py:647	Detected target: 0.0.0.0:8080
2022-05-20 07:59:17,313 [DEBUG] yandextank.plugins.DataUploader.client client.py:336	Job create request: {'person': 'root', 'host': '0.0.0.0:8080', 'task': '', 'tank': 'ce8d95238ced', 'notify': [], 'loadscheme': [], 'detailed_time': None, 'port': '8080'}
2022-05-20 07:59:17,327 [DEBUG] urllib3.connectionpool connectionpool.py:813	Starting new HTTPS connection (1): overload.yandex.net:443
2022-05-20 07:59:17,709 [DEBUG] urllib3.connectionpool connectionpool.py:393	https://overload.yandex.net:443 "POST /api/job/create.json?api_token=4f2a42fb997146a394c06ccf2768f953 HTTP/1.1" 200 None
2022-05-20 07:59:17,733 [INFO] yandextank.plugins.DataUploader.plugin plugin.py:789	Job created: 523253
2022-05-20 07:59:17,743 [DEBUG] yandextank.plugins.DataUploader.client client.py:642	Sending configinitial config
2022-05-20 07:59:17,811 [DEBUG] urllib3.connectionpool connectionpool.py:393	https://overload.yandex.net:443 "POST /api/job/523253/configinitial.txt?api_token=4f2a42fb997146a394c06ccf2768f953 HTTP/1.1" 200 16
2022-05-20 07:59:17,817 [INFO] yandextank.plugins.DataUploader.plugin plugin.py:485	Locking targets: ['0.0.0.0:8080']
2022-05-20 07:59:17,820 [INFO] yandextank.plugins.DataUploader.plugin plugin.py:487	Locked targets: ['0.0.0.0:8080']
2022-05-20 07:59:17,831 [DEBUG] yandextank.common.interfaces interfaces.py:101	Publishing status: Plugin/job_no: 523253
2022-05-20 07:59:17,919 [DEBUG] urllib3.connectionpool connectionpool.py:393	https://overload.yandex.net:443 "POST /api/job/523253/edit.json?api_token=4f2a42fb997146a394c06ccf2768f953 HTTP/1.1" 200 19
2022-05-20 07:59:17,923 [DEBUG] yandextank.core.tankcore tankcore.py:391	Searching for plugin: <class 'yandextank.plugins.Console.plugin.Plugin'>
2022-05-20 07:59:17,926 [DEBUG] yandextank.plugins.DataUploader.client client.py:642	Sending configinitial config
2022-05-20 07:59:17,990 [DEBUG] urllib3.connectionpool connectionpool.py:393	https://overload.yandex.net:443 "POST /api/job/523253/configinitial.txt?api_token=4f2a42fb997146a394c06ccf2768f953 HTTP/1.1" 200 16
2022-05-20 07:59:17,993 [DEBUG] yandextank.plugins.DataUploader.client client.py:642	Sending configinfo config
2022-05-20 07:59:18,067 [DEBUG] urllib3.connectionpool connectionpool.py:393	https://overload.yandex.net:443 "POST /api/job/523253/configinfo.txt?api_token=4f2a42fb997146a394c06ccf2768f953 HTTP/1.1" 200 16
2022-05-20 07:59:18,072 [INFO] yandextank.core.tankcore tankcore.py:259	Starting test...
2022-05-20 07:59:18,080 [INFO] yandextank.aggregator.tank_aggregator tank_aggregator.py:63	using verbose histogram
2022-05-20 07:59:18,099 [DEBUG] yandextank.core.tankcore tankcore.py:263	Starting <yandextank.plugins.Pandora.plugin.Plugin object at 0x4019375890>
2022-05-20 07:59:18,102 [INFO] yandextank.plugins.Pandora.plugin plugin.py:183	Starting: ['mitme.net/gun', '-expvar', '/Users/nikitaratasnuk/yandex.tank/logs/2022-05-20_07-59-16.262485/pandora_config_h7hKqs.yaml']
2022-05-20 07:59:18,110 [DEBUG] urllib3.connectionpool connectionpool.py:205	Starting new HTTP connection (1): localhost:1234
2022-05-20 07:59:18,124 [DEBUG] yandextank.core.tankcore tankcore.py:446	Adding artifact file to collect (keep=False): /Users/nikitaratasnuk/yandex.tank/logs/2022-05-20_07-59-16.262485/pandora_S0t5Yi.log
2022-05-20 07:59:18,126 [DEBUG] yandextank.plugins.Pandora.reader reader.py:33	Pandora expvar http interface is unavailable
Traceback (most recent call last):
  File "/usr/local/lib/python2.7/dist-packages/yandextank/plugins/Pandora/reader.py", line 24, in run
    pandora_stat = requests.get("http://localhost:1234/debug/vars", timeout=0.9).json()
  File "/usr/local/lib/python2.7/dist-packages/requests/api.py", line 75, in get
    return request('get', url, params=params, **kwargs)
  File "/usr/local/lib/python2.7/dist-packages/requests/api.py", line 60, in request
    return session.request(method=method, url=url, **kwargs)
  File "/usr/local/lib/python2.7/dist-packages/requests/sessions.py", line 533, in request
    resp = self.send(prep, **send_kwargs)
  File "/usr/local/lib/python2.7/dist-packages/requests/sessions.py", line 646, in send
    r = adapter.send(request, **kwargs)
  File "/usr/local/lib/python2.7/dist-packages/requests/adapters.py", line 516, in send
    raise ConnectionError(e, request=request)
ConnectionError: HTTPConnectionPool(host='localhost', port=1234): Max retries exceeded with url: /debug/vars (Caused by NewConnectionError('<urllib3.connection.HTTPConnection object at 0x40195bdd90>: Failed to establish a new connection: [Errno 111] Connection refused',))
2022-05-20 07:59:18,597 [DEBUG] yandextank.plugins.Pandora.plugin plugin.py:196	Unable to start Pandora binary. Args: ['mitme.net/gun', '-expvar', '/Users/nikitaratasnuk/yandex.tank/logs/2022-05-20_07-59-16.262485/pandora_config_h7hKqs.yaml']
Traceback (most recent call last):
  File "/usr/local/lib/python2.7/dist-packages/yandextank/plugins/Pandora/plugin.py", line 193, in start_test
    close_fds=True)
  File "/usr/lib/python2.7/subprocess.py", line 711, in __init__
    errread, errwrite)
  File "/usr/lib/python2.7/subprocess.py", line 1343, in _execute_child
    raise child_exception
OSError: [Errno 2] No such file or directory
2022-05-20 07:59:18,601 [ERROR] root consoleworker.py:296	Test interrupted:
<type 'exceptions.RuntimeError'>: Unable to start Pandora binary and/or file does not exist: ['mitme.net/gun', '-expvar', '/Users/nikitaratasnuk/yandex.tank/logs/2022-05-20_07-59-16.262485/pandora_config_h7hKqs.yaml']
<traceback object at 0x403df9bb90>
2022-05-20 07:59:18,603 [INFO] yandextank.core.tankcore tankcore.py:301	Finishing test...
2022-05-20 07:59:18,604 [INFO] yandextank.core.tankcore tankcore.py:303	Stopping load generator and aggregator
2022-05-20 07:59:18,605 [DEBUG] yandextank.plugins.Pandora.plugin plugin.py:225	Seems subprocess finished OK
2022-05-20 07:59:18,606 [DEBUG] yandextank.aggregator.tank_aggregator tank_aggregator.py:123	Closing stats reader
2022-05-20 07:59:18,753 [DEBUG] yandextank.aggregator.tank_aggregator tank_aggregator.py:126	Waiting for gun drain to finish
2022-05-20 07:59:19,108 [DEBUG] yandextank.aggregator.tank_aggregator tank_aggregator.py:128	Waiting for stats drain to finish
2022-05-20 07:59:19,117 [DEBUG] yandextank.aggregator.tank_aggregator tank_aggregator.py:130	Collecting remaining data
2022-05-20 07:59:19,121 [DEBUG] yandextank.aggregator.tank_aggregator tank_aggregator.py:87	Data timestamps: []
2022-05-20 07:59:19,125 [DEBUG] yandextank.aggregator.tank_aggregator tank_aggregator.py:88	Stats timestamps: []
2022-05-20 07:59:19,128 [DEBUG] yandextank.core.tankcore tankcore.py:305	RC after: 1
2022-05-20 07:59:19,130 [INFO] yandextank.core.tankcore tankcore.py:307	Stopping monitoring
2022-05-20 07:59:19,131 [DEBUG] yandextank.core.tankcore tankcore.py:315	Finalize <yandextank.plugins.JsonReport.plugin.Plugin object at 0x401937e590>
2022-05-20 07:59:19,133 [DEBUG] yandextank.core.tankcore tankcore.py:317	RC before: 1
2022-05-20 07:59:19,134 [DEBUG] yandextank.core.tankcore tankcore.py:319	RC after: 1
2022-05-20 07:59:19,135 [DEBUG] yandextank.core.tankcore tankcore.py:315	Finalize <yandextank.plugins.Autostop.plugin.Plugin object at 0x4019375cd0>
2022-05-20 07:59:19,137 [DEBUG] yandextank.core.tankcore tankcore.py:317	RC before: 1
2022-05-20 07:59:19,138 [DEBUG] yandextank.core.tankcore tankcore.py:319	RC after: 1
2022-05-20 07:59:19,140 [DEBUG] yandextank.core.tankcore tankcore.py:315	Finalize <yandextank.plugins.ShellExec.plugin.Plugin object at 0x40193753d0>
2022-05-20 07:59:19,141 [DEBUG] yandextank.core.tankcore tankcore.py:317	RC before: 1
2022-05-20 07:59:19,142 [DEBUG] yandextank.core.tankcore tankcore.py:319	RC after: 1
2022-05-20 07:59:19,144 [DEBUG] yandextank.core.tankcore tankcore.py:315	Finalize <yandextank.plugins.Console.plugin.Plugin object at 0x4019375950>
2022-05-20 07:59:19,145 [DEBUG] yandextank.core.tankcore tankcore.py:317	RC before: 1
2022-05-20 07:59:19,146 [DEBUG] yandextank.core.tankcore tankcore.py:319	RC after: 1
2022-05-20 07:59:19,150 [DEBUG] yandextank.core.tankcore tankcore.py:315	Finalize <yandextank.plugins.RCAssert.plugin.Plugin object at 0x4019375590>
2022-05-20 07:59:19,151 [DEBUG] yandextank.core.tankcore tankcore.py:317	RC before: 1
2022-05-20 07:59:19,152 [DEBUG] yandextank.core.tankcore tankcore.py:319	RC after: 1
2022-05-20 07:59:19,154 [DEBUG] yandextank.core.tankcore tankcore.py:315	Finalize <yandextank.plugins.ResourceCheck.plugin.Plugin object at 0x4019366e90>
2022-05-20 07:59:19,156 [DEBUG] yandextank.core.tankcore tankcore.py:317	RC before: 1
2022-05-20 07:59:19,158 [DEBUG] yandextank.core.tankcore tankcore.py:319	RC after: 1
2022-05-20 07:59:19,160 [DEBUG] yandextank.core.tankcore tankcore.py:315	Finalize <yandextank.plugins.DataUploader.plugin.Plugin object at 0x401937eb50>
2022-05-20 07:59:19,162 [DEBUG] yandextank.core.tankcore tankcore.py:317	RC before: 1
2022-05-20 07:59:19,163 [DEBUG] yandextank.plugins.DataUploader.client client.py:642	Sending configinitial config
2022-05-20 07:59:19,297 [DEBUG] urllib3.connectionpool connectionpool.py:393	https://overload.yandex.net:443 "POST /api/job/523253/configinitial.txt?api_token=4f2a42fb997146a394c06ccf2768f953 HTTP/1.1" 200 16
2022-05-20 07:59:19,305 [DEBUG] yandextank.plugins.DataUploader.client client.py:642	Sending configinfo config
2022-05-20 07:59:19,391 [DEBUG] urllib3.connectionpool connectionpool.py:393	https://overload.yandex.net:443 "POST /api/job/523253/configinfo.txt?api_token=4f2a42fb997146a394c06ccf2768f953 HTTP/1.1" 200 16
2022-05-20 07:59:19,403 [INFO] yandextank.plugins.DataUploader.plugin plugin.py:478	Unlocking targets: ['0.0.0.0:8080']
2022-05-20 07:59:19,408 [INFO] yandextank.plugins.DataUploader.plugin plugin.py:480	0.0.0.0:8080
2022-05-20 07:59:19,412 [DEBUG] yandextank.core.tankcore tankcore.py:319	RC after: 1
2022-05-20 07:59:19,416 [INFO] yandextank.core.tankcore tankcore.py:330	Post-processing test...
2022-05-20 07:59:19,420 [DEBUG] yandextank.core.tankcore tankcore.py:333	Post-process <yandextank.plugins.Pandora.plugin.Plugin object at 0x4019375890>
2022-05-20 07:59:19,423 [DEBUG] yandextank.core.tankcore tankcore.py:335	RC before: 1
2022-05-20 07:59:19,426 [DEBUG] yandextank.core.tankcore tankcore.py:337	RC after: 1
2022-05-20 07:59:19,428 [DEBUG] yandextank.core.tankcore tankcore.py:333	Post-process <yandextank.plugins.JsonReport.plugin.Plugin object at 0x401937e590>
2022-05-20 07:59:19,430 [DEBUG] yandextank.core.tankcore tankcore.py:335	RC before: 1
2022-05-20 07:59:19,437 [DEBUG] yandextank.core.tankcore tankcore.py:337	RC after: 1
2022-05-20 07:59:19,443 [DEBUG] yandextank.core.tankcore tankcore.py:333	Post-process <yandextank.plugins.Autostop.plugin.Plugin object at 0x4019375cd0>
2022-05-20 07:59:19,446 [DEBUG] yandextank.core.tankcore tankcore.py:335	RC before: 1
2022-05-20 07:59:19,451 [DEBUG] yandextank.core.tankcore tankcore.py:337	RC after: 1
2022-05-20 07:59:19,456 [DEBUG] yandextank.core.tankcore tankcore.py:333	Post-process <yandextank.plugins.ShellExec.plugin.Plugin object at 0x40193753d0>
2022-05-20 07:59:19,461 [DEBUG] yandextank.core.tankcore tankcore.py:335	RC before: 1
2022-05-20 07:59:19,466 [DEBUG] yandextank.core.tankcore tankcore.py:337	RC after: 1
2022-05-20 07:59:19,475 [DEBUG] yandextank.core.tankcore tankcore.py:333	Post-process <yandextank.plugins.Console.plugin.Plugin object at 0x4019375950>
2022-05-20 07:59:19,481 [DEBUG] yandextank.core.tankcore tankcore.py:335	RC before: 1
2022-05-20 07:59:19,487 [DEBUG] yandextank.core.tankcore tankcore.py:337	RC after: 1
2022-05-20 07:59:19,492 [DEBUG] yandextank.core.tankcore tankcore.py:333	Post-process <yandextank.plugins.RCAssert.plugin.Plugin object at 0x4019375590>
2022-05-20 07:59:19,494 [DEBUG] yandextank.core.tankcore tankcore.py:335	RC before: 1
2022-05-20 07:59:19,499 [DEBUG] yandextank.core.tankcore tankcore.py:337	RC after: 1
2022-05-20 07:59:19,503 [DEBUG] yandextank.core.tankcore tankcore.py:333	Post-process <yandextank.plugins.ResourceCheck.plugin.Plugin object at 0x4019366e90>
2022-05-20 07:59:19,510 [DEBUG] yandextank.core.tankcore tankcore.py:335	RC before: 1
2022-05-20 07:59:19,495 [DEBUG] yandextank.core.tankcore tankcore.py:337	RC after: 1
2022-05-20 07:59:19,497 [DEBUG] yandextank.core.tankcore tankcore.py:333	Post-process <yandextank.plugins.DataUploader.plugin.Plugin object at 0x401937eb50>
2022-05-20 07:59:19,500 [DEBUG] yandextank.core.tankcore tankcore.py:335	RC before: 1
2022-05-20 07:59:19,503 [INFO] yandextank.plugins.DataUploader.plugin plugin.py:350	Waiting for sender threads to join.
2022-05-20 07:59:19,506 [INFO] yandextank.plugins.DataUploader.plugin plugin.py:357	Web link: None
2022-05-20 07:59:19,509 [DEBUG] yandextank.core.tankcore tankcore.py:391	Searching for plugin: <class 'yandextank.plugins.Autostop.plugin.Plugin'>
2022-05-20 07:59:19,511 [DEBUG] yandextank.plugins.DataUploader.plugin plugin.py:376	No autostop cause detected
2022-05-20 07:59:19,512 [DEBUG] yandextank.plugins.DataUploader.client client.py:642	Sending configinitial config
2022-05-20 07:59:19,642 [DEBUG] urllib3.connectionpool connectionpool.py:393	https://overload.yandex.net:443 "POST /api/job/523253/configinitial.txt?api_token=4f2a42fb997146a394c06ccf2768f953 HTTP/1.1" 200 16
2022-05-20 07:59:19,648 [DEBUG] yandextank.plugins.DataUploader.client client.py:642	Sending configinfo config
2022-05-20 07:59:19,721 [DEBUG] urllib3.connectionpool connectionpool.py:393	https://overload.yandex.net:443 "POST /api/job/523253/configinfo.txt?api_token=4f2a42fb997146a394c06ccf2768f953 HTTP/1.1" 200 16
2022-05-20 07:59:19,726 [DEBUG] yandextank.core.tankcore tankcore.py:337	RC after: 1
2022-05-20 07:59:19,729 [INFO] root consoleworker.py:269	Trying to clean up
2022-05-20 07:59:19,731 [INFO] yandextank.core.tankcore tankcore.py:526	Cleaning up plugin plugin_pandora
2022-05-20 07:59:19,733 [INFO] yandextank.core.tankcore tankcore.py:526	Cleaning up plugin plugin_json_report
2022-05-20 07:59:19,736 [INFO] yandextank.core.tankcore tankcore.py:526	Cleaning up plugin plugin_autostop
2022-05-20 07:59:19,740 [INFO] yandextank.core.tankcore tankcore.py:526	Cleaning up plugin plugin_shellexec
2022-05-20 07:59:19,742 [INFO] yandextank.core.tankcore tankcore.py:526	Cleaning up plugin plugin_console
2022-05-20 07:59:19,744 [INFO] yandextank.core.tankcore tankcore.py:526	Cleaning up plugin plugin_rcassert
2022-05-20 07:59:19,746 [INFO] yandextank.core.tankcore tankcore.py:526	Cleaning up plugin plugin_rcheck
2022-05-20 07:59:19,748 [INFO] yandextank.core.tankcore tankcore.py:526	Cleaning up plugin plugin_overload
2022-05-20 07:59:19,833 [DEBUG] urllib3.connectionpool connectionpool.py:393	https://overload.yandex.net:443 "GET /api/job/523253/close.json?exitcode=1&api_token=4f2a42fb997146a394c06ccf2768f953 HTTP/1.1" 200 16
2022-05-20 07:59:19,839 [INFO] yandextank.plugins.DataUploader.plugin plugin.py:478	Unlocking targets: ['0.0.0.0:8080']
2022-05-20 07:59:19,841 [INFO] yandextank.plugins.DataUploader.plugin plugin.py:480	0.0.0.0:8080
2022-05-20 07:59:19,845 [INFO] yandextank.core.tankcore tankcore.py:561	Releasing lock: /var/lock/lunapark_gmBF9K.lock
2022-05-20 07:59:19,859 [DEBUG] yandextank.core.tankcore tankcore.py:367	Collecting artifacts
2022-05-20 07:59:19,861 [INFO] yandextank.core.tankcore tankcore.py:368	Artifacts dir: /Users/nikitaratasnuk/yandex.tank/logs/2022-05-20_07-59-16.262485
2022-05-20 07:59:19,863 [DEBUG] yandextank.core.tankcore tankcore.py:422	Collecting file: ./phout.log to /Users/nikitaratasnuk/yandex.tank/logs/2022-05-20_07-59-16.262485/phout.log
2022-05-20 07:59:19,877 [DEBUG] yandextank.core.tankcore tankcore.py:422	Collecting file: /Users/nikitaratasnuk/yandex.tank/logs/2022-05-20_07-59-16.262485/pandora_S0t5Yi.log to /Users/nikitaratasnuk/yandex.tank/logs/2022-05-20_07-59-16.262485/pandora_S0t5Yi.log
2022-05-20 07:59:19,880 [WARNING] yandextank.core.tankcore tankcore.py:429	File already exists: /Users/nikitaratasnuk/yandex.tank/logs/2022-05-20_07-59-16.262485/pandora_S0t5Yi.log
2022-05-20 07:59:19,883 [DEBUG] yandextank.core.tankcore tankcore.py:422	Collecting file: /Users/nikitaratasnuk/yandex.tank/logs/2022-05-20_07-59-16.262485/pandora_config_h7hKqs.yaml to /Users/nikitaratasnuk/yandex.tank/logs/2022-05-20_07-59-16.262485/pandora_config_h7hKqs.yaml
2022-05-20 07:59:19,891 [WARNING] yandextank.core.tankcore tankcore.py:429	File already exists: /Users/nikitaratasnuk/yandex.tank/logs/2022-05-20_07-59-16.262485/pandora_config_h7hKqs.yaml
2022-05-20 07:59:19,893 [DEBUG] yandextank.core.tankcore tankcore.py:422	Collecting file: validation_error.yaml to /Users/nikitaratasnuk/yandex.tank/logs/2022-05-20_07-59-16.262485/validation_error.yaml
2022-05-20 07:59:19,898 [WARNING] yandextank.core.tankcore tankcore.py:424	File not found to collect: validation_error.yaml
