1653136202.189	/MyCase1	19876	0	0	0	0	0	0	0	0	200
1653136202.609	/MyCase1	2165	0	0	0	0	0	0	0	0	200
1653136202.833	/MyCase1	7886	0	0	0	0	0	0	0	0	200
1653136203.004	/MyCase1	11280	0	0	0	0	0	0	0	0	200
1653136203.152	/MyCase1	2710	0	0	0	0	0	0	0	0	200
1653136203.277	/MyCase1	4396	0	0	0	0	0	0	0	0	200
1653136203.395	/MyCase1	6612	0	0	0	0	0	0	0	0	200
1653136203.502	/MyCase1	10580	0	0	0	0	0	0	0	0	200
1653136203.599	/MyCase1	5130	0	0	0	0	0	0	0	0	200
1653136203.693	/MyCase1	6795	0	0	0	0	0	0	0	0	200
1653136203.784	/MyCase1	4275	0	0	0	0	0	0	0	0	200
1653136203.871	/MyCase1	7418	0	0	0	0	0	0	0	0	200
1653136203.947	/MyCase1	4652	0	0	0	0	0	0	0	0	200
1653136204.026	/MyCase1	2486	0	0	0	0	0	0	0	0	200
1653136204.099	/MyCase1	2065	0	0	0	0	0	0	0	0	200
1653136204.171	/MyCase1	1733	0	0	0	0	0	0	0	0	200
1653136204.242	/MyCase1	10390	0	0	0	0	0	0	0	0	200
1653136204.312	/MyCase1	2755	0	0	0	0	0	0	0	0	200
1653136204.375	/MyCase1	2884	0	0	0	0	0	0	0	0	200
1653136204.437	/MyCase1	4093	0	0	0	0	0	0	0	0	200
1653136204.500	/MyCase1	4100	0	0	0	0	0	0	0	0	200
1653136204.560	/MyCase1	5556	0	0	0	0	0	0	0	0	200
1653136204.619	/MyCase1	1902	0	0	0	0	0	0	0	0	200
1653136204.680	/MyCase1	3413	0	0	0	0	0	0	0	0	200
1653136204.734	/MyCase1	2267	0	0	0	0	0	0	0	0	200
1653136204.792	/MyCase1	5564	0	0	0	0	0	0	0	0	200
1653136204.847	/MyCase1	4885	0	0	0	0	0	0	0	0	200
1653136204.897	/MyCase1	10047	0	0	0	0	0	0	0	0	200
1653136204.951	/MyCase1	2601	0	0	0	0	0	0	0	0	200
1653136205.000	/MyCase1	5086	0	0	0	0	0	0	0	0	200
1653136205.051	/MyCase1	5571	0	0	0	0	0	0	0	0	200
1653136205.100	/MyCase1	3004	0	0	0	0	0	0	0	0	200
1653136205.148	/MyCase1	1609	0	0	0	0	0	0	0	0	200
1653136205.197	/MyCase1	1581	0	0	0	0	0	0	0	0	200
1653136205.246	/MyCase1	1485	0	0	0	0	0	0	0	0	200
1653136205.291	/MyCase1	1650	0	0	0	0	0	0	0	0	200
1653136205.338	/MyCase1	3207	0	0	0	0	0	0	0	0	200
1653136205.382	/MyCase1	3073	0	0	0	0	0	0	0	0	200
1653136205.429	/MyCase1	4032	0	0	0	0	0	0	0	0	200
1653136205.472	/MyCase1	1995	0	0	0	0	0	0	0	0	200
1653136205.516	/MyCase1	5043	0	0	0	0	0	0	0	0	200
1653136205.558	/MyCase1	4948	0	0	0	0	0	0	0	0	200
1653136205.601	/MyCase1	2019	0	0	0	0	0	0	0	0	200
1653136205.643	/MyCase1	3093	0	0	0	0	0	0	0	0	200
1653136205.685	/MyCase1	1689	0	0	0	0	0	0	0	0	200
1653136205.729	/MyCase1	1814	0	0	0	0	0	0	0	0	200
1653136205.767	/MyCase1	1773	0	0	0	0	0	0	0	0	200
1653136205.807	/MyCase1	2857	0	0	0	0	0	0	0	0	200
1653136205.848	/MyCase1	3492	0	0	0	0	0	0	0	0	200
1653136205.890	/MyCase1	6300	0	0	0	0	0	0	0	0	200
1653136205.927	/MyCase1	3491	0	0	0	0	0	0	0	0	200
1653136205.963	/MyCase1	3047	0	0	0	0	0	0	0	0	200
1653136206.004	/MyCase1	5485	0	0	0	0	0	0	0	0	200
1653136206.042	/MyCase1	4128	0	0	0	0	0	0	0	0	200
1653136206.077	/MyCase1	4468	0	0	0	0	0	0	0	0	200
1653136206.114	/MyCase1	5235	0	0	0	0	0	0	0	0	200
1653136206.152	/MyCase1	2560	0	0	0	0	0	0	0	0	200
1653136206.188	/MyCase1	1838	0	0	0	0	0	0	0	0	200
1653136206.224	/MyCase1	1317	0	0	0	0	0	0	0	0	200
1653136206.259	/MyCase1	1783	0	0	0	0	0	0	0	0	200
1653136206.296	/MyCase1	2057	0	0	0	0	0	0	0	0	200
1653136206.330	/MyCase1	1648	0	0	0	0	0	0	0	0	200
1653136206.366	/MyCase1	1375	0	0	0	0	0	0	0	0	200
1653136206.400	/MyCase1	1384	0	0	0	0	0	0	0	0	200
1653136206.438	/MyCase1	1922	0	0	0	0	0	0	0	0	200
1653136206.472	/MyCase1	1823	0	0	0	0	0	0	0	0	200
1653136206.504	/MyCase1	2176	0	0	0	0	0	0	0	0	200
1653136206.537	/MyCase1	2401	0	0	0	0	0	0	0	0	200
1653136206.570	/MyCase1	2641	0	0	0	0	0	0	0	0	200
1653136206.603	/MyCase1	3916	0	0	0	0	0	0	0	0	200
1653136206.636	/MyCase1	4345	0	0	0	0	0	0	0	0	200
1653136206.668	/MyCase1	2343	0	0	0	0	0	0	0	0	200
1653136206.701	/MyCase1	1584	0	0	0	0	0	0	0	0	200
1653136206.733	/MyCase1	1966	0	0	0	0	0	0	0	0	200
1653136206.764	/MyCase1	2148	0	0	0	0	0	0	0	0	200
1653136206.800	/MyCase1	2920	0	0	0	0	0	0	0	0	200
1653136206.829	/MyCase1	2445	0	0	0	0	0	0	0	0	200
1653136206.860	/MyCase1	1956	0	0	0	0	0	0	0	0	200
1653136206.891	/MyCase1	2141	0	0	0	0	0	0	0	0	200
1653136206.921	/MyCase1	2132	0	0	0	0	0	0	0	0	200
1653136206.954	/MyCase1	2300	0	0	0	0	0	0	0	0	200
1653136206.983	/MyCase1	2259	0	0	0	0	0	0	0	0	200
1653136207.015	/MyCase1	1564	0	0	0	0	0	0	0	0	200
1653136207.044	/MyCase1	2028	0	0	0	0	0	0	0	0	200
1653136207.074	/MyCase1	2010	0	0	0	0	0	0	0	0	200
1653136207.103	/MyCase1	1589	0	0	0	0	0	0	0	0	200
1653136207.133	/MyCase1	1554	0	0	0	0	0	0	0	0	200
1653136207.163	/MyCase1	2163	0	0	0	0	0	0	0	0	200
1653136207.194	/MyCase1	1438	0	0	0	0	0	0	0	0	200
1653136207.222	/MyCase1	1506	0	0	0	0	0	0	0	0	200
1653136207.250	/MyCase1	1566	0	0	0	0	0	0	0	0	200
1653136207.280	/MyCase1	1421	0	0	0	0	0	0	0	0	200
1653136207.307	/MyCase1	1517	0	0	0	0	0	0	0	0	200
1653136207.336	/MyCase1	1848	0	0	0	0	0	0	0	0	200
1653136207.365	/MyCase1	1728	0	0	0	0	0	0	0	0	200
1653136207.393	/MyCase1	2544	0	0	0	0	0	0	0	0	200
1653136207.424	/MyCase1	2177	0	0	0	0	0	0	0	0	200
1653136207.449	/MyCase1	2054	0	0	0	0	0	0	0	0	200
1653136207.477	/MyCase1	1242	0	0	0	0	0	0	0	0	200
1653136207.507	/MyCase1	1693	0	0	0	0	0	0	0	0	200
1653136207.536	/MyCase1	2419	0	0	0	0	0	0	0	0	200
1653136207.559	/MyCase1	2800	0	0	0	0	0	0	0	0	200
1653136207.587	/MyCase1	1732	0	0	0	0	0	0	0	0	200
1653136207.614	/MyCase1	2911	0	0	0	0	0	0	0	0	200
1653136207.641	/MyCase1	5329	0	0	0	0	0	0	0	0	200
1653136207.667	/MyCase1	3513	0	0	0	0	0	0	0	0	200
1653136207.694	/MyCase1	2184	0	0	0	0	0	0	0	0	200
1653136207.722	/MyCase1	2750	0	0	0	0	0	0	0	0	200
1653136207.748	/MyCase1	4609	0	0	0	0	0	0	0	0	200
1653136207.774	/MyCase1	3075	0	0	0	0	0	0	0	0	200
1653136207.799	/MyCase1	2293	0	0	0	0	0	0	0	0	200
1653136207.827	/MyCase1	2232	0	0	0	0	0	0	0	0	200
1653136207.853	/MyCase1	1631	0	0	0	0	0	0	0	0	200
1653136207.878	/MyCase1	1801	0	0	0	0	0	0	0	0	200
1653136207.905	/MyCase1	1688	0	0	0	0	0	0	0	0	200
1653136207.929	/MyCase1	1341	0	0	0	0	0	0	0	0	200
1653136207.955	/MyCase1	2307	0	0	0	0	0	0	0	0	200
1653136207.980	/MyCase1	3257	0	0	0	0	0	0	0	0	200
1653136208.007	/MyCase1	2198	0	0	0	0	0	0	0	0	200
1653136208.032	/MyCase1	2554	0	0	0	0	0	0	0	0	200
1653136208.056	/MyCase1	1480	0	0	0	0	0	0	0	0	200
1653136208.080	/MyCase1	1737	0	0	0	0	0	0	0	0	200
1653136208.105	/MyCase1	1350	0	0	0	0	0	0	0	0	200
1653136208.131	/MyCase1	1477	0	0	0	0	0	0	0	0	200
1653136208.158	/MyCase1	1307	0	0	0	0	0	0	0	0	200
1653136208.180	/MyCase1	2535	0	0	0	0	0	0	0	0	200
1653136208.204	/MyCase1	2875	0	0	0	0	0	0	0	0	200
1653136208.228	/MyCase1	2374	0	0	0	0	0	0	0	0	200
1653136208.253	/MyCase1	1325	0	0	0	0	0	0	0	0	200
1653136208.277	/MyCase1	2711	0	0	0	0	0	0	0	0	200
1653136208.304	/MyCase1	1896	0	0	0	0	0	0	0	0	200
1653136208.326	/MyCase1	4902	0	0	0	0	0	0	0	0	200
1653136208.351	/MyCase1	4406	0	0	0	0	0	0	0	0	200
1653136208.373	/MyCase1	3499	0	0	0	0	0	0	0	0	200
1653136208.397	/MyCase1	3253	0	0	0	0	0	0	0	0	200
1653136208.421	/MyCase1	5247	0	0	0	0	0	0	0	0	200
1653136208.444	/MyCase1	3854	0	0	0	0	0	0	0	0	200
1653136208.468	/MyCase1	3581	0	0	0	0	0	0	0	0	200
1653136208.491	/MyCase1	1805	0	0	0	0	0	0	0	0	200
1653136208.515	/MyCase1	2042	0	0	0	0	0	0	0	0	200
1653136208.538	/MyCase1	2320	0	0	0	0	0	0	0	0	200
1653136208.561	/MyCase1	2061	0	0	0	0	0	0	0	0	200
1653136208.585	/MyCase1	2105	0	0	0	0	0	0	0	0	200
1653136208.607	/MyCase1	1880	0	0	0	0	0	0	0	0	200
1653136208.630	/MyCase1	1670	0	0	0	0	0	0	0	0	200
1653136208.652	/MyCase1	2011	0	0	0	0	0	0	0	0	200
1653136208.675	/MyCase1	1779	0	0	0	0	0	0	0	0	200
1653136208.698	/MyCase1	2210	0	0	0	0	0	0	0	0	200
1653136208.722	/MyCase1	1541	0	0	0	0	0	0	0	0	200
1653136208.746	/MyCase1	1655	0	0	0	0	0	0	0	0	200
1653136208.766	/MyCase1	1216	0	0	0	0	0	0	0	0	200
1653136208.788	/MyCase1	10913	0	0	0	0	0	0	0	0	200
1653136208.811	/MyCase1	2024	0	0	0	0	0	0	0	0	200
1653136208.833	/MyCase1	1808	0	0	0	0	0	0	0	0	200
1653136208.856	/MyCase1	1355	0	0	0	0	0	0	0	0	200
1653136208.877	/MyCase1	1343	0	0	0	0	0	0	0	0	200
1653136208.899	/MyCase1	1055	0	0	0	0	0	0	0	0	200
1653136208.921	/MyCase1	1519	0	0	0	0	0	0	0	0	200
1653136208.942	/MyCase1	1220	0	0	0	0	0	0	0	0	200
1653136208.965	/MyCase1	1477	0	0	0	0	0	0	0	0	200
1653136208.986	/MyCase1	1549	0	0	0	0	0	0	0	0	200
1653136209.012	/MyCase1	1756	0	0	0	0	0	0	0	0	200
1653136209.031	/MyCase1	1479	0	0	0	0	0	0	0	0	200
1653136209.053	/MyCase1	1615	0	0	0	0	0	0	0	0	200
1653136209.074	/MyCase1	1571	0	0	0	0	0	0	0	0	200
1653136209.095	/MyCase1	1887	0	0	0	0	0	0	0	0	200
1653136209.115	/MyCase1	1239	0	0	0	0	0	0	0	0	200
1653136209.137	/MyCase1	2666	0	0	0	0	0	0	0	0	200
1653136209.158	/MyCase1	1375	0	0	0	0	0	0	0	0	200
1653136209.179	/MyCase1	1611	0	0	0	0	0	0	0	0	200
1653136209.200	/MyCase1	1692	0	0	0	0	0	0	0	0	200
1653136209.222	/MyCase1	2521	0	0	0	0	0	0	0	0	200
1653136209.241	/MyCase1	6097	0	0	0	0	0	0	0	0	200
1653136209.263	/MyCase1	8040	0	0	0	0	0	0	0	0	200
1653136209.283	/MyCase1	9327	0	0	0	0	0	0	0	0	200
1653136209.305	/MyCase1	3666	0	0	0	0	0	0	0	0	200
1653136209.327	/MyCase1	2432	0	0	0	0	0	0	0	0	200
1653136209.347	/MyCase1	1811	0	0	0	0	0	0	0	0	200
1653136209.367	/MyCase1	2235	0	0	0	0	0	0	0	0	200
1653136209.388	/MyCase1	2386	0	0	0	0	0	0	0	0	200
1653136209.407	/MyCase1	1501	0	0	0	0	0	0	0	0	200
1653136209.429	/MyCase1	1361	0	0	0	0	0	0	0	0	200
1653136209.448	/MyCase1	2664	0	0	0	0	0	0	0	0	200
1653136209.469	/MyCase1	1856	0	0	0	0	0	0	0	0	200
1653136209.490	/MyCase1	2012	0	0	0	0	0	0	0	0	200
1653136209.509	/MyCase1	1697	0	0	0	0	0	0	0	0	200
1653136209.531	/MyCase1	1202	0	0	0	0	0	0	0	0	200
1653136209.549	/MyCase1	1653	0	0	0	0	0	0	0	0	200
1653136209.569	/MyCase1	1308	0	0	0	0	0	0	0	0	200
1653136209.589	/MyCase1	1693	0	0	0	0	0	0	0	0	200
1653136209.609	/MyCase1	2555	0	0	0	0	0	0	0	0	200
1653136209.629	/MyCase1	2040	0	0	0	0	0	0	0	0	200
1653136209.649	/MyCase1	1705	0	0	0	0	0	0	0	0	200
1653136209.669	/MyCase1	1200	0	0	0	0	0	0	0	0	200
1653136209.688	/MyCase1	1208	0	0	0	0	0	0	0	0	200
1653136209.708	/MyCase1	1787	0	0	0	0	0	0	0	0	200
1653136209.727	/MyCase1	1476	0	0	0	0	0	0	0	0	200
1653136209.747	/MyCase1	1216	0	0	0	0	0	0	0	0	200
1653136209.767	/MyCase1	1484	0	0	0	0	0	0	0	0	200
1653136209.787	/MyCase1	1310	0	0	0	0	0	0	0	0	200
1653136209.806	/MyCase1	1768	0	0	0	0	0	0	0	0	200
1653136209.825	/MyCase1	1377	0	0	0	0	0	0	0	0	200
1653136209.846	/MyCase1	1395	0	0	0	0	0	0	0	0	200
1653136209.864	/MyCase1	1702	0	0	0	0	0	0	0	0	200
1653136209.883	/MyCase1	1521	0	0	0	0	0	0	0	0	200
1653136209.903	/MyCase1	1507	0	0	0	0	0	0	0	0	200
1653136209.924	/MyCase1	1848	0	0	0	0	0	0	0	0	200
1653136209.940	/MyCase1	1445	0	0	0	0	0	0	0	0	200
1653136209.962	/MyCase1	1306	0	0	0	0	0	0	0	0	200
1653136209.981	/MyCase1	1247	0	0	0	0	0	0	0	0	200
1653136209.998	/MyCase1	1480	0	0	0	0	0	0	0	0	200
1653136210.016	/MyCase1	1833	0	0	0	0	0	0	0	0	200
1653136210.036	/MyCase1	1623	0	0	0	0	0	0	0	0	200
1653136210.054	/MyCase1	2321	0	0	0	0	0	0	0	0	200
1653136210.074	/MyCase1	2866	0	0	0	0	0	0	0	0	200
1653136210.092	/MyCase1	1683	0	0	0	0	0	0	0	0	200
1653136210.110	/MyCase1	1871	0	0	0	0	0	0	0	0	200
1653136210.129	/MyCase1	1548	0	0	0	0	0	0	0	0	200
1653136210.147	/MyCase1	2731	0	0	0	0	0	0	0	0	200
1653136210.166	/MyCase1	3767	0	0	0	0	0	0	0	0	200
1653136210.185	/MyCase1	1365	0	0	0	0	0	0	0	0	200
1653136210.203	/MyCase1	1707	0	0	0	0	0	0	0	0	200
1653136210.221	/MyCase1	1503	0	0	0	0	0	0	0	0	200
1653136210.243	/MyCase1	1346	0	0	0	0	0	0	0	0	200
1653136210.258	/MyCase1	1188	0	0	0	0	0	0	0	0	200
1653136210.277	/MyCase1	1182	0	0	0	0	0	0	0	0	200
1653136210.295	/MyCase1	2026	0	0	0	0	0	0	0	0	200
1653136210.313	/MyCase1	1418	0	0	0	0	0	0	0	0	200
1653136210.331	/MyCase1	1278	0	0	0	0	0	0	0	0	200
1653136210.350	/MyCase1	1307	0	0	0	0	0	0	0	0	200
1653136210.368	/MyCase1	1477	0	0	0	0	0	0	0	0	200
1653136210.386	/MyCase1	1335	0	0	0	0	0	0	0	0	200
1653136210.404	/MyCase1	2225	0	0	0	0	0	0	0	0	200
1653136210.424	/MyCase1	1497	0	0	0	0	0	0	0	0	200
1653136210.440	/MyCase1	1241	0	0	0	0	0	0	0	0	200
1653136210.458	/MyCase1	1496	0	0	0	0	0	0	0	0	200
1653136210.476	/MyCase1	1239	0	0	0	0	0	0	0	0	200
1653136210.493	/MyCase1	2434	0	0	0	0	0	0	0	0	200
1653136210.511	/MyCase1	1593	0	0	0	0	0	0	0	0	200
1653136210.529	/MyCase1	1510	0	0	0	0	0	0	0	0	200
1653136210.549	/MyCase1	1906	0	0	0	0	0	0	0	0	200
1653136210.566	/MyCase1	1205	0	0	0	0	0	0	0	0	200
1653136210.583	/MyCase1	1399	0	0	0	0	0	0	0	0	200
1653136210.600	/MyCase1	1794	0	0	0	0	0	0	0	0	200
1653136210.617	/MyCase1	1390	0	0	0	0	0	0	0	0	200
1653136210.635	/MyCase1	2001	0	0	0	0	0	0	0	0	200
1653136210.652	/MyCase1	1919	0	0	0	0	0	0	0	0	200
1653136210.672	/MyCase1	1234	0	0	0	0	0	0	0	0	200
1653136210.688	/MyCase1	1604	0	0	0	0	0	0	0	0	200
1653136210.706	/MyCase1	1396	0	0	0	0	0	0	0	0	200
1653136210.722	/MyCase1	1076	0	0	0	0	0	0	0	0	200
1653136210.741	/MyCase1	1513	0	0	0	0	0	0	0	0	200
1653136210.757	/MyCase1	1673	0	0	0	0	0	0	0	0	200
1653136210.774	/MyCase1	1215	0	0	0	0	0	0	0	0	200
1653136210.791	/MyCase1	1704	0	0	0	0	0	0	0	0	200
1653136210.808	/MyCase1	2573	0	0	0	0	0	0	0	0	200
1653136210.826	/MyCase1	1757	0	0	0	0	0	0	0	0	200
1653136210.843	/MyCase1	1797	0	0	0	0	0	0	0	0	200
1653136210.860	/MyCase1	2285	0	0	0	0	0	0	0	0	200
1653136210.878	/MyCase1	1603	0	0	0	0	0	0	0	0	200
1653136210.894	/MyCase1	1101	0	0	0	0	0	0	0	0	200
1653136210.911	/MyCase1	1592	0	0	0	0	0	0	0	0	200
1653136210.929	/MyCase1	1690	0	0	0	0	0	0	0	0	200
1653136210.945	/MyCase1	1720	0	0	0	0	0	0	0	0	200
1653136210.962	/MyCase1	1628	0	0	0	0	0	0	0	0	200
1653136210.979	/MyCase1	1500	0	0	0	0	0	0	0	0	200
1653136210.997	/MyCase1	1347	0	0	0	0	0	0	0	0	200
1653136211.013	/MyCase1	1616	0	0	0	0	0	0	0	0	200
1653136211.029	/MyCase1	1321	0	0	0	0	0	0	0	0	200
1653136211.046	/MyCase1	1287	0	0	0	0	0	0	0	0	200
1653136211.063	/MyCase1	1198	0	0	0	0	0	0	0	0	200
1653136211.079	/MyCase1	1574	0	0	0	0	0	0	0	0	200
1653136211.096	/MyCase1	1285	0	0	0	0	0	0	0	0	200
1653136211.112	/MyCase1	1432	0	0	0	0	0	0	0	0	200
1653136211.130	/MyCase1	1361	0	0	0	0	0	0	0	0	200
1653136211.146	/MyCase1	1236	0	0	0	0	0	0	0	0	200
1653136211.162	/MyCase1	1696	0	0	0	0	0	0	0	0	200
1653136211.179	/MyCase1	1625	0	0	0	0	0	0	0	0	200
1653136211.196	/MyCase1	1188	0	0	0	0	0	0	0	0	200
1653136211.212	/MyCase1	1696	0	0	0	0	0	0	0	0	200
1653136211.228	/MyCase1	1589	0	0	0	0	0	0	0	0	200
1653136211.247	/MyCase1	1486	0	0	0	0	0	0	0	0	200
1653136211.261	/MyCase1	1906	0	0	0	0	0	0	0	0	200
1653136211.279	/MyCase1	1878	0	0	0	0	0	0	0	0	200
1653136211.294	/MyCase1	1797	0	0	0	0	0	0	0	0	200
1653136211.312	/MyCase1	1446	0	0	0	0	0	0	0	0	200
1653136211.326	/MyCase1	1176	0	0	0	0	0	0	0	0	200
1653136211.343	/MyCase1	1256	0	0	0	0	0	0	0	0	200
1653136211.359	/MyCase1	1285	0	0	0	0	0	0	0	0	200
1653136211.374	/MyCase1	1222	0	0	0	0	0	0	0	0	200
1653136211.391	/MyCase1	1763	0	0	0	0	0	0	0	0	200
1653136211.409	/MyCase1	1509	0	0	0	0	0	0	0	0	200
1653136211.423	/MyCase1	1355	0	0	0	0	0	0	0	0	200
1653136211.439	/MyCase1	1533	0	0	0	0	0	0	0	0	200
1653136211.457	/MyCase1	1361	0	0	0	0	0	0	0	0	200
1653136211.473	/MyCase1	1598	0	0	0	0	0	0	0	0	200
1653136211.488	/MyCase1	1844	0	0	0	0	0	0	0	0	200
1653136211.503	/MyCase1	1641	0	0	0	0	0	0	0	0	200
1653136211.519	/MyCase1	1841	0	0	0	0	0	0	0	0	200
1653136211.535	/MyCase1	2056	0	0	0	0	0	0	0	0	200
1653136211.552	/MyCase1	2205	0	0	0	0	0	0	0	0	200
1653136211.567	/MyCase1	4485	0	0	0	0	0	0	0	0	200
1653136211.584	/MyCase1	4446	0	0	0	0	0	0	0	0	200
1653136211.598	/MyCase1	7631	0	0	0	0	0	0	0	0	200
1653136211.614	/MyCase1	13527	0	0	0	0	0	0	0	0	200
1653136211.636	/MyCase1	9083	0	0	0	0	0	0	0	0	200
1653136211.645	/MyCase1	11845	0	0	0	0	0	0	0	0	200
1653136211.662	/MyCase1	4022	0	0	0	0	0	0	0	0	200
1653136211.677	/MyCase1	5511	0	0	0	0	0	0	0	0	200
1653136211.692	/MyCase1	5402	0	0	0	0	0	0	0	0	200
1653136211.708	/MyCase1	2034	0	0	0	0	0	0	0	0	200
1653136211.724	/MyCase1	2570	0	0	0	0	0	0	0	0	200
1653136211.739	/MyCase1	2411	0	0	0	0	0	0	0	0	200
1653136211.755	/MyCase1	1485	0	0	0	0	0	0	0	0	200
1653136211.771	/MyCase1	1622	0	0	0	0	0	0	0	0	200
1653136211.787	/MyCase1	1228	0	0	0	0	0	0	0	0	200
1653136211.801	/MyCase1	1153	0	0	0	0	0	0	0	0	200
1653136211.817	/MyCase1	1288	0	0	0	0	0	0	0	0	200
1653136211.831	/MyCase1	1314	0	0	0	0	0	0	0	0	200
1653136211.847	/MyCase1	1423	0	0	0	0	0	0	0	0	200
1653136211.863	/MyCase1	1452	0	0	0	0	0	0	0	0	200
1653136211.877	/MyCase1	1955	0	0	0	0	0	0	0	0	200
1653136211.893	/MyCase1	1760	0	0	0	0	0	0	0	0	200
1653136211.908	/MyCase1	1458	0	0	0	0	0	0	0	0	200
1653136211.925	/MyCase1	2515	0	0	0	0	0	0	0	0	200
1653136211.939	/MyCase1	1196	0	0	0	0	0	0	0	0	200
1653136211.955	/MyCase1	1428	0	0	0	0	0	0	0	0	200
1653136211.970	/MyCase1	1778	0	0	0	0	0	0	0	0	200
1653136211.985	/MyCase1	1428	0	0	0	0	0	0	0	0	200
1653136212.002	/MyCase1	1360	0	0	0	0	0	0	0	0	200
1653136212.015	/MyCase1	2250	0	0	0	0	0	0	0	0	200
1653136212.030	/MyCase1	1524	0	0	0	0	0	0	0	0	200
1653136212.045	/MyCase1	1359	0	0	0	0	0	0	0	0	200
1653136212.060	/MyCase1	1412	0	0	0	0	0	0	0	0	200
1653136212.076	/MyCase1	1995	0	0	0	0	0	0	0	0	200
1653136212.090	/MyCase1	2237	0	0	0	0	0	0	0	0	200
1653136212.106	/MyCase1	2472	0	0	0	0	0	0	0	0	200
1653136212.120	/MyCase1	1840	0	0	0	0	0	0	0	0	200
1653136212.135	/MyCase1	2747	0	0	0	0	0	0	0	0	200
1653136212.150	/MyCase1	2468	0	0	0	0	0	0	0	0	200
1653136212.165	/MyCase1	2454	0	0	0	0	0	0	0	0	200
1653136212.180	/MyCase1	2195	0	0	0	0	0	0	0	0	200
1653136212.194	/MyCase1	1574	0	0	0	0	0	0	0	0	200
1653136212.209	/MyCase1	1593	0	0	0	0	0	0	0	0	200
1653136212.224	/MyCase1	1623	0	0	0	0	0	0	0	0	200
1653136212.239	/MyCase1	1626	0	0	0	0	0	0	0	0	200
1653136212.253	/MyCase1	1742	0	0	0	0	0	0	0	0	200
1653136212.269	/MyCase1	1380	0	0	0	0	0	0	0	0	200
1653136212.284	/MyCase1	1701	0	0	0	0	0	0	0	0	200
1653136212.298	/MyCase1	1429	0	0	0	0	0	0	0	0	200
1653136212.313	/MyCase1	1336	0	0	0	0	0	0	0	0	200
1653136212.327	/MyCase1	2103	0	0	0	0	0	0	0	0	200
1653136212.342	/MyCase1	1146	0	0	0	0	0	0	0	0	200
1653136212.358	/MyCase1	1995	0	0	0	0	0	0	0	0	200
1653136212.371	/MyCase1	1370	0	0	0	0	0	0	0	0	200
1653136212.386	/MyCase1	1377	0	0	0	0	0	0	0	0	200
1653136212.401	/MyCase1	1431	0	0	0	0	0	0	0	0	200
1653136212.414	/MyCase1	1455	0	0	0	0	0	0	0	0	200
1653136212.430	/MyCase1	3354	0	0	0	0	0	0	0	0	200
1653136212.444	/MyCase1	2476	0	0	0	0	0	0	0	0	200
1653136212.458	/MyCase1	2412	0	0	0	0	0	0	0	0	200
1653136212.473	/MyCase1	2061	0	0	0	0	0	0	0	0	200
1653136212.489	/MyCase1	2276	0	0	0	0	0	0	0	0	200
1653136212.502	/MyCase1	1761	0	0	0	0	0	0	0	0	200
1653136212.518	/MyCase1	2024	0	0	0	0	0	0	0	0	200
1653136212.530	/MyCase1	1640	0	0	0	0	0	0	0	0	200
1653136212.545	/MyCase1	1344	0	0	0	0	0	0	0	0	200
1653136212.559	/MyCase1	2108	0	0	0	0	0	0	0	0	200
1653136212.573	/MyCase1	1094	0	0	0	0	0	0	0	0	200
1653136212.588	/MyCase1	1338	0	0	0	0	0	0	0	0	200
1653136212.602	/MyCase1	1509	0	0	0	0	0	0	0	0	200
1653136212.616	/MyCase1	3505	0	0	0	0	0	0	0	0	200
1653136212.630	/MyCase1	4477	0	0	0	0	0	0	0	0	200
1653136212.645	/MyCase1	4588	0	0	0	0	0	0	0	0	200
1653136212.659	/MyCase1	4517	0	0	0	0	0	0	0	0	200
1653136212.673	/MyCase1	2376	0	0	0	0	0	0	0	0	200
1653136212.688	/MyCase1	1652	0	0	0	0	0	0	0	0	200
1653136212.701	/MyCase1	2308	0	0	0	0	0	0	0	0	200
1653136212.716	/MyCase1	1880	0	0	0	0	0	0	0	0	200
1653136212.730	/MyCase1	2242	0	0	0	0	0	0	0	0	200
1653136212.743	/MyCase1	1642	0	0	0	0	0	0	0	0	200
1653136212.758	/MyCase1	1110	0	0	0	0	0	0	0	0	200
1653136212.772	/MyCase1	1917	0	0	0	0	0	0	0	0	200
1653136212.787	/MyCase1	1473	0	0	0	0	0	0	0	0	200
1653136212.800	/MyCase1	1490	0	0	0	0	0	0	0	0	200
1653136212.814	/MyCase1	1638	0	0	0	0	0	0	0	0	200
1653136212.828	/MyCase1	1141	0	0	0	0	0	0	0	0	200
1653136212.842	/MyCase1	1504	0	0	0	0	0	0	0	0	200
1653136212.856	/MyCase1	1479	0	0	0	0	0	0	0	0	200
1653136212.869	/MyCase1	1780	0	0	0	0	0	0	0	0	200
1653136212.884	/MyCase1	2080	0	0	0	0	0	0	0	0	200
1653136212.898	/MyCase1	2100	0	0	0	0	0	0	0	0	200
1653136212.912	/MyCase1	4671	0	0	0	0	0	0	0	0	200
1653136212.926	/MyCase1	2644	0	0	0	0	0	0	0	0	200
1653136212.941	/MyCase1	5057	0	0	0	0	0	0	0	0	200
1653136212.953	/MyCase1	3538	0	0	0	0	0	0	0	0	200
1653136212.967	/MyCase1	3140	0	0	0	0	0	0	0	0	200
1653136212.980	/MyCase1	1756	0	0	0	0	0	0	0	0	200
1653136212.994	/MyCase1	1578	0	0	0	0	0	0	0	0	200
1653136213.008	/MyCase1	5270	0	0	0	0	0	0	0	0	200
1653136213.020	/MyCase1	2109	0	0	0	0	0	0	0	0	200
1653136213.035	/MyCase1	12050	0	0	0	0	0	0	0	0	200
1653136213.048	/MyCase1	2074	0	0	0	0	0	0	0	0	200
1653136213.062	/MyCase1	2271	0	0	0	0	0	0	0	0	200
1653136213.075	/MyCase1	3597	0	0	0	0	0	0	0	0	200
1653136213.089	/MyCase1	2644	0	0	0	0	0	0	0	0	200
1653136213.103	/MyCase1	2841	0	0	0	0	0	0	0	0	200
1653136213.116	/MyCase1	2045	0	0	0	0	0	0	0	0	200
1653136213.131	/MyCase1	2066	0	0	0	0	0	0	0	0	200
1653136213.144	/MyCase1	1901	0	0	0	0	0	0	0	0	200
1653136213.157	/MyCase1	1708	0	0	0	0	0	0	0	0	200
1653136213.171	/MyCase1	2348	0	0	0	0	0	0	0	0	200
1653136213.184	/MyCase1	1435	0	0	0	0	0	0	0	0	200
1653136213.198	/MyCase1	1687	0	0	0	0	0	0	0	0	200
1653136213.211	/MyCase1	1162	0	0	0	0	0	0	0	0	200
1653136213.224	/MyCase1	1965	0	0	0	0	0	0	0	0	200
1653136213.239	/MyCase1	3888	0	0	0	0	0	0	0	0	200
1653136213.251	/MyCase1	20382	0	0	0	0	0	0	0	0	200
1653136213.265	/MyCase1	9720	0	0	0	0	0	0	0	0	200
1653136213.278	/MyCase1	2339	0	0	0	0	0	0	0	0	200
1653136213.292	/MyCase1	2304	0	0	0	0	0	0	0	0	200
1653136213.305	/MyCase1	2039	0	0	0	0	0	0	0	0	200
1653136213.318	/MyCase1	1271	0	0	0	0	0	0	0	0	200
1653136213.332	/MyCase1	1529	0	0	0	0	0	0	0	0	200
1653136213.345	/MyCase1	1615	0	0	0	0	0	0	0	0	200
1653136213.359	/MyCase1	1860	0	0	0	0	0	0	0	0	200
1653136213.371	/MyCase1	1465	0	0	0	0	0	0	0	0	200
1653136213.386	/MyCase1	2529	0	0	0	0	0	0	0	0	200
1653136213.398	/MyCase1	3076	0	0	0	0	0	0	0	0	200
1653136213.412	/MyCase1	1829	0	0	0	0	0	0	0	0	200
1653136213.426	/MyCase1	2063	0	0	0	0	0	0	0	0	200
1653136213.438	/MyCase1	1739	0	0	0	0	0	0	0	0	200
1653136213.451	/MyCase1	1761	0	0	0	0	0	0	0	0	200
1653136213.465	/MyCase1	1351	0	0	0	0	0	0	0	0	200
1653136213.478	/MyCase1	1732	0	0	0	0	0	0	0	0	200
1653136213.493	/MyCase1	1680	0	0	0	0	0	0	0	0	200
1653136213.504	/MyCase1	1591	0	0	0	0	0	0	0	0	200
1653136213.517	/MyCase1	1512	0	0	0	0	0	0	0	0	200
1653136213.531	/MyCase1	1786	0	0	0	0	0	0	0	0	200
1653136213.543	/MyCase1	1019	0	0	0	0	0	0	0	0	200
1653136213.556	/MyCase1	1330	0	0	0	0	0	0	0	0	200
1653136213.569	/MyCase1	1019	0	0	0	0	0	0	0	0	200
1653136213.583	/MyCase1	1291	0	0	0	0	0	0	0	0	200
1653136213.596	/MyCase1	2028	0	0	0	0	0	0	0	0	200
1653136213.609	/MyCase1	1206	0	0	0	0	0	0	0	0	200
1653136213.621	/MyCase1	1029	0	0	0	0	0	0	0	0	200
1653136213.635	/MyCase1	1316	0	0	0	0	0	0	0	0	200
1653136213.649	/MyCase1	1352	0	0	0	0	0	0	0	0	200
1653136213.660	/MyCase1	1765	0	0	0	0	0	0	0	0	200
1653136213.674	/MyCase1	1721	0	0	0	0	0	0	0	0	200
1653136213.687	/MyCase1	1274	0	0	0	0	0	0	0	0	200
1653136213.700	/MyCase1	1208	0	0	0	0	0	0	0	0	200
1653136213.714	/MyCase1	1574	0	0	0	0	0	0	0	0	200
1653136213.725	/MyCase1	1324	0	0	0	0	0	0	0	0	200
1653136213.739	/MyCase1	1548	0	0	0	0	0	0	0	0	200
1653136213.752	/MyCase1	1814	0	0	0	0	0	0	0	0	200
1653136213.764	/MyCase1	1435	0	0	0	0	0	0	0	0	200
1653136213.777	/MyCase1	1967	0	0	0	0	0	0	0	0	200
1653136213.790	/MyCase1	2532	0	0	0	0	0	0	0	0	200
1653136213.803	/MyCase1	1406	0	0	0	0	0	0	0	0	200
1653136213.815	/MyCase1	1346	0	0	0	0	0	0	0	0	200
1653136213.830	/MyCase1	1146	0	0	0	0	0	0	0	0	200
1653136213.842	/MyCase1	2474	0	0	0	0	0	0	0	0	200
1653136213.854	/MyCase1	1504	0	0	0	0	0	0	0	0	200
1653136213.866	/MyCase1	1104	0	0	0	0	0	0	0	0	200
1653136213.879	/MyCase1	2810	0	0	0	0	0	0	0	0	200
1653136213.892	/MyCase1	1540	0	0	0	0	0	0	0	0	200
1653136213.905	/MyCase1	1329	0	0	0	0	0	0	0	0	200
1653136213.917	/MyCase1	1709	0	0	0	0	0	0	0	0	200
1653136213.930	/MyCase1	1675	0	0	0	0	0	0	0	0	200
1653136213.942	/MyCase1	1376	0	0	0	0	0	0	0	0	200
1653136213.956	/MyCase1	1110	0	0	0	0	0	0	0	0	200
1653136213.968	/MyCase1	1411	0	0	0	0	0	0	0	0	200
1653136213.980	/MyCase1	1115	0	0	0	0	0	0	0	0	200
1653136213.994	/MyCase1	1545	0	0	0	0	0	0	0	0	200
1653136214.007	/MyCase1	1085	0	0	0	0	0	0	0	0	200
1653136214.018	/MyCase1	1521	0	0	0	0	0	0	0	0	200
1653136214.031	/MyCase1	1282	0	0	0	0	0	0	0	0	200
1653136214.044	/MyCase1	1409	0	0	0	0	0	0	0	0	200
1653136214.057	/MyCase1	1214	0	0	0	0	0	0	0	0	200
1653136214.069	/MyCase1	1182	0	0	0	0	0	0	0	0	200
1653136214.081	/MyCase1	1288	0	0	0	0	0	0	0	0	200
1653136214.093	/MyCase1	1188	0	0	0	0	0	0	0	0	200
1653136214.107	/MyCase1	1259	0	0	0	0	0	0	0	0	200
1653136214.119	/MyCase1	1538	0	0	0	0	0	0	0	0	200
1653136214.131	/MyCase1	1784	0	0	0	0	0	0	0	0	200
1653136214.143	/MyCase1	1360	0	0	0	0	0	0	0	0	200
1653136214.157	/MyCase1	1487	0	0	0	0	0	0	0	0	200
1653136214.169	/MyCase1	1737	0	0	0	0	0	0	0	0	200
1653136214.181	/MyCase1	1013	0	0	0	0	0	0	0	0	200
1653136214.194	/MyCase1	1655	0	0	0	0	0	0	0	0	200
1653136214.206	/MyCase1	1517	0	0	0	0	0	0	0	0	200
1653136214.219	/MyCase1	1793	0	0	0	0	0	0	0	0	200
1653136214.230	/MyCase1	1009	0	0	0	0	0	0	0	0	200
1653136214.243	/MyCase1	1415	0	0	0	0	0	0	0	0	200
1653136214.255	/MyCase1	2123	0	0	0	0	0	0	0	0	200
1653136214.269	/MyCase1	1734	0	0	0	0	0	0	0	0	200
1653136214.280	/MyCase1	1605	0	0	0	0	0	0	0	0	200
1653136214.293	/MyCase1	1545	0	0	0	0	0	0	0	0	200
1653136214.304	/MyCase1	2293	0	0	0	0	0	0	0	0	200
1653136214.317	/MyCase1	1424	0	0	0	0	0	0	0	0	200
1653136214.330	/MyCase1	1539	0	0	0	0	0	0	0	0	200
1653136214.341	/MyCase1	1456	0	0	0	0	0	0	0	0	200
1653136214.353	/MyCase1	1797	0	0	0	0	0	0	0	0	200
1653136214.366	/MyCase1	1405	0	0	0	0	0	0	0	0	200
1653136214.377	/MyCase1	1590	0	0	0	0	0	0	0	0	200
1653136214.391	/MyCase1	1823	0	0	0	0	0	0	0	0	200
1653136214.402	/MyCase1	2099	0	0	0	0	0	0	0	0	200
1653136214.414	/MyCase1	1939	0	0	0	0	0	0	0	0	200
1653136214.426	/MyCase1	2296	0	0	0	0	0	0	0	0	200
1653136214.439	/MyCase1	2844	0	0	0	0	0	0	0	0	200
1653136214.452	/MyCase1	2148	0	0	0	0	0	0	0	0	200
1653136214.463	/MyCase1	1341	0	0	0	0	0	0	0	0	200
1653136214.476	/MyCase1	1448	0	0	0	0	0	0	0	0	200
1653136214.487	/MyCase1	2345	0	0	0	0	0	0	0	0	200
1653136214.500	/MyCase1	2215	0	0	0	0	0	0	0	0	200
1653136214.512	/MyCase1	2368	0	0	0	0	0	0	0	0	200
1653136214.524	/MyCase1	2104	0	0	0	0	0	0	0	0	200
1653136214.535	/MyCase1	2152	0	0	0	0	0	0	0	0	200
1653136214.548	/MyCase1	1186	0	0	0	0	0	0	0	0	200
1653136214.560	/MyCase1	2828	0	0	0	0	0	0	0	0	200
1653136214.572	/MyCase1	1817	0	0	0	0	0	0	0	0	200
1653136214.584	/MyCase1	2979	0	0	0	0	0	0	0	0	200
1653136214.596	/MyCase1	2376	0	0	0	0	0	0	0	0	200
1653136214.609	/MyCase1	1339	0	0	0	0	0	0	0	0	200
1653136214.621	/MyCase1	1560	0	0	0	0	0	0	0	0	200
1653136214.632	/MyCase1	1302	0	0	0	0	0	0	0	0	200
1653136214.643	/MyCase1	1247	0	0	0	0	0	0	0	0	200
1653136214.656	/MyCase1	1299	0	0	0	0	0	0	0	0	200
1653136214.668	/MyCase1	1355	0	0	0	0	0	0	0	0	200
1653136214.680	/MyCase1	1213	0	0	0	0	0	0	0	0	200
1653136214.691	/MyCase1	1479	0	0	0	0	0	0	0	0	200
1653136214.704	/MyCase1	1051	0	0	0	0	0	0	0	0	200
1653136214.717	/MyCase1	1278	0	0	0	0	0	0	0	0	200
1653136214.727	/MyCase1	1636	0	0	0	0	0	0	0	0	200
1653136214.740	/MyCase1	1299	0	0	0	0	0	0	0	0	200
1653136214.751	/MyCase1	1273	0	0	0	0	0	0	0	0	200
1653136214.763	/MyCase1	1062	0	0	0	0	0	0	0	0	200
1653136214.775	/MyCase1	1145	0	0	0	0	0	0	0	0	200
1653136214.787	/MyCase1	1417	0	0	0	0	0	0	0	0	200
1653136214.798	/MyCase1	2282	0	0	0	0	0	0	0	0	200
1653136214.811	/MyCase1	1142	0	0	0	0	0	0	0	0	200
1653136214.822	/MyCase1	1501	0	0	0	0	0	0	0	0	200
1653136214.834	/MyCase1	1501	0	0	0	0	0	0	0	0	200
1653136214.846	/MyCase1	1272	0	0	0	0	0	0	0	0	200
1653136214.858	/MyCase1	1429	0	0	0	0	0	0	0	0	200
1653136214.869	/MyCase1	1065	0	0	0	0	0	0	0	0	200
1653136214.881	/MyCase1	1625	0	0	0	0	0	0	0	0	200
1653136214.892	/MyCase1	1483	0	0	0	0	0	0	0	0	200
1653136214.906	/MyCase1	1797	0	0	0	0	0	0	0	0	200
1653136214.916	/MyCase1	1470	0	0	0	0	0	0	0	0	200
1653136214.927	/MyCase1	1080	0	0	0	0	0	0	0	0	200
1653136214.939	/MyCase1	1285	0	0	0	0	0	0	0	0	200
1653136214.952	/MyCase1	1295	0	0	0	0	0	0	0	0	200
1653136214.962	/MyCase1	1145	0	0	0	0	0	0	0	0	200
1653136214.974	/MyCase1	1337	0	0	0	0	0	0	0	0	200
1653136214.987	/MyCase1	1392	0	0	0	0	0	0	0	0	200
1653136214.998	/MyCase1	1230	0	0	0	0	0	0	0	0	200
1653136215.009	/MyCase1	1458	0	0	0	0	0	0	0	0	200
1653136215.021	/MyCase1	957	0	0	0	0	0	0	0	0	200
1653136215.033	/MyCase1	1400	0	0	0	0	0	0	0	0	200
1653136215.044	/MyCase1	1415	0	0	0	0	0	0	0	0	200
1653136215.056	/MyCase1	1680	0	0	0	0	0	0	0	0	200
1653136215.069	/MyCase1	1262	0	0	0	0	0	0	0	0	200
1653136215.078	/MyCase1	1119	0	0	0	0	0	0	0	0	200
1653136215.090	/MyCase1	1376	0	0	0	0	0	0	0	0	200
1653136215.102	/MyCase1	1125	0	0	0	0	0	0	0	0	200
1653136215.113	/MyCase1	1453	0	0	0	0	0	0	0	0	200
1653136215.125	/MyCase1	1620	0	0	0	0	0	0	0	0	200
1653136215.137	/MyCase1	1687	0	0	0	0	0	0	0	0	200
1653136215.148	/MyCase1	1157	0	0	0	0	0	0	0	0	200
1653136215.159	/MyCase1	1061	0	0	0	0	0	0	0	0	200
1653136215.172	/MyCase1	1487	0	0	0	0	0	0	0	0	200
1653136215.182	/MyCase1	1341	0	0	0	0	0	0	0	0	200
1653136215.195	/MyCase1	1547	0	0	0	0	0	0	0	0	200
1653136215.206	/MyCase1	3433	0	0	0	0	0	0	0	0	200
1653136215.217	/MyCase1	2516	0	0	0	0	0	0	0	0	200
1653136215.229	/MyCase1	1706	0	0	0	0	0	0	0	0	200
1653136215.240	/MyCase1	1433	0	0	0	0	0	0	0	0	200
1653136215.251	/MyCase1	1339	0	0	0	0	0	0	0	0	200
1653136215.262	/MyCase1	1350	0	0	0	0	0	0	0	0	200
1653136215.274	/MyCase1	2566	0	0	0	0	0	0	0	0	200
1653136215.286	/MyCase1	3695	0	0	0	0	0	0	0	0	200
1653136215.296	/MyCase1	2766	0	0	0	0	0	0	0	0	200
1653136215.308	/MyCase1	2337	0	0	0	0	0	0	0	0	200
1653136215.319	/MyCase1	1926	0	0	0	0	0	0	0	0	200
1653136215.330	/MyCase1	2970	0	0	0	0	0	0	0	0	200
1653136215.342	/MyCase1	2354	0	0	0	0	0	0	0	0	200
1653136215.354	/MyCase1	3245	0	0	0	0	0	0	0	0	200
1653136215.365	/MyCase1	2488	0	0	0	0	0	0	0	0	200
1653136215.376	/MyCase1	1538	0	0	0	0	0	0	0	0	200
1653136215.387	/MyCase1	1466	0	0	0	0	0	0	0	0	200
1653136215.399	/MyCase1	1701	0	0	0	0	0	0	0	0	200
1653136215.409	/MyCase1	1542	0	0	0	0	0	0	0	0	200
1653136215.421	/MyCase1	1974	0	0	0	0	0	0	0	0	200
1653136215.432	/MyCase1	1964	0	0	0	0	0	0	0	0	200
1653136215.443	/MyCase1	1608	0	0	0	0	0	0	0	0	200
1653136215.455	/MyCase1	1549	0	0	0	0	0	0	0	0	200
1653136215.466	/MyCase1	1573	0	0	0	0	0	0	0	0	200
1653136215.478	/MyCase1	1807	0	0	0	0	0	0	0	0	200
1653136215.489	/MyCase1	1756	0	0	0	0	0	0	0	0	200
1653136215.500	/MyCase1	2259	0	0	0	0	0	0	0	0	200
1653136215.511	/MyCase1	1298	0	0	0	0	0	0	0	0	200
1653136215.522	/MyCase1	1733	0	0	0	0	0	0	0	0	200
1653136215.534	/MyCase1	1594	0	0	0	0	0	0	0	0	200
1653136215.545	/MyCase1	1072	0	0	0	0	0	0	0	0	200
1653136215.556	/MyCase1	1482	0	0	0	0	0	0	0	0	200
1653136215.567	/MyCase1	1369	0	0	0	0	0	0	0	0	200
1653136215.577	/MyCase1	1614	0	0	0	0	0	0	0	0	200
1653136215.589	/MyCase1	1323	0	0	0	0	0	0	0	0	200
1653136215.600	/MyCase1	1083	0	0	0	0	0	0	0	0	200
1653136215.611	/MyCase1	1856	0	0	0	0	0	0	0	0	200
1653136215.622	/MyCase1	1387	0	0	0	0	0	0	0	0	200
1653136215.635	/MyCase1	1381	0	0	0	0	0	0	0	0	200
1653136215.645	/MyCase1	1573	0	0	0	0	0	0	0	0	200
1653136215.656	/MyCase1	1506	0	0	0	0	0	0	0	0	200
1653136215.668	/MyCase1	1165	0	0	0	0	0	0	0	0	200
1653136215.678	/MyCase1	1728	0	0	0	0	0	0	0	0	200
1653136215.688	/MyCase1	1466	0	0	0	0	0	0	0	0	200
1653136215.699	/MyCase1	1373	0	0	0	0	0	0	0	0	200
1653136215.710	/MyCase1	2280	0	0	0	0	0	0	0	0	200
1653136215.722	/MyCase1	1232	0	0	0	0	0	0	0	0	200
1653136215.733	/MyCase1	1234	0	0	0	0	0	0	0	0	200
1653136215.744	/MyCase1	1261	0	0	0	0	0	0	0	0	200
1653136215.754	/MyCase1	1301	0	0	0	0	0	0	0	0	200
1653136215.765	/MyCase1	1147	0	0	0	0	0	0	0	0	200
1653136215.777	/MyCase1	1123	0	0	0	0	0	0	0	0	200
1653136215.789	/MyCase1	1184	0	0	0	0	0	0	0	0	200
1653136215.800	/MyCase1	2060	0	0	0	0	0	0	0	0	200
1653136215.809	/MyCase1	1501	0	0	0	0	0	0	0	0	200
1653136215.820	/MyCase1	1721	0	0	0	0	0	0	0	0	200
1653136215.832	/MyCase1	1237	0	0	0	0	0	0	0	0	200
1653136215.843	/MyCase1	1688	0	0	0	0	0	0	0	0	200
1653136215.853	/MyCase1	1540	0	0	0	0	0	0	0	0	200
1653136215.865	/MyCase1	1328	0	0	0	0	0	0	0	0	200
1653136215.876	/MyCase1	1275	0	0	0	0	0	0	0	0	200
1653136215.886	/MyCase1	1279	0	0	0	0	0	0	0	0	200
1653136215.897	/MyCase1	1404	0	0	0	0	0	0	0	0	200
1653136215.908	/MyCase1	1456	0	0	0	0	0	0	0	0	200
1653136215.919	/MyCase1	1637	0	0	0	0	0	0	0	0	200
1653136215.929	/MyCase1	1431	0	0	0	0	0	0	0	0	200
1653136215.941	/MyCase1	1738	0	0	0	0	0	0	0	0	200
1653136215.952	/MyCase1	1205	0	0	0	0	0	0	0	0	200
1653136215.962	/MyCase1	1120	0	0	0	0	0	0	0	0	200
1653136215.974	/MyCase1	1727	0	0	0	0	0	0	0	0	200
1653136215.984	/MyCase1	1229	0	0	0	0	0	0	0	0	200
1653136215.995	/MyCase1	1871	0	0	0	0	0	0	0	0	200
1653136216.005	/MyCase1	1506	0	0	0	0	0	0	0	0	200
1653136216.017	/MyCase1	1165	0	0	0	0	0	0	0	0	200
1653136216.027	/MyCase1	1620	0	0	0	0	0	0	0	0	200
1653136216.037	/MyCase1	1479	0	0	0	0	0	0	0	0	200
1653136216.048	/MyCase1	1321	0	0	0	0	0	0	0	0	200
1653136216.059	/MyCase1	1262	0	0	0	0	0	0	0	0	200
1653136216.070	/MyCase1	1515	0	0	0	0	0	0	0	0	200
1653136216.081	/MyCase1	2174	0	0	0	0	0	0	0	0	200
1653136216.091	/MyCase1	1358	0	0	0	0	0	0	0	0	200
1653136216.102	/MyCase1	1377	0	0	0	0	0	0	0	0	200
1653136216.112	/MyCase1	1319	0	0	0	0	0	0	0	0	200
1653136216.124	/MyCase1	1458	0	0	0	0	0	0	0	0	200
1653136216.135	/MyCase1	1385	0	0	0	0	0	0	0	0	200
1653136216.145	/MyCase1	1812	0	0	0	0	0	0	0	0	200
1653136216.156	/MyCase1	1582	0	0	0	0	0	0	0	0	200
1653136216.166	/MyCase1	1039	0	0	0	0	0	0	0	0	200
1653136216.177	/MyCase1	1636	0	0	0	0	0	0	0	0	200
1653136216.188	/MyCase1	1112	0	0	0	0	0	0	0	0	200
1653136216.198	/MyCase1	1275	0	0	0	0	0	0	0	0	200
1653136216.209	/MyCase1	1668	0	0	0	0	0	0	0	0	200
1653136216.220	/MyCase1	2023	0	0	0	0	0	0	0	0	200
1653136216.231	/MyCase1	1394	0	0	0	0	0	0	0	0	200
1653136216.242	/MyCase1	1934	0	0	0	0	0	0	0	0	200
1653136216.252	/MyCase1	2984	0	0	0	0	0	0	0	0	200
1653136216.262	/MyCase1	2120	0	0	0	0	0	0	0	0	200
1653136216.272	/MyCase1	2374	0	0	0	0	0	0	0	0	200
1653136216.283	/MyCase1	1569	0	0	0	0	0	0	0	0	200
1653136216.294	/MyCase1	2490	0	0	0	0	0	0	0	0	200
1653136216.304	/MyCase1	3436	0	0	0	0	0	0	0	0	200
1653136216.315	/MyCase1	1636	0	0	0	0	0	0	0	0	200
1653136216.326	/MyCase1	1298	0	0	0	0	0	0	0	0	200
1653136216.336	/MyCase1	1911	0	0	0	0	0	0	0	0	200
1653136216.347	/MyCase1	1421	0	0	0	0	0	0	0	0	200
1653136216.358	/MyCase1	2216	0	0	0	0	0	0	0	0	200
1653136216.368	/MyCase1	1707	0	0	0	0	0	0	0	0	200
1653136216.378	/MyCase1	1919	0	0	0	0	0	0	0	0	200
1653136216.389	/MyCase1	1291	0	0	0	0	0	0	0	0	200
1653136216.399	/MyCase1	1192	0	0	0	0	0	0	0	0	200
1653136216.410	/MyCase1	1629	0	0	0	0	0	0	0	0	200
1653136216.421	/MyCase1	1690	0	0	0	0	0	0	0	0	200
1653136216.431	/MyCase1	1298	0	0	0	0	0	0	0	0	200
1653136216.442	/MyCase1	1329	0	0	0	0	0	0	0	0	200
1653136216.451	/MyCase1	1831	0	0	0	0	0	0	0	0	200
1653136216.462	/MyCase1	1120	0	0	0	0	0	0	0	0	200
1653136216.472	/MyCase1	1664	0	0	0	0	0	0	0	0	200
1653136216.483	/MyCase1	1334	0	0	0	0	0	0	0	0	200
1653136216.494	/MyCase1	1656	0	0	0	0	0	0	0	0	200
1653136216.504	/MyCase1	2269	0	0	0	0	0	0	0	0	200
1653136216.514	/MyCase1	2121	0	0	0	0	0	0	0	0	200
1653136216.525	/MyCase1	1630	0	0	0	0	0	0	0	0	200
1653136216.536	/MyCase1	1622	0	0	0	0	0	0	0	0	200
1653136216.546	/MyCase1	1698	0	0	0	0	0	0	0	0	200
1653136216.555	/MyCase1	1129	0	0	0	0	0	0	0	0	200
1653136216.566	/MyCase1	2574	0	0	0	0	0	0	0	0	200
1653136216.577	/MyCase1	2619	0	0	0	0	0	0	0	0	200
1653136216.587	/MyCase1	2402	0	0	0	0	0	0	0	0	200
1653136216.597	/MyCase1	3958	0	0	0	0	0	0	0	0	200
1653136216.608	/MyCase1	4667	0	0	0	0	0	0	0	0	200
1653136216.618	/MyCase1	15722	0	0	0	0	0	0	0	0	200
1653136216.629	/MyCase1	11504	0	0	0	0	0	0	0	0	200
1653136216.639	/MyCase1	7257	0	0	0	0	0	0	0	0	200
1653136216.649	/MyCase1	3890	0	0	0	0	0	0	0	0	200
1653136216.660	/MyCase1	2323	0	0	0	0	0	0	0	0	200
1653136216.670	/MyCase1	1888	0	0	0	0	0	0	0	0	200
1653136216.680	/MyCase1	2736	0	0	0	0	0	0	0	0	200
1653136216.690	/MyCase1	1699	0	0	0	0	0	0	0	0	200
1653136216.701	/MyCase1	1609	0	0	0	0	0	0	0	0	200
1653136216.712	/MyCase1	1049	0	0	0	0	0	0	0	0	200
1653136216.721	/MyCase1	1599	0	0	0	0	0	0	0	0	200
1653136216.731	/MyCase1	1148	0	0	0	0	0	0	0	0	200
1653136216.741	/MyCase1	1942	0	0	0	0	0	0	0	0	200
1653136216.752	/MyCase1	1755	0	0	0	0	0	0	0	0	200
1653136216.761	/MyCase1	1259	0	0	0	0	0	0	0	0	200
1653136216.773	/MyCase1	1209	0	0	0	0	0	0	0	0	200
1653136216.783	/MyCase1	1342	0	0	0	0	0	0	0	0	200
1653136216.792	/MyCase1	1636	0	0	0	0	0	0	0	0	200
1653136216.803	/MyCase1	1270	0	0	0	0	0	0	0	0	200
1653136216.813	/MyCase1	1051	0	0	0	0	0	0	0	0	200
1653136216.823	/MyCase1	1328	0	0	0	0	0	0	0	0	200
1653136216.834	/MyCase1	1668	0	0	0	0	0	0	0	0	200
1653136216.844	/MyCase1	1226	0	0	0	0	0	0	0	0	200
1653136216.854	/MyCase1	1679	0	0	0	0	0	0	0	0	200
1653136216.864	/MyCase1	1662	0	0	0	0	0	0	0	0	200
1653136216.874	/MyCase1	1433	0	0	0	0	0	0	0	0	200
1653136216.885	/MyCase1	1543	0	0	0	0	0	0	0	0	200
1653136216.894	/MyCase1	2345	0	0	0	0	0	0	0	0	200
1653136216.905	/MyCase1	1849	0	0	0	0	0	0	0	0	200
1653136216.914	/MyCase1	2239	0	0	0	0	0	0	0	0	200
1653136216.925	/MyCase1	1884	0	0	0	0	0	0	0	0	200
1653136216.935	/MyCase1	1497	0	0	0	0	0	0	0	0	200
1653136216.945	/MyCase1	1424	0	0	0	0	0	0	0	0	200
1653136216.955	/MyCase1	1579	0	0	0	0	0	0	0	0	200
1653136216.965	/MyCase1	1627	0	0	0	0	0	0	0	0	200
1653136216.976	/MyCase1	1651	0	0	0	0	0	0	0	0	200
1653136216.985	/MyCase1	1352	0	0	0	0	0	0	0	0	200
1653136216.996	/MyCase1	1431	0	0	0	0	0	0	0	0	200
1653136217.005	/MyCase1	1533	0	0	0	0	0	0	0	0	200
1653136217.016	/MyCase1	1375	0	0	0	0	0	0	0	0	200
1653136217.026	/MyCase1	1597	0	0	0	0	0	0	0	0	200
1653136217.036	/MyCase1	1434	0	0	0	0	0	0	0	0	200
1653136217.046	/MyCase1	1535	0	0	0	0	0	0	0	0	200
1653136217.056	/MyCase1	1020	0	0	0	0	0	0	0	0	200
1653136217.066	/MyCase1	2188	0	0	0	0	0	0	0	0	200
1653136217.076	/MyCase1	1215	0	0	0	0	0	0	0	0	200
1653136217.086	/MyCase1	1257	0	0	0	0	0	0	0	0	200
1653136217.096	/MyCase1	1061	0	0	0	0	0	0	0	0	200
1653136217.106	/MyCase1	1252	0	0	0	0	0	0	0	0	200
1653136217.116	/MyCase1	844	0	0	0	0	0	0	0	0	200
1653136217.127	/MyCase1	1430	0	0	0	0	0	0	0	0	200
1653136217.136	/MyCase1	1576	0	0	0	0	0	0	0	0	200
1653136217.147	/MyCase1	1544	0	0	0	0	0	0	0	0	200
1653136217.156	/MyCase1	1610	0	0	0	0	0	0	0	0	200
1653136217.166	/MyCase1	2619	0	0	0	0	0	0	0	0	200
1653136217.176	/MyCase1	1613	0	0	0	0	0	0	0	0	200
1653136217.186	/MyCase1	1405	0	0	0	0	0	0	0	0	200
1653136217.195	/MyCase1	1490	0	0	0	0	0	0	0	0	200
1653136217.206	/MyCase1	1576	0	0	0	0	0	0	0	0	200
1653136217.216	/MyCase1	1254	0	0	0	0	0	0	0	0	200
1653136217.225	/MyCase1	2596	0	0	0	0	0	0	0	0	200
1653136217.236	/MyCase1	1603	0	0	0	0	0	0	0	0	200
1653136217.245	/MyCase1	1260	0	0	0	0	0	0	0	0	200
1653136217.255	/MyCase1	1355	0	0	0	0	0	0	0	0	200
1653136217.265	/MyCase1	1406	0	0	0	0	0	0	0	0	200
1653136217.276	/MyCase1	1688	0	0	0	0	0	0	0	0	200
1653136217.286	/MyCase1	1631	0	0	0	0	0	0	0	0	200
1653136217.296	/MyCase1	1683	0	0	0	0	0	0	0	0	200
1653136217.306	/MyCase1	1558	0	0	0	0	0	0	0	0	200
1653136217.314	/MyCase1	1586	0	0	0	0	0	0	0	0	200
1653136217.325	/MyCase1	1154	0	0	0	0	0	0	0	0	200
1653136217.334	/MyCase1	1557	0	0	0	0	0	0	0	0	200
1653136217.345	/MyCase1	1412	0	0	0	0	0	0	0	0	200
1653136217.354	/MyCase1	1251	0	0	0	0	0	0	0	0	200
1653136217.364	/MyCase1	1319	0	0	0	0	0	0	0	0	200
1653136217.374	/MyCase1	1102	0	0	0	0	0	0	0	0	200
1653136217.384	/MyCase1	1821	0	0	0	0	0	0	0	0	200
1653136217.393	/MyCase1	1999	0	0	0	0	0	0	0	0	200
1653136217.403	/MyCase1	2241	0	0	0	0	0	0	0	0	200
1653136217.413	/MyCase1	1845	0	0	0	0	0	0	0	0	200
1653136217.423	/MyCase1	1754	0	0	0	0	0	0	0	0	200
1653136217.433	/MyCase1	1848	0	0	0	0	0	0	0	0	200
1653136217.443	/MyCase1	1290	0	0	0	0	0	0	0	0	200
1653136217.453	/MyCase1	1461	0	0	0	0	0	0	0	0	200
1653136217.462	/MyCase1	1517	0	0	0	0	0	0	0	0	200
1653136217.471	/MyCase1	1458	0	0	0	0	0	0	0	0	200
1653136217.482	/MyCase1	1336	0	0	0	0	0	0	0	0	200
1653136217.492	/MyCase1	1211	0	0	0	0	0	0	0	0	200
1653136217.501	/MyCase1	1303	0	0	0	0	0	0	0	0	200
1653136217.511	/MyCase1	1148	0	0	0	0	0	0	0	0	200
1653136217.521	/MyCase1	1816	0	0	0	0	0	0	0	0	200
1653136217.530	/MyCase1	2291	0	0	0	0	0	0	0	0	200
1653136217.540	/MyCase1	1439	0	0	0	0	0	0	0	0	200
1653136217.550	/MyCase1	1401	0	0	0	0	0	0	0	0	200
1653136217.559	/MyCase1	1518	0	0	0	0	0	0	0	0	200
1653136217.570	/MyCase1	1731	0	0	0	0	0	0	0	0	200
1653136217.579	/MyCase1	1866	0	0	0	0	0	0	0	0	200
1653136217.589	/MyCase1	1390	0	0	0	0	0	0	0	0	200
1653136217.598	/MyCase1	1388	0	0	0	0	0	0	0	0	200
1653136217.609	/MyCase1	2444	0	0	0	0	0	0	0	0	200
1653136217.618	/MyCase1	3243	0	0	0	0	0	0	0	0	200
1653136217.627	/MyCase1	2045	0	0	0	0	0	0	0	0	200
1653136217.637	/MyCase1	1400	0	0	0	0	0	0	0	0	200
1653136217.646	/MyCase1	1731	0	0	0	0	0	0	0	0	200
1653136217.657	/MyCase1	1138	0	0	0	0	0	0	0	0	200
1653136217.666	/MyCase1	1551	0	0	0	0	0	0	0	0	200
1653136217.675	/MyCase1	1410	0	0	0	0	0	0	0	0	200
1653136217.685	/MyCase1	1329	0	0	0	0	0	0	0	0	200
1653136217.695	/MyCase1	1952	0	0	0	0	0	0	0	0	200
1653136217.705	/MyCase1	1141	0	0	0	0	0	0	0	0	200
1653136217.714	/MyCase1	1113	0	0	0	0	0	0	0	0	200
1653136217.724	/MyCase1	1172	0	0	0	0	0	0	0	0	200
1653136217.733	/MyCase1	1256	0	0	0	0	0	0	0	0	200
1653136217.744	/MyCase1	1138	0	0	0	0	0	0	0	0	200
1653136217.753	/MyCase1	1815	0	0	0	0	0	0	0	0	200
1653136217.762	/MyCase1	2586	0	0	0	0	0	0	0	0	200
1653136217.771	/MyCase1	2205	0	0	0	0	0	0	0	0	200
1653136217.782	/MyCase1	2674	0	0	0	0	0	0	0	0	200
1653136217.791	/MyCase1	2987	0	0	0	0	0	0	0	0	200
1653136217.800	/MyCase1	3483	0	0	0	0	0	0	0	0	200
1653136217.809	/MyCase1	2394	0	0	0	0	0	0	0	0	200
1653136217.820	/MyCase1	2073	0	0	0	0	0	0	0	0	200
1653136217.829	/MyCase1	2519	0	0	0	0	0	0	0	0	200
1653136217.839	/MyCase1	3788	0	0	0	0	0	0	0	0	200
1653136217.848	/MyCase1	2349	0	0	0	0	0	0	0	0	200
1653136217.858	/MyCase1	1317	0	0	0	0	0	0	0	0	200
1653136217.867	/MyCase1	1547	0	0	0	0	0	0	0	0	200
1653136217.877	/MyCase1	1420	0	0	0	0	0	0	0	0	200
1653136217.888	/MyCase1	1949	0	0	0	0	0	0	0	0	200
1653136217.896	/MyCase1	1666	0	0	0	0	0	0	0	0	200
1653136217.905	/MyCase1	1670	0	0	0	0	0	0	0	0	200
1653136217.915	/MyCase1	1515	0	0	0	0	0	0	0	0	200
1653136217.925	/MyCase1	2164	0	0	0	0	0	0	0	0	200
1653136217.934	/MyCase1	1557	0	0	0	0	0	0	0	0	200
1653136217.943	/MyCase1	2123	0	0	0	0	0	0	0	0	200
1653136217.952	/MyCase1	2004	0	0	0	0	0	0	0	0	200
1653136217.963	/MyCase1	1444	0	0	0	0	0	0	0	0	200
1653136217.971	/MyCase1	1462	0	0	0	0	0	0	0	0	200
1653136217.982	/MyCase1	2106	0	0	0	0	0	0	0	0	200
1653136217.990	/MyCase1	1397	0	0	0	0	0	0	0	0	200
1653136218.000	/MyCase1	1383	0	0	0	0	0	0	0	0	200
1653136218.009	/MyCase1	1757	0	0	0	0	0	0	0	0	200
1653136218.018	/MyCase1	1289	0	0	0	0	0	0	0	0	200
1653136218.030	/MyCase1	2638	0	0	0	0	0	0	0	0	200
1653136218.037	/MyCase1	1734	0	0	0	0	0	0	0	0	200
1653136218.048	/MyCase1	1734	0	0	0	0	0	0	0	0	200
1653136218.056	/MyCase1	1408	0	0	0	0	0	0	0	0	200
1653136218.066	/MyCase1	1512	0	0	0	0	0	0	0	0	200
1653136218.076	/MyCase1	2155	0	0	0	0	0	0	0	0	200
1653136218.085	/MyCase1	2688	0	0	0	0	0	0	0	0	200
1653136218.094	/MyCase1	1124	0	0	0	0	0	0	0	0	200
1653136218.103	/MyCase1	1523	0	0	0	0	0	0	0	0	200
1653136218.113	/MyCase1	1103	0	0	0	0	0	0	0	0	200
1653136218.122	/MyCase1	1645	0	0	0	0	0	0	0	0	200
1653136218.132	/MyCase1	1263	0	0	0	0	0	0	0	0	200
1653136218.141	/MyCase1	1371	0	0	0	0	0	0	0	0	200
1653136218.151	/MyCase1	1543	0	0	0	0	0	0	0	0	200
1653136218.160	/MyCase1	1408	0	0	0	0	0	0	0	0	200
1653136218.169	/MyCase1	1311	0	0	0	0	0	0	0	0	200
1653136218.179	/MyCase1	1725	0	0	0	0	0	0	0	0	200
1653136218.188	/MyCase1	1981	0	0	0	0	0	0	0	0	200
1653136218.198	/MyCase1	1337	0	0	0	0	0	0	0	0	200
1653136218.207	/MyCase1	1332	0	0	0	0	0	0	0	0	200
1653136218.215	/MyCase1	2230	0	0	0	0	0	0	0	0	200
1653136218.225	/MyCase1	1198	0	0	0	0	0	0	0	0	200
1653136218.234	/MyCase1	1522	0	0	0	0	0	0	0	0	200
1653136218.244	/MyCase1	1534	0	0	0	0	0	0	0	0	200
1653136218.253	/MyCase1	1708	0	0	0	0	0	0	0	0	200
1653136218.263	/MyCase1	1438	0	0	0	0	0	0	0	0	200
1653136218.272	/MyCase1	1270	0	0	0	0	0	0	0	0	200
1653136218.281	/MyCase1	1451	0	0	0	0	0	0	0	0	200
1653136218.290	/MyCase1	1254	0	0	0	0	0	0	0	0	200
1653136218.299	/MyCase1	1686	0	0	0	0	0	0	0	0	200
1653136218.308	/MyCase1	1185	0	0	0	0	0	0	0	0	200
1653136218.318	/MyCase1	1360	0	0	0	0	0	0	0	0	200
1653136218.327	/MyCase1	4630	0	0	0	0	0	0	0	0	200
1653136218.337	/MyCase1	1618	0	0	0	0	0	0	0	0	200
1653136218.345	/MyCase1	1674	0	0	0	0	0	0	0	0	200
1653136218.355	/MyCase1	1489	0	0	0	0	0	0	0	0	200
1653136218.364	/MyCase1	1388	0	0	0	0	0	0	0	0	200
1653136218.373	/MyCase1	1434	0	0	0	0	0	0	0	0	200
1653136218.383	/MyCase1	1418	0	0	0	0	0	0	0	0	200
1653136218.392	/MyCase1	1659	0	0	0	0	0	0	0	0	200
1653136218.401	/MyCase1	1448	0	0	0	0	0	0	0	0	200
1653136218.411	/MyCase1	2053	0	0	0	0	0	0	0	0	200
1653136218.420	/MyCase1	1657	0	0	0	0	0	0	0	0	200
1653136218.429	/MyCase1	1479	0	0	0	0	0	0	0	0	200
1653136218.438	/MyCase1	1843	0	0	0	0	0	0	0	0	200
1653136218.447	/MyCase1	1511	0	0	0	0	0	0	0	0	200
1653136218.456	/MyCase1	1596	0	0	0	0	0	0	0	0	200
1653136218.465	/MyCase1	1497	0	0	0	0	0	0	0	0	200
1653136218.475	/MyCase1	1288	0	0	0	0	0	0	0	0	200
1653136218.484	/MyCase1	1132	0	0	0	0	0	0	0	0	200
1653136218.493	/MyCase1	1537	0	0	0	0	0	0	0	0	200
1653136218.502	/MyCase1	1132	0	0	0	0	0	0	0	0	200
1653136218.512	/MyCase1	1446	0	0	0	0	0	0	0	0	200
1653136218.521	/MyCase1	1661	0	0	0	0	0	0	0	0	200
1653136218.529	/MyCase1	1548	0	0	0	0	0	0	0	0	200
1653136218.539	/MyCase1	1666	0	0	0	0	0	0	0	0	200
1653136218.548	/MyCase1	1407	0	0	0	0	0	0	0	0	200
1653136218.557	/MyCase1	1220	0	0	0	0	0	0	0	0	200
1653136218.566	/MyCase1	1525	0	0	0	0	0	0	0	0	200
1653136218.575	/MyCase1	1228	0	0	0	0	0	0	0	0	200
1653136218.584	/MyCase1	1672	0	0	0	0	0	0	0	0	200
1653136218.594	/MyCase1	1144	0	0	0	0	0	0	0	0	200
1653136218.602	/MyCase1	1624	0	0	0	0	0	0	0	0	200
1653136218.613	/MyCase1	1292	0	0	0	0	0	0	0	0	200
1653136218.621	/MyCase1	1655	0	0	0	0	0	0	0	0	200
1653136218.629	/MyCase1	1715	0	0	0	0	0	0	0	0	200
1653136218.639	/MyCase1	1218	0	0	0	0	0	0	0	0	200
1653136218.648	/MyCase1	1545	0	0	0	0	0	0	0	0	200
1653136218.657	/MyCase1	1494	0	0	0	0	0	0	0	0	200
1653136218.666	/MyCase1	1817	0	0	0	0	0	0	0	0	200
1653136218.676	/MyCase1	1920	0	0	0	0	0	0	0	0	200
1653136218.684	/MyCase1	1470	0	0	0	0	0	0	0	0	200
