2022-05-18 19:38:52,239 [INFO] root consoleworker.py:434	Log file created
2022-05-18 19:38:52,246 [INFO] root consoleworker.py:438	Logging handler <logging.FileHandler object at 0x40192a2c10> added
2022-05-18 19:38:52,248 [INFO] root consoleworker.py:438	Logging handler <logging.StreamHandler object at 0x401926a850> added
2022-05-18 19:38:52,250 [INFO] root consoleworker.py:438	Logging handler <logging.StreamHandler object at 0x401928ea50> added
2022-05-18 19:38:52,252 [INFO] root consoleworker.py:373	Created a folder for the test. /var/loadtest/logs/2022-05-18_19-38-52.036621
2022-05-18 19:38:52,254 [INFO] yandextank.core.tankcore tankcore.py:237	Configuring plugins...
2022-05-18 19:38:52,255 [INFO] yandextank.core.tankcore tankcore.py:190	Loading plugins...
2022-05-18 19:38:52,257 [DEBUG] yandextank.core.tankcore tankcore.py:192	Loading plugin rcheck from yandextank.plugins.ResourceCheck
2022-05-18 19:38:52,261 [DEBUG] yandextank.core.tankcore tankcore.py:192	Loading plugin json_report from yandextank.plugins.JsonReport
2022-05-18 19:38:52,271 [DEBUG] yandextank.core.tankcore tankcore.py:192	Loading plugin overload from yandextank.plugins.DataUploader
2022-05-18 19:38:52,274 [DEBUG] yandextank.core.tankcore tankcore.py:192	Loading plugin rcassert from yandextank.plugins.RCAssert
2022-05-18 19:38:52,276 [DEBUG] yandextank.core.tankcore tankcore.py:192	Loading plugin pandora from yandextank.plugins.Pandora
2022-05-18 19:38:52,278 [DEBUG] yandextank.core.tankcore tankcore.py:192	Loading plugin console from yandextank.plugins.Console
2022-05-18 19:38:52,281 [DEBUG] yandextank.core.tankcore tankcore.py:192	Loading plugin shellexec from yandextank.plugins.ShellExec
2022-05-18 19:38:52,283 [DEBUG] yandextank.core.tankcore tankcore.py:192	Loading plugin autostop from yandextank.plugins.Autostop
2022-05-18 19:38:52,285 [DEBUG] yandextank.core.tankcore tankcore.py:212	Plugin instances: {'plugin_pandora': <yandextank.plugins.Pandora.plugin.Plugin object at 0x4019375890>, 'plugin_json_report': <yandextank.plugins.JsonReport.plugin.Plugin object at 0x401937e590>, 'plugin_autostop': <yandextank.plugins.Autostop.plugin.Plugin object at 0x4019375cd0>, 'plugin_shellexec': <yandextank.plugins.ShellExec.plugin.Plugin object at 0x40193753d0>, 'plugin_console': <yandextank.plugins.Console.plugin.Plugin object at 0x4019375950>, 'plugin_rcassert': <yandextank.plugins.RCAssert.plugin.Plugin object at 0x4019375590>, 'plugin_rcheck': <yandextank.plugins.ResourceCheck.plugin.Plugin object at 0x4019366e90>, 'plugin_overload': <yandextank.plugins.DataUploader.plugin.Plugin object at 0x401937eb50>}
2022-05-18 19:38:52,287 [DEBUG] yandextank.core.tankcore tankcore.py:244	Configuring <yandextank.plugins.Pandora.plugin.Plugin object at 0x4019375890>
2022-05-18 19:38:52,289 [INFO] yandextank.plugins.Pandora.plugin plugin.py:68	Found config_file option configuration
2022-05-18 19:38:52,325 [DEBUG] yandextank.core.tankcore tankcore.py:446	Adding artifact file to collect (keep=False): /var/loadtest/logs/2022-05-18_19-38-52.036621/pandora_config_rznMFa.yaml
2022-05-18 19:38:52,344 [DEBUG] yandextank.plugins.Pandora.plugin plugin.py:74	Config after parsing for patching: {'pools': [{'rps': {'duration': '60s', 'type': 'line', 'from': 1, 'to': 200}, 'result': {'destination': './phout.log', 'type': 'phout'}, 'startup': {'type': 'once', 'times': 10}, 'gun': {'type': 'My_custom_gun_name', 'target': '0.0.0.0:8080'}, 'ammo': {'source': {'path': './json.ammo', 'type': 'file'}, 'type': 'custom_provider'}, 'id': 'HTTP pool'}]}
2022-05-18 19:38:52,346 [INFO] yandextank.plugins.Pandora.plugin plugin.py:153	Found report file in pandora config: ./phout.log
2022-05-18 19:38:52,353 [DEBUG] yandextank.core.tankcore tankcore.py:446	Adding artifact file to collect (keep=False): ./phout.log
2022-05-18 19:38:52,358 [DEBUG] yandextank.core.tankcore tankcore.py:244	Configuring <yandextank.plugins.JsonReport.plugin.Plugin object at 0x401937e590>
2022-05-18 19:38:52,361 [DEBUG] yandextank.core.tankcore tankcore.py:391	Searching for plugin: <class 'yandextank.common.interfaces.GeneratorPlugin'>
2022-05-18 19:38:52,370 [DEBUG] yandextank.core.tankcore tankcore.py:244	Configuring <yandextank.plugins.Autostop.plugin.Plugin object at 0x4019375cd0>
2022-05-18 19:38:52,373 [DEBUG] yandextank.core.tankcore tankcore.py:244	Configuring <yandextank.plugins.ShellExec.plugin.Plugin object at 0x40193753d0>
2022-05-18 19:38:52,374 [DEBUG] yandextank.core.tankcore tankcore.py:244	Configuring <yandextank.plugins.Console.plugin.Plugin object at 0x4019375950>
2022-05-18 19:38:52,377 [DEBUG] yandextank.core.tankcore tankcore.py:244	Configuring <yandextank.plugins.RCAssert.plugin.Plugin object at 0x4019375590>
2022-05-18 19:38:52,378 [DEBUG] yandextank.core.tankcore tankcore.py:244	Configuring <yandextank.plugins.ResourceCheck.plugin.Plugin object at 0x4019366e90>
2022-05-18 19:38:52,385 [DEBUG] yandextank.core.tankcore tankcore.py:244	Configuring <yandextank.plugins.DataUploader.plugin.Plugin object at 0x401937eb50>
2022-05-18 19:38:52,388 [INFO] yandextank.core.tankcore tankcore.py:249	Preparing test...
2022-05-18 19:38:52,391 [DEBUG] yandextank.core.tankcore tankcore.py:253	Preparing <yandextank.plugins.Pandora.plugin.Plugin object at 0x4019375890>
2022-05-18 19:38:52,392 [DEBUG] yandextank.core.tankcore tankcore.py:391	Searching for plugin: <class 'yandextank.plugins.Console.plugin.Plugin'>
2022-05-18 19:38:52,395 [DEBUG] yandextank.core.tankcore tankcore.py:253	Preparing <yandextank.plugins.JsonReport.plugin.Plugin object at 0x401937e590>
2022-05-18 19:38:52,398 [DEBUG] yandextank.core.tankcore tankcore.py:253	Preparing <yandextank.plugins.Autostop.plugin.Plugin object at 0x4019375cd0>
2022-05-18 19:38:52,400 [DEBUG] yandextank.common.interfaces plugin.py:74	Criterion string: http(5xx,10%,5s)
2022-05-18 19:38:52,402 [DEBUG] yandextank.common.interfaces plugin.py:78	Criterion objects: {'http(5xx,10%,5s)': <yandextank.plugins.Autostop.criterions.HTTPCodesCriterion object at 0x4019375f10>}
2022-05-18 19:38:52,404 [DEBUG] yandextank.core.tankcore tankcore.py:391	Searching for plugin: <class 'yandextank.plugins.Console.plugin.Plugin'>
2022-05-18 19:38:52,405 [DEBUG] yandextank.core.tankcore tankcore.py:253	Preparing <yandextank.plugins.ShellExec.plugin.Plugin object at 0x40193753d0>
2022-05-18 19:38:52,406 [DEBUG] yandextank.core.tankcore tankcore.py:253	Preparing <yandextank.plugins.Console.plugin.Plugin object at 0x4019375950>
2022-05-18 19:38:52,408 [DEBUG] yandextank.core.tankcore tankcore.py:253	Preparing <yandextank.plugins.RCAssert.plugin.Plugin object at 0x4019375590>
2022-05-18 19:38:52,411 [DEBUG] yandextank.core.tankcore tankcore.py:253	Preparing <yandextank.plugins.ResourceCheck.plugin.Plugin object at 0x4019366e90>
2022-05-18 19:38:52,414 [INFO] yandextank.common.interfaces plugin.py:39	Checking tank resources...
2022-05-18 19:38:52,415 [DEBUG] netort.process process.py:23	Starting: sh -c "df --no-sync -m -P -l -x fuse -x tmpfs -x devtmpfs -x davfs -x nfs /var/loadtest/logs | tail -n 1 | awk '{print \$4}' "
2022-05-18 19:38:52,972 [DEBUG] netort.process process.py:46	Process output:
11466

2022-05-18 19:38:52,975 [DEBUG] netort.process process.py:48	Process exit code: 0
2022-05-18 19:38:52,977 [DEBUG] root plugin.py:58	Result: (0, '11466\n', '')
2022-05-18 19:38:52,979 [DEBUG] yandextank.common.interfaces plugin.py:64	Disk free space: 11466/2048
2022-05-18 19:38:52,982 [DEBUG] yandextank.common.interfaces plugin.py:75	Memory free: 3090/512
2022-05-18 19:38:52,984 [DEBUG] yandextank.core.tankcore tankcore.py:253	Preparing <yandextank.plugins.DataUploader.plugin.Plugin object at 0x401937eb50>
2022-05-18 19:38:52,987 [WARNING] yandextank.plugins.DataUploader.plugin plugin.py:234	Failed to get info about ammo path
2022-05-18 19:38:52,991 [INFO] root plugin.py:523	Using OVERLOAD backend
2022-05-18 19:38:52,994 [DEBUG] yandextank.plugins.DataUploader.plugin plugin.py:618	Trying to read token from token.txt
2022-05-18 19:38:53,003 [INFO] yandextank.plugins.DataUploader.plugin plugin.py:624	Read authentication token from token.txt, token length is 32 bytes
2022-05-18 19:38:53,067 [INFO] yandextank.plugins.DataUploader.client client.py:59	Proxy not set
2022-05-18 19:38:53,073 [INFO] yandextank.plugins.DataUploader.plugin plugin.py:647	Detected target: 0.0.0.0:8080
2022-05-18 19:38:53,112 [DEBUG] yandextank.plugins.DataUploader.client client.py:336	Job create request: {'person': 'root', 'host': '0.0.0.0:8080', 'task': '', 'tank': '6b9cce7e50a0', 'notify': [], 'loadscheme': [], 'detailed_time': None, 'port': '8080'}
2022-05-18 19:38:53,129 [DEBUG] urllib3.connectionpool connectionpool.py:813	Starting new HTTPS connection (1): overload.yandex.net:443
2022-05-18 19:38:53,642 [DEBUG] urllib3.connectionpool connectionpool.py:393	https://overload.yandex.net:443 "POST /api/job/create.json?api_token=4f2a42fb997146a394c06ccf2768f953 HTTP/1.1" 200 None
2022-05-18 19:38:53,666 [INFO] yandextank.plugins.DataUploader.plugin plugin.py:789	Job created: 522904
2022-05-18 19:38:53,675 [DEBUG] yandextank.plugins.DataUploader.client client.py:642	Sending configinitial config
2022-05-18 19:38:53,861 [DEBUG] urllib3.connectionpool connectionpool.py:393	https://overload.yandex.net:443 "POST /api/job/522904/configinitial.txt?api_token=4f2a42fb997146a394c06ccf2768f953 HTTP/1.1" 200 16
2022-05-18 19:38:53,870 [INFO] yandextank.plugins.DataUploader.plugin plugin.py:485	Locking targets: ['0.0.0.0:8080']
2022-05-18 19:38:53,877 [INFO] yandextank.plugins.DataUploader.plugin plugin.py:487	Locked targets: ['0.0.0.0:8080']
2022-05-18 19:38:53,890 [DEBUG] yandextank.common.interfaces interfaces.py:101	Publishing status: Plugin/job_no: 522904
2022-05-18 19:38:54,115 [DEBUG] urllib3.connectionpool connectionpool.py:393	https://overload.yandex.net:443 "POST /api/job/522904/edit.json?api_token=4f2a42fb997146a394c06ccf2768f953 HTTP/1.1" 200 19
2022-05-18 19:38:54,129 [DEBUG] yandextank.core.tankcore tankcore.py:391	Searching for plugin: <class 'yandextank.plugins.Console.plugin.Plugin'>
2022-05-18 19:38:54,133 [DEBUG] yandextank.plugins.DataUploader.client client.py:642	Sending configinitial config
2022-05-18 19:38:54,252 [DEBUG] urllib3.connectionpool connectionpool.py:393	https://overload.yandex.net:443 "POST /api/job/522904/configinitial.txt?api_token=4f2a42fb997146a394c06ccf2768f953 HTTP/1.1" 200 16
2022-05-18 19:38:54,260 [DEBUG] yandextank.plugins.DataUploader.client client.py:642	Sending configinfo config
2022-05-18 19:38:54,401 [DEBUG] urllib3.connectionpool connectionpool.py:393	https://overload.yandex.net:443 "POST /api/job/522904/configinfo.txt?api_token=4f2a42fb997146a394c06ccf2768f953 HTTP/1.1" 200 16
2022-05-18 19:38:54,415 [INFO] yandextank.core.tankcore tankcore.py:259	Starting test...
2022-05-18 19:38:54,427 [INFO] yandextank.aggregator.tank_aggregator tank_aggregator.py:63	using verbose histogram
2022-05-18 19:38:54,446 [DEBUG] yandextank.core.tankcore tankcore.py:263	Starting <yandextank.plugins.Pandora.plugin.Plugin object at 0x4019375890>
2022-05-18 19:38:54,454 [INFO] yandextank.plugins.Pandora.plugin plugin.py:183	Starting: ['/gun/gun', '-expvar', '/var/loadtest/logs/2022-05-18_19-38-52.036621/pandora_config_rznMFa.yaml']
2022-05-18 19:38:54,462 [DEBUG] urllib3.connectionpool connectionpool.py:205	Starting new HTTP connection (1): localhost:1234
2022-05-18 19:38:54,473 [DEBUG] yandextank.plugins.Pandora.reader reader.py:33	Pandora expvar http interface is unavailable
Traceback (most recent call last):
  File "/usr/local/lib/python2.7/dist-packages/yandextank/plugins/Pandora/reader.py", line 24, in run
    pandora_stat = requests.get("http://localhost:1234/debug/vars", timeout=0.9).json()
  File "/usr/local/lib/python2.7/dist-packages/requests/api.py", line 75, in get
    return request('get', url, params=params, **kwargs)
  File "/usr/local/lib/python2.7/dist-packages/requests/api.py", line 60, in request
    return session.request(method=method, url=url, **kwargs)
  File "/usr/local/lib/python2.7/dist-packages/requests/sessions.py", line 533, in request
    resp = self.send(prep, **send_kwargs)
  File "/usr/local/lib/python2.7/dist-packages/requests/sessions.py", line 646, in send
    r = adapter.send(request, **kwargs)
  File "/usr/local/lib/python2.7/dist-packages/requests/adapters.py", line 516, in send
    raise ConnectionError(e, request=request)
ConnectionError: HTTPConnectionPool(host='localhost', port=1234): Max retries exceeded with url: /debug/vars (Caused by NewConnectionError('<urllib3.connection.HTTPConnection object at 0x40195bdd90>: Failed to establish a new connection: [Errno 111] Connection refused',))
2022-05-18 19:38:54,477 [DEBUG] yandextank.core.tankcore tankcore.py:446	Adding artifact file to collect (keep=False): /var/loadtest/logs/2022-05-18_19-38-52.036621/pandora_DjL7KD.log
2022-05-18 19:38:54,954 [DEBUG] yandextank.plugins.Pandora.plugin plugin.py:196	Unable to start Pandora binary. Args: ['/gun/gun', '-expvar', '/var/loadtest/logs/2022-05-18_19-38-52.036621/pandora_config_rznMFa.yaml']
Traceback (most recent call last):
  File "/usr/local/lib/python2.7/dist-packages/yandextank/plugins/Pandora/plugin.py", line 193, in start_test
    close_fds=True)
  File "/usr/lib/python2.7/subprocess.py", line 711, in __init__
    errread, errwrite)
  File "/usr/lib/python2.7/subprocess.py", line 1343, in _execute_child
    raise child_exception
OSError: [Errno 2] No such file or directory
2022-05-18 19:38:54,959 [ERROR] root consoleworker.py:296	Test interrupted:
<type 'exceptions.RuntimeError'>: Unable to start Pandora binary and/or file does not exist: ['/gun/gun', '-expvar', '/var/loadtest/logs/2022-05-18_19-38-52.036621/pandora_config_rznMFa.yaml']
<traceback object at 0x403df9cb90>
2022-05-18 19:38:54,962 [INFO] yandextank.core.tankcore tankcore.py:301	Finishing test...
2022-05-18 19:38:54,964 [INFO] yandextank.core.tankcore tankcore.py:303	Stopping load generator and aggregator
2022-05-18 19:38:54,966 [DEBUG] yandextank.plugins.Pandora.plugin plugin.py:225	Seems subprocess finished OK
2022-05-18 19:38:54,968 [DEBUG] yandextank.aggregator.tank_aggregator tank_aggregator.py:123	Closing stats reader
2022-05-18 19:38:55,089 [DEBUG] yandextank.aggregator.tank_aggregator tank_aggregator.py:126	Waiting for gun drain to finish
2022-05-18 19:38:55,450 [DEBUG] yandextank.aggregator.tank_aggregator tank_aggregator.py:128	Waiting for stats drain to finish
2022-05-18 19:38:55,458 [DEBUG] yandextank.aggregator.tank_aggregator tank_aggregator.py:130	Collecting remaining data
2022-05-18 19:38:55,464 [DEBUG] yandextank.aggregator.tank_aggregator tank_aggregator.py:87	Data timestamps: []
2022-05-18 19:38:55,468 [DEBUG] yandextank.aggregator.tank_aggregator tank_aggregator.py:88	Stats timestamps: []
2022-05-18 19:38:55,471 [DEBUG] yandextank.core.tankcore tankcore.py:305	RC after: 1
2022-05-18 19:38:55,473 [INFO] yandextank.core.tankcore tankcore.py:307	Stopping monitoring
2022-05-18 19:38:55,475 [DEBUG] yandextank.core.tankcore tankcore.py:315	Finalize <yandextank.plugins.JsonReport.plugin.Plugin object at 0x401937e590>
2022-05-18 19:38:55,476 [DEBUG] yandextank.core.tankcore tankcore.py:317	RC before: 1
2022-05-18 19:38:55,478 [DEBUG] yandextank.core.tankcore tankcore.py:319	RC after: 1
2022-05-18 19:38:55,479 [DEBUG] yandextank.core.tankcore tankcore.py:315	Finalize <yandextank.plugins.Autostop.plugin.Plugin object at 0x4019375cd0>
2022-05-18 19:38:55,480 [DEBUG] yandextank.core.tankcore tankcore.py:317	RC before: 1
2022-05-18 19:38:55,482 [DEBUG] yandextank.core.tankcore tankcore.py:319	RC after: 1
2022-05-18 19:38:55,482 [DEBUG] yandextank.core.tankcore tankcore.py:315	Finalize <yandextank.plugins.ShellExec.plugin.Plugin object at 0x40193753d0>
2022-05-18 19:38:55,484 [DEBUG] yandextank.core.tankcore tankcore.py:317	RC before: 1
2022-05-18 19:38:55,485 [DEBUG] yandextank.core.tankcore tankcore.py:319	RC after: 1
2022-05-18 19:38:55,486 [DEBUG] yandextank.core.tankcore tankcore.py:315	Finalize <yandextank.plugins.Console.plugin.Plugin object at 0x4019375950>
2022-05-18 19:38:55,487 [DEBUG] yandextank.core.tankcore tankcore.py:317	RC before: 1
2022-05-18 19:38:55,488 [DEBUG] yandextank.core.tankcore tankcore.py:319	RC after: 1
2022-05-18 19:38:55,489 [DEBUG] yandextank.core.tankcore tankcore.py:315	Finalize <yandextank.plugins.RCAssert.plugin.Plugin object at 0x4019375590>
2022-05-18 19:38:55,491 [DEBUG] yandextank.core.tankcore tankcore.py:317	RC before: 1
2022-05-18 19:38:55,492 [DEBUG] yandextank.core.tankcore tankcore.py:319	RC after: 1
2022-05-18 19:38:55,493 [DEBUG] yandextank.core.tankcore tankcore.py:315	Finalize <yandextank.plugins.ResourceCheck.plugin.Plugin object at 0x4019366e90>
2022-05-18 19:38:55,494 [DEBUG] yandextank.core.tankcore tankcore.py:317	RC before: 1
2022-05-18 19:38:55,495 [DEBUG] yandextank.core.tankcore tankcore.py:319	RC after: 1
2022-05-18 19:38:55,496 [DEBUG] yandextank.core.tankcore tankcore.py:315	Finalize <yandextank.plugins.DataUploader.plugin.Plugin object at 0x401937eb50>
2022-05-18 19:38:55,497 [DEBUG] yandextank.core.tankcore tankcore.py:317	RC before: 1
2022-05-18 19:38:55,498 [DEBUG] yandextank.plugins.DataUploader.client client.py:642	Sending configinitial config
2022-05-18 19:38:55,609 [DEBUG] urllib3.connectionpool connectionpool.py:393	https://overload.yandex.net:443 "POST /api/job/522904/configinitial.txt?api_token=4f2a42fb997146a394c06ccf2768f953 HTTP/1.1" 200 16
2022-05-18 19:38:55,612 [DEBUG] yandextank.plugins.DataUploader.client client.py:642	Sending configinfo config
2022-05-18 19:38:55,837 [DEBUG] urllib3.connectionpool connectionpool.py:393	https://overload.yandex.net:443 "POST /api/job/522904/configinfo.txt?api_token=4f2a42fb997146a394c06ccf2768f953 HTTP/1.1" 200 16
2022-05-18 19:38:55,846 [INFO] yandextank.plugins.DataUploader.plugin plugin.py:478	Unlocking targets: ['0.0.0.0:8080']
2022-05-18 19:38:55,849 [INFO] yandextank.plugins.DataUploader.plugin plugin.py:480	0.0.0.0:8080
2022-05-18 19:38:55,853 [DEBUG] yandextank.core.tankcore tankcore.py:319	RC after: 1
2022-05-18 19:38:55,856 [INFO] yandextank.core.tankcore tankcore.py:330	Post-processing test...
2022-05-18 19:38:55,862 [DEBUG] yandextank.core.tankcore tankcore.py:333	Post-process <yandextank.plugins.Pandora.plugin.Plugin object at 0x4019375890>
2022-05-18 19:38:55,864 [DEBUG] yandextank.core.tankcore tankcore.py:335	RC before: 1
2022-05-18 19:38:55,866 [DEBUG] yandextank.core.tankcore tankcore.py:337	RC after: 1
2022-05-18 19:38:55,867 [DEBUG] yandextank.core.tankcore tankcore.py:333	Post-process <yandextank.plugins.JsonReport.plugin.Plugin object at 0x401937e590>
2022-05-18 19:38:55,869 [DEBUG] yandextank.core.tankcore tankcore.py:335	RC before: 1
2022-05-18 19:38:55,871 [DEBUG] yandextank.core.tankcore tankcore.py:337	RC after: 1
2022-05-18 19:38:55,872 [DEBUG] yandextank.core.tankcore tankcore.py:333	Post-process <yandextank.plugins.Autostop.plugin.Plugin object at 0x4019375cd0>
2022-05-18 19:38:55,874 [DEBUG] yandextank.core.tankcore tankcore.py:335	RC before: 1
2022-05-18 19:38:55,884 [DEBUG] yandextank.core.tankcore tankcore.py:337	RC after: 1
2022-05-18 19:38:55,886 [DEBUG] yandextank.core.tankcore tankcore.py:333	Post-process <yandextank.plugins.ShellExec.plugin.Plugin object at 0x40193753d0>
2022-05-18 19:38:55,888 [DEBUG] yandextank.core.tankcore tankcore.py:335	RC before: 1
2022-05-18 19:38:55,889 [DEBUG] yandextank.core.tankcore tankcore.py:337	RC after: 1
2022-05-18 19:38:55,892 [DEBUG] yandextank.core.tankcore tankcore.py:333	Post-process <yandextank.plugins.Console.plugin.Plugin object at 0x4019375950>
2022-05-18 19:38:55,895 [DEBUG] yandextank.core.tankcore tankcore.py:335	RC before: 1
2022-05-18 19:38:55,905 [DEBUG] yandextank.core.tankcore tankcore.py:337	RC after: 1
2022-05-18 19:38:55,912 [DEBUG] yandextank.core.tankcore tankcore.py:333	Post-process <yandextank.plugins.RCAssert.plugin.Plugin object at 0x4019375590>
2022-05-18 19:38:55,921 [DEBUG] yandextank.core.tankcore tankcore.py:335	RC before: 1
2022-05-18 19:38:55,926 [DEBUG] yandextank.core.tankcore tankcore.py:337	RC after: 1
2022-05-18 19:38:55,930 [DEBUG] yandextank.core.tankcore tankcore.py:333	Post-process <yandextank.plugins.ResourceCheck.plugin.Plugin object at 0x4019366e90>
2022-05-18 19:38:55,933 [DEBUG] yandextank.core.tankcore tankcore.py:335	RC before: 1
2022-05-18 19:38:55,936 [DEBUG] yandextank.core.tankcore tankcore.py:337	RC after: 1
2022-05-18 19:38:55,939 [DEBUG] yandextank.core.tankcore tankcore.py:333	Post-process <yandextank.plugins.DataUploader.plugin.Plugin object at 0x401937eb50>
2022-05-18 19:38:55,942 [DEBUG] yandextank.core.tankcore tankcore.py:335	RC before: 1
2022-05-18 19:38:55,944 [INFO] yandextank.plugins.DataUploader.plugin plugin.py:350	Waiting for sender threads to join.
2022-05-18 19:38:55,946 [INFO] yandextank.plugins.DataUploader.plugin plugin.py:357	Web link: None
2022-05-18 19:38:55,949 [DEBUG] yandextank.core.tankcore tankcore.py:391	Searching for plugin: <class 'yandextank.plugins.Autostop.plugin.Plugin'>
2022-05-18 19:38:55,954 [DEBUG] yandextank.plugins.DataUploader.plugin plugin.py:376	No autostop cause detected
2022-05-18 19:38:55,955 [DEBUG] yandextank.plugins.DataUploader.client client.py:642	Sending configinitial config
2022-05-18 19:38:56,057 [DEBUG] urllib3.connectionpool connectionpool.py:393	https://overload.yandex.net:443 "POST /api/job/522904/configinitial.txt?api_token=4f2a42fb997146a394c06ccf2768f953 HTTP/1.1" 200 16
2022-05-18 19:38:56,060 [DEBUG] yandextank.plugins.DataUploader.client client.py:642	Sending configinfo config
2022-05-18 19:38:56,171 [DEBUG] urllib3.connectionpool connectionpool.py:393	https://overload.yandex.net:443 "POST /api/job/522904/configinfo.txt?api_token=4f2a42fb997146a394c06ccf2768f953 HTTP/1.1" 200 16
2022-05-18 19:38:56,179 [DEBUG] yandextank.core.tankcore tankcore.py:337	RC after: 1
2022-05-18 19:38:56,183 [INFO] root consoleworker.py:269	Trying to clean up
2022-05-18 19:38:56,186 [INFO] yandextank.core.tankcore tankcore.py:526	Cleaning up plugin plugin_pandora
2022-05-18 19:38:56,191 [INFO] yandextank.core.tankcore tankcore.py:526	Cleaning up plugin plugin_json_report
2022-05-18 19:38:56,194 [INFO] yandextank.core.tankcore tankcore.py:526	Cleaning up plugin plugin_autostop
2022-05-18 19:38:56,197 [INFO] yandextank.core.tankcore tankcore.py:526	Cleaning up plugin plugin_shellexec
2022-05-18 19:38:56,203 [INFO] yandextank.core.tankcore tankcore.py:526	Cleaning up plugin plugin_console
2022-05-18 19:38:56,207 [INFO] yandextank.core.tankcore tankcore.py:526	Cleaning up plugin plugin_rcassert
2022-05-18 19:38:56,213 [INFO] yandextank.core.tankcore tankcore.py:526	Cleaning up plugin plugin_rcheck
2022-05-18 19:38:56,220 [INFO] yandextank.core.tankcore tankcore.py:526	Cleaning up plugin plugin_overload
2022-05-18 19:38:56,415 [DEBUG] urllib3.connectionpool connectionpool.py:393	https://overload.yandex.net:443 "GET /api/job/522904/close.json?exitcode=1&api_token=4f2a42fb997146a394c06ccf2768f953 HTTP/1.1" 200 16
2022-05-18 19:38:56,423 [INFO] yandextank.plugins.DataUploader.plugin plugin.py:478	Unlocking targets: ['0.0.0.0:8080']
2022-05-18 19:38:56,428 [INFO] yandextank.plugins.DataUploader.plugin plugin.py:480	0.0.0.0:8080
2022-05-18 19:38:56,436 [INFO] yandextank.core.tankcore tankcore.py:561	Releasing lock: /var/lock/lunapark_iJ3vUQ.lock
2022-05-18 19:38:56,480 [DEBUG] yandextank.core.tankcore tankcore.py:367	Collecting artifacts
2022-05-18 19:38:56,483 [INFO] yandextank.core.tankcore tankcore.py:368	Artifacts dir: /var/loadtest/logs/2022-05-18_19-38-52.036621
2022-05-18 19:38:56,485 [DEBUG] yandextank.core.tankcore tankcore.py:422	Collecting file: /var/loadtest/logs/2022-05-18_19-38-52.036621/pandora_config_rznMFa.yaml to /var/loadtest/logs/2022-05-18_19-38-52.036621/pandora_config_rznMFa.yaml
2022-05-18 19:38:56,492 [WARNING] yandextank.core.tankcore tankcore.py:429	File already exists: /var/loadtest/logs/2022-05-18_19-38-52.036621/pandora_config_rznMFa.yaml
2022-05-18 19:38:56,503 [DEBUG] yandextank.core.tankcore tankcore.py:422	Collecting file: ./phout.log to /var/loadtest/logs/2022-05-18_19-38-52.036621/phout.log
2022-05-18 19:38:56,525 [DEBUG] yandextank.core.tankcore tankcore.py:422	Collecting file: /var/loadtest/logs/2022-05-18_19-38-52.036621/pandora_DjL7KD.log to /var/loadtest/logs/2022-05-18_19-38-52.036621/pandora_DjL7KD.log
2022-05-18 19:38:56,530 [WARNING] yandextank.core.tankcore tankcore.py:429	File already exists: /var/loadtest/logs/2022-05-18_19-38-52.036621/pandora_DjL7KD.log
2022-05-18 19:38:56,533 [DEBUG] yandextank.core.tankcore tankcore.py:422	Collecting file: validation_error.yaml to /var/loadtest/logs/2022-05-18_19-38-52.036621/validation_error.yaml
2022-05-18 19:38:56,548 [WARNING] yandextank.core.tankcore tankcore.py:424	File not found to collect: validation_error.yaml
