2022-05-18 20:06:03,337 [INFO] root consoleworker.py:434	Log file created
2022-05-18 20:06:03,339 [INFO] root consoleworker.py:438	Logging handler <logging.FileHandler object at 0x40192a2c10> added
2022-05-18 20:06:03,341 [INFO] root consoleworker.py:438	Logging handler <logging.StreamHandler object at 0x401926a850> added
2022-05-18 20:06:03,342 [INFO] root consoleworker.py:438	Logging handler <logging.StreamHandler object at 0x401928ea50> added
2022-05-18 20:06:03,345 [INFO] root consoleworker.py:373	Created a folder for the test. /var/loadtest/logs/2022-05-18_20-06-03.147812
2022-05-18 20:06:03,350 [INFO] yandextank.core.tankcore tankcore.py:237	Configuring plugins...
2022-05-18 20:06:03,352 [INFO] yandextank.core.tankcore tankcore.py:190	Loading plugins...
2022-05-18 20:06:03,353 [DEBUG] yandextank.core.tankcore tankcore.py:192	Loading plugin rcheck from yandextank.plugins.ResourceCheck
2022-05-18 20:06:03,355 [DEBUG] yandextank.core.tankcore tankcore.py:192	Loading plugin json_report from yandextank.plugins.JsonReport
2022-05-18 20:06:03,374 [DEBUG] yandextank.core.tankcore tankcore.py:192	Loading plugin overload from yandextank.plugins.DataUploader
2022-05-18 20:06:03,378 [DEBUG] yandextank.core.tankcore tankcore.py:192	Loading plugin rcassert from yandextank.plugins.RCAssert
2022-05-18 20:06:03,381 [DEBUG] yandextank.core.tankcore tankcore.py:192	Loading plugin pandora from yandextank.plugins.Pandora
2022-05-18 20:06:03,386 [DEBUG] yandextank.core.tankcore tankcore.py:192	Loading plugin console from yandextank.plugins.Console
2022-05-18 20:06:03,388 [DEBUG] yandextank.core.tankcore tankcore.py:192	Loading plugin shellexec from yandextank.plugins.ShellExec
2022-05-18 20:06:03,389 [DEBUG] yandextank.core.tankcore tankcore.py:192	Loading plugin autostop from yandextank.plugins.Autostop
2022-05-18 20:06:03,394 [DEBUG] yandextank.core.tankcore tankcore.py:212	Plugin instances: {'plugin_pandora': <yandextank.plugins.Pandora.plugin.Plugin object at 0x4019375890>, 'plugin_json_report': <yandextank.plugins.JsonReport.plugin.Plugin object at 0x401937e590>, 'plugin_autostop': <yandextank.plugins.Autostop.plugin.Plugin object at 0x4019375cd0>, 'plugin_shellexec': <yandextank.plugins.ShellExec.plugin.Plugin object at 0x40193753d0>, 'plugin_console': <yandextank.plugins.Console.plugin.Plugin object at 0x4019375950>, 'plugin_rcassert': <yandextank.plugins.RCAssert.plugin.Plugin object at 0x4019375590>, 'plugin_rcheck': <yandextank.plugins.ResourceCheck.plugin.Plugin object at 0x4019366e90>, 'plugin_overload': <yandextank.plugins.DataUploader.plugin.Plugin object at 0x401937eb50>}
2022-05-18 20:06:03,396 [DEBUG] yandextank.core.tankcore tankcore.py:244	Configuring <yandextank.plugins.Pandora.plugin.Plugin object at 0x4019375890>
2022-05-18 20:06:03,400 [INFO] yandextank.plugins.Pandora.plugin plugin.py:68	Found config_file option configuration
2022-05-18 20:06:03,431 [DEBUG] yandextank.core.tankcore tankcore.py:446	Adding artifact file to collect (keep=False): /var/loadtest/logs/2022-05-18_20-06-03.147812/pandora_config_YoRiDr.yaml
2022-05-18 20:06:03,447 [DEBUG] yandextank.plugins.Pandora.plugin plugin.py:74	Config after parsing for patching: {'pools': [{'rps': {'duration': '60s', 'type': 'line', 'from': 1, 'to': 200}, 'result': {'destination': './phout.log', 'type': 'phout'}, 'startup': {'type': 'once', 'times': 10}, 'gun': {'type': 'My_custom_gun_name', 'target': '0.0.0.0:8080'}, 'ammo': {'source': {'path': './json.ammo', 'type': 'file'}, 'type': 'custom_provider'}, 'id': 'HTTP pool'}]}
2022-05-18 20:06:03,449 [INFO] yandextank.plugins.Pandora.plugin plugin.py:153	Found report file in pandora config: ./phout.log
2022-05-18 20:06:03,455 [DEBUG] yandextank.core.tankcore tankcore.py:446	Adding artifact file to collect (keep=False): ./phout.log
2022-05-18 20:06:03,458 [DEBUG] yandextank.core.tankcore tankcore.py:244	Configuring <yandextank.plugins.JsonReport.plugin.Plugin object at 0x401937e590>
2022-05-18 20:06:03,460 [DEBUG] yandextank.core.tankcore tankcore.py:391	Searching for plugin: <class 'yandextank.common.interfaces.GeneratorPlugin'>
2022-05-18 20:06:03,470 [DEBUG] yandextank.core.tankcore tankcore.py:244	Configuring <yandextank.plugins.Autostop.plugin.Plugin object at 0x4019375cd0>
2022-05-18 20:06:03,472 [DEBUG] yandextank.core.tankcore tankcore.py:244	Configuring <yandextank.plugins.ShellExec.plugin.Plugin object at 0x40193753d0>
2022-05-18 20:06:03,474 [DEBUG] yandextank.core.tankcore tankcore.py:244	Configuring <yandextank.plugins.Console.plugin.Plugin object at 0x4019375950>
2022-05-18 20:06:03,476 [DEBUG] yandextank.core.tankcore tankcore.py:244	Configuring <yandextank.plugins.RCAssert.plugin.Plugin object at 0x4019375590>
2022-05-18 20:06:03,478 [DEBUG] yandextank.core.tankcore tankcore.py:244	Configuring <yandextank.plugins.ResourceCheck.plugin.Plugin object at 0x4019366e90>
2022-05-18 20:06:03,481 [DEBUG] yandextank.core.tankcore tankcore.py:244	Configuring <yandextank.plugins.DataUploader.plugin.Plugin object at 0x401937eb50>
2022-05-18 20:06:03,483 [INFO] yandextank.core.tankcore tankcore.py:249	Preparing test...
2022-05-18 20:06:03,484 [DEBUG] yandextank.core.tankcore tankcore.py:253	Preparing <yandextank.plugins.Pandora.plugin.Plugin object at 0x4019375890>
2022-05-18 20:06:03,486 [DEBUG] yandextank.core.tankcore tankcore.py:391	Searching for plugin: <class 'yandextank.plugins.Console.plugin.Plugin'>
2022-05-18 20:06:03,486 [DEBUG] yandextank.core.tankcore tankcore.py:253	Preparing <yandextank.plugins.JsonReport.plugin.Plugin object at 0x401937e590>
2022-05-18 20:06:03,487 [DEBUG] yandextank.core.tankcore tankcore.py:253	Preparing <yandextank.plugins.Autostop.plugin.Plugin object at 0x4019375cd0>
2022-05-18 20:06:03,488 [DEBUG] yandextank.common.interfaces plugin.py:74	Criterion string: http(5xx,10%,5s)
2022-05-18 20:06:03,489 [DEBUG] yandextank.common.interfaces plugin.py:78	Criterion objects: {'http(5xx,10%,5s)': <yandextank.plugins.Autostop.criterions.HTTPCodesCriterion object at 0x4019375f10>}
2022-05-18 20:06:03,490 [DEBUG] yandextank.core.tankcore tankcore.py:391	Searching for plugin: <class 'yandextank.plugins.Console.plugin.Plugin'>
2022-05-18 20:06:03,491 [DEBUG] yandextank.core.tankcore tankcore.py:253	Preparing <yandextank.plugins.ShellExec.plugin.Plugin object at 0x40193753d0>
2022-05-18 20:06:03,492 [DEBUG] yandextank.core.tankcore tankcore.py:253	Preparing <yandextank.plugins.Console.plugin.Plugin object at 0x4019375950>
2022-05-18 20:06:03,493 [DEBUG] yandextank.core.tankcore tankcore.py:253	Preparing <yandextank.plugins.RCAssert.plugin.Plugin object at 0x4019375590>
2022-05-18 20:06:03,494 [DEBUG] yandextank.core.tankcore tankcore.py:253	Preparing <yandextank.plugins.ResourceCheck.plugin.Plugin object at 0x4019366e90>
2022-05-18 20:06:03,495 [INFO] yandextank.common.interfaces plugin.py:39	Checking tank resources...
2022-05-18 20:06:03,496 [DEBUG] netort.process process.py:23	Starting: sh -c "df --no-sync -m -P -l -x fuse -x tmpfs -x devtmpfs -x davfs -x nfs /var/loadtest/logs | tail -n 1 | awk '{print \$4}' "
2022-05-18 20:06:04,096 [DEBUG] netort.process process.py:46	Process output:
11830

2022-05-18 20:06:04,098 [DEBUG] netort.process process.py:48	Process exit code: 0
2022-05-18 20:06:04,100 [DEBUG] root plugin.py:58	Result: (0, '11830\n', '')
2022-05-18 20:06:04,101 [DEBUG] yandextank.common.interfaces plugin.py:64	Disk free space: 11830/2048
2022-05-18 20:06:04,106 [DEBUG] yandextank.common.interfaces plugin.py:75	Memory free: 3090/512
2022-05-18 20:06:04,109 [DEBUG] yandextank.core.tankcore tankcore.py:253	Preparing <yandextank.plugins.DataUploader.plugin.Plugin object at 0x401937eb50>
2022-05-18 20:06:04,111 [WARNING] yandextank.plugins.DataUploader.plugin plugin.py:234	Failed to get info about ammo path
2022-05-18 20:06:04,115 [INFO] root plugin.py:523	Using OVERLOAD backend
2022-05-18 20:06:04,120 [DEBUG] yandextank.plugins.DataUploader.plugin plugin.py:618	Trying to read token from token.txt
2022-05-18 20:06:04,128 [INFO] yandextank.plugins.DataUploader.plugin plugin.py:624	Read authentication token from token.txt, token length is 32 bytes
2022-05-18 20:06:04,189 [INFO] yandextank.plugins.DataUploader.client client.py:59	Proxy not set
2022-05-18 20:06:04,191 [INFO] yandextank.plugins.DataUploader.plugin plugin.py:647	Detected target: 0.0.0.0:8080
2022-05-18 20:06:04,230 [DEBUG] yandextank.plugins.DataUploader.client client.py:336	Job create request: {'person': 'root', 'host': '0.0.0.0:8080', 'task': '', 'tank': 'c09f45df596d', 'notify': [], 'loadscheme': [], 'detailed_time': None, 'port': '8080'}
2022-05-18 20:06:04,242 [DEBUG] urllib3.connectionpool connectionpool.py:813	Starting new HTTPS connection (1): overload.yandex.net:443
2022-05-18 20:06:05,209 [DEBUG] urllib3.connectionpool connectionpool.py:393	https://overload.yandex.net:443 "POST /api/job/create.json?api_token=4f2a42fb997146a394c06ccf2768f953 HTTP/1.1" 200 None
2022-05-18 20:06:05,231 [INFO] yandextank.plugins.DataUploader.plugin plugin.py:789	Job created: 522916
2022-05-18 20:06:05,237 [DEBUG] yandextank.plugins.DataUploader.client client.py:642	Sending configinitial config
2022-05-18 20:06:05,349 [DEBUG] urllib3.connectionpool connectionpool.py:393	https://overload.yandex.net:443 "POST /api/job/522916/configinitial.txt?api_token=4f2a42fb997146a394c06ccf2768f953 HTTP/1.1" 200 16
2022-05-18 20:06:05,362 [INFO] yandextank.plugins.DataUploader.plugin plugin.py:485	Locking targets: ['0.0.0.0:8080']
2022-05-18 20:06:05,368 [INFO] yandextank.plugins.DataUploader.plugin plugin.py:487	Locked targets: ['0.0.0.0:8080']
2022-05-18 20:06:05,384 [DEBUG] yandextank.common.interfaces interfaces.py:101	Publishing status: Plugin/job_no: 522916
2022-05-18 20:06:05,473 [DEBUG] urllib3.connectionpool connectionpool.py:393	https://overload.yandex.net:443 "POST /api/job/522916/edit.json?api_token=4f2a42fb997146a394c06ccf2768f953 HTTP/1.1" 200 19
2022-05-18 20:06:05,482 [DEBUG] yandextank.core.tankcore tankcore.py:391	Searching for plugin: <class 'yandextank.plugins.Console.plugin.Plugin'>
2022-05-18 20:06:05,488 [DEBUG] yandextank.plugins.DataUploader.client client.py:642	Sending configinitial config
2022-05-18 20:06:05,666 [DEBUG] urllib3.connectionpool connectionpool.py:393	https://overload.yandex.net:443 "POST /api/job/522916/configinitial.txt?api_token=4f2a42fb997146a394c06ccf2768f953 HTTP/1.1" 200 16
2022-05-18 20:06:05,674 [DEBUG] yandextank.plugins.DataUploader.client client.py:642	Sending configinfo config
2022-05-18 20:06:05,858 [DEBUG] urllib3.connectionpool connectionpool.py:393	https://overload.yandex.net:443 "POST /api/job/522916/configinfo.txt?api_token=4f2a42fb997146a394c06ccf2768f953 HTTP/1.1" 200 16
2022-05-18 20:06:05,870 [INFO] yandextank.core.tankcore tankcore.py:259	Starting test...
2022-05-18 20:06:05,887 [INFO] yandextank.aggregator.tank_aggregator tank_aggregator.py:63	using verbose histogram
2022-05-18 20:06:05,972 [DEBUG] yandextank.core.tankcore tankcore.py:263	Starting <yandextank.plugins.Pandora.plugin.Plugin object at 0x4019375890>
2022-05-18 20:06:05,978 [INFO] yandextank.plugins.Pandora.plugin plugin.py:183	Starting: ['gun', '-expvar', '/var/loadtest/logs/2022-05-18_20-06-03.147812/pandora_config_YoRiDr.yaml']
2022-05-18 20:06:05,986 [DEBUG] urllib3.connectionpool connectionpool.py:205	Starting new HTTP connection (1): localhost:1234
2022-05-18 20:06:06,003 [DEBUG] yandextank.core.tankcore tankcore.py:446	Adding artifact file to collect (keep=False): /var/loadtest/logs/2022-05-18_20-06-03.147812/pandora_yTt1Wc.log
2022-05-18 20:06:06,003 [DEBUG] yandextank.plugins.Pandora.reader reader.py:33	Pandora expvar http interface is unavailable
Traceback (most recent call last):
  File "/usr/local/lib/python2.7/dist-packages/yandextank/plugins/Pandora/reader.py", line 24, in run
    pandora_stat = requests.get("http://localhost:1234/debug/vars", timeout=0.9).json()
  File "/usr/local/lib/python2.7/dist-packages/requests/api.py", line 75, in get
    return request('get', url, params=params, **kwargs)
  File "/usr/local/lib/python2.7/dist-packages/requests/api.py", line 60, in request
    return session.request(method=method, url=url, **kwargs)
  File "/usr/local/lib/python2.7/dist-packages/requests/sessions.py", line 533, in request
    resp = self.send(prep, **send_kwargs)
  File "/usr/local/lib/python2.7/dist-packages/requests/sessions.py", line 646, in send
    r = adapter.send(request, **kwargs)
  File "/usr/local/lib/python2.7/dist-packages/requests/adapters.py", line 516, in send
    raise ConnectionError(e, request=request)
ConnectionError: HTTPConnectionPool(host='localhost', port=1234): Max retries exceeded with url: /debug/vars (Caused by NewConnectionError('<urllib3.connection.HTTPConnection object at 0x40195bd390>: Failed to establish a new connection: [Errno 111] Connection refused',))
2022-05-18 20:06:06,037 [DEBUG] urllib3.connectionpool connectionpool.py:205	Starting new HTTP connection (1): localhost:1234
2022-05-18 20:06:06,042 [DEBUG] yandextank.plugins.Pandora.reader reader.py:33	Pandora expvar http interface is unavailable
Traceback (most recent call last):
  File "/usr/local/lib/python2.7/dist-packages/yandextank/plugins/Pandora/reader.py", line 24, in run
    pandora_stat = requests.get("http://localhost:1234/debug/vars", timeout=0.9).json()
  File "/usr/local/lib/python2.7/dist-packages/requests/api.py", line 75, in get
    return request('get', url, params=params, **kwargs)
  File "/usr/local/lib/python2.7/dist-packages/requests/api.py", line 60, in request
    return session.request(method=method, url=url, **kwargs)
  File "/usr/local/lib/python2.7/dist-packages/requests/sessions.py", line 533, in request
    resp = self.send(prep, **send_kwargs)
  File "/usr/local/lib/python2.7/dist-packages/requests/sessions.py", line 646, in send
    r = adapter.send(request, **kwargs)
  File "/usr/local/lib/python2.7/dist-packages/requests/adapters.py", line 516, in send
    raise ConnectionError(e, request=request)
ConnectionError: HTTPConnectionPool(host='localhost', port=1234): Max retries exceeded with url: /debug/vars (Caused by NewConnectionError('<urllib3.connection.HTTPConnection object at 0x4022376790>: Failed to establish a new connection: [Errno 111] Connection refused',))
2022-05-18 20:06:06,504 [DEBUG] yandextank.plugins.Pandora.plugin plugin.py:196	Unable to start Pandora binary. Args: ['gun', '-expvar', '/var/loadtest/logs/2022-05-18_20-06-03.147812/pandora_config_YoRiDr.yaml']
Traceback (most recent call last):
  File "/usr/local/lib/python2.7/dist-packages/yandextank/plugins/Pandora/plugin.py", line 193, in start_test
    close_fds=True)
  File "/usr/lib/python2.7/subprocess.py", line 711, in __init__
    errread, errwrite)
  File "/usr/lib/python2.7/subprocess.py", line 1343, in _execute_child
    raise child_exception
OSError: [Errno 2] No such file or directory
2022-05-18 20:06:06,513 [ERROR] root consoleworker.py:296	Test interrupted:
<type 'exceptions.RuntimeError'>: Unable to start Pandora binary and/or file does not exist: ['gun', '-expvar', '/var/loadtest/logs/2022-05-18_20-06-03.147812/pandora_config_YoRiDr.yaml']
<traceback object at 0x403de9cf38>
2022-05-18 20:06:06,518 [INFO] yandextank.core.tankcore tankcore.py:301	Finishing test...
2022-05-18 20:06:06,521 [INFO] yandextank.core.tankcore tankcore.py:303	Stopping load generator and aggregator
2022-05-18 20:06:06,523 [DEBUG] yandextank.plugins.Pandora.plugin plugin.py:225	Seems subprocess finished OK
2022-05-18 20:06:06,524 [DEBUG] yandextank.aggregator.tank_aggregator tank_aggregator.py:123	Closing stats reader
2022-05-18 20:06:06,652 [DEBUG] yandextank.aggregator.tank_aggregator tank_aggregator.py:126	Waiting for gun drain to finish
2022-05-18 20:06:06,996 [DEBUG] yandextank.aggregator.tank_aggregator tank_aggregator.py:128	Waiting for stats drain to finish
2022-05-18 20:06:07,001 [DEBUG] yandextank.aggregator.tank_aggregator tank_aggregator.py:130	Collecting remaining data
2022-05-18 20:06:07,006 [DEBUG] yandextank.aggregator.tank_aggregator tank_aggregator.py:87	Data timestamps: []
2022-05-18 20:06:07,008 [DEBUG] yandextank.aggregator.tank_aggregator tank_aggregator.py:88	Stats timestamps: []
2022-05-18 20:06:07,009 [DEBUG] yandextank.core.tankcore tankcore.py:305	RC after: 1
2022-05-18 20:06:07,011 [INFO] yandextank.core.tankcore tankcore.py:307	Stopping monitoring
2022-05-18 20:06:07,012 [DEBUG] yandextank.core.tankcore tankcore.py:315	Finalize <yandextank.plugins.JsonReport.plugin.Plugin object at 0x401937e590>
2022-05-18 20:06:07,015 [DEBUG] yandextank.core.tankcore tankcore.py:317	RC before: 1
2022-05-18 20:06:07,023 [DEBUG] yandextank.core.tankcore tankcore.py:319	RC after: 1
2022-05-18 20:06:07,025 [DEBUG] yandextank.core.tankcore tankcore.py:315	Finalize <yandextank.plugins.Autostop.plugin.Plugin object at 0x4019375cd0>
2022-05-18 20:06:07,026 [DEBUG] yandextank.core.tankcore tankcore.py:317	RC before: 1
2022-05-18 20:06:07,028 [DEBUG] yandextank.core.tankcore tankcore.py:319	RC after: 1
2022-05-18 20:06:07,029 [DEBUG] yandextank.core.tankcore tankcore.py:315	Finalize <yandextank.plugins.ShellExec.plugin.Plugin object at 0x40193753d0>
2022-05-18 20:06:07,031 [DEBUG] yandextank.core.tankcore tankcore.py:317	RC before: 1
2022-05-18 20:06:07,032 [DEBUG] yandextank.core.tankcore tankcore.py:319	RC after: 1
2022-05-18 20:06:07,033 [DEBUG] yandextank.core.tankcore tankcore.py:315	Finalize <yandextank.plugins.Console.plugin.Plugin object at 0x4019375950>
2022-05-18 20:06:07,036 [DEBUG] yandextank.core.tankcore tankcore.py:317	RC before: 1
2022-05-18 20:06:07,038 [DEBUG] yandextank.core.tankcore tankcore.py:319	RC after: 1
2022-05-18 20:06:07,039 [DEBUG] yandextank.core.tankcore tankcore.py:315	Finalize <yandextank.plugins.RCAssert.plugin.Plugin object at 0x4019375590>
2022-05-18 20:06:07,040 [DEBUG] yandextank.core.tankcore tankcore.py:317	RC before: 1
2022-05-18 20:06:07,041 [DEBUG] yandextank.core.tankcore tankcore.py:319	RC after: 1
2022-05-18 20:06:07,044 [DEBUG] yandextank.core.tankcore tankcore.py:315	Finalize <yandextank.plugins.ResourceCheck.plugin.Plugin object at 0x4019366e90>
2022-05-18 20:06:07,046 [DEBUG] yandextank.core.tankcore tankcore.py:317	RC before: 1
2022-05-18 20:06:07,047 [DEBUG] yandextank.core.tankcore tankcore.py:319	RC after: 1
2022-05-18 20:06:07,048 [DEBUG] yandextank.core.tankcore tankcore.py:315	Finalize <yandextank.plugins.DataUploader.plugin.Plugin object at 0x401937eb50>
2022-05-18 20:06:07,049 [DEBUG] yandextank.core.tankcore tankcore.py:317	RC before: 1
2022-05-18 20:06:07,056 [DEBUG] yandextank.plugins.DataUploader.client client.py:642	Sending configinitial config
2022-05-18 20:06:07,328 [DEBUG] urllib3.connectionpool connectionpool.py:393	https://overload.yandex.net:443 "POST /api/job/522916/configinitial.txt?api_token=4f2a42fb997146a394c06ccf2768f953 HTTP/1.1" 200 16
2022-05-18 20:06:07,339 [DEBUG] yandextank.plugins.DataUploader.client client.py:642	Sending configinfo config
2022-05-18 20:06:07,502 [DEBUG] urllib3.connectionpool connectionpool.py:393	https://overload.yandex.net:443 "POST /api/job/522916/configinfo.txt?api_token=4f2a42fb997146a394c06ccf2768f953 HTTP/1.1" 200 16
2022-05-18 20:06:07,514 [INFO] yandextank.plugins.DataUploader.plugin plugin.py:478	Unlocking targets: ['0.0.0.0:8080']
2022-05-18 20:06:07,519 [INFO] yandextank.plugins.DataUploader.plugin plugin.py:480	0.0.0.0:8080
2022-05-18 20:06:07,525 [DEBUG] yandextank.core.tankcore tankcore.py:319	RC after: 1
2022-05-18 20:06:07,532 [INFO] yandextank.core.tankcore tankcore.py:330	Post-processing test...
2022-05-18 20:06:07,534 [DEBUG] yandextank.core.tankcore tankcore.py:333	Post-process <yandextank.plugins.Pandora.plugin.Plugin object at 0x4019375890>
2022-05-18 20:06:07,536 [DEBUG] yandextank.core.tankcore tankcore.py:335	RC before: 1
2022-05-18 20:06:07,539 [DEBUG] yandextank.core.tankcore tankcore.py:337	RC after: 1
2022-05-18 20:06:07,542 [DEBUG] yandextank.core.tankcore tankcore.py:333	Post-process <yandextank.plugins.JsonReport.plugin.Plugin object at 0x401937e590>
2022-05-18 20:06:07,546 [DEBUG] yandextank.core.tankcore tankcore.py:335	RC before: 1
2022-05-18 20:06:07,551 [DEBUG] yandextank.core.tankcore tankcore.py:337	RC after: 1
2022-05-18 20:06:07,553 [DEBUG] yandextank.core.tankcore tankcore.py:333	Post-process <yandextank.plugins.Autostop.plugin.Plugin object at 0x4019375cd0>
2022-05-18 20:06:07,555 [DEBUG] yandextank.core.tankcore tankcore.py:335	RC before: 1
2022-05-18 20:06:07,560 [DEBUG] yandextank.core.tankcore tankcore.py:337	RC after: 1
2022-05-18 20:06:07,566 [DEBUG] yandextank.core.tankcore tankcore.py:333	Post-process <yandextank.plugins.ShellExec.plugin.Plugin object at 0x40193753d0>
2022-05-18 20:06:07,569 [DEBUG] yandextank.core.tankcore tankcore.py:335	RC before: 1
2022-05-18 20:06:07,570 [DEBUG] yandextank.core.tankcore tankcore.py:337	RC after: 1
2022-05-18 20:06:07,574 [DEBUG] yandextank.core.tankcore tankcore.py:333	Post-process <yandextank.plugins.Console.plugin.Plugin object at 0x4019375950>
2022-05-18 20:06:07,576 [DEBUG] yandextank.core.tankcore tankcore.py:335	RC before: 1
2022-05-18 20:06:07,577 [DEBUG] yandextank.core.tankcore tankcore.py:337	RC after: 1
2022-05-18 20:06:07,579 [DEBUG] yandextank.core.tankcore tankcore.py:333	Post-process <yandextank.plugins.RCAssert.plugin.Plugin object at 0x4019375590>
2022-05-18 20:06:07,585 [DEBUG] yandextank.core.tankcore tankcore.py:335	RC before: 1
2022-05-18 20:06:07,587 [DEBUG] yandextank.core.tankcore tankcore.py:337	RC after: 1
2022-05-18 20:06:07,589 [DEBUG] yandextank.core.tankcore tankcore.py:333	Post-process <yandextank.plugins.ResourceCheck.plugin.Plugin object at 0x4019366e90>
2022-05-18 20:06:07,591 [DEBUG] yandextank.core.tankcore tankcore.py:335	RC before: 1
2022-05-18 20:06:07,593 [DEBUG] yandextank.core.tankcore tankcore.py:337	RC after: 1
2022-05-18 20:06:07,594 [DEBUG] yandextank.core.tankcore tankcore.py:333	Post-process <yandextank.plugins.DataUploader.plugin.Plugin object at 0x401937eb50>
2022-05-18 20:06:07,596 [DEBUG] yandextank.core.tankcore tankcore.py:335	RC before: 1
2022-05-18 20:06:07,598 [INFO] yandextank.plugins.DataUploader.plugin plugin.py:350	Waiting for sender threads to join.
2022-05-18 20:06:07,604 [INFO] yandextank.plugins.DataUploader.plugin plugin.py:357	Web link: None
2022-05-18 20:06:07,610 [DEBUG] yandextank.core.tankcore tankcore.py:391	Searching for plugin: <class 'yandextank.plugins.Autostop.plugin.Plugin'>
2022-05-18 20:06:07,617 [DEBUG] yandextank.plugins.DataUploader.plugin plugin.py:376	No autostop cause detected
2022-05-18 20:06:07,620 [DEBUG] yandextank.plugins.DataUploader.client client.py:642	Sending configinitial config
2022-05-18 20:06:07,735 [DEBUG] urllib3.connectionpool connectionpool.py:393	https://overload.yandex.net:443 "POST /api/job/522916/configinitial.txt?api_token=4f2a42fb997146a394c06ccf2768f953 HTTP/1.1" 200 16
2022-05-18 20:06:07,740 [DEBUG] yandextank.plugins.DataUploader.client client.py:642	Sending configinfo config
2022-05-18 20:06:07,968 [DEBUG] urllib3.connectionpool connectionpool.py:393	https://overload.yandex.net:443 "POST /api/job/522916/configinfo.txt?api_token=4f2a42fb997146a394c06ccf2768f953 HTTP/1.1" 200 16
2022-05-18 20:06:07,978 [DEBUG] yandextank.core.tankcore tankcore.py:337	RC after: 1
2022-05-18 20:06:07,982 [INFO] root consoleworker.py:269	Trying to clean up
2022-05-18 20:06:07,987 [INFO] yandextank.core.tankcore tankcore.py:526	Cleaning up plugin plugin_pandora
2022-05-18 20:06:07,992 [INFO] yandextank.core.tankcore tankcore.py:526	Cleaning up plugin plugin_json_report
2022-05-18 20:06:07,997 [INFO] yandextank.core.tankcore tankcore.py:526	Cleaning up plugin plugin_autostop
2022-05-18 20:06:08,001 [INFO] yandextank.core.tankcore tankcore.py:526	Cleaning up plugin plugin_shellexec
2022-05-18 20:06:08,005 [INFO] yandextank.core.tankcore tankcore.py:526	Cleaning up plugin plugin_console
2022-05-18 20:06:08,008 [INFO] yandextank.core.tankcore tankcore.py:526	Cleaning up plugin plugin_rcassert
2022-05-18 20:06:08,011 [INFO] yandextank.core.tankcore tankcore.py:526	Cleaning up plugin plugin_rcheck
2022-05-18 20:06:08,013 [INFO] yandextank.core.tankcore tankcore.py:526	Cleaning up plugin plugin_overload
2022-05-18 20:06:08,146 [DEBUG] urllib3.connectionpool connectionpool.py:393	https://overload.yandex.net:443 "GET /api/job/522916/close.json?exitcode=1&api_token=4f2a42fb997146a394c06ccf2768f953 HTTP/1.1" 200 16
2022-05-18 20:06:08,159 [INFO] yandextank.plugins.DataUploader.plugin plugin.py:478	Unlocking targets: ['0.0.0.0:8080']
2022-05-18 20:06:08,162 [INFO] yandextank.plugins.DataUploader.plugin plugin.py:480	0.0.0.0:8080
2022-05-18 20:06:08,172 [INFO] yandextank.core.tankcore tankcore.py:561	Releasing lock: /var/lock/lunapark_nSL99C.lock
2022-05-18 20:06:08,210 [DEBUG] yandextank.core.tankcore tankcore.py:367	Collecting artifacts
2022-05-18 20:06:08,215 [INFO] yandextank.core.tankcore tankcore.py:368	Artifacts dir: /var/loadtest/logs/2022-05-18_20-06-03.147812
2022-05-18 20:06:08,219 [DEBUG] yandextank.core.tankcore tankcore.py:422	Collecting file: ./phout.log to /var/loadtest/logs/2022-05-18_20-06-03.147812/phout.log
2022-05-18 20:06:08,231 [DEBUG] yandextank.core.tankcore tankcore.py:422	Collecting file: /var/loadtest/logs/2022-05-18_20-06-03.147812/pandora_config_YoRiDr.yaml to /var/loadtest/logs/2022-05-18_20-06-03.147812/pandora_config_YoRiDr.yaml
2022-05-18 20:06:08,235 [WARNING] yandextank.core.tankcore tankcore.py:429	File already exists: /var/loadtest/logs/2022-05-18_20-06-03.147812/pandora_config_YoRiDr.yaml
2022-05-18 20:06:08,241 [DEBUG] yandextank.core.tankcore tankcore.py:422	Collecting file: validation_error.yaml to /var/loadtest/logs/2022-05-18_20-06-03.147812/validation_error.yaml
2022-05-18 20:06:08,243 [WARNING] yandextank.core.tankcore tankcore.py:424	File not found to collect: validation_error.yaml
2022-05-18 20:06:08,246 [DEBUG] yandextank.core.tankcore tankcore.py:422	Collecting file: /var/loadtest/logs/2022-05-18_20-06-03.147812/pandora_yTt1Wc.log to /var/loadtest/logs/2022-05-18_20-06-03.147812/pandora_yTt1Wc.log
2022-05-18 20:06:08,249 [WARNING] yandextank.core.tankcore tankcore.py:429	File already exists: /var/loadtest/logs/2022-05-18_20-06-03.147812/pandora_yTt1Wc.log
