2022-05-21 07:03:59,913 [INFO] root consoleworker.py:434	Log file created
2022-05-21 07:03:59,914 [INFO] root consoleworker.py:438	Logging handler <logging.FileHandler object at 0x7f9c78635b50> added
2022-05-21 07:03:59,914 [INFO] root consoleworker.py:438	Logging handler <logging.StreamHandler object at 0x7f9c7867d790> added
2022-05-21 07:03:59,914 [INFO] root consoleworker.py:438	Logging handler <logging.StreamHandler object at 0x7f9c78622990> added
2022-05-21 07:03:59,915 [INFO] root consoleworker.py:373	Created a folder for the test. /var/loadtest/logs/2022-05-21_07-03-59.861819
2022-05-21 07:03:59,915 [INFO] yandextank.core.tankcore tankcore.py:237	Configuring plugins...
2022-05-21 07:03:59,916 [INFO] yandextank.core.tankcore tankcore.py:190	Loading plugins...
2022-05-21 07:03:59,916 [DEBUG] yandextank.core.tankcore tankcore.py:192	Loading plugin rcheck from yandextank.plugins.ResourceCheck
2022-05-21 07:03:59,916 [DEBUG] yandextank.core.tankcore tankcore.py:192	Loading plugin json_report from yandextank.plugins.JsonReport
2022-05-21 07:03:59,919 [DEBUG] yandextank.core.tankcore tankcore.py:192	Loading plugin overload from yandextank.plugins.DataUploader
2022-05-21 07:03:59,919 [DEBUG] yandextank.core.tankcore tankcore.py:192	Loading plugin rcassert from yandextank.plugins.RCAssert
2022-05-21 07:03:59,920 [DEBUG] yandextank.core.tankcore tankcore.py:192	Loading plugin pandora from yandextank.plugins.Pandora
2022-05-21 07:03:59,920 [DEBUG] yandextank.core.tankcore tankcore.py:192	Loading plugin console from yandextank.plugins.Console
2022-05-21 07:03:59,920 [DEBUG] yandextank.core.tankcore tankcore.py:192	Loading plugin shellexec from yandextank.plugins.ShellExec
2022-05-21 07:03:59,920 [DEBUG] yandextank.core.tankcore tankcore.py:192	Loading plugin autostop from yandextank.plugins.Autostop
2022-05-21 07:03:59,920 [DEBUG] yandextank.core.tankcore tankcore.py:212	Plugin instances: {'plugin_pandora': <yandextank.plugins.Pandora.plugin.Plugin object at 0x7f9c78587a10>, 'plugin_json_report': <yandextank.plugins.JsonReport.plugin.Plugin object at 0x7f9c78591e90>, 'plugin_autostop': <yandextank.plugins.Autostop.plugin.Plugin object at 0x7f9c78587790>, 'plugin_shellexec': <yandextank.plugins.ShellExec.plugin.Plugin object at 0x7f9c785874d0>, 'plugin_console': <yandextank.plugins.Console.plugin.Plugin object at 0x7f9c785878d0>, 'plugin_rcassert': <yandextank.plugins.RCAssert.plugin.Plugin object at 0x7f9c78587d90>, 'plugin_rcheck': <yandextank.plugins.ResourceCheck.plugin.Plugin object at 0x7f9c785913d0>, 'plugin_overload': <yandextank.plugins.DataUploader.plugin.Plugin object at 0x7f9c78591b10>}
2022-05-21 07:03:59,921 [DEBUG] yandextank.core.tankcore tankcore.py:244	Configuring <yandextank.plugins.Pandora.plugin.Plugin object at 0x7f9c78587a10>
2022-05-21 07:03:59,921 [INFO] yandextank.plugins.Pandora.plugin plugin.py:68	Found config_file option configuration
2022-05-21 07:03:59,927 [DEBUG] yandextank.core.tankcore tankcore.py:446	Adding artifact file to collect (keep=False): /var/loadtest/logs/2022-05-21_07-03-59.861819/pandora_config_nrAWon.yaml
2022-05-21 07:03:59,931 [DEBUG] yandextank.plugins.Pandora.plugin plugin.py:74	Config after parsing for patching: {'pools': [{'rps': {'duration': '60s', 'type': 'line', 'from': 1, 'to': 200}, 'result': {'destination': './phout.log', 'type': 'phout'}, 'startup': {'type': 'once', 'times': 10}, 'gun': {'type': 'My_custom_gun_name', 'target': '0.0.0.0:8080'}, 'ammo': {'source': {'path': './json.ammo', 'type': 'file'}, 'type': 'custom_provider'}, 'id': 'HTTP pool'}]}
2022-05-21 07:03:59,931 [INFO] yandextank.plugins.Pandora.plugin plugin.py:153	Found report file in pandora config: ./phout.log
2022-05-21 07:03:59,932 [DEBUG] yandextank.core.tankcore tankcore.py:446	Adding artifact file to collect (keep=False): ./phout.log
2022-05-21 07:03:59,933 [DEBUG] yandextank.core.tankcore tankcore.py:244	Configuring <yandextank.plugins.JsonReport.plugin.Plugin object at 0x7f9c78591e90>
2022-05-21 07:03:59,933 [DEBUG] yandextank.core.tankcore tankcore.py:391	Searching for plugin: <class 'yandextank.common.interfaces.GeneratorPlugin'>
2022-05-21 07:03:59,933 [DEBUG] yandextank.core.tankcore tankcore.py:244	Configuring <yandextank.plugins.Autostop.plugin.Plugin object at 0x7f9c78587790>
2022-05-21 07:03:59,934 [DEBUG] yandextank.core.tankcore tankcore.py:244	Configuring <yandextank.plugins.ShellExec.plugin.Plugin object at 0x7f9c785874d0>
2022-05-21 07:03:59,934 [DEBUG] yandextank.core.tankcore tankcore.py:244	Configuring <yandextank.plugins.Console.plugin.Plugin object at 0x7f9c785878d0>
2022-05-21 07:03:59,935 [DEBUG] yandextank.core.tankcore tankcore.py:244	Configuring <yandextank.plugins.RCAssert.plugin.Plugin object at 0x7f9c78587d90>
2022-05-21 07:03:59,935 [DEBUG] yandextank.core.tankcore tankcore.py:244	Configuring <yandextank.plugins.ResourceCheck.plugin.Plugin object at 0x7f9c785913d0>
2022-05-21 07:03:59,936 [DEBUG] yandextank.core.tankcore tankcore.py:244	Configuring <yandextank.plugins.DataUploader.plugin.Plugin object at 0x7f9c78591b10>
2022-05-21 07:03:59,936 [INFO] yandextank.core.tankcore tankcore.py:249	Preparing test...
2022-05-21 07:03:59,936 [DEBUG] yandextank.core.tankcore tankcore.py:253	Preparing <yandextank.plugins.Pandora.plugin.Plugin object at 0x7f9c78587a10>
2022-05-21 07:03:59,937 [DEBUG] yandextank.core.tankcore tankcore.py:391	Searching for plugin: <class 'yandextank.plugins.Console.plugin.Plugin'>
2022-05-21 07:03:59,937 [DEBUG] yandextank.core.tankcore tankcore.py:253	Preparing <yandextank.plugins.JsonReport.plugin.Plugin object at 0x7f9c78591e90>
2022-05-21 07:03:59,937 [DEBUG] yandextank.core.tankcore tankcore.py:253	Preparing <yandextank.plugins.Autostop.plugin.Plugin object at 0x7f9c78587790>
2022-05-21 07:03:59,937 [DEBUG] yandextank.common.interfaces plugin.py:74	Criterion string: http(5xx,10%,5s)
2022-05-21 07:03:59,938 [DEBUG] yandextank.common.interfaces plugin.py:78	Criterion objects: {'http(5xx,10%,5s)': <yandextank.plugins.Autostop.criterions.HTTPCodesCriterion object at 0x7f9c78587ad0>}
2022-05-21 07:03:59,938 [DEBUG] yandextank.core.tankcore tankcore.py:391	Searching for plugin: <class 'yandextank.plugins.Console.plugin.Plugin'>
2022-05-21 07:03:59,938 [DEBUG] yandextank.core.tankcore tankcore.py:253	Preparing <yandextank.plugins.ShellExec.plugin.Plugin object at 0x7f9c785874d0>
2022-05-21 07:03:59,938 [DEBUG] yandextank.core.tankcore tankcore.py:253	Preparing <yandextank.plugins.Console.plugin.Plugin object at 0x7f9c785878d0>
2022-05-21 07:03:59,938 [DEBUG] yandextank.core.tankcore tankcore.py:253	Preparing <yandextank.plugins.RCAssert.plugin.Plugin object at 0x7f9c78587d90>
2022-05-21 07:03:59,939 [DEBUG] yandextank.core.tankcore tankcore.py:253	Preparing <yandextank.plugins.ResourceCheck.plugin.Plugin object at 0x7f9c785913d0>
2022-05-21 07:03:59,939 [INFO] yandextank.common.interfaces plugin.py:39	Checking tank resources...
2022-05-21 07:03:59,939 [DEBUG] netort.process process.py:23	Starting: sh -c "df --no-sync -m -P -l -x fuse -x tmpfs -x devtmpfs -x davfs -x nfs /var/loadtest/logs | tail -n 1 | awk '{print \$4}' "
2022-05-21 07:04:00,056 [ERROR] netort.process process.py:43	There were errors:
df: no file systems processed

2022-05-21 07:04:00,058 [DEBUG] netort.process process.py:48	Process exit code: 0
2022-05-21 07:04:00,059 [DEBUG] root plugin.py:58	Result: (0, '', 'df: no file systems processed\n')
2022-05-21 07:04:00,059 [DEBUG] yandextank.common.interfaces plugin.py:60	No disk usage info: df: no file systems processed

2022-05-21 07:04:00,060 [DEBUG] yandextank.common.interfaces plugin.py:75	Memory free: 11165/512
2022-05-21 07:04:00,060 [DEBUG] yandextank.core.tankcore tankcore.py:253	Preparing <yandextank.plugins.DataUploader.plugin.Plugin object at 0x7f9c78591b10>
2022-05-21 07:04:00,061 [WARNING] yandextank.plugins.DataUploader.plugin plugin.py:234	Failed to get info about ammo path
2022-05-21 07:04:00,061 [INFO] root plugin.py:523	Using OVERLOAD backend
2022-05-21 07:04:00,062 [DEBUG] yandextank.plugins.DataUploader.plugin plugin.py:618	Trying to read token from token.txt
2022-05-21 07:04:00,063 [INFO] yandextank.plugins.DataUploader.plugin plugin.py:624	Read authentication token from token.txt, token length is 32 bytes
2022-05-21 07:04:00,070 [INFO] yandextank.plugins.DataUploader.client client.py:59	Proxy not set
2022-05-21 07:04:00,070 [INFO] yandextank.plugins.DataUploader.plugin plugin.py:647	Detected target: 0.0.0.0:8080
2022-05-21 07:04:00,074 [DEBUG] yandextank.plugins.DataUploader.client client.py:336	Job create request: {'person': 'root', 'host': '0.0.0.0:8080', 'task': '', 'tank': '8f7273c1c273', 'notify': [], 'loadscheme': [], 'detailed_time': None, 'port': '8080'}
2022-05-21 07:04:00,075 [DEBUG] urllib3.connectionpool connectionpool.py:813	Starting new HTTPS connection (1): overload.yandex.net:443
2022-05-21 07:04:00,396 [DEBUG] urllib3.connectionpool connectionpool.py:393	https://overload.yandex.net:443 "POST /api/job/create.json?api_token=4f2a42fb997146a394c06ccf2768f953 HTTP/1.1" 200 None
2022-05-21 07:04:00,399 [INFO] yandextank.plugins.DataUploader.plugin plugin.py:789	Job created: 523526
2022-05-21 07:04:00,400 [DEBUG] yandextank.plugins.DataUploader.client client.py:642	Sending configinitial config
2022-05-21 07:04:00,479 [DEBUG] urllib3.connectionpool connectionpool.py:393	https://overload.yandex.net:443 "POST /api/job/523526/configinitial.txt?api_token=4f2a42fb997146a394c06ccf2768f953 HTTP/1.1" 200 16
2022-05-21 07:04:00,480 [INFO] yandextank.plugins.DataUploader.plugin plugin.py:485	Locking targets: ['0.0.0.0:8080']
2022-05-21 07:04:00,480 [INFO] yandextank.plugins.DataUploader.plugin plugin.py:487	Locked targets: ['0.0.0.0:8080']
2022-05-21 07:04:00,484 [DEBUG] yandextank.common.interfaces interfaces.py:101	Publishing status: Plugin/job_no: 523526
2022-05-21 07:04:00,555 [DEBUG] urllib3.connectionpool connectionpool.py:393	https://overload.yandex.net:443 "POST /api/job/523526/edit.json?api_token=4f2a42fb997146a394c06ccf2768f953 HTTP/1.1" 200 19
2022-05-21 07:04:00,557 [DEBUG] yandextank.core.tankcore tankcore.py:391	Searching for plugin: <class 'yandextank.plugins.Console.plugin.Plugin'>
2022-05-21 07:04:00,558 [DEBUG] yandextank.plugins.DataUploader.client client.py:642	Sending configinitial config
2022-05-21 07:04:00,620 [DEBUG] urllib3.connectionpool connectionpool.py:393	https://overload.yandex.net:443 "POST /api/job/523526/configinitial.txt?api_token=4f2a42fb997146a394c06ccf2768f953 HTTP/1.1" 200 16
2022-05-21 07:04:00,622 [DEBUG] yandextank.plugins.DataUploader.client client.py:642	Sending configinfo config
2022-05-21 07:04:00,780 [DEBUG] urllib3.connectionpool connectionpool.py:393	https://overload.yandex.net:443 "POST /api/job/523526/configinfo.txt?api_token=4f2a42fb997146a394c06ccf2768f953 HTTP/1.1" 200 16
2022-05-21 07:04:00,782 [INFO] yandextank.core.tankcore tankcore.py:259	Starting test...
2022-05-21 07:04:00,785 [INFO] yandextank.aggregator.tank_aggregator tank_aggregator.py:63	using verbose histogram
2022-05-21 07:04:00,787 [DEBUG] yandextank.core.tankcore tankcore.py:263	Starting <yandextank.plugins.Pandora.plugin.Plugin object at 0x7f9c78587a10>
2022-05-21 07:04:00,789 [INFO] yandextank.plugins.Pandora.plugin plugin.py:183	Starting: ['./gun12', '-expvar', '/var/loadtest/logs/2022-05-21_07-03-59.861819/pandora_config_nrAWon.yaml']
2022-05-21 07:04:00,789 [DEBUG] urllib3.connectionpool connectionpool.py:205	Starting new HTTP connection (1): localhost:1234
2022-05-21 07:04:00,790 [DEBUG] yandextank.plugins.Pandora.reader reader.py:33	Pandora expvar http interface is unavailable
Traceback (most recent call last):
  File "/usr/local/lib/python2.7/dist-packages/yandextank/plugins/Pandora/reader.py", line 24, in run
    pandora_stat = requests.get("http://localhost:1234/debug/vars", timeout=0.9).json()
  File "/usr/local/lib/python2.7/dist-packages/requests/api.py", line 75, in get
    return request('get', url, params=params, **kwargs)
  File "/usr/local/lib/python2.7/dist-packages/requests/api.py", line 60, in request
    return session.request(method=method, url=url, **kwargs)
  File "/usr/local/lib/python2.7/dist-packages/requests/sessions.py", line 533, in request
    resp = self.send(prep, **send_kwargs)
  File "/usr/local/lib/python2.7/dist-packages/requests/sessions.py", line 646, in send
    r = adapter.send(request, **kwargs)
  File "/usr/local/lib/python2.7/dist-packages/requests/adapters.py", line 516, in send
    raise ConnectionError(e, request=request)
ConnectionError: HTTPConnectionPool(host='localhost', port=1234): Max retries exceeded with url: /debug/vars (Caused by NewConnectionError('<urllib3.connection.HTTPConnection object at 0x7f9c78345410>: Failed to establish a new connection: [Errno 111] Connection refused',))
2022-05-21 07:04:00,792 [DEBUG] yandextank.core.tankcore tankcore.py:446	Adding artifact file to collect (keep=False): /var/loadtest/logs/2022-05-21_07-03-59.861819/pandora_54eOA1.log
2022-05-21 07:04:00,914 [INFO] yandextank.core.tankcore tankcore.py:267	Plugin <yandextank.plugins.Pandora.plugin.Plugin object at 0x7f9c78587a10> required 0.126246 seconds to start
2022-05-21 07:04:00,915 [DEBUG] yandextank.core.tankcore tankcore.py:263	Starting <yandextank.plugins.JsonReport.plugin.Plugin object at 0x7f9c78591e90>
2022-05-21 07:04:00,915 [INFO] yandextank.core.tankcore tankcore.py:267	Plugin <yandextank.plugins.JsonReport.plugin.Plugin object at 0x7f9c78591e90> required 0.000010 seconds to start
2022-05-21 07:04:00,916 [DEBUG] yandextank.core.tankcore tankcore.py:263	Starting <yandextank.plugins.Autostop.plugin.Plugin object at 0x7f9c78587790>
2022-05-21 07:04:00,916 [INFO] yandextank.core.tankcore tankcore.py:267	Plugin <yandextank.plugins.Autostop.plugin.Plugin object at 0x7f9c78587790> required 0.000007 seconds to start
2022-05-21 07:04:00,916 [DEBUG] yandextank.core.tankcore tankcore.py:263	Starting <yandextank.plugins.ShellExec.plugin.Plugin object at 0x7f9c785874d0>
2022-05-21 07:04:00,917 [INFO] yandextank.core.tankcore tankcore.py:267	Plugin <yandextank.plugins.ShellExec.plugin.Plugin object at 0x7f9c785874d0> required 0.000011 seconds to start
2022-05-21 07:04:00,917 [DEBUG] yandextank.core.tankcore tankcore.py:263	Starting <yandextank.plugins.Console.plugin.Plugin object at 0x7f9c785878d0>
2022-05-21 07:04:00,917 [INFO] yandextank.core.tankcore tankcore.py:267	Plugin <yandextank.plugins.Console.plugin.Plugin object at 0x7f9c785878d0> required 0.000003 seconds to start
2022-05-21 07:04:00,917 [DEBUG] yandextank.core.tankcore tankcore.py:263	Starting <yandextank.plugins.RCAssert.plugin.Plugin object at 0x7f9c78587d90>
2022-05-21 07:04:00,918 [INFO] yandextank.core.tankcore tankcore.py:267	Plugin <yandextank.plugins.RCAssert.plugin.Plugin object at 0x7f9c78587d90> required 0.000003 seconds to start
2022-05-21 07:04:00,918 [DEBUG] yandextank.core.tankcore tankcore.py:263	Starting <yandextank.plugins.ResourceCheck.plugin.Plugin object at 0x7f9c785913d0>
2022-05-21 07:04:00,918 [INFO] yandextank.core.tankcore tankcore.py:267	Plugin <yandextank.plugins.ResourceCheck.plugin.Plugin object at 0x7f9c785913d0> required 0.000003 seconds to start
2022-05-21 07:04:00,918 [DEBUG] yandextank.core.tankcore tankcore.py:263	Starting <yandextank.plugins.DataUploader.plugin.Plugin object at 0x7f9c78591b10>
2022-05-21 07:04:00,919 [INFO] yandextank.plugins.DataUploader.plugin plugin.py:394	Status sender thread started
2022-05-21 07:04:00,920 [INFO] yandextank.plugins.DataUploader.plugin plugin.py:298	Web link: https://overload.yandex.net/523526
2022-05-21 07:04:00,921 [INFO] yandextank.plugins.DataUploader.plugin plugin.py:413	Data Uploader thread started
2022-05-21 07:04:00,921 [INFO] yandextank.plugins.DataUploader.plugin plugin.py:413	Monitoring Uploader thread started
2022-05-21 07:04:00,922 [DEBUG] yandextank.common.interfaces interfaces.py:101	Publishing status: Plugin/jobno: 523526
2022-05-21 07:04:00,923 [DEBUG] yandextank.common.interfaces interfaces.py:101	Publishing status: Plugin/web_link: https://overload.yandex.net/523526
2022-05-21 07:04:00,923 [DEBUG] yandextank.plugins.DataUploader.plugin plugin.py:305	Saving jobno to: jobno_file.txt
2022-05-21 07:04:00,925 [DEBUG] yandextank.core.tankcore tankcore.py:446	Adding artifact file to collect (keep=False): jobno_file.txt
2022-05-21 07:04:00,926 [DEBUG] yandextank.plugins.DataUploader.client client.py:642	Sending configinitial config
2022-05-21 07:04:01,051 [DEBUG] urllib3.connectionpool connectionpool.py:393	https://overload.yandex.net:443 "POST /api/job/523526/configinitial.txt?api_token=4f2a42fb997146a394c06ccf2768f953 HTTP/1.1" 200 16
2022-05-21 07:04:01,056 [DEBUG] yandextank.plugins.DataUploader.client client.py:642	Sending configinfo config
2022-05-21 07:04:01,131 [DEBUG] urllib3.connectionpool connectionpool.py:393	https://overload.yandex.net:443 "POST /api/job/523526/configinfo.txt?api_token=4f2a42fb997146a394c06ccf2768f953 HTTP/1.1" 200 16
2022-05-21 07:04:01,132 [INFO] yandextank.core.tankcore tankcore.py:267	Plugin <yandextank.plugins.DataUploader.plugin.Plugin object at 0x7f9c78591b10> required 0.213370 seconds to start
2022-05-21 07:04:01,133 [INFO] yandextank.core.tankcore tankcore.py:274	Waiting for test to finish...
2022-05-21 07:04:01,133 [INFO] yandextank.core.tankcore tankcore.py:275	Artifacts dir: /var/loadtest/logs/2022-05-21_07-03-59.861819
2022-05-21 07:04:01,136 [DEBUG] yandextank.aggregator.tank_aggregator tank_aggregator.py:87	Data timestamps: []
2022-05-21 07:04:01,137 [DEBUG] yandextank.aggregator.tank_aggregator tank_aggregator.py:88	Stats timestamps: []
2022-05-21 07:04:01,137 [DEBUG] yandextank.core.tankcore tankcore.py:286	Polling <yandextank.plugins.Pandora.plugin.Plugin object at 0x7f9c78587a10>
2022-05-21 07:04:01,137 [DEBUG] yandextank.core.tankcore tankcore.py:286	Polling <yandextank.plugins.JsonReport.plugin.Plugin object at 0x7f9c78591e90>
2022-05-21 07:04:01,138 [DEBUG] yandextank.core.tankcore tankcore.py:286	Polling <yandextank.plugins.Autostop.plugin.Plugin object at 0x7f9c78587790>
2022-05-21 07:04:01,138 [DEBUG] yandextank.core.tankcore tankcore.py:286	Polling <yandextank.plugins.ShellExec.plugin.Plugin object at 0x7f9c785874d0>
2022-05-21 07:04:01,138 [DEBUG] yandextank.core.tankcore tankcore.py:286	Polling <yandextank.plugins.Console.plugin.Plugin object at 0x7f9c785878d0>
2022-05-21 07:04:01,139 [DEBUG] yandextank.plugins.Console.screen screen.py:389	Terminal size: 198x49
2022-05-21 07:04:01,139 [DEBUG] yandextank.plugins.Console.screen screen.py:401	Left/right panels width: 130/63
2022-05-21 07:04:01,139 [DEBUG] yandextank.plugins.Console.screen screen.py:406	There are 3 info widgets
2022-05-21 07:04:01,139 [DEBUG] yandextank.plugins.Console.screen screen.py:410	Rendering info widget #0: <yandextank.plugins.Pandora.plugin.PandoraInfoWidget object at 0x7f9c78587c50>
2022-05-21 07:04:01,141 [DEBUG] yandextank.plugins.Console.screen screen.py:410	Rendering info widget #1: <yandextank.plugins.DataUploader.plugin.JobInfoWidget object at 0x7f9c78331b10>
2022-05-21 07:04:01,141 [DEBUG] yandextank.plugins.Console.screen screen.py:410	Rendering info widget #25: <yandextank.plugins.Autostop.plugin.AutostopWidget object at 0x7f9c78587fd0>
2022-05-21 07:04:01,141 [DEBUG] yandextank.plugins.Console.screen screen.py:367	Rendering left blocks
2022-05-21 07:04:01,142 [DEBUG] yandextank.plugins.Console.screen screen.py:418	Composing final screen output
2022-05-21 07:04:01,143 [DEBUG] yandextank.core.tankcore tankcore.py:286	Polling <yandextank.plugins.RCAssert.plugin.Plugin object at 0x7f9c78587d90>
2022-05-21 07:04:01,143 [DEBUG] yandextank.plugins.Console.plugin plugin.py:73	Writing console view to STDOUT
2022-05-21 07:04:01,143 [DEBUG] yandextank.core.tankcore tankcore.py:286	Polling <yandextank.plugins.ResourceCheck.plugin.Plugin object at 0x7f9c785913d0>
2022-05-21 07:04:01,144 [DEBUG] yandextank.common.interfaces plugin.py:44	Checking tank resources...
2022-05-21 07:04:01,144 [DEBUG] netort.process process.py:23	Starting: sh -c "df --no-sync -m -P -l -x fuse -x tmpfs -x devtmpfs -x davfs -x nfs /var/loadtest/logs | tail -n 1 | awk '{print \$4}' "
2022-05-21 07:04:01,196 [DEBUG] urllib3.connectionpool connectionpool.py:205	Starting new HTTP connection (1): localhost:1234
2022-05-21 07:04:01,198 [DEBUG] yandextank.plugins.Pandora.reader reader.py:33	Pandora expvar http interface is unavailable
Traceback (most recent call last):
  File "/usr/local/lib/python2.7/dist-packages/yandextank/plugins/Pandora/reader.py", line 24, in run
    pandora_stat = requests.get("http://localhost:1234/debug/vars", timeout=0.9).json()
  File "/usr/local/lib/python2.7/dist-packages/requests/api.py", line 75, in get
    return request('get', url, params=params, **kwargs)
  File "/usr/local/lib/python2.7/dist-packages/requests/api.py", line 60, in request
    return session.request(method=method, url=url, **kwargs)
  File "/usr/local/lib/python2.7/dist-packages/requests/sessions.py", line 533, in request
    resp = self.send(prep, **send_kwargs)
  File "/usr/local/lib/python2.7/dist-packages/requests/sessions.py", line 646, in send
    r = adapter.send(request, **kwargs)
  File "/usr/local/lib/python2.7/dist-packages/requests/adapters.py", line 516, in send
    raise ConnectionError(e, request=request)
ConnectionError: HTTPConnectionPool(host='localhost', port=1234): Max retries exceeded with url: /debug/vars (Caused by NewConnectionError('<urllib3.connection.HTTPConnection object at 0x7f9c776a8bd0>: Failed to establish a new connection: [Errno 111] Connection refused',))
2022-05-21 07:04:01,313 [ERROR] netort.process process.py:43	There were errors:
df: no file systems processed

2022-05-21 07:04:01,314 [DEBUG] netort.process process.py:48	Process exit code: 0
2022-05-21 07:04:01,314 [DEBUG] root plugin.py:58	Result: (0, '', 'df: no file systems processed\n')
2022-05-21 07:04:01,314 [DEBUG] yandextank.common.interfaces plugin.py:60	No disk usage info: df: no file systems processed

2022-05-21 07:04:01,315 [DEBUG] yandextank.common.interfaces plugin.py:75	Memory free: 11161/512
2022-05-21 07:04:01,315 [DEBUG] yandextank.core.tankcore tankcore.py:286	Polling <yandextank.plugins.DataUploader.plugin.Plugin object at 0x7f9c78591b10>
2022-05-21 07:04:01,315 [DEBUG] yandextank.core.tankcore tankcore.py:292	Polling took 0.179314851761
2022-05-21 07:04:01,316 [DEBUG] yandextank.core.tankcore tankcore.py:293	Tank status: {"core": {"stage": "shoot"}, "uploader": {"task": "", "web_link": "https://overload.yandex.net/523526", "job_name": "none", "person": "root", "version": "", "meta": {"loop_count": 0, "cmdline": "/usr/local/bin/yandex-tank -c tank-load.yaml", "target_port": "8080", "ammo_path": "Undefined", "target_host": "0.0.0.0:8080"}, "job_no": 523526, "job_dsc": ""}, "Plugin": {"web_link": "https://overload.yandex.net/523526", "jobno": 523526, "job_no": 523526}}
2022-05-21 07:04:01,637 [DEBUG] yandextank.aggregator.tank_aggregator tank_aggregator.py:87	Data timestamps: []
2022-05-21 07:04:01,638 [DEBUG] yandextank.aggregator.tank_aggregator tank_aggregator.py:88	Stats timestamps: []
2022-05-21 07:04:01,638 [DEBUG] yandextank.core.tankcore tankcore.py:286	Polling <yandextank.plugins.Pandora.plugin.Plugin object at 0x7f9c78587a10>
2022-05-21 07:04:01,638 [DEBUG] yandextank.core.tankcore tankcore.py:286	Polling <yandextank.plugins.JsonReport.plugin.Plugin object at 0x7f9c78591e90>
2022-05-21 07:04:01,638 [DEBUG] yandextank.core.tankcore tankcore.py:286	Polling <yandextank.plugins.Autostop.plugin.Plugin object at 0x7f9c78587790>
2022-05-21 07:04:01,639 [DEBUG] yandextank.core.tankcore tankcore.py:286	Polling <yandextank.plugins.ShellExec.plugin.Plugin object at 0x7f9c785874d0>
2022-05-21 07:04:01,639 [DEBUG] yandextank.core.tankcore tankcore.py:286	Polling <yandextank.plugins.Console.plugin.Plugin object at 0x7f9c785878d0>
2022-05-21 07:04:01,639 [DEBUG] yandextank.plugins.Console.screen screen.py:389	Terminal size: 198x49
2022-05-21 07:04:01,640 [DEBUG] yandextank.plugins.Console.screen screen.py:401	Left/right panels width: 130/63
2022-05-21 07:04:01,640 [DEBUG] yandextank.plugins.Console.screen screen.py:406	There are 3 info widgets
2022-05-21 07:04:01,640 [DEBUG] yandextank.plugins.Console.screen screen.py:410	Rendering info widget #0: <yandextank.plugins.Pandora.plugin.PandoraInfoWidget object at 0x7f9c78587c50>
2022-05-21 07:04:01,641 [DEBUG] yandextank.plugins.Console.screen screen.py:410	Rendering info widget #1: <yandextank.plugins.DataUploader.plugin.JobInfoWidget object at 0x7f9c78331b10>
2022-05-21 07:04:01,641 [DEBUG] yandextank.plugins.Console.screen screen.py:410	Rendering info widget #25: <yandextank.plugins.Autostop.plugin.AutostopWidget object at 0x7f9c78587fd0>
2022-05-21 07:04:01,641 [DEBUG] yandextank.plugins.Console.screen screen.py:367	Rendering left blocks
2022-05-21 07:04:01,642 [DEBUG] yandextank.plugins.Console.screen screen.py:418	Composing final screen output
2022-05-21 07:04:01,642 [DEBUG] yandextank.core.tankcore tankcore.py:286	Polling <yandextank.plugins.RCAssert.plugin.Plugin object at 0x7f9c78587d90>
2022-05-21 07:04:01,642 [DEBUG] yandextank.plugins.Console.plugin plugin.py:73	Writing console view to STDOUT
2022-05-21 07:04:01,642 [DEBUG] yandextank.core.tankcore tankcore.py:286	Polling <yandextank.plugins.ResourceCheck.plugin.Plugin object at 0x7f9c785913d0>
2022-05-21 07:04:01,643 [DEBUG] yandextank.common.interfaces plugin.py:44	Checking tank resources...
2022-05-21 07:04:01,643 [DEBUG] yandextank.core.tankcore tankcore.py:286	Polling <yandextank.plugins.DataUploader.plugin.Plugin object at 0x7f9c78591b10>
2022-05-21 07:04:01,643 [DEBUG] yandextank.core.tankcore tankcore.py:292	Polling took 0.00602006912231
2022-05-21 07:04:01,643 [DEBUG] yandextank.core.tankcore tankcore.py:293	Tank status: {"core": {"stage": "shoot"}, "uploader": {"task": "", "web_link": "https://overload.yandex.net/523526", "job_name": "none", "person": "root", "version": "", "meta": {"loop_count": 0, "cmdline": "/usr/local/bin/yandex-tank -c tank-load.yaml", "target_port": "8080", "ammo_path": "Undefined", "target_host": "0.0.0.0:8080"}, "job_no": 523526, "job_dsc": ""}, "Plugin": {"web_link": "https://overload.yandex.net/523526", "jobno": 523526, "job_no": 523526}}
2022-05-21 07:04:02,000 [DEBUG] urllib3.connectionpool connectionpool.py:205	Starting new HTTP connection (1): localhost:1234
2022-05-21 07:04:02,001 [DEBUG] yandextank.plugins.Pandora.reader reader.py:33	Pandora expvar http interface is unavailable
Traceback (most recent call last):
  File "/usr/local/lib/python2.7/dist-packages/yandextank/plugins/Pandora/reader.py", line 24, in run
    pandora_stat = requests.get("http://localhost:1234/debug/vars", timeout=0.9).json()
  File "/usr/local/lib/python2.7/dist-packages/requests/api.py", line 75, in get
    return request('get', url, params=params, **kwargs)
  File "/usr/local/lib/python2.7/dist-packages/requests/api.py", line 60, in request
    return session.request(method=method, url=url, **kwargs)
  File "/usr/local/lib/python2.7/dist-packages/requests/sessions.py", line 533, in request
    resp = self.send(prep, **send_kwargs)
  File "/usr/local/lib/python2.7/dist-packages/requests/sessions.py", line 646, in send
    r = adapter.send(request, **kwargs)
  File "/usr/local/lib/python2.7/dist-packages/requests/adapters.py", line 516, in send
    raise ConnectionError(e, request=request)
ConnectionError: HTTPConnectionPool(host='localhost', port=1234): Max retries exceeded with url: /debug/vars (Caused by NewConnectionError('<urllib3.connection.HTTPConnection object at 0x7f9c776a8a90>: Failed to establish a new connection: [Errno 111] Connection refused',))
2022-05-21 07:04:02,138 [DEBUG] yandextank.aggregator.tank_aggregator tank_aggregator.py:87	Data timestamps: []
2022-05-21 07:04:02,139 [DEBUG] yandextank.aggregator.tank_aggregator tank_aggregator.py:88	Stats timestamps: [1653116639, 1653116640]
2022-05-21 07:04:02,139 [DEBUG] yandextank.core.tankcore tankcore.py:286	Polling <yandextank.plugins.Pandora.plugin.Plugin object at 0x7f9c78587a10>
2022-05-21 07:04:02,139 [DEBUG] yandextank.core.tankcore tankcore.py:286	Polling <yandextank.plugins.JsonReport.plugin.Plugin object at 0x7f9c78591e90>
2022-05-21 07:04:02,139 [DEBUG] yandextank.core.tankcore tankcore.py:286	Polling <yandextank.plugins.Autostop.plugin.Plugin object at 0x7f9c78587790>
2022-05-21 07:04:02,139 [DEBUG] yandextank.core.tankcore tankcore.py:286	Polling <yandextank.plugins.ShellExec.plugin.Plugin object at 0x7f9c785874d0>
2022-05-21 07:04:02,140 [DEBUG] yandextank.core.tankcore tankcore.py:286	Polling <yandextank.plugins.Console.plugin.Plugin object at 0x7f9c785878d0>
2022-05-21 07:04:02,140 [DEBUG] yandextank.plugins.Console.screen screen.py:389	Terminal size: 198x49
2022-05-21 07:04:02,140 [DEBUG] yandextank.plugins.Console.screen screen.py:401	Left/right panels width: 130/63
2022-05-21 07:04:02,140 [DEBUG] yandextank.plugins.Console.screen screen.py:406	There are 3 info widgets
2022-05-21 07:04:02,140 [DEBUG] yandextank.plugins.Console.screen screen.py:410	Rendering info widget #0: <yandextank.plugins.Pandora.plugin.PandoraInfoWidget object at 0x7f9c78587c50>
2022-05-21 07:04:02,141 [DEBUG] yandextank.plugins.Console.screen screen.py:410	Rendering info widget #1: <yandextank.plugins.DataUploader.plugin.JobInfoWidget object at 0x7f9c78331b10>
2022-05-21 07:04:02,141 [DEBUG] yandextank.plugins.Console.screen screen.py:410	Rendering info widget #25: <yandextank.plugins.Autostop.plugin.AutostopWidget object at 0x7f9c78587fd0>
2022-05-21 07:04:02,141 [DEBUG] yandextank.plugins.Console.screen screen.py:367	Rendering left blocks
2022-05-21 07:04:02,142 [DEBUG] yandextank.plugins.Console.screen screen.py:418	Composing final screen output
2022-05-21 07:04:02,142 [DEBUG] yandextank.core.tankcore tankcore.py:286	Polling <yandextank.plugins.RCAssert.plugin.Plugin object at 0x7f9c78587d90>
2022-05-21 07:04:02,142 [DEBUG] yandextank.plugins.Console.plugin plugin.py:73	Writing console view to STDOUT
2022-05-21 07:04:02,142 [DEBUG] yandextank.core.tankcore tankcore.py:286	Polling <yandextank.plugins.ResourceCheck.plugin.Plugin object at 0x7f9c785913d0>
2022-05-21 07:04:02,143 [DEBUG] yandextank.common.interfaces plugin.py:44	Checking tank resources...
2022-05-21 07:04:02,143 [DEBUG] yandextank.core.tankcore tankcore.py:286	Polling <yandextank.plugins.DataUploader.plugin.Plugin object at 0x7f9c78591b10>
2022-05-21 07:04:02,143 [DEBUG] yandextank.core.tankcore tankcore.py:292	Polling took 0.00509309768677
2022-05-21 07:04:02,143 [DEBUG] yandextank.core.tankcore tankcore.py:293	Tank status: {"core": {"stage": "shoot"}, "uploader": {"task": "", "web_link": "https://overload.yandex.net/523526", "job_name": "none", "person": "root", "version": "", "meta": {"loop_count": 0, "cmdline": "/usr/local/bin/yandex-tank -c tank-load.yaml", "target_port": "8080", "ammo_path": "Undefined", "target_host": "0.0.0.0:8080"}, "job_no": 523526, "job_dsc": ""}, "Plugin": {"web_link": "https://overload.yandex.net/523526", "jobno": 523526, "job_no": 523526}}
2022-05-21 07:04:02,205 [WARNING] yandextank.core.tankcore tankcore.py:345	Interrupting
2022-05-21 07:04:02,640 [INFO] yandextank.core.tankcore tankcore.py:301	Finishing test...
2022-05-21 07:04:02,641 [INFO] yandextank.core.tankcore tankcore.py:303	Stopping load generator and aggregator
2022-05-21 07:04:02,643 [DEBUG] yandextank.plugins.Pandora.plugin plugin.py:225	Seems subprocess finished OK
2022-05-21 07:04:02,643 [DEBUG] yandextank.aggregator.tank_aggregator tank_aggregator.py:123	Closing stats reader
2022-05-21 07:04:02,802 [DEBUG] yandextank.plugins.Phantom.reader reader.py:62	Chunk decode time: 9.64ms
2022-05-21 07:04:02,803 [DEBUG] yandextank.aggregator.tank_aggregator tank_aggregator.py:126	Waiting for gun drain to finish
2022-05-21 07:04:03,818 [DEBUG] yandextank.aggregator.aggregator aggregator.py:157	Aggregation time: 7.07ms
2022-05-21 07:04:03,819 [DEBUG] yandextank.aggregator.tank_aggregator tank_aggregator.py:128	Waiting for stats drain to finish
2022-05-21 07:04:03,819 [DEBUG] yandextank.aggregator.tank_aggregator tank_aggregator.py:130	Collecting remaining data
2022-05-21 07:04:03,820 [DEBUG] yandextank.aggregator.tank_aggregator tank_aggregator.py:87	Data timestamps: [1653116641]
2022-05-21 07:04:03,820 [DEBUG] yandextank.aggregator.tank_aggregator tank_aggregator.py:88	Stats timestamps: []
2022-05-21 07:04:03,821 [INFO] yandextank.aggregator.tank_aggregator tank_aggregator.py:108	Timestamps without stats:
2022-05-21 07:04:03,821 [INFO] yandextank.aggregator.tank_aggregator tank_aggregator.py:110	1653116641
2022-05-21 07:04:03,822 [DEBUG] yandextank.plugins.Autostop.criterions criterions.py:95	HTTP codes matching mask 5xx: 0.0/0.1
2022-05-21 07:04:03,823 [DEBUG] yandextank.core.tankcore tankcore.py:305	RC after: 1
2022-05-21 07:04:03,823 [INFO] yandextank.core.tankcore tankcore.py:307	Stopping monitoring
2022-05-21 07:04:03,824 [DEBUG] yandextank.core.tankcore tankcore.py:315	Finalize <yandextank.plugins.JsonReport.plugin.Plugin object at 0x7f9c78591e90>
2022-05-21 07:04:03,824 [DEBUG] yandextank.core.tankcore tankcore.py:317	RC before: 1
2022-05-21 07:04:03,824 [DEBUG] yandextank.core.tankcore tankcore.py:319	RC after: 1
2022-05-21 07:04:03,824 [DEBUG] yandextank.core.tankcore tankcore.py:315	Finalize <yandextank.plugins.Autostop.plugin.Plugin object at 0x7f9c78587790>
2022-05-21 07:04:03,824 [DEBUG] yandextank.core.tankcore tankcore.py:317	RC before: 1
2022-05-21 07:04:03,825 [DEBUG] yandextank.core.tankcore tankcore.py:319	RC after: 1
2022-05-21 07:04:03,825 [DEBUG] yandextank.core.tankcore tankcore.py:315	Finalize <yandextank.plugins.ShellExec.plugin.Plugin object at 0x7f9c785874d0>
2022-05-21 07:04:03,825 [DEBUG] yandextank.core.tankcore tankcore.py:317	RC before: 1
2022-05-21 07:04:03,825 [DEBUG] yandextank.core.tankcore tankcore.py:319	RC after: 1
2022-05-21 07:04:03,825 [DEBUG] yandextank.core.tankcore tankcore.py:315	Finalize <yandextank.plugins.Console.plugin.Plugin object at 0x7f9c785878d0>
2022-05-21 07:04:03,825 [DEBUG] yandextank.core.tankcore tankcore.py:317	RC before: 1
2022-05-21 07:04:03,826 [DEBUG] yandextank.core.tankcore tankcore.py:319	RC after: 1
2022-05-21 07:04:03,826 [DEBUG] yandextank.core.tankcore tankcore.py:315	Finalize <yandextank.plugins.RCAssert.plugin.Plugin object at 0x7f9c78587d90>
2022-05-21 07:04:03,826 [DEBUG] yandextank.core.tankcore tankcore.py:317	RC before: 1
2022-05-21 07:04:03,826 [DEBUG] yandextank.core.tankcore tankcore.py:319	RC after: 1
2022-05-21 07:04:03,826 [DEBUG] yandextank.core.tankcore tankcore.py:315	Finalize <yandextank.plugins.ResourceCheck.plugin.Plugin object at 0x7f9c785913d0>
2022-05-21 07:04:03,826 [DEBUG] yandextank.core.tankcore tankcore.py:317	RC before: 1
2022-05-21 07:04:03,827 [DEBUG] yandextank.core.tankcore tankcore.py:319	RC after: 1
2022-05-21 07:04:03,827 [DEBUG] yandextank.core.tankcore tankcore.py:315	Finalize <yandextank.plugins.DataUploader.plugin.Plugin object at 0x7f9c78591b10>
2022-05-21 07:04:03,827 [DEBUG] yandextank.core.tankcore tankcore.py:317	RC before: 1
2022-05-21 07:04:03,827 [DEBUG] yandextank.plugins.DataUploader.client client.py:642	Sending configinitial config
2022-05-21 07:04:03,842 [INFO] yandextank.plugins.DataUploader.plugin plugin.py:438	Closing Data Uploader thread
2022-05-21 07:04:03,923 [INFO] yandextank.plugins.DataUploader.plugin plugin.py:438	Closing Monitoring Uploader thread
2022-05-21 07:04:03,954 [DEBUG] urllib3.connectionpool connectionpool.py:393	https://overload.yandex.net:443 "POST /api/job/523526/configinitial.txt?api_token=4f2a42fb997146a394c06ccf2768f953 HTTP/1.1" 200 16
2022-05-21 07:04:03,954 [DEBUG] yandextank.plugins.DataUploader.client client.py:642	Sending configinfo config
2022-05-21 07:04:04,097 [DEBUG] urllib3.connectionpool connectionpool.py:393	https://overload.yandex.net:443 "POST /api/job/523526/configinfo.txt?api_token=4f2a42fb997146a394c06ccf2768f953 HTTP/1.1" 200 16
2022-05-21 07:04:04,098 [INFO] yandextank.plugins.DataUploader.plugin plugin.py:478	Unlocking targets: ['0.0.0.0:8080']
2022-05-21 07:04:04,099 [INFO] yandextank.plugins.DataUploader.plugin plugin.py:480	0.0.0.0:8080
2022-05-21 07:04:04,099 [DEBUG] yandextank.core.tankcore tankcore.py:319	RC after: 1
2022-05-21 07:04:04,099 [INFO] yandextank.core.tankcore tankcore.py:330	Post-processing test...
2022-05-21 07:04:04,100 [DEBUG] yandextank.core.tankcore tankcore.py:333	Post-process <yandextank.plugins.Pandora.plugin.Plugin object at 0x7f9c78587a10>
2022-05-21 07:04:04,100 [DEBUG] yandextank.core.tankcore tankcore.py:335	RC before: 1
2022-05-21 07:04:04,100 [DEBUG] yandextank.core.tankcore tankcore.py:337	RC after: 1
2022-05-21 07:04:04,101 [DEBUG] yandextank.core.tankcore tankcore.py:333	Post-process <yandextank.plugins.JsonReport.plugin.Plugin object at 0x7f9c78591e90>
2022-05-21 07:04:04,101 [DEBUG] yandextank.core.tankcore tankcore.py:335	RC before: 1
2022-05-21 07:04:04,102 [DEBUG] yandextank.core.tankcore tankcore.py:337	RC after: 1
2022-05-21 07:04:04,103 [DEBUG] yandextank.core.tankcore tankcore.py:333	Post-process <yandextank.plugins.Autostop.plugin.Plugin object at 0x7f9c78587790>
2022-05-21 07:04:04,103 [DEBUG] yandextank.core.tankcore tankcore.py:335	RC before: 1
2022-05-21 07:04:04,104 [DEBUG] yandextank.core.tankcore tankcore.py:337	RC after: 1
2022-05-21 07:04:04,104 [DEBUG] yandextank.core.tankcore tankcore.py:333	Post-process <yandextank.plugins.ShellExec.plugin.Plugin object at 0x7f9c785874d0>
2022-05-21 07:04:04,104 [DEBUG] yandextank.core.tankcore tankcore.py:335	RC before: 1
2022-05-21 07:04:04,104 [DEBUG] yandextank.core.tankcore tankcore.py:337	RC after: 1
2022-05-21 07:04:04,104 [DEBUG] yandextank.core.tankcore tankcore.py:333	Post-process <yandextank.plugins.Console.plugin.Plugin object at 0x7f9c785878d0>
2022-05-21 07:04:04,105 [DEBUG] yandextank.core.tankcore tankcore.py:335	RC before: 1
2022-05-21 07:04:04,105 [DEBUG] yandextank.core.tankcore tankcore.py:337	RC after: 1
2022-05-21 07:04:04,105 [DEBUG] yandextank.core.tankcore tankcore.py:333	Post-process <yandextank.plugins.RCAssert.plugin.Plugin object at 0x7f9c78587d90>
2022-05-21 07:04:04,105 [DEBUG] yandextank.core.tankcore tankcore.py:335	RC before: 1
2022-05-21 07:04:04,105 [DEBUG] yandextank.core.tankcore tankcore.py:337	RC after: 1
2022-05-21 07:04:04,105 [DEBUG] yandextank.core.tankcore tankcore.py:333	Post-process <yandextank.plugins.ResourceCheck.plugin.Plugin object at 0x7f9c785913d0>
2022-05-21 07:04:04,106 [DEBUG] yandextank.core.tankcore tankcore.py:335	RC before: 1
2022-05-21 07:04:04,106 [DEBUG] yandextank.core.tankcore tankcore.py:337	RC after: 1
2022-05-21 07:04:04,106 [DEBUG] yandextank.core.tankcore tankcore.py:333	Post-process <yandextank.plugins.DataUploader.plugin.Plugin object at 0x7f9c78591b10>
2022-05-21 07:04:04,106 [DEBUG] yandextank.core.tankcore tankcore.py:335	RC before: 1
2022-05-21 07:04:04,106 [INFO] yandextank.plugins.DataUploader.plugin plugin.py:350	Waiting for sender threads to join.
2022-05-21 07:04:04,107 [INFO] yandextank.plugins.DataUploader.plugin plugin.py:357	Web link: https://overload.yandex.net/523526
2022-05-21 07:04:04,107 [DEBUG] yandextank.core.tankcore tankcore.py:391	Searching for plugin: <class 'yandextank.plugins.Autostop.plugin.Plugin'>
2022-05-21 07:04:04,107 [DEBUG] yandextank.plugins.DataUploader.plugin plugin.py:376	No autostop cause detected
2022-05-21 07:04:04,107 [DEBUG] yandextank.plugins.DataUploader.client client.py:642	Sending configinitial config
2022-05-21 07:04:04,236 [DEBUG] urllib3.connectionpool connectionpool.py:393	https://overload.yandex.net:443 "POST /api/job/523526/configinitial.txt?api_token=4f2a42fb997146a394c06ccf2768f953 HTTP/1.1" 200 16
2022-05-21 07:04:04,239 [DEBUG] yandextank.plugins.DataUploader.client client.py:642	Sending configinfo config
2022-05-21 07:04:04,351 [DEBUG] urllib3.connectionpool connectionpool.py:393	https://overload.yandex.net:443 "POST /api/job/523526/configinfo.txt?api_token=4f2a42fb997146a394c06ccf2768f953 HTTP/1.1" 200 16
2022-05-21 07:04:04,352 [DEBUG] yandextank.core.tankcore tankcore.py:337	RC after: 1
2022-05-21 07:04:04,352 [INFO] root consoleworker.py:269	Trying to clean up
2022-05-21 07:04:04,353 [INFO] yandextank.core.tankcore tankcore.py:526	Cleaning up plugin plugin_pandora
2022-05-21 07:04:04,353 [INFO] yandextank.core.tankcore tankcore.py:526	Cleaning up plugin plugin_json_report
2022-05-21 07:04:04,355 [INFO] yandextank.core.tankcore tankcore.py:526	Cleaning up plugin plugin_autostop
2022-05-21 07:04:04,355 [INFO] yandextank.core.tankcore tankcore.py:526	Cleaning up plugin plugin_shellexec
2022-05-21 07:04:04,355 [INFO] yandextank.core.tankcore tankcore.py:526	Cleaning up plugin plugin_console
2022-05-21 07:04:04,356 [INFO] yandextank.core.tankcore tankcore.py:526	Cleaning up plugin plugin_rcassert
2022-05-21 07:04:04,356 [INFO] yandextank.core.tankcore tankcore.py:526	Cleaning up plugin plugin_rcheck
2022-05-21 07:04:04,356 [INFO] yandextank.core.tankcore tankcore.py:526	Cleaning up plugin plugin_overload
2022-05-21 07:04:04,582 [DEBUG] urllib3.connectionpool connectionpool.py:393	https://overload.yandex.net:443 "GET /api/job/523526/close.json?exitcode=1&api_token=4f2a42fb997146a394c06ccf2768f953 HTTP/1.1" 200 16
2022-05-21 07:04:04,583 [INFO] yandextank.plugins.DataUploader.plugin plugin.py:478	Unlocking targets: ['0.0.0.0:8080']
2022-05-21 07:04:04,583 [INFO] yandextank.plugins.DataUploader.plugin plugin.py:480	0.0.0.0:8080
2022-05-21 07:04:04,584 [INFO] yandextank.core.tankcore tankcore.py:561	Releasing lock: /var/lock/lunapark_EQRmfC.lock
2022-05-21 07:04:04,587 [DEBUG] yandextank.core.tankcore tankcore.py:367	Collecting artifacts
2022-05-21 07:04:04,588 [INFO] yandextank.core.tankcore tankcore.py:368	Artifacts dir: /var/loadtest/logs/2022-05-21_07-03-59.861819
2022-05-21 07:04:04,588 [DEBUG] yandextank.core.tankcore tankcore.py:422	Collecting file: ./phout.log to /var/loadtest/logs/2022-05-21_07-03-59.861819/phout.log
2022-05-21 07:04:04,590 [WARNING] yandextank.core.tankcore tankcore.py:373	Failed to collect file ./phout.log: [Errno 2] No such file or directory: '/var/loadtest/logs/2022-05-21_07-03-59.861819/phout.log'
2022-05-21 07:04:04,591 [DEBUG] yandextank.core.tankcore tankcore.py:422	Collecting file: /var/loadtest/logs/2022-05-21_07-03-59.861819/pandora_config_nrAWon.yaml to /var/loadtest/logs/2022-05-21_07-03-59.861819/pandora_config_nrAWon.yaml
2022-05-21 07:04:04,592 [WARNING] yandextank.core.tankcore tankcore.py:429	File already exists: /var/loadtest/logs/2022-05-21_07-03-59.861819/pandora_config_nrAWon.yaml
2022-05-21 07:04:04,593 [DEBUG] yandextank.core.tankcore tankcore.py:422	Collecting file: jobno_file.txt to /var/loadtest/logs/2022-05-21_07-03-59.861819/jobno_file.txt
2022-05-21 07:04:04,596 [DEBUG] yandextank.core.tankcore tankcore.py:422	Collecting file: validation_error.yaml to /var/loadtest/logs/2022-05-21_07-03-59.861819/validation_error.yaml
2022-05-21 07:04:04,597 [WARNING] yandextank.core.tankcore tankcore.py:424	File not found to collect: validation_error.yaml
2022-05-21 07:04:04,597 [DEBUG] yandextank.core.tankcore tankcore.py:422	Collecting file: /var/loadtest/logs/2022-05-21_07-03-59.861819/pandora_54eOA1.log to /var/loadtest/logs/2022-05-21_07-03-59.861819/pandora_54eOA1.log
2022-05-21 07:04:04,598 [WARNING] yandextank.core.tankcore tankcore.py:429	File already exists: /var/loadtest/logs/2022-05-21_07-03-59.861819/pandora_54eOA1.log
