2022-05-21 07:02:56,495 [INFO] root consoleworker.py:434	Log file created
2022-05-21 07:02:56,495 [INFO] root consoleworker.py:438	Logging handler <logging.FileHandler object at 0x7fa1969a1b50> added
2022-05-21 07:02:56,495 [INFO] root consoleworker.py:438	Logging handler <logging.StreamHandler object at 0x7fa1969e9790> added
2022-05-21 07:02:56,496 [INFO] root consoleworker.py:438	Logging handler <logging.StreamHandler object at 0x7fa19698e990> added
2022-05-21 07:02:56,496 [INFO] root consoleworker.py:373	Created a folder for the test. /var/loadtest/logs/2022-05-21_07-02-56.439317
2022-05-21 07:02:56,496 [INFO] yandextank.core.tankcore tankcore.py:237	Configuring plugins...
2022-05-21 07:02:56,497 [INFO] yandextank.core.tankcore tankcore.py:190	Loading plugins...
2022-05-21 07:02:56,497 [DEBUG] yandextank.core.tankcore tankcore.py:192	Loading plugin rcheck from yandextank.plugins.ResourceCheck
2022-05-21 07:02:56,497 [DEBUG] yandextank.core.tankcore tankcore.py:192	Loading plugin json_report from yandextank.plugins.JsonReport
2022-05-21 07:02:56,499 [DEBUG] yandextank.core.tankcore tankcore.py:192	Loading plugin overload from yandextank.plugins.DataUploader
2022-05-21 07:02:56,499 [DEBUG] yandextank.core.tankcore tankcore.py:192	Loading plugin rcassert from yandextank.plugins.RCAssert
2022-05-21 07:02:56,500 [DEBUG] yandextank.core.tankcore tankcore.py:192	Loading plugin pandora from yandextank.plugins.Pandora
2022-05-21 07:02:56,500 [DEBUG] yandextank.core.tankcore tankcore.py:192	Loading plugin console from yandextank.plugins.Console
2022-05-21 07:02:56,500 [DEBUG] yandextank.core.tankcore tankcore.py:192	Loading plugin shellexec from yandextank.plugins.ShellExec
2022-05-21 07:02:56,500 [DEBUG] yandextank.core.tankcore tankcore.py:192	Loading plugin autostop from yandextank.plugins.Autostop
2022-05-21 07:02:56,500 [DEBUG] yandextank.core.tankcore tankcore.py:212	Plugin instances: {'plugin_pandora': <yandextank.plugins.Pandora.plugin.Plugin object at 0x7fa1968f2a10>, 'plugin_json_report': <yandextank.plugins.JsonReport.plugin.Plugin object at 0x7fa1968fde90>, 'plugin_autostop': <yandextank.plugins.Autostop.plugin.Plugin object at 0x7fa1968f2790>, 'plugin_shellexec': <yandextank.plugins.ShellExec.plugin.Plugin object at 0x7fa1968f24d0>, 'plugin_console': <yandextank.plugins.Console.plugin.Plugin object at 0x7fa1968f28d0>, 'plugin_rcassert': <yandextank.plugins.RCAssert.plugin.Plugin object at 0x7fa1968f2d90>, 'plugin_rcheck': <yandextank.plugins.ResourceCheck.plugin.Plugin object at 0x7fa1968fd3d0>, 'plugin_overload': <yandextank.plugins.DataUploader.plugin.Plugin object at 0x7fa1968fdb10>}
2022-05-21 07:02:56,500 [DEBUG] yandextank.core.tankcore tankcore.py:244	Configuring <yandextank.plugins.Pandora.plugin.Plugin object at 0x7fa1968f2a10>
2022-05-21 07:02:56,501 [INFO] yandextank.plugins.Pandora.plugin plugin.py:68	Found config_file option configuration
2022-05-21 07:02:56,507 [DEBUG] yandextank.core.tankcore tankcore.py:446	Adding artifact file to collect (keep=False): /var/loadtest/logs/2022-05-21_07-02-56.439317/pandora_config_vYOJh_.yaml
2022-05-21 07:02:56,510 [DEBUG] yandextank.plugins.Pandora.plugin plugin.py:74	Config after parsing for patching: {'pools': [{'rps': {'duration': '60s', 'type': 'line', 'from': 1, 'to': 200}, 'result': {'destination': './phout.log', 'type': 'phout'}, 'startup': {'type': 'once', 'times': 10}, 'gun': {'type': 'My_custom_gun_name', 'target': '0.0.0.0:8080'}, 'ammo': {'source': {'path': './json.ammo', 'type': 'file'}, 'type': 'custom_provider'}, 'id': 'HTTP pool'}]}
2022-05-21 07:02:56,510 [INFO] yandextank.plugins.Pandora.plugin plugin.py:153	Found report file in pandora config: ./phout.log
2022-05-21 07:02:56,511 [DEBUG] yandextank.core.tankcore tankcore.py:446	Adding artifact file to collect (keep=False): ./phout.log
2022-05-21 07:02:56,511 [DEBUG] yandextank.core.tankcore tankcore.py:244	Configuring <yandextank.plugins.JsonReport.plugin.Plugin object at 0x7fa1968fde90>
2022-05-21 07:02:56,512 [DEBUG] yandextank.core.tankcore tankcore.py:391	Searching for plugin: <class 'yandextank.common.interfaces.GeneratorPlugin'>
2022-05-21 07:02:56,512 [DEBUG] yandextank.core.tankcore tankcore.py:244	Configuring <yandextank.plugins.Autostop.plugin.Plugin object at 0x7fa1968f2790>
2022-05-21 07:02:56,512 [DEBUG] yandextank.core.tankcore tankcore.py:244	Configuring <yandextank.plugins.ShellExec.plugin.Plugin object at 0x7fa1968f24d0>
2022-05-21 07:02:56,513 [DEBUG] yandextank.core.tankcore tankcore.py:244	Configuring <yandextank.plugins.Console.plugin.Plugin object at 0x7fa1968f28d0>
2022-05-21 07:02:56,513 [DEBUG] yandextank.core.tankcore tankcore.py:244	Configuring <yandextank.plugins.RCAssert.plugin.Plugin object at 0x7fa1968f2d90>
2022-05-21 07:02:56,513 [DEBUG] yandextank.core.tankcore tankcore.py:244	Configuring <yandextank.plugins.ResourceCheck.plugin.Plugin object at 0x7fa1968fd3d0>
2022-05-21 07:02:56,514 [DEBUG] yandextank.core.tankcore tankcore.py:244	Configuring <yandextank.plugins.DataUploader.plugin.Plugin object at 0x7fa1968fdb10>
2022-05-21 07:02:56,514 [INFO] yandextank.core.tankcore tankcore.py:249	Preparing test...
2022-05-21 07:02:56,514 [DEBUG] yandextank.core.tankcore tankcore.py:253	Preparing <yandextank.plugins.Pandora.plugin.Plugin object at 0x7fa1968f2a10>
2022-05-21 07:02:56,514 [DEBUG] yandextank.core.tankcore tankcore.py:391	Searching for plugin: <class 'yandextank.plugins.Console.plugin.Plugin'>
2022-05-21 07:02:56,514 [DEBUG] yandextank.core.tankcore tankcore.py:253	Preparing <yandextank.plugins.JsonReport.plugin.Plugin object at 0x7fa1968fde90>
2022-05-21 07:02:56,515 [DEBUG] yandextank.core.tankcore tankcore.py:253	Preparing <yandextank.plugins.Autostop.plugin.Plugin object at 0x7fa1968f2790>
2022-05-21 07:02:56,515 [DEBUG] yandextank.common.interfaces plugin.py:74	Criterion string: http(5xx,10%,5s)
2022-05-21 07:02:56,515 [DEBUG] yandextank.common.interfaces plugin.py:78	Criterion objects: {'http(5xx,10%,5s)': <yandextank.plugins.Autostop.criterions.HTTPCodesCriterion object at 0x7fa1968f2ad0>}
2022-05-21 07:02:56,515 [DEBUG] yandextank.core.tankcore tankcore.py:391	Searching for plugin: <class 'yandextank.plugins.Console.plugin.Plugin'>
2022-05-21 07:02:56,515 [DEBUG] yandextank.core.tankcore tankcore.py:253	Preparing <yandextank.plugins.ShellExec.plugin.Plugin object at 0x7fa1968f24d0>
2022-05-21 07:02:56,515 [DEBUG] yandextank.core.tankcore tankcore.py:253	Preparing <yandextank.plugins.Console.plugin.Plugin object at 0x7fa1968f28d0>
2022-05-21 07:02:56,516 [DEBUG] yandextank.core.tankcore tankcore.py:253	Preparing <yandextank.plugins.RCAssert.plugin.Plugin object at 0x7fa1968f2d90>
2022-05-21 07:02:56,516 [DEBUG] yandextank.core.tankcore tankcore.py:253	Preparing <yandextank.plugins.ResourceCheck.plugin.Plugin object at 0x7fa1968fd3d0>
2022-05-21 07:02:56,516 [INFO] yandextank.common.interfaces plugin.py:39	Checking tank resources...
2022-05-21 07:02:56,516 [DEBUG] netort.process process.py:23	Starting: sh -c "df --no-sync -m -P -l -x fuse -x tmpfs -x devtmpfs -x davfs -x nfs /var/loadtest/logs | tail -n 1 | awk '{print \$4}' "
2022-05-21 07:02:56,637 [ERROR] netort.process process.py:43	There were errors:
df: no file systems processed

2022-05-21 07:02:56,638 [DEBUG] netort.process process.py:48	Process exit code: 0
2022-05-21 07:02:56,638 [DEBUG] root plugin.py:58	Result: (0, '', 'df: no file systems processed\n')
2022-05-21 07:02:56,639 [DEBUG] yandextank.common.interfaces plugin.py:60	No disk usage info: df: no file systems processed

2022-05-21 07:02:56,639 [DEBUG] yandextank.common.interfaces plugin.py:75	Memory free: 11172/512
2022-05-21 07:02:56,640 [DEBUG] yandextank.core.tankcore tankcore.py:253	Preparing <yandextank.plugins.DataUploader.plugin.Plugin object at 0x7fa1968fdb10>
2022-05-21 07:02:56,640 [WARNING] yandextank.plugins.DataUploader.plugin plugin.py:234	Failed to get info about ammo path
2022-05-21 07:02:56,640 [INFO] root plugin.py:523	Using OVERLOAD backend
2022-05-21 07:02:56,641 [ERROR] yandextank.plugins.DataUploader.plugin plugin.py:634	Overload API token filename is not defined
2022-05-21 07:02:56,641 [INFO] yandextank.plugins.DataUploader.plugin plugin.py:636	Get your Overload API token from https://overload.yandex.net and provide it via 'overload.token_file' parameter
2022-05-21 07:02:56,642 [ERROR] root consoleworker.py:268	Exception occurred:
<type 'exceptions.RuntimeError'>: API token error
  File "/usr/local/lib/python2.7/dist-packages/yandextank/core/consoleworker.py", line 377, in run
    self.core.plugins_prepare_test()

  File "/usr/local/lib/python2.7/dist-packages/yandextank/core/tankcore.py", line 254, in plugins_prepare_test
    plugin.prepare_test()

  File "/usr/local/lib/python2.7/dist-packages/yandextank/plugins/DataUploader/plugin.py", line 239, in prepare_test
    lp_job = self.lp_job

  File "/usr/local/lib/python2.7/dist-packages/yandextank/plugins/DataUploader/plugin.py", line 553, in lp_job
    self._lp_job = self.__get_lp_job()

  File "/usr/local/lib/python2.7/dist-packages/yandextank/plugins/DataUploader/plugin.py", line 569, in __get_lp_job
    api_client = self.__get_api_client()

  File "/usr/local/lib/python2.7/dist-packages/yandextank/plugins/DataUploader/plugin.py", line 529, in __get_api_client
    self._api_token = self.read_token(self.get_option("token_file"))

  File "/usr/local/lib/python2.7/dist-packages/yandextank/plugins/DataUploader/plugin.py", line 638, in read_token
    raise RuntimeError("API token error")

2022-05-21 07:02:56,642 [INFO] root consoleworker.py:269	Trying to clean up
2022-05-21 07:02:56,643 [INFO] yandextank.core.tankcore tankcore.py:526	Cleaning up plugin plugin_pandora
2022-05-21 07:02:56,643 [INFO] yandextank.core.tankcore tankcore.py:526	Cleaning up plugin plugin_json_report
2022-05-21 07:02:56,643 [INFO] yandextank.core.tankcore tankcore.py:526	Cleaning up plugin plugin_autostop
2022-05-21 07:02:56,643 [INFO] yandextank.core.tankcore tankcore.py:526	Cleaning up plugin plugin_shellexec
2022-05-21 07:02:56,643 [INFO] yandextank.core.tankcore tankcore.py:526	Cleaning up plugin plugin_console
2022-05-21 07:02:56,644 [INFO] yandextank.core.tankcore tankcore.py:526	Cleaning up plugin plugin_rcassert
2022-05-21 07:02:56,644 [INFO] yandextank.core.tankcore tankcore.py:526	Cleaning up plugin plugin_rcheck
2022-05-21 07:02:56,644 [INFO] yandextank.core.tankcore tankcore.py:526	Cleaning up plugin plugin_overload
2022-05-21 07:02:56,644 [INFO] yandextank.core.tankcore tankcore.py:561	Releasing lock: /var/lock/lunapark_fAfBfG.lock
2022-05-21 07:02:56,646 [WARNING] root consoleworker.py:408	Job number is not available yet
2022-05-21 07:02:56,647 [WARNING] root consoleworker.py:415	Job number is not available yet
2022-05-21 07:02:56,649 [DEBUG] yandextank.core.tankcore tankcore.py:367	Collecting artifacts
2022-05-21 07:02:56,650 [INFO] yandextank.core.tankcore tankcore.py:368	Artifacts dir: /var/loadtest/logs/2022-05-21_07-02-56.439317
2022-05-21 07:02:56,650 [DEBUG] yandextank.core.tankcore tankcore.py:422	Collecting file: ./phout.log to /var/loadtest/logs/2022-05-21_07-02-56.439317/phout.log
2022-05-21 07:02:56,653 [DEBUG] yandextank.core.tankcore tankcore.py:422	Collecting file: /var/loadtest/logs/2022-05-21_07-02-56.439317/pandora_config_vYOJh_.yaml to /var/loadtest/logs/2022-05-21_07-02-56.439317/pandora_config_vYOJh_.yaml
2022-05-21 07:02:56,654 [WARNING] yandextank.core.tankcore tankcore.py:429	File already exists: /var/loadtest/logs/2022-05-21_07-02-56.439317/pandora_config_vYOJh_.yaml
2022-05-21 07:02:56,655 [DEBUG] yandextank.core.tankcore tankcore.py:422	Collecting file: validation_error.yaml to /var/loadtest/logs/2022-05-21_07-02-56.439317/validation_error.yaml
2022-05-21 07:02:56,655 [WARNING] yandextank.core.tankcore tankcore.py:424	File not found to collect: validation_error.yaml
