2022-05-20 18:25:05,803 [INFO] root consoleworker.py:434	Log file created
2022-05-20 18:25:05,804 [INFO] root consoleworker.py:438	Logging handler <logging.FileHandler object at 0x40191a2c10> added
2022-05-20 18:25:05,805 [INFO] root consoleworker.py:438	Logging handler <logging.StreamHandler object at 0x401916a850> added
2022-05-20 18:25:05,806 [INFO] root consoleworker.py:438	Logging handler <logging.StreamHandler object at 0x401918ea50> added
2022-05-20 18:25:05,807 [INFO] root consoleworker.py:373	Created a folder for the test. /Users/nikitaratasnuk/yandex.tank/gun/logs/2022-05-20_18-25-05.636354
2022-05-20 18:25:05,808 [INFO] yandextank.core.tankcore tankcore.py:237	Configuring plugins...
2022-05-20 18:25:05,809 [INFO] yandextank.core.tankcore tankcore.py:190	Loading plugins...
2022-05-20 18:25:05,810 [DEBUG] yandextank.core.tankcore tankcore.py:192	Loading plugin rcheck from yandextank.plugins.ResourceCheck
2022-05-20 18:25:05,811 [DEBUG] yandextank.core.tankcore tankcore.py:192	Loading plugin json_report from yandextank.plugins.JsonReport
2022-05-20 18:25:05,817 [DEBUG] yandextank.core.tankcore tankcore.py:192	Loading plugin overload from yandextank.plugins.DataUploader
2022-05-20 18:25:05,819 [DEBUG] yandextank.core.tankcore tankcore.py:192	Loading plugin rcassert from yandextank.plugins.RCAssert
2022-05-20 18:25:05,820 [DEBUG] yandextank.core.tankcore tankcore.py:192	Loading plugin pandora from yandextank.plugins.Pandora
2022-05-20 18:25:05,821 [DEBUG] yandextank.core.tankcore tankcore.py:192	Loading plugin console from yandextank.plugins.Console
2022-05-20 18:25:05,823 [DEBUG] yandextank.core.tankcore tankcore.py:192	Loading plugin shellexec from yandextank.plugins.ShellExec
2022-05-20 18:25:05,825 [DEBUG] yandextank.core.tankcore tankcore.py:192	Loading plugin autostop from yandextank.plugins.Autostop
2022-05-20 18:25:05,826 [DEBUG] yandextank.core.tankcore tankcore.py:212	Plugin instances: {'plugin_pandora': <yandextank.plugins.Pandora.plugin.Plugin object at 0x4019275890>, 'plugin_json_report': <yandextank.plugins.JsonReport.plugin.Plugin object at 0x401927e590>, 'plugin_autostop': <yandextank.plugins.Autostop.plugin.Plugin object at 0x4019275cd0>, 'plugin_shellexec': <yandextank.plugins.ShellExec.plugin.Plugin object at 0x40192753d0>, 'plugin_console': <yandextank.plugins.Console.plugin.Plugin object at 0x4019275950>, 'plugin_rcassert': <yandextank.plugins.RCAssert.plugin.Plugin object at 0x4019275590>, 'plugin_rcheck': <yandextank.plugins.ResourceCheck.plugin.Plugin object at 0x4019266e90>, 'plugin_overload': <yandextank.plugins.DataUploader.plugin.Plugin object at 0x401927eb50>}
2022-05-20 18:25:05,827 [DEBUG] yandextank.core.tankcore tankcore.py:244	Configuring <yandextank.plugins.Pandora.plugin.Plugin object at 0x4019275890>
2022-05-20 18:25:05,829 [INFO] yandextank.plugins.Pandora.plugin plugin.py:68	Found config_file option configuration
2022-05-20 18:25:05,852 [DEBUG] yandextank.core.tankcore tankcore.py:446	Adding artifact file to collect (keep=False): /Users/nikitaratasnuk/yandex.tank/gun/logs/2022-05-20_18-25-05.636354/pandora_config_FUsMGc.yaml
2022-05-20 18:25:05,866 [DEBUG] yandextank.plugins.Pandora.plugin plugin.py:74	Config after parsing for patching: {'pools': [{'rps': {'duration': '60s', 'type': 'line', 'from': 1, 'to': 200}, 'result': {'destination': './phout.log', 'type': 'phout'}, 'startup': {'type': 'once', 'times': 10}, 'gun': {'type': 'My_custom_gun_name', 'target': '0.0.0.0:8080'}, 'ammo': {'source': {'path': './json.ammo', 'type': 'file'}, 'type': 'custom_provider'}, 'id': 'HTTP pool'}]}
2022-05-20 18:25:05,867 [INFO] yandextank.plugins.Pandora.plugin plugin.py:153	Found report file in pandora config: ./phout.log
2022-05-20 18:25:05,871 [DEBUG] yandextank.core.tankcore tankcore.py:446	Adding artifact file to collect (keep=False): ./phout.log
2022-05-20 18:25:05,872 [DEBUG] yandextank.core.tankcore tankcore.py:244	Configuring <yandextank.plugins.JsonReport.plugin.Plugin object at 0x401927e590>
2022-05-20 18:25:05,873 [DEBUG] yandextank.core.tankcore tankcore.py:391	Searching for plugin: <class 'yandextank.common.interfaces.GeneratorPlugin'>
2022-05-20 18:25:05,881 [DEBUG] yandextank.core.tankcore tankcore.py:244	Configuring <yandextank.plugins.Autostop.plugin.Plugin object at 0x4019275cd0>
2022-05-20 18:25:05,883 [DEBUG] yandextank.core.tankcore tankcore.py:244	Configuring <yandextank.plugins.ShellExec.plugin.Plugin object at 0x40192753d0>
2022-05-20 18:25:05,884 [DEBUG] yandextank.core.tankcore tankcore.py:244	Configuring <yandextank.plugins.Console.plugin.Plugin object at 0x4019275950>
2022-05-20 18:25:05,887 [DEBUG] yandextank.core.tankcore tankcore.py:244	Configuring <yandextank.plugins.RCAssert.plugin.Plugin object at 0x4019275590>
2022-05-20 18:25:05,888 [DEBUG] yandextank.core.tankcore tankcore.py:244	Configuring <yandextank.plugins.ResourceCheck.plugin.Plugin object at 0x4019266e90>
2022-05-20 18:25:05,891 [DEBUG] yandextank.core.tankcore tankcore.py:244	Configuring <yandextank.plugins.DataUploader.plugin.Plugin object at 0x401927eb50>
2022-05-20 18:25:05,893 [INFO] yandextank.core.tankcore tankcore.py:249	Preparing test...
2022-05-20 18:25:05,893 [DEBUG] yandextank.core.tankcore tankcore.py:253	Preparing <yandextank.plugins.Pandora.plugin.Plugin object at 0x4019275890>
2022-05-20 18:25:05,896 [DEBUG] yandextank.core.tankcore tankcore.py:391	Searching for plugin: <class 'yandextank.plugins.Console.plugin.Plugin'>
2022-05-20 18:25:05,897 [DEBUG] yandextank.core.tankcore tankcore.py:253	Preparing <yandextank.plugins.JsonReport.plugin.Plugin object at 0x401927e590>
2022-05-20 18:25:05,897 [DEBUG] yandextank.core.tankcore tankcore.py:253	Preparing <yandextank.plugins.Autostop.plugin.Plugin object at 0x4019275cd0>
2022-05-20 18:25:05,899 [DEBUG] yandextank.common.interfaces plugin.py:74	Criterion string: http(5xx,10%,5s)
2022-05-20 18:25:05,900 [DEBUG] yandextank.common.interfaces plugin.py:78	Criterion objects: {'http(5xx,10%,5s)': <yandextank.plugins.Autostop.criterions.HTTPCodesCriterion object at 0x4019275f10>}
2022-05-20 18:25:05,901 [DEBUG] yandextank.core.tankcore tankcore.py:391	Searching for plugin: <class 'yandextank.plugins.Console.plugin.Plugin'>
2022-05-20 18:25:05,903 [DEBUG] yandextank.core.tankcore tankcore.py:253	Preparing <yandextank.plugins.ShellExec.plugin.Plugin object at 0x40192753d0>
2022-05-20 18:25:05,904 [DEBUG] yandextank.core.tankcore tankcore.py:253	Preparing <yandextank.plugins.Console.plugin.Plugin object at 0x4019275950>
2022-05-20 18:25:05,905 [DEBUG] yandextank.core.tankcore tankcore.py:253	Preparing <yandextank.plugins.RCAssert.plugin.Plugin object at 0x4019275590>
2022-05-20 18:25:05,906 [DEBUG] yandextank.core.tankcore tankcore.py:253	Preparing <yandextank.plugins.ResourceCheck.plugin.Plugin object at 0x4019266e90>
2022-05-20 18:25:05,907 [INFO] yandextank.common.interfaces plugin.py:39	Checking tank resources...
2022-05-20 18:25:05,908 [DEBUG] netort.process process.py:23	Starting: sh -c "df --no-sync -m -P -l -x fuse -x tmpfs -x devtmpfs -x davfs -x nfs /Users/nikitaratasnuk/yandex.tank/gun/logs | tail -n 1 | awk '{print \$4}' "
2022-05-20 18:25:06,425 [DEBUG] netort.process process.py:46	Process output:
11062

2022-05-20 18:25:06,426 [DEBUG] netort.process process.py:48	Process exit code: 0
2022-05-20 18:25:06,428 [DEBUG] root plugin.py:58	Result: (0, '11062\n', '')
2022-05-20 18:25:06,429 [DEBUG] yandextank.common.interfaces plugin.py:64	Disk free space: 11062/2048
2022-05-20 18:25:06,431 [DEBUG] yandextank.common.interfaces plugin.py:75	Memory free: 3093/512
2022-05-20 18:25:06,432 [DEBUG] yandextank.core.tankcore tankcore.py:253	Preparing <yandextank.plugins.DataUploader.plugin.Plugin object at 0x401927eb50>
2022-05-20 18:25:06,433 [WARNING] yandextank.plugins.DataUploader.plugin plugin.py:234	Failed to get info about ammo path
2022-05-20 18:25:06,435 [INFO] root plugin.py:523	Using OVERLOAD backend
2022-05-20 18:25:06,437 [DEBUG] yandextank.plugins.DataUploader.plugin plugin.py:618	Trying to read token from token.txt
2022-05-20 18:25:06,441 [INFO] yandextank.plugins.DataUploader.plugin plugin.py:624	Read authentication token from token.txt, token length is 32 bytes
2022-05-20 18:25:06,478 [INFO] yandextank.plugins.DataUploader.client client.py:59	Proxy not set
2022-05-20 18:25:06,480 [INFO] yandextank.plugins.DataUploader.plugin plugin.py:647	Detected target: 0.0.0.0:8080
2022-05-20 18:25:06,507 [DEBUG] yandextank.plugins.DataUploader.client client.py:336	Job create request: {'person': 'root', 'host': '0.0.0.0:8080', 'task': '', 'tank': 'b3d29d40a9fc', 'notify': [], 'loadscheme': [], 'detailed_time': None, 'port': '8080'}
2022-05-20 18:25:06,515 [DEBUG] urllib3.connectionpool connectionpool.py:813	Starting new HTTPS connection (1): overload.yandex.net:443
2022-05-20 18:25:06,751 [DEBUG] urllib3.connectionpool connectionpool.py:393	https://overload.yandex.net:443 "POST /api/job/create.json?api_token=4f2a42fb997146a394c06ccf2768f953 HTTP/1.1" 200 None
2022-05-20 18:25:06,767 [INFO] yandextank.plugins.DataUploader.plugin plugin.py:789	Job created: 523484
2022-05-20 18:25:06,772 [DEBUG] yandextank.plugins.DataUploader.client client.py:642	Sending configinitial config
2022-05-20 18:25:06,839 [DEBUG] urllib3.connectionpool connectionpool.py:393	https://overload.yandex.net:443 "POST /api/job/523484/configinitial.txt?api_token=4f2a42fb997146a394c06ccf2768f953 HTTP/1.1" 200 16
2022-05-20 18:25:06,846 [INFO] yandextank.plugins.DataUploader.plugin plugin.py:485	Locking targets: ['0.0.0.0:8080']
2022-05-20 18:25:06,848 [INFO] yandextank.plugins.DataUploader.plugin plugin.py:487	Locked targets: ['0.0.0.0:8080']
2022-05-20 18:25:06,859 [DEBUG] yandextank.common.interfaces interfaces.py:101	Publishing status: Plugin/job_no: 523484
2022-05-20 18:25:07,034 [DEBUG] urllib3.connectionpool connectionpool.py:393	https://overload.yandex.net:443 "POST /api/job/523484/edit.json?api_token=4f2a42fb997146a394c06ccf2768f953 HTTP/1.1" 200 19
2022-05-20 18:25:07,050 [DEBUG] yandextank.core.tankcore tankcore.py:391	Searching for plugin: <class 'yandextank.plugins.Console.plugin.Plugin'>
2022-05-20 18:25:07,056 [DEBUG] yandextank.plugins.DataUploader.client client.py:642	Sending configinitial config
2022-05-20 18:25:07,217 [DEBUG] urllib3.connectionpool connectionpool.py:393	https://overload.yandex.net:443 "POST /api/job/523484/configinitial.txt?api_token=4f2a42fb997146a394c06ccf2768f953 HTTP/1.1" 200 16
2022-05-20 18:25:07,229 [DEBUG] yandextank.plugins.DataUploader.client client.py:642	Sending configinfo config
2022-05-20 18:25:07,351 [DEBUG] urllib3.connectionpool connectionpool.py:393	https://overload.yandex.net:443 "POST /api/job/523484/configinfo.txt?api_token=4f2a42fb997146a394c06ccf2768f953 HTTP/1.1" 200 16
2022-05-20 18:25:07,365 [INFO] yandextank.core.tankcore tankcore.py:259	Starting test...
2022-05-20 18:25:07,376 [INFO] yandextank.aggregator.tank_aggregator tank_aggregator.py:63	using verbose histogram
2022-05-20 18:25:07,404 [DEBUG] yandextank.core.tankcore tankcore.py:263	Starting <yandextank.plugins.Pandora.plugin.Plugin object at 0x4019275890>
2022-05-20 18:25:07,408 [INFO] yandextank.plugins.Pandora.plugin plugin.py:183	Starting: ['./gun', '-expvar', '/Users/nikitaratasnuk/yandex.tank/gun/logs/2022-05-20_18-25-05.636354/pandora_config_FUsMGc.yaml']
2022-05-20 18:25:07,417 [DEBUG] urllib3.connectionpool connectionpool.py:205	Starting new HTTP connection (1): localhost:1234
2022-05-20 18:25:07,423 [DEBUG] yandextank.core.tankcore tankcore.py:446	Adding artifact file to collect (keep=False): /Users/nikitaratasnuk/yandex.tank/gun/logs/2022-05-20_18-25-05.636354/pandora_zvlVI_.log
2022-05-20 18:25:07,426 [DEBUG] yandextank.plugins.Pandora.reader reader.py:33	Pandora expvar http interface is unavailable
Traceback (most recent call last):
  File "/usr/local/lib/python2.7/dist-packages/yandextank/plugins/Pandora/reader.py", line 24, in run
    pandora_stat = requests.get("http://localhost:1234/debug/vars", timeout=0.9).json()
  File "/usr/local/lib/python2.7/dist-packages/requests/api.py", line 75, in get
    return request('get', url, params=params, **kwargs)
  File "/usr/local/lib/python2.7/dist-packages/requests/api.py", line 60, in request
    return session.request(method=method, url=url, **kwargs)
  File "/usr/local/lib/python2.7/dist-packages/requests/sessions.py", line 533, in request
    resp = self.send(prep, **send_kwargs)
  File "/usr/local/lib/python2.7/dist-packages/requests/sessions.py", line 646, in send
    r = adapter.send(request, **kwargs)
  File "/usr/local/lib/python2.7/dist-packages/requests/adapters.py", line 516, in send
    raise ConnectionError(e, request=request)
ConnectionError: HTTPConnectionPool(host='localhost', port=1234): Max retries exceeded with url: /debug/vars (Caused by NewConnectionError('<urllib3.connection.HTTPConnection object at 0x401983e390>: Failed to establish a new connection: [Errno 111] Connection refused',))
2022-05-20 18:25:07,880 [DEBUG] yandextank.plugins.Pandora.plugin plugin.py:196	Unable to start Pandora binary. Args: ['./gun', '-expvar', '/Users/nikitaratasnuk/yandex.tank/gun/logs/2022-05-20_18-25-05.636354/pandora_config_FUsMGc.yaml']
Traceback (most recent call last):
  File "/usr/local/lib/python2.7/dist-packages/yandextank/plugins/Pandora/plugin.py", line 193, in start_test
    close_fds=True)
  File "/usr/lib/python2.7/subprocess.py", line 711, in __init__
    errread, errwrite)
  File "/usr/lib/python2.7/subprocess.py", line 1343, in _execute_child
    raise child_exception
OSError: [Errno 13] Permission denied
2022-05-20 18:25:07,883 [ERROR] root consoleworker.py:296	Test interrupted:
<type 'exceptions.RuntimeError'>: Unable to start Pandora binary and/or file does not exist: ['./gun', '-expvar', '/Users/nikitaratasnuk/yandex.tank/gun/logs/2022-05-20_18-25-05.636354/pandora_config_FUsMGc.yaml']
<traceback object at 0x403e21cb90>
2022-05-20 18:25:07,886 [INFO] yandextank.core.tankcore tankcore.py:301	Finishing test...
2022-05-20 18:25:07,888 [INFO] yandextank.core.tankcore tankcore.py:303	Stopping load generator and aggregator
2022-05-20 18:25:07,889 [DEBUG] yandextank.plugins.Pandora.plugin plugin.py:225	Seems subprocess finished OK
2022-05-20 18:25:07,890 [DEBUG] yandextank.aggregator.tank_aggregator tank_aggregator.py:123	Closing stats reader
2022-05-20 18:25:08,043 [DEBUG] yandextank.aggregator.tank_aggregator tank_aggregator.py:126	Waiting for gun drain to finish
2022-05-20 18:25:08,421 [DEBUG] yandextank.aggregator.tank_aggregator tank_aggregator.py:128	Waiting for stats drain to finish
2022-05-20 18:25:08,428 [DEBUG] yandextank.aggregator.tank_aggregator tank_aggregator.py:130	Collecting remaining data
2022-05-20 18:25:08,432 [DEBUG] yandextank.aggregator.tank_aggregator tank_aggregator.py:87	Data timestamps: []
2022-05-20 18:25:08,436 [DEBUG] yandextank.aggregator.tank_aggregator tank_aggregator.py:88	Stats timestamps: []
2022-05-20 18:25:08,439 [DEBUG] yandextank.core.tankcore tankcore.py:305	RC after: 1
2022-05-20 18:25:08,443 [INFO] yandextank.core.tankcore tankcore.py:307	Stopping monitoring
2022-05-20 18:25:08,447 [DEBUG] yandextank.core.tankcore tankcore.py:315	Finalize <yandextank.plugins.JsonReport.plugin.Plugin object at 0x401927e590>
2022-05-20 18:25:08,451 [DEBUG] yandextank.core.tankcore tankcore.py:317	RC before: 1
2022-05-20 18:25:08,454 [DEBUG] yandextank.core.tankcore tankcore.py:319	RC after: 1
2022-05-20 18:25:08,456 [DEBUG] yandextank.core.tankcore tankcore.py:315	Finalize <yandextank.plugins.Autostop.plugin.Plugin object at 0x4019275cd0>
2022-05-20 18:25:08,459 [DEBUG] yandextank.core.tankcore tankcore.py:317	RC before: 1
2022-05-20 18:25:08,460 [DEBUG] yandextank.core.tankcore tankcore.py:319	RC after: 1
2022-05-20 18:25:08,463 [DEBUG] yandextank.core.tankcore tankcore.py:315	Finalize <yandextank.plugins.ShellExec.plugin.Plugin object at 0x40192753d0>
2022-05-20 18:25:08,465 [DEBUG] yandextank.core.tankcore tankcore.py:317	RC before: 1
2022-05-20 18:25:08,467 [DEBUG] yandextank.core.tankcore tankcore.py:319	RC after: 1
2022-05-20 18:25:08,470 [DEBUG] yandextank.core.tankcore tankcore.py:315	Finalize <yandextank.plugins.Console.plugin.Plugin object at 0x4019275950>
2022-05-20 18:25:08,472 [DEBUG] yandextank.core.tankcore tankcore.py:317	RC before: 1
2022-05-20 18:25:08,474 [DEBUG] yandextank.core.tankcore tankcore.py:319	RC after: 1
2022-05-20 18:25:08,477 [DEBUG] yandextank.core.tankcore tankcore.py:315	Finalize <yandextank.plugins.RCAssert.plugin.Plugin object at 0x4019275590>
2022-05-20 18:25:08,478 [DEBUG] yandextank.core.tankcore tankcore.py:317	RC before: 1
2022-05-20 18:25:08,480 [DEBUG] yandextank.core.tankcore tankcore.py:319	RC after: 1
2022-05-20 18:25:08,481 [DEBUG] yandextank.core.tankcore tankcore.py:315	Finalize <yandextank.plugins.ResourceCheck.plugin.Plugin object at 0x4019266e90>
2022-05-20 18:25:08,483 [DEBUG] yandextank.core.tankcore tankcore.py:317	RC before: 1
2022-05-20 18:25:08,484 [DEBUG] yandextank.core.tankcore tankcore.py:319	RC after: 1
2022-05-20 18:25:08,485 [DEBUG] yandextank.core.tankcore tankcore.py:315	Finalize <yandextank.plugins.DataUploader.plugin.Plugin object at 0x401927eb50>
2022-05-20 18:25:08,487 [DEBUG] yandextank.core.tankcore tankcore.py:317	RC before: 1
2022-05-20 18:25:08,488 [DEBUG] yandextank.plugins.DataUploader.client client.py:642	Sending configinitial config
2022-05-20 18:25:08,561 [DEBUG] urllib3.connectionpool connectionpool.py:393	https://overload.yandex.net:443 "POST /api/job/523484/configinitial.txt?api_token=4f2a42fb997146a394c06ccf2768f953 HTTP/1.1" 200 16
2022-05-20 18:25:08,566 [DEBUG] yandextank.plugins.DataUploader.client client.py:642	Sending configinfo config
2022-05-20 18:25:08,672 [DEBUG] urllib3.connectionpool connectionpool.py:393	https://overload.yandex.net:443 "POST /api/job/523484/configinfo.txt?api_token=4f2a42fb997146a394c06ccf2768f953 HTTP/1.1" 200 16
2022-05-20 18:25:08,680 [INFO] yandextank.plugins.DataUploader.plugin plugin.py:478	Unlocking targets: ['0.0.0.0:8080']
2022-05-20 18:25:08,684 [INFO] yandextank.plugins.DataUploader.plugin plugin.py:480	0.0.0.0:8080
2022-05-20 18:25:08,687 [DEBUG] yandextank.core.tankcore tankcore.py:319	RC after: 1
2022-05-20 18:25:08,690 [INFO] yandextank.core.tankcore tankcore.py:330	Post-processing test...
2022-05-20 18:25:08,693 [DEBUG] yandextank.core.tankcore tankcore.py:333	Post-process <yandextank.plugins.Pandora.plugin.Plugin object at 0x4019275890>
2022-05-20 18:25:08,695 [DEBUG] yandextank.core.tankcore tankcore.py:335	RC before: 1
2022-05-20 18:25:08,697 [DEBUG] yandextank.core.tankcore tankcore.py:337	RC after: 1
2022-05-20 18:25:08,699 [DEBUG] yandextank.core.tankcore tankcore.py:333	Post-process <yandextank.plugins.JsonReport.plugin.Plugin object at 0x401927e590>
2022-05-20 18:25:08,700 [DEBUG] yandextank.core.tankcore tankcore.py:335	RC before: 1
2022-05-20 18:25:08,703 [DEBUG] yandextank.core.tankcore tankcore.py:337	RC after: 1
2022-05-20 18:25:08,705 [DEBUG] yandextank.core.tankcore tankcore.py:333	Post-process <yandextank.plugins.Autostop.plugin.Plugin object at 0x4019275cd0>
2022-05-20 18:25:08,706 [DEBUG] yandextank.core.tankcore tankcore.py:335	RC before: 1
2022-05-20 18:25:08,708 [DEBUG] yandextank.core.tankcore tankcore.py:337	RC after: 1
2022-05-20 18:25:08,710 [DEBUG] yandextank.core.tankcore tankcore.py:333	Post-process <yandextank.plugins.ShellExec.plugin.Plugin object at 0x40192753d0>
2022-05-20 18:25:08,711 [DEBUG] yandextank.core.tankcore tankcore.py:335	RC before: 1
2022-05-20 18:25:08,713 [DEBUG] yandextank.core.tankcore tankcore.py:337	RC after: 1
2022-05-20 18:25:08,714 [DEBUG] yandextank.core.tankcore tankcore.py:333	Post-process <yandextank.plugins.Console.plugin.Plugin object at 0x4019275950>
2022-05-20 18:25:08,715 [DEBUG] yandextank.core.tankcore tankcore.py:335	RC before: 1
2022-05-20 18:25:08,716 [DEBUG] yandextank.core.tankcore tankcore.py:337	RC after: 1
2022-05-20 18:25:08,717 [DEBUG] yandextank.core.tankcore tankcore.py:333	Post-process <yandextank.plugins.RCAssert.plugin.Plugin object at 0x4019275590>
2022-05-20 18:25:08,718 [DEBUG] yandextank.core.tankcore tankcore.py:335	RC before: 1
2022-05-20 18:25:08,719 [DEBUG] yandextank.core.tankcore tankcore.py:337	RC after: 1
2022-05-20 18:25:08,720 [DEBUG] yandextank.core.tankcore tankcore.py:333	Post-process <yandextank.plugins.ResourceCheck.plugin.Plugin object at 0x4019266e90>
2022-05-20 18:25:08,721 [DEBUG] yandextank.core.tankcore tankcore.py:335	RC before: 1
2022-05-20 18:25:08,723 [DEBUG] yandextank.core.tankcore tankcore.py:337	RC after: 1
2022-05-20 18:25:08,724 [DEBUG] yandextank.core.tankcore tankcore.py:333	Post-process <yandextank.plugins.DataUploader.plugin.Plugin object at 0x401927eb50>
2022-05-20 18:25:08,725 [DEBUG] yandextank.core.tankcore tankcore.py:335	RC before: 1
2022-05-20 18:25:08,726 [INFO] yandextank.plugins.DataUploader.plugin plugin.py:350	Waiting for sender threads to join.
2022-05-20 18:25:08,727 [INFO] yandextank.plugins.DataUploader.plugin plugin.py:357	Web link: None
2022-05-20 18:25:08,728 [DEBUG] yandextank.core.tankcore tankcore.py:391	Searching for plugin: <class 'yandextank.plugins.Autostop.plugin.Plugin'>
2022-05-20 18:25:08,729 [DEBUG] yandextank.plugins.DataUploader.plugin plugin.py:376	No autostop cause detected
2022-05-20 18:25:08,730 [DEBUG] yandextank.plugins.DataUploader.client client.py:642	Sending configinitial config
2022-05-20 18:25:08,867 [DEBUG] urllib3.connectionpool connectionpool.py:393	https://overload.yandex.net:443 "POST /api/job/523484/configinitial.txt?api_token=4f2a42fb997146a394c06ccf2768f953 HTTP/1.1" 200 16
2022-05-20 18:25:08,875 [DEBUG] yandextank.plugins.DataUploader.client client.py:642	Sending configinfo config
2022-05-20 18:25:08,967 [DEBUG] urllib3.connectionpool connectionpool.py:393	https://overload.yandex.net:443 "POST /api/job/523484/configinfo.txt?api_token=4f2a42fb997146a394c06ccf2768f953 HTTP/1.1" 200 16
2022-05-20 18:25:08,973 [DEBUG] yandextank.core.tankcore tankcore.py:337	RC after: 1
2022-05-20 18:25:08,975 [INFO] root consoleworker.py:269	Trying to clean up
2022-05-20 18:25:08,977 [INFO] yandextank.core.tankcore tankcore.py:526	Cleaning up plugin plugin_pandora
2022-05-20 18:25:08,980 [INFO] yandextank.core.tankcore tankcore.py:526	Cleaning up plugin plugin_json_report
2022-05-20 18:25:08,982 [INFO] yandextank.core.tankcore tankcore.py:526	Cleaning up plugin plugin_autostop
2022-05-20 18:25:08,985 [INFO] yandextank.core.tankcore tankcore.py:526	Cleaning up plugin plugin_shellexec
2022-05-20 18:25:08,987 [INFO] yandextank.core.tankcore tankcore.py:526	Cleaning up plugin plugin_console
2022-05-20 18:25:08,991 [INFO] yandextank.core.tankcore tankcore.py:526	Cleaning up plugin plugin_rcassert
2022-05-20 18:25:08,993 [INFO] yandextank.core.tankcore tankcore.py:526	Cleaning up plugin plugin_rcheck
2022-05-20 18:25:08,995 [INFO] yandextank.core.tankcore tankcore.py:526	Cleaning up plugin plugin_overload
2022-05-20 18:25:09,084 [DEBUG] urllib3.connectionpool connectionpool.py:393	https://overload.yandex.net:443 "GET /api/job/523484/close.json?exitcode=1&api_token=4f2a42fb997146a394c06ccf2768f953 HTTP/1.1" 200 16
2022-05-20 18:25:09,091 [INFO] yandextank.plugins.DataUploader.plugin plugin.py:478	Unlocking targets: ['0.0.0.0:8080']
2022-05-20 18:25:09,094 [INFO] yandextank.plugins.DataUploader.plugin plugin.py:480	0.0.0.0:8080
2022-05-20 18:25:09,097 [INFO] yandextank.core.tankcore tankcore.py:561	Releasing lock: /var/lock/lunapark_1BvXWQ.lock
2022-05-20 18:25:09,113 [DEBUG] yandextank.core.tankcore tankcore.py:367	Collecting artifacts
2022-05-20 18:25:09,115 [INFO] yandextank.core.tankcore tankcore.py:368	Artifacts dir: /Users/nikitaratasnuk/yandex.tank/gun/logs/2022-05-20_18-25-05.636354
2022-05-20 18:25:09,116 [DEBUG] yandextank.core.tankcore tankcore.py:422	Collecting file: ./phout.log to /Users/nikitaratasnuk/yandex.tank/gun/logs/2022-05-20_18-25-05.636354/phout.log
2022-05-20 18:25:09,125 [DEBUG] yandextank.core.tankcore tankcore.py:422	Collecting file: /Users/nikitaratasnuk/yandex.tank/gun/logs/2022-05-20_18-25-05.636354/pandora_config_FUsMGc.yaml to /Users/nikitaratasnuk/yandex.tank/gun/logs/2022-05-20_18-25-05.636354/pandora_config_FUsMGc.yaml
2022-05-20 18:25:09,128 [WARNING] yandextank.core.tankcore tankcore.py:429	File already exists: /Users/nikitaratasnuk/yandex.tank/gun/logs/2022-05-20_18-25-05.636354/pandora_config_FUsMGc.yaml
2022-05-20 18:25:09,130 [DEBUG] yandextank.core.tankcore tankcore.py:422	Collecting file: validation_error.yaml to /Users/nikitaratasnuk/yandex.tank/gun/logs/2022-05-20_18-25-05.636354/validation_error.yaml
2022-05-20 18:25:09,133 [WARNING] yandextank.core.tankcore tankcore.py:424	File not found to collect: validation_error.yaml
2022-05-20 18:25:09,136 [DEBUG] yandextank.core.tankcore tankcore.py:422	Collecting file: /Users/nikitaratasnuk/yandex.tank/gun/logs/2022-05-20_18-25-05.636354/pandora_zvlVI_.log to /Users/nikitaratasnuk/yandex.tank/gun/logs/2022-05-20_18-25-05.636354/pandora_zvlVI_.log
2022-05-20 18:25:09,137 [WARNING] yandextank.core.tankcore tankcore.py:429	File already exists: /Users/nikitaratasnuk/yandex.tank/gun/logs/2022-05-20_18-25-05.636354/pandora_zvlVI_.log
