2022-05-20 18:43:50,029 [INFO] root consoleworker.py:434	Log file created
2022-05-20 18:43:50,031 [INFO] root consoleworker.py:438	Logging handler <logging.FileHandler object at 0x40198e2c50> added
2022-05-20 18:43:50,033 [INFO] root consoleworker.py:438	Logging handler <logging.StreamHandler object at 0x40198aa890> added
2022-05-20 18:43:50,034 [INFO] root consoleworker.py:438	Logging handler <logging.StreamHandler object at 0x40198cea90> added
2022-05-20 18:43:50,036 [INFO] root consoleworker.py:373	Created a folder for the test. /var/loadtest/logs/2022-05-20_18-43-49.855324
2022-05-20 18:43:50,037 [INFO] yandextank.core.tankcore tankcore.py:237	Configuring plugins...
2022-05-20 18:43:50,039 [INFO] yandextank.core.tankcore tankcore.py:190	Loading plugins...
2022-05-20 18:43:50,041 [DEBUG] yandextank.core.tankcore tankcore.py:192	Loading plugin rcheck from yandextank.plugins.ResourceCheck
2022-05-20 18:43:50,042 [DEBUG] yandextank.core.tankcore tankcore.py:192	Loading plugin json_report from yandextank.plugins.JsonReport
2022-05-20 18:43:50,051 [DEBUG] yandextank.core.tankcore tankcore.py:192	Loading plugin overload from yandextank.plugins.DataUploader
2022-05-20 18:43:50,056 [DEBUG] yandextank.core.tankcore tankcore.py:192	Loading plugin rcassert from yandextank.plugins.RCAssert
2022-05-20 18:43:50,058 [DEBUG] yandextank.core.tankcore tankcore.py:192	Loading plugin pandora from yandextank.plugins.Pandora
2022-05-20 18:43:50,059 [DEBUG] yandextank.core.tankcore tankcore.py:192	Loading plugin console from yandextank.plugins.Console
2022-05-20 18:43:50,062 [DEBUG] yandextank.core.tankcore tankcore.py:192	Loading plugin shellexec from yandextank.plugins.ShellExec
2022-05-20 18:43:50,063 [DEBUG] yandextank.core.tankcore tankcore.py:192	Loading plugin autostop from yandextank.plugins.Autostop
2022-05-20 18:43:50,064 [DEBUG] yandextank.core.tankcore tankcore.py:212	Plugin instances: {'plugin_pandora': <yandextank.plugins.Pandora.plugin.Plugin object at 0x40199b5d10>, 'plugin_json_report': <yandextank.plugins.JsonReport.plugin.Plugin object at 0x40199beb90>, 'plugin_autostop': <yandextank.plugins.Autostop.plugin.Plugin object at 0x40199b58d0>, 'plugin_shellexec': <yandextank.plugins.ShellExec.plugin.Plugin object at 0x40199b5b90>, 'plugin_console': <yandextank.plugins.Console.plugin.Plugin object at 0x40199b5110>, 'plugin_rcassert': <yandextank.plugins.RCAssert.plugin.Plugin object at 0x40199b5890>, 'plugin_rcheck': <yandextank.plugins.ResourceCheck.plugin.Plugin object at 0x40199be5d0>, 'plugin_overload': <yandextank.plugins.DataUploader.plugin.Plugin object at 0x40199be510>}
2022-05-20 18:43:50,067 [DEBUG] yandextank.core.tankcore tankcore.py:244	Configuring <yandextank.plugins.Pandora.plugin.Plugin object at 0x40199b5d10>
2022-05-20 18:43:50,069 [INFO] yandextank.plugins.Pandora.plugin plugin.py:68	Found config_file option configuration
2022-05-20 18:43:50,095 [DEBUG] yandextank.core.tankcore tankcore.py:446	Adding artifact file to collect (keep=False): /var/loadtest/logs/2022-05-20_18-43-49.855324/pandora_config_hEfjMH.yaml
2022-05-20 18:43:50,108 [DEBUG] yandextank.plugins.Pandora.plugin plugin.py:74	Config after parsing for patching: {'pools': [{'rps': {'duration': '60s', 'type': 'line', 'from': 1, 'to': 200}, 'result': {'destination': './phout.log', 'type': 'phout'}, 'startup': {'type': 'once', 'times': 10}, 'gun': {'type': 'My_custom_gun_name', 'target': '0.0.0.0:8080'}, 'ammo': {'source': {'path': './json.ammo', 'type': 'file'}, 'type': 'custom_provider'}, 'id': 'HTTP pool'}]}
2022-05-20 18:43:50,110 [INFO] yandextank.plugins.Pandora.plugin plugin.py:153	Found report file in pandora config: ./phout.log
2022-05-20 18:43:50,113 [DEBUG] yandextank.core.tankcore tankcore.py:446	Adding artifact file to collect (keep=False): ./phout.log
2022-05-20 18:43:50,114 [DEBUG] yandextank.core.tankcore tankcore.py:244	Configuring <yandextank.plugins.JsonReport.plugin.Plugin object at 0x40199beb90>
2022-05-20 18:43:50,116 [DEBUG] yandextank.core.tankcore tankcore.py:391	Searching for plugin: <class 'yandextank.common.interfaces.GeneratorPlugin'>
2022-05-20 18:43:50,123 [DEBUG] yandextank.core.tankcore tankcore.py:244	Configuring <yandextank.plugins.Autostop.plugin.Plugin object at 0x40199b58d0>
2022-05-20 18:43:50,125 [DEBUG] yandextank.core.tankcore tankcore.py:244	Configuring <yandextank.plugins.ShellExec.plugin.Plugin object at 0x40199b5b90>
2022-05-20 18:43:50,126 [DEBUG] yandextank.core.tankcore tankcore.py:244	Configuring <yandextank.plugins.Console.plugin.Plugin object at 0x40199b5110>
2022-05-20 18:43:50,129 [DEBUG] yandextank.core.tankcore tankcore.py:244	Configuring <yandextank.plugins.RCAssert.plugin.Plugin object at 0x40199b5890>
2022-05-20 18:43:50,130 [DEBUG] yandextank.core.tankcore tankcore.py:244	Configuring <yandextank.plugins.ResourceCheck.plugin.Plugin object at 0x40199be5d0>
2022-05-20 18:43:50,132 [DEBUG] yandextank.core.tankcore tankcore.py:244	Configuring <yandextank.plugins.DataUploader.plugin.Plugin object at 0x40199be510>
2022-05-20 18:43:50,134 [INFO] yandextank.core.tankcore tankcore.py:249	Preparing test...
2022-05-20 18:43:50,135 [DEBUG] yandextank.core.tankcore tankcore.py:253	Preparing <yandextank.plugins.Pandora.plugin.Plugin object at 0x40199b5d10>
2022-05-20 18:43:50,136 [DEBUG] yandextank.core.tankcore tankcore.py:391	Searching for plugin: <class 'yandextank.plugins.Console.plugin.Plugin'>
2022-05-20 18:43:50,138 [DEBUG] yandextank.core.tankcore tankcore.py:253	Preparing <yandextank.plugins.JsonReport.plugin.Plugin object at 0x40199beb90>
2022-05-20 18:43:50,138 [DEBUG] yandextank.core.tankcore tankcore.py:253	Preparing <yandextank.plugins.Autostop.plugin.Plugin object at 0x40199b58d0>
2022-05-20 18:43:50,139 [DEBUG] yandextank.common.interfaces plugin.py:74	Criterion string: http(5xx,10%,5s)
2022-05-20 18:43:50,141 [DEBUG] yandextank.common.interfaces plugin.py:78	Criterion objects: {'http(5xx,10%,5s)': <yandextank.plugins.Autostop.criterions.HTTPCodesCriterion object at 0x40199b5910>}
2022-05-20 18:43:50,142 [DEBUG] yandextank.core.tankcore tankcore.py:391	Searching for plugin: <class 'yandextank.plugins.Console.plugin.Plugin'>
2022-05-20 18:43:50,143 [DEBUG] yandextank.core.tankcore tankcore.py:253	Preparing <yandextank.plugins.ShellExec.plugin.Plugin object at 0x40199b5b90>
2022-05-20 18:43:50,144 [DEBUG] yandextank.core.tankcore tankcore.py:253	Preparing <yandextank.plugins.Console.plugin.Plugin object at 0x40199b5110>
2022-05-20 18:43:50,145 [DEBUG] yandextank.core.tankcore tankcore.py:253	Preparing <yandextank.plugins.RCAssert.plugin.Plugin object at 0x40199b5890>
2022-05-20 18:43:50,146 [DEBUG] yandextank.core.tankcore tankcore.py:253	Preparing <yandextank.plugins.ResourceCheck.plugin.Plugin object at 0x40199be5d0>
2022-05-20 18:43:50,147 [INFO] yandextank.common.interfaces plugin.py:39	Checking tank resources...
2022-05-20 18:43:50,148 [DEBUG] netort.process process.py:23	Starting: sh -c "df --no-sync -m -P -l -x fuse -x tmpfs -x devtmpfs -x davfs -x nfs /var/loadtest/logs | tail -n 1 | awk '{print \$4}' "
2022-05-20 18:43:50,651 [DEBUG] netort.process process.py:46	Process output:
11076

2022-05-20 18:43:50,653 [DEBUG] netort.process process.py:48	Process exit code: 0
2022-05-20 18:43:50,654 [DEBUG] root plugin.py:58	Result: (0, '11076\n', '')
2022-05-20 18:43:50,655 [DEBUG] yandextank.common.interfaces plugin.py:64	Disk free space: 11076/2048
2022-05-20 18:43:50,658 [DEBUG] yandextank.common.interfaces plugin.py:75	Memory free: 3079/512
2022-05-20 18:43:50,659 [DEBUG] yandextank.core.tankcore tankcore.py:253	Preparing <yandextank.plugins.DataUploader.plugin.Plugin object at 0x40199be510>
2022-05-20 18:43:50,660 [WARNING] yandextank.plugins.DataUploader.plugin plugin.py:234	Failed to get info about ammo path
2022-05-20 18:43:50,662 [INFO] root plugin.py:523	Using OVERLOAD backend
2022-05-20 18:43:50,663 [DEBUG] yandextank.plugins.DataUploader.plugin plugin.py:618	Trying to read token from token.txt
2022-05-20 18:43:50,667 [INFO] yandextank.plugins.DataUploader.plugin plugin.py:624	Read authentication token from token.txt, token length is 32 bytes
2022-05-20 18:43:50,704 [INFO] yandextank.plugins.DataUploader.client client.py:59	Proxy not set
2022-05-20 18:43:50,706 [INFO] yandextank.plugins.DataUploader.plugin plugin.py:647	Detected target: 0.0.0.0:8080
2022-05-20 18:43:50,732 [DEBUG] yandextank.plugins.DataUploader.client client.py:336	Job create request: {'person': 'root', 'host': '0.0.0.0:8080', 'task': '', 'tank': '32a550cc0963', 'notify': [], 'loadscheme': [], 'detailed_time': None, 'port': '8080'}
2022-05-20 18:43:50,740 [DEBUG] urllib3.connectionpool connectionpool.py:813	Starting new HTTPS connection (1): overload.yandex.net:443
2022-05-20 18:43:51,193 [DEBUG] urllib3.connectionpool connectionpool.py:393	https://overload.yandex.net:443 "POST /api/job/create.json?api_token=4f2a42fb997146a394c06ccf2768f953 HTTP/1.1" 200 None
2022-05-20 18:43:51,224 [INFO] yandextank.plugins.DataUploader.plugin plugin.py:789	Job created: 523493
2022-05-20 18:43:51,232 [DEBUG] yandextank.plugins.DataUploader.client client.py:642	Sending configinitial config
2022-05-20 18:43:51,383 [DEBUG] urllib3.connectionpool connectionpool.py:393	https://overload.yandex.net:443 "POST /api/job/523493/configinitial.txt?api_token=4f2a42fb997146a394c06ccf2768f953 HTTP/1.1" 200 16
2022-05-20 18:43:51,399 [INFO] yandextank.plugins.DataUploader.plugin plugin.py:485	Locking targets: ['0.0.0.0:8080']
2022-05-20 18:43:51,406 [INFO] yandextank.plugins.DataUploader.plugin plugin.py:487	Locked targets: ['0.0.0.0:8080']
2022-05-20 18:43:51,459 [DEBUG] yandextank.common.interfaces interfaces.py:101	Publishing status: Plugin/job_no: 523493
2022-05-20 18:43:51,629 [DEBUG] urllib3.connectionpool connectionpool.py:393	https://overload.yandex.net:443 "POST /api/job/523493/edit.json?api_token=4f2a42fb997146a394c06ccf2768f953 HTTP/1.1" 200 19
2022-05-20 18:43:51,639 [DEBUG] yandextank.core.tankcore tankcore.py:391	Searching for plugin: <class 'yandextank.plugins.Console.plugin.Plugin'>
2022-05-20 18:43:51,644 [DEBUG] yandextank.plugins.DataUploader.client client.py:642	Sending configinitial config
2022-05-20 18:43:51,811 [DEBUG] urllib3.connectionpool connectionpool.py:393	https://overload.yandex.net:443 "POST /api/job/523493/configinitial.txt?api_token=4f2a42fb997146a394c06ccf2768f953 HTTP/1.1" 200 16
2022-05-20 18:43:51,815 [DEBUG] yandextank.plugins.DataUploader.client client.py:642	Sending configinfo config
2022-05-20 18:43:51,995 [DEBUG] urllib3.connectionpool connectionpool.py:393	https://overload.yandex.net:443 "POST /api/job/523493/configinfo.txt?api_token=4f2a42fb997146a394c06ccf2768f953 HTTP/1.1" 200 16
2022-05-20 18:43:52,008 [INFO] yandextank.core.tankcore tankcore.py:259	Starting test...
2022-05-20 18:43:52,020 [INFO] yandextank.aggregator.tank_aggregator tank_aggregator.py:63	using verbose histogram
2022-05-20 18:43:52,050 [DEBUG] yandextank.core.tankcore tankcore.py:263	Starting <yandextank.plugins.Pandora.plugin.Plugin object at 0x40199b5d10>
2022-05-20 18:43:52,053 [INFO] yandextank.plugins.Pandora.plugin plugin.py:183	Starting: ['./pandora1', '-expvar', '/var/loadtest/logs/2022-05-20_18-43-49.855324/pandora_config_hEfjMH.yaml']
2022-05-20 18:43:52,065 [DEBUG] urllib3.connectionpool connectionpool.py:205	Starting new HTTP connection (1): localhost:1234
2022-05-20 18:43:52,070 [DEBUG] yandextank.core.tankcore tankcore.py:446	Adding artifact file to collect (keep=False): /var/loadtest/logs/2022-05-20_18-43-49.855324/pandora_dDwa3J.log
2022-05-20 18:43:52,073 [DEBUG] yandextank.plugins.Pandora.reader reader.py:33	Pandora expvar http interface is unavailable
Traceback (most recent call last):
  File "/usr/local/lib/python2.7/dist-packages/yandextank/plugins/Pandora/reader.py", line 24, in run
    pandora_stat = requests.get("http://localhost:1234/debug/vars", timeout=0.9).json()
  File "/usr/local/lib/python2.7/dist-packages/requests/api.py", line 75, in get
    return request('get', url, params=params, **kwargs)
  File "/usr/local/lib/python2.7/dist-packages/requests/api.py", line 60, in request
    return session.request(method=method, url=url, **kwargs)
  File "/usr/local/lib/python2.7/dist-packages/requests/sessions.py", line 533, in request
    resp = self.send(prep, **send_kwargs)
  File "/usr/local/lib/python2.7/dist-packages/requests/sessions.py", line 646, in send
    r = adapter.send(request, **kwargs)
  File "/usr/local/lib/python2.7/dist-packages/requests/adapters.py", line 516, in send
    raise ConnectionError(e, request=request)
ConnectionError: HTTPConnectionPool(host='localhost', port=1234): Max retries exceeded with url: /debug/vars (Caused by NewConnectionError('<urllib3.connection.HTTPConnection object at 0x4019bfee10>: Failed to establish a new connection: [Errno 111] Connection refused',))
2022-05-20 18:43:52,520 [DEBUG] yandextank.plugins.Pandora.plugin plugin.py:196	Unable to start Pandora binary. Args: ['./pandora1', '-expvar', '/var/loadtest/logs/2022-05-20_18-43-49.855324/pandora_config_hEfjMH.yaml']
Traceback (most recent call last):
  File "/usr/local/lib/python2.7/dist-packages/yandextank/plugins/Pandora/plugin.py", line 193, in start_test
    close_fds=True)
  File "/usr/lib/python2.7/subprocess.py", line 711, in __init__
    errread, errwrite)
  File "/usr/lib/python2.7/subprocess.py", line 1343, in _execute_child
    raise child_exception
OSError: [Errno 2] No such file or directory
2022-05-20 18:43:52,523 [ERROR] root consoleworker.py:296	Test interrupted:
<type 'exceptions.RuntimeError'>: Unable to start Pandora binary and/or file does not exist: ['./pandora1', '-expvar', '/var/loadtest/logs/2022-05-20_18-43-49.855324/pandora_config_hEfjMH.yaml']
<traceback object at 0x403e5debd8>
2022-05-20 18:43:52,526 [INFO] yandextank.core.tankcore tankcore.py:301	Finishing test...
2022-05-20 18:43:52,527 [INFO] yandextank.core.tankcore tankcore.py:303	Stopping load generator and aggregator
2022-05-20 18:43:52,528 [DEBUG] yandextank.plugins.Pandora.plugin plugin.py:225	Seems subprocess finished OK
2022-05-20 18:43:52,531 [DEBUG] yandextank.aggregator.tank_aggregator tank_aggregator.py:123	Closing stats reader
2022-05-20 18:43:52,690 [DEBUG] yandextank.aggregator.tank_aggregator tank_aggregator.py:126	Waiting for gun drain to finish
2022-05-20 18:43:53,061 [DEBUG] yandextank.aggregator.tank_aggregator tank_aggregator.py:128	Waiting for stats drain to finish
2022-05-20 18:43:53,068 [DEBUG] yandextank.aggregator.tank_aggregator tank_aggregator.py:130	Collecting remaining data
2022-05-20 18:43:53,073 [DEBUG] yandextank.aggregator.tank_aggregator tank_aggregator.py:87	Data timestamps: []
2022-05-20 18:43:53,077 [DEBUG] yandextank.aggregator.tank_aggregator tank_aggregator.py:88	Stats timestamps: []
2022-05-20 18:43:53,081 [DEBUG] yandextank.core.tankcore tankcore.py:305	RC after: 1
2022-05-20 18:43:53,084 [INFO] yandextank.core.tankcore tankcore.py:307	Stopping monitoring
2022-05-20 18:43:53,088 [DEBUG] yandextank.core.tankcore tankcore.py:315	Finalize <yandextank.plugins.JsonReport.plugin.Plugin object at 0x40199beb90>
2022-05-20 18:43:53,091 [DEBUG] yandextank.core.tankcore tankcore.py:317	RC before: 1
2022-05-20 18:43:53,093 [DEBUG] yandextank.core.tankcore tankcore.py:319	RC after: 1
2022-05-20 18:43:53,095 [DEBUG] yandextank.core.tankcore tankcore.py:315	Finalize <yandextank.plugins.Autostop.plugin.Plugin object at 0x40199b58d0>
2022-05-20 18:43:53,097 [DEBUG] yandextank.core.tankcore tankcore.py:317	RC before: 1
2022-05-20 18:43:53,100 [DEBUG] yandextank.core.tankcore tankcore.py:319	RC after: 1
2022-05-20 18:43:53,102 [DEBUG] yandextank.core.tankcore tankcore.py:315	Finalize <yandextank.plugins.ShellExec.plugin.Plugin object at 0x40199b5b90>
2022-05-20 18:43:53,104 [DEBUG] yandextank.core.tankcore tankcore.py:317	RC before: 1
2022-05-20 18:43:53,106 [DEBUG] yandextank.core.tankcore tankcore.py:319	RC after: 1
2022-05-20 18:43:53,108 [DEBUG] yandextank.core.tankcore tankcore.py:315	Finalize <yandextank.plugins.Console.plugin.Plugin object at 0x40199b5110>
2022-05-20 18:43:53,110 [DEBUG] yandextank.core.tankcore tankcore.py:317	RC before: 1
2022-05-20 18:43:53,112 [DEBUG] yandextank.core.tankcore tankcore.py:319	RC after: 1
2022-05-20 18:43:53,114 [DEBUG] yandextank.core.tankcore tankcore.py:315	Finalize <yandextank.plugins.RCAssert.plugin.Plugin object at 0x40199b5890>
2022-05-20 18:43:53,116 [DEBUG] yandextank.core.tankcore tankcore.py:317	RC before: 1
2022-05-20 18:43:53,118 [DEBUG] yandextank.core.tankcore tankcore.py:319	RC after: 1
2022-05-20 18:43:53,120 [DEBUG] yandextank.core.tankcore tankcore.py:315	Finalize <yandextank.plugins.ResourceCheck.plugin.Plugin object at 0x40199be5d0>
2022-05-20 18:43:53,122 [DEBUG] yandextank.core.tankcore tankcore.py:317	RC before: 1
2022-05-20 18:43:53,123 [DEBUG] yandextank.core.tankcore tankcore.py:319	RC after: 1
2022-05-20 18:43:53,125 [DEBUG] yandextank.core.tankcore tankcore.py:315	Finalize <yandextank.plugins.DataUploader.plugin.Plugin object at 0x40199be510>
2022-05-20 18:43:53,126 [DEBUG] yandextank.core.tankcore tankcore.py:317	RC before: 1
2022-05-20 18:43:53,128 [DEBUG] yandextank.plugins.DataUploader.client client.py:642	Sending configinitial config
2022-05-20 18:43:53,202 [DEBUG] urllib3.connectionpool connectionpool.py:393	https://overload.yandex.net:443 "POST /api/job/523493/configinitial.txt?api_token=4f2a42fb997146a394c06ccf2768f953 HTTP/1.1" 200 16
2022-05-20 18:43:53,207 [DEBUG] yandextank.plugins.DataUploader.client client.py:642	Sending configinfo config
2022-05-20 18:43:53,290 [DEBUG] urllib3.connectionpool connectionpool.py:393	https://overload.yandex.net:443 "POST /api/job/523493/configinfo.txt?api_token=4f2a42fb997146a394c06ccf2768f953 HTTP/1.1" 200 16
2022-05-20 18:43:53,297 [INFO] yandextank.plugins.DataUploader.plugin plugin.py:478	Unlocking targets: ['0.0.0.0:8080']
2022-05-20 18:43:53,300 [INFO] yandextank.plugins.DataUploader.plugin plugin.py:480	0.0.0.0:8080
2022-05-20 18:43:53,302 [DEBUG] yandextank.core.tankcore tankcore.py:319	RC after: 1
2022-05-20 18:43:53,305 [INFO] yandextank.core.tankcore tankcore.py:330	Post-processing test...
2022-05-20 18:43:53,307 [DEBUG] yandextank.core.tankcore tankcore.py:333	Post-process <yandextank.plugins.Pandora.plugin.Plugin object at 0x40199b5d10>
2022-05-20 18:43:53,309 [DEBUG] yandextank.core.tankcore tankcore.py:335	RC before: 1
2022-05-20 18:43:53,311 [DEBUG] yandextank.core.tankcore tankcore.py:337	RC after: 1
2022-05-20 18:43:53,312 [DEBUG] yandextank.core.tankcore tankcore.py:333	Post-process <yandextank.plugins.JsonReport.plugin.Plugin object at 0x40199beb90>
2022-05-20 18:43:53,314 [DEBUG] yandextank.core.tankcore tankcore.py:335	RC before: 1
2022-05-20 18:43:53,317 [DEBUG] yandextank.core.tankcore tankcore.py:337	RC after: 1
2022-05-20 18:43:53,319 [DEBUG] yandextank.core.tankcore tankcore.py:333	Post-process <yandextank.plugins.Autostop.plugin.Plugin object at 0x40199b58d0>
2022-05-20 18:43:53,321 [DEBUG] yandextank.core.tankcore tankcore.py:335	RC before: 1
2022-05-20 18:43:53,322 [DEBUG] yandextank.core.tankcore tankcore.py:337	RC after: 1
2022-05-20 18:43:53,323 [DEBUG] yandextank.core.tankcore tankcore.py:333	Post-process <yandextank.plugins.ShellExec.plugin.Plugin object at 0x40199b5b90>
2022-05-20 18:43:53,324 [DEBUG] yandextank.core.tankcore tankcore.py:335	RC before: 1
2022-05-20 18:43:53,326 [DEBUG] yandextank.core.tankcore tankcore.py:337	RC after: 1
2022-05-20 18:43:53,327 [DEBUG] yandextank.core.tankcore tankcore.py:333	Post-process <yandextank.plugins.Console.plugin.Plugin object at 0x40199b5110>
2022-05-20 18:43:53,329 [DEBUG] yandextank.core.tankcore tankcore.py:335	RC before: 1
2022-05-20 18:43:53,330 [DEBUG] yandextank.core.tankcore tankcore.py:337	RC after: 1
2022-05-20 18:43:53,331 [DEBUG] yandextank.core.tankcore tankcore.py:333	Post-process <yandextank.plugins.RCAssert.plugin.Plugin object at 0x40199b5890>
2022-05-20 18:43:53,332 [DEBUG] yandextank.core.tankcore tankcore.py:335	RC before: 1
2022-05-20 18:43:53,333 [DEBUG] yandextank.core.tankcore tankcore.py:337	RC after: 1
2022-05-20 18:43:53,334 [DEBUG] yandextank.core.tankcore tankcore.py:333	Post-process <yandextank.plugins.ResourceCheck.plugin.Plugin object at 0x40199be5d0>
2022-05-20 18:43:53,335 [DEBUG] yandextank.core.tankcore tankcore.py:335	RC before: 1
2022-05-20 18:43:53,336 [DEBUG] yandextank.core.tankcore tankcore.py:337	RC after: 1
2022-05-20 18:43:53,337 [DEBUG] yandextank.core.tankcore tankcore.py:333	Post-process <yandextank.plugins.DataUploader.plugin.Plugin object at 0x40199be510>
2022-05-20 18:43:53,338 [DEBUG] yandextank.core.tankcore tankcore.py:335	RC before: 1
2022-05-20 18:43:53,339 [INFO] yandextank.plugins.DataUploader.plugin plugin.py:350	Waiting for sender threads to join.
2022-05-20 18:43:53,340 [INFO] yandextank.plugins.DataUploader.plugin plugin.py:357	Web link: None
2022-05-20 18:43:53,342 [DEBUG] yandextank.core.tankcore tankcore.py:391	Searching for plugin: <class 'yandextank.plugins.Autostop.plugin.Plugin'>
2022-05-20 18:43:53,343 [DEBUG] yandextank.plugins.DataUploader.plugin plugin.py:376	No autostop cause detected
2022-05-20 18:43:53,344 [DEBUG] yandextank.plugins.DataUploader.client client.py:642	Sending configinitial config
2022-05-20 18:43:53,416 [DEBUG] urllib3.connectionpool connectionpool.py:393	https://overload.yandex.net:443 "POST /api/job/523493/configinitial.txt?api_token=4f2a42fb997146a394c06ccf2768f953 HTTP/1.1" 200 16
2022-05-20 18:43:53,422 [DEBUG] yandextank.plugins.DataUploader.client client.py:642	Sending configinfo config
2022-05-20 18:43:53,528 [DEBUG] urllib3.connectionpool connectionpool.py:393	https://overload.yandex.net:443 "POST /api/job/523493/configinfo.txt?api_token=4f2a42fb997146a394c06ccf2768f953 HTTP/1.1" 200 16
2022-05-20 18:43:53,533 [DEBUG] yandextank.core.tankcore tankcore.py:337	RC after: 1
2022-05-20 18:43:53,535 [INFO] root consoleworker.py:269	Trying to clean up
2022-05-20 18:43:53,537 [INFO] yandextank.core.tankcore tankcore.py:526	Cleaning up plugin plugin_pandora
2022-05-20 18:43:53,539 [INFO] yandextank.core.tankcore tankcore.py:526	Cleaning up plugin plugin_json_report
2022-05-20 18:43:53,541 [INFO] yandextank.core.tankcore tankcore.py:526	Cleaning up plugin plugin_autostop
2022-05-20 18:43:53,543 [INFO] yandextank.core.tankcore tankcore.py:526	Cleaning up plugin plugin_shellexec
2022-05-20 18:43:53,544 [INFO] yandextank.core.tankcore tankcore.py:526	Cleaning up plugin plugin_console
2022-05-20 18:43:53,546 [INFO] yandextank.core.tankcore tankcore.py:526	Cleaning up plugin plugin_rcassert
2022-05-20 18:43:53,548 [INFO] yandextank.core.tankcore tankcore.py:526	Cleaning up plugin plugin_rcheck
2022-05-20 18:43:53,550 [INFO] yandextank.core.tankcore tankcore.py:526	Cleaning up plugin plugin_overload
2022-05-20 18:43:53,707 [DEBUG] urllib3.connectionpool connectionpool.py:393	https://overload.yandex.net:443 "GET /api/job/523493/close.json?exitcode=1&api_token=4f2a42fb997146a394c06ccf2768f953 HTTP/1.1" 200 16
2022-05-20 18:43:53,718 [INFO] yandextank.plugins.DataUploader.plugin plugin.py:478	Unlocking targets: ['0.0.0.0:8080']
2022-05-20 18:43:53,722 [INFO] yandextank.plugins.DataUploader.plugin plugin.py:480	0.0.0.0:8080
2022-05-20 18:43:53,726 [INFO] yandextank.core.tankcore tankcore.py:561	Releasing lock: /var/lock/lunapark_re7hSf.lock
2022-05-20 18:43:53,746 [DEBUG] yandextank.core.tankcore tankcore.py:367	Collecting artifacts
2022-05-20 18:43:53,748 [INFO] yandextank.core.tankcore tankcore.py:368	Artifacts dir: /var/loadtest/logs/2022-05-20_18-43-49.855324
2022-05-20 18:43:53,751 [DEBUG] yandextank.core.tankcore tankcore.py:422	Collecting file: ./phout.log to /var/loadtest/logs/2022-05-20_18-43-49.855324/phout.log
2022-05-20 18:43:53,762 [DEBUG] yandextank.core.tankcore tankcore.py:422	Collecting file: validation_error.yaml to /var/loadtest/logs/2022-05-20_18-43-49.855324/validation_error.yaml
2022-05-20 18:43:53,765 [WARNING] yandextank.core.tankcore tankcore.py:424	File not found to collect: validation_error.yaml
2022-05-20 18:43:53,767 [DEBUG] yandextank.core.tankcore tankcore.py:422	Collecting file: /var/loadtest/logs/2022-05-20_18-43-49.855324/pandora_dDwa3J.log to /var/loadtest/logs/2022-05-20_18-43-49.855324/pandora_dDwa3J.log
2022-05-20 18:43:53,769 [WARNING] yandextank.core.tankcore tankcore.py:429	File already exists: /var/loadtest/logs/2022-05-20_18-43-49.855324/pandora_dDwa3J.log
2022-05-20 18:43:53,771 [DEBUG] yandextank.core.tankcore tankcore.py:422	Collecting file: /var/loadtest/logs/2022-05-20_18-43-49.855324/pandora_config_hEfjMH.yaml to /var/loadtest/logs/2022-05-20_18-43-49.855324/pandora_config_hEfjMH.yaml
2022-05-20 18:43:53,774 [WARNING] yandextank.core.tankcore tankcore.py:429	File already exists: /var/loadtest/logs/2022-05-20_18-43-49.855324/pandora_config_hEfjMH.yaml
