2022-05-20 18:20:57,406 [INFO] root consoleworker.py:434	Log file created
2022-05-20 18:20:57,408 [INFO] root consoleworker.py:438	Logging handler <logging.FileHandler object at 0x40192a2c10> added
2022-05-20 18:20:57,409 [INFO] root consoleworker.py:438	Logging handler <logging.StreamHandler object at 0x401926a850> added
2022-05-20 18:20:57,410 [INFO] root consoleworker.py:438	Logging handler <logging.StreamHandler object at 0x401928ea50> added
2022-05-20 18:20:57,412 [INFO] root consoleworker.py:373	Created a folder for the test. /Users/nikitaratasnuk/yandex.tank/gun/logs/2022-05-20_18-20-57.239881
2022-05-20 18:20:57,414 [INFO] yandextank.core.tankcore tankcore.py:237	Configuring plugins...
2022-05-20 18:20:57,415 [INFO] yandextank.core.tankcore tankcore.py:190	Loading plugins...
2022-05-20 18:20:57,416 [DEBUG] yandextank.core.tankcore tankcore.py:192	Loading plugin rcheck from yandextank.plugins.ResourceCheck
2022-05-20 18:20:57,417 [DEBUG] yandextank.core.tankcore tankcore.py:192	Loading plugin json_report from yandextank.plugins.JsonReport
2022-05-20 18:20:57,426 [DEBUG] yandextank.core.tankcore tankcore.py:192	Loading plugin overload from yandextank.plugins.DataUploader
2022-05-20 18:20:57,428 [DEBUG] yandextank.core.tankcore tankcore.py:192	Loading plugin rcassert from yandextank.plugins.RCAssert
2022-05-20 18:20:57,429 [DEBUG] yandextank.core.tankcore tankcore.py:192	Loading plugin pandora from yandextank.plugins.Pandora
2022-05-20 18:20:57,430 [DEBUG] yandextank.core.tankcore tankcore.py:192	Loading plugin console from yandextank.plugins.Console
2022-05-20 18:20:57,431 [DEBUG] yandextank.core.tankcore tankcore.py:192	Loading plugin shellexec from yandextank.plugins.ShellExec
2022-05-20 18:20:57,432 [DEBUG] yandextank.core.tankcore tankcore.py:192	Loading plugin autostop from yandextank.plugins.Autostop
2022-05-20 18:20:57,433 [DEBUG] yandextank.core.tankcore tankcore.py:212	Plugin instances: {'plugin_pandora': <yandextank.plugins.Pandora.plugin.Plugin object at 0x4019374890>, 'plugin_json_report': <yandextank.plugins.JsonReport.plugin.Plugin object at 0x401937e590>, 'plugin_autostop': <yandextank.plugins.Autostop.plugin.Plugin object at 0x4019374cd0>, 'plugin_shellexec': <yandextank.plugins.ShellExec.plugin.Plugin object at 0x40193743d0>, 'plugin_console': <yandextank.plugins.Console.plugin.Plugin object at 0x4019374950>, 'plugin_rcassert': <yandextank.plugins.RCAssert.plugin.Plugin object at 0x4019374590>, 'plugin_rcheck': <yandextank.plugins.ResourceCheck.plugin.Plugin object at 0x4019366e90>, 'plugin_overload': <yandextank.plugins.DataUploader.plugin.Plugin object at 0x401937eb50>}
2022-05-20 18:20:57,434 [DEBUG] yandextank.core.tankcore tankcore.py:244	Configuring <yandextank.plugins.Pandora.plugin.Plugin object at 0x4019374890>
2022-05-20 18:20:57,437 [INFO] yandextank.plugins.Pandora.plugin plugin.py:68	Found config_file option configuration
2022-05-20 18:20:57,462 [DEBUG] yandextank.core.tankcore tankcore.py:446	Adding artifact file to collect (keep=False): /Users/nikitaratasnuk/yandex.tank/gun/logs/2022-05-20_18-20-57.239881/pandora_config_KFOc7p.yaml
2022-05-20 18:20:57,476 [DEBUG] yandextank.plugins.Pandora.plugin plugin.py:74	Config after parsing for patching: {'pools': [{'rps': {'duration': '60s', 'type': 'line', 'from': 1, 'to': 200}, 'result': {'destination': './phout.log', 'type': 'phout'}, 'startup': {'type': 'once', 'times': 10}, 'gun': {'type': 'My_custom_gun_name', 'target': '0.0.0.0:8080'}, 'ammo': {'source': {'path': './json.ammo', 'type': 'file'}, 'type': 'custom_provider'}, 'id': 'HTTP pool'}]}
2022-05-20 18:20:57,477 [INFO] yandextank.plugins.Pandora.plugin plugin.py:153	Found report file in pandora config: ./phout.log
2022-05-20 18:20:57,480 [DEBUG] yandextank.core.tankcore tankcore.py:446	Adding artifact file to collect (keep=False): ./phout.log
2022-05-20 18:20:57,481 [DEBUG] yandextank.core.tankcore tankcore.py:244	Configuring <yandextank.plugins.JsonReport.plugin.Plugin object at 0x401937e590>
2022-05-20 18:20:57,483 [DEBUG] yandextank.core.tankcore tankcore.py:391	Searching for plugin: <class 'yandextank.common.interfaces.GeneratorPlugin'>
2022-05-20 18:20:57,490 [DEBUG] yandextank.core.tankcore tankcore.py:244	Configuring <yandextank.plugins.Autostop.plugin.Plugin object at 0x4019374cd0>
2022-05-20 18:20:57,492 [DEBUG] yandextank.core.tankcore tankcore.py:244	Configuring <yandextank.plugins.ShellExec.plugin.Plugin object at 0x40193743d0>
2022-05-20 18:20:57,493 [DEBUG] yandextank.core.tankcore tankcore.py:244	Configuring <yandextank.plugins.Console.plugin.Plugin object at 0x4019374950>
2022-05-20 18:20:57,496 [DEBUG] yandextank.core.tankcore tankcore.py:244	Configuring <yandextank.plugins.RCAssert.plugin.Plugin object at 0x4019374590>
2022-05-20 18:20:57,497 [DEBUG] yandextank.core.tankcore tankcore.py:244	Configuring <yandextank.plugins.ResourceCheck.plugin.Plugin object at 0x4019366e90>
2022-05-20 18:20:57,500 [DEBUG] yandextank.core.tankcore tankcore.py:244	Configuring <yandextank.plugins.DataUploader.plugin.Plugin object at 0x401937eb50>
2022-05-20 18:20:57,502 [INFO] yandextank.core.tankcore tankcore.py:249	Preparing test...
2022-05-20 18:20:57,503 [DEBUG] yandextank.core.tankcore tankcore.py:253	Preparing <yandextank.plugins.Pandora.plugin.Plugin object at 0x4019374890>
2022-05-20 18:20:57,505 [DEBUG] yandextank.core.tankcore tankcore.py:391	Searching for plugin: <class 'yandextank.plugins.Console.plugin.Plugin'>
2022-05-20 18:20:57,506 [DEBUG] yandextank.core.tankcore tankcore.py:253	Preparing <yandextank.plugins.JsonReport.plugin.Plugin object at 0x401937e590>
2022-05-20 18:20:57,506 [DEBUG] yandextank.core.tankcore tankcore.py:253	Preparing <yandextank.plugins.Autostop.plugin.Plugin object at 0x4019374cd0>
2022-05-20 18:20:57,507 [DEBUG] yandextank.common.interfaces plugin.py:74	Criterion string: http(5xx,10%,5s)
2022-05-20 18:20:57,509 [DEBUG] yandextank.common.interfaces plugin.py:78	Criterion objects: {'http(5xx,10%,5s)': <yandextank.plugins.Autostop.criterions.HTTPCodesCriterion object at 0x4019374f10>}
2022-05-20 18:20:57,511 [DEBUG] yandextank.core.tankcore tankcore.py:391	Searching for plugin: <class 'yandextank.plugins.Console.plugin.Plugin'>
2022-05-20 18:20:57,512 [DEBUG] yandextank.core.tankcore tankcore.py:253	Preparing <yandextank.plugins.ShellExec.plugin.Plugin object at 0x40193743d0>
2022-05-20 18:20:57,513 [DEBUG] yandextank.core.tankcore tankcore.py:253	Preparing <yandextank.plugins.Console.plugin.Plugin object at 0x4019374950>
2022-05-20 18:20:57,514 [DEBUG] yandextank.core.tankcore tankcore.py:253	Preparing <yandextank.plugins.RCAssert.plugin.Plugin object at 0x4019374590>
2022-05-20 18:20:57,515 [DEBUG] yandextank.core.tankcore tankcore.py:253	Preparing <yandextank.plugins.ResourceCheck.plugin.Plugin object at 0x4019366e90>
2022-05-20 18:20:57,516 [INFO] yandextank.common.interfaces plugin.py:39	Checking tank resources...
2022-05-20 18:20:57,518 [DEBUG] netort.process process.py:23	Starting: sh -c "df --no-sync -m -P -l -x fuse -x tmpfs -x devtmpfs -x davfs -x nfs /Users/nikitaratasnuk/yandex.tank/gun/logs | tail -n 1 | awk '{print \$4}' "
2022-05-20 18:20:58,012 [DEBUG] netort.process process.py:46	Process output:
11069

2022-05-20 18:20:58,014 [DEBUG] netort.process process.py:48	Process exit code: 0
2022-05-20 18:20:58,015 [DEBUG] root plugin.py:58	Result: (0, '11069\n', '')
2022-05-20 18:20:58,016 [DEBUG] yandextank.common.interfaces plugin.py:64	Disk free space: 11069/2048
2022-05-20 18:20:58,018 [DEBUG] yandextank.common.interfaces plugin.py:75	Memory free: 3087/512
2022-05-20 18:20:58,021 [DEBUG] yandextank.core.tankcore tankcore.py:253	Preparing <yandextank.plugins.DataUploader.plugin.Plugin object at 0x401937eb50>
2022-05-20 18:20:58,022 [WARNING] yandextank.plugins.DataUploader.plugin plugin.py:234	Failed to get info about ammo path
2022-05-20 18:20:58,024 [INFO] root plugin.py:523	Using OVERLOAD backend
2022-05-20 18:20:58,025 [DEBUG] yandextank.plugins.DataUploader.plugin plugin.py:618	Trying to read token from token.txt
2022-05-20 18:20:58,028 [INFO] yandextank.plugins.DataUploader.plugin plugin.py:624	Read authentication token from token.txt, token length is 32 bytes
2022-05-20 18:20:58,069 [INFO] yandextank.plugins.DataUploader.client client.py:59	Proxy not set
2022-05-20 18:20:58,071 [INFO] yandextank.plugins.DataUploader.plugin plugin.py:647	Detected target: 0.0.0.0:8080
2022-05-20 18:20:58,097 [DEBUG] yandextank.plugins.DataUploader.client client.py:336	Job create request: {'person': 'root', 'host': '0.0.0.0:8080', 'task': '', 'tank': '0967658a69e7', 'notify': [], 'loadscheme': [], 'detailed_time': None, 'port': '8080'}
2022-05-20 18:20:58,105 [DEBUG] urllib3.connectionpool connectionpool.py:813	Starting new HTTPS connection (1): overload.yandex.net:443
2022-05-20 18:20:58,436 [DEBUG] urllib3.connectionpool connectionpool.py:393	https://overload.yandex.net:443 "POST /api/job/create.json?api_token=4f2a42fb997146a394c06ccf2768f953 HTTP/1.1" 200 None
2022-05-20 18:20:58,462 [INFO] yandextank.plugins.DataUploader.plugin plugin.py:789	Job created: 523483
2022-05-20 18:20:58,471 [DEBUG] yandextank.plugins.DataUploader.client client.py:642	Sending configinitial config
2022-05-20 18:20:58,609 [DEBUG] urllib3.connectionpool connectionpool.py:393	https://overload.yandex.net:443 "POST /api/job/523483/configinitial.txt?api_token=4f2a42fb997146a394c06ccf2768f953 HTTP/1.1" 200 16
2022-05-20 18:20:58,633 [INFO] yandextank.plugins.DataUploader.plugin plugin.py:485	Locking targets: ['0.0.0.0:8080']
2022-05-20 18:20:58,641 [INFO] yandextank.plugins.DataUploader.plugin plugin.py:487	Locked targets: ['0.0.0.0:8080']
2022-05-20 18:20:58,659 [DEBUG] yandextank.common.interfaces interfaces.py:101	Publishing status: Plugin/job_no: 523483
2022-05-20 18:20:58,795 [DEBUG] urllib3.connectionpool connectionpool.py:393	https://overload.yandex.net:443 "POST /api/job/523483/edit.json?api_token=4f2a42fb997146a394c06ccf2768f953 HTTP/1.1" 200 19
2022-05-20 18:20:58,807 [DEBUG] yandextank.core.tankcore tankcore.py:391	Searching for plugin: <class 'yandextank.plugins.Console.plugin.Plugin'>
2022-05-20 18:20:58,813 [DEBUG] yandextank.plugins.DataUploader.client client.py:642	Sending configinitial config
2022-05-20 18:20:58,889 [DEBUG] urllib3.connectionpool connectionpool.py:393	https://overload.yandex.net:443 "POST /api/job/523483/configinitial.txt?api_token=4f2a42fb997146a394c06ccf2768f953 HTTP/1.1" 200 16
2022-05-20 18:20:58,900 [DEBUG] yandextank.plugins.DataUploader.client client.py:642	Sending configinfo config
2022-05-20 18:20:58,998 [DEBUG] urllib3.connectionpool connectionpool.py:393	https://overload.yandex.net:443 "POST /api/job/523483/configinfo.txt?api_token=4f2a42fb997146a394c06ccf2768f953 HTTP/1.1" 200 16
2022-05-20 18:20:59,012 [INFO] yandextank.core.tankcore tankcore.py:259	Starting test...
2022-05-20 18:20:59,020 [INFO] yandextank.aggregator.tank_aggregator tank_aggregator.py:63	using verbose histogram
2022-05-20 18:20:59,044 [DEBUG] yandextank.core.tankcore tankcore.py:263	Starting <yandextank.plugins.Pandora.plugin.Plugin object at 0x4019374890>
2022-05-20 18:20:59,047 [INFO] yandextank.plugins.Pandora.plugin plugin.py:183	Starting: ['./gun', '-expvar', '/Users/nikitaratasnuk/yandex.tank/gun/logs/2022-05-20_18-20-57.239881/pandora_config_KFOc7p.yaml']
2022-05-20 18:20:59,059 [DEBUG] urllib3.connectionpool connectionpool.py:205	Starting new HTTP connection (1): localhost:1234
2022-05-20 18:20:59,064 [DEBUG] yandextank.core.tankcore tankcore.py:446	Adding artifact file to collect (keep=False): /Users/nikitaratasnuk/yandex.tank/gun/logs/2022-05-20_18-20-57.239881/pandora_THCprW.log
2022-05-20 18:20:59,067 [DEBUG] yandextank.plugins.Pandora.reader reader.py:33	Pandora expvar http interface is unavailable
Traceback (most recent call last):
  File "/usr/local/lib/python2.7/dist-packages/yandextank/plugins/Pandora/reader.py", line 24, in run
    pandora_stat = requests.get("http://localhost:1234/debug/vars", timeout=0.9).json()
  File "/usr/local/lib/python2.7/dist-packages/requests/api.py", line 75, in get
    return request('get', url, params=params, **kwargs)
  File "/usr/local/lib/python2.7/dist-packages/requests/api.py", line 60, in request
    return session.request(method=method, url=url, **kwargs)
  File "/usr/local/lib/python2.7/dist-packages/requests/sessions.py", line 533, in request
    resp = self.send(prep, **send_kwargs)
  File "/usr/local/lib/python2.7/dist-packages/requests/sessions.py", line 646, in send
    r = adapter.send(request, **kwargs)
  File "/usr/local/lib/python2.7/dist-packages/requests/adapters.py", line 516, in send
    raise ConnectionError(e, request=request)
ConnectionError: HTTPConnectionPool(host='localhost', port=1234): Max retries exceeded with url: /debug/vars (Caused by NewConnectionError('<urllib3.connection.HTTPConnection object at 0x401993d390>: Failed to establish a new connection: [Errno 111] Connection refused',))
2022-05-20 18:20:59,504 [DEBUG] yandextank.plugins.Pandora.plugin plugin.py:196	Unable to start Pandora binary. Args: ['./gun', '-expvar', '/Users/nikitaratasnuk/yandex.tank/gun/logs/2022-05-20_18-20-57.239881/pandora_config_KFOc7p.yaml']
Traceback (most recent call last):
  File "/usr/local/lib/python2.7/dist-packages/yandextank/plugins/Pandora/plugin.py", line 193, in start_test
    close_fds=True)
  File "/usr/lib/python2.7/subprocess.py", line 711, in __init__
    errread, errwrite)
  File "/usr/lib/python2.7/subprocess.py", line 1343, in _execute_child
    raise child_exception
OSError: [Errno 13] Permission denied
2022-05-20 18:20:59,508 [ERROR] root consoleworker.py:296	Test interrupted:
<type 'exceptions.RuntimeError'>: Unable to start Pandora binary and/or file does not exist: ['./gun', '-expvar', '/Users/nikitaratasnuk/yandex.tank/gun/logs/2022-05-20_18-20-57.239881/pandora_config_KFOc7p.yaml']
<traceback object at 0x403e31bb90>
2022-05-20 18:20:59,511 [INFO] yandextank.core.tankcore tankcore.py:301	Finishing test...
2022-05-20 18:20:59,512 [INFO] yandextank.core.tankcore tankcore.py:303	Stopping load generator and aggregator
2022-05-20 18:20:59,514 [DEBUG] yandextank.plugins.Pandora.plugin plugin.py:225	Seems subprocess finished OK
2022-05-20 18:20:59,515 [DEBUG] yandextank.aggregator.tank_aggregator tank_aggregator.py:123	Closing stats reader
2022-05-20 18:20:59,683 [DEBUG] yandextank.aggregator.tank_aggregator tank_aggregator.py:126	Waiting for gun drain to finish
2022-05-20 18:21:00,052 [DEBUG] yandextank.aggregator.tank_aggregator tank_aggregator.py:128	Waiting for stats drain to finish
2022-05-20 18:21:00,060 [DEBUG] yandextank.aggregator.tank_aggregator tank_aggregator.py:130	Collecting remaining data
2022-05-20 18:21:00,063 [DEBUG] yandextank.aggregator.tank_aggregator tank_aggregator.py:87	Data timestamps: []
2022-05-20 18:21:00,067 [DEBUG] yandextank.aggregator.tank_aggregator tank_aggregator.py:88	Stats timestamps: []
2022-05-20 18:21:00,071 [DEBUG] yandextank.core.tankcore tankcore.py:305	RC after: 1
2022-05-20 18:21:00,075 [INFO] yandextank.core.tankcore tankcore.py:307	Stopping monitoring
2022-05-20 18:21:00,080 [DEBUG] yandextank.core.tankcore tankcore.py:315	Finalize <yandextank.plugins.JsonReport.plugin.Plugin object at 0x401937e590>
2022-05-20 18:21:00,083 [DEBUG] yandextank.core.tankcore tankcore.py:317	RC before: 1
2022-05-20 18:21:00,085 [DEBUG] yandextank.core.tankcore tankcore.py:319	RC after: 1
2022-05-20 18:21:00,088 [DEBUG] yandextank.core.tankcore tankcore.py:315	Finalize <yandextank.plugins.Autostop.plugin.Plugin object at 0x4019374cd0>
2022-05-20 18:21:00,090 [DEBUG] yandextank.core.tankcore tankcore.py:317	RC before: 1
2022-05-20 18:21:00,092 [DEBUG] yandextank.core.tankcore tankcore.py:319	RC after: 1
2022-05-20 18:21:00,094 [DEBUG] yandextank.core.tankcore tankcore.py:315	Finalize <yandextank.plugins.ShellExec.plugin.Plugin object at 0x40193743d0>
2022-05-20 18:21:00,096 [DEBUG] yandextank.core.tankcore tankcore.py:317	RC before: 1
2022-05-20 18:21:00,098 [DEBUG] yandextank.core.tankcore tankcore.py:319	RC after: 1
2022-05-20 18:21:00,100 [DEBUG] yandextank.core.tankcore tankcore.py:315	Finalize <yandextank.plugins.Console.plugin.Plugin object at 0x4019374950>
2022-05-20 18:21:00,101 [DEBUG] yandextank.core.tankcore tankcore.py:317	RC before: 1
2022-05-20 18:21:00,103 [DEBUG] yandextank.core.tankcore tankcore.py:319	RC after: 1
2022-05-20 18:21:00,105 [DEBUG] yandextank.core.tankcore tankcore.py:315	Finalize <yandextank.plugins.RCAssert.plugin.Plugin object at 0x4019374590>
2022-05-20 18:21:00,107 [DEBUG] yandextank.core.tankcore tankcore.py:317	RC before: 1
2022-05-20 18:21:00,108 [DEBUG] yandextank.core.tankcore tankcore.py:319	RC after: 1
2022-05-20 18:21:00,110 [DEBUG] yandextank.core.tankcore tankcore.py:315	Finalize <yandextank.plugins.ResourceCheck.plugin.Plugin object at 0x4019366e90>
2022-05-20 18:21:00,112 [DEBUG] yandextank.core.tankcore tankcore.py:317	RC before: 1
2022-05-20 18:21:00,113 [DEBUG] yandextank.core.tankcore tankcore.py:319	RC after: 1
2022-05-20 18:21:00,114 [DEBUG] yandextank.core.tankcore tankcore.py:315	Finalize <yandextank.plugins.DataUploader.plugin.Plugin object at 0x401937eb50>
2022-05-20 18:21:00,116 [DEBUG] yandextank.core.tankcore tankcore.py:317	RC before: 1
2022-05-20 18:21:00,117 [DEBUG] yandextank.plugins.DataUploader.client client.py:642	Sending configinitial config
2022-05-20 18:21:00,264 [DEBUG] urllib3.connectionpool connectionpool.py:393	https://overload.yandex.net:443 "POST /api/job/523483/configinitial.txt?api_token=4f2a42fb997146a394c06ccf2768f953 HTTP/1.1" 200 16
2022-05-20 18:21:00,275 [DEBUG] yandextank.plugins.DataUploader.client client.py:642	Sending configinfo config
2022-05-20 18:21:00,362 [DEBUG] urllib3.connectionpool connectionpool.py:393	https://overload.yandex.net:443 "POST /api/job/523483/configinfo.txt?api_token=4f2a42fb997146a394c06ccf2768f953 HTTP/1.1" 200 16
2022-05-20 18:21:00,374 [INFO] yandextank.plugins.DataUploader.plugin plugin.py:478	Unlocking targets: ['0.0.0.0:8080']
2022-05-20 18:21:00,379 [INFO] yandextank.plugins.DataUploader.plugin plugin.py:480	0.0.0.0:8080
2022-05-20 18:21:00,383 [DEBUG] yandextank.core.tankcore tankcore.py:319	RC after: 1
2022-05-20 18:21:00,387 [INFO] yandextank.core.tankcore tankcore.py:330	Post-processing test...
2022-05-20 18:21:00,391 [DEBUG] yandextank.core.tankcore tankcore.py:333	Post-process <yandextank.plugins.Pandora.plugin.Plugin object at 0x4019374890>
2022-05-20 18:21:00,398 [DEBUG] yandextank.core.tankcore tankcore.py:335	RC before: 1
2022-05-20 18:21:00,410 [DEBUG] yandextank.core.tankcore tankcore.py:337	RC after: 1
2022-05-20 18:21:00,442 [DEBUG] yandextank.core.tankcore tankcore.py:333	Post-process <yandextank.plugins.JsonReport.plugin.Plugin object at 0x401937e590>
2022-05-20 18:21:00,448 [DEBUG] yandextank.core.tankcore tankcore.py:335	RC before: 1
2022-05-20 18:21:00,451 [DEBUG] yandextank.core.tankcore tankcore.py:337	RC after: 1
2022-05-20 18:21:00,453 [DEBUG] yandextank.core.tankcore tankcore.py:333	Post-process <yandextank.plugins.Autostop.plugin.Plugin object at 0x4019374cd0>
2022-05-20 18:21:00,455 [DEBUG] yandextank.core.tankcore tankcore.py:335	RC before: 1
2022-05-20 18:21:00,458 [DEBUG] yandextank.core.tankcore tankcore.py:337	RC after: 1
2022-05-20 18:21:00,463 [DEBUG] yandextank.core.tankcore tankcore.py:333	Post-process <yandextank.plugins.ShellExec.plugin.Plugin object at 0x40193743d0>
2022-05-20 18:21:00,465 [DEBUG] yandextank.core.tankcore tankcore.py:335	RC before: 1
2022-05-20 18:21:00,466 [DEBUG] yandextank.core.tankcore tankcore.py:337	RC after: 1
2022-05-20 18:21:00,468 [DEBUG] yandextank.core.tankcore tankcore.py:333	Post-process <yandextank.plugins.Console.plugin.Plugin object at 0x4019374950>
2022-05-20 18:21:00,470 [DEBUG] yandextank.core.tankcore tankcore.py:335	RC before: 1
2022-05-20 18:21:00,472 [DEBUG] yandextank.core.tankcore tankcore.py:337	RC after: 1
2022-05-20 18:21:00,474 [DEBUG] yandextank.core.tankcore tankcore.py:333	Post-process <yandextank.plugins.RCAssert.plugin.Plugin object at 0x4019374590>
2022-05-20 18:21:00,475 [DEBUG] yandextank.core.tankcore tankcore.py:335	RC before: 1
2022-05-20 18:21:00,477 [DEBUG] yandextank.core.tankcore tankcore.py:337	RC after: 1
2022-05-20 18:21:00,478 [DEBUG] yandextank.core.tankcore tankcore.py:333	Post-process <yandextank.plugins.ResourceCheck.plugin.Plugin object at 0x4019366e90>
2022-05-20 18:21:00,479 [DEBUG] yandextank.core.tankcore tankcore.py:335	RC before: 1
2022-05-20 18:21:00,482 [DEBUG] yandextank.core.tankcore tankcore.py:337	RC after: 1
2022-05-20 18:21:00,483 [DEBUG] yandextank.core.tankcore tankcore.py:333	Post-process <yandextank.plugins.DataUploader.plugin.Plugin object at 0x401937eb50>
2022-05-20 18:21:00,484 [DEBUG] yandextank.core.tankcore tankcore.py:335	RC before: 1
2022-05-20 18:21:00,487 [INFO] yandextank.plugins.DataUploader.plugin plugin.py:350	Waiting for sender threads to join.
2022-05-20 18:21:00,489 [INFO] yandextank.plugins.DataUploader.plugin plugin.py:357	Web link: None
2022-05-20 18:21:00,491 [DEBUG] yandextank.core.tankcore tankcore.py:391	Searching for plugin: <class 'yandextank.plugins.Autostop.plugin.Plugin'>
2022-05-20 18:21:00,493 [DEBUG] yandextank.plugins.DataUploader.plugin plugin.py:376	No autostop cause detected
2022-05-20 18:21:00,495 [DEBUG] yandextank.plugins.DataUploader.client client.py:642	Sending configinitial config
2022-05-20 18:21:00,569 [DEBUG] urllib3.connectionpool connectionpool.py:393	https://overload.yandex.net:443 "POST /api/job/523483/configinitial.txt?api_token=4f2a42fb997146a394c06ccf2768f953 HTTP/1.1" 200 16
2022-05-20 18:21:00,573 [DEBUG] yandextank.plugins.DataUploader.client client.py:642	Sending configinfo config
2022-05-20 18:21:00,650 [DEBUG] urllib3.connectionpool connectionpool.py:393	https://overload.yandex.net:443 "POST /api/job/523483/configinfo.txt?api_token=4f2a42fb997146a394c06ccf2768f953 HTTP/1.1" 200 16
2022-05-20 18:21:00,655 [DEBUG] yandextank.core.tankcore tankcore.py:337	RC after: 1
2022-05-20 18:21:00,657 [INFO] root consoleworker.py:269	Trying to clean up
2022-05-20 18:21:00,658 [INFO] yandextank.core.tankcore tankcore.py:526	Cleaning up plugin plugin_pandora
2022-05-20 18:21:00,660 [INFO] yandextank.core.tankcore tankcore.py:526	Cleaning up plugin plugin_json_report
2022-05-20 18:21:00,662 [INFO] yandextank.core.tankcore tankcore.py:526	Cleaning up plugin plugin_autostop
2022-05-20 18:21:00,664 [INFO] yandextank.core.tankcore tankcore.py:526	Cleaning up plugin plugin_shellexec
2022-05-20 18:21:00,665 [INFO] yandextank.core.tankcore tankcore.py:526	Cleaning up plugin plugin_console
2022-05-20 18:21:00,667 [INFO] yandextank.core.tankcore tankcore.py:526	Cleaning up plugin plugin_rcassert
2022-05-20 18:21:00,669 [INFO] yandextank.core.tankcore tankcore.py:526	Cleaning up plugin plugin_rcheck
2022-05-20 18:21:00,672 [INFO] yandextank.core.tankcore tankcore.py:526	Cleaning up plugin plugin_overload
2022-05-20 18:21:00,756 [DEBUG] urllib3.connectionpool connectionpool.py:393	https://overload.yandex.net:443 "GET /api/job/523483/close.json?exitcode=1&api_token=4f2a42fb997146a394c06ccf2768f953 HTTP/1.1" 200 16
2022-05-20 18:21:00,762 [INFO] yandextank.plugins.DataUploader.plugin plugin.py:478	Unlocking targets: ['0.0.0.0:8080']
2022-05-20 18:21:00,764 [INFO] yandextank.plugins.DataUploader.plugin plugin.py:480	0.0.0.0:8080
2022-05-20 18:21:00,766 [INFO] yandextank.core.tankcore tankcore.py:561	Releasing lock: /var/lock/lunapark_e1AJLq.lock
2022-05-20 18:21:00,782 [DEBUG] yandextank.core.tankcore tankcore.py:367	Collecting artifacts
2022-05-20 18:21:00,783 [INFO] yandextank.core.tankcore tankcore.py:368	Artifacts dir: /Users/nikitaratasnuk/yandex.tank/gun/logs/2022-05-20_18-20-57.239881
2022-05-20 18:21:00,785 [DEBUG] yandextank.core.tankcore tankcore.py:422	Collecting file: ./phout.log to /Users/nikitaratasnuk/yandex.tank/gun/logs/2022-05-20_18-20-57.239881/phout.log
2022-05-20 18:21:00,799 [DEBUG] yandextank.core.tankcore tankcore.py:422	Collecting file: /Users/nikitaratasnuk/yandex.tank/gun/logs/2022-05-20_18-20-57.239881/pandora_config_KFOc7p.yaml to /Users/nikitaratasnuk/yandex.tank/gun/logs/2022-05-20_18-20-57.239881/pandora_config_KFOc7p.yaml
2022-05-20 18:21:00,801 [WARNING] yandextank.core.tankcore tankcore.py:429	File already exists: /Users/nikitaratasnuk/yandex.tank/gun/logs/2022-05-20_18-20-57.239881/pandora_config_KFOc7p.yaml
2022-05-20 18:21:00,806 [DEBUG] yandextank.core.tankcore tankcore.py:422	Collecting file: validation_error.yaml to /Users/nikitaratasnuk/yandex.tank/gun/logs/2022-05-20_18-20-57.239881/validation_error.yaml
2022-05-20 18:21:00,810 [WARNING] yandextank.core.tankcore tankcore.py:424	File not found to collect: validation_error.yaml
2022-05-20 18:21:00,814 [DEBUG] yandextank.core.tankcore tankcore.py:422	Collecting file: /Users/nikitaratasnuk/yandex.tank/gun/logs/2022-05-20_18-20-57.239881/pandora_THCprW.log to /Users/nikitaratasnuk/yandex.tank/gun/logs/2022-05-20_18-20-57.239881/pandora_THCprW.log
2022-05-20 18:21:00,816 [WARNING] yandextank.core.tankcore tankcore.py:429	File already exists: /Users/nikitaratasnuk/yandex.tank/gun/logs/2022-05-20_18-20-57.239881/pandora_THCprW.log
