2022-05-20 18:36:19,950 [INFO] root consoleworker.py:434	Log file created
2022-05-20 18:36:19,952 [INFO] root consoleworker.py:438	Logging handler <logging.FileHandler object at 0x40191a2c10> added
2022-05-20 18:36:19,953 [INFO] root consoleworker.py:438	Logging handler <logging.StreamHandler object at 0x401916a850> added
2022-05-20 18:36:19,954 [INFO] root consoleworker.py:438	Logging handler <logging.StreamHandler object at 0x401918ea50> added
2022-05-20 18:36:19,956 [INFO] root consoleworker.py:373	Created a folder for the test. /var/loadtest/logs/2022-05-20_18-36-19.786623
2022-05-20 18:36:19,957 [INFO] yandextank.core.tankcore tankcore.py:237	Configuring plugins...
2022-05-20 18:36:19,958 [INFO] yandextank.core.tankcore tankcore.py:190	Loading plugins...
2022-05-20 18:36:19,960 [DEBUG] yandextank.core.tankcore tankcore.py:192	Loading plugin rcheck from yandextank.plugins.ResourceCheck
2022-05-20 18:36:19,961 [DEBUG] yandextank.core.tankcore tankcore.py:192	Loading plugin json_report from yandextank.plugins.JsonReport
2022-05-20 18:36:19,968 [DEBUG] yandextank.core.tankcore tankcore.py:192	Loading plugin overload from yandextank.plugins.DataUploader
2022-05-20 18:36:19,970 [DEBUG] yandextank.core.tankcore tankcore.py:192	Loading plugin rcassert from yandextank.plugins.RCAssert
2022-05-20 18:36:19,972 [DEBUG] yandextank.core.tankcore tankcore.py:192	Loading plugin pandora from yandextank.plugins.Pandora
2022-05-20 18:36:19,973 [DEBUG] yandextank.core.tankcore tankcore.py:192	Loading plugin console from yandextank.plugins.Console
2022-05-20 18:36:19,974 [DEBUG] yandextank.core.tankcore tankcore.py:192	Loading plugin shellexec from yandextank.plugins.ShellExec
2022-05-20 18:36:19,974 [DEBUG] yandextank.core.tankcore tankcore.py:192	Loading plugin autostop from yandextank.plugins.Autostop
2022-05-20 18:36:19,975 [DEBUG] yandextank.core.tankcore tankcore.py:212	Plugin instances: {'plugin_pandora': <yandextank.plugins.Pandora.plugin.Plugin object at 0x4019275890>, 'plugin_json_report': <yandextank.plugins.JsonReport.plugin.Plugin object at 0x401927e590>, 'plugin_autostop': <yandextank.plugins.Autostop.plugin.Plugin object at 0x4019275cd0>, 'plugin_shellexec': <yandextank.plugins.ShellExec.plugin.Plugin object at 0x40192753d0>, 'plugin_console': <yandextank.plugins.Console.plugin.Plugin object at 0x4019275950>, 'plugin_rcassert': <yandextank.plugins.RCAssert.plugin.Plugin object at 0x4019275590>, 'plugin_rcheck': <yandextank.plugins.ResourceCheck.plugin.Plugin object at 0x4019266e90>, 'plugin_overload': <yandextank.plugins.DataUploader.plugin.Plugin object at 0x401927eb50>}
2022-05-20 18:36:19,977 [DEBUG] yandextank.core.tankcore tankcore.py:244	Configuring <yandextank.plugins.Pandora.plugin.Plugin object at 0x4019275890>
2022-05-20 18:36:19,978 [INFO] yandextank.plugins.Pandora.plugin plugin.py:68	Found config_file option configuration
2022-05-20 18:36:20,003 [DEBUG] yandextank.core.tankcore tankcore.py:446	Adding artifact file to collect (keep=False): /var/loadtest/logs/2022-05-20_18-36-19.786623/pandora_config_hJf2kp.yaml
2022-05-20 18:36:20,017 [DEBUG] yandextank.plugins.Pandora.plugin plugin.py:74	Config after parsing for patching: {'pools': [{'rps': {'duration': '60s', 'type': 'line', 'from': 1, 'to': 200}, 'result': {'destination': './phout.log', 'type': 'phout'}, 'startup': {'type': 'once', 'times': 10}, 'gun': {'type': 'My_custom_gun_name', 'target': '0.0.0.0:8080'}, 'ammo': {'source': {'path': './json.ammo', 'type': 'file'}, 'type': 'custom_provider'}, 'id': 'HTTP pool'}]}
2022-05-20 18:36:20,018 [INFO] yandextank.plugins.Pandora.plugin plugin.py:153	Found report file in pandora config: ./phout.log
2022-05-20 18:36:20,022 [DEBUG] yandextank.core.tankcore tankcore.py:446	Adding artifact file to collect (keep=False): ./phout.log
2022-05-20 18:36:20,023 [DEBUG] yandextank.core.tankcore tankcore.py:244	Configuring <yandextank.plugins.JsonReport.plugin.Plugin object at 0x401927e590>
2022-05-20 18:36:20,026 [DEBUG] yandextank.core.tankcore tankcore.py:391	Searching for plugin: <class 'yandextank.common.interfaces.GeneratorPlugin'>
2022-05-20 18:36:20,033 [DEBUG] yandextank.core.tankcore tankcore.py:244	Configuring <yandextank.plugins.Autostop.plugin.Plugin object at 0x4019275cd0>
2022-05-20 18:36:20,035 [DEBUG] yandextank.core.tankcore tankcore.py:244	Configuring <yandextank.plugins.ShellExec.plugin.Plugin object at 0x40192753d0>
2022-05-20 18:36:20,036 [DEBUG] yandextank.core.tankcore tankcore.py:244	Configuring <yandextank.plugins.Console.plugin.Plugin object at 0x4019275950>
2022-05-20 18:36:20,039 [DEBUG] yandextank.core.tankcore tankcore.py:244	Configuring <yandextank.plugins.RCAssert.plugin.Plugin object at 0x4019275590>
2022-05-20 18:36:20,040 [DEBUG] yandextank.core.tankcore tankcore.py:244	Configuring <yandextank.plugins.ResourceCheck.plugin.Plugin object at 0x4019266e90>
2022-05-20 18:36:20,043 [DEBUG] yandextank.core.tankcore tankcore.py:244	Configuring <yandextank.plugins.DataUploader.plugin.Plugin object at 0x401927eb50>
2022-05-20 18:36:20,045 [INFO] yandextank.core.tankcore tankcore.py:249	Preparing test...
2022-05-20 18:36:20,046 [DEBUG] yandextank.core.tankcore tankcore.py:253	Preparing <yandextank.plugins.Pandora.plugin.Plugin object at 0x4019275890>
2022-05-20 18:36:20,047 [DEBUG] yandextank.core.tankcore tankcore.py:391	Searching for plugin: <class 'yandextank.plugins.Console.plugin.Plugin'>
2022-05-20 18:36:20,048 [DEBUG] yandextank.core.tankcore tankcore.py:253	Preparing <yandextank.plugins.JsonReport.plugin.Plugin object at 0x401927e590>
2022-05-20 18:36:20,049 [DEBUG] yandextank.core.tankcore tankcore.py:253	Preparing <yandextank.plugins.Autostop.plugin.Plugin object at 0x4019275cd0>
2022-05-20 18:36:20,049 [DEBUG] yandextank.common.interfaces plugin.py:74	Criterion string: http(5xx,10%,5s)
2022-05-20 18:36:20,051 [DEBUG] yandextank.common.interfaces plugin.py:78	Criterion objects: {'http(5xx,10%,5s)': <yandextank.plugins.Autostop.criterions.HTTPCodesCriterion object at 0x4019275f10>}
2022-05-20 18:36:20,052 [DEBUG] yandextank.core.tankcore tankcore.py:391	Searching for plugin: <class 'yandextank.plugins.Console.plugin.Plugin'>
2022-05-20 18:36:20,053 [DEBUG] yandextank.core.tankcore tankcore.py:253	Preparing <yandextank.plugins.ShellExec.plugin.Plugin object at 0x40192753d0>
2022-05-20 18:36:20,054 [DEBUG] yandextank.core.tankcore tankcore.py:253	Preparing <yandextank.plugins.Console.plugin.Plugin object at 0x4019275950>
2022-05-20 18:36:20,055 [DEBUG] yandextank.core.tankcore tankcore.py:253	Preparing <yandextank.plugins.RCAssert.plugin.Plugin object at 0x4019275590>
2022-05-20 18:36:20,056 [DEBUG] yandextank.core.tankcore tankcore.py:253	Preparing <yandextank.plugins.ResourceCheck.plugin.Plugin object at 0x4019266e90>
2022-05-20 18:36:20,057 [INFO] yandextank.common.interfaces plugin.py:39	Checking tank resources...
2022-05-20 18:36:20,058 [DEBUG] netort.process process.py:23	Starting: sh -c "df --no-sync -m -P -l -x fuse -x tmpfs -x devtmpfs -x davfs -x nfs /var/loadtest/logs | tail -n 1 | awk '{print \$4}' "
2022-05-20 18:36:20,568 [DEBUG] netort.process process.py:46	Process output:
11052

2022-05-20 18:36:20,570 [DEBUG] netort.process process.py:48	Process exit code: 0
2022-05-20 18:36:20,571 [DEBUG] root plugin.py:58	Result: (0, '11052\n', '')
2022-05-20 18:36:20,572 [DEBUG] yandextank.common.interfaces plugin.py:64	Disk free space: 11052/2048
2022-05-20 18:36:20,574 [DEBUG] yandextank.common.interfaces plugin.py:75	Memory free: 3089/512
2022-05-20 18:36:20,575 [DEBUG] yandextank.core.tankcore tankcore.py:253	Preparing <yandextank.plugins.DataUploader.plugin.Plugin object at 0x401927eb50>
2022-05-20 18:36:20,577 [WARNING] yandextank.plugins.DataUploader.plugin plugin.py:234	Failed to get info about ammo path
2022-05-20 18:36:20,579 [INFO] root plugin.py:523	Using OVERLOAD backend
2022-05-20 18:36:20,580 [DEBUG] yandextank.plugins.DataUploader.plugin plugin.py:618	Trying to read token from token.txt
2022-05-20 18:36:20,584 [INFO] yandextank.plugins.DataUploader.plugin plugin.py:624	Read authentication token from token.txt, token length is 32 bytes
2022-05-20 18:36:20,620 [INFO] yandextank.plugins.DataUploader.client client.py:59	Proxy not set
2022-05-20 18:36:20,622 [INFO] yandextank.plugins.DataUploader.plugin plugin.py:647	Detected target: 0.0.0.0:8080
2022-05-20 18:36:20,650 [DEBUG] yandextank.plugins.DataUploader.client client.py:336	Job create request: {'person': 'root', 'host': '0.0.0.0:8080', 'task': '', 'tank': 'db76f36a2507', 'notify': [], 'loadscheme': [], 'detailed_time': None, 'port': '8080'}
2022-05-20 18:36:20,659 [DEBUG] urllib3.connectionpool connectionpool.py:813	Starting new HTTPS connection (1): overload.yandex.net:443
2022-05-20 18:36:20,995 [DEBUG] urllib3.connectionpool connectionpool.py:393	https://overload.yandex.net:443 "POST /api/job/create.json?api_token=4f2a42fb997146a394c06ccf2768f953 HTTP/1.1" 200 None
2022-05-20 18:36:21,022 [INFO] yandextank.plugins.DataUploader.plugin plugin.py:789	Job created: 523492
2022-05-20 18:36:21,031 [DEBUG] yandextank.plugins.DataUploader.client client.py:642	Sending configinitial config
2022-05-20 18:36:21,169 [DEBUG] urllib3.connectionpool connectionpool.py:393	https://overload.yandex.net:443 "POST /api/job/523492/configinitial.txt?api_token=4f2a42fb997146a394c06ccf2768f953 HTTP/1.1" 200 16
2022-05-20 18:36:21,183 [INFO] yandextank.plugins.DataUploader.plugin plugin.py:485	Locking targets: ['0.0.0.0:8080']
2022-05-20 18:36:21,190 [INFO] yandextank.plugins.DataUploader.plugin plugin.py:487	Locked targets: ['0.0.0.0:8080']
2022-05-20 18:36:21,207 [DEBUG] yandextank.common.interfaces interfaces.py:101	Publishing status: Plugin/job_no: 523492
2022-05-20 18:36:21,288 [DEBUG] urllib3.connectionpool connectionpool.py:393	https://overload.yandex.net:443 "POST /api/job/523492/edit.json?api_token=4f2a42fb997146a394c06ccf2768f953 HTTP/1.1" 200 19
2022-05-20 18:36:21,297 [DEBUG] yandextank.core.tankcore tankcore.py:391	Searching for plugin: <class 'yandextank.plugins.Console.plugin.Plugin'>
2022-05-20 18:36:21,300 [DEBUG] yandextank.plugins.DataUploader.client client.py:642	Sending configinitial config
2022-05-20 18:36:21,428 [DEBUG] urllib3.connectionpool connectionpool.py:393	https://overload.yandex.net:443 "POST /api/job/523492/configinitial.txt?api_token=4f2a42fb997146a394c06ccf2768f953 HTTP/1.1" 200 16
2022-05-20 18:36:21,441 [DEBUG] yandextank.plugins.DataUploader.client client.py:642	Sending configinfo config
2022-05-20 18:36:21,620 [DEBUG] urllib3.connectionpool connectionpool.py:393	https://overload.yandex.net:443 "POST /api/job/523492/configinfo.txt?api_token=4f2a42fb997146a394c06ccf2768f953 HTTP/1.1" 200 16
2022-05-20 18:36:21,634 [INFO] yandextank.core.tankcore tankcore.py:259	Starting test...
2022-05-20 18:36:21,648 [INFO] yandextank.aggregator.tank_aggregator tank_aggregator.py:63	using verbose histogram
2022-05-20 18:36:21,679 [DEBUG] yandextank.core.tankcore tankcore.py:263	Starting <yandextank.plugins.Pandora.plugin.Plugin object at 0x4019275890>
2022-05-20 18:36:21,682 [INFO] yandextank.plugins.Pandora.plugin plugin.py:183	Starting: ['./pandora1', '-expvar', '/var/loadtest/logs/2022-05-20_18-36-19.786623/pandora_config_hJf2kp.yaml']
2022-05-20 18:36:21,691 [DEBUG] urllib3.connectionpool connectionpool.py:205	Starting new HTTP connection (1): localhost:1234
2022-05-20 18:36:21,699 [DEBUG] yandextank.plugins.Pandora.reader reader.py:33	Pandora expvar http interface is unavailable
Traceback (most recent call last):
  File "/usr/local/lib/python2.7/dist-packages/yandextank/plugins/Pandora/reader.py", line 24, in run
    pandora_stat = requests.get("http://localhost:1234/debug/vars", timeout=0.9).json()
  File "/usr/local/lib/python2.7/dist-packages/requests/api.py", line 75, in get
    return request('get', url, params=params, **kwargs)
  File "/usr/local/lib/python2.7/dist-packages/requests/api.py", line 60, in request
    return session.request(method=method, url=url, **kwargs)
  File "/usr/local/lib/python2.7/dist-packages/requests/sessions.py", line 533, in request
    resp = self.send(prep, **send_kwargs)
  File "/usr/local/lib/python2.7/dist-packages/requests/sessions.py", line 646, in send
    r = adapter.send(request, **kwargs)
  File "/usr/local/lib/python2.7/dist-packages/requests/adapters.py", line 516, in send
    raise ConnectionError(e, request=request)
ConnectionError: HTTPConnectionPool(host='localhost', port=1234): Max retries exceeded with url: /debug/vars (Caused by NewConnectionError('<urllib3.connection.HTTPConnection object at 0x40194bed90>: Failed to establish a new connection: [Errno 111] Connection refused',))
2022-05-20 18:36:21,700 [DEBUG] yandextank.core.tankcore tankcore.py:446	Adding artifact file to collect (keep=False): /var/loadtest/logs/2022-05-20_18-36-19.786623/pandora_UOsjuJ.log
2022-05-20 18:36:22,111 [DEBUG] urllib3.connectionpool connectionpool.py:205	Starting new HTTP connection (1): localhost:1234
2022-05-20 18:36:22,116 [DEBUG] yandextank.plugins.Pandora.reader reader.py:33	Pandora expvar http interface is unavailable
Traceback (most recent call last):
  File "/usr/local/lib/python2.7/dist-packages/yandextank/plugins/Pandora/reader.py", line 24, in run
    pandora_stat = requests.get("http://localhost:1234/debug/vars", timeout=0.9).json()
  File "/usr/local/lib/python2.7/dist-packages/requests/api.py", line 75, in get
    return request('get', url, params=params, **kwargs)
  File "/usr/local/lib/python2.7/dist-packages/requests/api.py", line 60, in request
    return session.request(method=method, url=url, **kwargs)
  File "/usr/local/lib/python2.7/dist-packages/requests/sessions.py", line 533, in request
    resp = self.send(prep, **send_kwargs)
  File "/usr/local/lib/python2.7/dist-packages/requests/sessions.py", line 646, in send
    r = adapter.send(request, **kwargs)
  File "/usr/local/lib/python2.7/dist-packages/requests/adapters.py", line 516, in send
    raise ConnectionError(e, request=request)
ConnectionError: HTTPConnectionPool(host='localhost', port=1234): Max retries exceeded with url: /debug/vars (Caused by NewConnectionError('<urllib3.connection.HTTPConnection object at 0x4022275790>: Failed to establish a new connection: [Errno 111] Connection refused',))
2022-05-20 18:36:22,156 [DEBUG] yandextank.plugins.Pandora.plugin plugin.py:196	Unable to start Pandora binary. Args: ['./pandora1', '-expvar', '/var/loadtest/logs/2022-05-20_18-36-19.786623/pandora_config_hJf2kp.yaml']
Traceback (most recent call last):
  File "/usr/local/lib/python2.7/dist-packages/yandextank/plugins/Pandora/plugin.py", line 193, in start_test
    close_fds=True)
  File "/usr/lib/python2.7/subprocess.py", line 711, in __init__
    errread, errwrite)
  File "/usr/lib/python2.7/subprocess.py", line 1343, in _execute_child
    raise child_exception
OSError: [Errno 8] Exec format error
2022-05-20 18:36:22,159 [ERROR] root consoleworker.py:296	Test interrupted:
<type 'exceptions.RuntimeError'>: Unable to start Pandora binary and/or file does not exist: ['./pandora1', '-expvar', '/var/loadtest/logs/2022-05-20_18-36-19.786623/pandora_config_hJf2kp.yaml']
<traceback object at 0x403dd9afc8>
2022-05-20 18:36:22,162 [INFO] yandextank.core.tankcore tankcore.py:301	Finishing test...
2022-05-20 18:36:22,163 [INFO] yandextank.core.tankcore tankcore.py:303	Stopping load generator and aggregator
2022-05-20 18:36:22,165 [DEBUG] yandextank.plugins.Pandora.plugin plugin.py:225	Seems subprocess finished OK
2022-05-20 18:36:22,166 [DEBUG] yandextank.aggregator.tank_aggregator tank_aggregator.py:123	Closing stats reader
2022-05-20 18:36:22,319 [DEBUG] yandextank.aggregator.tank_aggregator tank_aggregator.py:126	Waiting for gun drain to finish
2022-05-20 18:36:22,697 [DEBUG] yandextank.aggregator.tank_aggregator tank_aggregator.py:128	Waiting for stats drain to finish
2022-05-20 18:36:22,704 [DEBUG] yandextank.aggregator.tank_aggregator tank_aggregator.py:130	Collecting remaining data
2022-05-20 18:36:22,708 [DEBUG] yandextank.aggregator.tank_aggregator tank_aggregator.py:87	Data timestamps: []
2022-05-20 18:36:22,711 [DEBUG] yandextank.aggregator.tank_aggregator tank_aggregator.py:88	Stats timestamps: []
2022-05-20 18:36:22,714 [DEBUG] yandextank.core.tankcore tankcore.py:305	RC after: 1
2022-05-20 18:36:22,717 [INFO] yandextank.core.tankcore tankcore.py:307	Stopping monitoring
2022-05-20 18:36:22,724 [DEBUG] yandextank.core.tankcore tankcore.py:315	Finalize <yandextank.plugins.JsonReport.plugin.Plugin object at 0x401927e590>
2022-05-20 18:36:22,726 [DEBUG] yandextank.core.tankcore tankcore.py:317	RC before: 1
2022-05-20 18:36:22,729 [DEBUG] yandextank.core.tankcore tankcore.py:319	RC after: 1
2022-05-20 18:36:22,731 [DEBUG] yandextank.core.tankcore tankcore.py:315	Finalize <yandextank.plugins.Autostop.plugin.Plugin object at 0x4019275cd0>
2022-05-20 18:36:22,733 [DEBUG] yandextank.core.tankcore tankcore.py:317	RC before: 1
2022-05-20 18:36:22,734 [DEBUG] yandextank.core.tankcore tankcore.py:319	RC after: 1
2022-05-20 18:36:22,736 [DEBUG] yandextank.core.tankcore tankcore.py:315	Finalize <yandextank.plugins.ShellExec.plugin.Plugin object at 0x40192753d0>
2022-05-20 18:36:22,737 [DEBUG] yandextank.core.tankcore tankcore.py:317	RC before: 1
2022-05-20 18:36:22,739 [DEBUG] yandextank.core.tankcore tankcore.py:319	RC after: 1
2022-05-20 18:36:22,741 [DEBUG] yandextank.core.tankcore tankcore.py:315	Finalize <yandextank.plugins.Console.plugin.Plugin object at 0x4019275950>
2022-05-20 18:36:22,742 [DEBUG] yandextank.core.tankcore tankcore.py:317	RC before: 1
2022-05-20 18:36:22,744 [DEBUG] yandextank.core.tankcore tankcore.py:319	RC after: 1
2022-05-20 18:36:22,745 [DEBUG] yandextank.core.tankcore tankcore.py:315	Finalize <yandextank.plugins.RCAssert.plugin.Plugin object at 0x4019275590>
2022-05-20 18:36:22,747 [DEBUG] yandextank.core.tankcore tankcore.py:317	RC before: 1
2022-05-20 18:36:22,748 [DEBUG] yandextank.core.tankcore tankcore.py:319	RC after: 1
2022-05-20 18:36:22,750 [DEBUG] yandextank.core.tankcore tankcore.py:315	Finalize <yandextank.plugins.ResourceCheck.plugin.Plugin object at 0x4019266e90>
2022-05-20 18:36:22,751 [DEBUG] yandextank.core.tankcore tankcore.py:317	RC before: 1
2022-05-20 18:36:22,752 [DEBUG] yandextank.core.tankcore tankcore.py:319	RC after: 1
2022-05-20 18:36:22,754 [DEBUG] yandextank.core.tankcore tankcore.py:315	Finalize <yandextank.plugins.DataUploader.plugin.Plugin object at 0x401927eb50>
2022-05-20 18:36:22,755 [DEBUG] yandextank.core.tankcore tankcore.py:317	RC before: 1
2022-05-20 18:36:22,757 [DEBUG] yandextank.plugins.DataUploader.client client.py:642	Sending configinitial config
2022-05-20 18:36:22,833 [DEBUG] urllib3.connectionpool connectionpool.py:393	https://overload.yandex.net:443 "POST /api/job/523492/configinitial.txt?api_token=4f2a42fb997146a394c06ccf2768f953 HTTP/1.1" 200 16
2022-05-20 18:36:22,836 [DEBUG] yandextank.plugins.DataUploader.client client.py:642	Sending configinfo config
2022-05-20 18:36:22,948 [DEBUG] urllib3.connectionpool connectionpool.py:393	https://overload.yandex.net:443 "POST /api/job/523492/configinfo.txt?api_token=4f2a42fb997146a394c06ccf2768f953 HTTP/1.1" 200 16
2022-05-20 18:36:22,954 [INFO] yandextank.plugins.DataUploader.plugin plugin.py:478	Unlocking targets: ['0.0.0.0:8080']
2022-05-20 18:36:22,957 [INFO] yandextank.plugins.DataUploader.plugin plugin.py:480	0.0.0.0:8080
2022-05-20 18:36:22,960 [DEBUG] yandextank.core.tankcore tankcore.py:319	RC after: 1
2022-05-20 18:36:22,963 [INFO] yandextank.core.tankcore tankcore.py:330	Post-processing test...
2022-05-20 18:36:22,966 [DEBUG] yandextank.core.tankcore tankcore.py:333	Post-process <yandextank.plugins.Pandora.plugin.Plugin object at 0x4019275890>
2022-05-20 18:36:22,968 [DEBUG] yandextank.core.tankcore tankcore.py:335	RC before: 1
2022-05-20 18:36:22,970 [DEBUG] yandextank.core.tankcore tankcore.py:337	RC after: 1
2022-05-20 18:36:22,972 [DEBUG] yandextank.core.tankcore tankcore.py:333	Post-process <yandextank.plugins.JsonReport.plugin.Plugin object at 0x401927e590>
2022-05-20 18:36:22,975 [DEBUG] yandextank.core.tankcore tankcore.py:335	RC before: 1
2022-05-20 18:36:22,978 [DEBUG] yandextank.core.tankcore tankcore.py:337	RC after: 1
2022-05-20 18:36:22,980 [DEBUG] yandextank.core.tankcore tankcore.py:333	Post-process <yandextank.plugins.Autostop.plugin.Plugin object at 0x4019275cd0>
2022-05-20 18:36:22,982 [DEBUG] yandextank.core.tankcore tankcore.py:335	RC before: 1
2022-05-20 18:36:22,986 [DEBUG] yandextank.core.tankcore tankcore.py:337	RC after: 1
2022-05-20 18:36:22,988 [DEBUG] yandextank.core.tankcore tankcore.py:333	Post-process <yandextank.plugins.ShellExec.plugin.Plugin object at 0x40192753d0>
2022-05-20 18:36:22,990 [DEBUG] yandextank.core.tankcore tankcore.py:335	RC before: 1
2022-05-20 18:36:22,991 [DEBUG] yandextank.core.tankcore tankcore.py:337	RC after: 1
2022-05-20 18:36:22,993 [DEBUG] yandextank.core.tankcore tankcore.py:333	Post-process <yandextank.plugins.Console.plugin.Plugin object at 0x4019275950>
2022-05-20 18:36:22,994 [DEBUG] yandextank.core.tankcore tankcore.py:335	RC before: 1
2022-05-20 18:36:22,995 [DEBUG] yandextank.core.tankcore tankcore.py:337	RC after: 1
2022-05-20 18:36:22,997 [DEBUG] yandextank.core.tankcore tankcore.py:333	Post-process <yandextank.plugins.RCAssert.plugin.Plugin object at 0x4019275590>
2022-05-20 18:36:22,999 [DEBUG] yandextank.core.tankcore tankcore.py:335	RC before: 1
2022-05-20 18:36:23,000 [DEBUG] yandextank.core.tankcore tankcore.py:337	RC after: 1
2022-05-20 18:36:23,001 [DEBUG] yandextank.core.tankcore tankcore.py:333	Post-process <yandextank.plugins.ResourceCheck.plugin.Plugin object at 0x4019266e90>
2022-05-20 18:36:23,003 [DEBUG] yandextank.core.tankcore tankcore.py:335	RC before: 1
2022-05-20 18:36:23,005 [DEBUG] yandextank.core.tankcore tankcore.py:337	RC after: 1
2022-05-20 18:36:23,006 [DEBUG] yandextank.core.tankcore tankcore.py:333	Post-process <yandextank.plugins.DataUploader.plugin.Plugin object at 0x401927eb50>
2022-05-20 18:36:23,007 [DEBUG] yandextank.core.tankcore tankcore.py:335	RC before: 1
2022-05-20 18:36:23,008 [INFO] yandextank.plugins.DataUploader.plugin plugin.py:350	Waiting for sender threads to join.
2022-05-20 18:36:23,010 [INFO] yandextank.plugins.DataUploader.plugin plugin.py:357	Web link: None
2022-05-20 18:36:23,011 [DEBUG] yandextank.core.tankcore tankcore.py:391	Searching for plugin: <class 'yandextank.plugins.Autostop.plugin.Plugin'>
2022-05-20 18:36:23,012 [DEBUG] yandextank.plugins.DataUploader.plugin plugin.py:376	No autostop cause detected
2022-05-20 18:36:23,012 [DEBUG] yandextank.plugins.DataUploader.client client.py:642	Sending configinitial config
2022-05-20 18:36:23,075 [DEBUG] urllib3.connectionpool connectionpool.py:393	https://overload.yandex.net:443 "POST /api/job/523492/configinitial.txt?api_token=4f2a42fb997146a394c06ccf2768f953 HTTP/1.1" 200 16
2022-05-20 18:36:23,079 [DEBUG] yandextank.plugins.DataUploader.client client.py:642	Sending configinfo config
2022-05-20 18:36:23,226 [DEBUG] urllib3.connectionpool connectionpool.py:393	https://overload.yandex.net:443 "POST /api/job/523492/configinfo.txt?api_token=4f2a42fb997146a394c06ccf2768f953 HTTP/1.1" 200 16
2022-05-20 18:36:23,236 [DEBUG] yandextank.core.tankcore tankcore.py:337	RC after: 1
2022-05-20 18:36:23,239 [INFO] root consoleworker.py:269	Trying to clean up
2022-05-20 18:36:23,241 [INFO] yandextank.core.tankcore tankcore.py:526	Cleaning up plugin plugin_pandora
2022-05-20 18:36:23,244 [INFO] yandextank.core.tankcore tankcore.py:526	Cleaning up plugin plugin_json_report
2022-05-20 18:36:23,247 [INFO] yandextank.core.tankcore tankcore.py:526	Cleaning up plugin plugin_autostop
2022-05-20 18:36:23,250 [INFO] yandextank.core.tankcore tankcore.py:526	Cleaning up plugin plugin_shellexec
2022-05-20 18:36:23,253 [INFO] yandextank.core.tankcore tankcore.py:526	Cleaning up plugin plugin_console
2022-05-20 18:36:23,255 [INFO] yandextank.core.tankcore tankcore.py:526	Cleaning up plugin plugin_rcassert
2022-05-20 18:36:23,256 [INFO] yandextank.core.tankcore tankcore.py:526	Cleaning up plugin plugin_rcheck
2022-05-20 18:36:23,258 [INFO] yandextank.core.tankcore tankcore.py:526	Cleaning up plugin plugin_overload
2022-05-20 18:36:23,467 [DEBUG] urllib3.connectionpool connectionpool.py:393	https://overload.yandex.net:443 "GET /api/job/523492/close.json?exitcode=1&api_token=4f2a42fb997146a394c06ccf2768f953 HTTP/1.1" 200 16
2022-05-20 18:36:23,477 [INFO] yandextank.plugins.DataUploader.plugin plugin.py:478	Unlocking targets: ['0.0.0.0:8080']
2022-05-20 18:36:23,483 [INFO] yandextank.plugins.DataUploader.plugin plugin.py:480	0.0.0.0:8080
2022-05-20 18:36:23,486 [INFO] yandextank.core.tankcore tankcore.py:561	Releasing lock: /var/lock/lunapark_o7evSQ.lock
2022-05-20 18:36:23,498 [DEBUG] yandextank.core.tankcore tankcore.py:367	Collecting artifacts
2022-05-20 18:36:23,500 [INFO] yandextank.core.tankcore tankcore.py:368	Artifacts dir: /var/loadtest/logs/2022-05-20_18-36-19.786623
2022-05-20 18:36:23,502 [DEBUG] yandextank.core.tankcore tankcore.py:422	Collecting file: ./phout.log to /var/loadtest/logs/2022-05-20_18-36-19.786623/phout.log
2022-05-20 18:36:23,511 [DEBUG] yandextank.core.tankcore tankcore.py:422	Collecting file: /var/loadtest/logs/2022-05-20_18-36-19.786623/pandora_UOsjuJ.log to /var/loadtest/logs/2022-05-20_18-36-19.786623/pandora_UOsjuJ.log
2022-05-20 18:36:23,512 [WARNING] yandextank.core.tankcore tankcore.py:429	File already exists: /var/loadtest/logs/2022-05-20_18-36-19.786623/pandora_UOsjuJ.log
2022-05-20 18:36:23,515 [DEBUG] yandextank.core.tankcore tankcore.py:422	Collecting file: validation_error.yaml to /var/loadtest/logs/2022-05-20_18-36-19.786623/validation_error.yaml
2022-05-20 18:36:23,519 [WARNING] yandextank.core.tankcore tankcore.py:424	File not found to collect: validation_error.yaml
2022-05-20 18:36:23,521 [DEBUG] yandextank.core.tankcore tankcore.py:422	Collecting file: /var/loadtest/logs/2022-05-20_18-36-19.786623/pandora_config_hJf2kp.yaml to /var/loadtest/logs/2022-05-20_18-36-19.786623/pandora_config_hJf2kp.yaml
2022-05-20 18:36:23,524 [WARNING] yandextank.core.tankcore tankcore.py:429	File already exists: /var/loadtest/logs/2022-05-20_18-36-19.786623/pandora_config_hJf2kp.yaml
