2022-05-20 18:05:36,645 [INFO] root consoleworker.py:434	Log file created
2022-05-20 18:05:36,647 [INFO] root consoleworker.py:438	Logging handler <logging.FileHandler object at 0x40192a2c10> added
2022-05-20 18:05:36,648 [INFO] root consoleworker.py:438	Logging handler <logging.StreamHandler object at 0x401926a850> added
2022-05-20 18:05:36,649 [INFO] root consoleworker.py:438	Logging handler <logging.StreamHandler object at 0x401928ea50> added
2022-05-20 18:05:36,651 [INFO] root consoleworker.py:373	Created a folder for the test. /Users/nikitaratasnuk/yandex.tank/logs/2022-05-20_18-05-36.470444
2022-05-20 18:05:36,653 [INFO] yandextank.core.tankcore tankcore.py:237	Configuring plugins...
2022-05-20 18:05:36,655 [INFO] yandextank.core.tankcore tankcore.py:190	Loading plugins...
2022-05-20 18:05:36,656 [DEBUG] yandextank.core.tankcore tankcore.py:192	Loading plugin rcheck from yandextank.plugins.ResourceCheck
2022-05-20 18:05:36,657 [DEBUG] yandextank.core.tankcore tankcore.py:192	Loading plugin json_report from yandextank.plugins.JsonReport
2022-05-20 18:05:36,664 [DEBUG] yandextank.core.tankcore tankcore.py:192	Loading plugin overload from yandextank.plugins.DataUploader
2022-05-20 18:05:36,665 [DEBUG] yandextank.core.tankcore tankcore.py:192	Loading plugin rcassert from yandextank.plugins.RCAssert
2022-05-20 18:05:36,666 [DEBUG] yandextank.core.tankcore tankcore.py:192	Loading plugin pandora from yandextank.plugins.Pandora
2022-05-20 18:05:36,667 [DEBUG] yandextank.core.tankcore tankcore.py:192	Loading plugin console from yandextank.plugins.Console
2022-05-20 18:05:36,669 [DEBUG] yandextank.core.tankcore tankcore.py:192	Loading plugin shellexec from yandextank.plugins.ShellExec
2022-05-20 18:05:36,670 [DEBUG] yandextank.core.tankcore tankcore.py:192	Loading plugin autostop from yandextank.plugins.Autostop
2022-05-20 18:05:36,672 [DEBUG] yandextank.core.tankcore tankcore.py:212	Plugin instances: {'plugin_pandora': <yandextank.plugins.Pandora.plugin.Plugin object at 0x4019374d10>, 'plugin_json_report': <yandextank.plugins.JsonReport.plugin.Plugin object at 0x401937eb90>, 'plugin_autostop': <yandextank.plugins.Autostop.plugin.Plugin object at 0x40193748d0>, 'plugin_shellexec': <yandextank.plugins.ShellExec.plugin.Plugin object at 0x4019374b90>, 'plugin_console': <yandextank.plugins.Console.plugin.Plugin object at 0x4019374110>, 'plugin_rcassert': <yandextank.plugins.RCAssert.plugin.Plugin object at 0x4019374890>, 'plugin_rcheck': <yandextank.plugins.ResourceCheck.plugin.Plugin object at 0x401937e5d0>, 'plugin_overload': <yandextank.plugins.DataUploader.plugin.Plugin object at 0x401937e510>}
2022-05-20 18:05:36,674 [DEBUG] yandextank.core.tankcore tankcore.py:244	Configuring <yandextank.plugins.Pandora.plugin.Plugin object at 0x4019374d10>
2022-05-20 18:05:36,677 [INFO] yandextank.plugins.Pandora.plugin plugin.py:68	Found config_file option configuration
2022-05-20 18:05:36,707 [DEBUG] yandextank.core.tankcore tankcore.py:446	Adding artifact file to collect (keep=False): /Users/nikitaratasnuk/yandex.tank/logs/2022-05-20_18-05-36.470444/pandora_config_cHUHL3.yaml
2022-05-20 18:05:36,722 [DEBUG] yandextank.plugins.Pandora.plugin plugin.py:74	Config after parsing for patching: {'pools': [{'rps': {'duration': '60s', 'type': 'line', 'from': 1, 'to': 200}, 'result': {'destination': './phout.log', 'type': 'phout'}, 'startup': {'type': 'once', 'times': 10}, 'gun': {'type': 'My_custom_gun_name', 'target': '0.0.0.0:8080'}, 'ammo': {'source': {'path': './json.ammo', 'type': 'file'}, 'type': 'custom_provider'}, 'id': 'HTTP pool'}]}
2022-05-20 18:05:36,724 [INFO] yandextank.plugins.Pandora.plugin plugin.py:153	Found report file in pandora config: ./phout.log
2022-05-20 18:05:36,727 [DEBUG] yandextank.core.tankcore tankcore.py:446	Adding artifact file to collect (keep=False): ./phout.log
2022-05-20 18:05:36,729 [DEBUG] yandextank.core.tankcore tankcore.py:244	Configuring <yandextank.plugins.JsonReport.plugin.Plugin object at 0x401937eb90>
2022-05-20 18:05:36,730 [DEBUG] yandextank.core.tankcore tankcore.py:391	Searching for plugin: <class 'yandextank.common.interfaces.GeneratorPlugin'>
2022-05-20 18:05:36,738 [DEBUG] yandextank.core.tankcore tankcore.py:244	Configuring <yandextank.plugins.Autostop.plugin.Plugin object at 0x40193748d0>
2022-05-20 18:05:36,741 [DEBUG] yandextank.core.tankcore tankcore.py:244	Configuring <yandextank.plugins.ShellExec.plugin.Plugin object at 0x4019374b90>
2022-05-20 18:05:36,742 [DEBUG] yandextank.core.tankcore tankcore.py:244	Configuring <yandextank.plugins.Console.plugin.Plugin object at 0x4019374110>
2022-05-20 18:05:36,745 [DEBUG] yandextank.core.tankcore tankcore.py:244	Configuring <yandextank.plugins.RCAssert.plugin.Plugin object at 0x4019374890>
2022-05-20 18:05:36,746 [DEBUG] yandextank.core.tankcore tankcore.py:244	Configuring <yandextank.plugins.ResourceCheck.plugin.Plugin object at 0x401937e5d0>
2022-05-20 18:05:36,749 [DEBUG] yandextank.core.tankcore tankcore.py:244	Configuring <yandextank.plugins.DataUploader.plugin.Plugin object at 0x401937e510>
2022-05-20 18:05:36,751 [INFO] yandextank.core.tankcore tankcore.py:249	Preparing test...
2022-05-20 18:05:36,752 [DEBUG] yandextank.core.tankcore tankcore.py:253	Preparing <yandextank.plugins.Pandora.plugin.Plugin object at 0x4019374d10>
2022-05-20 18:05:36,752 [DEBUG] yandextank.core.tankcore tankcore.py:391	Searching for plugin: <class 'yandextank.plugins.Console.plugin.Plugin'>
2022-05-20 18:05:36,753 [DEBUG] yandextank.core.tankcore tankcore.py:253	Preparing <yandextank.plugins.JsonReport.plugin.Plugin object at 0x401937eb90>
2022-05-20 18:05:36,755 [DEBUG] yandextank.core.tankcore tankcore.py:253	Preparing <yandextank.plugins.Autostop.plugin.Plugin object at 0x40193748d0>
2022-05-20 18:05:36,756 [DEBUG] yandextank.common.interfaces plugin.py:74	Criterion string: http(5xx,10%,5s)
2022-05-20 18:05:36,758 [DEBUG] yandextank.common.interfaces plugin.py:78	Criterion objects: {'http(5xx,10%,5s)': <yandextank.plugins.Autostop.criterions.HTTPCodesCriterion object at 0x4019374910>}
2022-05-20 18:05:36,759 [DEBUG] yandextank.core.tankcore tankcore.py:391	Searching for plugin: <class 'yandextank.plugins.Console.plugin.Plugin'>
2022-05-20 18:05:36,760 [DEBUG] yandextank.core.tankcore tankcore.py:253	Preparing <yandextank.plugins.ShellExec.plugin.Plugin object at 0x4019374b90>
2022-05-20 18:05:36,761 [DEBUG] yandextank.core.tankcore tankcore.py:253	Preparing <yandextank.plugins.Console.plugin.Plugin object at 0x4019374110>
2022-05-20 18:05:36,762 [DEBUG] yandextank.core.tankcore tankcore.py:253	Preparing <yandextank.plugins.RCAssert.plugin.Plugin object at 0x4019374890>
2022-05-20 18:05:36,763 [DEBUG] yandextank.core.tankcore tankcore.py:253	Preparing <yandextank.plugins.ResourceCheck.plugin.Plugin object at 0x401937e5d0>
2022-05-20 18:05:36,764 [INFO] yandextank.common.interfaces plugin.py:39	Checking tank resources...
2022-05-20 18:05:36,765 [DEBUG] netort.process process.py:23	Starting: sh -c "df --no-sync -m -P -l -x fuse -x tmpfs -x devtmpfs -x davfs -x nfs /Users/nikitaratasnuk/yandex.tank/logs | tail -n 1 | awk '{print \$4}' "
2022-05-20 18:05:37,266 [DEBUG] netort.process process.py:46	Process output:
11138

2022-05-20 18:05:37,268 [DEBUG] netort.process process.py:48	Process exit code: 0
2022-05-20 18:05:37,269 [DEBUG] root plugin.py:58	Result: (0, '11138\n', '')
2022-05-20 18:05:37,270 [DEBUG] yandextank.common.interfaces plugin.py:64	Disk free space: 11138/2048
2022-05-20 18:05:37,273 [DEBUG] yandextank.common.interfaces plugin.py:75	Memory free: 3090/512
2022-05-20 18:05:37,274 [DEBUG] yandextank.core.tankcore tankcore.py:253	Preparing <yandextank.plugins.DataUploader.plugin.Plugin object at 0x401937e510>
2022-05-20 18:05:37,275 [WARNING] yandextank.plugins.DataUploader.plugin plugin.py:234	Failed to get info about ammo path
2022-05-20 18:05:37,278 [INFO] root plugin.py:523	Using OVERLOAD backend
2022-05-20 18:05:37,279 [DEBUG] yandextank.plugins.DataUploader.plugin plugin.py:618	Trying to read token from token.txt
2022-05-20 18:05:37,284 [INFO] yandextank.plugins.DataUploader.plugin plugin.py:624	Read authentication token from token.txt, token length is 32 bytes
2022-05-20 18:05:37,323 [INFO] yandextank.plugins.DataUploader.client client.py:59	Proxy not set
2022-05-20 18:05:37,325 [INFO] yandextank.plugins.DataUploader.plugin plugin.py:647	Detected target: 0.0.0.0:8080
2022-05-20 18:05:37,352 [DEBUG] yandextank.plugins.DataUploader.client client.py:336	Job create request: {'person': 'root', 'host': '0.0.0.0:8080', 'task': '', 'tank': 'cbbaf2c4807b', 'notify': [], 'loadscheme': [], 'detailed_time': None, 'port': '8080'}
2022-05-20 18:05:37,362 [DEBUG] urllib3.connectionpool connectionpool.py:813	Starting new HTTPS connection (1): overload.yandex.net:443
2022-05-20 18:05:37,757 [DEBUG] urllib3.connectionpool connectionpool.py:393	https://overload.yandex.net:443 "POST /api/job/create.json?api_token=4f2a42fb997146a394c06ccf2768f953 HTTP/1.1" 200 None
2022-05-20 18:05:37,784 [INFO] yandextank.plugins.DataUploader.plugin plugin.py:789	Job created: 523475
2022-05-20 18:05:37,792 [DEBUG] yandextank.plugins.DataUploader.client client.py:642	Sending configinitial config
2022-05-20 18:05:37,868 [DEBUG] urllib3.connectionpool connectionpool.py:393	https://overload.yandex.net:443 "POST /api/job/523475/configinitial.txt?api_token=4f2a42fb997146a394c06ccf2768f953 HTTP/1.1" 200 16
2022-05-20 18:05:37,877 [INFO] yandextank.plugins.DataUploader.plugin plugin.py:485	Locking targets: ['0.0.0.0:8080']
2022-05-20 18:05:37,881 [INFO] yandextank.plugins.DataUploader.plugin plugin.py:487	Locked targets: ['0.0.0.0:8080']
2022-05-20 18:05:37,893 [DEBUG] yandextank.common.interfaces interfaces.py:101	Publishing status: Plugin/job_no: 523475
2022-05-20 18:05:38,071 [DEBUG] urllib3.connectionpool connectionpool.py:393	https://overload.yandex.net:443 "POST /api/job/523475/edit.json?api_token=4f2a42fb997146a394c06ccf2768f953 HTTP/1.1" 200 19
2022-05-20 18:05:38,083 [DEBUG] yandextank.core.tankcore tankcore.py:391	Searching for plugin: <class 'yandextank.plugins.Console.plugin.Plugin'>
2022-05-20 18:05:38,091 [DEBUG] yandextank.plugins.DataUploader.client client.py:642	Sending configinitial config
2022-05-20 18:05:38,165 [DEBUG] urllib3.connectionpool connectionpool.py:393	https://overload.yandex.net:443 "POST /api/job/523475/configinitial.txt?api_token=4f2a42fb997146a394c06ccf2768f953 HTTP/1.1" 200 16
2022-05-20 18:05:38,173 [DEBUG] yandextank.plugins.DataUploader.client client.py:642	Sending configinfo config
2022-05-20 18:05:38,347 [DEBUG] urllib3.connectionpool connectionpool.py:393	https://overload.yandex.net:443 "POST /api/job/523475/configinfo.txt?api_token=4f2a42fb997146a394c06ccf2768f953 HTTP/1.1" 200 16
2022-05-20 18:05:38,358 [INFO] yandextank.core.tankcore tankcore.py:259	Starting test...
2022-05-20 18:05:38,368 [INFO] yandextank.aggregator.tank_aggregator tank_aggregator.py:63	using verbose histogram
2022-05-20 18:05:38,389 [DEBUG] yandextank.core.tankcore tankcore.py:263	Starting <yandextank.plugins.Pandora.plugin.Plugin object at 0x4019374d10>
2022-05-20 18:05:38,394 [INFO] yandextank.plugins.Pandora.plugin plugin.py:183	Starting: ['https://mitme.net/gun', '-expvar', '/Users/nikitaratasnuk/yandex.tank/logs/2022-05-20_18-05-36.470444/pandora_config_cHUHL3.yaml']
2022-05-20 18:05:38,399 [DEBUG] urllib3.connectionpool connectionpool.py:205	Starting new HTTP connection (1): localhost:1234
2022-05-20 18:05:38,410 [DEBUG] yandextank.core.tankcore tankcore.py:446	Adding artifact file to collect (keep=False): /Users/nikitaratasnuk/yandex.tank/logs/2022-05-20_18-05-36.470444/pandora_6wN_Xj.log
2022-05-20 18:05:38,411 [DEBUG] yandextank.plugins.Pandora.reader reader.py:33	Pandora expvar http interface is unavailable
Traceback (most recent call last):
  File "/usr/local/lib/python2.7/dist-packages/yandextank/plugins/Pandora/reader.py", line 24, in run
    pandora_stat = requests.get("http://localhost:1234/debug/vars", timeout=0.9).json()
  File "/usr/local/lib/python2.7/dist-packages/requests/api.py", line 75, in get
    return request('get', url, params=params, **kwargs)
  File "/usr/local/lib/python2.7/dist-packages/requests/api.py", line 60, in request
    return session.request(method=method, url=url, **kwargs)
  File "/usr/local/lib/python2.7/dist-packages/requests/sessions.py", line 533, in request
    resp = self.send(prep, **send_kwargs)
  File "/usr/local/lib/python2.7/dist-packages/requests/sessions.py", line 646, in send
    r = adapter.send(request, **kwargs)
  File "/usr/local/lib/python2.7/dist-packages/requests/adapters.py", line 516, in send
    raise ConnectionError(e, request=request)
ConnectionError: HTTPConnectionPool(host='localhost', port=1234): Max retries exceeded with url: /debug/vars (Caused by NewConnectionError('<urllib3.connection.HTTPConnection object at 0x40195bdd90>: Failed to establish a new connection: [Errno 111] Connection refused',))
2022-05-20 18:05:38,847 [DEBUG] yandextank.plugins.Pandora.plugin plugin.py:196	Unable to start Pandora binary. Args: ['https://mitme.net/gun', '-expvar', '/Users/nikitaratasnuk/yandex.tank/logs/2022-05-20_18-05-36.470444/pandora_config_cHUHL3.yaml']
Traceback (most recent call last):
  File "/usr/local/lib/python2.7/dist-packages/yandextank/plugins/Pandora/plugin.py", line 193, in start_test
    close_fds=True)
  File "/usr/lib/python2.7/subprocess.py", line 711, in __init__
    errread, errwrite)
  File "/usr/lib/python2.7/subprocess.py", line 1343, in _execute_child
    raise child_exception
OSError: [Errno 2] No such file or directory
2022-05-20 18:05:38,851 [ERROR] root consoleworker.py:296	Test interrupted:
<type 'exceptions.RuntimeError'>: Unable to start Pandora binary and/or file does not exist: ['https://mitme.net/gun', '-expvar', '/Users/nikitaratasnuk/yandex.tank/logs/2022-05-20_18-05-36.470444/pandora_config_cHUHL3.yaml']
<traceback object at 0x403df9bb48>
2022-05-20 18:05:38,855 [INFO] yandextank.core.tankcore tankcore.py:301	Finishing test...
2022-05-20 18:05:38,857 [INFO] yandextank.core.tankcore tankcore.py:303	Stopping load generator and aggregator
2022-05-20 18:05:38,859 [DEBUG] yandextank.plugins.Pandora.plugin plugin.py:225	Seems subprocess finished OK
2022-05-20 18:05:38,860 [DEBUG] yandextank.aggregator.tank_aggregator tank_aggregator.py:123	Closing stats reader
2022-05-20 18:05:39,033 [DEBUG] yandextank.aggregator.tank_aggregator tank_aggregator.py:126	Waiting for gun drain to finish
2022-05-20 18:05:39,405 [DEBUG] yandextank.aggregator.tank_aggregator tank_aggregator.py:128	Waiting for stats drain to finish
2022-05-20 18:05:39,410 [DEBUG] yandextank.aggregator.tank_aggregator tank_aggregator.py:130	Collecting remaining data
2022-05-20 18:05:39,415 [DEBUG] yandextank.aggregator.tank_aggregator tank_aggregator.py:87	Data timestamps: []
2022-05-20 18:05:39,422 [DEBUG] yandextank.aggregator.tank_aggregator tank_aggregator.py:88	Stats timestamps: []
2022-05-20 18:05:39,425 [DEBUG] yandextank.core.tankcore tankcore.py:305	RC after: 1
2022-05-20 18:05:39,429 [INFO] yandextank.core.tankcore tankcore.py:307	Stopping monitoring
2022-05-20 18:05:39,432 [DEBUG] yandextank.core.tankcore tankcore.py:315	Finalize <yandextank.plugins.JsonReport.plugin.Plugin object at 0x401937eb90>
2022-05-20 18:05:39,435 [DEBUG] yandextank.core.tankcore tankcore.py:317	RC before: 1
2022-05-20 18:05:39,437 [DEBUG] yandextank.core.tankcore tankcore.py:319	RC after: 1
2022-05-20 18:05:39,438 [DEBUG] yandextank.core.tankcore tankcore.py:315	Finalize <yandextank.plugins.Autostop.plugin.Plugin object at 0x40193748d0>
2022-05-20 18:05:39,441 [DEBUG] yandextank.core.tankcore tankcore.py:317	RC before: 1
2022-05-20 18:05:39,443 [DEBUG] yandextank.core.tankcore tankcore.py:319	RC after: 1
2022-05-20 18:05:39,445 [DEBUG] yandextank.core.tankcore tankcore.py:315	Finalize <yandextank.plugins.ShellExec.plugin.Plugin object at 0x4019374b90>
2022-05-20 18:05:39,447 [DEBUG] yandextank.core.tankcore tankcore.py:317	RC before: 1
2022-05-20 18:05:39,449 [DEBUG] yandextank.core.tankcore tankcore.py:319	RC after: 1
2022-05-20 18:05:39,452 [DEBUG] yandextank.core.tankcore tankcore.py:315	Finalize <yandextank.plugins.Console.plugin.Plugin object at 0x4019374110>
2022-05-20 18:05:39,457 [DEBUG] yandextank.core.tankcore tankcore.py:317	RC before: 1
2022-05-20 18:05:39,459 [DEBUG] yandextank.core.tankcore tankcore.py:319	RC after: 1
2022-05-20 18:05:39,464 [DEBUG] yandextank.core.tankcore tankcore.py:315	Finalize <yandextank.plugins.RCAssert.plugin.Plugin object at 0x4019374890>
2022-05-20 18:05:39,467 [DEBUG] yandextank.core.tankcore tankcore.py:317	RC before: 1
2022-05-20 18:05:39,468 [DEBUG] yandextank.core.tankcore tankcore.py:319	RC after: 1
2022-05-20 18:05:39,472 [DEBUG] yandextank.core.tankcore tankcore.py:315	Finalize <yandextank.plugins.ResourceCheck.plugin.Plugin object at 0x401937e5d0>
2022-05-20 18:05:39,474 [DEBUG] yandextank.core.tankcore tankcore.py:317	RC before: 1
2022-05-20 18:05:39,477 [DEBUG] yandextank.core.tankcore tankcore.py:319	RC after: 1
2022-05-20 18:05:39,479 [DEBUG] yandextank.core.tankcore tankcore.py:315	Finalize <yandextank.plugins.DataUploader.plugin.Plugin object at 0x401937e510>
2022-05-20 18:05:39,481 [DEBUG] yandextank.core.tankcore tankcore.py:317	RC before: 1
2022-05-20 18:05:39,483 [DEBUG] yandextank.plugins.DataUploader.client client.py:642	Sending configinitial config
2022-05-20 18:05:39,629 [DEBUG] urllib3.connectionpool connectionpool.py:393	https://overload.yandex.net:443 "POST /api/job/523475/configinitial.txt?api_token=4f2a42fb997146a394c06ccf2768f953 HTTP/1.1" 200 16
2022-05-20 18:05:39,637 [DEBUG] yandextank.plugins.DataUploader.client client.py:642	Sending configinfo config
2022-05-20 18:05:39,763 [DEBUG] urllib3.connectionpool connectionpool.py:393	https://overload.yandex.net:443 "POST /api/job/523475/configinfo.txt?api_token=4f2a42fb997146a394c06ccf2768f953 HTTP/1.1" 200 16
2022-05-20 18:05:39,778 [INFO] yandextank.plugins.DataUploader.plugin plugin.py:478	Unlocking targets: ['0.0.0.0:8080']
2022-05-20 18:05:39,784 [INFO] yandextank.plugins.DataUploader.plugin plugin.py:480	0.0.0.0:8080
2022-05-20 18:05:39,789 [DEBUG] yandextank.core.tankcore tankcore.py:319	RC after: 1
2022-05-20 18:05:39,795 [INFO] yandextank.core.tankcore tankcore.py:330	Post-processing test...
2022-05-20 18:05:39,799 [DEBUG] yandextank.core.tankcore tankcore.py:333	Post-process <yandextank.plugins.Pandora.plugin.Plugin object at 0x4019374d10>
2022-05-20 18:05:39,802 [DEBUG] yandextank.core.tankcore tankcore.py:335	RC before: 1
2022-05-20 18:05:39,804 [DEBUG] yandextank.core.tankcore tankcore.py:337	RC after: 1
2022-05-20 18:05:39,806 [DEBUG] yandextank.core.tankcore tankcore.py:333	Post-process <yandextank.plugins.JsonReport.plugin.Plugin object at 0x401937eb90>
2022-05-20 18:05:39,809 [DEBUG] yandextank.core.tankcore tankcore.py:335	RC before: 1
2022-05-20 18:05:39,813 [DEBUG] yandextank.core.tankcore tankcore.py:337	RC after: 1
2022-05-20 18:05:39,816 [DEBUG] yandextank.core.tankcore tankcore.py:333	Post-process <yandextank.plugins.Autostop.plugin.Plugin object at 0x40193748d0>
2022-05-20 18:05:39,818 [DEBUG] yandextank.core.tankcore tankcore.py:335	RC before: 1
2022-05-20 18:05:39,821 [DEBUG] yandextank.core.tankcore tankcore.py:337	RC after: 1
2022-05-20 18:05:39,823 [DEBUG] yandextank.core.tankcore tankcore.py:333	Post-process <yandextank.plugins.ShellExec.plugin.Plugin object at 0x4019374b90>
2022-05-20 18:05:39,825 [DEBUG] yandextank.core.tankcore tankcore.py:335	RC before: 1
2022-05-20 18:05:39,826 [DEBUG] yandextank.core.tankcore tankcore.py:337	RC after: 1
2022-05-20 18:05:39,828 [DEBUG] yandextank.core.tankcore tankcore.py:333	Post-process <yandextank.plugins.Console.plugin.Plugin object at 0x4019374110>
2022-05-20 18:05:39,829 [DEBUG] yandextank.core.tankcore tankcore.py:335	RC before: 1
2022-05-20 18:05:39,831 [DEBUG] yandextank.core.tankcore tankcore.py:337	RC after: 1
2022-05-20 18:05:39,832 [DEBUG] yandextank.core.tankcore tankcore.py:333	Post-process <yandextank.plugins.RCAssert.plugin.Plugin object at 0x4019374890>
2022-05-20 18:05:39,834 [DEBUG] yandextank.core.tankcore tankcore.py:335	RC before: 1
2022-05-20 18:05:39,835 [DEBUG] yandextank.core.tankcore tankcore.py:337	RC after: 1
2022-05-20 18:05:39,837 [DEBUG] yandextank.core.tankcore tankcore.py:333	Post-process <yandextank.plugins.ResourceCheck.plugin.Plugin object at 0x401937e5d0>
2022-05-20 18:05:39,839 [DEBUG] yandextank.core.tankcore tankcore.py:335	RC before: 1
2022-05-20 18:05:39,841 [DEBUG] yandextank.core.tankcore tankcore.py:337	RC after: 1
2022-05-20 18:05:39,842 [DEBUG] yandextank.core.tankcore tankcore.py:333	Post-process <yandextank.plugins.DataUploader.plugin.Plugin object at 0x401937e510>
2022-05-20 18:05:39,843 [DEBUG] yandextank.core.tankcore tankcore.py:335	RC before: 1
2022-05-20 18:05:39,845 [INFO] yandextank.plugins.DataUploader.plugin plugin.py:350	Waiting for sender threads to join.
2022-05-20 18:05:39,846 [INFO] yandextank.plugins.DataUploader.plugin plugin.py:357	Web link: None
2022-05-20 18:05:39,847 [DEBUG] yandextank.core.tankcore tankcore.py:391	Searching for plugin: <class 'yandextank.plugins.Autostop.plugin.Plugin'>
2022-05-20 18:05:39,849 [DEBUG] yandextank.plugins.DataUploader.plugin plugin.py:376	No autostop cause detected
2022-05-20 18:05:39,850 [DEBUG] yandextank.plugins.DataUploader.client client.py:642	Sending configinitial config
2022-05-20 18:05:39,923 [DEBUG] urllib3.connectionpool connectionpool.py:393	https://overload.yandex.net:443 "POST /api/job/523475/configinitial.txt?api_token=4f2a42fb997146a394c06ccf2768f953 HTTP/1.1" 200 16
2022-05-20 18:05:39,926 [DEBUG] yandextank.plugins.DataUploader.client client.py:642	Sending configinfo config
2022-05-20 18:05:40,009 [DEBUG] urllib3.connectionpool connectionpool.py:393	https://overload.yandex.net:443 "POST /api/job/523475/configinfo.txt?api_token=4f2a42fb997146a394c06ccf2768f953 HTTP/1.1" 200 16
2022-05-20 18:05:40,015 [DEBUG] yandextank.core.tankcore tankcore.py:337	RC after: 1
2022-05-20 18:05:40,017 [INFO] root consoleworker.py:269	Trying to clean up
2022-05-20 18:05:40,019 [INFO] yandextank.core.tankcore tankcore.py:526	Cleaning up plugin plugin_pandora
2022-05-20 18:05:40,022 [INFO] yandextank.core.tankcore tankcore.py:526	Cleaning up plugin plugin_json_report
2022-05-20 18:05:40,025 [INFO] yandextank.core.tankcore tankcore.py:526	Cleaning up plugin plugin_autostop
2022-05-20 18:05:40,029 [INFO] yandextank.core.tankcore tankcore.py:526	Cleaning up plugin plugin_shellexec
2022-05-20 18:05:40,031 [INFO] yandextank.core.tankcore tankcore.py:526	Cleaning up plugin plugin_console
2022-05-20 18:05:40,035 [INFO] yandextank.core.tankcore tankcore.py:526	Cleaning up plugin plugin_rcassert
2022-05-20 18:05:40,038 [INFO] yandextank.core.tankcore tankcore.py:526	Cleaning up plugin plugin_rcheck
2022-05-20 18:05:40,042 [INFO] yandextank.core.tankcore tankcore.py:526	Cleaning up plugin plugin_overload
2022-05-20 18:05:40,208 [DEBUG] urllib3.connectionpool connectionpool.py:393	https://overload.yandex.net:443 "GET /api/job/523475/close.json?exitcode=1&api_token=4f2a42fb997146a394c06ccf2768f953 HTTP/1.1" 200 16
2022-05-20 18:05:40,215 [INFO] yandextank.plugins.DataUploader.plugin plugin.py:478	Unlocking targets: ['0.0.0.0:8080']
2022-05-20 18:05:40,219 [INFO] yandextank.plugins.DataUploader.plugin plugin.py:480	0.0.0.0:8080
2022-05-20 18:05:40,223 [INFO] yandextank.core.tankcore tankcore.py:561	Releasing lock: /var/lock/lunapark_PlYsGD.lock
2022-05-20 18:05:40,240 [DEBUG] yandextank.core.tankcore tankcore.py:367	Collecting artifacts
2022-05-20 18:05:40,243 [INFO] yandextank.core.tankcore tankcore.py:368	Artifacts dir: /Users/nikitaratasnuk/yandex.tank/logs/2022-05-20_18-05-36.470444
2022-05-20 18:05:40,246 [DEBUG] yandextank.core.tankcore tankcore.py:422	Collecting file: ./phout.log to /Users/nikitaratasnuk/yandex.tank/logs/2022-05-20_18-05-36.470444/phout.log
2022-05-20 18:05:40,260 [DEBUG] yandextank.core.tankcore tankcore.py:422	Collecting file: /Users/nikitaratasnuk/yandex.tank/logs/2022-05-20_18-05-36.470444/pandora_6wN_Xj.log to /Users/nikitaratasnuk/yandex.tank/logs/2022-05-20_18-05-36.470444/pandora_6wN_Xj.log
2022-05-20 18:05:40,261 [WARNING] yandextank.core.tankcore tankcore.py:429	File already exists: /Users/nikitaratasnuk/yandex.tank/logs/2022-05-20_18-05-36.470444/pandora_6wN_Xj.log
2022-05-20 18:05:40,264 [DEBUG] yandextank.core.tankcore tankcore.py:422	Collecting file: validation_error.yaml to /Users/nikitaratasnuk/yandex.tank/logs/2022-05-20_18-05-36.470444/validation_error.yaml
2022-05-20 18:05:40,267 [WARNING] yandextank.core.tankcore tankcore.py:424	File not found to collect: validation_error.yaml
2022-05-20 18:05:40,270 [DEBUG] yandextank.core.tankcore tankcore.py:422	Collecting file: /Users/nikitaratasnuk/yandex.tank/logs/2022-05-20_18-05-36.470444/pandora_config_cHUHL3.yaml to /Users/nikitaratasnuk/yandex.tank/logs/2022-05-20_18-05-36.470444/pandora_config_cHUHL3.yaml
2022-05-20 18:05:40,274 [WARNING] yandextank.core.tankcore tankcore.py:429	File already exists: /Users/nikitaratasnuk/yandex.tank/logs/2022-05-20_18-05-36.470444/pandora_config_cHUHL3.yaml
