2022-05-21 07:12:37,060 [INFO] root consoleworker.py:434	Log file created
2022-05-21 07:12:37,062 [INFO] root consoleworker.py:438	Logging handler <logging.FileHandler object at 0x40191a2c10> added
2022-05-21 07:12:37,063 [INFO] root consoleworker.py:438	Logging handler <logging.StreamHandler object at 0x401916a850> added
2022-05-21 07:12:37,065 [INFO] root consoleworker.py:438	Logging handler <logging.StreamHandler object at 0x401918ea50> added
2022-05-21 07:12:37,067 [INFO] root consoleworker.py:373	Created a folder for the test. /var/loadtest/logs/2022-05-21_07-12-36.901339
2022-05-21 07:12:37,070 [INFO] yandextank.core.tankcore tankcore.py:237	Configuring plugins...
2022-05-21 07:12:37,071 [INFO] yandextank.core.tankcore tankcore.py:190	Loading plugins...
2022-05-21 07:12:37,072 [DEBUG] yandextank.core.tankcore tankcore.py:192	Loading plugin rcheck from yandextank.plugins.ResourceCheck
2022-05-21 07:12:37,073 [DEBUG] yandextank.core.tankcore tankcore.py:192	Loading plugin json_report from yandextank.plugins.JsonReport
2022-05-21 07:12:37,087 [DEBUG] yandextank.core.tankcore tankcore.py:192	Loading plugin overload from yandextank.plugins.DataUploader
2022-05-21 07:12:37,089 [DEBUG] yandextank.core.tankcore tankcore.py:192	Loading plugin rcassert from yandextank.plugins.RCAssert
2022-05-21 07:12:37,091 [DEBUG] yandextank.core.tankcore tankcore.py:192	Loading plugin pandora from yandextank.plugins.Pandora
2022-05-21 07:12:37,092 [DEBUG] yandextank.core.tankcore tankcore.py:192	Loading plugin console from yandextank.plugins.Console
2022-05-21 07:12:37,093 [DEBUG] yandextank.core.tankcore tankcore.py:192	Loading plugin shellexec from yandextank.plugins.ShellExec
2022-05-21 07:12:37,094 [DEBUG] yandextank.core.tankcore tankcore.py:192	Loading plugin autostop from yandextank.plugins.Autostop
2022-05-21 07:12:37,095 [DEBUG] yandextank.core.tankcore tankcore.py:212	Plugin instances: {'plugin_pandora': <yandextank.plugins.Pandora.plugin.Plugin object at 0x4019274790>, 'plugin_json_report': <yandextank.plugins.JsonReport.plugin.Plugin object at 0x401927e7d0>, 'plugin_autostop': <yandextank.plugins.Autostop.plugin.Plugin object at 0x4019274f10>, 'plugin_shellexec': <yandextank.plugins.ShellExec.plugin.Plugin object at 0x4019274b50>, 'plugin_console': <yandextank.plugins.Console.plugin.Plugin object at 0x40192749d0>, 'plugin_rcassert': <yandextank.plugins.RCAssert.plugin.Plugin object at 0x4019274890>, 'plugin_rcheck': <yandextank.plugins.ResourceCheck.plugin.Plugin object at 0x401927ebd0>, 'plugin_overload': <yandextank.plugins.DataUploader.plugin.Plugin object at 0x401927e550>}
2022-05-21 07:12:37,097 [DEBUG] yandextank.core.tankcore tankcore.py:244	Configuring <yandextank.plugins.Pandora.plugin.Plugin object at 0x4019274790>
2022-05-21 07:12:37,099 [INFO] yandextank.plugins.Pandora.plugin plugin.py:68	Found config_file option configuration
2022-05-21 07:12:37,129 [DEBUG] yandextank.core.tankcore tankcore.py:446	Adding artifact file to collect (keep=False): /var/loadtest/logs/2022-05-21_07-12-36.901339/pandora_config_8lb6ud.yaml
2022-05-21 07:12:37,141 [DEBUG] yandextank.plugins.Pandora.plugin plugin.py:74	Config after parsing for patching: {'pools': [{'rps': {'duration': '60s', 'type': 'line', 'from': 1, 'to': 200}, 'result': {'destination': './phout.log', 'type': 'phout'}, 'startup': {'type': 'once', 'times': 10}, 'gun': {'type': 'My_custom_gun_name', 'target': '0.0.0.0:8080'}, 'ammo': {'source': {'path': './json.ammo', 'type': 'file'}, 'type': 'custom_provider'}, 'id': 'HTTP pool'}]}
2022-05-21 07:12:37,144 [INFO] yandextank.plugins.Pandora.plugin plugin.py:153	Found report file in pandora config: ./phout.log
2022-05-21 07:12:37,149 [DEBUG] yandextank.core.tankcore tankcore.py:446	Adding artifact file to collect (keep=False): ./phout.log
2022-05-21 07:12:37,150 [DEBUG] yandextank.core.tankcore tankcore.py:244	Configuring <yandextank.plugins.JsonReport.plugin.Plugin object at 0x401927e7d0>
2022-05-21 07:12:37,151 [DEBUG] yandextank.core.tankcore tankcore.py:391	Searching for plugin: <class 'yandextank.common.interfaces.GeneratorPlugin'>
2022-05-21 07:12:37,160 [DEBUG] yandextank.core.tankcore tankcore.py:244	Configuring <yandextank.plugins.Autostop.plugin.Plugin object at 0x4019274f10>
2022-05-21 07:12:37,162 [DEBUG] yandextank.core.tankcore tankcore.py:244	Configuring <yandextank.plugins.ShellExec.plugin.Plugin object at 0x4019274b50>
2022-05-21 07:12:37,163 [DEBUG] yandextank.core.tankcore tankcore.py:244	Configuring <yandextank.plugins.Console.plugin.Plugin object at 0x40192749d0>
2022-05-21 07:12:37,166 [DEBUG] yandextank.core.tankcore tankcore.py:244	Configuring <yandextank.plugins.RCAssert.plugin.Plugin object at 0x4019274890>
2022-05-21 07:12:37,167 [DEBUG] yandextank.core.tankcore tankcore.py:244	Configuring <yandextank.plugins.ResourceCheck.plugin.Plugin object at 0x401927ebd0>
2022-05-21 07:12:37,170 [DEBUG] yandextank.core.tankcore tankcore.py:244	Configuring <yandextank.plugins.DataUploader.plugin.Plugin object at 0x401927e550>
2022-05-21 07:12:37,171 [INFO] yandextank.core.tankcore tankcore.py:249	Preparing test...
2022-05-21 07:12:37,172 [DEBUG] yandextank.core.tankcore tankcore.py:253	Preparing <yandextank.plugins.Pandora.plugin.Plugin object at 0x4019274790>
2022-05-21 07:12:37,173 [DEBUG] yandextank.core.tankcore tankcore.py:391	Searching for plugin: <class 'yandextank.plugins.Console.plugin.Plugin'>
2022-05-21 07:12:37,174 [DEBUG] yandextank.core.tankcore tankcore.py:253	Preparing <yandextank.plugins.JsonReport.plugin.Plugin object at 0x401927e7d0>
2022-05-21 07:12:37,175 [DEBUG] yandextank.core.tankcore tankcore.py:253	Preparing <yandextank.plugins.Autostop.plugin.Plugin object at 0x4019274f10>
2022-05-21 07:12:37,176 [DEBUG] yandextank.common.interfaces plugin.py:74	Criterion string: http(5xx,10%,5s)
2022-05-21 07:12:37,178 [DEBUG] yandextank.common.interfaces plugin.py:78	Criterion objects: {'http(5xx,10%,5s)': <yandextank.plugins.Autostop.criterions.HTTPCodesCriterion object at 0x4019274e10>}
2022-05-21 07:12:37,179 [DEBUG] yandextank.core.tankcore tankcore.py:391	Searching for plugin: <class 'yandextank.plugins.Console.plugin.Plugin'>
2022-05-21 07:12:37,181 [DEBUG] yandextank.core.tankcore tankcore.py:253	Preparing <yandextank.plugins.ShellExec.plugin.Plugin object at 0x4019274b50>
2022-05-21 07:12:37,182 [DEBUG] yandextank.core.tankcore tankcore.py:253	Preparing <yandextank.plugins.Console.plugin.Plugin object at 0x40192749d0>
2022-05-21 07:12:37,183 [DEBUG] yandextank.core.tankcore tankcore.py:253	Preparing <yandextank.plugins.RCAssert.plugin.Plugin object at 0x4019274890>
2022-05-21 07:12:37,184 [DEBUG] yandextank.core.tankcore tankcore.py:253	Preparing <yandextank.plugins.ResourceCheck.plugin.Plugin object at 0x401927ebd0>
2022-05-21 07:12:37,184 [INFO] yandextank.common.interfaces plugin.py:39	Checking tank resources...
2022-05-21 07:12:37,185 [DEBUG] netort.process process.py:23	Starting: sh -c "df --no-sync -m -P -l -x fuse -x tmpfs -x devtmpfs -x davfs -x nfs /var/loadtest/logs | tail -n 1 | awk '{print \$4}' "
2022-05-21 07:12:37,695 [DEBUG] netort.process process.py:46	Process output:
12738

2022-05-21 07:12:37,697 [DEBUG] netort.process process.py:48	Process exit code: 0
2022-05-21 07:12:37,699 [DEBUG] root plugin.py:58	Result: (0, '12738\n', '')
2022-05-21 07:12:37,701 [DEBUG] yandextank.common.interfaces plugin.py:64	Disk free space: 12738/2048
2022-05-21 07:12:37,703 [DEBUG] yandextank.common.interfaces plugin.py:75	Memory free: 3096/512
2022-05-21 07:12:37,704 [DEBUG] yandextank.core.tankcore tankcore.py:253	Preparing <yandextank.plugins.DataUploader.plugin.Plugin object at 0x401927e550>
2022-05-21 07:12:37,705 [WARNING] yandextank.plugins.DataUploader.plugin plugin.py:234	Failed to get info about ammo path
2022-05-21 07:12:37,707 [INFO] root plugin.py:523	Using OVERLOAD backend
2022-05-21 07:12:37,708 [DEBUG] yandextank.plugins.DataUploader.plugin plugin.py:618	Trying to read token from token.txt
2022-05-21 07:12:37,712 [INFO] yandextank.plugins.DataUploader.plugin plugin.py:624	Read authentication token from token.txt, token length is 32 bytes
2022-05-21 07:12:37,751 [INFO] yandextank.plugins.DataUploader.client client.py:59	Proxy not set
2022-05-21 07:12:37,754 [INFO] yandextank.plugins.DataUploader.plugin plugin.py:647	Detected target: 0.0.0.0:8080
2022-05-21 07:12:37,778 [DEBUG] yandextank.plugins.DataUploader.client client.py:336	Job create request: {'person': 'root', 'host': '0.0.0.0:8080', 'task': '', 'tank': '520914fc14b3', 'notify': [], 'loadscheme': [], 'detailed_time': None, 'port': '8080'}
2022-05-21 07:12:37,786 [DEBUG] urllib3.connectionpool connectionpool.py:813	Starting new HTTPS connection (1): overload.yandex.net:443
2022-05-21 07:12:38,269 [DEBUG] urllib3.connectionpool connectionpool.py:393	https://overload.yandex.net:443 "POST /api/job/create.json?api_token=4f2a42fb997146a394c06ccf2768f953 HTTP/1.1" 200 None
2022-05-21 07:12:38,299 [INFO] yandextank.plugins.DataUploader.plugin plugin.py:789	Job created: 523529
2022-05-21 07:12:38,307 [DEBUG] yandextank.plugins.DataUploader.client client.py:642	Sending configinitial config
2022-05-21 07:12:38,436 [DEBUG] urllib3.connectionpool connectionpool.py:393	https://overload.yandex.net:443 "POST /api/job/523529/configinitial.txt?api_token=4f2a42fb997146a394c06ccf2768f953 HTTP/1.1" 200 16
2022-05-21 07:12:38,450 [INFO] yandextank.plugins.DataUploader.plugin plugin.py:485	Locking targets: ['0.0.0.0:8080']
2022-05-21 07:12:38,457 [INFO] yandextank.plugins.DataUploader.plugin plugin.py:487	Locked targets: ['0.0.0.0:8080']
2022-05-21 07:12:38,479 [DEBUG] yandextank.common.interfaces interfaces.py:101	Publishing status: Plugin/job_no: 523529
2022-05-21 07:12:38,689 [DEBUG] urllib3.connectionpool connectionpool.py:393	https://overload.yandex.net:443 "POST /api/job/523529/edit.json?api_token=4f2a42fb997146a394c06ccf2768f953 HTTP/1.1" 200 19
2022-05-21 07:12:38,704 [DEBUG] yandextank.core.tankcore tankcore.py:391	Searching for plugin: <class 'yandextank.plugins.Console.plugin.Plugin'>
2022-05-21 07:12:38,709 [DEBUG] yandextank.plugins.DataUploader.client client.py:642	Sending configinitial config
2022-05-21 07:12:38,783 [DEBUG] urllib3.connectionpool connectionpool.py:393	https://overload.yandex.net:443 "POST /api/job/523529/configinitial.txt?api_token=4f2a42fb997146a394c06ccf2768f953 HTTP/1.1" 200 16
2022-05-21 07:12:38,794 [DEBUG] yandextank.plugins.DataUploader.client client.py:642	Sending configinfo config
2022-05-21 07:12:38,887 [DEBUG] urllib3.connectionpool connectionpool.py:393	https://overload.yandex.net:443 "POST /api/job/523529/configinfo.txt?api_token=4f2a42fb997146a394c06ccf2768f953 HTTP/1.1" 200 16
2022-05-21 07:12:38,901 [INFO] yandextank.core.tankcore tankcore.py:259	Starting test...
2022-05-21 07:12:38,914 [INFO] yandextank.aggregator.tank_aggregator tank_aggregator.py:63	using verbose histogram
2022-05-21 07:12:38,948 [DEBUG] yandextank.core.tankcore tankcore.py:263	Starting <yandextank.plugins.Pandora.plugin.Plugin object at 0x4019274790>
2022-05-21 07:12:38,951 [INFO] yandextank.plugins.Pandora.plugin plugin.py:183	Starting: ['./gun12', '-expvar', '/var/loadtest/logs/2022-05-21_07-12-36.901339/pandora_config_8lb6ud.yaml']
2022-05-21 07:12:38,959 [DEBUG] urllib3.connectionpool connectionpool.py:205	Starting new HTTP connection (1): localhost:1234
2022-05-21 07:12:38,967 [DEBUG] yandextank.core.tankcore tankcore.py:446	Adding artifact file to collect (keep=False): /var/loadtest/logs/2022-05-21_07-12-36.901339/pandora_98juik.log
2022-05-21 07:12:38,969 [DEBUG] yandextank.plugins.Pandora.reader reader.py:33	Pandora expvar http interface is unavailable
Traceback (most recent call last):
  File "/usr/local/lib/python2.7/dist-packages/yandextank/plugins/Pandora/reader.py", line 24, in run
    pandora_stat = requests.get("http://localhost:1234/debug/vars", timeout=0.9).json()
  File "/usr/local/lib/python2.7/dist-packages/requests/api.py", line 75, in get
    return request('get', url, params=params, **kwargs)
  File "/usr/local/lib/python2.7/dist-packages/requests/api.py", line 60, in request
    return session.request(method=method, url=url, **kwargs)
  File "/usr/local/lib/python2.7/dist-packages/requests/sessions.py", line 533, in request
    resp = self.send(prep, **send_kwargs)
  File "/usr/local/lib/python2.7/dist-packages/requests/sessions.py", line 646, in send
    r = adapter.send(request, **kwargs)
  File "/usr/local/lib/python2.7/dist-packages/requests/adapters.py", line 516, in send
    raise ConnectionError(e, request=request)
ConnectionError: HTTPConnectionPool(host='localhost', port=1234): Max retries exceeded with url: /debug/vars (Caused by NewConnectionError('<urllib3.connection.HTTPConnection object at 0x40194bc390>: Failed to establish a new connection: [Errno 111] Connection refused',))
2022-05-21 07:12:39,183 [DEBUG] urllib3.connectionpool connectionpool.py:205	Starting new HTTP connection (1): localhost:1234
2022-05-21 07:12:39,186 [DEBUG] yandextank.plugins.Pandora.reader reader.py:33	Pandora expvar http interface is unavailable
Traceback (most recent call last):
  File "/usr/local/lib/python2.7/dist-packages/yandextank/plugins/Pandora/reader.py", line 24, in run
    pandora_stat = requests.get("http://localhost:1234/debug/vars", timeout=0.9).json()
  File "/usr/local/lib/python2.7/dist-packages/requests/api.py", line 75, in get
    return request('get', url, params=params, **kwargs)
  File "/usr/local/lib/python2.7/dist-packages/requests/api.py", line 60, in request
    return session.request(method=method, url=url, **kwargs)
  File "/usr/local/lib/python2.7/dist-packages/requests/sessions.py", line 533, in request
    resp = self.send(prep, **send_kwargs)
  File "/usr/local/lib/python2.7/dist-packages/requests/sessions.py", line 646, in send
    r = adapter.send(request, **kwargs)
  File "/usr/local/lib/python2.7/dist-packages/requests/adapters.py", line 516, in send
    raise ConnectionError(e, request=request)
ConnectionError: HTTPConnectionPool(host='localhost', port=1234): Max retries exceeded with url: /debug/vars (Caused by NewConnectionError('<urllib3.connection.HTTPConnection object at 0x4022277790>: Failed to establish a new connection: [Errno 111] Connection refused',))
2022-05-21 07:12:39,422 [DEBUG] yandextank.plugins.Pandora.plugin plugin.py:196	Unable to start Pandora binary. Args: ['./gun12', '-expvar', '/var/loadtest/logs/2022-05-21_07-12-36.901339/pandora_config_8lb6ud.yaml']
Traceback (most recent call last):
  File "/usr/local/lib/python2.7/dist-packages/yandextank/plugins/Pandora/plugin.py", line 193, in start_test
    close_fds=True)
  File "/usr/lib/python2.7/subprocess.py", line 711, in __init__
    errread, errwrite)
  File "/usr/lib/python2.7/subprocess.py", line 1343, in _execute_child
    raise child_exception
OSError: [Errno 13] Permission denied
2022-05-21 07:12:39,425 [ERROR] root consoleworker.py:296	Test interrupted:
<type 'exceptions.RuntimeError'>: Unable to start Pandora binary and/or file does not exist: ['./gun12', '-expvar', '/var/loadtest/logs/2022-05-21_07-12-36.901339/pandora_config_8lb6ud.yaml']
<traceback object at 0x403e0a2d40>
2022-05-21 07:12:39,427 [INFO] yandextank.core.tankcore tankcore.py:301	Finishing test...
2022-05-21 07:12:39,429 [INFO] yandextank.core.tankcore tankcore.py:303	Stopping load generator and aggregator
2022-05-21 07:12:39,430 [DEBUG] yandextank.plugins.Pandora.plugin plugin.py:225	Seems subprocess finished OK
2022-05-21 07:12:39,431 [DEBUG] yandextank.aggregator.tank_aggregator tank_aggregator.py:123	Closing stats reader
2022-05-21 07:12:39,596 [DEBUG] yandextank.aggregator.tank_aggregator tank_aggregator.py:126	Waiting for gun drain to finish
2022-05-21 07:12:39,958 [DEBUG] yandextank.aggregator.tank_aggregator tank_aggregator.py:128	Waiting for stats drain to finish
2022-05-21 07:12:39,962 [DEBUG] yandextank.aggregator.tank_aggregator tank_aggregator.py:130	Collecting remaining data
2022-05-21 07:12:39,966 [DEBUG] yandextank.aggregator.tank_aggregator tank_aggregator.py:87	Data timestamps: []
2022-05-21 07:12:39,970 [DEBUG] yandextank.aggregator.tank_aggregator tank_aggregator.py:88	Stats timestamps: []
2022-05-21 07:12:39,972 [DEBUG] yandextank.core.tankcore tankcore.py:305	RC after: 1
2022-05-21 07:12:39,976 [INFO] yandextank.core.tankcore tankcore.py:307	Stopping monitoring
2022-05-21 07:12:39,983 [DEBUG] yandextank.core.tankcore tankcore.py:315	Finalize <yandextank.plugins.JsonReport.plugin.Plugin object at 0x401927e7d0>
2022-05-21 07:12:39,986 [DEBUG] yandextank.core.tankcore tankcore.py:317	RC before: 1
2022-05-21 07:12:39,988 [DEBUG] yandextank.core.tankcore tankcore.py:319	RC after: 1
2022-05-21 07:12:39,990 [DEBUG] yandextank.core.tankcore tankcore.py:315	Finalize <yandextank.plugins.Autostop.plugin.Plugin object at 0x4019274f10>
2022-05-21 07:12:39,993 [DEBUG] yandextank.core.tankcore tankcore.py:317	RC before: 1
2022-05-21 07:12:39,996 [DEBUG] yandextank.core.tankcore tankcore.py:319	RC after: 1
2022-05-21 07:12:39,999 [DEBUG] yandextank.core.tankcore tankcore.py:315	Finalize <yandextank.plugins.ShellExec.plugin.Plugin object at 0x4019274b50>
2022-05-21 07:12:40,002 [DEBUG] yandextank.core.tankcore tankcore.py:317	RC before: 1
2022-05-21 07:12:40,004 [DEBUG] yandextank.core.tankcore tankcore.py:319	RC after: 1
2022-05-21 07:12:40,006 [DEBUG] yandextank.core.tankcore tankcore.py:315	Finalize <yandextank.plugins.Console.plugin.Plugin object at 0x40192749d0>
2022-05-21 07:12:40,008 [DEBUG] yandextank.core.tankcore tankcore.py:317	RC before: 1
2022-05-21 07:12:40,012 [DEBUG] yandextank.core.tankcore tankcore.py:319	RC after: 1
2022-05-21 07:12:40,014 [DEBUG] yandextank.core.tankcore tankcore.py:315	Finalize <yandextank.plugins.RCAssert.plugin.Plugin object at 0x4019274890>
2022-05-21 07:12:40,015 [DEBUG] yandextank.core.tankcore tankcore.py:317	RC before: 1
2022-05-21 07:12:40,017 [DEBUG] yandextank.core.tankcore tankcore.py:319	RC after: 1
2022-05-21 07:12:40,019 [DEBUG] yandextank.core.tankcore tankcore.py:315	Finalize <yandextank.plugins.ResourceCheck.plugin.Plugin object at 0x401927ebd0>
2022-05-21 07:12:40,020 [DEBUG] yandextank.core.tankcore tankcore.py:317	RC before: 1
2022-05-21 07:12:40,022 [DEBUG] yandextank.core.tankcore tankcore.py:319	RC after: 1
2022-05-21 07:12:40,023 [DEBUG] yandextank.core.tankcore tankcore.py:315	Finalize <yandextank.plugins.DataUploader.plugin.Plugin object at 0x401927e550>
2022-05-21 07:12:40,024 [DEBUG] yandextank.core.tankcore tankcore.py:317	RC before: 1
2022-05-21 07:12:40,026 [DEBUG] yandextank.plugins.DataUploader.client client.py:642	Sending configinitial config
2022-05-21 07:12:40,100 [DEBUG] urllib3.connectionpool connectionpool.py:393	https://overload.yandex.net:443 "POST /api/job/523529/configinitial.txt?api_token=4f2a42fb997146a394c06ccf2768f953 HTTP/1.1" 200 16
2022-05-21 07:12:40,104 [DEBUG] yandextank.plugins.DataUploader.client client.py:642	Sending configinfo config
2022-05-21 07:12:40,215 [DEBUG] urllib3.connectionpool connectionpool.py:393	https://overload.yandex.net:443 "POST /api/job/523529/configinfo.txt?api_token=4f2a42fb997146a394c06ccf2768f953 HTTP/1.1" 200 16
2022-05-21 07:12:40,223 [INFO] yandextank.plugins.DataUploader.plugin plugin.py:478	Unlocking targets: ['0.0.0.0:8080']
2022-05-21 07:12:40,225 [INFO] yandextank.plugins.DataUploader.plugin plugin.py:480	0.0.0.0:8080
2022-05-21 07:12:40,228 [DEBUG] yandextank.core.tankcore tankcore.py:319	RC after: 1
2022-05-21 07:12:40,231 [INFO] yandextank.core.tankcore tankcore.py:330	Post-processing test...
2022-05-21 07:12:40,234 [DEBUG] yandextank.core.tankcore tankcore.py:333	Post-process <yandextank.plugins.Pandora.plugin.Plugin object at 0x4019274790>
2022-05-21 07:12:40,236 [DEBUG] yandextank.core.tankcore tankcore.py:335	RC before: 1
2022-05-21 07:12:40,238 [DEBUG] yandextank.core.tankcore tankcore.py:337	RC after: 1
2022-05-21 07:12:40,241 [DEBUG] yandextank.core.tankcore tankcore.py:333	Post-process <yandextank.plugins.JsonReport.plugin.Plugin object at 0x401927e7d0>
2022-05-21 07:12:40,244 [DEBUG] yandextank.core.tankcore tankcore.py:335	RC before: 1
2022-05-21 07:12:40,247 [DEBUG] yandextank.core.tankcore tankcore.py:337	RC after: 1
2022-05-21 07:12:40,250 [DEBUG] yandextank.core.tankcore tankcore.py:333	Post-process <yandextank.plugins.Autostop.plugin.Plugin object at 0x4019274f10>
2022-05-21 07:12:40,252 [DEBUG] yandextank.core.tankcore tankcore.py:335	RC before: 1
2022-05-21 07:12:40,253 [DEBUG] yandextank.core.tankcore tankcore.py:337	RC after: 1
2022-05-21 07:12:40,255 [DEBUG] yandextank.core.tankcore tankcore.py:333	Post-process <yandextank.plugins.ShellExec.plugin.Plugin object at 0x4019274b50>
2022-05-21 07:12:40,256 [DEBUG] yandextank.core.tankcore tankcore.py:335	RC before: 1
2022-05-21 07:12:40,257 [DEBUG] yandextank.core.tankcore tankcore.py:337	RC after: 1
2022-05-21 07:12:40,259 [DEBUG] yandextank.core.tankcore tankcore.py:333	Post-process <yandextank.plugins.Console.plugin.Plugin object at 0x40192749d0>
2022-05-21 07:12:40,260 [DEBUG] yandextank.core.tankcore tankcore.py:335	RC before: 1
2022-05-21 07:12:40,262 [DEBUG] yandextank.core.tankcore tankcore.py:337	RC after: 1
2022-05-21 07:12:40,264 [DEBUG] yandextank.core.tankcore tankcore.py:333	Post-process <yandextank.plugins.RCAssert.plugin.Plugin object at 0x4019274890>
2022-05-21 07:12:40,266 [DEBUG] yandextank.core.tankcore tankcore.py:335	RC before: 1
2022-05-21 07:12:40,267 [DEBUG] yandextank.core.tankcore tankcore.py:337	RC after: 1
2022-05-21 07:12:40,268 [DEBUG] yandextank.core.tankcore tankcore.py:333	Post-process <yandextank.plugins.ResourceCheck.plugin.Plugin object at 0x401927ebd0>
2022-05-21 07:12:40,269 [DEBUG] yandextank.core.tankcore tankcore.py:335	RC before: 1
2022-05-21 07:12:40,270 [DEBUG] yandextank.core.tankcore tankcore.py:337	RC after: 1
2022-05-21 07:12:40,271 [DEBUG] yandextank.core.tankcore tankcore.py:333	Post-process <yandextank.plugins.DataUploader.plugin.Plugin object at 0x401927e550>
2022-05-21 07:12:40,272 [DEBUG] yandextank.core.tankcore tankcore.py:335	RC before: 1
2022-05-21 07:12:40,273 [INFO] yandextank.plugins.DataUploader.plugin plugin.py:350	Waiting for sender threads to join.
2022-05-21 07:12:40,274 [INFO] yandextank.plugins.DataUploader.plugin plugin.py:357	Web link: None
2022-05-21 07:12:40,277 [DEBUG] yandextank.core.tankcore tankcore.py:391	Searching for plugin: <class 'yandextank.plugins.Autostop.plugin.Plugin'>
2022-05-21 07:12:40,279 [DEBUG] yandextank.plugins.DataUploader.plugin plugin.py:376	No autostop cause detected
2022-05-21 07:12:40,280 [DEBUG] yandextank.plugins.DataUploader.client client.py:642	Sending configinitial config
2022-05-21 07:12:40,418 [DEBUG] urllib3.connectionpool connectionpool.py:393	https://overload.yandex.net:443 "POST /api/job/523529/configinitial.txt?api_token=4f2a42fb997146a394c06ccf2768f953 HTTP/1.1" 200 16
2022-05-21 07:12:40,424 [DEBUG] yandextank.plugins.DataUploader.client client.py:642	Sending configinfo config
2022-05-21 07:12:40,534 [DEBUG] urllib3.connectionpool connectionpool.py:393	https://overload.yandex.net:443 "POST /api/job/523529/configinfo.txt?api_token=4f2a42fb997146a394c06ccf2768f953 HTTP/1.1" 200 16
2022-05-21 07:12:40,544 [DEBUG] yandextank.core.tankcore tankcore.py:337	RC after: 1
2022-05-21 07:12:40,548 [INFO] root consoleworker.py:269	Trying to clean up
2022-05-21 07:12:40,552 [INFO] yandextank.core.tankcore tankcore.py:526	Cleaning up plugin plugin_pandora
2022-05-21 07:12:40,555 [INFO] yandextank.core.tankcore tankcore.py:526	Cleaning up plugin plugin_json_report
2022-05-21 07:12:40,558 [INFO] yandextank.core.tankcore tankcore.py:526	Cleaning up plugin plugin_autostop
2022-05-21 07:12:40,560 [INFO] yandextank.core.tankcore tankcore.py:526	Cleaning up plugin plugin_shellexec
2022-05-21 07:12:40,563 [INFO] yandextank.core.tankcore tankcore.py:526	Cleaning up plugin plugin_console
2022-05-21 07:12:40,566 [INFO] yandextank.core.tankcore tankcore.py:526	Cleaning up plugin plugin_rcassert
2022-05-21 07:12:40,570 [INFO] yandextank.core.tankcore tankcore.py:526	Cleaning up plugin plugin_rcheck
2022-05-21 07:12:40,573 [INFO] yandextank.core.tankcore tankcore.py:526	Cleaning up plugin plugin_overload
2022-05-21 07:12:40,729 [DEBUG] urllib3.connectionpool connectionpool.py:393	https://overload.yandex.net:443 "GET /api/job/523529/close.json?exitcode=1&api_token=4f2a42fb997146a394c06ccf2768f953 HTTP/1.1" 200 16
2022-05-21 07:12:40,738 [INFO] yandextank.plugins.DataUploader.plugin plugin.py:478	Unlocking targets: ['0.0.0.0:8080']
2022-05-21 07:12:40,740 [INFO] yandextank.plugins.DataUploader.plugin plugin.py:480	0.0.0.0:8080
2022-05-21 07:12:40,744 [INFO] yandextank.core.tankcore tankcore.py:561	Releasing lock: /var/lock/lunapark_MkjarF.lock
2022-05-21 07:12:40,760 [DEBUG] yandextank.core.tankcore tankcore.py:367	Collecting artifacts
2022-05-21 07:12:40,762 [INFO] yandextank.core.tankcore tankcore.py:368	Artifacts dir: /var/loadtest/logs/2022-05-21_07-12-36.901339
2022-05-21 07:12:40,765 [DEBUG] yandextank.core.tankcore tankcore.py:422	Collecting file: ./phout.log to /var/loadtest/logs/2022-05-21_07-12-36.901339/phout.log
2022-05-21 07:12:40,776 [DEBUG] yandextank.core.tankcore tankcore.py:422	Collecting file: /var/loadtest/logs/2022-05-21_07-12-36.901339/pandora_config_8lb6ud.yaml to /var/loadtest/logs/2022-05-21_07-12-36.901339/pandora_config_8lb6ud.yaml
2022-05-21 07:12:40,779 [WARNING] yandextank.core.tankcore tankcore.py:429	File already exists: /var/loadtest/logs/2022-05-21_07-12-36.901339/pandora_config_8lb6ud.yaml
2022-05-21 07:12:40,782 [DEBUG] yandextank.core.tankcore tankcore.py:422	Collecting file: validation_error.yaml to /var/loadtest/logs/2022-05-21_07-12-36.901339/validation_error.yaml
2022-05-21 07:12:40,784 [WARNING] yandextank.core.tankcore tankcore.py:424	File not found to collect: validation_error.yaml
2022-05-21 07:12:40,786 [DEBUG] yandextank.core.tankcore tankcore.py:422	Collecting file: /var/loadtest/logs/2022-05-21_07-12-36.901339/pandora_98juik.log to /var/loadtest/logs/2022-05-21_07-12-36.901339/pandora_98juik.log
2022-05-21 07:12:40,787 [WARNING] yandextank.core.tankcore tankcore.py:429	File already exists: /var/loadtest/logs/2022-05-21_07-12-36.901339/pandora_98juik.log
