2022-05-18 21:15:36,533 [INFO] root consoleworker.py:434	Log file created
2022-05-18 21:15:36,536 [INFO] root consoleworker.py:438	Logging handler <logging.FileHandler object at 0x40192a2c10> added
2022-05-18 21:15:36,538 [INFO] root consoleworker.py:438	Logging handler <logging.StreamHandler object at 0x401926a850> added
2022-05-18 21:15:36,539 [INFO] root consoleworker.py:438	Logging handler <logging.StreamHandler object at 0x401928ea50> added
2022-05-18 21:15:36,545 [INFO] root consoleworker.py:373	Created a folder for the test. /var/loadtest/logs/2022-05-18_21-15-35.974074
2022-05-18 21:15:36,546 [INFO] yandextank.core.tankcore tankcore.py:237	Configuring plugins...
2022-05-18 21:15:36,549 [INFO] yandextank.core.tankcore tankcore.py:190	Loading plugins...
2022-05-18 21:15:36,550 [DEBUG] yandextank.core.tankcore tankcore.py:192	Loading plugin rcheck from yandextank.plugins.ResourceCheck
2022-05-18 21:15:36,552 [DEBUG] yandextank.core.tankcore tankcore.py:192	Loading plugin json_report from yandextank.plugins.JsonReport
2022-05-18 21:15:36,628 [DEBUG] yandextank.core.tankcore tankcore.py:192	Loading plugin overload from yandextank.plugins.DataUploader
2022-05-18 21:15:36,632 [DEBUG] yandextank.core.tankcore tankcore.py:192	Loading plugin rcassert from yandextank.plugins.RCAssert
2022-05-18 21:15:36,634 [DEBUG] yandextank.core.tankcore tankcore.py:192	Loading plugin pandora from yandextank.plugins.Pandora
2022-05-18 21:15:36,635 [DEBUG] yandextank.core.tankcore tankcore.py:192	Loading plugin console from yandextank.plugins.Console
2022-05-18 21:15:36,636 [DEBUG] yandextank.core.tankcore tankcore.py:192	Loading plugin shellexec from yandextank.plugins.ShellExec
2022-05-18 21:15:36,637 [DEBUG] yandextank.core.tankcore tankcore.py:192	Loading plugin autostop from yandextank.plugins.Autostop
2022-05-18 21:15:36,638 [DEBUG] yandextank.core.tankcore tankcore.py:212	Plugin instances: {'plugin_pandora': <yandextank.plugins.Pandora.plugin.Plugin object at 0x4019375890>, 'plugin_json_report': <yandextank.plugins.JsonReport.plugin.Plugin object at 0x401937e590>, 'plugin_autostop': <yandextank.plugins.Autostop.plugin.Plugin object at 0x4019375cd0>, 'plugin_shellexec': <yandextank.plugins.ShellExec.plugin.Plugin object at 0x40193753d0>, 'plugin_console': <yandextank.plugins.Console.plugin.Plugin object at 0x4019375950>, 'plugin_rcassert': <yandextank.plugins.RCAssert.plugin.Plugin object at 0x4019375590>, 'plugin_rcheck': <yandextank.plugins.ResourceCheck.plugin.Plugin object at 0x4019366e90>, 'plugin_overload': <yandextank.plugins.DataUploader.plugin.Plugin object at 0x401937eb50>}
2022-05-18 21:15:36,642 [DEBUG] yandextank.core.tankcore tankcore.py:244	Configuring <yandextank.plugins.Pandora.plugin.Plugin object at 0x4019375890>
2022-05-18 21:15:36,644 [INFO] yandextank.plugins.Pandora.plugin plugin.py:68	Found config_file option configuration
2022-05-18 21:15:36,722 [DEBUG] yandextank.core.tankcore tankcore.py:446	Adding artifact file to collect (keep=False): /var/loadtest/logs/2022-05-18_21-15-35.974074/pandora_config_1hBRiH.yaml
2022-05-18 21:15:36,746 [DEBUG] yandextank.plugins.Pandora.plugin plugin.py:74	Config after parsing for patching: {'pools': [{'rps': {'duration': '60s', 'type': 'line', 'from': 1, 'to': 200}, 'result': {'destination': './phout.log', 'type': 'phout'}, 'startup': {'type': 'once', 'times': 10}, 'gun': {'type': 'My_custom_gun_name', 'target': '0.0.0.0:8080'}, 'ammo': {'source': {'path': './json.ammo', 'type': 'file'}, 'type': 'custom_provider'}, 'id': 'HTTP pool'}]}
2022-05-18 21:15:36,748 [INFO] yandextank.plugins.Pandora.plugin plugin.py:153	Found report file in pandora config: ./phout.log
2022-05-18 21:15:36,759 [DEBUG] yandextank.core.tankcore tankcore.py:446	Adding artifact file to collect (keep=False): ./phout.log
2022-05-18 21:15:36,760 [DEBUG] yandextank.core.tankcore tankcore.py:244	Configuring <yandextank.plugins.JsonReport.plugin.Plugin object at 0x401937e590>
2022-05-18 21:15:36,762 [DEBUG] yandextank.core.tankcore tankcore.py:391	Searching for plugin: <class 'yandextank.common.interfaces.GeneratorPlugin'>
2022-05-18 21:15:36,811 [DEBUG] yandextank.core.tankcore tankcore.py:244	Configuring <yandextank.plugins.Autostop.plugin.Plugin object at 0x4019375cd0>
2022-05-18 21:15:36,814 [DEBUG] yandextank.core.tankcore tankcore.py:244	Configuring <yandextank.plugins.ShellExec.plugin.Plugin object at 0x40193753d0>
2022-05-18 21:15:36,815 [DEBUG] yandextank.core.tankcore tankcore.py:244	Configuring <yandextank.plugins.Console.plugin.Plugin object at 0x4019375950>
2022-05-18 21:15:36,821 [DEBUG] yandextank.core.tankcore tankcore.py:244	Configuring <yandextank.plugins.RCAssert.plugin.Plugin object at 0x4019375590>
2022-05-18 21:15:36,822 [DEBUG] yandextank.core.tankcore tankcore.py:244	Configuring <yandextank.plugins.ResourceCheck.plugin.Plugin object at 0x4019366e90>
2022-05-18 21:15:36,840 [DEBUG] yandextank.core.tankcore tankcore.py:244	Configuring <yandextank.plugins.DataUploader.plugin.Plugin object at 0x401937eb50>
2022-05-18 21:15:36,842 [INFO] yandextank.core.tankcore tankcore.py:249	Preparing test...
2022-05-18 21:15:36,843 [DEBUG] yandextank.core.tankcore tankcore.py:253	Preparing <yandextank.plugins.Pandora.plugin.Plugin object at 0x4019375890>
2022-05-18 21:15:36,845 [DEBUG] yandextank.core.tankcore tankcore.py:391	Searching for plugin: <class 'yandextank.plugins.Console.plugin.Plugin'>
2022-05-18 21:15:36,846 [DEBUG] yandextank.core.tankcore tankcore.py:253	Preparing <yandextank.plugins.JsonReport.plugin.Plugin object at 0x401937e590>
2022-05-18 21:15:36,857 [DEBUG] yandextank.core.tankcore tankcore.py:253	Preparing <yandextank.plugins.Autostop.plugin.Plugin object at 0x4019375cd0>
2022-05-18 21:15:36,859 [DEBUG] yandextank.common.interfaces plugin.py:74	Criterion string: http(5xx,10%,5s)
2022-05-18 21:15:36,861 [DEBUG] yandextank.common.interfaces plugin.py:78	Criterion objects: {'http(5xx,10%,5s)': <yandextank.plugins.Autostop.criterions.HTTPCodesCriterion object at 0x4019375f10>}
2022-05-18 21:15:36,861 [DEBUG] yandextank.core.tankcore tankcore.py:391	Searching for plugin: <class 'yandextank.plugins.Console.plugin.Plugin'>
2022-05-18 21:15:36,862 [DEBUG] yandextank.core.tankcore tankcore.py:253	Preparing <yandextank.plugins.ShellExec.plugin.Plugin object at 0x40193753d0>
2022-05-18 21:15:36,863 [DEBUG] yandextank.core.tankcore tankcore.py:253	Preparing <yandextank.plugins.Console.plugin.Plugin object at 0x4019375950>
2022-05-18 21:15:36,871 [DEBUG] yandextank.core.tankcore tankcore.py:253	Preparing <yandextank.plugins.RCAssert.plugin.Plugin object at 0x4019375590>
2022-05-18 21:15:36,872 [DEBUG] yandextank.core.tankcore tankcore.py:253	Preparing <yandextank.plugins.ResourceCheck.plugin.Plugin object at 0x4019366e90>
2022-05-18 21:15:36,873 [INFO] yandextank.common.interfaces plugin.py:39	Checking tank resources...
2022-05-18 21:15:36,875 [DEBUG] netort.process process.py:23	Starting: sh -c "df --no-sync -m -P -l -x fuse -x tmpfs -x devtmpfs -x davfs -x nfs /var/loadtest/logs | tail -n 1 | awk '{print \$4}' "
2022-05-18 21:15:37,482 [DEBUG] netort.process process.py:46	Process output:
11766

2022-05-18 21:15:37,485 [DEBUG] netort.process process.py:48	Process exit code: 0
2022-05-18 21:15:37,491 [DEBUG] root plugin.py:58	Result: (0, '11766\n', '')
2022-05-18 21:15:37,494 [DEBUG] yandextank.common.interfaces plugin.py:64	Disk free space: 11766/2048
2022-05-18 21:15:37,507 [DEBUG] yandextank.common.interfaces plugin.py:75	Memory free: 3090/512
2022-05-18 21:15:37,508 [DEBUG] yandextank.core.tankcore tankcore.py:253	Preparing <yandextank.plugins.DataUploader.plugin.Plugin object at 0x401937eb50>
2022-05-18 21:15:37,510 [WARNING] yandextank.plugins.DataUploader.plugin plugin.py:234	Failed to get info about ammo path
2022-05-18 21:15:37,555 [INFO] root plugin.py:523	Using OVERLOAD backend
2022-05-18 21:15:37,568 [DEBUG] yandextank.plugins.DataUploader.plugin plugin.py:618	Trying to read token from token.txt
2022-05-18 21:15:37,590 [INFO] yandextank.plugins.DataUploader.plugin plugin.py:624	Read authentication token from token.txt, token length is 32 bytes
2022-05-18 21:15:37,715 [INFO] yandextank.plugins.DataUploader.client client.py:59	Proxy not set
2022-05-18 21:15:37,732 [INFO] yandextank.plugins.DataUploader.plugin plugin.py:647	Detected target: 0.0.0.0:8080
2022-05-18 21:15:37,802 [DEBUG] yandextank.plugins.DataUploader.client client.py:336	Job create request: {'person': 'root', 'host': '0.0.0.0:8080', 'task': '', 'tank': '003877a56497', 'notify': [], 'loadscheme': [], 'detailed_time': None, 'port': '8080'}
2022-05-18 21:15:37,859 [DEBUG] urllib3.connectionpool connectionpool.py:813	Starting new HTTPS connection (1): overload.yandex.net:443
2022-05-18 21:15:38,232 [DEBUG] urllib3.connectionpool connectionpool.py:393	https://overload.yandex.net:443 "POST /api/job/create.json?api_token=4f2a42fb997146a394c06ccf2768f953 HTTP/1.1" 200 None
2022-05-18 21:15:38,242 [INFO] yandextank.plugins.DataUploader.plugin plugin.py:789	Job created: 522940
2022-05-18 21:15:38,246 [DEBUG] yandextank.plugins.DataUploader.client client.py:642	Sending configinitial config
2022-05-18 21:15:38,376 [DEBUG] urllib3.connectionpool connectionpool.py:393	https://overload.yandex.net:443 "POST /api/job/522940/configinitial.txt?api_token=4f2a42fb997146a394c06ccf2768f953 HTTP/1.1" 200 16
2022-05-18 21:15:38,390 [INFO] yandextank.plugins.DataUploader.plugin plugin.py:485	Locking targets: ['0.0.0.0:8080']
2022-05-18 21:15:38,398 [INFO] yandextank.plugins.DataUploader.plugin plugin.py:487	Locked targets: ['0.0.0.0:8080']
2022-05-18 21:15:38,417 [DEBUG] yandextank.common.interfaces interfaces.py:101	Publishing status: Plugin/job_no: 522940
2022-05-18 21:15:38,504 [DEBUG] urllib3.connectionpool connectionpool.py:393	https://overload.yandex.net:443 "POST /api/job/522940/edit.json?api_token=4f2a42fb997146a394c06ccf2768f953 HTTP/1.1" 200 19
2022-05-18 21:15:38,514 [DEBUG] yandextank.core.tankcore tankcore.py:391	Searching for plugin: <class 'yandextank.plugins.Console.plugin.Plugin'>
2022-05-18 21:15:38,516 [DEBUG] yandextank.plugins.DataUploader.client client.py:642	Sending configinitial config
2022-05-18 21:15:38,632 [DEBUG] urllib3.connectionpool connectionpool.py:393	https://overload.yandex.net:443 "POST /api/job/522940/configinitial.txt?api_token=4f2a42fb997146a394c06ccf2768f953 HTTP/1.1" 200 16
2022-05-18 21:15:38,641 [DEBUG] yandextank.plugins.DataUploader.client client.py:642	Sending configinfo config
2022-05-18 21:15:38,763 [DEBUG] urllib3.connectionpool connectionpool.py:393	https://overload.yandex.net:443 "POST /api/job/522940/configinfo.txt?api_token=4f2a42fb997146a394c06ccf2768f953 HTTP/1.1" 200 16
2022-05-18 21:15:38,774 [INFO] yandextank.core.tankcore tankcore.py:259	Starting test...
2022-05-18 21:15:38,786 [INFO] yandextank.aggregator.tank_aggregator tank_aggregator.py:63	using verbose histogram
2022-05-18 21:15:38,805 [DEBUG] yandextank.core.tankcore tankcore.py:263	Starting <yandextank.plugins.Pandora.plugin.Plugin object at 0x4019375890>
2022-05-18 21:15:38,807 [INFO] yandextank.plugins.Pandora.plugin plugin.py:183	Starting: [u'/Users/nikitaratasnuk/Desktop/Desktop \u2013 \u041d\u0438\u043a\u0438\u0442\u0430\u2019s MacBook Air/Projects/yandex.tank/gun/gun', '-expvar', '/var/loadtest/logs/2022-05-18_21-15-35.974074/pandora_config_1hBRiH.yaml']
2022-05-18 21:15:38,814 [DEBUG] urllib3.connectionpool connectionpool.py:205	Starting new HTTP connection (1): localhost:1234
2022-05-18 21:15:38,820 [DEBUG] yandextank.core.tankcore tankcore.py:446	Adding artifact file to collect (keep=False): /var/loadtest/logs/2022-05-18_21-15-35.974074/pandora_BJOprs.log
2022-05-18 21:15:38,823 [DEBUG] yandextank.plugins.Pandora.reader reader.py:33	Pandora expvar http interface is unavailable
Traceback (most recent call last):
  File "/usr/local/lib/python2.7/dist-packages/yandextank/plugins/Pandora/reader.py", line 24, in run
    pandora_stat = requests.get("http://localhost:1234/debug/vars", timeout=0.9).json()
  File "/usr/local/lib/python2.7/dist-packages/requests/api.py", line 75, in get
    return request('get', url, params=params, **kwargs)
  File "/usr/local/lib/python2.7/dist-packages/requests/api.py", line 60, in request
    return session.request(method=method, url=url, **kwargs)
  File "/usr/local/lib/python2.7/dist-packages/requests/sessions.py", line 533, in request
    resp = self.send(prep, **send_kwargs)
  File "/usr/local/lib/python2.7/dist-packages/requests/sessions.py", line 646, in send
    r = adapter.send(request, **kwargs)
  File "/usr/local/lib/python2.7/dist-packages/requests/adapters.py", line 516, in send
    raise ConnectionError(e, request=request)
ConnectionError: HTTPConnectionPool(host='localhost', port=1234): Max retries exceeded with url: /debug/vars (Caused by NewConnectionError('<urllib3.connection.HTTPConnection object at 0x40195bd390>: Failed to establish a new connection: [Errno 111] Connection refused',))
2022-05-18 21:15:39,042 [DEBUG] urllib3.connectionpool connectionpool.py:205	Starting new HTTP connection (1): localhost:1234
2022-05-18 21:15:39,046 [DEBUG] yandextank.plugins.Pandora.reader reader.py:33	Pandora expvar http interface is unavailable
Traceback (most recent call last):
  File "/usr/local/lib/python2.7/dist-packages/yandextank/plugins/Pandora/reader.py", line 24, in run
    pandora_stat = requests.get("http://localhost:1234/debug/vars", timeout=0.9).json()
  File "/usr/local/lib/python2.7/dist-packages/requests/api.py", line 75, in get
    return request('get', url, params=params, **kwargs)
  File "/usr/local/lib/python2.7/dist-packages/requests/api.py", line 60, in request
    return session.request(method=method, url=url, **kwargs)
  File "/usr/local/lib/python2.7/dist-packages/requests/sessions.py", line 533, in request
    resp = self.send(prep, **send_kwargs)
  File "/usr/local/lib/python2.7/dist-packages/requests/sessions.py", line 646, in send
    r = adapter.send(request, **kwargs)
  File "/usr/local/lib/python2.7/dist-packages/requests/adapters.py", line 516, in send
    raise ConnectionError(e, request=request)
ConnectionError: HTTPConnectionPool(host='localhost', port=1234): Max retries exceeded with url: /debug/vars (Caused by NewConnectionError('<urllib3.connection.HTTPConnection object at 0x4022376790>: Failed to establish a new connection: [Errno 111] Connection refused',))
2022-05-18 21:15:39,311 [ERROR] root consoleworker.py:296	Test interrupted:
<type 'exceptions.UnicodeEncodeError'>: 'ascii' codec can't encode character u'\u2013' in position 38: ordinal not in range(128)
<traceback object at 0x402234f8c0>
2022-05-18 21:15:39,317 [INFO] yandextank.core.tankcore tankcore.py:301	Finishing test...
2022-05-18 21:15:39,319 [INFO] yandextank.core.tankcore tankcore.py:303	Stopping load generator and aggregator
2022-05-18 21:15:39,324 [DEBUG] yandextank.plugins.Pandora.plugin plugin.py:225	Seems subprocess finished OK
2022-05-18 21:15:39,334 [DEBUG] yandextank.aggregator.tank_aggregator tank_aggregator.py:123	Closing stats reader
2022-05-18 21:15:39,451 [DEBUG] yandextank.aggregator.tank_aggregator tank_aggregator.py:126	Waiting for gun drain to finish
2022-05-18 21:15:39,814 [DEBUG] yandextank.aggregator.tank_aggregator tank_aggregator.py:128	Waiting for stats drain to finish
2022-05-18 21:15:39,819 [DEBUG] yandextank.aggregator.tank_aggregator tank_aggregator.py:130	Collecting remaining data
2022-05-18 21:15:39,823 [DEBUG] yandextank.aggregator.tank_aggregator tank_aggregator.py:87	Data timestamps: []
2022-05-18 21:15:39,826 [DEBUG] yandextank.aggregator.tank_aggregator tank_aggregator.py:88	Stats timestamps: []
2022-05-18 21:15:39,828 [DEBUG] yandextank.core.tankcore tankcore.py:305	RC after: 1
2022-05-18 21:15:39,831 [INFO] yandextank.core.tankcore tankcore.py:307	Stopping monitoring
2022-05-18 21:15:39,833 [DEBUG] yandextank.core.tankcore tankcore.py:315	Finalize <yandextank.plugins.JsonReport.plugin.Plugin object at 0x401937e590>
2022-05-18 21:15:39,838 [DEBUG] yandextank.core.tankcore tankcore.py:317	RC before: 1
2022-05-18 21:15:39,842 [DEBUG] yandextank.core.tankcore tankcore.py:319	RC after: 1
2022-05-18 21:15:39,844 [DEBUG] yandextank.core.tankcore tankcore.py:315	Finalize <yandextank.plugins.Autostop.plugin.Plugin object at 0x4019375cd0>
2022-05-18 21:15:39,846 [DEBUG] yandextank.core.tankcore tankcore.py:317	RC before: 1
2022-05-18 21:15:39,854 [DEBUG] yandextank.core.tankcore tankcore.py:319	RC after: 1
2022-05-18 21:15:39,860 [DEBUG] yandextank.core.tankcore tankcore.py:315	Finalize <yandextank.plugins.ShellExec.plugin.Plugin object at 0x40193753d0>
2022-05-18 21:15:39,863 [DEBUG] yandextank.core.tankcore tankcore.py:317	RC before: 1
2022-05-18 21:15:39,867 [DEBUG] yandextank.core.tankcore tankcore.py:319	RC after: 1
2022-05-18 21:15:39,870 [DEBUG] yandextank.core.tankcore tankcore.py:315	Finalize <yandextank.plugins.Console.plugin.Plugin object at 0x4019375950>
2022-05-18 21:15:39,875 [DEBUG] yandextank.core.tankcore tankcore.py:317	RC before: 1
2022-05-18 21:15:39,876 [DEBUG] yandextank.core.tankcore tankcore.py:319	RC after: 1
2022-05-18 21:15:39,878 [DEBUG] yandextank.core.tankcore tankcore.py:315	Finalize <yandextank.plugins.RCAssert.plugin.Plugin object at 0x4019375590>
2022-05-18 21:15:39,882 [DEBUG] yandextank.core.tankcore tankcore.py:317	RC before: 1
2022-05-18 21:15:39,885 [DEBUG] yandextank.core.tankcore tankcore.py:319	RC after: 1
2022-05-18 21:15:39,889 [DEBUG] yandextank.core.tankcore tankcore.py:315	Finalize <yandextank.plugins.ResourceCheck.plugin.Plugin object at 0x4019366e90>
2022-05-18 21:15:39,892 [DEBUG] yandextank.core.tankcore tankcore.py:317	RC before: 1
2022-05-18 21:15:39,894 [DEBUG] yandextank.core.tankcore tankcore.py:319	RC after: 1
2022-05-18 21:15:39,896 [DEBUG] yandextank.core.tankcore tankcore.py:315	Finalize <yandextank.plugins.DataUploader.plugin.Plugin object at 0x401937eb50>
2022-05-18 21:15:39,900 [DEBUG] yandextank.core.tankcore tankcore.py:317	RC before: 1
2022-05-18 21:15:39,905 [DEBUG] yandextank.plugins.DataUploader.client client.py:642	Sending configinitial config
2022-05-18 21:15:39,970 [DEBUG] urllib3.connectionpool connectionpool.py:393	https://overload.yandex.net:443 "POST /api/job/522940/configinitial.txt?api_token=4f2a42fb997146a394c06ccf2768f953 HTTP/1.1" 200 16
2022-05-18 21:15:39,979 [DEBUG] yandextank.plugins.DataUploader.client client.py:642	Sending configinfo config
2022-05-18 21:15:40,158 [DEBUG] urllib3.connectionpool connectionpool.py:393	https://overload.yandex.net:443 "POST /api/job/522940/configinfo.txt?api_token=4f2a42fb997146a394c06ccf2768f953 HTTP/1.1" 200 16
2022-05-18 21:15:40,162 [INFO] yandextank.plugins.DataUploader.plugin plugin.py:478	Unlocking targets: ['0.0.0.0:8080']
2022-05-18 21:15:40,164 [INFO] yandextank.plugins.DataUploader.plugin plugin.py:480	0.0.0.0:8080
2022-05-18 21:15:40,166 [DEBUG] yandextank.core.tankcore tankcore.py:319	RC after: 1
2022-05-18 21:15:40,168 [INFO] yandextank.core.tankcore tankcore.py:330	Post-processing test...
2022-05-18 21:15:40,170 [DEBUG] yandextank.core.tankcore tankcore.py:333	Post-process <yandextank.plugins.Pandora.plugin.Plugin object at 0x4019375890>
2022-05-18 21:15:40,172 [DEBUG] yandextank.core.tankcore tankcore.py:335	RC before: 1
2022-05-18 21:15:40,173 [DEBUG] yandextank.core.tankcore tankcore.py:337	RC after: 1
2022-05-18 21:15:40,174 [DEBUG] yandextank.core.tankcore tankcore.py:333	Post-process <yandextank.plugins.JsonReport.plugin.Plugin object at 0x401937e590>
2022-05-18 21:15:40,175 [DEBUG] yandextank.core.tankcore tankcore.py:335	RC before: 1
2022-05-18 21:15:40,176 [DEBUG] yandextank.core.tankcore tankcore.py:337	RC after: 1
2022-05-18 21:15:40,177 [DEBUG] yandextank.core.tankcore tankcore.py:333	Post-process <yandextank.plugins.Autostop.plugin.Plugin object at 0x4019375cd0>
2022-05-18 21:15:40,178 [DEBUG] yandextank.core.tankcore tankcore.py:335	RC before: 1
2022-05-18 21:15:40,179 [DEBUG] yandextank.core.tankcore tankcore.py:337	RC after: 1
2022-05-18 21:15:40,180 [DEBUG] yandextank.core.tankcore tankcore.py:333	Post-process <yandextank.plugins.ShellExec.plugin.Plugin object at 0x40193753d0>
2022-05-18 21:15:40,181 [DEBUG] yandextank.core.tankcore tankcore.py:335	RC before: 1
2022-05-18 21:15:40,183 [DEBUG] yandextank.core.tankcore tankcore.py:337	RC after: 1
2022-05-18 21:15:40,184 [DEBUG] yandextank.core.tankcore tankcore.py:333	Post-process <yandextank.plugins.Console.plugin.Plugin object at 0x4019375950>
2022-05-18 21:15:40,188 [DEBUG] yandextank.core.tankcore tankcore.py:335	RC before: 1
2022-05-18 21:15:40,188 [DEBUG] yandextank.core.tankcore tankcore.py:337	RC after: 1
2022-05-18 21:15:40,193 [DEBUG] yandextank.core.tankcore tankcore.py:333	Post-process <yandextank.plugins.RCAssert.plugin.Plugin object at 0x4019375590>
2022-05-18 21:15:40,201 [DEBUG] yandextank.core.tankcore tankcore.py:335	RC before: 1
2022-05-18 21:15:40,202 [DEBUG] yandextank.core.tankcore tankcore.py:337	RC after: 1
2022-05-18 21:15:40,204 [DEBUG] yandextank.core.tankcore tankcore.py:333	Post-process <yandextank.plugins.ResourceCheck.plugin.Plugin object at 0x4019366e90>
2022-05-18 21:15:40,205 [DEBUG] yandextank.core.tankcore tankcore.py:335	RC before: 1
2022-05-18 21:15:40,206 [DEBUG] yandextank.core.tankcore tankcore.py:337	RC after: 1
2022-05-18 21:15:40,212 [DEBUG] yandextank.core.tankcore tankcore.py:333	Post-process <yandextank.plugins.DataUploader.plugin.Plugin object at 0x401937eb50>
2022-05-18 21:15:40,217 [DEBUG] yandextank.core.tankcore tankcore.py:335	RC before: 1
2022-05-18 21:15:40,223 [INFO] yandextank.plugins.DataUploader.plugin plugin.py:350	Waiting for sender threads to join.
2022-05-18 21:15:40,224 [INFO] yandextank.plugins.DataUploader.plugin plugin.py:357	Web link: None
2022-05-18 21:15:40,227 [DEBUG] yandextank.core.tankcore tankcore.py:391	Searching for plugin: <class 'yandextank.plugins.Autostop.plugin.Plugin'>
2022-05-18 21:15:40,230 [DEBUG] yandextank.plugins.DataUploader.plugin plugin.py:376	No autostop cause detected
2022-05-18 21:15:40,231 [DEBUG] yandextank.plugins.DataUploader.client client.py:642	Sending configinitial config
2022-05-18 21:15:40,377 [DEBUG] urllib3.connectionpool connectionpool.py:393	https://overload.yandex.net:443 "POST /api/job/522940/configinitial.txt?api_token=4f2a42fb997146a394c06ccf2768f953 HTTP/1.1" 200 16
2022-05-18 21:15:40,381 [DEBUG] yandextank.plugins.DataUploader.client client.py:642	Sending configinfo config
2022-05-18 21:15:40,569 [DEBUG] urllib3.connectionpool connectionpool.py:393	https://overload.yandex.net:443 "POST /api/job/522940/configinfo.txt?api_token=4f2a42fb997146a394c06ccf2768f953 HTTP/1.1" 200 16
2022-05-18 21:15:40,573 [DEBUG] yandextank.core.tankcore tankcore.py:337	RC after: 1
2022-05-18 21:15:40,575 [INFO] root consoleworker.py:269	Trying to clean up
2022-05-18 21:15:40,577 [INFO] yandextank.core.tankcore tankcore.py:526	Cleaning up plugin plugin_pandora
2022-05-18 21:15:40,578 [INFO] yandextank.core.tankcore tankcore.py:526	Cleaning up plugin plugin_json_report
2022-05-18 21:15:40,579 [INFO] yandextank.core.tankcore tankcore.py:526	Cleaning up plugin plugin_autostop
2022-05-18 21:15:40,581 [INFO] yandextank.core.tankcore tankcore.py:526	Cleaning up plugin plugin_shellexec
2022-05-18 21:15:40,584 [INFO] yandextank.core.tankcore tankcore.py:526	Cleaning up plugin plugin_console
2022-05-18 21:15:40,586 [INFO] yandextank.core.tankcore tankcore.py:526	Cleaning up plugin plugin_rcassert
2022-05-18 21:15:40,587 [INFO] yandextank.core.tankcore tankcore.py:526	Cleaning up plugin plugin_rcheck
2022-05-18 21:15:40,588 [INFO] yandextank.core.tankcore tankcore.py:526	Cleaning up plugin plugin_overload
2022-05-18 21:15:40,668 [DEBUG] urllib3.connectionpool connectionpool.py:393	https://overload.yandex.net:443 "GET /api/job/522940/close.json?exitcode=1&api_token=4f2a42fb997146a394c06ccf2768f953 HTTP/1.1" 200 16
2022-05-18 21:15:40,676 [INFO] yandextank.plugins.DataUploader.plugin plugin.py:478	Unlocking targets: ['0.0.0.0:8080']
2022-05-18 21:15:40,683 [INFO] yandextank.plugins.DataUploader.plugin plugin.py:480	0.0.0.0:8080
2022-05-18 21:15:40,690 [INFO] yandextank.core.tankcore tankcore.py:561	Releasing lock: /var/lock/lunapark_7gH9uM.lock
2022-05-18 21:15:40,729 [DEBUG] yandextank.core.tankcore tankcore.py:367	Collecting artifacts
2022-05-18 21:15:40,733 [INFO] yandextank.core.tankcore tankcore.py:368	Artifacts dir: /var/loadtest/logs/2022-05-18_21-15-35.974074
2022-05-18 21:15:40,734 [DEBUG] yandextank.core.tankcore tankcore.py:422	Collecting file: ./phout.log to /var/loadtest/logs/2022-05-18_21-15-35.974074/phout.log
2022-05-18 21:15:40,774 [DEBUG] yandextank.core.tankcore tankcore.py:422	Collecting file: validation_error.yaml to /var/loadtest/logs/2022-05-18_21-15-35.974074/validation_error.yaml
2022-05-18 21:15:40,777 [WARNING] yandextank.core.tankcore tankcore.py:424	File not found to collect: validation_error.yaml
2022-05-18 21:15:40,782 [DEBUG] yandextank.core.tankcore tankcore.py:422	Collecting file: /var/loadtest/logs/2022-05-18_21-15-35.974074/pandora_BJOprs.log to /var/loadtest/logs/2022-05-18_21-15-35.974074/pandora_BJOprs.log
2022-05-18 21:15:40,791 [WARNING] yandextank.core.tankcore tankcore.py:429	File already exists: /var/loadtest/logs/2022-05-18_21-15-35.974074/pandora_BJOprs.log
2022-05-18 21:15:40,799 [DEBUG] yandextank.core.tankcore tankcore.py:422	Collecting file: /var/loadtest/logs/2022-05-18_21-15-35.974074/pandora_config_1hBRiH.yaml to /var/loadtest/logs/2022-05-18_21-15-35.974074/pandora_config_1hBRiH.yaml
2022-05-18 21:15:40,804 [WARNING] yandextank.core.tankcore tankcore.py:429	File already exists: /var/loadtest/logs/2022-05-18_21-15-35.974074/pandora_config_1hBRiH.yaml
