2022-05-18 19:48:12,800 [INFO] root consoleworker.py:434	Log file created
2022-05-18 19:48:12,805 [INFO] root consoleworker.py:438	Logging handler <logging.FileHandler object at 0x40192a2c10> added
2022-05-18 19:48:12,809 [INFO] root consoleworker.py:438	Logging handler <logging.StreamHandler object at 0x401926a850> added
2022-05-18 19:48:12,812 [INFO] root consoleworker.py:438	Logging handler <logging.StreamHandler object at 0x401928ea50> added
2022-05-18 19:48:12,816 [INFO] root consoleworker.py:373	Created a folder for the test. /var/loadtest/logs/2022-05-18_19-48-12.569393
2022-05-18 19:48:12,822 [INFO] yandextank.core.tankcore tankcore.py:237	Configuring plugins...
2022-05-18 19:48:12,825 [INFO] yandextank.core.tankcore tankcore.py:190	Loading plugins...
2022-05-18 19:48:12,826 [DEBUG] yandextank.core.tankcore tankcore.py:192	Loading plugin rcheck from yandextank.plugins.ResourceCheck
2022-05-18 19:48:12,828 [DEBUG] yandextank.core.tankcore tankcore.py:192	Loading plugin json_report from yandextank.plugins.JsonReport
2022-05-18 19:48:12,841 [DEBUG] yandextank.core.tankcore tankcore.py:192	Loading plugin overload from yandextank.plugins.DataUploader
2022-05-18 19:48:12,844 [DEBUG] yandextank.core.tankcore tankcore.py:192	Loading plugin rcassert from yandextank.plugins.RCAssert
2022-05-18 19:48:12,845 [DEBUG] yandextank.core.tankcore tankcore.py:192	Loading plugin pandora from yandextank.plugins.Pandora
2022-05-18 19:48:12,847 [DEBUG] yandextank.core.tankcore tankcore.py:192	Loading plugin console from yandextank.plugins.Console
2022-05-18 19:48:12,849 [DEBUG] yandextank.core.tankcore tankcore.py:192	Loading plugin shellexec from yandextank.plugins.ShellExec
2022-05-18 19:48:12,850 [DEBUG] yandextank.core.tankcore tankcore.py:192	Loading plugin autostop from yandextank.plugins.Autostop
2022-05-18 19:48:12,851 [DEBUG] yandextank.core.tankcore tankcore.py:212	Plugin instances: {'plugin_pandora': <yandextank.plugins.Pandora.plugin.Plugin object at 0x4019375890>, 'plugin_json_report': <yandextank.plugins.JsonReport.plugin.Plugin object at 0x401937e590>, 'plugin_autostop': <yandextank.plugins.Autostop.plugin.Plugin object at 0x4019375cd0>, 'plugin_shellexec': <yandextank.plugins.ShellExec.plugin.Plugin object at 0x40193753d0>, 'plugin_console': <yandextank.plugins.Console.plugin.Plugin object at 0x4019375950>, 'plugin_rcassert': <yandextank.plugins.RCAssert.plugin.Plugin object at 0x4019375590>, 'plugin_rcheck': <yandextank.plugins.ResourceCheck.plugin.Plugin object at 0x4019366e90>, 'plugin_overload': <yandextank.plugins.DataUploader.plugin.Plugin object at 0x401937eb50>}
2022-05-18 19:48:12,853 [DEBUG] yandextank.core.tankcore tankcore.py:244	Configuring <yandextank.plugins.Pandora.plugin.Plugin object at 0x4019375890>
2022-05-18 19:48:12,854 [INFO] yandextank.plugins.Pandora.plugin plugin.py:68	Found config_file option configuration
2022-05-18 19:48:12,885 [DEBUG] yandextank.core.tankcore tankcore.py:446	Adding artifact file to collect (keep=False): /var/loadtest/logs/2022-05-18_19-48-12.569393/pandora_config_oPxtqZ.yaml
2022-05-18 19:48:12,899 [DEBUG] yandextank.plugins.Pandora.plugin plugin.py:74	Config after parsing for patching: {'pools': [{'rps': {'duration': '60s', 'type': 'line', 'from': 1, 'to': 200}, 'result': {'destination': './phout.log', 'type': 'phout'}, 'startup': {'type': 'once', 'times': 10}, 'gun': {'type': 'My_custom_gun_name', 'target': '0.0.0.0:8080'}, 'ammo': {'source': {'path': './json.ammo', 'type': 'file'}, 'type': 'custom_provider'}, 'id': 'HTTP pool'}]}
2022-05-18 19:48:12,901 [INFO] yandextank.plugins.Pandora.plugin plugin.py:153	Found report file in pandora config: ./phout.log
2022-05-18 19:48:12,906 [DEBUG] yandextank.core.tankcore tankcore.py:446	Adding artifact file to collect (keep=False): ./phout.log
2022-05-18 19:48:12,909 [DEBUG] yandextank.core.tankcore tankcore.py:244	Configuring <yandextank.plugins.JsonReport.plugin.Plugin object at 0x401937e590>
2022-05-18 19:48:12,912 [DEBUG] yandextank.core.tankcore tankcore.py:391	Searching for plugin: <class 'yandextank.common.interfaces.GeneratorPlugin'>
2022-05-18 19:48:12,924 [DEBUG] yandextank.core.tankcore tankcore.py:244	Configuring <yandextank.plugins.Autostop.plugin.Plugin object at 0x4019375cd0>
2022-05-18 19:48:12,929 [DEBUG] yandextank.core.tankcore tankcore.py:244	Configuring <yandextank.plugins.ShellExec.plugin.Plugin object at 0x40193753d0>
2022-05-18 19:48:12,934 [DEBUG] yandextank.core.tankcore tankcore.py:244	Configuring <yandextank.plugins.Console.plugin.Plugin object at 0x4019375950>
2022-05-18 19:48:12,939 [DEBUG] yandextank.core.tankcore tankcore.py:244	Configuring <yandextank.plugins.RCAssert.plugin.Plugin object at 0x4019375590>
2022-05-18 19:48:12,942 [DEBUG] yandextank.core.tankcore tankcore.py:244	Configuring <yandextank.plugins.ResourceCheck.plugin.Plugin object at 0x4019366e90>
2022-05-18 19:48:12,949 [DEBUG] yandextank.core.tankcore tankcore.py:244	Configuring <yandextank.plugins.DataUploader.plugin.Plugin object at 0x401937eb50>
2022-05-18 19:48:12,951 [INFO] yandextank.core.tankcore tankcore.py:249	Preparing test...
2022-05-18 19:48:12,953 [DEBUG] yandextank.core.tankcore tankcore.py:253	Preparing <yandextank.plugins.Pandora.plugin.Plugin object at 0x4019375890>
2022-05-18 19:48:12,954 [DEBUG] yandextank.core.tankcore tankcore.py:391	Searching for plugin: <class 'yandextank.plugins.Console.plugin.Plugin'>
2022-05-18 19:48:12,955 [DEBUG] yandextank.core.tankcore tankcore.py:253	Preparing <yandextank.plugins.JsonReport.plugin.Plugin object at 0x401937e590>
2022-05-18 19:48:12,958 [DEBUG] yandextank.core.tankcore tankcore.py:253	Preparing <yandextank.plugins.Autostop.plugin.Plugin object at 0x4019375cd0>
2022-05-18 19:48:12,959 [DEBUG] yandextank.common.interfaces plugin.py:74	Criterion string: http(5xx,10%,5s)
2022-05-18 19:48:12,962 [DEBUG] yandextank.common.interfaces plugin.py:78	Criterion objects: {'http(5xx,10%,5s)': <yandextank.plugins.Autostop.criterions.HTTPCodesCriterion object at 0x4019375f10>}
2022-05-18 19:48:12,963 [DEBUG] yandextank.core.tankcore tankcore.py:391	Searching for plugin: <class 'yandextank.plugins.Console.plugin.Plugin'>
2022-05-18 19:48:12,967 [DEBUG] yandextank.core.tankcore tankcore.py:253	Preparing <yandextank.plugins.ShellExec.plugin.Plugin object at 0x40193753d0>
2022-05-18 19:48:12,969 [DEBUG] yandextank.core.tankcore tankcore.py:253	Preparing <yandextank.plugins.Console.plugin.Plugin object at 0x4019375950>
2022-05-18 19:48:12,970 [DEBUG] yandextank.core.tankcore tankcore.py:253	Preparing <yandextank.plugins.RCAssert.plugin.Plugin object at 0x4019375590>
2022-05-18 19:48:12,973 [DEBUG] yandextank.core.tankcore tankcore.py:253	Preparing <yandextank.plugins.ResourceCheck.plugin.Plugin object at 0x4019366e90>
2022-05-18 19:48:12,974 [INFO] yandextank.common.interfaces plugin.py:39	Checking tank resources...
2022-05-18 19:48:12,976 [DEBUG] netort.process process.py:23	Starting: sh -c "df --no-sync -m -P -l -x fuse -x tmpfs -x devtmpfs -x davfs -x nfs /var/loadtest/logs | tail -n 1 | awk '{print \$4}' "
2022-05-18 19:48:13,528 [DEBUG] netort.process process.py:46	Process output:
11873

2022-05-18 19:48:13,531 [DEBUG] netort.process process.py:48	Process exit code: 0
2022-05-18 19:48:13,533 [DEBUG] root plugin.py:58	Result: (0, '11873\n', '')
2022-05-18 19:48:13,534 [DEBUG] yandextank.common.interfaces plugin.py:64	Disk free space: 11873/2048
2022-05-18 19:48:13,537 [DEBUG] yandextank.common.interfaces plugin.py:75	Memory free: 3083/512
2022-05-18 19:48:13,538 [DEBUG] yandextank.core.tankcore tankcore.py:253	Preparing <yandextank.plugins.DataUploader.plugin.Plugin object at 0x401937eb50>
2022-05-18 19:48:13,539 [WARNING] yandextank.plugins.DataUploader.plugin plugin.py:234	Failed to get info about ammo path
2022-05-18 19:48:13,540 [INFO] root plugin.py:523	Using OVERLOAD backend
2022-05-18 19:48:13,542 [DEBUG] yandextank.plugins.DataUploader.plugin plugin.py:618	Trying to read token from token.txt
2022-05-18 19:48:13,549 [INFO] yandextank.plugins.DataUploader.plugin plugin.py:624	Read authentication token from token.txt, token length is 32 bytes
2022-05-18 19:48:13,636 [INFO] yandextank.plugins.DataUploader.client client.py:59	Proxy not set
2022-05-18 19:48:13,642 [INFO] yandextank.plugins.DataUploader.plugin plugin.py:647	Detected target: 0.0.0.0:8080
2022-05-18 19:48:13,691 [DEBUG] yandextank.plugins.DataUploader.client client.py:336	Job create request: {'person': 'root', 'host': '0.0.0.0:8080', 'task': '', 'tank': '2ce977a1009e', 'notify': [], 'loadscheme': [], 'detailed_time': None, 'port': '8080'}
2022-05-18 19:48:13,708 [DEBUG] urllib3.connectionpool connectionpool.py:813	Starting new HTTPS connection (1): overload.yandex.net:443
2022-05-18 19:48:14,233 [DEBUG] urllib3.connectionpool connectionpool.py:393	https://overload.yandex.net:443 "POST /api/job/create.json?api_token=4f2a42fb997146a394c06ccf2768f953 HTTP/1.1" 200 None
2022-05-18 19:48:14,259 [INFO] yandextank.plugins.DataUploader.plugin plugin.py:789	Job created: 522908
2022-05-18 19:48:14,266 [DEBUG] yandextank.plugins.DataUploader.client client.py:642	Sending configinitial config
2022-05-18 19:48:14,388 [DEBUG] urllib3.connectionpool connectionpool.py:393	https://overload.yandex.net:443 "POST /api/job/522908/configinitial.txt?api_token=4f2a42fb997146a394c06ccf2768f953 HTTP/1.1" 200 16
2022-05-18 19:48:14,404 [INFO] yandextank.plugins.DataUploader.plugin plugin.py:485	Locking targets: ['0.0.0.0:8080']
2022-05-18 19:48:14,410 [INFO] yandextank.plugins.DataUploader.plugin plugin.py:487	Locked targets: ['0.0.0.0:8080']
2022-05-18 19:48:14,426 [DEBUG] yandextank.common.interfaces interfaces.py:101	Publishing status: Plugin/job_no: 522908
2022-05-18 19:48:14,583 [DEBUG] urllib3.connectionpool connectionpool.py:393	https://overload.yandex.net:443 "POST /api/job/522908/edit.json?api_token=4f2a42fb997146a394c06ccf2768f953 HTTP/1.1" 200 19
2022-05-18 19:48:14,603 [DEBUG] yandextank.core.tankcore tankcore.py:391	Searching for plugin: <class 'yandextank.plugins.Console.plugin.Plugin'>
2022-05-18 19:48:14,608 [DEBUG] yandextank.plugins.DataUploader.client client.py:642	Sending configinitial config
2022-05-18 19:48:14,796 [DEBUG] urllib3.connectionpool connectionpool.py:393	https://overload.yandex.net:443 "POST /api/job/522908/configinitial.txt?api_token=4f2a42fb997146a394c06ccf2768f953 HTTP/1.1" 200 16
2022-05-18 19:48:14,807 [DEBUG] yandextank.plugins.DataUploader.client client.py:642	Sending configinfo config
2022-05-18 19:48:14,979 [DEBUG] urllib3.connectionpool connectionpool.py:393	https://overload.yandex.net:443 "POST /api/job/522908/configinfo.txt?api_token=4f2a42fb997146a394c06ccf2768f953 HTTP/1.1" 200 16
2022-05-18 19:48:14,991 [INFO] yandextank.core.tankcore tankcore.py:259	Starting test...
2022-05-18 19:48:15,011 [INFO] yandextank.aggregator.tank_aggregator tank_aggregator.py:63	using verbose histogram
2022-05-18 19:48:15,044 [DEBUG] yandextank.core.tankcore tankcore.py:263	Starting <yandextank.plugins.Pandora.plugin.Plugin object at 0x4019375890>
2022-05-18 19:48:15,050 [INFO] yandextank.plugins.Pandora.plugin plugin.py:183	Starting: ['pandora/pandora', '-expvar', '/var/loadtest/logs/2022-05-18_19-48-12.569393/pandora_config_oPxtqZ.yaml']
2022-05-18 19:48:15,053 [DEBUG] urllib3.connectionpool connectionpool.py:205	Starting new HTTP connection (1): localhost:1234
2022-05-18 19:48:15,068 [DEBUG] yandextank.plugins.Pandora.reader reader.py:33	Pandora expvar http interface is unavailable
Traceback (most recent call last):
  File "/usr/local/lib/python2.7/dist-packages/yandextank/plugins/Pandora/reader.py", line 24, in run
    pandora_stat = requests.get("http://localhost:1234/debug/vars", timeout=0.9).json()
  File "/usr/local/lib/python2.7/dist-packages/requests/api.py", line 75, in get
    return request('get', url, params=params, **kwargs)
  File "/usr/local/lib/python2.7/dist-packages/requests/api.py", line 60, in request
    return session.request(method=method, url=url, **kwargs)
  File "/usr/local/lib/python2.7/dist-packages/requests/sessions.py", line 533, in request
    resp = self.send(prep, **send_kwargs)
  File "/usr/local/lib/python2.7/dist-packages/requests/sessions.py", line 646, in send
    r = adapter.send(request, **kwargs)
  File "/usr/local/lib/python2.7/dist-packages/requests/adapters.py", line 516, in send
    raise ConnectionError(e, request=request)
ConnectionError: HTTPConnectionPool(host='localhost', port=1234): Max retries exceeded with url: /debug/vars (Caused by NewConnectionError('<urllib3.connection.HTTPConnection object at 0x40195bdd50>: Failed to establish a new connection: [Errno 111] Connection refused',))
2022-05-18 19:48:15,089 [DEBUG] yandextank.core.tankcore tankcore.py:446	Adding artifact file to collect (keep=False): /var/loadtest/logs/2022-05-18_19-48-12.569393/pandora_1o42Na.log
2022-05-18 19:48:15,628 [DEBUG] yandextank.plugins.Pandora.plugin plugin.py:196	Unable to start Pandora binary. Args: ['pandora/pandora', '-expvar', '/var/loadtest/logs/2022-05-18_19-48-12.569393/pandora_config_oPxtqZ.yaml']
Traceback (most recent call last):
  File "/usr/local/lib/python2.7/dist-packages/yandextank/plugins/Pandora/plugin.py", line 193, in start_test
    close_fds=True)
  File "/usr/lib/python2.7/subprocess.py", line 711, in __init__
    errread, errwrite)
  File "/usr/lib/python2.7/subprocess.py", line 1343, in _execute_child
    raise child_exception
OSError: [Errno 8] Exec format error
2022-05-18 19:48:15,635 [ERROR] root consoleworker.py:296	Test interrupted:
<type 'exceptions.RuntimeError'>: Unable to start Pandora binary and/or file does not exist: ['pandora/pandora', '-expvar', '/var/loadtest/logs/2022-05-18_19-48-12.569393/pandora_config_oPxtqZ.yaml']
<traceback object at 0x403df9bb48>
2022-05-18 19:48:15,643 [INFO] yandextank.core.tankcore tankcore.py:301	Finishing test...
2022-05-18 19:48:15,649 [INFO] yandextank.core.tankcore tankcore.py:303	Stopping load generator and aggregator
2022-05-18 19:48:15,655 [DEBUG] yandextank.plugins.Pandora.plugin plugin.py:225	Seems subprocess finished OK
2022-05-18 19:48:15,658 [DEBUG] yandextank.aggregator.tank_aggregator tank_aggregator.py:123	Closing stats reader
2022-05-18 19:48:15,697 [DEBUG] yandextank.aggregator.tank_aggregator tank_aggregator.py:126	Waiting for gun drain to finish
2022-05-18 19:48:16,055 [DEBUG] yandextank.aggregator.tank_aggregator tank_aggregator.py:128	Waiting for stats drain to finish
2022-05-18 19:48:16,062 [DEBUG] yandextank.aggregator.tank_aggregator tank_aggregator.py:130	Collecting remaining data
2022-05-18 19:48:16,066 [DEBUG] yandextank.aggregator.tank_aggregator tank_aggregator.py:87	Data timestamps: []
2022-05-18 19:48:16,070 [DEBUG] yandextank.aggregator.tank_aggregator tank_aggregator.py:88	Stats timestamps: []
2022-05-18 19:48:16,076 [DEBUG] yandextank.core.tankcore tankcore.py:305	RC after: 1
2022-05-18 19:48:16,082 [INFO] yandextank.core.tankcore tankcore.py:307	Stopping monitoring
2022-05-18 19:48:16,087 [DEBUG] yandextank.core.tankcore tankcore.py:315	Finalize <yandextank.plugins.JsonReport.plugin.Plugin object at 0x401937e590>
2022-05-18 19:48:16,091 [DEBUG] yandextank.core.tankcore tankcore.py:317	RC before: 1
2022-05-18 19:48:16,095 [DEBUG] yandextank.core.tankcore tankcore.py:319	RC after: 1
2022-05-18 19:48:16,100 [DEBUG] yandextank.core.tankcore tankcore.py:315	Finalize <yandextank.plugins.Autostop.plugin.Plugin object at 0x4019375cd0>
2022-05-18 19:48:16,103 [DEBUG] yandextank.core.tankcore tankcore.py:317	RC before: 1
2022-05-18 19:48:16,106 [DEBUG] yandextank.core.tankcore tankcore.py:319	RC after: 1
2022-05-18 19:48:16,109 [DEBUG] yandextank.core.tankcore tankcore.py:315	Finalize <yandextank.plugins.ShellExec.plugin.Plugin object at 0x40193753d0>
2022-05-18 19:48:16,111 [DEBUG] yandextank.core.tankcore tankcore.py:317	RC before: 1
2022-05-18 19:48:16,113 [DEBUG] yandextank.core.tankcore tankcore.py:319	RC after: 1
2022-05-18 19:48:16,115 [DEBUG] yandextank.core.tankcore tankcore.py:315	Finalize <yandextank.plugins.Console.plugin.Plugin object at 0x4019375950>
2022-05-18 19:48:16,119 [DEBUG] yandextank.core.tankcore tankcore.py:317	RC before: 1
2022-05-18 19:48:16,121 [DEBUG] yandextank.core.tankcore tankcore.py:319	RC after: 1
2022-05-18 19:48:16,123 [DEBUG] yandextank.core.tankcore tankcore.py:315	Finalize <yandextank.plugins.RCAssert.plugin.Plugin object at 0x4019375590>
2022-05-18 19:48:16,126 [DEBUG] yandextank.core.tankcore tankcore.py:317	RC before: 1
2022-05-18 19:48:16,127 [DEBUG] yandextank.core.tankcore tankcore.py:319	RC after: 1
2022-05-18 19:48:16,128 [DEBUG] yandextank.core.tankcore tankcore.py:315	Finalize <yandextank.plugins.ResourceCheck.plugin.Plugin object at 0x4019366e90>
2022-05-18 19:48:16,130 [DEBUG] yandextank.core.tankcore tankcore.py:317	RC before: 1
2022-05-18 19:48:16,131 [DEBUG] yandextank.core.tankcore tankcore.py:319	RC after: 1
2022-05-18 19:48:16,132 [DEBUG] yandextank.core.tankcore tankcore.py:315	Finalize <yandextank.plugins.DataUploader.plugin.Plugin object at 0x401937eb50>
2022-05-18 19:48:16,133 [DEBUG] yandextank.core.tankcore tankcore.py:317	RC before: 1
2022-05-18 19:48:16,134 [DEBUG] yandextank.plugins.DataUploader.client client.py:642	Sending configinitial config
2022-05-18 19:48:16,312 [DEBUG] urllib3.connectionpool connectionpool.py:393	https://overload.yandex.net:443 "POST /api/job/522908/configinitial.txt?api_token=4f2a42fb997146a394c06ccf2768f953 HTTP/1.1" 200 16
2022-05-18 19:48:16,317 [DEBUG] yandextank.plugins.DataUploader.client client.py:642	Sending configinfo config
2022-05-18 19:48:16,477 [DEBUG] urllib3.connectionpool connectionpool.py:393	https://overload.yandex.net:443 "POST /api/job/522908/configinfo.txt?api_token=4f2a42fb997146a394c06ccf2768f953 HTTP/1.1" 200 16
2022-05-18 19:48:16,489 [INFO] yandextank.plugins.DataUploader.plugin plugin.py:478	Unlocking targets: ['0.0.0.0:8080']
2022-05-18 19:48:16,493 [INFO] yandextank.plugins.DataUploader.plugin plugin.py:480	0.0.0.0:8080
2022-05-18 19:48:16,496 [DEBUG] yandextank.core.tankcore tankcore.py:319	RC after: 1
2022-05-18 19:48:16,500 [INFO] yandextank.core.tankcore tankcore.py:330	Post-processing test...
2022-05-18 19:48:16,502 [DEBUG] yandextank.core.tankcore tankcore.py:333	Post-process <yandextank.plugins.Pandora.plugin.Plugin object at 0x4019375890>
2022-05-18 19:48:16,504 [DEBUG] yandextank.core.tankcore tankcore.py:335	RC before: 1
2022-05-18 19:48:16,505 [DEBUG] yandextank.core.tankcore tankcore.py:337	RC after: 1
2022-05-18 19:48:16,507 [DEBUG] yandextank.core.tankcore tankcore.py:333	Post-process <yandextank.plugins.JsonReport.plugin.Plugin object at 0x401937e590>
2022-05-18 19:48:16,508 [DEBUG] yandextank.core.tankcore tankcore.py:335	RC before: 1
2022-05-18 19:48:16,511 [DEBUG] yandextank.core.tankcore tankcore.py:337	RC after: 1
2022-05-18 19:48:16,513 [DEBUG] yandextank.core.tankcore tankcore.py:333	Post-process <yandextank.plugins.Autostop.plugin.Plugin object at 0x4019375cd0>
2022-05-18 19:48:16,515 [DEBUG] yandextank.core.tankcore tankcore.py:335	RC before: 1
2022-05-18 19:48:16,517 [DEBUG] yandextank.core.tankcore tankcore.py:337	RC after: 1
2022-05-18 19:48:16,518 [DEBUG] yandextank.core.tankcore tankcore.py:333	Post-process <yandextank.plugins.ShellExec.plugin.Plugin object at 0x40193753d0>
2022-05-18 19:48:16,520 [DEBUG] yandextank.core.tankcore tankcore.py:335	RC before: 1
2022-05-18 19:48:16,522 [DEBUG] yandextank.core.tankcore tankcore.py:337	RC after: 1
2022-05-18 19:48:16,524 [DEBUG] yandextank.core.tankcore tankcore.py:333	Post-process <yandextank.plugins.Console.plugin.Plugin object at 0x4019375950>
2022-05-18 19:48:16,526 [DEBUG] yandextank.core.tankcore tankcore.py:335	RC before: 1
2022-05-18 19:48:16,527 [DEBUG] yandextank.core.tankcore tankcore.py:337	RC after: 1
2022-05-18 19:48:16,529 [DEBUG] yandextank.core.tankcore tankcore.py:333	Post-process <yandextank.plugins.RCAssert.plugin.Plugin object at 0x4019375590>
2022-05-18 19:48:16,531 [DEBUG] yandextank.core.tankcore tankcore.py:335	RC before: 1
2022-05-18 19:48:16,533 [DEBUG] yandextank.core.tankcore tankcore.py:337	RC after: 1
2022-05-18 19:48:16,535 [DEBUG] yandextank.core.tankcore tankcore.py:333	Post-process <yandextank.plugins.ResourceCheck.plugin.Plugin object at 0x4019366e90>
2022-05-18 19:48:16,536 [DEBUG] yandextank.core.tankcore tankcore.py:335	RC before: 1
2022-05-18 19:48:16,538 [DEBUG] yandextank.core.tankcore tankcore.py:337	RC after: 1
2022-05-18 19:48:16,542 [DEBUG] yandextank.core.tankcore tankcore.py:333	Post-process <yandextank.plugins.DataUploader.plugin.Plugin object at 0x401937eb50>
2022-05-18 19:48:16,544 [DEBUG] yandextank.core.tankcore tankcore.py:335	RC before: 1
2022-05-18 19:48:16,545 [INFO] yandextank.plugins.DataUploader.plugin plugin.py:350	Waiting for sender threads to join.
2022-05-18 19:48:16,547 [INFO] yandextank.plugins.DataUploader.plugin plugin.py:357	Web link: None
2022-05-18 19:48:16,548 [DEBUG] yandextank.core.tankcore tankcore.py:391	Searching for plugin: <class 'yandextank.plugins.Autostop.plugin.Plugin'>
2022-05-18 19:48:16,550 [DEBUG] yandextank.plugins.DataUploader.plugin plugin.py:376	No autostop cause detected
2022-05-18 19:48:16,552 [DEBUG] yandextank.plugins.DataUploader.client client.py:642	Sending configinitial config
2022-05-18 19:48:16,663 [DEBUG] urllib3.connectionpool connectionpool.py:393	https://overload.yandex.net:443 "POST /api/job/522908/configinitial.txt?api_token=4f2a42fb997146a394c06ccf2768f953 HTTP/1.1" 200 16
2022-05-18 19:48:16,666 [DEBUG] yandextank.plugins.DataUploader.client client.py:642	Sending configinfo config
2022-05-18 19:48:16,841 [DEBUG] urllib3.connectionpool connectionpool.py:393	https://overload.yandex.net:443 "POST /api/job/522908/configinfo.txt?api_token=4f2a42fb997146a394c06ccf2768f953 HTTP/1.1" 200 16
2022-05-18 19:48:16,847 [DEBUG] yandextank.core.tankcore tankcore.py:337	RC after: 1
2022-05-18 19:48:16,849 [INFO] root consoleworker.py:269	Trying to clean up
2022-05-18 19:48:16,850 [INFO] yandextank.core.tankcore tankcore.py:526	Cleaning up plugin plugin_pandora
2022-05-18 19:48:16,853 [INFO] yandextank.core.tankcore tankcore.py:526	Cleaning up plugin plugin_json_report
2022-05-18 19:48:16,857 [INFO] yandextank.core.tankcore tankcore.py:526	Cleaning up plugin plugin_autostop
2022-05-18 19:48:16,860 [INFO] yandextank.core.tankcore tankcore.py:526	Cleaning up plugin plugin_shellexec
2022-05-18 19:48:16,862 [INFO] yandextank.core.tankcore tankcore.py:526	Cleaning up plugin plugin_console
2022-05-18 19:48:16,865 [INFO] yandextank.core.tankcore tankcore.py:526	Cleaning up plugin plugin_rcassert
2022-05-18 19:48:16,866 [INFO] yandextank.core.tankcore tankcore.py:526	Cleaning up plugin plugin_rcheck
2022-05-18 19:48:16,872 [INFO] yandextank.core.tankcore tankcore.py:526	Cleaning up plugin plugin_overload
2022-05-18 19:48:17,065 [DEBUG] urllib3.connectionpool connectionpool.py:393	https://overload.yandex.net:443 "GET /api/job/522908/close.json?exitcode=1&api_token=4f2a42fb997146a394c06ccf2768f953 HTTP/1.1" 200 16
2022-05-18 19:48:17,077 [INFO] yandextank.plugins.DataUploader.plugin plugin.py:478	Unlocking targets: ['0.0.0.0:8080']
2022-05-18 19:48:17,083 [INFO] yandextank.plugins.DataUploader.plugin plugin.py:480	0.0.0.0:8080
2022-05-18 19:48:17,087 [INFO] yandextank.core.tankcore tankcore.py:561	Releasing lock: /var/lock/lunapark_xXJAV7.lock
2022-05-18 19:48:17,148 [DEBUG] yandextank.core.tankcore tankcore.py:367	Collecting artifacts
2022-05-18 19:48:17,150 [INFO] yandextank.core.tankcore tankcore.py:368	Artifacts dir: /var/loadtest/logs/2022-05-18_19-48-12.569393
2022-05-18 19:48:17,151 [DEBUG] yandextank.core.tankcore tankcore.py:422	Collecting file: ./phout.log to /var/loadtest/logs/2022-05-18_19-48-12.569393/phout.log
2022-05-18 19:48:17,175 [DEBUG] yandextank.core.tankcore tankcore.py:422	Collecting file: /var/loadtest/logs/2022-05-18_19-48-12.569393/pandora_config_oPxtqZ.yaml to /var/loadtest/logs/2022-05-18_19-48-12.569393/pandora_config_oPxtqZ.yaml
2022-05-18 19:48:17,178 [WARNING] yandextank.core.tankcore tankcore.py:429	File already exists: /var/loadtest/logs/2022-05-18_19-48-12.569393/pandora_config_oPxtqZ.yaml
2022-05-18 19:48:17,181 [DEBUG] yandextank.core.tankcore tankcore.py:422	Collecting file: validation_error.yaml to /var/loadtest/logs/2022-05-18_19-48-12.569393/validation_error.yaml
2022-05-18 19:48:17,184 [WARNING] yandextank.core.tankcore tankcore.py:424	File not found to collect: validation_error.yaml
2022-05-18 19:48:17,187 [DEBUG] yandextank.core.tankcore tankcore.py:422	Collecting file: /var/loadtest/logs/2022-05-18_19-48-12.569393/pandora_1o42Na.log to /var/loadtest/logs/2022-05-18_19-48-12.569393/pandora_1o42Na.log
2022-05-18 19:48:17,191 [WARNING] yandextank.core.tankcore tankcore.py:429	File already exists: /var/loadtest/logs/2022-05-18_19-48-12.569393/pandora_1o42Na.log
