2022-05-20 07:59:46,073 [INFO] root consoleworker.py:434	Log file created
2022-05-20 07:59:46,075 [INFO] root consoleworker.py:438	Logging handler <logging.FileHandler object at 0x40192a2c10> added
2022-05-20 07:59:46,076 [INFO] root consoleworker.py:438	Logging handler <logging.StreamHandler object at 0x401926a850> added
2022-05-20 07:59:46,077 [INFO] root consoleworker.py:438	Logging handler <logging.StreamHandler object at 0x401928ea50> added
2022-05-20 07:59:46,078 [INFO] root consoleworker.py:373	Created a folder for the test. /Users/nikitaratasnuk/yandex.tank/logs/2022-05-20_07-59-45.732648
2022-05-20 07:59:46,080 [INFO] yandextank.core.tankcore tankcore.py:237	Configuring plugins...
2022-05-20 07:59:46,083 [INFO] yandextank.core.tankcore tankcore.py:190	Loading plugins...
2022-05-20 07:59:46,085 [DEBUG] yandextank.core.tankcore tankcore.py:192	Loading plugin rcheck from yandextank.plugins.ResourceCheck
2022-05-20 07:59:46,086 [DEBUG] yandextank.core.tankcore tankcore.py:192	Loading plugin json_report from yandextank.plugins.JsonReport
2022-05-20 07:59:46,111 [DEBUG] yandextank.core.tankcore tankcore.py:192	Loading plugin overload from yandextank.plugins.DataUploader
2022-05-20 07:59:46,118 [DEBUG] yandextank.core.tankcore tankcore.py:192	Loading plugin rcassert from yandextank.plugins.RCAssert
2022-05-20 07:59:46,122 [DEBUG] yandextank.core.tankcore tankcore.py:192	Loading plugin pandora from yandextank.plugins.Pandora
2022-05-20 07:59:46,128 [DEBUG] yandextank.core.tankcore tankcore.py:192	Loading plugin console from yandextank.plugins.Console
2022-05-20 07:59:46,133 [DEBUG] yandextank.core.tankcore tankcore.py:192	Loading plugin shellexec from yandextank.plugins.ShellExec
2022-05-20 07:59:46,134 [DEBUG] yandextank.core.tankcore tankcore.py:192	Loading plugin autostop from yandextank.plugins.Autostop
2022-05-20 07:59:46,138 [DEBUG] yandextank.core.tankcore tankcore.py:212	Plugin instances: {'plugin_pandora': <yandextank.plugins.Pandora.plugin.Plugin object at 0x4019374d10>, 'plugin_json_report': <yandextank.plugins.JsonReport.plugin.Plugin object at 0x401937eb90>, 'plugin_autostop': <yandextank.plugins.Autostop.plugin.Plugin object at 0x40193748d0>, 'plugin_shellexec': <yandextank.plugins.ShellExec.plugin.Plugin object at 0x4019374b90>, 'plugin_console': <yandextank.plugins.Console.plugin.Plugin object at 0x4019374110>, 'plugin_rcassert': <yandextank.plugins.RCAssert.plugin.Plugin object at 0x4019374890>, 'plugin_rcheck': <yandextank.plugins.ResourceCheck.plugin.Plugin object at 0x401937e5d0>, 'plugin_overload': <yandextank.plugins.DataUploader.plugin.Plugin object at 0x401937e510>}
2022-05-20 07:59:46,139 [DEBUG] yandextank.core.tankcore tankcore.py:244	Configuring <yandextank.plugins.Pandora.plugin.Plugin object at 0x4019374d10>
2022-05-20 07:59:46,148 [INFO] yandextank.plugins.Pandora.plugin plugin.py:68	Found config_file option configuration
2022-05-20 07:59:46,182 [DEBUG] yandextank.core.tankcore tankcore.py:446	Adding artifact file to collect (keep=False): /Users/nikitaratasnuk/yandex.tank/logs/2022-05-20_07-59-45.732648/pandora_config_BzN8_p.yaml
2022-05-20 07:59:46,198 [DEBUG] yandextank.plugins.Pandora.plugin plugin.py:74	Config after parsing for patching: {'pools': [{'rps': {'duration': '60s', 'type': 'line', 'from': 1, 'to': 200}, 'result': {'destination': './phout.log', 'type': 'phout'}, 'startup': {'type': 'once', 'times': 10}, 'gun': {'type': 'My_custom_gun_name', 'target': '0.0.0.0:8080'}, 'ammo': {'source': {'path': './json.ammo', 'type': 'file'}, 'type': 'custom_provider'}, 'id': 'HTTP pool'}]}
2022-05-20 07:59:46,215 [INFO] yandextank.plugins.Pandora.plugin plugin.py:153	Found report file in pandora config: ./phout.log
2022-05-20 07:59:46,227 [DEBUG] yandextank.core.tankcore tankcore.py:446	Adding artifact file to collect (keep=False): ./phout.log
2022-05-20 07:59:46,230 [DEBUG] yandextank.core.tankcore tankcore.py:244	Configuring <yandextank.plugins.JsonReport.plugin.Plugin object at 0x401937eb90>
2022-05-20 07:59:46,237 [DEBUG] yandextank.core.tankcore tankcore.py:391	Searching for plugin: <class 'yandextank.common.interfaces.GeneratorPlugin'>
2022-05-20 07:59:46,268 [DEBUG] yandextank.core.tankcore tankcore.py:244	Configuring <yandextank.plugins.Autostop.plugin.Plugin object at 0x40193748d0>
2022-05-20 07:59:46,271 [DEBUG] yandextank.core.tankcore tankcore.py:244	Configuring <yandextank.plugins.ShellExec.plugin.Plugin object at 0x4019374b90>
2022-05-20 07:59:46,274 [DEBUG] yandextank.core.tankcore tankcore.py:244	Configuring <yandextank.plugins.Console.plugin.Plugin object at 0x4019374110>
2022-05-20 07:59:46,285 [DEBUG] yandextank.core.tankcore tankcore.py:244	Configuring <yandextank.plugins.RCAssert.plugin.Plugin object at 0x4019374890>
2022-05-20 07:59:46,291 [DEBUG] yandextank.core.tankcore tankcore.py:244	Configuring <yandextank.plugins.ResourceCheck.plugin.Plugin object at 0x401937e5d0>
2022-05-20 07:59:46,304 [DEBUG] yandextank.core.tankcore tankcore.py:244	Configuring <yandextank.plugins.DataUploader.plugin.Plugin object at 0x401937e510>
2022-05-20 07:59:46,306 [INFO] yandextank.core.tankcore tankcore.py:249	Preparing test...
2022-05-20 07:59:46,307 [DEBUG] yandextank.core.tankcore tankcore.py:253	Preparing <yandextank.plugins.Pandora.plugin.Plugin object at 0x4019374d10>
2022-05-20 07:59:46,313 [DEBUG] yandextank.core.tankcore tankcore.py:391	Searching for plugin: <class 'yandextank.plugins.Console.plugin.Plugin'>
2022-05-20 07:59:46,317 [DEBUG] yandextank.core.tankcore tankcore.py:253	Preparing <yandextank.plugins.JsonReport.plugin.Plugin object at 0x401937eb90>
2022-05-20 07:59:46,318 [DEBUG] yandextank.core.tankcore tankcore.py:253	Preparing <yandextank.plugins.Autostop.plugin.Plugin object at 0x40193748d0>
2022-05-20 07:59:46,322 [DEBUG] yandextank.common.interfaces plugin.py:74	Criterion string: http(5xx,10%,5s)
2022-05-20 07:59:46,324 [DEBUG] yandextank.common.interfaces plugin.py:78	Criterion objects: {'http(5xx,10%,5s)': <yandextank.plugins.Autostop.criterions.HTTPCodesCriterion object at 0x4019374910>}
2022-05-20 07:59:46,325 [DEBUG] yandextank.core.tankcore tankcore.py:391	Searching for plugin: <class 'yandextank.plugins.Console.plugin.Plugin'>
2022-05-20 07:59:46,326 [DEBUG] yandextank.core.tankcore tankcore.py:253	Preparing <yandextank.plugins.ShellExec.plugin.Plugin object at 0x4019374b90>
2022-05-20 07:59:46,328 [DEBUG] yandextank.core.tankcore tankcore.py:253	Preparing <yandextank.plugins.Console.plugin.Plugin object at 0x4019374110>
2022-05-20 07:59:46,330 [DEBUG] yandextank.core.tankcore tankcore.py:253	Preparing <yandextank.plugins.RCAssert.plugin.Plugin object at 0x4019374890>
2022-05-20 07:59:46,331 [DEBUG] yandextank.core.tankcore tankcore.py:253	Preparing <yandextank.plugins.ResourceCheck.plugin.Plugin object at 0x401937e5d0>
2022-05-20 07:59:46,332 [INFO] yandextank.common.interfaces plugin.py:39	Checking tank resources...
2022-05-20 07:59:46,333 [DEBUG] netort.process process.py:23	Starting: sh -c "df --no-sync -m -P -l -x fuse -x tmpfs -x devtmpfs -x davfs -x nfs /Users/nikitaratasnuk/yandex.tank/logs | tail -n 1 | awk '{print \$4}' "
2022-05-20 07:59:46,901 [DEBUG] netort.process process.py:46	Process output:
11456

2022-05-20 07:59:46,904 [DEBUG] netort.process process.py:48	Process exit code: 0
2022-05-20 07:59:46,907 [DEBUG] root plugin.py:58	Result: (0, '11456\n', '')
2022-05-20 07:59:46,910 [DEBUG] yandextank.common.interfaces plugin.py:64	Disk free space: 11456/2048
2022-05-20 07:59:46,920 [DEBUG] yandextank.common.interfaces plugin.py:75	Memory free: 3093/512
2022-05-20 07:59:46,922 [DEBUG] yandextank.core.tankcore tankcore.py:253	Preparing <yandextank.plugins.DataUploader.plugin.Plugin object at 0x401937e510>
2022-05-20 07:59:46,928 [WARNING] yandextank.plugins.DataUploader.plugin plugin.py:234	Failed to get info about ammo path
2022-05-20 07:59:46,933 [INFO] root plugin.py:523	Using OVERLOAD backend
2022-05-20 07:59:46,935 [DEBUG] yandextank.plugins.DataUploader.plugin plugin.py:618	Trying to read token from token.txt
2022-05-20 07:59:46,945 [INFO] yandextank.plugins.DataUploader.plugin plugin.py:624	Read authentication token from token.txt, token length is 32 bytes
2022-05-20 07:59:47,061 [INFO] yandextank.plugins.DataUploader.client client.py:59	Proxy not set
2022-05-20 07:59:47,063 [INFO] yandextank.plugins.DataUploader.plugin plugin.py:647	Detected target: 0.0.0.0:8080
2022-05-20 07:59:47,097 [DEBUG] yandextank.plugins.DataUploader.client client.py:336	Job create request: {'person': 'root', 'host': '0.0.0.0:8080', 'task': '', 'tank': '76725ce9fcb0', 'notify': [], 'loadscheme': [], 'detailed_time': None, 'port': '8080'}
2022-05-20 07:59:47,120 [DEBUG] urllib3.connectionpool connectionpool.py:813	Starting new HTTPS connection (1): overload.yandex.net:443
2022-05-20 07:59:47,556 [DEBUG] urllib3.connectionpool connectionpool.py:393	https://overload.yandex.net:443 "POST /api/job/create.json?api_token=4f2a42fb997146a394c06ccf2768f953 HTTP/1.1" 200 None
2022-05-20 07:59:47,568 [INFO] yandextank.plugins.DataUploader.plugin plugin.py:789	Job created: 523255
2022-05-20 07:59:47,585 [DEBUG] yandextank.plugins.DataUploader.client client.py:642	Sending configinitial config
2022-05-20 07:59:47,725 [DEBUG] urllib3.connectionpool connectionpool.py:393	https://overload.yandex.net:443 "POST /api/job/523255/configinitial.txt?api_token=4f2a42fb997146a394c06ccf2768f953 HTTP/1.1" 200 16
2022-05-20 07:59:47,731 [INFO] yandextank.plugins.DataUploader.plugin plugin.py:485	Locking targets: ['0.0.0.0:8080']
2022-05-20 07:59:47,753 [INFO] yandextank.plugins.DataUploader.plugin plugin.py:487	Locked targets: ['0.0.0.0:8080']
2022-05-20 07:59:47,771 [DEBUG] yandextank.common.interfaces interfaces.py:101	Publishing status: Plugin/job_no: 523255
2022-05-20 07:59:47,943 [DEBUG] urllib3.connectionpool connectionpool.py:393	https://overload.yandex.net:443 "POST /api/job/523255/edit.json?api_token=4f2a42fb997146a394c06ccf2768f953 HTTP/1.1" 200 19
2022-05-20 07:59:47,951 [DEBUG] yandextank.core.tankcore tankcore.py:391	Searching for plugin: <class 'yandextank.plugins.Console.plugin.Plugin'>
2022-05-20 07:59:47,967 [DEBUG] yandextank.plugins.DataUploader.client client.py:642	Sending configinitial config
2022-05-20 07:59:48,099 [DEBUG] urllib3.connectionpool connectionpool.py:393	https://overload.yandex.net:443 "POST /api/job/523255/configinitial.txt?api_token=4f2a42fb997146a394c06ccf2768f953 HTTP/1.1" 200 16
2022-05-20 07:59:48,106 [DEBUG] yandextank.plugins.DataUploader.client client.py:642	Sending configinfo config
2022-05-20 07:59:48,194 [DEBUG] urllib3.connectionpool connectionpool.py:393	https://overload.yandex.net:443 "POST /api/job/523255/configinfo.txt?api_token=4f2a42fb997146a394c06ccf2768f953 HTTP/1.1" 200 16
2022-05-20 07:59:48,207 [INFO] yandextank.core.tankcore tankcore.py:259	Starting test...
2022-05-20 07:59:48,232 [INFO] yandextank.aggregator.tank_aggregator tank_aggregator.py:63	using verbose histogram
2022-05-20 07:59:48,292 [DEBUG] yandextank.core.tankcore tankcore.py:263	Starting <yandextank.plugins.Pandora.plugin.Plugin object at 0x4019374d10>
2022-05-20 07:59:48,301 [INFO] yandextank.plugins.Pandora.plugin plugin.py:183	Starting: ['https://mitme.net/gun', '-expvar', '/Users/nikitaratasnuk/yandex.tank/logs/2022-05-20_07-59-45.732648/pandora_config_BzN8_p.yaml']
2022-05-20 07:59:48,307 [DEBUG] urllib3.connectionpool connectionpool.py:205	Starting new HTTP connection (1): localhost:1234
2022-05-20 07:59:48,330 [DEBUG] yandextank.core.tankcore tankcore.py:446	Adding artifact file to collect (keep=False): /Users/nikitaratasnuk/yandex.tank/logs/2022-05-20_07-59-45.732648/pandora_ucjNWq.log
2022-05-20 07:59:48,333 [DEBUG] yandextank.plugins.Pandora.reader reader.py:33	Pandora expvar http interface is unavailable
Traceback (most recent call last):
  File "/usr/local/lib/python2.7/dist-packages/yandextank/plugins/Pandora/reader.py", line 24, in run
    pandora_stat = requests.get("http://localhost:1234/debug/vars", timeout=0.9).json()
  File "/usr/local/lib/python2.7/dist-packages/requests/api.py", line 75, in get
    return request('get', url, params=params, **kwargs)
  File "/usr/local/lib/python2.7/dist-packages/requests/api.py", line 60, in request
    return session.request(method=method, url=url, **kwargs)
  File "/usr/local/lib/python2.7/dist-packages/requests/sessions.py", line 533, in request
    resp = self.send(prep, **send_kwargs)
  File "/usr/local/lib/python2.7/dist-packages/requests/sessions.py", line 646, in send
    r = adapter.send(request, **kwargs)
  File "/usr/local/lib/python2.7/dist-packages/requests/adapters.py", line 516, in send
    raise ConnectionError(e, request=request)
ConnectionError: HTTPConnectionPool(host='localhost', port=1234): Max retries exceeded with url: /debug/vars (Caused by NewConnectionError('<urllib3.connection.HTTPConnection object at 0x40195bdd90>: Failed to establish a new connection: [Errno 111] Connection refused',))
2022-05-20 07:59:48,882 [DEBUG] yandextank.plugins.Pandora.plugin plugin.py:196	Unable to start Pandora binary. Args: ['https://mitme.net/gun', '-expvar', '/Users/nikitaratasnuk/yandex.tank/logs/2022-05-20_07-59-45.732648/pandora_config_BzN8_p.yaml']
Traceback (most recent call last):
  File "/usr/local/lib/python2.7/dist-packages/yandextank/plugins/Pandora/plugin.py", line 193, in start_test
    close_fds=True)
  File "/usr/lib/python2.7/subprocess.py", line 711, in __init__
    errread, errwrite)
  File "/usr/lib/python2.7/subprocess.py", line 1343, in _execute_child
    raise child_exception
OSError: [Errno 2] No such file or directory
2022-05-20 07:59:48,886 [ERROR] root consoleworker.py:296	Test interrupted:
<type 'exceptions.RuntimeError'>: Unable to start Pandora binary and/or file does not exist: ['https://mitme.net/gun', '-expvar', '/Users/nikitaratasnuk/yandex.tank/logs/2022-05-20_07-59-45.732648/pandora_config_BzN8_p.yaml']
<traceback object at 0x403df9bbd8>
2022-05-20 07:59:48,892 [INFO] yandextank.core.tankcore tankcore.py:301	Finishing test...
2022-05-20 07:59:48,893 [INFO] yandextank.core.tankcore tankcore.py:303	Stopping load generator and aggregator
2022-05-20 07:59:48,894 [DEBUG] yandextank.plugins.Pandora.plugin plugin.py:225	Seems subprocess finished OK
2022-05-20 07:59:48,895 [DEBUG] yandextank.aggregator.tank_aggregator tank_aggregator.py:123	Closing stats reader
2022-05-20 07:59:49,005 [DEBUG] yandextank.aggregator.tank_aggregator tank_aggregator.py:126	Waiting for gun drain to finish
2022-05-20 07:59:49,307 [DEBUG] yandextank.aggregator.tank_aggregator tank_aggregator.py:128	Waiting for stats drain to finish
2022-05-20 07:59:49,313 [DEBUG] yandextank.aggregator.tank_aggregator tank_aggregator.py:130	Collecting remaining data
2022-05-20 07:59:49,317 [DEBUG] yandextank.aggregator.tank_aggregator tank_aggregator.py:87	Data timestamps: []
2022-05-20 07:59:49,321 [DEBUG] yandextank.aggregator.tank_aggregator tank_aggregator.py:88	Stats timestamps: []
2022-05-20 07:59:49,326 [DEBUG] yandextank.core.tankcore tankcore.py:305	RC after: 1
2022-05-20 07:59:49,327 [INFO] yandextank.core.tankcore tankcore.py:307	Stopping monitoring
2022-05-20 07:59:49,338 [DEBUG] yandextank.core.tankcore tankcore.py:315	Finalize <yandextank.plugins.JsonReport.plugin.Plugin object at 0x401937eb90>
2022-05-20 07:59:49,341 [DEBUG] yandextank.core.tankcore tankcore.py:317	RC before: 1
2022-05-20 07:59:49,343 [DEBUG] yandextank.core.tankcore tankcore.py:319	RC after: 1
2022-05-20 07:59:49,345 [DEBUG] yandextank.core.tankcore tankcore.py:315	Finalize <yandextank.plugins.Autostop.plugin.Plugin object at 0x40193748d0>
2022-05-20 07:59:49,347 [DEBUG] yandextank.core.tankcore tankcore.py:317	RC before: 1
2022-05-20 07:59:49,349 [DEBUG] yandextank.core.tankcore tankcore.py:319	RC after: 1
2022-05-20 07:59:49,351 [DEBUG] yandextank.core.tankcore tankcore.py:315	Finalize <yandextank.plugins.ShellExec.plugin.Plugin object at 0x4019374b90>
2022-05-20 07:59:49,353 [DEBUG] yandextank.core.tankcore tankcore.py:317	RC before: 1
2022-05-20 07:59:49,354 [DEBUG] yandextank.core.tankcore tankcore.py:319	RC after: 1
2022-05-20 07:59:49,356 [DEBUG] yandextank.core.tankcore tankcore.py:315	Finalize <yandextank.plugins.Console.plugin.Plugin object at 0x4019374110>
2022-05-20 07:59:49,358 [DEBUG] yandextank.core.tankcore tankcore.py:317	RC before: 1
2022-05-20 07:59:49,360 [DEBUG] yandextank.core.tankcore tankcore.py:319	RC after: 1
2022-05-20 07:59:49,363 [DEBUG] yandextank.core.tankcore tankcore.py:315	Finalize <yandextank.plugins.RCAssert.plugin.Plugin object at 0x4019374890>
2022-05-20 07:59:49,364 [DEBUG] yandextank.core.tankcore tankcore.py:317	RC before: 1
2022-05-20 07:59:49,365 [DEBUG] yandextank.core.tankcore tankcore.py:319	RC after: 1
2022-05-20 07:59:49,367 [DEBUG] yandextank.core.tankcore tankcore.py:315	Finalize <yandextank.plugins.ResourceCheck.plugin.Plugin object at 0x401937e5d0>
2022-05-20 07:59:49,368 [DEBUG] yandextank.core.tankcore tankcore.py:317	RC before: 1
2022-05-20 07:59:49,369 [DEBUG] yandextank.core.tankcore tankcore.py:319	RC after: 1
2022-05-20 07:59:49,372 [DEBUG] yandextank.core.tankcore tankcore.py:315	Finalize <yandextank.plugins.DataUploader.plugin.Plugin object at 0x401937e510>
2022-05-20 07:59:49,375 [DEBUG] yandextank.core.tankcore tankcore.py:317	RC before: 1
2022-05-20 07:59:49,379 [DEBUG] yandextank.plugins.DataUploader.client client.py:642	Sending configinitial config
2022-05-20 07:59:49,516 [DEBUG] urllib3.connectionpool connectionpool.py:393	https://overload.yandex.net:443 "POST /api/job/523255/configinitial.txt?api_token=4f2a42fb997146a394c06ccf2768f953 HTTP/1.1" 200 16
2022-05-20 07:59:49,523 [DEBUG] yandextank.plugins.DataUploader.client client.py:642	Sending configinfo config
2022-05-20 07:59:49,597 [DEBUG] urllib3.connectionpool connectionpool.py:393	https://overload.yandex.net:443 "POST /api/job/523255/configinfo.txt?api_token=4f2a42fb997146a394c06ccf2768f953 HTTP/1.1" 200 16
2022-05-20 07:59:49,601 [INFO] yandextank.plugins.DataUploader.plugin plugin.py:478	Unlocking targets: ['0.0.0.0:8080']
2022-05-20 07:59:49,603 [INFO] yandextank.plugins.DataUploader.plugin plugin.py:480	0.0.0.0:8080
2022-05-20 07:59:49,604 [DEBUG] yandextank.core.tankcore tankcore.py:319	RC after: 1
2022-05-20 07:59:49,605 [INFO] yandextank.core.tankcore tankcore.py:330	Post-processing test...
2022-05-20 07:59:49,606 [DEBUG] yandextank.core.tankcore tankcore.py:333	Post-process <yandextank.plugins.Pandora.plugin.Plugin object at 0x4019374d10>
2022-05-20 07:59:49,611 [DEBUG] yandextank.core.tankcore tankcore.py:335	RC before: 1
2022-05-20 07:59:49,612 [DEBUG] yandextank.core.tankcore tankcore.py:337	RC after: 1
2022-05-20 07:59:49,613 [DEBUG] yandextank.core.tankcore tankcore.py:333	Post-process <yandextank.plugins.JsonReport.plugin.Plugin object at 0x401937eb90>
2022-05-20 07:59:49,614 [DEBUG] yandextank.core.tankcore tankcore.py:335	RC before: 1
2022-05-20 07:59:49,616 [DEBUG] yandextank.core.tankcore tankcore.py:337	RC after: 1
2022-05-20 07:59:49,657 [DEBUG] yandextank.core.tankcore tankcore.py:333	Post-process <yandextank.plugins.Autostop.plugin.Plugin object at 0x40193748d0>
2022-05-20 07:59:49,659 [DEBUG] yandextank.core.tankcore tankcore.py:335	RC before: 1
2022-05-20 07:59:49,660 [DEBUG] yandextank.core.tankcore tankcore.py:337	RC after: 1
2022-05-20 07:59:49,661 [DEBUG] yandextank.core.tankcore tankcore.py:333	Post-process <yandextank.plugins.ShellExec.plugin.Plugin object at 0x4019374b90>
2022-05-20 07:59:49,663 [DEBUG] yandextank.core.tankcore tankcore.py:335	RC before: 1
2022-05-20 07:59:49,664 [DEBUG] yandextank.core.tankcore tankcore.py:337	RC after: 1
2022-05-20 07:59:49,665 [DEBUG] yandextank.core.tankcore tankcore.py:333	Post-process <yandextank.plugins.Console.plugin.Plugin object at 0x4019374110>
2022-05-20 07:59:49,667 [DEBUG] yandextank.core.tankcore tankcore.py:335	RC before: 1
2022-05-20 07:59:49,668 [DEBUG] yandextank.core.tankcore tankcore.py:337	RC after: 1
2022-05-20 07:59:49,669 [DEBUG] yandextank.core.tankcore tankcore.py:333	Post-process <yandextank.plugins.RCAssert.plugin.Plugin object at 0x4019374890>
2022-05-20 07:59:49,670 [DEBUG] yandextank.core.tankcore tankcore.py:335	RC before: 1
2022-05-20 07:59:49,671 [DEBUG] yandextank.core.tankcore tankcore.py:337	RC after: 1
2022-05-20 07:59:49,674 [DEBUG] yandextank.core.tankcore tankcore.py:333	Post-process <yandextank.plugins.ResourceCheck.plugin.Plugin object at 0x401937e5d0>
2022-05-20 07:59:49,677 [DEBUG] yandextank.core.tankcore tankcore.py:335	RC before: 1
2022-05-20 07:59:49,692 [DEBUG] yandextank.core.tankcore tankcore.py:337	RC after: 1
2022-05-20 07:59:49,693 [DEBUG] yandextank.core.tankcore tankcore.py:333	Post-process <yandextank.plugins.DataUploader.plugin.Plugin object at 0x401937e510>
2022-05-20 07:59:49,694 [DEBUG] yandextank.core.tankcore tankcore.py:335	RC before: 1
2022-05-20 07:59:49,702 [INFO] yandextank.plugins.DataUploader.plugin plugin.py:350	Waiting for sender threads to join.
2022-05-20 07:59:49,706 [INFO] yandextank.plugins.DataUploader.plugin plugin.py:357	Web link: None
2022-05-20 07:59:49,713 [DEBUG] yandextank.core.tankcore tankcore.py:391	Searching for plugin: <class 'yandextank.plugins.Autostop.plugin.Plugin'>
2022-05-20 07:59:49,718 [DEBUG] yandextank.plugins.DataUploader.plugin plugin.py:376	No autostop cause detected
2022-05-20 07:59:49,718 [DEBUG] yandextank.plugins.DataUploader.client client.py:642	Sending configinitial config
2022-05-20 07:59:49,848 [DEBUG] urllib3.connectionpool connectionpool.py:393	https://overload.yandex.net:443 "POST /api/job/523255/configinitial.txt?api_token=4f2a42fb997146a394c06ccf2768f953 HTTP/1.1" 200 16
2022-05-20 07:59:49,856 [DEBUG] yandextank.plugins.DataUploader.client client.py:642	Sending configinfo config
2022-05-20 07:59:49,952 [DEBUG] urllib3.connectionpool connectionpool.py:393	https://overload.yandex.net:443 "POST /api/job/523255/configinfo.txt?api_token=4f2a42fb997146a394c06ccf2768f953 HTTP/1.1" 200 16
2022-05-20 07:59:49,976 [DEBUG] yandextank.core.tankcore tankcore.py:337	RC after: 1
2022-05-20 07:59:49,978 [INFO] root consoleworker.py:269	Trying to clean up
2022-05-20 07:59:49,980 [INFO] yandextank.core.tankcore tankcore.py:526	Cleaning up plugin plugin_pandora
2022-05-20 07:59:49,981 [INFO] yandextank.core.tankcore tankcore.py:526	Cleaning up plugin plugin_json_report
2022-05-20 07:59:49,982 [INFO] yandextank.core.tankcore tankcore.py:526	Cleaning up plugin plugin_autostop
2022-05-20 07:59:49,999 [INFO] yandextank.core.tankcore tankcore.py:526	Cleaning up plugin plugin_shellexec
2022-05-20 07:59:50,001 [INFO] yandextank.core.tankcore tankcore.py:526	Cleaning up plugin plugin_console
2022-05-20 07:59:50,002 [INFO] yandextank.core.tankcore tankcore.py:526	Cleaning up plugin plugin_rcassert
2022-05-20 07:59:50,003 [INFO] yandextank.core.tankcore tankcore.py:526	Cleaning up plugin plugin_rcheck
2022-05-20 07:59:50,005 [INFO] yandextank.core.tankcore tankcore.py:526	Cleaning up plugin plugin_overload
2022-05-20 07:59:50,249 [DEBUG] urllib3.connectionpool connectionpool.py:393	https://overload.yandex.net:443 "GET /api/job/523255/close.json?exitcode=1&api_token=4f2a42fb997146a394c06ccf2768f953 HTTP/1.1" 200 16
2022-05-20 07:59:50,260 [INFO] yandextank.plugins.DataUploader.plugin plugin.py:478	Unlocking targets: ['0.0.0.0:8080']
2022-05-20 07:59:50,265 [INFO] yandextank.plugins.DataUploader.plugin plugin.py:480	0.0.0.0:8080
2022-05-20 07:59:50,268 [INFO] yandextank.core.tankcore tankcore.py:561	Releasing lock: /var/lock/lunapark_41rBXo.lock
2022-05-20 07:59:51,104 [DEBUG] yandextank.core.tankcore tankcore.py:367	Collecting artifacts
2022-05-20 07:59:51,108 [INFO] yandextank.core.tankcore tankcore.py:368	Artifacts dir: /Users/nikitaratasnuk/yandex.tank/logs/2022-05-20_07-59-45.732648
2022-05-20 07:59:51,113 [DEBUG] yandextank.core.tankcore tankcore.py:422	Collecting file: /Users/nikitaratasnuk/yandex.tank/logs/2022-05-20_07-59-45.732648/pandora_config_BzN8_p.yaml to /Users/nikitaratasnuk/yandex.tank/logs/2022-05-20_07-59-45.732648/pandora_config_BzN8_p.yaml
2022-05-20 07:59:51,122 [WARNING] yandextank.core.tankcore tankcore.py:429	File already exists: /Users/nikitaratasnuk/yandex.tank/logs/2022-05-20_07-59-45.732648/pandora_config_BzN8_p.yaml
2022-05-20 07:59:51,134 [DEBUG] yandextank.core.tankcore tankcore.py:422	Collecting file: ./phout.log to /Users/nikitaratasnuk/yandex.tank/logs/2022-05-20_07-59-45.732648/phout.log
2022-05-20 07:59:51,165 [DEBUG] yandextank.core.tankcore tankcore.py:422	Collecting file: validation_error.yaml to /Users/nikitaratasnuk/yandex.tank/logs/2022-05-20_07-59-45.732648/validation_error.yaml
2022-05-20 07:59:51,180 [WARNING] yandextank.core.tankcore tankcore.py:424	File not found to collect: validation_error.yaml
2022-05-20 07:59:51,182 [DEBUG] yandextank.core.tankcore tankcore.py:422	Collecting file: /Users/nikitaratasnuk/yandex.tank/logs/2022-05-20_07-59-45.732648/pandora_ucjNWq.log to /Users/nikitaratasnuk/yandex.tank/logs/2022-05-20_07-59-45.732648/pandora_ucjNWq.log
2022-05-20 07:59:51,184 [WARNING] yandextank.core.tankcore tankcore.py:429	File already exists: /Users/nikitaratasnuk/yandex.tank/logs/2022-05-20_07-59-45.732648/pandora_ucjNWq.log
