2022-05-21 06:39:32,598 [INFO] root consoleworker.py:434	Log file created
2022-05-21 06:39:32,598 [INFO] root consoleworker.py:438	Logging handler <logging.FileHandler object at 0x7fdeb63c2b50> added
2022-05-21 06:39:32,598 [INFO] root consoleworker.py:438	Logging handler <logging.StreamHandler object at 0x7fdeb640a790> added
2022-05-21 06:39:32,599 [INFO] root consoleworker.py:438	Logging handler <logging.StreamHandler object at 0x7fdeb63af990> added
2022-05-21 06:39:32,599 [INFO] root consoleworker.py:373	Created a folder for the test. /var/loadtest/logs/2022-05-21_06-39-32.552869
2022-05-21 06:39:32,599 [INFO] yandextank.core.tankcore tankcore.py:237	Configuring plugins...
2022-05-21 06:39:32,599 [INFO] yandextank.core.tankcore tankcore.py:190	Loading plugins...
2022-05-21 06:39:32,600 [DEBUG] yandextank.core.tankcore tankcore.py:192	Loading plugin rcheck from yandextank.plugins.ResourceCheck
2022-05-21 06:39:32,600 [DEBUG] yandextank.core.tankcore tankcore.py:192	Loading plugin json_report from yandextank.plugins.JsonReport
2022-05-21 06:39:32,602 [DEBUG] yandextank.core.tankcore tankcore.py:192	Loading plugin overload from yandextank.plugins.DataUploader
2022-05-21 06:39:32,602 [DEBUG] yandextank.core.tankcore tankcore.py:192	Loading plugin rcassert from yandextank.plugins.RCAssert
2022-05-21 06:39:32,603 [DEBUG] yandextank.core.tankcore tankcore.py:192	Loading plugin pandora from yandextank.plugins.Pandora
2022-05-21 06:39:32,603 [DEBUG] yandextank.core.tankcore tankcore.py:192	Loading plugin console from yandextank.plugins.Console
2022-05-21 06:39:32,603 [DEBUG] yandextank.core.tankcore tankcore.py:192	Loading plugin shellexec from yandextank.plugins.ShellExec
2022-05-21 06:39:32,603 [DEBUG] yandextank.core.tankcore tankcore.py:192	Loading plugin autostop from yandextank.plugins.Autostop
2022-05-21 06:39:32,603 [DEBUG] yandextank.core.tankcore tankcore.py:212	Plugin instances: {'plugin_pandora': <yandextank.plugins.Pandora.plugin.Plugin object at 0x7fdeb6314a10>, 'plugin_json_report': <yandextank.plugins.JsonReport.plugin.Plugin object at 0x7fdeb631fe90>, 'plugin_autostop': <yandextank.plugins.Autostop.plugin.Plugin object at 0x7fdeb6314790>, 'plugin_shellexec': <yandextank.plugins.ShellExec.plugin.Plugin object at 0x7fdeb63144d0>, 'plugin_console': <yandextank.plugins.Console.plugin.Plugin object at 0x7fdeb63148d0>, 'plugin_rcassert': <yandextank.plugins.RCAssert.plugin.Plugin object at 0x7fdeb6314d90>, 'plugin_rcheck': <yandextank.plugins.ResourceCheck.plugin.Plugin object at 0x7fdeb631f3d0>, 'plugin_overload': <yandextank.plugins.DataUploader.plugin.Plugin object at 0x7fdeb631fb10>}
2022-05-21 06:39:32,603 [DEBUG] yandextank.core.tankcore tankcore.py:244	Configuring <yandextank.plugins.Pandora.plugin.Plugin object at 0x7fdeb6314a10>
2022-05-21 06:39:32,604 [INFO] yandextank.plugins.Pandora.plugin plugin.py:68	Found config_file option configuration
2022-05-21 06:39:32,609 [DEBUG] yandextank.core.tankcore tankcore.py:446	Adding artifact file to collect (keep=False): /var/loadtest/logs/2022-05-21_06-39-32.552869/pandora_config_VNYcqg.yaml
2022-05-21 06:39:32,612 [DEBUG] yandextank.plugins.Pandora.plugin plugin.py:74	Config after parsing for patching: {'pools': [{'rps': {'duration': '60s', 'type': 'line', 'from': 1, 'to': 200}, 'result': {'destination': './phout.log', 'type': 'phout'}, 'startup': {'type': 'once', 'times': 10}, 'gun': {'type': 'My_custom_gun_name', 'target': '0.0.0.0:8080'}, 'ammo': {'source': {'path': './json.ammo', 'type': 'file'}, 'type': 'custom_provider'}, 'id': 'HTTP pool'}]}
2022-05-21 06:39:32,612 [INFO] yandextank.plugins.Pandora.plugin plugin.py:153	Found report file in pandora config: ./phout.log
2022-05-21 06:39:32,614 [DEBUG] yandextank.core.tankcore tankcore.py:446	Adding artifact file to collect (keep=False): ./phout.log
2022-05-21 06:39:32,614 [DEBUG] yandextank.core.tankcore tankcore.py:244	Configuring <yandextank.plugins.JsonReport.plugin.Plugin object at 0x7fdeb631fe90>
2022-05-21 06:39:32,614 [DEBUG] yandextank.core.tankcore tankcore.py:391	Searching for plugin: <class 'yandextank.common.interfaces.GeneratorPlugin'>
2022-05-21 06:39:32,615 [DEBUG] yandextank.core.tankcore tankcore.py:244	Configuring <yandextank.plugins.Autostop.plugin.Plugin object at 0x7fdeb6314790>
2022-05-21 06:39:32,615 [DEBUG] yandextank.core.tankcore tankcore.py:244	Configuring <yandextank.plugins.ShellExec.plugin.Plugin object at 0x7fdeb63144d0>
2022-05-21 06:39:32,615 [DEBUG] yandextank.core.tankcore tankcore.py:244	Configuring <yandextank.plugins.Console.plugin.Plugin object at 0x7fdeb63148d0>
2022-05-21 06:39:32,616 [DEBUG] yandextank.core.tankcore tankcore.py:244	Configuring <yandextank.plugins.RCAssert.plugin.Plugin object at 0x7fdeb6314d90>
2022-05-21 06:39:32,616 [DEBUG] yandextank.core.tankcore tankcore.py:244	Configuring <yandextank.plugins.ResourceCheck.plugin.Plugin object at 0x7fdeb631f3d0>
2022-05-21 06:39:32,616 [DEBUG] yandextank.core.tankcore tankcore.py:244	Configuring <yandextank.plugins.DataUploader.plugin.Plugin object at 0x7fdeb631fb10>
2022-05-21 06:39:32,617 [INFO] yandextank.core.tankcore tankcore.py:249	Preparing test...
2022-05-21 06:39:32,617 [DEBUG] yandextank.core.tankcore tankcore.py:253	Preparing <yandextank.plugins.Pandora.plugin.Plugin object at 0x7fdeb6314a10>
2022-05-21 06:39:32,617 [DEBUG] yandextank.core.tankcore tankcore.py:391	Searching for plugin: <class 'yandextank.plugins.Console.plugin.Plugin'>
2022-05-21 06:39:32,617 [DEBUG] yandextank.core.tankcore tankcore.py:253	Preparing <yandextank.plugins.JsonReport.plugin.Plugin object at 0x7fdeb631fe90>
2022-05-21 06:39:32,618 [DEBUG] yandextank.core.tankcore tankcore.py:253	Preparing <yandextank.plugins.Autostop.plugin.Plugin object at 0x7fdeb6314790>
2022-05-21 06:39:32,618 [DEBUG] yandextank.common.interfaces plugin.py:74	Criterion string: http(5xx,10%,5s)
2022-05-21 06:39:32,618 [DEBUG] yandextank.common.interfaces plugin.py:78	Criterion objects: {'http(5xx,10%,5s)': <yandextank.plugins.Autostop.criterions.HTTPCodesCriterion object at 0x7fdeb6314ad0>}
2022-05-21 06:39:32,618 [DEBUG] yandextank.core.tankcore tankcore.py:391	Searching for plugin: <class 'yandextank.plugins.Console.plugin.Plugin'>
2022-05-21 06:39:32,618 [DEBUG] yandextank.core.tankcore tankcore.py:253	Preparing <yandextank.plugins.ShellExec.plugin.Plugin object at 0x7fdeb63144d0>
2022-05-21 06:39:32,618 [DEBUG] yandextank.core.tankcore tankcore.py:253	Preparing <yandextank.plugins.Console.plugin.Plugin object at 0x7fdeb63148d0>
2022-05-21 06:39:32,618 [DEBUG] yandextank.core.tankcore tankcore.py:253	Preparing <yandextank.plugins.RCAssert.plugin.Plugin object at 0x7fdeb6314d90>
2022-05-21 06:39:32,619 [DEBUG] yandextank.core.tankcore tankcore.py:253	Preparing <yandextank.plugins.ResourceCheck.plugin.Plugin object at 0x7fdeb631f3d0>
2022-05-21 06:39:32,619 [INFO] yandextank.common.interfaces plugin.py:39	Checking tank resources...
2022-05-21 06:39:32,619 [DEBUG] netort.process process.py:23	Starting: sh -c "df --no-sync -m -P -l -x fuse -x tmpfs -x devtmpfs -x davfs -x nfs /var/loadtest/logs | tail -n 1 | awk '{print \$4}' "
2022-05-21 06:39:32,743 [ERROR] netort.process process.py:43	There were errors:
df: no file systems processed

2022-05-21 06:39:32,745 [DEBUG] netort.process process.py:48	Process exit code: 0
2022-05-21 06:39:32,745 [DEBUG] root plugin.py:58	Result: (0, '', 'df: no file systems processed\n')
2022-05-21 06:39:32,746 [DEBUG] yandextank.common.interfaces plugin.py:60	No disk usage info: df: no file systems processed

2022-05-21 06:39:32,746 [DEBUG] yandextank.common.interfaces plugin.py:75	Memory free: 11167/512
2022-05-21 06:39:32,747 [DEBUG] yandextank.core.tankcore tankcore.py:253	Preparing <yandextank.plugins.DataUploader.plugin.Plugin object at 0x7fdeb631fb10>
2022-05-21 06:39:32,747 [WARNING] yandextank.plugins.DataUploader.plugin plugin.py:234	Failed to get info about ammo path
2022-05-21 06:39:32,747 [INFO] root plugin.py:523	Using OVERLOAD backend
2022-05-21 06:39:32,748 [DEBUG] yandextank.plugins.DataUploader.plugin plugin.py:618	Trying to read token from token.txt
2022-05-21 06:39:32,749 [INFO] yandextank.plugins.DataUploader.plugin plugin.py:624	Read authentication token from token.txt, token length is 32 bytes
2022-05-21 06:39:32,756 [INFO] yandextank.plugins.DataUploader.client client.py:59	Proxy not set
2022-05-21 06:39:32,756 [INFO] yandextank.plugins.DataUploader.plugin plugin.py:647	Detected target: 0.0.0.0:8080
2022-05-21 06:39:32,760 [DEBUG] yandextank.plugins.DataUploader.client client.py:336	Job create request: {'person': 'root', 'host': '0.0.0.0:8080', 'task': '', 'tank': 'eb5e83203cd5', 'notify': [], 'loadscheme': [], 'detailed_time': None, 'port': '8080'}
2022-05-21 06:39:32,762 [DEBUG] urllib3.connectionpool connectionpool.py:813	Starting new HTTPS connection (1): overload.yandex.net:443
2022-05-21 06:39:33,063 [DEBUG] urllib3.connectionpool connectionpool.py:393	https://overload.yandex.net:443 "POST /api/job/create.json?api_token=4f2a42fb997146a394c06ccf2768f953 HTTP/1.1" 200 None
2022-05-21 06:39:33,066 [INFO] yandextank.plugins.DataUploader.plugin plugin.py:789	Job created: 523519
2022-05-21 06:39:33,068 [DEBUG] yandextank.plugins.DataUploader.client client.py:642	Sending configinitial config
2022-05-21 06:39:33,129 [DEBUG] urllib3.connectionpool connectionpool.py:393	https://overload.yandex.net:443 "POST /api/job/523519/configinitial.txt?api_token=4f2a42fb997146a394c06ccf2768f953 HTTP/1.1" 200 16
2022-05-21 06:39:33,130 [INFO] yandextank.plugins.DataUploader.plugin plugin.py:485	Locking targets: ['0.0.0.0:8080']
2022-05-21 06:39:33,131 [INFO] yandextank.plugins.DataUploader.plugin plugin.py:487	Locked targets: ['0.0.0.0:8080']
2022-05-21 06:39:33,135 [DEBUG] yandextank.common.interfaces interfaces.py:101	Publishing status: Plugin/job_no: 523519
2022-05-21 06:39:33,307 [DEBUG] urllib3.connectionpool connectionpool.py:393	https://overload.yandex.net:443 "POST /api/job/523519/edit.json?api_token=4f2a42fb997146a394c06ccf2768f953 HTTP/1.1" 200 19
2022-05-21 06:39:33,310 [DEBUG] yandextank.core.tankcore tankcore.py:391	Searching for plugin: <class 'yandextank.plugins.Console.plugin.Plugin'>
2022-05-21 06:39:33,311 [DEBUG] yandextank.plugins.DataUploader.client client.py:642	Sending configinitial config
2022-05-21 06:39:33,444 [DEBUG] urllib3.connectionpool connectionpool.py:393	https://overload.yandex.net:443 "POST /api/job/523519/configinitial.txt?api_token=4f2a42fb997146a394c06ccf2768f953 HTTP/1.1" 200 16
2022-05-21 06:39:33,445 [DEBUG] yandextank.plugins.DataUploader.client client.py:642	Sending configinfo config
2022-05-21 06:39:33,537 [DEBUG] urllib3.connectionpool connectionpool.py:393	https://overload.yandex.net:443 "POST /api/job/523519/configinfo.txt?api_token=4f2a42fb997146a394c06ccf2768f953 HTTP/1.1" 200 16
2022-05-21 06:39:33,539 [INFO] yandextank.core.tankcore tankcore.py:259	Starting test...
2022-05-21 06:39:33,544 [INFO] yandextank.aggregator.tank_aggregator tank_aggregator.py:63	using verbose histogram
2022-05-21 06:39:33,546 [DEBUG] yandextank.core.tankcore tankcore.py:263	Starting <yandextank.plugins.Pandora.plugin.Plugin object at 0x7fdeb6314a10>
2022-05-21 06:39:33,547 [INFO] yandextank.plugins.Pandora.plugin plugin.py:183	Starting: ['gun1', '-expvar', '/var/loadtest/logs/2022-05-21_06-39-32.552869/pandora_config_VNYcqg.yaml']
2022-05-21 06:39:33,548 [DEBUG] urllib3.connectionpool connectionpool.py:205	Starting new HTTP connection (1): localhost:1234
2022-05-21 06:39:33,549 [DEBUG] yandextank.plugins.Pandora.reader reader.py:33	Pandora expvar http interface is unavailable
Traceback (most recent call last):
  File "/usr/local/lib/python2.7/dist-packages/yandextank/plugins/Pandora/reader.py", line 24, in run
    pandora_stat = requests.get("http://localhost:1234/debug/vars", timeout=0.9).json()
  File "/usr/local/lib/python2.7/dist-packages/requests/api.py", line 75, in get
    return request('get', url, params=params, **kwargs)
  File "/usr/local/lib/python2.7/dist-packages/requests/api.py", line 60, in request
    return session.request(method=method, url=url, **kwargs)
  File "/usr/local/lib/python2.7/dist-packages/requests/sessions.py", line 533, in request
    resp = self.send(prep, **send_kwargs)
  File "/usr/local/lib/python2.7/dist-packages/requests/sessions.py", line 646, in send
    r = adapter.send(request, **kwargs)
  File "/usr/local/lib/python2.7/dist-packages/requests/adapters.py", line 516, in send
    raise ConnectionError(e, request=request)
ConnectionError: HTTPConnectionPool(host='localhost', port=1234): Max retries exceeded with url: /debug/vars (Caused by NewConnectionError('<urllib3.connection.HTTPConnection object at 0x7fdeb54190d0>: Failed to establish a new connection: [Errno 111] Connection refused',))
2022-05-21 06:39:33,550 [DEBUG] yandextank.core.tankcore tankcore.py:446	Adding artifact file to collect (keep=False): /var/loadtest/logs/2022-05-21_06-39-32.552869/pandora_1c4EBF.log
2022-05-21 06:39:33,677 [DEBUG] yandextank.plugins.Pandora.plugin plugin.py:196	Unable to start Pandora binary. Args: ['gun1', '-expvar', '/var/loadtest/logs/2022-05-21_06-39-32.552869/pandora_config_VNYcqg.yaml']
Traceback (most recent call last):
  File "/usr/local/lib/python2.7/dist-packages/yandextank/plugins/Pandora/plugin.py", line 193, in start_test
    close_fds=True)
  File "/usr/lib/python2.7/subprocess.py", line 711, in __init__
    errread, errwrite)
  File "/usr/lib/python2.7/subprocess.py", line 1343, in _execute_child
    raise child_exception
OSError: [Errno 2] No such file or directory
2022-05-21 06:39:33,677 [ERROR] root consoleworker.py:296	Test interrupted:
<type 'exceptions.RuntimeError'>: Unable to start Pandora binary and/or file does not exist: ['gun1', '-expvar', '/var/loadtest/logs/2022-05-21_06-39-32.552869/pandora_config_VNYcqg.yaml']
<traceback object at 0x7fdeb53d4b90>
2022-05-21 06:39:33,678 [INFO] yandextank.core.tankcore tankcore.py:301	Finishing test...
2022-05-21 06:39:33,678 [INFO] yandextank.core.tankcore tankcore.py:303	Stopping load generator and aggregator
2022-05-21 06:39:33,679 [DEBUG] yandextank.plugins.Pandora.plugin plugin.py:225	Seems subprocess finished OK
2022-05-21 06:39:33,679 [DEBUG] yandextank.aggregator.tank_aggregator tank_aggregator.py:123	Closing stats reader
2022-05-21 06:39:33,750 [DEBUG] yandextank.aggregator.tank_aggregator tank_aggregator.py:126	Waiting for gun drain to finish
2022-05-21 06:39:34,550 [DEBUG] yandextank.aggregator.tank_aggregator tank_aggregator.py:128	Waiting for stats drain to finish
2022-05-21 06:39:34,551 [DEBUG] yandextank.aggregator.tank_aggregator tank_aggregator.py:130	Collecting remaining data
2022-05-21 06:39:34,552 [DEBUG] yandextank.aggregator.tank_aggregator tank_aggregator.py:87	Data timestamps: []
2022-05-21 06:39:34,553 [DEBUG] yandextank.aggregator.tank_aggregator tank_aggregator.py:88	Stats timestamps: []
2022-05-21 06:39:34,554 [DEBUG] yandextank.core.tankcore tankcore.py:305	RC after: 1
2022-05-21 06:39:34,555 [INFO] yandextank.core.tankcore tankcore.py:307	Stopping monitoring
2022-05-21 06:39:34,556 [DEBUG] yandextank.core.tankcore tankcore.py:315	Finalize <yandextank.plugins.JsonReport.plugin.Plugin object at 0x7fdeb631fe90>
2022-05-21 06:39:34,557 [DEBUG] yandextank.core.tankcore tankcore.py:317	RC before: 1
2022-05-21 06:39:34,558 [DEBUG] yandextank.core.tankcore tankcore.py:319	RC after: 1
2022-05-21 06:39:34,559 [DEBUG] yandextank.core.tankcore tankcore.py:315	Finalize <yandextank.plugins.Autostop.plugin.Plugin object at 0x7fdeb6314790>
2022-05-21 06:39:34,559 [DEBUG] yandextank.core.tankcore tankcore.py:317	RC before: 1
2022-05-21 06:39:34,560 [DEBUG] yandextank.core.tankcore tankcore.py:319	RC after: 1
2022-05-21 06:39:34,561 [DEBUG] yandextank.core.tankcore tankcore.py:315	Finalize <yandextank.plugins.ShellExec.plugin.Plugin object at 0x7fdeb63144d0>
2022-05-21 06:39:34,561 [DEBUG] yandextank.core.tankcore tankcore.py:317	RC before: 1
2022-05-21 06:39:34,562 [DEBUG] yandextank.core.tankcore tankcore.py:319	RC after: 1
2022-05-21 06:39:34,562 [DEBUG] yandextank.core.tankcore tankcore.py:315	Finalize <yandextank.plugins.Console.plugin.Plugin object at 0x7fdeb63148d0>
2022-05-21 06:39:34,563 [DEBUG] yandextank.core.tankcore tankcore.py:317	RC before: 1
2022-05-21 06:39:34,563 [DEBUG] yandextank.core.tankcore tankcore.py:319	RC after: 1
2022-05-21 06:39:34,564 [DEBUG] yandextank.core.tankcore tankcore.py:315	Finalize <yandextank.plugins.RCAssert.plugin.Plugin object at 0x7fdeb6314d90>
2022-05-21 06:39:34,564 [DEBUG] yandextank.core.tankcore tankcore.py:317	RC before: 1
2022-05-21 06:39:34,564 [DEBUG] yandextank.core.tankcore tankcore.py:319	RC after: 1
2022-05-21 06:39:34,564 [DEBUG] yandextank.core.tankcore tankcore.py:315	Finalize <yandextank.plugins.ResourceCheck.plugin.Plugin object at 0x7fdeb631f3d0>
2022-05-21 06:39:34,564 [DEBUG] yandextank.core.tankcore tankcore.py:317	RC before: 1
2022-05-21 06:39:34,565 [DEBUG] yandextank.core.tankcore tankcore.py:319	RC after: 1
2022-05-21 06:39:34,565 [DEBUG] yandextank.core.tankcore tankcore.py:315	Finalize <yandextank.plugins.DataUploader.plugin.Plugin object at 0x7fdeb631fb10>
2022-05-21 06:39:34,565 [DEBUG] yandextank.core.tankcore tankcore.py:317	RC before: 1
2022-05-21 06:39:34,565 [DEBUG] yandextank.plugins.DataUploader.client client.py:642	Sending configinitial config
2022-05-21 06:39:34,625 [DEBUG] urllib3.connectionpool connectionpool.py:393	https://overload.yandex.net:443 "POST /api/job/523519/configinitial.txt?api_token=4f2a42fb997146a394c06ccf2768f953 HTTP/1.1" 200 16
2022-05-21 06:39:34,627 [DEBUG] yandextank.plugins.DataUploader.client client.py:642	Sending configinfo config
2022-05-21 06:39:34,731 [DEBUG] urllib3.connectionpool connectionpool.py:393	https://overload.yandex.net:443 "POST /api/job/523519/configinfo.txt?api_token=4f2a42fb997146a394c06ccf2768f953 HTTP/1.1" 200 16
2022-05-21 06:39:34,733 [INFO] yandextank.plugins.DataUploader.plugin plugin.py:478	Unlocking targets: ['0.0.0.0:8080']
2022-05-21 06:39:34,734 [INFO] yandextank.plugins.DataUploader.plugin plugin.py:480	0.0.0.0:8080
2022-05-21 06:39:34,735 [DEBUG] yandextank.core.tankcore tankcore.py:319	RC after: 1
2022-05-21 06:39:34,736 [INFO] yandextank.core.tankcore tankcore.py:330	Post-processing test...
2022-05-21 06:39:34,737 [DEBUG] yandextank.core.tankcore tankcore.py:333	Post-process <yandextank.plugins.Pandora.plugin.Plugin object at 0x7fdeb6314a10>
2022-05-21 06:39:34,737 [DEBUG] yandextank.core.tankcore tankcore.py:335	RC before: 1
2022-05-21 06:39:34,737 [DEBUG] yandextank.core.tankcore tankcore.py:337	RC after: 1
2022-05-21 06:39:34,738 [DEBUG] yandextank.core.tankcore tankcore.py:333	Post-process <yandextank.plugins.JsonReport.plugin.Plugin object at 0x7fdeb631fe90>
2022-05-21 06:39:34,738 [DEBUG] yandextank.core.tankcore tankcore.py:335	RC before: 1
2022-05-21 06:39:34,739 [DEBUG] yandextank.core.tankcore tankcore.py:337	RC after: 1
2022-05-21 06:39:34,739 [DEBUG] yandextank.core.tankcore tankcore.py:333	Post-process <yandextank.plugins.Autostop.plugin.Plugin object at 0x7fdeb6314790>
2022-05-21 06:39:34,739 [DEBUG] yandextank.core.tankcore tankcore.py:335	RC before: 1
2022-05-21 06:39:34,739 [DEBUG] yandextank.core.tankcore tankcore.py:337	RC after: 1
2022-05-21 06:39:34,739 [DEBUG] yandextank.core.tankcore tankcore.py:333	Post-process <yandextank.plugins.ShellExec.plugin.Plugin object at 0x7fdeb63144d0>
2022-05-21 06:39:34,739 [DEBUG] yandextank.core.tankcore tankcore.py:335	RC before: 1
2022-05-21 06:39:34,740 [DEBUG] yandextank.core.tankcore tankcore.py:337	RC after: 1
2022-05-21 06:39:34,740 [DEBUG] yandextank.core.tankcore tankcore.py:333	Post-process <yandextank.plugins.Console.plugin.Plugin object at 0x7fdeb63148d0>
2022-05-21 06:39:34,740 [DEBUG] yandextank.core.tankcore tankcore.py:335	RC before: 1
2022-05-21 06:39:34,740 [DEBUG] yandextank.core.tankcore tankcore.py:337	RC after: 1
2022-05-21 06:39:34,740 [DEBUG] yandextank.core.tankcore tankcore.py:333	Post-process <yandextank.plugins.RCAssert.plugin.Plugin object at 0x7fdeb6314d90>
2022-05-21 06:39:34,741 [DEBUG] yandextank.core.tankcore tankcore.py:335	RC before: 1
2022-05-21 06:39:34,741 [DEBUG] yandextank.core.tankcore tankcore.py:337	RC after: 1
2022-05-21 06:39:34,741 [DEBUG] yandextank.core.tankcore tankcore.py:333	Post-process <yandextank.plugins.ResourceCheck.plugin.Plugin object at 0x7fdeb631f3d0>
2022-05-21 06:39:34,741 [DEBUG] yandextank.core.tankcore tankcore.py:335	RC before: 1
2022-05-21 06:39:34,741 [DEBUG] yandextank.core.tankcore tankcore.py:337	RC after: 1
2022-05-21 06:39:34,741 [DEBUG] yandextank.core.tankcore tankcore.py:333	Post-process <yandextank.plugins.DataUploader.plugin.Plugin object at 0x7fdeb631fb10>
2022-05-21 06:39:34,741 [DEBUG] yandextank.core.tankcore tankcore.py:335	RC before: 1
2022-05-21 06:39:34,742 [INFO] yandextank.plugins.DataUploader.plugin plugin.py:350	Waiting for sender threads to join.
2022-05-21 06:39:34,742 [INFO] yandextank.plugins.DataUploader.plugin plugin.py:357	Web link: None
2022-05-21 06:39:34,742 [DEBUG] yandextank.core.tankcore tankcore.py:391	Searching for plugin: <class 'yandextank.plugins.Autostop.plugin.Plugin'>
2022-05-21 06:39:34,742 [DEBUG] yandextank.plugins.DataUploader.plugin plugin.py:376	No autostop cause detected
2022-05-21 06:39:34,742 [DEBUG] yandextank.plugins.DataUploader.client client.py:642	Sending configinitial config
2022-05-21 06:39:34,803 [DEBUG] urllib3.connectionpool connectionpool.py:393	https://overload.yandex.net:443 "POST /api/job/523519/configinitial.txt?api_token=4f2a42fb997146a394c06ccf2768f953 HTTP/1.1" 200 16
2022-05-21 06:39:34,804 [DEBUG] yandextank.plugins.DataUploader.client client.py:642	Sending configinfo config
2022-05-21 06:39:34,897 [DEBUG] urllib3.connectionpool connectionpool.py:393	https://overload.yandex.net:443 "POST /api/job/523519/configinfo.txt?api_token=4f2a42fb997146a394c06ccf2768f953 HTTP/1.1" 200 16
2022-05-21 06:39:34,898 [DEBUG] yandextank.core.tankcore tankcore.py:337	RC after: 1
2022-05-21 06:39:34,899 [INFO] root consoleworker.py:269	Trying to clean up
2022-05-21 06:39:34,899 [INFO] yandextank.core.tankcore tankcore.py:526	Cleaning up plugin plugin_pandora
2022-05-21 06:39:34,900 [INFO] yandextank.core.tankcore tankcore.py:526	Cleaning up plugin plugin_json_report
2022-05-21 06:39:34,900 [INFO] yandextank.core.tankcore tankcore.py:526	Cleaning up plugin plugin_autostop
2022-05-21 06:39:34,900 [INFO] yandextank.core.tankcore tankcore.py:526	Cleaning up plugin plugin_shellexec
2022-05-21 06:39:34,901 [INFO] yandextank.core.tankcore tankcore.py:526	Cleaning up plugin plugin_console
2022-05-21 06:39:34,901 [INFO] yandextank.core.tankcore tankcore.py:526	Cleaning up plugin plugin_rcassert
2022-05-21 06:39:34,901 [INFO] yandextank.core.tankcore tankcore.py:526	Cleaning up plugin plugin_rcheck
2022-05-21 06:39:34,902 [INFO] yandextank.core.tankcore tankcore.py:526	Cleaning up plugin plugin_overload
2022-05-21 06:39:34,983 [DEBUG] urllib3.connectionpool connectionpool.py:393	https://overload.yandex.net:443 "GET /api/job/523519/close.json?exitcode=1&api_token=4f2a42fb997146a394c06ccf2768f953 HTTP/1.1" 200 16
2022-05-21 06:39:34,984 [INFO] yandextank.plugins.DataUploader.plugin plugin.py:478	Unlocking targets: ['0.0.0.0:8080']
2022-05-21 06:39:34,985 [INFO] yandextank.plugins.DataUploader.plugin plugin.py:480	0.0.0.0:8080
2022-05-21 06:39:34,986 [INFO] yandextank.core.tankcore tankcore.py:561	Releasing lock: /var/lock/lunapark_icjrD6.lock
2022-05-21 06:39:34,989 [DEBUG] yandextank.core.tankcore tankcore.py:367	Collecting artifacts
2022-05-21 06:39:34,990 [INFO] yandextank.core.tankcore tankcore.py:368	Artifacts dir: /var/loadtest/logs/2022-05-21_06-39-32.552869
2022-05-21 06:39:34,990 [DEBUG] yandextank.core.tankcore tankcore.py:422	Collecting file: ./phout.log to /var/loadtest/logs/2022-05-21_06-39-32.552869/phout.log
2022-05-21 06:39:34,993 [WARNING] yandextank.core.tankcore tankcore.py:373	Failed to collect file ./phout.log: [Errno 2] No such file or directory: '/var/loadtest/logs/2022-05-21_06-39-32.552869/phout.log'
2022-05-21 06:39:34,993 [DEBUG] yandextank.core.tankcore tankcore.py:422	Collecting file: /var/loadtest/logs/2022-05-21_06-39-32.552869/pandora_config_VNYcqg.yaml to /var/loadtest/logs/2022-05-21_06-39-32.552869/pandora_config_VNYcqg.yaml
2022-05-21 06:39:34,995 [WARNING] yandextank.core.tankcore tankcore.py:429	File already exists: /var/loadtest/logs/2022-05-21_06-39-32.552869/pandora_config_VNYcqg.yaml
2022-05-21 06:39:34,995 [DEBUG] yandextank.core.tankcore tankcore.py:422	Collecting file: validation_error.yaml to /var/loadtest/logs/2022-05-21_06-39-32.552869/validation_error.yaml
2022-05-21 06:39:34,996 [WARNING] yandextank.core.tankcore tankcore.py:424	File not found to collect: validation_error.yaml
2022-05-21 06:39:34,996 [DEBUG] yandextank.core.tankcore tankcore.py:422	Collecting file: /var/loadtest/logs/2022-05-21_06-39-32.552869/pandora_1c4EBF.log to /var/loadtest/logs/2022-05-21_06-39-32.552869/pandora_1c4EBF.log
2022-05-21 06:39:34,997 [WARNING] yandextank.core.tankcore tankcore.py:429	File already exists: /var/loadtest/logs/2022-05-21_06-39-32.552869/pandora_1c4EBF.log
