2022-05-21 07:13:19,416 [INFO] root consoleworker.py:434	Log file created
2022-05-21 07:13:19,417 [INFO] root consoleworker.py:438	Logging handler <logging.FileHandler object at 0x40191a2c10> added
2022-05-21 07:13:19,418 [INFO] root consoleworker.py:438	Logging handler <logging.StreamHandler object at 0x401916a850> added
2022-05-21 07:13:19,419 [INFO] root consoleworker.py:438	Logging handler <logging.StreamHandler object at 0x401918ea50> added
2022-05-21 07:13:19,421 [INFO] root consoleworker.py:373	Created a folder for the test. /var/loadtest/logs/2022-05-21_07-13-19.249854
2022-05-21 07:13:19,422 [INFO] yandextank.core.tankcore tankcore.py:237	Configuring plugins...
2022-05-21 07:13:19,423 [INFO] yandextank.core.tankcore tankcore.py:190	Loading plugins...
2022-05-21 07:13:19,425 [DEBUG] yandextank.core.tankcore tankcore.py:192	Loading plugin rcheck from yandextank.plugins.ResourceCheck
2022-05-21 07:13:19,426 [DEBUG] yandextank.core.tankcore tankcore.py:192	Loading plugin json_report from yandextank.plugins.JsonReport
2022-05-21 07:13:19,434 [DEBUG] yandextank.core.tankcore tankcore.py:192	Loading plugin overload from yandextank.plugins.DataUploader
2022-05-21 07:13:19,436 [DEBUG] yandextank.core.tankcore tankcore.py:192	Loading plugin rcassert from yandextank.plugins.RCAssert
2022-05-21 07:13:19,437 [DEBUG] yandextank.core.tankcore tankcore.py:192	Loading plugin pandora from yandextank.plugins.Pandora
2022-05-21 07:13:19,438 [DEBUG] yandextank.core.tankcore tankcore.py:192	Loading plugin console from yandextank.plugins.Console
2022-05-21 07:13:19,439 [DEBUG] yandextank.core.tankcore tankcore.py:192	Loading plugin shellexec from yandextank.plugins.ShellExec
2022-05-21 07:13:19,440 [DEBUG] yandextank.core.tankcore tankcore.py:192	Loading plugin autostop from yandextank.plugins.Autostop
2022-05-21 07:13:19,441 [DEBUG] yandextank.core.tankcore tankcore.py:212	Plugin instances: {'plugin_pandora': <yandextank.plugins.Pandora.plugin.Plugin object at 0x4019274790>, 'plugin_json_report': <yandextank.plugins.JsonReport.plugin.Plugin object at 0x401927e7d0>, 'plugin_autostop': <yandextank.plugins.Autostop.plugin.Plugin object at 0x4019274f10>, 'plugin_shellexec': <yandextank.plugins.ShellExec.plugin.Plugin object at 0x4019274b50>, 'plugin_console': <yandextank.plugins.Console.plugin.Plugin object at 0x40192749d0>, 'plugin_rcassert': <yandextank.plugins.RCAssert.plugin.Plugin object at 0x4019274890>, 'plugin_rcheck': <yandextank.plugins.ResourceCheck.plugin.Plugin object at 0x401927ebd0>, 'plugin_overload': <yandextank.plugins.DataUploader.plugin.Plugin object at 0x401927e550>}
2022-05-21 07:13:19,443 [DEBUG] yandextank.core.tankcore tankcore.py:244	Configuring <yandextank.plugins.Pandora.plugin.Plugin object at 0x4019274790>
2022-05-21 07:13:19,446 [INFO] yandextank.plugins.Pandora.plugin plugin.py:68	Found config_file option configuration
2022-05-21 07:13:19,474 [DEBUG] yandextank.core.tankcore tankcore.py:446	Adding artifact file to collect (keep=False): /var/loadtest/logs/2022-05-21_07-13-19.249854/pandora_config_Ymhppf.yaml
2022-05-21 07:13:19,487 [DEBUG] yandextank.plugins.Pandora.plugin plugin.py:74	Config after parsing for patching: {'pools': [{'rps': {'duration': '60s', 'type': 'line', 'from': 1, 'to': 200}, 'result': {'destination': './phout.log', 'type': 'phout'}, 'startup': {'type': 'once', 'times': 10}, 'gun': {'type': 'My_custom_gun_name', 'target': '0.0.0.0:8080'}, 'ammo': {'source': {'path': './json.ammo', 'type': 'file'}, 'type': 'custom_provider'}, 'id': 'HTTP pool'}]}
2022-05-21 07:13:19,488 [INFO] yandextank.plugins.Pandora.plugin plugin.py:153	Found report file in pandora config: ./phout.log
2022-05-21 07:13:19,491 [DEBUG] yandextank.core.tankcore tankcore.py:446	Adding artifact file to collect (keep=False): ./phout.log
2022-05-21 07:13:19,492 [DEBUG] yandextank.core.tankcore tankcore.py:244	Configuring <yandextank.plugins.JsonReport.plugin.Plugin object at 0x401927e7d0>
2022-05-21 07:13:19,493 [DEBUG] yandextank.core.tankcore tankcore.py:391	Searching for plugin: <class 'yandextank.common.interfaces.GeneratorPlugin'>
2022-05-21 07:13:19,501 [DEBUG] yandextank.core.tankcore tankcore.py:244	Configuring <yandextank.plugins.Autostop.plugin.Plugin object at 0x4019274f10>
2022-05-21 07:13:19,504 [DEBUG] yandextank.core.tankcore tankcore.py:244	Configuring <yandextank.plugins.ShellExec.plugin.Plugin object at 0x4019274b50>
2022-05-21 07:13:19,505 [DEBUG] yandextank.core.tankcore tankcore.py:244	Configuring <yandextank.plugins.Console.plugin.Plugin object at 0x40192749d0>
2022-05-21 07:13:19,509 [DEBUG] yandextank.core.tankcore tankcore.py:244	Configuring <yandextank.plugins.RCAssert.plugin.Plugin object at 0x4019274890>
2022-05-21 07:13:19,511 [DEBUG] yandextank.core.tankcore tankcore.py:244	Configuring <yandextank.plugins.ResourceCheck.plugin.Plugin object at 0x401927ebd0>
2022-05-21 07:13:19,514 [DEBUG] yandextank.core.tankcore tankcore.py:244	Configuring <yandextank.plugins.DataUploader.plugin.Plugin object at 0x401927e550>
2022-05-21 07:13:19,516 [INFO] yandextank.core.tankcore tankcore.py:249	Preparing test...
2022-05-21 07:13:19,517 [DEBUG] yandextank.core.tankcore tankcore.py:253	Preparing <yandextank.plugins.Pandora.plugin.Plugin object at 0x4019274790>
2022-05-21 07:13:19,518 [DEBUG] yandextank.core.tankcore tankcore.py:391	Searching for plugin: <class 'yandextank.plugins.Console.plugin.Plugin'>
2022-05-21 07:13:19,520 [DEBUG] yandextank.core.tankcore tankcore.py:253	Preparing <yandextank.plugins.JsonReport.plugin.Plugin object at 0x401927e7d0>
2022-05-21 07:13:19,521 [DEBUG] yandextank.core.tankcore tankcore.py:253	Preparing <yandextank.plugins.Autostop.plugin.Plugin object at 0x4019274f10>
2022-05-21 07:13:19,521 [DEBUG] yandextank.common.interfaces plugin.py:74	Criterion string: http(5xx,10%,5s)
2022-05-21 07:13:19,523 [DEBUG] yandextank.common.interfaces plugin.py:78	Criterion objects: {'http(5xx,10%,5s)': <yandextank.plugins.Autostop.criterions.HTTPCodesCriterion object at 0x4019274e10>}
2022-05-21 07:13:19,524 [DEBUG] yandextank.core.tankcore tankcore.py:391	Searching for plugin: <class 'yandextank.plugins.Console.plugin.Plugin'>
2022-05-21 07:13:19,526 [DEBUG] yandextank.core.tankcore tankcore.py:253	Preparing <yandextank.plugins.ShellExec.plugin.Plugin object at 0x4019274b50>
2022-05-21 07:13:19,529 [DEBUG] yandextank.core.tankcore tankcore.py:253	Preparing <yandextank.plugins.Console.plugin.Plugin object at 0x40192749d0>
2022-05-21 07:13:19,531 [DEBUG] yandextank.core.tankcore tankcore.py:253	Preparing <yandextank.plugins.RCAssert.plugin.Plugin object at 0x4019274890>
2022-05-21 07:13:19,532 [DEBUG] yandextank.core.tankcore tankcore.py:253	Preparing <yandextank.plugins.ResourceCheck.plugin.Plugin object at 0x401927ebd0>
2022-05-21 07:13:19,533 [INFO] yandextank.common.interfaces plugin.py:39	Checking tank resources...
2022-05-21 07:13:19,534 [DEBUG] netort.process process.py:23	Starting: sh -c "df --no-sync -m -P -l -x fuse -x tmpfs -x devtmpfs -x davfs -x nfs /var/loadtest/logs | tail -n 1 | awk '{print \$4}' "
2022-05-21 07:13:20,040 [DEBUG] netort.process process.py:46	Process output:
12738

2022-05-21 07:13:20,041 [DEBUG] netort.process process.py:48	Process exit code: 0
2022-05-21 07:13:20,042 [DEBUG] root plugin.py:58	Result: (0, '12738\n', '')
2022-05-21 07:13:20,043 [DEBUG] yandextank.common.interfaces plugin.py:64	Disk free space: 12738/2048
2022-05-21 07:13:20,046 [DEBUG] yandextank.common.interfaces plugin.py:75	Memory free: 3094/512
2022-05-21 07:13:20,047 [DEBUG] yandextank.core.tankcore tankcore.py:253	Preparing <yandextank.plugins.DataUploader.plugin.Plugin object at 0x401927e550>
2022-05-21 07:13:20,048 [WARNING] yandextank.plugins.DataUploader.plugin plugin.py:234	Failed to get info about ammo path
2022-05-21 07:13:20,050 [INFO] root plugin.py:523	Using OVERLOAD backend
2022-05-21 07:13:20,051 [DEBUG] yandextank.plugins.DataUploader.plugin plugin.py:618	Trying to read token from token.txt
2022-05-21 07:13:20,055 [INFO] yandextank.plugins.DataUploader.plugin plugin.py:624	Read authentication token from token.txt, token length is 32 bytes
2022-05-21 07:13:20,093 [INFO] yandextank.plugins.DataUploader.client client.py:59	Proxy not set
2022-05-21 07:13:20,095 [INFO] yandextank.plugins.DataUploader.plugin plugin.py:647	Detected target: 0.0.0.0:8080
2022-05-21 07:13:20,118 [DEBUG] yandextank.plugins.DataUploader.client client.py:336	Job create request: {'person': 'root', 'host': '0.0.0.0:8080', 'task': '', 'tank': 'd4fe674e2e8e', 'notify': [], 'loadscheme': [], 'detailed_time': None, 'port': '8080'}
2022-05-21 07:13:20,127 [DEBUG] urllib3.connectionpool connectionpool.py:813	Starting new HTTPS connection (1): overload.yandex.net:443
2022-05-21 07:13:20,403 [DEBUG] urllib3.connectionpool connectionpool.py:393	https://overload.yandex.net:443 "POST /api/job/create.json?api_token=4f2a42fb997146a394c06ccf2768f953 HTTP/1.1" 200 None
2022-05-21 07:13:20,424 [INFO] yandextank.plugins.DataUploader.plugin plugin.py:789	Job created: 523530
2022-05-21 07:13:20,432 [DEBUG] yandextank.plugins.DataUploader.client client.py:642	Sending configinitial config
2022-05-21 07:13:20,566 [DEBUG] urllib3.connectionpool connectionpool.py:393	https://overload.yandex.net:443 "POST /api/job/523530/configinitial.txt?api_token=4f2a42fb997146a394c06ccf2768f953 HTTP/1.1" 200 16
2022-05-21 07:13:20,580 [INFO] yandextank.plugins.DataUploader.plugin plugin.py:485	Locking targets: ['0.0.0.0:8080']
2022-05-21 07:13:20,587 [INFO] yandextank.plugins.DataUploader.plugin plugin.py:487	Locked targets: ['0.0.0.0:8080']
2022-05-21 07:13:20,606 [DEBUG] yandextank.common.interfaces interfaces.py:101	Publishing status: Plugin/job_no: 523530
2022-05-21 07:13:20,759 [DEBUG] urllib3.connectionpool connectionpool.py:393	https://overload.yandex.net:443 "POST /api/job/523530/edit.json?api_token=4f2a42fb997146a394c06ccf2768f953 HTTP/1.1" 200 19
2022-05-21 07:13:20,775 [DEBUG] yandextank.core.tankcore tankcore.py:391	Searching for plugin: <class 'yandextank.plugins.Console.plugin.Plugin'>
2022-05-21 07:13:20,782 [DEBUG] yandextank.plugins.DataUploader.client client.py:642	Sending configinitial config
2022-05-21 07:13:20,860 [DEBUG] urllib3.connectionpool connectionpool.py:393	https://overload.yandex.net:443 "POST /api/job/523530/configinitial.txt?api_token=4f2a42fb997146a394c06ccf2768f953 HTTP/1.1" 200 16
2022-05-21 07:13:20,872 [DEBUG] yandextank.plugins.DataUploader.client client.py:642	Sending configinfo config
2022-05-21 07:13:20,990 [DEBUG] urllib3.connectionpool connectionpool.py:393	https://overload.yandex.net:443 "POST /api/job/523530/configinfo.txt?api_token=4f2a42fb997146a394c06ccf2768f953 HTTP/1.1" 200 16
2022-05-21 07:13:21,006 [INFO] yandextank.core.tankcore tankcore.py:259	Starting test...
2022-05-21 07:13:21,018 [INFO] yandextank.aggregator.tank_aggregator tank_aggregator.py:63	using verbose histogram
2022-05-21 07:13:21,048 [DEBUG] yandextank.core.tankcore tankcore.py:263	Starting <yandextank.plugins.Pandora.plugin.Plugin object at 0x4019274790>
2022-05-21 07:13:21,057 [INFO] yandextank.plugins.Pandora.plugin plugin.py:183	Starting: ['./gun12', '-expvar', '/var/loadtest/logs/2022-05-21_07-13-19.249854/pandora_config_Ymhppf.yaml']
2022-05-21 07:13:21,059 [DEBUG] urllib3.connectionpool connectionpool.py:205	Starting new HTTP connection (1): localhost:1234
2022-05-21 07:13:21,069 [DEBUG] yandextank.core.tankcore tankcore.py:446	Adding artifact file to collect (keep=False): /var/loadtest/logs/2022-05-21_07-13-19.249854/pandora_b_q1R9.log
2022-05-21 07:13:21,076 [DEBUG] yandextank.plugins.Pandora.reader reader.py:33	Pandora expvar http interface is unavailable
Traceback (most recent call last):
  File "/usr/local/lib/python2.7/dist-packages/yandextank/plugins/Pandora/reader.py", line 24, in run
    pandora_stat = requests.get("http://localhost:1234/debug/vars", timeout=0.9).json()
  File "/usr/local/lib/python2.7/dist-packages/requests/api.py", line 75, in get
    return request('get', url, params=params, **kwargs)
  File "/usr/local/lib/python2.7/dist-packages/requests/api.py", line 60, in request
    return session.request(method=method, url=url, **kwargs)
  File "/usr/local/lib/python2.7/dist-packages/requests/sessions.py", line 533, in request
    resp = self.send(prep, **send_kwargs)
  File "/usr/local/lib/python2.7/dist-packages/requests/sessions.py", line 646, in send
    r = adapter.send(request, **kwargs)
  File "/usr/local/lib/python2.7/dist-packages/requests/adapters.py", line 516, in send
    raise ConnectionError(e, request=request)
ConnectionError: HTTPConnectionPool(host='localhost', port=1234): Max retries exceeded with url: /debug/vars (Caused by NewConnectionError('<urllib3.connection.HTTPConnection object at 0x40194bcd90>: Failed to establish a new connection: [Errno 111] Connection refused',))
2022-05-21 07:13:21,522 [DEBUG] yandextank.plugins.Pandora.plugin plugin.py:196	Unable to start Pandora binary. Args: ['./gun12', '-expvar', '/var/loadtest/logs/2022-05-21_07-13-19.249854/pandora_config_Ymhppf.yaml']
Traceback (most recent call last):
  File "/usr/local/lib/python2.7/dist-packages/yandextank/plugins/Pandora/plugin.py", line 193, in start_test
    close_fds=True)
  File "/usr/lib/python2.7/subprocess.py", line 711, in __init__
    errread, errwrite)
  File "/usr/lib/python2.7/subprocess.py", line 1343, in _execute_child
    raise child_exception
OSError: [Errno 13] Permission denied
2022-05-21 07:13:21,525 [ERROR] root consoleworker.py:296	Test interrupted:
<type 'exceptions.RuntimeError'>: Unable to start Pandora binary and/or file does not exist: ['./gun12', '-expvar', '/var/loadtest/logs/2022-05-21_07-13-19.249854/pandora_config_Ymhppf.yaml']
<traceback object at 0x403de9d908>
2022-05-21 07:13:21,528 [INFO] yandextank.core.tankcore tankcore.py:301	Finishing test...
2022-05-21 07:13:21,529 [INFO] yandextank.core.tankcore tankcore.py:303	Stopping load generator and aggregator
2022-05-21 07:13:21,530 [DEBUG] yandextank.plugins.Pandora.plugin plugin.py:225	Seems subprocess finished OK
2022-05-21 07:13:21,531 [DEBUG] yandextank.aggregator.tank_aggregator tank_aggregator.py:123	Closing stats reader
2022-05-21 07:13:21,690 [DEBUG] yandextank.aggregator.tank_aggregator tank_aggregator.py:126	Waiting for gun drain to finish
2022-05-21 07:13:22,068 [DEBUG] yandextank.aggregator.tank_aggregator tank_aggregator.py:128	Waiting for stats drain to finish
2022-05-21 07:13:22,073 [DEBUG] yandextank.aggregator.tank_aggregator tank_aggregator.py:130	Collecting remaining data
2022-05-21 07:13:22,079 [DEBUG] yandextank.aggregator.tank_aggregator tank_aggregator.py:87	Data timestamps: []
2022-05-21 07:13:22,083 [DEBUG] yandextank.aggregator.tank_aggregator tank_aggregator.py:88	Stats timestamps: []
2022-05-21 07:13:22,087 [DEBUG] yandextank.core.tankcore tankcore.py:305	RC after: 1
2022-05-21 07:13:22,090 [INFO] yandextank.core.tankcore tankcore.py:307	Stopping monitoring
2022-05-21 07:13:22,093 [DEBUG] yandextank.core.tankcore tankcore.py:315	Finalize <yandextank.plugins.JsonReport.plugin.Plugin object at 0x401927e7d0>
2022-05-21 07:13:22,096 [DEBUG] yandextank.core.tankcore tankcore.py:317	RC before: 1
2022-05-21 07:13:22,099 [DEBUG] yandextank.core.tankcore tankcore.py:319	RC after: 1
2022-05-21 07:13:22,102 [DEBUG] yandextank.core.tankcore tankcore.py:315	Finalize <yandextank.plugins.Autostop.plugin.Plugin object at 0x4019274f10>
2022-05-21 07:13:22,104 [DEBUG] yandextank.core.tankcore tankcore.py:317	RC before: 1
2022-05-21 07:13:22,107 [DEBUG] yandextank.core.tankcore tankcore.py:319	RC after: 1
2022-05-21 07:13:22,110 [DEBUG] yandextank.core.tankcore tankcore.py:315	Finalize <yandextank.plugins.ShellExec.plugin.Plugin object at 0x4019274b50>
2022-05-21 07:13:22,113 [DEBUG] yandextank.core.tankcore tankcore.py:317	RC before: 1
2022-05-21 07:13:22,115 [DEBUG] yandextank.core.tankcore tankcore.py:319	RC after: 1
2022-05-21 07:13:22,117 [DEBUG] yandextank.core.tankcore tankcore.py:315	Finalize <yandextank.plugins.Console.plugin.Plugin object at 0x40192749d0>
2022-05-21 07:13:22,119 [DEBUG] yandextank.core.tankcore tankcore.py:317	RC before: 1
2022-05-21 07:13:22,121 [DEBUG] yandextank.core.tankcore tankcore.py:319	RC after: 1
2022-05-21 07:13:22,122 [DEBUG] yandextank.core.tankcore tankcore.py:315	Finalize <yandextank.plugins.RCAssert.plugin.Plugin object at 0x4019274890>
2022-05-21 07:13:22,125 [DEBUG] yandextank.core.tankcore tankcore.py:317	RC before: 1
2022-05-21 07:13:22,127 [DEBUG] yandextank.core.tankcore tankcore.py:319	RC after: 1
2022-05-21 07:13:22,129 [DEBUG] yandextank.core.tankcore tankcore.py:315	Finalize <yandextank.plugins.ResourceCheck.plugin.Plugin object at 0x401927ebd0>
2022-05-21 07:13:22,130 [DEBUG] yandextank.core.tankcore tankcore.py:317	RC before: 1
2022-05-21 07:13:22,132 [DEBUG] yandextank.core.tankcore tankcore.py:319	RC after: 1
2022-05-21 07:13:22,133 [DEBUG] yandextank.core.tankcore tankcore.py:315	Finalize <yandextank.plugins.DataUploader.plugin.Plugin object at 0x401927e550>
2022-05-21 07:13:22,134 [DEBUG] yandextank.core.tankcore tankcore.py:317	RC before: 1
2022-05-21 07:13:22,136 [DEBUG] yandextank.plugins.DataUploader.client client.py:642	Sending configinitial config
2022-05-21 07:13:22,280 [DEBUG] urllib3.connectionpool connectionpool.py:393	https://overload.yandex.net:443 "POST /api/job/523530/configinitial.txt?api_token=4f2a42fb997146a394c06ccf2768f953 HTTP/1.1" 200 16
2022-05-21 07:13:22,289 [DEBUG] yandextank.plugins.DataUploader.client client.py:642	Sending configinfo config
2022-05-21 07:13:22,452 [DEBUG] urllib3.connectionpool connectionpool.py:393	https://overload.yandex.net:443 "POST /api/job/523530/configinfo.txt?api_token=4f2a42fb997146a394c06ccf2768f953 HTTP/1.1" 200 16
2022-05-21 07:13:22,469 [INFO] yandextank.plugins.DataUploader.plugin plugin.py:478	Unlocking targets: ['0.0.0.0:8080']
2022-05-21 07:13:22,474 [INFO] yandextank.plugins.DataUploader.plugin plugin.py:480	0.0.0.0:8080
2022-05-21 07:13:22,479 [DEBUG] yandextank.core.tankcore tankcore.py:319	RC after: 1
2022-05-21 07:13:22,484 [INFO] yandextank.core.tankcore tankcore.py:330	Post-processing test...
2022-05-21 07:13:22,488 [DEBUG] yandextank.core.tankcore tankcore.py:333	Post-process <yandextank.plugins.Pandora.plugin.Plugin object at 0x4019274790>
2022-05-21 07:13:22,494 [DEBUG] yandextank.core.tankcore tankcore.py:335	RC before: 1
2022-05-21 07:13:22,498 [DEBUG] yandextank.core.tankcore tankcore.py:337	RC after: 1
2022-05-21 07:13:22,501 [DEBUG] yandextank.core.tankcore tankcore.py:333	Post-process <yandextank.plugins.JsonReport.plugin.Plugin object at 0x401927e7d0>
2022-05-21 07:13:22,504 [DEBUG] yandextank.core.tankcore tankcore.py:335	RC before: 1
2022-05-21 07:13:22,507 [DEBUG] yandextank.core.tankcore tankcore.py:337	RC after: 1
2022-05-21 07:13:22,510 [DEBUG] yandextank.core.tankcore tankcore.py:333	Post-process <yandextank.plugins.Autostop.plugin.Plugin object at 0x4019274f10>
2022-05-21 07:13:22,513 [DEBUG] yandextank.core.tankcore tankcore.py:335	RC before: 1
2022-05-21 07:13:22,515 [DEBUG] yandextank.core.tankcore tankcore.py:337	RC after: 1
2022-05-21 07:13:22,517 [DEBUG] yandextank.core.tankcore tankcore.py:333	Post-process <yandextank.plugins.ShellExec.plugin.Plugin object at 0x4019274b50>
2022-05-21 07:13:22,519 [DEBUG] yandextank.core.tankcore tankcore.py:335	RC before: 1
2022-05-21 07:13:22,521 [DEBUG] yandextank.core.tankcore tankcore.py:337	RC after: 1
2022-05-21 07:13:22,522 [DEBUG] yandextank.core.tankcore tankcore.py:333	Post-process <yandextank.plugins.Console.plugin.Plugin object at 0x40192749d0>
2022-05-21 07:13:22,524 [DEBUG] yandextank.core.tankcore tankcore.py:335	RC before: 1
2022-05-21 07:13:22,526 [DEBUG] yandextank.core.tankcore tankcore.py:337	RC after: 1
2022-05-21 07:13:22,527 [DEBUG] yandextank.core.tankcore tankcore.py:333	Post-process <yandextank.plugins.RCAssert.plugin.Plugin object at 0x4019274890>
2022-05-21 07:13:22,529 [DEBUG] yandextank.core.tankcore tankcore.py:335	RC before: 1
2022-05-21 07:13:22,531 [DEBUG] yandextank.core.tankcore tankcore.py:337	RC after: 1
2022-05-21 07:13:22,532 [DEBUG] yandextank.core.tankcore tankcore.py:333	Post-process <yandextank.plugins.ResourceCheck.plugin.Plugin object at 0x401927ebd0>
2022-05-21 07:13:22,533 [DEBUG] yandextank.core.tankcore tankcore.py:335	RC before: 1
2022-05-21 07:13:22,535 [DEBUG] yandextank.core.tankcore tankcore.py:337	RC after: 1
2022-05-21 07:13:22,536 [DEBUG] yandextank.core.tankcore tankcore.py:333	Post-process <yandextank.plugins.DataUploader.plugin.Plugin object at 0x401927e550>
2022-05-21 07:13:22,538 [DEBUG] yandextank.core.tankcore tankcore.py:335	RC before: 1
2022-05-21 07:13:22,539 [INFO] yandextank.plugins.DataUploader.plugin plugin.py:350	Waiting for sender threads to join.
2022-05-21 07:13:22,540 [INFO] yandextank.plugins.DataUploader.plugin plugin.py:357	Web link: None
2022-05-21 07:13:22,542 [DEBUG] yandextank.core.tankcore tankcore.py:391	Searching for plugin: <class 'yandextank.plugins.Autostop.plugin.Plugin'>
2022-05-21 07:13:22,545 [DEBUG] yandextank.plugins.DataUploader.plugin plugin.py:376	No autostop cause detected
2022-05-21 07:13:22,546 [DEBUG] yandextank.plugins.DataUploader.client client.py:642	Sending configinitial config
2022-05-21 07:13:22,607 [DEBUG] urllib3.connectionpool connectionpool.py:393	https://overload.yandex.net:443 "POST /api/job/523530/configinitial.txt?api_token=4f2a42fb997146a394c06ccf2768f953 HTTP/1.1" 200 16
2022-05-21 07:13:22,611 [DEBUG] yandextank.plugins.DataUploader.client client.py:642	Sending configinfo config
2022-05-21 07:13:22,686 [DEBUG] urllib3.connectionpool connectionpool.py:393	https://overload.yandex.net:443 "POST /api/job/523530/configinfo.txt?api_token=4f2a42fb997146a394c06ccf2768f953 HTTP/1.1" 200 16
2022-05-21 07:13:22,691 [DEBUG] yandextank.core.tankcore tankcore.py:337	RC after: 1
2022-05-21 07:13:22,693 [INFO] root consoleworker.py:269	Trying to clean up
2022-05-21 07:13:22,694 [INFO] yandextank.core.tankcore tankcore.py:526	Cleaning up plugin plugin_pandora
2022-05-21 07:13:22,696 [INFO] yandextank.core.tankcore tankcore.py:526	Cleaning up plugin plugin_json_report
2022-05-21 07:13:22,698 [INFO] yandextank.core.tankcore tankcore.py:526	Cleaning up plugin plugin_autostop
2022-05-21 07:13:22,699 [INFO] yandextank.core.tankcore tankcore.py:526	Cleaning up plugin plugin_shellexec
2022-05-21 07:13:22,701 [INFO] yandextank.core.tankcore tankcore.py:526	Cleaning up plugin plugin_console
2022-05-21 07:13:22,702 [INFO] yandextank.core.tankcore tankcore.py:526	Cleaning up plugin plugin_rcassert
2022-05-21 07:13:22,704 [INFO] yandextank.core.tankcore tankcore.py:526	Cleaning up plugin plugin_rcheck
2022-05-21 07:13:22,706 [INFO] yandextank.core.tankcore tankcore.py:526	Cleaning up plugin plugin_overload
2022-05-21 07:13:22,785 [DEBUG] urllib3.connectionpool connectionpool.py:393	https://overload.yandex.net:443 "GET /api/job/523530/close.json?exitcode=1&api_token=4f2a42fb997146a394c06ccf2768f953 HTTP/1.1" 200 16
2022-05-21 07:13:22,789 [INFO] yandextank.plugins.DataUploader.plugin plugin.py:478	Unlocking targets: ['0.0.0.0:8080']
2022-05-21 07:13:22,792 [INFO] yandextank.plugins.DataUploader.plugin plugin.py:480	0.0.0.0:8080
2022-05-21 07:13:22,794 [INFO] yandextank.core.tankcore tankcore.py:561	Releasing lock: /var/lock/lunapark_IAqQBX.lock
2022-05-21 07:13:22,807 [DEBUG] yandextank.core.tankcore tankcore.py:367	Collecting artifacts
2022-05-21 07:13:22,810 [INFO] yandextank.core.tankcore tankcore.py:368	Artifacts dir: /var/loadtest/logs/2022-05-21_07-13-19.249854
2022-05-21 07:13:22,815 [DEBUG] yandextank.core.tankcore tankcore.py:422	Collecting file: ./phout.log to /var/loadtest/logs/2022-05-21_07-13-19.249854/phout.log
2022-05-21 07:13:22,826 [DEBUG] yandextank.core.tankcore tankcore.py:422	Collecting file: /var/loadtest/logs/2022-05-21_07-13-19.249854/pandora_config_Ymhppf.yaml to /var/loadtest/logs/2022-05-21_07-13-19.249854/pandora_config_Ymhppf.yaml
2022-05-21 07:13:22,830 [WARNING] yandextank.core.tankcore tankcore.py:429	File already exists: /var/loadtest/logs/2022-05-21_07-13-19.249854/pandora_config_Ymhppf.yaml
2022-05-21 07:13:22,833 [DEBUG] yandextank.core.tankcore tankcore.py:422	Collecting file: validation_error.yaml to /var/loadtest/logs/2022-05-21_07-13-19.249854/validation_error.yaml
2022-05-21 07:13:22,836 [WARNING] yandextank.core.tankcore tankcore.py:424	File not found to collect: validation_error.yaml
2022-05-21 07:13:22,840 [DEBUG] yandextank.core.tankcore tankcore.py:422	Collecting file: /var/loadtest/logs/2022-05-21_07-13-19.249854/pandora_b_q1R9.log to /var/loadtest/logs/2022-05-21_07-13-19.249854/pandora_b_q1R9.log
2022-05-21 07:13:22,844 [WARNING] yandextank.core.tankcore tankcore.py:429	File already exists: /var/loadtest/logs/2022-05-21_07-13-19.249854/pandora_b_q1R9.log
