2022-05-21 06:04:57,583 [INFO] root consoleworker.py:434	Log file created
2022-05-21 06:04:57,585 [INFO] root consoleworker.py:438	Logging handler <logging.FileHandler object at 0x40191a2c10> added
2022-05-21 06:04:57,586 [INFO] root consoleworker.py:438	Logging handler <logging.StreamHandler object at 0x401916a850> added
2022-05-21 06:04:57,587 [INFO] root consoleworker.py:438	Logging handler <logging.StreamHandler object at 0x401918ea50> added
2022-05-21 06:04:57,588 [INFO] root consoleworker.py:373	Created a folder for the test. /var/loadtest/logs/2022-05-21_06-04-57.393054
2022-05-21 06:04:57,590 [INFO] yandextank.core.tankcore tankcore.py:237	Configuring plugins...
2022-05-21 06:04:57,591 [INFO] yandextank.core.tankcore tankcore.py:190	Loading plugins...
2022-05-21 06:04:57,593 [DEBUG] yandextank.core.tankcore tankcore.py:192	Loading plugin rcheck from yandextank.plugins.ResourceCheck
2022-05-21 06:04:57,594 [DEBUG] yandextank.core.tankcore tankcore.py:192	Loading plugin json_report from yandextank.plugins.JsonReport
2022-05-21 06:04:57,614 [DEBUG] yandextank.core.tankcore tankcore.py:192	Loading plugin overload from yandextank.plugins.DataUploader
2022-05-21 06:04:57,616 [DEBUG] yandextank.core.tankcore tankcore.py:192	Loading plugin rcassert from yandextank.plugins.RCAssert
2022-05-21 06:04:57,625 [DEBUG] yandextank.core.tankcore tankcore.py:192	Loading plugin pandora from yandextank.plugins.Pandora
2022-05-21 06:04:57,626 [DEBUG] yandextank.core.tankcore tankcore.py:192	Loading plugin console from yandextank.plugins.Console
2022-05-21 06:04:57,627 [DEBUG] yandextank.core.tankcore tankcore.py:192	Loading plugin shellexec from yandextank.plugins.ShellExec
2022-05-21 06:04:57,628 [DEBUG] yandextank.core.tankcore tankcore.py:192	Loading plugin autostop from yandextank.plugins.Autostop
2022-05-21 06:04:57,629 [DEBUG] yandextank.core.tankcore tankcore.py:212	Plugin instances: {'plugin_pandora': <yandextank.plugins.Pandora.plugin.Plugin object at 0x4019275890>, 'plugin_json_report': <yandextank.plugins.JsonReport.plugin.Plugin object at 0x401927e590>, 'plugin_autostop': <yandextank.plugins.Autostop.plugin.Plugin object at 0x4019275cd0>, 'plugin_shellexec': <yandextank.plugins.ShellExec.plugin.Plugin object at 0x40192753d0>, 'plugin_console': <yandextank.plugins.Console.plugin.Plugin object at 0x4019275950>, 'plugin_rcassert': <yandextank.plugins.RCAssert.plugin.Plugin object at 0x4019275590>, 'plugin_rcheck': <yandextank.plugins.ResourceCheck.plugin.Plugin object at 0x4019266e90>, 'plugin_overload': <yandextank.plugins.DataUploader.plugin.Plugin object at 0x401927eb50>}
2022-05-21 06:04:57,668 [DEBUG] yandextank.core.tankcore tankcore.py:244	Configuring <yandextank.plugins.Pandora.plugin.Plugin object at 0x4019275890>
2022-05-21 06:04:57,670 [INFO] yandextank.plugins.Pandora.plugin plugin.py:68	Found config_file option configuration
2022-05-21 06:04:57,698 [DEBUG] yandextank.core.tankcore tankcore.py:446	Adding artifact file to collect (keep=False): /var/loadtest/logs/2022-05-21_06-04-57.393054/pandora_config_RuW31t.yaml
2022-05-21 06:04:57,711 [DEBUG] yandextank.plugins.Pandora.plugin plugin.py:74	Config after parsing for patching: {'pools': [{'rps': {'duration': '60s', 'type': 'line', 'from': 1, 'to': 200}, 'result': {'destination': './phout.log', 'type': 'phout'}, 'startup': {'type': 'once', 'times': 10}, 'gun': {'type': 'My_custom_gun_name', 'target': '0.0.0.0:8080'}, 'ammo': {'source': {'path': './json.ammo', 'type': 'file'}, 'type': 'custom_provider'}, 'id': 'HTTP pool'}]}
2022-05-21 06:04:57,713 [INFO] yandextank.plugins.Pandora.plugin plugin.py:153	Found report file in pandora config: ./phout.log
2022-05-21 06:04:57,718 [DEBUG] yandextank.core.tankcore tankcore.py:446	Adding artifact file to collect (keep=False): ./phout.log
2022-05-21 06:04:57,719 [DEBUG] yandextank.core.tankcore tankcore.py:244	Configuring <yandextank.plugins.JsonReport.plugin.Plugin object at 0x401927e590>
2022-05-21 06:04:57,721 [DEBUG] yandextank.core.tankcore tankcore.py:391	Searching for plugin: <class 'yandextank.common.interfaces.GeneratorPlugin'>
2022-05-21 06:04:57,729 [DEBUG] yandextank.core.tankcore tankcore.py:244	Configuring <yandextank.plugins.Autostop.plugin.Plugin object at 0x4019275cd0>
2022-05-21 06:04:57,732 [DEBUG] yandextank.core.tankcore tankcore.py:244	Configuring <yandextank.plugins.ShellExec.plugin.Plugin object at 0x40192753d0>
2022-05-21 06:04:57,734 [DEBUG] yandextank.core.tankcore tankcore.py:244	Configuring <yandextank.plugins.Console.plugin.Plugin object at 0x4019275950>
2022-05-21 06:04:57,737 [DEBUG] yandextank.core.tankcore tankcore.py:244	Configuring <yandextank.plugins.RCAssert.plugin.Plugin object at 0x4019275590>
2022-05-21 06:04:57,739 [DEBUG] yandextank.core.tankcore tankcore.py:244	Configuring <yandextank.plugins.ResourceCheck.plugin.Plugin object at 0x4019266e90>
2022-05-21 06:04:57,741 [DEBUG] yandextank.core.tankcore tankcore.py:244	Configuring <yandextank.plugins.DataUploader.plugin.Plugin object at 0x401927eb50>
2022-05-21 06:04:57,743 [INFO] yandextank.core.tankcore tankcore.py:249	Preparing test...
2022-05-21 06:04:57,745 [DEBUG] yandextank.core.tankcore tankcore.py:253	Preparing <yandextank.plugins.Pandora.plugin.Plugin object at 0x4019275890>
2022-05-21 06:04:57,747 [DEBUG] yandextank.core.tankcore tankcore.py:391	Searching for plugin: <class 'yandextank.plugins.Console.plugin.Plugin'>
2022-05-21 06:04:57,748 [DEBUG] yandextank.core.tankcore tankcore.py:253	Preparing <yandextank.plugins.JsonReport.plugin.Plugin object at 0x401927e590>
2022-05-21 06:04:57,749 [DEBUG] yandextank.core.tankcore tankcore.py:253	Preparing <yandextank.plugins.Autostop.plugin.Plugin object at 0x4019275cd0>
2022-05-21 06:04:57,750 [DEBUG] yandextank.common.interfaces plugin.py:74	Criterion string: http(5xx,10%,5s)
2022-05-21 06:04:57,751 [DEBUG] yandextank.common.interfaces plugin.py:78	Criterion objects: {'http(5xx,10%,5s)': <yandextank.plugins.Autostop.criterions.HTTPCodesCriterion object at 0x4019275f10>}
2022-05-21 06:04:57,753 [DEBUG] yandextank.core.tankcore tankcore.py:391	Searching for plugin: <class 'yandextank.plugins.Console.plugin.Plugin'>
2022-05-21 06:04:57,754 [DEBUG] yandextank.core.tankcore tankcore.py:253	Preparing <yandextank.plugins.ShellExec.plugin.Plugin object at 0x40192753d0>
2022-05-21 06:04:57,755 [DEBUG] yandextank.core.tankcore tankcore.py:253	Preparing <yandextank.plugins.Console.plugin.Plugin object at 0x4019275950>
2022-05-21 06:04:57,756 [DEBUG] yandextank.core.tankcore tankcore.py:253	Preparing <yandextank.plugins.RCAssert.plugin.Plugin object at 0x4019275590>
2022-05-21 06:04:57,758 [DEBUG] yandextank.core.tankcore tankcore.py:253	Preparing <yandextank.plugins.ResourceCheck.plugin.Plugin object at 0x4019266e90>
2022-05-21 06:04:57,759 [INFO] yandextank.common.interfaces plugin.py:39	Checking tank resources...
2022-05-21 06:04:57,760 [DEBUG] netort.process process.py:23	Starting: sh -c "df --no-sync -m -P -l -x fuse -x tmpfs -x devtmpfs -x davfs -x nfs /var/loadtest/logs | tail -n 1 | awk '{print \$4}' "
2022-05-21 06:04:58,363 [DEBUG] netort.process process.py:46	Process output:
11507

2022-05-21 06:04:58,365 [DEBUG] netort.process process.py:48	Process exit code: 0
2022-05-21 06:04:58,371 [DEBUG] root plugin.py:58	Result: (0, '11507\n', '')
2022-05-21 06:04:58,373 [DEBUG] yandextank.common.interfaces plugin.py:64	Disk free space: 11507/2048
2022-05-21 06:04:58,379 [DEBUG] yandextank.common.interfaces plugin.py:75	Memory free: 3093/512
2022-05-21 06:04:58,380 [DEBUG] yandextank.core.tankcore tankcore.py:253	Preparing <yandextank.plugins.DataUploader.plugin.Plugin object at 0x401927eb50>
2022-05-21 06:04:58,384 [WARNING] yandextank.plugins.DataUploader.plugin plugin.py:234	Failed to get info about ammo path
2022-05-21 06:04:58,392 [INFO] root plugin.py:523	Using OVERLOAD backend
2022-05-21 06:04:58,393 [DEBUG] yandextank.plugins.DataUploader.plugin plugin.py:618	Trying to read token from token.txt
2022-05-21 06:04:58,408 [INFO] yandextank.plugins.DataUploader.plugin plugin.py:624	Read authentication token from token.txt, token length is 32 bytes
2022-05-21 06:04:58,450 [INFO] yandextank.plugins.DataUploader.client client.py:59	Proxy not set
2022-05-21 06:04:58,453 [INFO] yandextank.plugins.DataUploader.plugin plugin.py:647	Detected target: 0.0.0.0:8080
2022-05-21 06:04:58,482 [DEBUG] yandextank.plugins.DataUploader.client client.py:336	Job create request: {'person': 'root', 'host': '0.0.0.0:8080', 'task': '', 'tank': '13f1bc787345', 'notify': [], 'loadscheme': [], 'detailed_time': None, 'port': '8080'}
2022-05-21 06:04:58,490 [DEBUG] urllib3.connectionpool connectionpool.py:813	Starting new HTTPS connection (1): overload.yandex.net:443
2022-05-21 06:04:58,831 [DEBUG] urllib3.connectionpool connectionpool.py:393	https://overload.yandex.net:443 "POST /api/job/create.json?api_token=4f2a42fb997146a394c06ccf2768f953 HTTP/1.1" 200 None
2022-05-21 06:04:58,846 [INFO] yandextank.plugins.DataUploader.plugin plugin.py:789	Job created: 523518
2022-05-21 06:04:58,852 [DEBUG] yandextank.plugins.DataUploader.client client.py:642	Sending configinitial config
2022-05-21 06:04:59,006 [DEBUG] urllib3.connectionpool connectionpool.py:393	https://overload.yandex.net:443 "POST /api/job/523518/configinitial.txt?api_token=4f2a42fb997146a394c06ccf2768f953 HTTP/1.1" 200 16
2022-05-21 06:04:59,025 [INFO] yandextank.plugins.DataUploader.plugin plugin.py:485	Locking targets: ['0.0.0.0:8080']
2022-05-21 06:04:59,029 [INFO] yandextank.plugins.DataUploader.plugin plugin.py:487	Locked targets: ['0.0.0.0:8080']
2022-05-21 06:04:59,052 [DEBUG] yandextank.common.interfaces interfaces.py:101	Publishing status: Plugin/job_no: 523518
2022-05-21 06:04:59,199 [DEBUG] urllib3.connectionpool connectionpool.py:393	https://overload.yandex.net:443 "POST /api/job/523518/edit.json?api_token=4f2a42fb997146a394c06ccf2768f953 HTTP/1.1" 200 19
2022-05-21 06:04:59,210 [DEBUG] yandextank.core.tankcore tankcore.py:391	Searching for plugin: <class 'yandextank.plugins.Console.plugin.Plugin'>
2022-05-21 06:04:59,215 [DEBUG] yandextank.plugins.DataUploader.client client.py:642	Sending configinitial config
2022-05-21 06:04:59,295 [DEBUG] urllib3.connectionpool connectionpool.py:393	https://overload.yandex.net:443 "POST /api/job/523518/configinitial.txt?api_token=4f2a42fb997146a394c06ccf2768f953 HTTP/1.1" 200 16
2022-05-21 06:04:59,307 [DEBUG] yandextank.plugins.DataUploader.client client.py:642	Sending configinfo config
2022-05-21 06:04:59,422 [DEBUG] urllib3.connectionpool connectionpool.py:393	https://overload.yandex.net:443 "POST /api/job/523518/configinfo.txt?api_token=4f2a42fb997146a394c06ccf2768f953 HTTP/1.1" 200 16
2022-05-21 06:04:59,438 [INFO] yandextank.core.tankcore tankcore.py:259	Starting test...
2022-05-21 06:04:59,450 [INFO] yandextank.aggregator.tank_aggregator tank_aggregator.py:63	using verbose histogram
2022-05-21 06:04:59,480 [DEBUG] yandextank.core.tankcore tankcore.py:263	Starting <yandextank.plugins.Pandora.plugin.Plugin object at 0x4019275890>
2022-05-21 06:04:59,483 [INFO] yandextank.plugins.Pandora.plugin plugin.py:183	Starting: ['./gun1', '-expvar', '/var/loadtest/logs/2022-05-21_06-04-57.393054/pandora_config_RuW31t.yaml']
2022-05-21 06:04:59,493 [DEBUG] urllib3.connectionpool connectionpool.py:205	Starting new HTTP connection (1): localhost:1234
2022-05-21 06:04:59,499 [DEBUG] yandextank.core.tankcore tankcore.py:446	Adding artifact file to collect (keep=False): /var/loadtest/logs/2022-05-21_06-04-57.393054/pandora_J1acB7.log
2022-05-21 06:04:59,502 [DEBUG] yandextank.plugins.Pandora.reader reader.py:33	Pandora expvar http interface is unavailable
Traceback (most recent call last):
  File "/usr/local/lib/python2.7/dist-packages/yandextank/plugins/Pandora/reader.py", line 24, in run
    pandora_stat = requests.get("http://localhost:1234/debug/vars", timeout=0.9).json()
  File "/usr/local/lib/python2.7/dist-packages/requests/api.py", line 75, in get
    return request('get', url, params=params, **kwargs)
  File "/usr/local/lib/python2.7/dist-packages/requests/api.py", line 60, in request
    return session.request(method=method, url=url, **kwargs)
  File "/usr/local/lib/python2.7/dist-packages/requests/sessions.py", line 533, in request
    resp = self.send(prep, **send_kwargs)
  File "/usr/local/lib/python2.7/dist-packages/requests/sessions.py", line 646, in send
    r = adapter.send(request, **kwargs)
  File "/usr/local/lib/python2.7/dist-packages/requests/adapters.py", line 516, in send
    raise ConnectionError(e, request=request)
ConnectionError: HTTPConnectionPool(host='localhost', port=1234): Max retries exceeded with url: /debug/vars (Caused by NewConnectionError('<urllib3.connection.HTTPConnection object at 0x40194be390>: Failed to establish a new connection: [Errno 111] Connection refused',))
2022-05-21 06:04:59,969 [DEBUG] yandextank.plugins.Pandora.plugin plugin.py:196	Unable to start Pandora binary. Args: ['./gun1', '-expvar', '/var/loadtest/logs/2022-05-21_06-04-57.393054/pandora_config_RuW31t.yaml']
Traceback (most recent call last):
  File "/usr/local/lib/python2.7/dist-packages/yandextank/plugins/Pandora/plugin.py", line 193, in start_test
    close_fds=True)
  File "/usr/lib/python2.7/subprocess.py", line 711, in __init__
    errread, errwrite)
  File "/usr/lib/python2.7/subprocess.py", line 1343, in _execute_child
    raise child_exception
OSError: [Errno 8] Exec format error
2022-05-21 06:04:59,973 [ERROR] root consoleworker.py:296	Test interrupted:
<type 'exceptions.RuntimeError'>: Unable to start Pandora binary and/or file does not exist: ['./gun1', '-expvar', '/var/loadtest/logs/2022-05-21_06-04-57.393054/pandora_config_RuW31t.yaml']
<traceback object at 0x403de9cbd8>
2022-05-21 06:04:59,975 [INFO] yandextank.core.tankcore tankcore.py:301	Finishing test...
2022-05-21 06:04:59,976 [INFO] yandextank.core.tankcore tankcore.py:303	Stopping load generator and aggregator
2022-05-21 06:04:59,978 [DEBUG] yandextank.plugins.Pandora.plugin plugin.py:225	Seems subprocess finished OK
2022-05-21 06:04:59,979 [DEBUG] yandextank.aggregator.tank_aggregator tank_aggregator.py:123	Closing stats reader
2022-05-21 06:05:00,114 [DEBUG] yandextank.aggregator.tank_aggregator tank_aggregator.py:126	Waiting for gun drain to finish
2022-05-21 06:05:00,499 [DEBUG] yandextank.aggregator.tank_aggregator tank_aggregator.py:128	Waiting for stats drain to finish
2022-05-21 06:05:00,505 [DEBUG] yandextank.aggregator.tank_aggregator tank_aggregator.py:130	Collecting remaining data
2022-05-21 06:05:00,509 [DEBUG] yandextank.aggregator.tank_aggregator tank_aggregator.py:87	Data timestamps: []
2022-05-21 06:05:00,515 [DEBUG] yandextank.aggregator.tank_aggregator tank_aggregator.py:88	Stats timestamps: []
2022-05-21 06:05:00,518 [DEBUG] yandextank.core.tankcore tankcore.py:305	RC after: 1
2022-05-21 06:05:00,521 [INFO] yandextank.core.tankcore tankcore.py:307	Stopping monitoring
2022-05-21 06:05:00,523 [DEBUG] yandextank.core.tankcore tankcore.py:315	Finalize <yandextank.plugins.JsonReport.plugin.Plugin object at 0x401927e590>
2022-05-21 06:05:00,525 [DEBUG] yandextank.core.tankcore tankcore.py:317	RC before: 1
2022-05-21 06:05:00,528 [DEBUG] yandextank.core.tankcore tankcore.py:319	RC after: 1
2022-05-21 06:05:00,529 [DEBUG] yandextank.core.tankcore tankcore.py:315	Finalize <yandextank.plugins.Autostop.plugin.Plugin object at 0x4019275cd0>
2022-05-21 06:05:00,531 [DEBUG] yandextank.core.tankcore tankcore.py:317	RC before: 1
2022-05-21 06:05:00,536 [DEBUG] yandextank.core.tankcore tankcore.py:319	RC after: 1
2022-05-21 06:05:00,539 [DEBUG] yandextank.core.tankcore tankcore.py:315	Finalize <yandextank.plugins.ShellExec.plugin.Plugin object at 0x40192753d0>
2022-05-21 06:05:00,541 [DEBUG] yandextank.core.tankcore tankcore.py:317	RC before: 1
2022-05-21 06:05:00,542 [DEBUG] yandextank.core.tankcore tankcore.py:319	RC after: 1
2022-05-21 06:05:00,543 [DEBUG] yandextank.core.tankcore tankcore.py:315	Finalize <yandextank.plugins.Console.plugin.Plugin object at 0x4019275950>
2022-05-21 06:05:00,545 [DEBUG] yandextank.core.tankcore tankcore.py:317	RC before: 1
2022-05-21 06:05:00,548 [DEBUG] yandextank.core.tankcore tankcore.py:319	RC after: 1
2022-05-21 06:05:00,551 [DEBUG] yandextank.core.tankcore tankcore.py:315	Finalize <yandextank.plugins.RCAssert.plugin.Plugin object at 0x4019275590>
2022-05-21 06:05:00,558 [DEBUG] yandextank.core.tankcore tankcore.py:317	RC before: 1
2022-05-21 06:05:00,561 [DEBUG] yandextank.core.tankcore tankcore.py:319	RC after: 1
2022-05-21 06:05:00,564 [DEBUG] yandextank.core.tankcore tankcore.py:315	Finalize <yandextank.plugins.ResourceCheck.plugin.Plugin object at 0x4019266e90>
2022-05-21 06:05:00,570 [DEBUG] yandextank.core.tankcore tankcore.py:317	RC before: 1
2022-05-21 06:05:00,572 [DEBUG] yandextank.core.tankcore tankcore.py:319	RC after: 1
2022-05-21 06:05:00,574 [DEBUG] yandextank.core.tankcore tankcore.py:315	Finalize <yandextank.plugins.DataUploader.plugin.Plugin object at 0x401927eb50>
2022-05-21 06:05:00,575 [DEBUG] yandextank.core.tankcore tankcore.py:317	RC before: 1
2022-05-21 06:05:00,577 [DEBUG] yandextank.plugins.DataUploader.client client.py:642	Sending configinitial config
2022-05-21 06:05:00,732 [DEBUG] urllib3.connectionpool connectionpool.py:393	https://overload.yandex.net:443 "POST /api/job/523518/configinitial.txt?api_token=4f2a42fb997146a394c06ccf2768f953 HTTP/1.1" 200 16
2022-05-21 06:05:00,736 [DEBUG] yandextank.plugins.DataUploader.client client.py:642	Sending configinfo config
2022-05-21 06:05:00,832 [DEBUG] urllib3.connectionpool connectionpool.py:393	https://overload.yandex.net:443 "POST /api/job/523518/configinfo.txt?api_token=4f2a42fb997146a394c06ccf2768f953 HTTP/1.1" 200 16
2022-05-21 06:05:00,841 [INFO] yandextank.plugins.DataUploader.plugin plugin.py:478	Unlocking targets: ['0.0.0.0:8080']
2022-05-21 06:05:00,845 [INFO] yandextank.plugins.DataUploader.plugin plugin.py:480	0.0.0.0:8080
2022-05-21 06:05:00,847 [DEBUG] yandextank.core.tankcore tankcore.py:319	RC after: 1
2022-05-21 06:05:00,853 [INFO] yandextank.core.tankcore tankcore.py:330	Post-processing test...
2022-05-21 06:05:00,855 [DEBUG] yandextank.core.tankcore tankcore.py:333	Post-process <yandextank.plugins.Pandora.plugin.Plugin object at 0x4019275890>
2022-05-21 06:05:00,857 [DEBUG] yandextank.core.tankcore tankcore.py:335	RC before: 1
2022-05-21 06:05:00,859 [DEBUG] yandextank.core.tankcore tankcore.py:337	RC after: 1
2022-05-21 06:05:00,860 [DEBUG] yandextank.core.tankcore tankcore.py:333	Post-process <yandextank.plugins.JsonReport.plugin.Plugin object at 0x401927e590>
2022-05-21 06:05:00,861 [DEBUG] yandextank.core.tankcore tankcore.py:335	RC before: 1
2022-05-21 06:05:00,863 [DEBUG] yandextank.core.tankcore tankcore.py:337	RC after: 1
2022-05-21 06:05:00,865 [DEBUG] yandextank.core.tankcore tankcore.py:333	Post-process <yandextank.plugins.Autostop.plugin.Plugin object at 0x4019275cd0>
2022-05-21 06:05:00,866 [DEBUG] yandextank.core.tankcore tankcore.py:335	RC before: 1
2022-05-21 06:05:00,868 [DEBUG] yandextank.core.tankcore tankcore.py:337	RC after: 1
2022-05-21 06:05:00,870 [DEBUG] yandextank.core.tankcore tankcore.py:333	Post-process <yandextank.plugins.ShellExec.plugin.Plugin object at 0x40192753d0>
2022-05-21 06:05:00,872 [DEBUG] yandextank.core.tankcore tankcore.py:335	RC before: 1
2022-05-21 06:05:00,873 [DEBUG] yandextank.core.tankcore tankcore.py:337	RC after: 1
2022-05-21 06:05:00,874 [DEBUG] yandextank.core.tankcore tankcore.py:333	Post-process <yandextank.plugins.Console.plugin.Plugin object at 0x4019275950>
2022-05-21 06:05:00,875 [DEBUG] yandextank.core.tankcore tankcore.py:335	RC before: 1
2022-05-21 06:05:00,877 [DEBUG] yandextank.core.tankcore tankcore.py:337	RC after: 1
2022-05-21 06:05:00,879 [DEBUG] yandextank.core.tankcore tankcore.py:333	Post-process <yandextank.plugins.RCAssert.plugin.Plugin object at 0x4019275590>
2022-05-21 06:05:00,880 [DEBUG] yandextank.core.tankcore tankcore.py:335	RC before: 1
2022-05-21 06:05:00,882 [DEBUG] yandextank.core.tankcore tankcore.py:337	RC after: 1
2022-05-21 06:05:00,883 [DEBUG] yandextank.core.tankcore tankcore.py:333	Post-process <yandextank.plugins.ResourceCheck.plugin.Plugin object at 0x4019266e90>
2022-05-21 06:05:00,884 [DEBUG] yandextank.core.tankcore tankcore.py:335	RC before: 1
2022-05-21 06:05:00,886 [DEBUG] yandextank.core.tankcore tankcore.py:337	RC after: 1
2022-05-21 06:05:00,887 [DEBUG] yandextank.core.tankcore tankcore.py:333	Post-process <yandextank.plugins.DataUploader.plugin.Plugin object at 0x401927eb50>
2022-05-21 06:05:00,889 [DEBUG] yandextank.core.tankcore tankcore.py:335	RC before: 1
2022-05-21 06:05:00,891 [INFO] yandextank.plugins.DataUploader.plugin plugin.py:350	Waiting for sender threads to join.
2022-05-21 06:05:00,893 [INFO] yandextank.plugins.DataUploader.plugin plugin.py:357	Web link: None
2022-05-21 06:05:00,895 [DEBUG] yandextank.core.tankcore tankcore.py:391	Searching for plugin: <class 'yandextank.plugins.Autostop.plugin.Plugin'>
2022-05-21 06:05:00,898 [DEBUG] yandextank.plugins.DataUploader.plugin plugin.py:376	No autostop cause detected
2022-05-21 06:05:00,899 [DEBUG] yandextank.plugins.DataUploader.client client.py:642	Sending configinitial config
2022-05-21 06:05:00,971 [DEBUG] urllib3.connectionpool connectionpool.py:393	https://overload.yandex.net:443 "POST /api/job/523518/configinitial.txt?api_token=4f2a42fb997146a394c06ccf2768f953 HTTP/1.1" 200 16
2022-05-21 06:05:00,978 [DEBUG] yandextank.plugins.DataUploader.client client.py:642	Sending configinfo config
2022-05-21 06:05:01,126 [DEBUG] urllib3.connectionpool connectionpool.py:393	https://overload.yandex.net:443 "POST /api/job/523518/configinfo.txt?api_token=4f2a42fb997146a394c06ccf2768f953 HTTP/1.1" 200 16
2022-05-21 06:05:01,136 [DEBUG] yandextank.core.tankcore tankcore.py:337	RC after: 1
2022-05-21 06:05:01,139 [INFO] root consoleworker.py:269	Trying to clean up
2022-05-21 06:05:01,143 [INFO] yandextank.core.tankcore tankcore.py:526	Cleaning up plugin plugin_pandora
2022-05-21 06:05:01,146 [INFO] yandextank.core.tankcore tankcore.py:526	Cleaning up plugin plugin_json_report
2022-05-21 06:05:01,149 [INFO] yandextank.core.tankcore tankcore.py:526	Cleaning up plugin plugin_autostop
2022-05-21 06:05:01,152 [INFO] yandextank.core.tankcore tankcore.py:526	Cleaning up plugin plugin_shellexec
2022-05-21 06:05:01,155 [INFO] yandextank.core.tankcore tankcore.py:526	Cleaning up plugin plugin_console
2022-05-21 06:05:01,157 [INFO] yandextank.core.tankcore tankcore.py:526	Cleaning up plugin plugin_rcassert
2022-05-21 06:05:01,159 [INFO] yandextank.core.tankcore tankcore.py:526	Cleaning up plugin plugin_rcheck
2022-05-21 06:05:01,161 [INFO] yandextank.core.tankcore tankcore.py:526	Cleaning up plugin plugin_overload
2022-05-21 06:05:01,297 [DEBUG] urllib3.connectionpool connectionpool.py:393	https://overload.yandex.net:443 "GET /api/job/523518/close.json?exitcode=1&api_token=4f2a42fb997146a394c06ccf2768f953 HTTP/1.1" 200 16
2022-05-21 06:05:01,310 [INFO] yandextank.plugins.DataUploader.plugin plugin.py:478	Unlocking targets: ['0.0.0.0:8080']
2022-05-21 06:05:01,315 [INFO] yandextank.plugins.DataUploader.plugin plugin.py:480	0.0.0.0:8080
2022-05-21 06:05:01,319 [INFO] yandextank.core.tankcore tankcore.py:561	Releasing lock: /var/lock/lunapark_lcRVAJ.lock
2022-05-21 06:05:01,340 [DEBUG] yandextank.core.tankcore tankcore.py:367	Collecting artifacts
2022-05-21 06:05:01,347 [INFO] yandextank.core.tankcore tankcore.py:368	Artifacts dir: /var/loadtest/logs/2022-05-21_06-04-57.393054
2022-05-21 06:05:01,351 [DEBUG] yandextank.core.tankcore tankcore.py:422	Collecting file: ./phout.log to /var/loadtest/logs/2022-05-21_06-04-57.393054/phout.log
2022-05-21 06:05:01,377 [DEBUG] yandextank.core.tankcore tankcore.py:422	Collecting file: /var/loadtest/logs/2022-05-21_06-04-57.393054/pandora_config_RuW31t.yaml to /var/loadtest/logs/2022-05-21_06-04-57.393054/pandora_config_RuW31t.yaml
2022-05-21 06:05:01,385 [WARNING] yandextank.core.tankcore tankcore.py:429	File already exists: /var/loadtest/logs/2022-05-21_06-04-57.393054/pandora_config_RuW31t.yaml
2022-05-21 06:05:01,391 [DEBUG] yandextank.core.tankcore tankcore.py:422	Collecting file: validation_error.yaml to /var/loadtest/logs/2022-05-21_06-04-57.393054/validation_error.yaml
2022-05-21 06:05:01,398 [WARNING] yandextank.core.tankcore tankcore.py:424	File not found to collect: validation_error.yaml
2022-05-21 06:05:01,405 [DEBUG] yandextank.core.tankcore tankcore.py:422	Collecting file: /var/loadtest/logs/2022-05-21_06-04-57.393054/pandora_J1acB7.log to /var/loadtest/logs/2022-05-21_06-04-57.393054/pandora_J1acB7.log
2022-05-21 06:05:01,408 [WARNING] yandextank.core.tankcore tankcore.py:429	File already exists: /var/loadtest/logs/2022-05-21_06-04-57.393054/pandora_J1acB7.log
