2022-05-20 06:42:41,094 [INFO] root consoleworker.py:434	Log file created
2022-05-20 06:42:41,096 [INFO] root consoleworker.py:438	Logging handler <logging.FileHandler object at 0x40192a2c10> added
2022-05-20 06:42:41,097 [INFO] root consoleworker.py:438	Logging handler <logging.StreamHandler object at 0x401926a850> added
2022-05-20 06:42:41,099 [INFO] root consoleworker.py:438	Logging handler <logging.StreamHandler object at 0x401928ea50> added
2022-05-20 06:42:41,103 [INFO] root consoleworker.py:373	Created a folder for the test. /var/loadtest/logs/2022-05-20_06-42-40.766921
2022-05-20 06:42:41,110 [INFO] yandextank.core.tankcore tankcore.py:237	Configuring plugins...
2022-05-20 06:42:41,114 [INFO] yandextank.core.tankcore tankcore.py:190	Loading plugins...
2022-05-20 06:42:41,118 [DEBUG] yandextank.core.tankcore tankcore.py:192	Loading plugin rcheck from yandextank.plugins.ResourceCheck
2022-05-20 06:42:41,122 [DEBUG] yandextank.core.tankcore tankcore.py:192	Loading plugin json_report from yandextank.plugins.JsonReport
2022-05-20 06:42:41,161 [DEBUG] yandextank.core.tankcore tankcore.py:192	Loading plugin overload from yandextank.plugins.DataUploader
2022-05-20 06:42:41,164 [DEBUG] yandextank.core.tankcore tankcore.py:192	Loading plugin rcassert from yandextank.plugins.RCAssert
2022-05-20 06:42:41,166 [DEBUG] yandextank.core.tankcore tankcore.py:192	Loading plugin pandora from yandextank.plugins.Pandora
2022-05-20 06:42:41,168 [DEBUG] yandextank.core.tankcore tankcore.py:192	Loading plugin console from yandextank.plugins.Console
2022-05-20 06:42:41,169 [DEBUG] yandextank.core.tankcore tankcore.py:192	Loading plugin shellexec from yandextank.plugins.ShellExec
2022-05-20 06:42:41,170 [DEBUG] yandextank.core.tankcore tankcore.py:192	Loading plugin autostop from yandextank.plugins.Autostop
2022-05-20 06:42:41,171 [DEBUG] yandextank.core.tankcore tankcore.py:212	Plugin instances: {'plugin_pandora': <yandextank.plugins.Pandora.plugin.Plugin object at 0x4019375890>, 'plugin_json_report': <yandextank.plugins.JsonReport.plugin.Plugin object at 0x401937e590>, 'plugin_autostop': <yandextank.plugins.Autostop.plugin.Plugin object at 0x4019375cd0>, 'plugin_shellexec': <yandextank.plugins.ShellExec.plugin.Plugin object at 0x40193753d0>, 'plugin_console': <yandextank.plugins.Console.plugin.Plugin object at 0x4019375950>, 'plugin_rcassert': <yandextank.plugins.RCAssert.plugin.Plugin object at 0x4019375590>, 'plugin_rcheck': <yandextank.plugins.ResourceCheck.plugin.Plugin object at 0x4019366e90>, 'plugin_overload': <yandextank.plugins.DataUploader.plugin.Plugin object at 0x401937eb50>}
2022-05-20 06:42:41,172 [DEBUG] yandextank.core.tankcore tankcore.py:244	Configuring <yandextank.plugins.Pandora.plugin.Plugin object at 0x4019375890>
2022-05-20 06:42:41,174 [INFO] yandextank.plugins.Pandora.plugin plugin.py:68	Found config_file option configuration
2022-05-20 06:42:41,211 [DEBUG] yandextank.core.tankcore tankcore.py:446	Adding artifact file to collect (keep=False): /var/loadtest/logs/2022-05-20_06-42-40.766921/pandora_config_CQPeEV.yaml
2022-05-20 06:42:41,227 [DEBUG] yandextank.plugins.Pandora.plugin plugin.py:74	Config after parsing for patching: {'pools': [{'rps': {'duration': '60s', 'type': 'line', 'from': 1, 'to': 200}, 'result': {'destination': './phout.log', 'type': 'phout'}, 'startup': {'type': 'once', 'times': 10}, 'gun': {'type': 'My_custom_gun_name', 'target': '0.0.0.0:8080'}, 'ammo': {'source': {'path': './json.ammo', 'type': 'file'}, 'type': 'custom_provider'}, 'id': 'HTTP pool'}]}
2022-05-20 06:42:41,229 [INFO] yandextank.plugins.Pandora.plugin plugin.py:153	Found report file in pandora config: ./phout.log
2022-05-20 06:42:41,237 [DEBUG] yandextank.core.tankcore tankcore.py:446	Adding artifact file to collect (keep=False): ./phout.log
2022-05-20 06:42:41,240 [DEBUG] yandextank.core.tankcore tankcore.py:244	Configuring <yandextank.plugins.JsonReport.plugin.Plugin object at 0x401937e590>
2022-05-20 06:42:41,242 [DEBUG] yandextank.core.tankcore tankcore.py:391	Searching for plugin: <class 'yandextank.common.interfaces.GeneratorPlugin'>
2022-05-20 06:42:41,274 [DEBUG] yandextank.core.tankcore tankcore.py:244	Configuring <yandextank.plugins.Autostop.plugin.Plugin object at 0x4019375cd0>
2022-05-20 06:42:41,278 [DEBUG] yandextank.core.tankcore tankcore.py:244	Configuring <yandextank.plugins.ShellExec.plugin.Plugin object at 0x40193753d0>
2022-05-20 06:42:41,280 [DEBUG] yandextank.core.tankcore tankcore.py:244	Configuring <yandextank.plugins.Console.plugin.Plugin object at 0x4019375950>
2022-05-20 06:42:41,287 [DEBUG] yandextank.core.tankcore tankcore.py:244	Configuring <yandextank.plugins.RCAssert.plugin.Plugin object at 0x4019375590>
2022-05-20 06:42:41,291 [DEBUG] yandextank.core.tankcore tankcore.py:244	Configuring <yandextank.plugins.ResourceCheck.plugin.Plugin object at 0x4019366e90>
2022-05-20 06:42:41,297 [DEBUG] yandextank.core.tankcore tankcore.py:244	Configuring <yandextank.plugins.DataUploader.plugin.Plugin object at 0x401937eb50>
2022-05-20 06:42:41,301 [INFO] yandextank.core.tankcore tankcore.py:249	Preparing test...
2022-05-20 06:42:41,304 [DEBUG] yandextank.core.tankcore tankcore.py:253	Preparing <yandextank.plugins.Pandora.plugin.Plugin object at 0x4019375890>
2022-05-20 06:42:41,309 [DEBUG] yandextank.core.tankcore tankcore.py:391	Searching for plugin: <class 'yandextank.plugins.Console.plugin.Plugin'>
2022-05-20 06:42:41,313 [DEBUG] yandextank.core.tankcore tankcore.py:253	Preparing <yandextank.plugins.JsonReport.plugin.Plugin object at 0x401937e590>
2022-05-20 06:42:41,318 [DEBUG] yandextank.core.tankcore tankcore.py:253	Preparing <yandextank.plugins.Autostop.plugin.Plugin object at 0x4019375cd0>
2022-05-20 06:42:41,320 [DEBUG] yandextank.common.interfaces plugin.py:74	Criterion string: http(5xx,10%,5s)
2022-05-20 06:42:41,323 [DEBUG] yandextank.common.interfaces plugin.py:78	Criterion objects: {'http(5xx,10%,5s)': <yandextank.plugins.Autostop.criterions.HTTPCodesCriterion object at 0x4019375f10>}
2022-05-20 06:42:41,325 [DEBUG] yandextank.core.tankcore tankcore.py:391	Searching for plugin: <class 'yandextank.plugins.Console.plugin.Plugin'>
2022-05-20 06:42:41,329 [DEBUG] yandextank.core.tankcore tankcore.py:253	Preparing <yandextank.plugins.ShellExec.plugin.Plugin object at 0x40193753d0>
2022-05-20 06:42:41,331 [DEBUG] yandextank.core.tankcore tankcore.py:253	Preparing <yandextank.plugins.Console.plugin.Plugin object at 0x4019375950>
2022-05-20 06:42:41,332 [DEBUG] yandextank.core.tankcore tankcore.py:253	Preparing <yandextank.plugins.RCAssert.plugin.Plugin object at 0x4019375590>
2022-05-20 06:42:41,333 [DEBUG] yandextank.core.tankcore tankcore.py:253	Preparing <yandextank.plugins.ResourceCheck.plugin.Plugin object at 0x4019366e90>
2022-05-20 06:42:41,335 [INFO] yandextank.common.interfaces plugin.py:39	Checking tank resources...
2022-05-20 06:42:41,340 [DEBUG] netort.process process.py:23	Starting: sh -c "df --no-sync -m -P -l -x fuse -x tmpfs -x devtmpfs -x davfs -x nfs /var/loadtest/logs | tail -n 1 | awk '{print \$4}' "
2022-05-20 06:42:41,918 [DEBUG] netort.process process.py:46	Process output:
11563

2022-05-20 06:42:41,920 [DEBUG] netort.process process.py:48	Process exit code: 0
2022-05-20 06:42:41,921 [DEBUG] root plugin.py:58	Result: (0, '11563\n', '')
2022-05-20 06:42:41,922 [DEBUG] yandextank.common.interfaces plugin.py:64	Disk free space: 11563/2048
2022-05-20 06:42:41,926 [DEBUG] yandextank.common.interfaces plugin.py:75	Memory free: 3110/512
2022-05-20 06:42:41,927 [DEBUG] yandextank.core.tankcore tankcore.py:253	Preparing <yandextank.plugins.DataUploader.plugin.Plugin object at 0x401937eb50>
2022-05-20 06:42:41,928 [WARNING] yandextank.plugins.DataUploader.plugin plugin.py:234	Failed to get info about ammo path
2022-05-20 06:42:41,930 [INFO] root plugin.py:523	Using OVERLOAD backend
2022-05-20 06:42:41,931 [DEBUG] yandextank.plugins.DataUploader.plugin plugin.py:618	Trying to read token from token.txt
2022-05-20 06:42:41,936 [INFO] yandextank.plugins.DataUploader.plugin plugin.py:624	Read authentication token from token.txt, token length is 32 bytes
2022-05-20 06:42:41,983 [INFO] yandextank.plugins.DataUploader.client client.py:59	Proxy not set
2022-05-20 06:42:41,987 [INFO] yandextank.plugins.DataUploader.plugin plugin.py:647	Detected target: 0.0.0.0:8080
2022-05-20 06:42:42,018 [DEBUG] yandextank.plugins.DataUploader.client client.py:336	Job create request: {'person': 'root', 'host': '0.0.0.0:8080', 'task': '', 'tank': '0c44335f8811', 'notify': [], 'loadscheme': [], 'detailed_time': None, 'port': '8080'}
2022-05-20 06:42:42,030 [DEBUG] urllib3.connectionpool connectionpool.py:813	Starting new HTTPS connection (1): overload.yandex.net:443
2022-05-20 06:42:42,398 [DEBUG] urllib3.connectionpool connectionpool.py:393	https://overload.yandex.net:443 "POST /api/job/create.json?api_token=4f2a42fb997146a394c06ccf2768f953 HTTP/1.1" 200 None
2022-05-20 06:42:42,417 [INFO] yandextank.plugins.DataUploader.plugin plugin.py:789	Job created: 523211
2022-05-20 06:42:42,427 [DEBUG] yandextank.plugins.DataUploader.client client.py:642	Sending configinitial config
2022-05-20 06:42:42,495 [DEBUG] urllib3.connectionpool connectionpool.py:393	https://overload.yandex.net:443 "POST /api/job/523211/configinitial.txt?api_token=4f2a42fb997146a394c06ccf2768f953 HTTP/1.1" 200 16
2022-05-20 06:42:42,504 [INFO] yandextank.plugins.DataUploader.plugin plugin.py:485	Locking targets: ['0.0.0.0:8080']
2022-05-20 06:42:42,507 [INFO] yandextank.plugins.DataUploader.plugin plugin.py:487	Locked targets: ['0.0.0.0:8080']
2022-05-20 06:42:42,519 [DEBUG] yandextank.common.interfaces interfaces.py:101	Publishing status: Plugin/job_no: 523211
2022-05-20 06:42:42,656 [DEBUG] urllib3.connectionpool connectionpool.py:393	https://overload.yandex.net:443 "POST /api/job/523211/edit.json?api_token=4f2a42fb997146a394c06ccf2768f953 HTTP/1.1" 200 19
2022-05-20 06:42:42,661 [DEBUG] yandextank.core.tankcore tankcore.py:391	Searching for plugin: <class 'yandextank.plugins.Console.plugin.Plugin'>
2022-05-20 06:42:42,663 [DEBUG] yandextank.plugins.DataUploader.client client.py:642	Sending configinitial config
2022-05-20 06:42:42,799 [DEBUG] urllib3.connectionpool connectionpool.py:393	https://overload.yandex.net:443 "POST /api/job/523211/configinitial.txt?api_token=4f2a42fb997146a394c06ccf2768f953 HTTP/1.1" 200 16
2022-05-20 06:42:42,816 [DEBUG] yandextank.plugins.DataUploader.client client.py:642	Sending configinfo config
2022-05-20 06:42:42,992 [DEBUG] urllib3.connectionpool connectionpool.py:393	https://overload.yandex.net:443 "POST /api/job/523211/configinfo.txt?api_token=4f2a42fb997146a394c06ccf2768f953 HTTP/1.1" 200 16
2022-05-20 06:42:43,009 [INFO] yandextank.core.tankcore tankcore.py:259	Starting test...
2022-05-20 06:42:43,026 [INFO] yandextank.aggregator.tank_aggregator tank_aggregator.py:63	using verbose histogram
2022-05-20 06:42:43,062 [DEBUG] yandextank.core.tankcore tankcore.py:263	Starting <yandextank.plugins.Pandora.plugin.Plugin object at 0x4019375890>
2022-05-20 06:42:43,066 [INFO] yandextank.plugins.Pandora.plugin plugin.py:183	Starting: ['/Users/nikitaratasnuk/yandex.tank/gun/gun', '-expvar', '/var/loadtest/logs/2022-05-20_06-42-40.766921/pandora_config_CQPeEV.yaml']
2022-05-20 06:42:43,080 [DEBUG] urllib3.connectionpool connectionpool.py:205	Starting new HTTP connection (1): localhost:1234
2022-05-20 06:42:43,084 [DEBUG] yandextank.core.tankcore tankcore.py:446	Adding artifact file to collect (keep=False): /var/loadtest/logs/2022-05-20_06-42-40.766921/pandora_Ddz_dt.log
2022-05-20 06:42:43,108 [DEBUG] yandextank.plugins.Pandora.reader reader.py:33	Pandora expvar http interface is unavailable
Traceback (most recent call last):
  File "/usr/local/lib/python2.7/dist-packages/yandextank/plugins/Pandora/reader.py", line 24, in run
    pandora_stat = requests.get("http://localhost:1234/debug/vars", timeout=0.9).json()
  File "/usr/local/lib/python2.7/dist-packages/requests/api.py", line 75, in get
    return request('get', url, params=params, **kwargs)
  File "/usr/local/lib/python2.7/dist-packages/requests/api.py", line 60, in request
    return session.request(method=method, url=url, **kwargs)
  File "/usr/local/lib/python2.7/dist-packages/requests/sessions.py", line 533, in request
    resp = self.send(prep, **send_kwargs)
  File "/usr/local/lib/python2.7/dist-packages/requests/sessions.py", line 646, in send
    r = adapter.send(request, **kwargs)
  File "/usr/local/lib/python2.7/dist-packages/requests/adapters.py", line 516, in send
    raise ConnectionError(e, request=request)
ConnectionError: HTTPConnectionPool(host='localhost', port=1234): Max retries exceeded with url: /debug/vars (Caused by NewConnectionError('<urllib3.connection.HTTPConnection object at 0x401993d390>: Failed to establish a new connection: [Errno 111] Connection refused',))
2022-05-20 06:42:43,677 [DEBUG] yandextank.plugins.Pandora.plugin plugin.py:196	Unable to start Pandora binary. Args: ['/Users/nikitaratasnuk/yandex.tank/gun/gun', '-expvar', '/var/loadtest/logs/2022-05-20_06-42-40.766921/pandora_config_CQPeEV.yaml']
Traceback (most recent call last):
  File "/usr/local/lib/python2.7/dist-packages/yandextank/plugins/Pandora/plugin.py", line 193, in start_test
    close_fds=True)
  File "/usr/lib/python2.7/subprocess.py", line 711, in __init__
    errread, errwrite)
  File "/usr/lib/python2.7/subprocess.py", line 1343, in _execute_child
    raise child_exception
OSError: [Errno 2] No such file or directory
2022-05-20 06:42:43,697 [ERROR] root consoleworker.py:296	Test interrupted:
<type 'exceptions.RuntimeError'>: Unable to start Pandora binary and/or file does not exist: ['/Users/nikitaratasnuk/yandex.tank/gun/gun', '-expvar', '/var/loadtest/logs/2022-05-20_06-42-40.766921/pandora_config_CQPeEV.yaml']
<traceback object at 0x403e31bb90>
2022-05-20 06:42:43,702 [INFO] yandextank.core.tankcore tankcore.py:301	Finishing test...
2022-05-20 06:42:43,705 [INFO] yandextank.core.tankcore tankcore.py:303	Stopping load generator and aggregator
2022-05-20 06:42:43,718 [DEBUG] yandextank.plugins.Pandora.plugin plugin.py:225	Seems subprocess finished OK
2022-05-20 06:42:43,719 [DEBUG] yandextank.aggregator.tank_aggregator tank_aggregator.py:123	Closing stats reader
2022-05-20 06:42:43,732 [DEBUG] yandextank.aggregator.tank_aggregator tank_aggregator.py:126	Waiting for gun drain to finish
2022-05-20 06:42:44,077 [DEBUG] yandextank.aggregator.tank_aggregator tank_aggregator.py:128	Waiting for stats drain to finish
2022-05-20 06:42:44,081 [DEBUG] yandextank.aggregator.tank_aggregator tank_aggregator.py:130	Collecting remaining data
2022-05-20 06:42:44,098 [DEBUG] yandextank.aggregator.tank_aggregator tank_aggregator.py:87	Data timestamps: []
2022-05-20 06:42:44,099 [DEBUG] yandextank.aggregator.tank_aggregator tank_aggregator.py:88	Stats timestamps: []
2022-05-20 06:42:44,100 [DEBUG] yandextank.core.tankcore tankcore.py:305	RC after: 1
2022-05-20 06:42:44,101 [INFO] yandextank.core.tankcore tankcore.py:307	Stopping monitoring
2022-05-20 06:42:44,102 [DEBUG] yandextank.core.tankcore tankcore.py:315	Finalize <yandextank.plugins.JsonReport.plugin.Plugin object at 0x401937e590>
2022-05-20 06:42:44,104 [DEBUG] yandextank.core.tankcore tankcore.py:317	RC before: 1
2022-05-20 06:42:44,106 [DEBUG] yandextank.core.tankcore tankcore.py:319	RC after: 1
2022-05-20 06:42:44,107 [DEBUG] yandextank.core.tankcore tankcore.py:315	Finalize <yandextank.plugins.Autostop.plugin.Plugin object at 0x4019375cd0>
2022-05-20 06:42:44,109 [DEBUG] yandextank.core.tankcore tankcore.py:317	RC before: 1
2022-05-20 06:42:44,113 [DEBUG] yandextank.core.tankcore tankcore.py:319	RC after: 1
2022-05-20 06:42:44,115 [DEBUG] yandextank.core.tankcore tankcore.py:315	Finalize <yandextank.plugins.ShellExec.plugin.Plugin object at 0x40193753d0>
2022-05-20 06:42:44,117 [DEBUG] yandextank.core.tankcore tankcore.py:317	RC before: 1
2022-05-20 06:42:44,118 [DEBUG] yandextank.core.tankcore tankcore.py:319	RC after: 1
2022-05-20 06:42:44,118 [DEBUG] yandextank.core.tankcore tankcore.py:315	Finalize <yandextank.plugins.Console.plugin.Plugin object at 0x4019375950>
2022-05-20 06:42:44,119 [DEBUG] yandextank.core.tankcore tankcore.py:317	RC before: 1
2022-05-20 06:42:44,120 [DEBUG] yandextank.core.tankcore tankcore.py:319	RC after: 1
2022-05-20 06:42:44,121 [DEBUG] yandextank.core.tankcore tankcore.py:315	Finalize <yandextank.plugins.RCAssert.plugin.Plugin object at 0x4019375590>
2022-05-20 06:42:44,123 [DEBUG] yandextank.core.tankcore tankcore.py:317	RC before: 1
2022-05-20 06:42:44,124 [DEBUG] yandextank.core.tankcore tankcore.py:319	RC after: 1
2022-05-20 06:42:44,125 [DEBUG] yandextank.core.tankcore tankcore.py:315	Finalize <yandextank.plugins.ResourceCheck.plugin.Plugin object at 0x4019366e90>
2022-05-20 06:42:44,127 [DEBUG] yandextank.core.tankcore tankcore.py:317	RC before: 1
2022-05-20 06:42:44,128 [DEBUG] yandextank.core.tankcore tankcore.py:319	RC after: 1
2022-05-20 06:42:44,129 [DEBUG] yandextank.core.tankcore tankcore.py:315	Finalize <yandextank.plugins.DataUploader.plugin.Plugin object at 0x401937eb50>
2022-05-20 06:42:44,130 [DEBUG] yandextank.core.tankcore tankcore.py:317	RC before: 1
2022-05-20 06:42:44,131 [DEBUG] yandextank.plugins.DataUploader.client client.py:642	Sending configinitial config
2022-05-20 06:42:44,271 [DEBUG] urllib3.connectionpool connectionpool.py:393	https://overload.yandex.net:443 "POST /api/job/523211/configinitial.txt?api_token=4f2a42fb997146a394c06ccf2768f953 HTTP/1.1" 200 16
2022-05-20 06:42:44,277 [DEBUG] yandextank.plugins.DataUploader.client client.py:642	Sending configinfo config
2022-05-20 06:42:44,372 [DEBUG] urllib3.connectionpool connectionpool.py:393	https://overload.yandex.net:443 "POST /api/job/523211/configinfo.txt?api_token=4f2a42fb997146a394c06ccf2768f953 HTTP/1.1" 200 16
2022-05-20 06:42:44,382 [INFO] yandextank.plugins.DataUploader.plugin plugin.py:478	Unlocking targets: ['0.0.0.0:8080']
2022-05-20 06:42:44,386 [INFO] yandextank.plugins.DataUploader.plugin plugin.py:480	0.0.0.0:8080
2022-05-20 06:42:44,388 [DEBUG] yandextank.core.tankcore tankcore.py:319	RC after: 1
2022-05-20 06:42:44,391 [INFO] yandextank.core.tankcore tankcore.py:330	Post-processing test...
2022-05-20 06:42:44,394 [DEBUG] yandextank.core.tankcore tankcore.py:333	Post-process <yandextank.plugins.Pandora.plugin.Plugin object at 0x4019375890>
2022-05-20 06:42:44,395 [DEBUG] yandextank.core.tankcore tankcore.py:335	RC before: 1
2022-05-20 06:42:44,399 [DEBUG] yandextank.core.tankcore tankcore.py:337	RC after: 1
2022-05-20 06:42:44,401 [DEBUG] yandextank.core.tankcore tankcore.py:333	Post-process <yandextank.plugins.JsonReport.plugin.Plugin object at 0x401937e590>
2022-05-20 06:42:44,403 [DEBUG] yandextank.core.tankcore tankcore.py:335	RC before: 1
2022-05-20 06:42:44,406 [DEBUG] yandextank.core.tankcore tankcore.py:337	RC after: 1
2022-05-20 06:42:44,409 [DEBUG] yandextank.core.tankcore tankcore.py:333	Post-process <yandextank.plugins.Autostop.plugin.Plugin object at 0x4019375cd0>
2022-05-20 06:42:44,411 [DEBUG] yandextank.core.tankcore tankcore.py:335	RC before: 1
2022-05-20 06:42:44,413 [DEBUG] yandextank.core.tankcore tankcore.py:337	RC after: 1
2022-05-20 06:42:44,415 [DEBUG] yandextank.core.tankcore tankcore.py:333	Post-process <yandextank.plugins.ShellExec.plugin.Plugin object at 0x40193753d0>
2022-05-20 06:42:44,417 [DEBUG] yandextank.core.tankcore tankcore.py:335	RC before: 1
2022-05-20 06:42:44,418 [DEBUG] yandextank.core.tankcore tankcore.py:337	RC after: 1
2022-05-20 06:42:44,419 [DEBUG] yandextank.core.tankcore tankcore.py:333	Post-process <yandextank.plugins.Console.plugin.Plugin object at 0x4019375950>
2022-05-20 06:42:44,420 [DEBUG] yandextank.core.tankcore tankcore.py:335	RC before: 1
2022-05-20 06:42:44,421 [DEBUG] yandextank.core.tankcore tankcore.py:337	RC after: 1
2022-05-20 06:42:44,423 [DEBUG] yandextank.core.tankcore tankcore.py:333	Post-process <yandextank.plugins.RCAssert.plugin.Plugin object at 0x4019375590>
2022-05-20 06:42:44,424 [DEBUG] yandextank.core.tankcore tankcore.py:335	RC before: 1
2022-05-20 06:42:44,426 [DEBUG] yandextank.core.tankcore tankcore.py:337	RC after: 1
2022-05-20 06:42:44,428 [DEBUG] yandextank.core.tankcore tankcore.py:333	Post-process <yandextank.plugins.ResourceCheck.plugin.Plugin object at 0x4019366e90>
2022-05-20 06:42:44,429 [DEBUG] yandextank.core.tankcore tankcore.py:335	RC before: 1
2022-05-20 06:42:44,430 [DEBUG] yandextank.core.tankcore tankcore.py:337	RC after: 1
2022-05-20 06:42:44,431 [DEBUG] yandextank.core.tankcore tankcore.py:333	Post-process <yandextank.plugins.DataUploader.plugin.Plugin object at 0x401937eb50>
2022-05-20 06:42:44,432 [DEBUG] yandextank.core.tankcore tankcore.py:335	RC before: 1
2022-05-20 06:42:44,434 [INFO] yandextank.plugins.DataUploader.plugin plugin.py:350	Waiting for sender threads to join.
2022-05-20 06:42:44,435 [INFO] yandextank.plugins.DataUploader.plugin plugin.py:357	Web link: None
2022-05-20 06:42:44,436 [DEBUG] yandextank.core.tankcore tankcore.py:391	Searching for plugin: <class 'yandextank.plugins.Autostop.plugin.Plugin'>
2022-05-20 06:42:44,438 [DEBUG] yandextank.plugins.DataUploader.plugin plugin.py:376	No autostop cause detected
2022-05-20 06:42:44,439 [DEBUG] yandextank.plugins.DataUploader.client client.py:642	Sending configinitial config
2022-05-20 06:42:44,570 [DEBUG] urllib3.connectionpool connectionpool.py:393	https://overload.yandex.net:443 "POST /api/job/523211/configinitial.txt?api_token=4f2a42fb997146a394c06ccf2768f953 HTTP/1.1" 200 16
2022-05-20 06:42:44,575 [DEBUG] yandextank.plugins.DataUploader.client client.py:642	Sending configinfo config
2022-05-20 06:42:44,652 [DEBUG] urllib3.connectionpool connectionpool.py:393	https://overload.yandex.net:443 "POST /api/job/523211/configinfo.txt?api_token=4f2a42fb997146a394c06ccf2768f953 HTTP/1.1" 200 16
2022-05-20 06:42:44,658 [DEBUG] yandextank.core.tankcore tankcore.py:337	RC after: 1
2022-05-20 06:42:44,660 [INFO] root consoleworker.py:269	Trying to clean up
2022-05-20 06:42:44,663 [INFO] yandextank.core.tankcore tankcore.py:526	Cleaning up plugin plugin_pandora
2022-05-20 06:42:44,667 [INFO] yandextank.core.tankcore tankcore.py:526	Cleaning up plugin plugin_json_report
2022-05-20 06:42:44,670 [INFO] yandextank.core.tankcore tankcore.py:526	Cleaning up plugin plugin_autostop
2022-05-20 06:42:44,674 [INFO] yandextank.core.tankcore tankcore.py:526	Cleaning up plugin plugin_shellexec
2022-05-20 06:42:44,675 [INFO] yandextank.core.tankcore tankcore.py:526	Cleaning up plugin plugin_console
2022-05-20 06:42:44,678 [INFO] yandextank.core.tankcore tankcore.py:526	Cleaning up plugin plugin_rcassert
2022-05-20 06:42:44,683 [INFO] yandextank.core.tankcore tankcore.py:526	Cleaning up plugin plugin_rcheck
2022-05-20 06:42:44,686 [INFO] yandextank.core.tankcore tankcore.py:526	Cleaning up plugin plugin_overload
2022-05-20 06:42:44,816 [DEBUG] urllib3.connectionpool connectionpool.py:393	https://overload.yandex.net:443 "GET /api/job/523211/close.json?exitcode=1&api_token=4f2a42fb997146a394c06ccf2768f953 HTTP/1.1" 200 16
2022-05-20 06:42:44,823 [INFO] yandextank.plugins.DataUploader.plugin plugin.py:478	Unlocking targets: ['0.0.0.0:8080']
2022-05-20 06:42:44,827 [INFO] yandextank.plugins.DataUploader.plugin plugin.py:480	0.0.0.0:8080
2022-05-20 06:42:44,831 [INFO] yandextank.core.tankcore tankcore.py:561	Releasing lock: /var/lock/lunapark_EijWDK.lock
2022-05-20 06:42:44,850 [DEBUG] yandextank.core.tankcore tankcore.py:367	Collecting artifacts
2022-05-20 06:42:44,851 [INFO] yandextank.core.tankcore tankcore.py:368	Artifacts dir: /var/loadtest/logs/2022-05-20_06-42-40.766921
2022-05-20 06:42:44,853 [DEBUG] yandextank.core.tankcore tankcore.py:422	Collecting file: ./phout.log to /var/loadtest/logs/2022-05-20_06-42-40.766921/phout.log
2022-05-20 06:42:44,865 [DEBUG] yandextank.core.tankcore tankcore.py:422	Collecting file: validation_error.yaml to /var/loadtest/logs/2022-05-20_06-42-40.766921/validation_error.yaml
2022-05-20 06:42:44,867 [WARNING] yandextank.core.tankcore tankcore.py:424	File not found to collect: validation_error.yaml
2022-05-20 06:42:44,870 [DEBUG] yandextank.core.tankcore tankcore.py:422	Collecting file: /var/loadtest/logs/2022-05-20_06-42-40.766921/pandora_config_CQPeEV.yaml to /var/loadtest/logs/2022-05-20_06-42-40.766921/pandora_config_CQPeEV.yaml
2022-05-20 06:42:44,872 [WARNING] yandextank.core.tankcore tankcore.py:429	File already exists: /var/loadtest/logs/2022-05-20_06-42-40.766921/pandora_config_CQPeEV.yaml
2022-05-20 06:42:44,877 [DEBUG] yandextank.core.tankcore tankcore.py:422	Collecting file: /var/loadtest/logs/2022-05-20_06-42-40.766921/pandora_Ddz_dt.log to /var/loadtest/logs/2022-05-20_06-42-40.766921/pandora_Ddz_dt.log
2022-05-20 06:42:44,880 [WARNING] yandextank.core.tankcore tankcore.py:429	File already exists: /var/loadtest/logs/2022-05-20_06-42-40.766921/pandora_Ddz_dt.log
