2022-05-21 06:40:46,800 [INFO] root consoleworker.py:434	Log file created
2022-05-21 06:40:46,801 [INFO] root consoleworker.py:438	Logging handler <logging.FileHandler object at 0x7f8a2416ab50> added
2022-05-21 06:40:46,801 [INFO] root consoleworker.py:438	Logging handler <logging.StreamHandler object at 0x7f8a241b2790> added
2022-05-21 06:40:46,801 [INFO] root consoleworker.py:438	Logging handler <logging.StreamHandler object at 0x7f8a24157990> added
2022-05-21 06:40:46,801 [INFO] root consoleworker.py:373	Created a folder for the test. /var/loadtest/logs/2022-05-21_06-40-46.758707
2022-05-21 06:40:46,802 [INFO] yandextank.core.tankcore tankcore.py:237	Configuring plugins...
2022-05-21 06:40:46,802 [INFO] yandextank.core.tankcore tankcore.py:190	Loading plugins...
2022-05-21 06:40:46,802 [DEBUG] yandextank.core.tankcore tankcore.py:192	Loading plugin rcheck from yandextank.plugins.ResourceCheck
2022-05-21 06:40:46,802 [DEBUG] yandextank.core.tankcore tankcore.py:192	Loading plugin json_report from yandextank.plugins.JsonReport
2022-05-21 06:40:46,805 [DEBUG] yandextank.core.tankcore tankcore.py:192	Loading plugin overload from yandextank.plugins.DataUploader
2022-05-21 06:40:46,805 [DEBUG] yandextank.core.tankcore tankcore.py:192	Loading plugin rcassert from yandextank.plugins.RCAssert
2022-05-21 06:40:46,805 [DEBUG] yandextank.core.tankcore tankcore.py:192	Loading plugin pandora from yandextank.plugins.Pandora
2022-05-21 06:40:46,806 [DEBUG] yandextank.core.tankcore tankcore.py:192	Loading plugin console from yandextank.plugins.Console
2022-05-21 06:40:46,806 [DEBUG] yandextank.core.tankcore tankcore.py:192	Loading plugin shellexec from yandextank.plugins.ShellExec
2022-05-21 06:40:46,806 [DEBUG] yandextank.core.tankcore tankcore.py:192	Loading plugin autostop from yandextank.plugins.Autostop
2022-05-21 06:40:46,806 [DEBUG] yandextank.core.tankcore tankcore.py:212	Plugin instances: {'plugin_pandora': <yandextank.plugins.Pandora.plugin.Plugin object at 0x7f8a240bca10>, 'plugin_json_report': <yandextank.plugins.JsonReport.plugin.Plugin object at 0x7f8a240c7e90>, 'plugin_autostop': <yandextank.plugins.Autostop.plugin.Plugin object at 0x7f8a240bc790>, 'plugin_shellexec': <yandextank.plugins.ShellExec.plugin.Plugin object at 0x7f8a240bc4d0>, 'plugin_console': <yandextank.plugins.Console.plugin.Plugin object at 0x7f8a240bc8d0>, 'plugin_rcassert': <yandextank.plugins.RCAssert.plugin.Plugin object at 0x7f8a240bcd90>, 'plugin_rcheck': <yandextank.plugins.ResourceCheck.plugin.Plugin object at 0x7f8a240c73d0>, 'plugin_overload': <yandextank.plugins.DataUploader.plugin.Plugin object at 0x7f8a240c7b10>}
2022-05-21 06:40:46,806 [DEBUG] yandextank.core.tankcore tankcore.py:244	Configuring <yandextank.plugins.Pandora.plugin.Plugin object at 0x7f8a240bca10>
2022-05-21 06:40:46,807 [INFO] yandextank.plugins.Pandora.plugin plugin.py:68	Found config_file option configuration
2022-05-21 06:40:46,813 [DEBUG] yandextank.core.tankcore tankcore.py:446	Adding artifact file to collect (keep=False): /var/loadtest/logs/2022-05-21_06-40-46.758707/pandora_config_GSPyNm.yaml
2022-05-21 06:40:46,816 [DEBUG] yandextank.plugins.Pandora.plugin plugin.py:74	Config after parsing for patching: {'pools': [{'rps': {'duration': '60s', 'type': 'line', 'from': 1, 'to': 200}, 'result': {'destination': './phout.log', 'type': 'phout'}, 'startup': {'type': 'once', 'times': 10}, 'gun': {'type': 'My_custom_gun_name', 'target': '0.0.0.0:8080'}, 'ammo': {'source': {'path': './json.ammo', 'type': 'file'}, 'type': 'custom_provider'}, 'id': 'HTTP pool'}]}
2022-05-21 06:40:46,816 [INFO] yandextank.plugins.Pandora.plugin plugin.py:153	Found report file in pandora config: ./phout.log
2022-05-21 06:40:46,817 [DEBUG] yandextank.core.tankcore tankcore.py:446	Adding artifact file to collect (keep=False): ./phout.log
2022-05-21 06:40:46,818 [DEBUG] yandextank.core.tankcore tankcore.py:244	Configuring <yandextank.plugins.JsonReport.plugin.Plugin object at 0x7f8a240c7e90>
2022-05-21 06:40:46,818 [DEBUG] yandextank.core.tankcore tankcore.py:391	Searching for plugin: <class 'yandextank.common.interfaces.GeneratorPlugin'>
2022-05-21 06:40:46,818 [DEBUG] yandextank.core.tankcore tankcore.py:244	Configuring <yandextank.plugins.Autostop.plugin.Plugin object at 0x7f8a240bc790>
2022-05-21 06:40:46,819 [DEBUG] yandextank.core.tankcore tankcore.py:244	Configuring <yandextank.plugins.ShellExec.plugin.Plugin object at 0x7f8a240bc4d0>
2022-05-21 06:40:46,819 [DEBUG] yandextank.core.tankcore tankcore.py:244	Configuring <yandextank.plugins.Console.plugin.Plugin object at 0x7f8a240bc8d0>
2022-05-21 06:40:46,819 [DEBUG] yandextank.core.tankcore tankcore.py:244	Configuring <yandextank.plugins.RCAssert.plugin.Plugin object at 0x7f8a240bcd90>
2022-05-21 06:40:46,820 [DEBUG] yandextank.core.tankcore tankcore.py:244	Configuring <yandextank.plugins.ResourceCheck.plugin.Plugin object at 0x7f8a240c73d0>
2022-05-21 06:40:46,820 [DEBUG] yandextank.core.tankcore tankcore.py:244	Configuring <yandextank.plugins.DataUploader.plugin.Plugin object at 0x7f8a240c7b10>
2022-05-21 06:40:46,821 [INFO] yandextank.core.tankcore tankcore.py:249	Preparing test...
2022-05-21 06:40:46,821 [DEBUG] yandextank.core.tankcore tankcore.py:253	Preparing <yandextank.plugins.Pandora.plugin.Plugin object at 0x7f8a240bca10>
2022-05-21 06:40:46,821 [DEBUG] yandextank.core.tankcore tankcore.py:391	Searching for plugin: <class 'yandextank.plugins.Console.plugin.Plugin'>
2022-05-21 06:40:46,821 [DEBUG] yandextank.core.tankcore tankcore.py:253	Preparing <yandextank.plugins.JsonReport.plugin.Plugin object at 0x7f8a240c7e90>
2022-05-21 06:40:46,822 [DEBUG] yandextank.core.tankcore tankcore.py:253	Preparing <yandextank.plugins.Autostop.plugin.Plugin object at 0x7f8a240bc790>
2022-05-21 06:40:46,822 [DEBUG] yandextank.common.interfaces plugin.py:74	Criterion string: http(5xx,10%,5s)
2022-05-21 06:40:46,822 [DEBUG] yandextank.common.interfaces plugin.py:78	Criterion objects: {'http(5xx,10%,5s)': <yandextank.plugins.Autostop.criterions.HTTPCodesCriterion object at 0x7f8a240bcad0>}
2022-05-21 06:40:46,822 [DEBUG] yandextank.core.tankcore tankcore.py:391	Searching for plugin: <class 'yandextank.plugins.Console.plugin.Plugin'>
2022-05-21 06:40:46,822 [DEBUG] yandextank.core.tankcore tankcore.py:253	Preparing <yandextank.plugins.ShellExec.plugin.Plugin object at 0x7f8a240bc4d0>
2022-05-21 06:40:46,823 [DEBUG] yandextank.core.tankcore tankcore.py:253	Preparing <yandextank.plugins.Console.plugin.Plugin object at 0x7f8a240bc8d0>
2022-05-21 06:40:46,823 [DEBUG] yandextank.core.tankcore tankcore.py:253	Preparing <yandextank.plugins.RCAssert.plugin.Plugin object at 0x7f8a240bcd90>
2022-05-21 06:40:46,823 [DEBUG] yandextank.core.tankcore tankcore.py:253	Preparing <yandextank.plugins.ResourceCheck.plugin.Plugin object at 0x7f8a240c73d0>
2022-05-21 06:40:46,823 [INFO] yandextank.common.interfaces plugin.py:39	Checking tank resources...
2022-05-21 06:40:46,823 [DEBUG] netort.process process.py:23	Starting: sh -c "df --no-sync -m -P -l -x fuse -x tmpfs -x devtmpfs -x davfs -x nfs /var/loadtest/logs | tail -n 1 | awk '{print \$4}' "
2022-05-21 06:40:46,952 [ERROR] netort.process process.py:43	There were errors:
df: no file systems processed

2022-05-21 06:40:46,954 [DEBUG] netort.process process.py:48	Process exit code: 0
2022-05-21 06:40:46,955 [DEBUG] root plugin.py:58	Result: (0, '', 'df: no file systems processed\n')
2022-05-21 06:40:46,955 [DEBUG] yandextank.common.interfaces plugin.py:60	No disk usage info: df: no file systems processed

2022-05-21 06:40:46,956 [DEBUG] yandextank.common.interfaces plugin.py:75	Memory free: 11169/512
2022-05-21 06:40:46,956 [DEBUG] yandextank.core.tankcore tankcore.py:253	Preparing <yandextank.plugins.DataUploader.plugin.Plugin object at 0x7f8a240c7b10>
2022-05-21 06:40:46,956 [WARNING] yandextank.plugins.DataUploader.plugin plugin.py:234	Failed to get info about ammo path
2022-05-21 06:40:46,957 [INFO] root plugin.py:523	Using OVERLOAD backend
2022-05-21 06:40:46,957 [DEBUG] yandextank.plugins.DataUploader.plugin plugin.py:618	Trying to read token from token.txt
2022-05-21 06:40:46,959 [INFO] yandextank.plugins.DataUploader.plugin plugin.py:624	Read authentication token from token.txt, token length is 32 bytes
2022-05-21 06:40:46,965 [INFO] yandextank.plugins.DataUploader.client client.py:59	Proxy not set
2022-05-21 06:40:46,966 [INFO] yandextank.plugins.DataUploader.plugin plugin.py:647	Detected target: 0.0.0.0:8080
2022-05-21 06:40:46,970 [DEBUG] yandextank.plugins.DataUploader.client client.py:336	Job create request: {'person': 'root', 'host': '0.0.0.0:8080', 'task': '', 'tank': 'f26b93d7df77', 'notify': [], 'loadscheme': [], 'detailed_time': None, 'port': '8080'}
2022-05-21 06:40:46,971 [DEBUG] urllib3.connectionpool connectionpool.py:813	Starting new HTTPS connection (1): overload.yandex.net:443
2022-05-21 06:40:47,145 [DEBUG] urllib3.connectionpool connectionpool.py:393	https://overload.yandex.net:443 "POST /api/job/create.json?api_token=4f2a42fb997146a394c06ccf2768f953 HTTP/1.1" 200 None
2022-05-21 06:40:47,147 [INFO] yandextank.plugins.DataUploader.plugin plugin.py:789	Job created: 523520
2022-05-21 06:40:47,149 [DEBUG] yandextank.plugins.DataUploader.client client.py:642	Sending configinitial config
2022-05-21 06:40:47,218 [DEBUG] urllib3.connectionpool connectionpool.py:393	https://overload.yandex.net:443 "POST /api/job/523520/configinitial.txt?api_token=4f2a42fb997146a394c06ccf2768f953 HTTP/1.1" 200 16
2022-05-21 06:40:47,220 [INFO] yandextank.plugins.DataUploader.plugin plugin.py:485	Locking targets: ['0.0.0.0:8080']
2022-05-21 06:40:47,221 [INFO] yandextank.plugins.DataUploader.plugin plugin.py:487	Locked targets: ['0.0.0.0:8080']
2022-05-21 06:40:47,227 [DEBUG] yandextank.common.interfaces interfaces.py:101	Publishing status: Plugin/job_no: 523520
2022-05-21 06:40:47,331 [DEBUG] urllib3.connectionpool connectionpool.py:393	https://overload.yandex.net:443 "POST /api/job/523520/edit.json?api_token=4f2a42fb997146a394c06ccf2768f953 HTTP/1.1" 200 19
2022-05-21 06:40:47,334 [DEBUG] yandextank.core.tankcore tankcore.py:391	Searching for plugin: <class 'yandextank.plugins.Console.plugin.Plugin'>
2022-05-21 06:40:47,335 [DEBUG] yandextank.plugins.DataUploader.client client.py:642	Sending configinitial config
2022-05-21 06:40:47,397 [DEBUG] urllib3.connectionpool connectionpool.py:393	https://overload.yandex.net:443 "POST /api/job/523520/configinitial.txt?api_token=4f2a42fb997146a394c06ccf2768f953 HTTP/1.1" 200 16
2022-05-21 06:40:47,397 [DEBUG] yandextank.plugins.DataUploader.client client.py:642	Sending configinfo config
2022-05-21 06:40:47,502 [DEBUG] urllib3.connectionpool connectionpool.py:393	https://overload.yandex.net:443 "POST /api/job/523520/configinfo.txt?api_token=4f2a42fb997146a394c06ccf2768f953 HTTP/1.1" 200 16
2022-05-21 06:40:47,503 [INFO] yandextank.core.tankcore tankcore.py:259	Starting test...
2022-05-21 06:40:47,505 [INFO] yandextank.aggregator.tank_aggregator tank_aggregator.py:63	using verbose histogram
2022-05-21 06:40:47,507 [DEBUG] yandextank.core.tankcore tankcore.py:263	Starting <yandextank.plugins.Pandora.plugin.Plugin object at 0x7f8a240bca10>
2022-05-21 06:40:47,508 [INFO] yandextank.plugins.Pandora.plugin plugin.py:183	Starting: ['../gun1', '-expvar', '/var/loadtest/logs/2022-05-21_06-40-46.758707/pandora_config_GSPyNm.yaml']
2022-05-21 06:40:47,509 [DEBUG] urllib3.connectionpool connectionpool.py:205	Starting new HTTP connection (1): localhost:1234
2022-05-21 06:40:47,510 [DEBUG] yandextank.plugins.Pandora.reader reader.py:33	Pandora expvar http interface is unavailable
Traceback (most recent call last):
  File "/usr/local/lib/python2.7/dist-packages/yandextank/plugins/Pandora/reader.py", line 24, in run
    pandora_stat = requests.get("http://localhost:1234/debug/vars", timeout=0.9).json()
  File "/usr/local/lib/python2.7/dist-packages/requests/api.py", line 75, in get
    return request('get', url, params=params, **kwargs)
  File "/usr/local/lib/python2.7/dist-packages/requests/api.py", line 60, in request
    return session.request(method=method, url=url, **kwargs)
  File "/usr/local/lib/python2.7/dist-packages/requests/sessions.py", line 533, in request
    resp = self.send(prep, **send_kwargs)
  File "/usr/local/lib/python2.7/dist-packages/requests/sessions.py", line 646, in send
    r = adapter.send(request, **kwargs)
  File "/usr/local/lib/python2.7/dist-packages/requests/adapters.py", line 516, in send
    raise ConnectionError(e, request=request)
ConnectionError: HTTPConnectionPool(host='localhost', port=1234): Max retries exceeded with url: /debug/vars (Caused by NewConnectionError('<urllib3.connection.HTTPConnection object at 0x7f8a23e7a2d0>: Failed to establish a new connection: [Errno 111] Connection refused',))
2022-05-21 06:40:47,512 [DEBUG] yandextank.core.tankcore tankcore.py:446	Adding artifact file to collect (keep=False): /var/loadtest/logs/2022-05-21_06-40-46.758707/pandora_HqnP1Y.log
2022-05-21 06:40:47,628 [DEBUG] yandextank.plugins.Pandora.plugin plugin.py:196	Unable to start Pandora binary. Args: ['../gun1', '-expvar', '/var/loadtest/logs/2022-05-21_06-40-46.758707/pandora_config_GSPyNm.yaml']
Traceback (most recent call last):
  File "/usr/local/lib/python2.7/dist-packages/yandextank/plugins/Pandora/plugin.py", line 193, in start_test
    close_fds=True)
  File "/usr/lib/python2.7/subprocess.py", line 711, in __init__
    errread, errwrite)
  File "/usr/lib/python2.7/subprocess.py", line 1343, in _execute_child
    raise child_exception
OSError: [Errno 2] No such file or directory
2022-05-21 06:40:47,629 [ERROR] root consoleworker.py:296	Test interrupted:
<type 'exceptions.RuntimeError'>: Unable to start Pandora binary and/or file does not exist: ['../gun1', '-expvar', '/var/loadtest/logs/2022-05-21_06-40-46.758707/pandora_config_GSPyNm.yaml']
<traceback object at 0x7f8a2317cb48>
2022-05-21 06:40:47,630 [INFO] yandextank.core.tankcore tankcore.py:301	Finishing test...
2022-05-21 06:40:47,631 [INFO] yandextank.core.tankcore tankcore.py:303	Stopping load generator and aggregator
2022-05-21 06:40:47,631 [DEBUG] yandextank.plugins.Pandora.plugin plugin.py:225	Seems subprocess finished OK
2022-05-21 06:40:47,632 [DEBUG] yandextank.aggregator.tank_aggregator tank_aggregator.py:123	Closing stats reader
2022-05-21 06:40:47,712 [DEBUG] yandextank.aggregator.tank_aggregator tank_aggregator.py:126	Waiting for gun drain to finish
2022-05-21 06:40:48,510 [DEBUG] yandextank.aggregator.tank_aggregator tank_aggregator.py:128	Waiting for stats drain to finish
2022-05-21 06:40:48,511 [DEBUG] yandextank.aggregator.tank_aggregator tank_aggregator.py:130	Collecting remaining data
2022-05-21 06:40:48,512 [DEBUG] yandextank.aggregator.tank_aggregator tank_aggregator.py:87	Data timestamps: []
2022-05-21 06:40:48,513 [DEBUG] yandextank.aggregator.tank_aggregator tank_aggregator.py:88	Stats timestamps: []
2022-05-21 06:40:48,514 [DEBUG] yandextank.core.tankcore tankcore.py:305	RC after: 1
2022-05-21 06:40:48,515 [INFO] yandextank.core.tankcore tankcore.py:307	Stopping monitoring
2022-05-21 06:40:48,516 [DEBUG] yandextank.core.tankcore tankcore.py:315	Finalize <yandextank.plugins.JsonReport.plugin.Plugin object at 0x7f8a240c7e90>
2022-05-21 06:40:48,517 [DEBUG] yandextank.core.tankcore tankcore.py:317	RC before: 1
2022-05-21 06:40:48,519 [DEBUG] yandextank.core.tankcore tankcore.py:319	RC after: 1
2022-05-21 06:40:48,519 [DEBUG] yandextank.core.tankcore tankcore.py:315	Finalize <yandextank.plugins.Autostop.plugin.Plugin object at 0x7f8a240bc790>
2022-05-21 06:40:48,520 [DEBUG] yandextank.core.tankcore tankcore.py:317	RC before: 1
2022-05-21 06:40:48,520 [DEBUG] yandextank.core.tankcore tankcore.py:319	RC after: 1
2022-05-21 06:40:48,521 [DEBUG] yandextank.core.tankcore tankcore.py:315	Finalize <yandextank.plugins.ShellExec.plugin.Plugin object at 0x7f8a240bc4d0>
2022-05-21 06:40:48,522 [DEBUG] yandextank.core.tankcore tankcore.py:317	RC before: 1
2022-05-21 06:40:48,522 [DEBUG] yandextank.core.tankcore tankcore.py:319	RC after: 1
2022-05-21 06:40:48,522 [DEBUG] yandextank.core.tankcore tankcore.py:315	Finalize <yandextank.plugins.Console.plugin.Plugin object at 0x7f8a240bc8d0>
2022-05-21 06:40:48,523 [DEBUG] yandextank.core.tankcore tankcore.py:317	RC before: 1
2022-05-21 06:40:48,523 [DEBUG] yandextank.core.tankcore tankcore.py:319	RC after: 1
2022-05-21 06:40:48,523 [DEBUG] yandextank.core.tankcore tankcore.py:315	Finalize <yandextank.plugins.RCAssert.plugin.Plugin object at 0x7f8a240bcd90>
2022-05-21 06:40:48,523 [DEBUG] yandextank.core.tankcore tankcore.py:317	RC before: 1
2022-05-21 06:40:48,523 [DEBUG] yandextank.core.tankcore tankcore.py:319	RC after: 1
2022-05-21 06:40:48,523 [DEBUG] yandextank.core.tankcore tankcore.py:315	Finalize <yandextank.plugins.ResourceCheck.plugin.Plugin object at 0x7f8a240c73d0>
2022-05-21 06:40:48,524 [DEBUG] yandextank.core.tankcore tankcore.py:317	RC before: 1
2022-05-21 06:40:48,524 [DEBUG] yandextank.core.tankcore tankcore.py:319	RC after: 1
2022-05-21 06:40:48,524 [DEBUG] yandextank.core.tankcore tankcore.py:315	Finalize <yandextank.plugins.DataUploader.plugin.Plugin object at 0x7f8a240c7b10>
2022-05-21 06:40:48,524 [DEBUG] yandextank.core.tankcore tankcore.py:317	RC before: 1
2022-05-21 06:40:48,524 [DEBUG] yandextank.plugins.DataUploader.client client.py:642	Sending configinitial config
2022-05-21 06:40:48,599 [DEBUG] urllib3.connectionpool connectionpool.py:393	https://overload.yandex.net:443 "POST /api/job/523520/configinitial.txt?api_token=4f2a42fb997146a394c06ccf2768f953 HTTP/1.1" 200 16
2022-05-21 06:40:48,601 [DEBUG] yandextank.plugins.DataUploader.client client.py:642	Sending configinfo config
2022-05-21 06:40:48,671 [DEBUG] urllib3.connectionpool connectionpool.py:393	https://overload.yandex.net:443 "POST /api/job/523520/configinfo.txt?api_token=4f2a42fb997146a394c06ccf2768f953 HTTP/1.1" 200 16
2022-05-21 06:40:48,673 [INFO] yandextank.plugins.DataUploader.plugin plugin.py:478	Unlocking targets: ['0.0.0.0:8080']
2022-05-21 06:40:48,674 [INFO] yandextank.plugins.DataUploader.plugin plugin.py:480	0.0.0.0:8080
2022-05-21 06:40:48,675 [DEBUG] yandextank.core.tankcore tankcore.py:319	RC after: 1
2022-05-21 06:40:48,675 [INFO] yandextank.core.tankcore tankcore.py:330	Post-processing test...
2022-05-21 06:40:48,676 [DEBUG] yandextank.core.tankcore tankcore.py:333	Post-process <yandextank.plugins.Pandora.plugin.Plugin object at 0x7f8a240bca10>
2022-05-21 06:40:48,676 [DEBUG] yandextank.core.tankcore tankcore.py:335	RC before: 1
2022-05-21 06:40:48,676 [DEBUG] yandextank.core.tankcore tankcore.py:337	RC after: 1
2022-05-21 06:40:48,676 [DEBUG] yandextank.core.tankcore tankcore.py:333	Post-process <yandextank.plugins.JsonReport.plugin.Plugin object at 0x7f8a240c7e90>
2022-05-21 06:40:48,676 [DEBUG] yandextank.core.tankcore tankcore.py:335	RC before: 1
2022-05-21 06:40:48,677 [DEBUG] yandextank.core.tankcore tankcore.py:337	RC after: 1
2022-05-21 06:40:48,678 [DEBUG] yandextank.core.tankcore tankcore.py:333	Post-process <yandextank.plugins.Autostop.plugin.Plugin object at 0x7f8a240bc790>
2022-05-21 06:40:48,678 [DEBUG] yandextank.core.tankcore tankcore.py:335	RC before: 1
2022-05-21 06:40:48,678 [DEBUG] yandextank.core.tankcore tankcore.py:337	RC after: 1
2022-05-21 06:40:48,678 [DEBUG] yandextank.core.tankcore tankcore.py:333	Post-process <yandextank.plugins.ShellExec.plugin.Plugin object at 0x7f8a240bc4d0>
2022-05-21 06:40:48,678 [DEBUG] yandextank.core.tankcore tankcore.py:335	RC before: 1
2022-05-21 06:40:48,679 [DEBUG] yandextank.core.tankcore tankcore.py:337	RC after: 1
2022-05-21 06:40:48,679 [DEBUG] yandextank.core.tankcore tankcore.py:333	Post-process <yandextank.plugins.Console.plugin.Plugin object at 0x7f8a240bc8d0>
2022-05-21 06:40:48,679 [DEBUG] yandextank.core.tankcore tankcore.py:335	RC before: 1
2022-05-21 06:40:48,679 [DEBUG] yandextank.core.tankcore tankcore.py:337	RC after: 1
2022-05-21 06:40:48,679 [DEBUG] yandextank.core.tankcore tankcore.py:333	Post-process <yandextank.plugins.RCAssert.plugin.Plugin object at 0x7f8a240bcd90>
2022-05-21 06:40:48,679 [DEBUG] yandextank.core.tankcore tankcore.py:335	RC before: 1
2022-05-21 06:40:48,680 [DEBUG] yandextank.core.tankcore tankcore.py:337	RC after: 1
2022-05-21 06:40:48,680 [DEBUG] yandextank.core.tankcore tankcore.py:333	Post-process <yandextank.plugins.ResourceCheck.plugin.Plugin object at 0x7f8a240c73d0>
2022-05-21 06:40:48,680 [DEBUG] yandextank.core.tankcore tankcore.py:335	RC before: 1
2022-05-21 06:40:48,680 [DEBUG] yandextank.core.tankcore tankcore.py:337	RC after: 1
2022-05-21 06:40:48,680 [DEBUG] yandextank.core.tankcore tankcore.py:333	Post-process <yandextank.plugins.DataUploader.plugin.Plugin object at 0x7f8a240c7b10>
2022-05-21 06:40:48,680 [DEBUG] yandextank.core.tankcore tankcore.py:335	RC before: 1
2022-05-21 06:40:48,680 [INFO] yandextank.plugins.DataUploader.plugin plugin.py:350	Waiting for sender threads to join.
2022-05-21 06:40:48,681 [INFO] yandextank.plugins.DataUploader.plugin plugin.py:357	Web link: None
2022-05-21 06:40:48,681 [DEBUG] yandextank.core.tankcore tankcore.py:391	Searching for plugin: <class 'yandextank.plugins.Autostop.plugin.Plugin'>
2022-05-21 06:40:48,681 [DEBUG] yandextank.plugins.DataUploader.plugin plugin.py:376	No autostop cause detected
2022-05-21 06:40:48,681 [DEBUG] yandextank.plugins.DataUploader.client client.py:642	Sending configinitial config
2022-05-21 06:40:48,754 [DEBUG] urllib3.connectionpool connectionpool.py:393	https://overload.yandex.net:443 "POST /api/job/523520/configinitial.txt?api_token=4f2a42fb997146a394c06ccf2768f953 HTTP/1.1" 200 16
2022-05-21 06:40:48,756 [DEBUG] yandextank.plugins.DataUploader.client client.py:642	Sending configinfo config
2022-05-21 06:40:48,833 [DEBUG] urllib3.connectionpool connectionpool.py:393	https://overload.yandex.net:443 "POST /api/job/523520/configinfo.txt?api_token=4f2a42fb997146a394c06ccf2768f953 HTTP/1.1" 200 16
2022-05-21 06:40:48,835 [DEBUG] yandextank.core.tankcore tankcore.py:337	RC after: 1
2022-05-21 06:40:48,836 [INFO] root consoleworker.py:269	Trying to clean up
2022-05-21 06:40:48,837 [INFO] yandextank.core.tankcore tankcore.py:526	Cleaning up plugin plugin_pandora
2022-05-21 06:40:48,838 [INFO] yandextank.core.tankcore tankcore.py:526	Cleaning up plugin plugin_json_report
2022-05-21 06:40:48,839 [INFO] yandextank.core.tankcore tankcore.py:526	Cleaning up plugin plugin_autostop
2022-05-21 06:40:48,840 [INFO] yandextank.core.tankcore tankcore.py:526	Cleaning up plugin plugin_shellexec
2022-05-21 06:40:48,841 [INFO] yandextank.core.tankcore tankcore.py:526	Cleaning up plugin plugin_console
2022-05-21 06:40:48,842 [INFO] yandextank.core.tankcore tankcore.py:526	Cleaning up plugin plugin_rcassert
2022-05-21 06:40:48,842 [INFO] yandextank.core.tankcore tankcore.py:526	Cleaning up plugin plugin_rcheck
2022-05-21 06:40:48,843 [INFO] yandextank.core.tankcore tankcore.py:526	Cleaning up plugin plugin_overload
2022-05-21 06:40:48,986 [DEBUG] urllib3.connectionpool connectionpool.py:393	https://overload.yandex.net:443 "GET /api/job/523520/close.json?exitcode=1&api_token=4f2a42fb997146a394c06ccf2768f953 HTTP/1.1" 200 16
2022-05-21 06:40:48,988 [INFO] yandextank.plugins.DataUploader.plugin plugin.py:478	Unlocking targets: ['0.0.0.0:8080']
2022-05-21 06:40:48,989 [INFO] yandextank.plugins.DataUploader.plugin plugin.py:480	0.0.0.0:8080
2022-05-21 06:40:48,990 [INFO] yandextank.core.tankcore tankcore.py:561	Releasing lock: /var/lock/lunapark_Mkn17a.lock
2022-05-21 06:40:48,994 [DEBUG] yandextank.core.tankcore tankcore.py:367	Collecting artifacts
2022-05-21 06:40:48,994 [INFO] yandextank.core.tankcore tankcore.py:368	Artifacts dir: /var/loadtest/logs/2022-05-21_06-40-46.758707
2022-05-21 06:40:48,994 [DEBUG] yandextank.core.tankcore tankcore.py:422	Collecting file: ./phout.log to /var/loadtest/logs/2022-05-21_06-40-46.758707/phout.log
2022-05-21 06:40:48,997 [WARNING] yandextank.core.tankcore tankcore.py:373	Failed to collect file ./phout.log: [Errno 2] No such file or directory: '/var/loadtest/logs/2022-05-21_06-40-46.758707/phout.log'
2022-05-21 06:40:48,997 [DEBUG] yandextank.core.tankcore tankcore.py:422	Collecting file: /var/loadtest/logs/2022-05-21_06-40-46.758707/pandora_config_GSPyNm.yaml to /var/loadtest/logs/2022-05-21_06-40-46.758707/pandora_config_GSPyNm.yaml
2022-05-21 06:40:48,998 [WARNING] yandextank.core.tankcore tankcore.py:429	File already exists: /var/loadtest/logs/2022-05-21_06-40-46.758707/pandora_config_GSPyNm.yaml
2022-05-21 06:40:48,998 [DEBUG] yandextank.core.tankcore tankcore.py:422	Collecting file: validation_error.yaml to /var/loadtest/logs/2022-05-21_06-40-46.758707/validation_error.yaml
2022-05-21 06:40:48,999 [WARNING] yandextank.core.tankcore tankcore.py:424	File not found to collect: validation_error.yaml
2022-05-21 06:40:48,999 [DEBUG] yandextank.core.tankcore tankcore.py:422	Collecting file: /var/loadtest/logs/2022-05-21_06-40-46.758707/pandora_HqnP1Y.log to /var/loadtest/logs/2022-05-21_06-40-46.758707/pandora_HqnP1Y.log
2022-05-21 06:40:49,000 [WARNING] yandextank.core.tankcore tankcore.py:429	File already exists: /var/loadtest/logs/2022-05-21_06-40-46.758707/pandora_HqnP1Y.log
