2022-05-20 18:31:08,299 [INFO] root consoleworker.py:434	Log file created
2022-05-20 18:31:08,303 [INFO] root consoleworker.py:438	Logging handler <logging.FileHandler object at 0x40191a2c10> added
2022-05-20 18:31:08,306 [INFO] root consoleworker.py:438	Logging handler <logging.StreamHandler object at 0x401916a850> added
2022-05-20 18:31:08,310 [INFO] root consoleworker.py:438	Logging handler <logging.StreamHandler object at 0x401918ea50> added
2022-05-20 18:31:08,319 [INFO] root consoleworker.py:373	Created a folder for the test. /var/loadtest/logs/2022-05-20_18-31-08.110339
2022-05-20 18:31:08,323 [INFO] yandextank.core.tankcore tankcore.py:237	Configuring plugins...
2022-05-20 18:31:08,329 [INFO] yandextank.core.tankcore tankcore.py:190	Loading plugins...
2022-05-20 18:31:08,334 [DEBUG] yandextank.core.tankcore tankcore.py:192	Loading plugin rcheck from yandextank.plugins.ResourceCheck
2022-05-20 18:31:08,338 [DEBUG] yandextank.core.tankcore tankcore.py:192	Loading plugin json_report from yandextank.plugins.JsonReport
2022-05-20 18:31:08,351 [DEBUG] yandextank.core.tankcore tankcore.py:192	Loading plugin overload from yandextank.plugins.DataUploader
2022-05-20 18:31:08,353 [DEBUG] yandextank.core.tankcore tankcore.py:192	Loading plugin rcassert from yandextank.plugins.RCAssert
2022-05-20 18:31:08,354 [DEBUG] yandextank.core.tankcore tankcore.py:192	Loading plugin pandora from yandextank.plugins.Pandora
2022-05-20 18:31:08,356 [DEBUG] yandextank.core.tankcore tankcore.py:192	Loading plugin console from yandextank.plugins.Console
2022-05-20 18:31:08,358 [DEBUG] yandextank.core.tankcore tankcore.py:192	Loading plugin shellexec from yandextank.plugins.ShellExec
2022-05-20 18:31:08,359 [DEBUG] yandextank.core.tankcore tankcore.py:192	Loading plugin autostop from yandextank.plugins.Autostop
2022-05-20 18:31:08,360 [DEBUG] yandextank.core.tankcore tankcore.py:212	Plugin instances: {'plugin_pandora': <yandextank.plugins.Pandora.plugin.Plugin object at 0x4019275890>, 'plugin_json_report': <yandextank.plugins.JsonReport.plugin.Plugin object at 0x401927e590>, 'plugin_autostop': <yandextank.plugins.Autostop.plugin.Plugin object at 0x4019275cd0>, 'plugin_shellexec': <yandextank.plugins.ShellExec.plugin.Plugin object at 0x40192753d0>, 'plugin_console': <yandextank.plugins.Console.plugin.Plugin object at 0x4019275950>, 'plugin_rcassert': <yandextank.plugins.RCAssert.plugin.Plugin object at 0x4019275590>, 'plugin_rcheck': <yandextank.plugins.ResourceCheck.plugin.Plugin object at 0x4019266e90>, 'plugin_overload': <yandextank.plugins.DataUploader.plugin.Plugin object at 0x401927eb50>}
2022-05-20 18:31:08,362 [DEBUG] yandextank.core.tankcore tankcore.py:244	Configuring <yandextank.plugins.Pandora.plugin.Plugin object at 0x4019275890>
2022-05-20 18:31:08,365 [INFO] yandextank.plugins.Pandora.plugin plugin.py:68	Found config_file option configuration
2022-05-20 18:31:08,398 [DEBUG] yandextank.core.tankcore tankcore.py:446	Adding artifact file to collect (keep=False): /var/loadtest/logs/2022-05-20_18-31-08.110339/pandora_config_YyJvmD.yaml
2022-05-20 18:31:08,413 [DEBUG] yandextank.plugins.Pandora.plugin plugin.py:74	Config after parsing for patching: {'pools': [{'rps': {'duration': '60s', 'type': 'line', 'from': 1, 'to': 200}, 'result': {'destination': './phout.log', 'type': 'phout'}, 'startup': {'type': 'once', 'times': 10}, 'gun': {'type': 'My_custom_gun_name', 'target': '0.0.0.0:8080'}, 'ammo': {'source': {'path': './json.ammo', 'type': 'file'}, 'type': 'custom_provider'}, 'id': 'HTTP pool'}]}
2022-05-20 18:31:08,414 [INFO] yandextank.plugins.Pandora.plugin plugin.py:153	Found report file in pandora config: ./phout.log
2022-05-20 18:31:08,417 [DEBUG] yandextank.core.tankcore tankcore.py:446	Adding artifact file to collect (keep=False): ./phout.log
2022-05-20 18:31:08,419 [DEBUG] yandextank.core.tankcore tankcore.py:244	Configuring <yandextank.plugins.JsonReport.plugin.Plugin object at 0x401927e590>
2022-05-20 18:31:08,420 [DEBUG] yandextank.core.tankcore tankcore.py:391	Searching for plugin: <class 'yandextank.common.interfaces.GeneratorPlugin'>
2022-05-20 18:31:08,428 [DEBUG] yandextank.core.tankcore tankcore.py:244	Configuring <yandextank.plugins.Autostop.plugin.Plugin object at 0x4019275cd0>
2022-05-20 18:31:08,431 [DEBUG] yandextank.core.tankcore tankcore.py:244	Configuring <yandextank.plugins.ShellExec.plugin.Plugin object at 0x40192753d0>
2022-05-20 18:31:08,433 [DEBUG] yandextank.core.tankcore tankcore.py:244	Configuring <yandextank.plugins.Console.plugin.Plugin object at 0x4019275950>
2022-05-20 18:31:08,435 [DEBUG] yandextank.core.tankcore tankcore.py:244	Configuring <yandextank.plugins.RCAssert.plugin.Plugin object at 0x4019275590>
2022-05-20 18:31:08,436 [DEBUG] yandextank.core.tankcore tankcore.py:244	Configuring <yandextank.plugins.ResourceCheck.plugin.Plugin object at 0x4019266e90>
2022-05-20 18:31:08,439 [DEBUG] yandextank.core.tankcore tankcore.py:244	Configuring <yandextank.plugins.DataUploader.plugin.Plugin object at 0x401927eb50>
2022-05-20 18:31:08,440 [INFO] yandextank.core.tankcore tankcore.py:249	Preparing test...
2022-05-20 18:31:08,441 [DEBUG] yandextank.core.tankcore tankcore.py:253	Preparing <yandextank.plugins.Pandora.plugin.Plugin object at 0x4019275890>
2022-05-20 18:31:08,442 [DEBUG] yandextank.core.tankcore tankcore.py:391	Searching for plugin: <class 'yandextank.plugins.Console.plugin.Plugin'>
2022-05-20 18:31:08,443 [DEBUG] yandextank.core.tankcore tankcore.py:253	Preparing <yandextank.plugins.JsonReport.plugin.Plugin object at 0x401927e590>
2022-05-20 18:31:08,444 [DEBUG] yandextank.core.tankcore tankcore.py:253	Preparing <yandextank.plugins.Autostop.plugin.Plugin object at 0x4019275cd0>
2022-05-20 18:31:08,445 [DEBUG] yandextank.common.interfaces plugin.py:74	Criterion string: http(5xx,10%,5s)
2022-05-20 18:31:08,448 [DEBUG] yandextank.common.interfaces plugin.py:78	Criterion objects: {'http(5xx,10%,5s)': <yandextank.plugins.Autostop.criterions.HTTPCodesCriterion object at 0x4019275f10>}
2022-05-20 18:31:08,449 [DEBUG] yandextank.core.tankcore tankcore.py:391	Searching for plugin: <class 'yandextank.plugins.Console.plugin.Plugin'>
2022-05-20 18:31:08,450 [DEBUG] yandextank.core.tankcore tankcore.py:253	Preparing <yandextank.plugins.ShellExec.plugin.Plugin object at 0x40192753d0>
2022-05-20 18:31:08,451 [DEBUG] yandextank.core.tankcore tankcore.py:253	Preparing <yandextank.plugins.Console.plugin.Plugin object at 0x4019275950>
2022-05-20 18:31:08,452 [DEBUG] yandextank.core.tankcore tankcore.py:253	Preparing <yandextank.plugins.RCAssert.plugin.Plugin object at 0x4019275590>
2022-05-20 18:31:08,453 [DEBUG] yandextank.core.tankcore tankcore.py:253	Preparing <yandextank.plugins.ResourceCheck.plugin.Plugin object at 0x4019266e90>
2022-05-20 18:31:08,454 [INFO] yandextank.common.interfaces plugin.py:39	Checking tank resources...
2022-05-20 18:31:08,455 [DEBUG] netort.process process.py:23	Starting: sh -c "df --no-sync -m -P -l -x fuse -x tmpfs -x devtmpfs -x davfs -x nfs /var/loadtest/logs | tail -n 1 | awk '{print \$4}' "
2022-05-20 18:31:08,953 [DEBUG] netort.process process.py:46	Process output:
11075

2022-05-20 18:31:08,955 [DEBUG] netort.process process.py:48	Process exit code: 0
2022-05-20 18:31:08,956 [DEBUG] root plugin.py:58	Result: (0, '11075\n', '')
2022-05-20 18:31:08,958 [DEBUG] yandextank.common.interfaces plugin.py:64	Disk free space: 11075/2048
2022-05-20 18:31:08,960 [DEBUG] yandextank.common.interfaces plugin.py:75	Memory free: 3082/512
2022-05-20 18:31:08,962 [DEBUG] yandextank.core.tankcore tankcore.py:253	Preparing <yandextank.plugins.DataUploader.plugin.Plugin object at 0x401927eb50>
2022-05-20 18:31:08,963 [WARNING] yandextank.plugins.DataUploader.plugin plugin.py:234	Failed to get info about ammo path
2022-05-20 18:31:08,967 [INFO] root plugin.py:523	Using OVERLOAD backend
2022-05-20 18:31:08,968 [DEBUG] yandextank.plugins.DataUploader.plugin plugin.py:618	Trying to read token from token.txt
2022-05-20 18:31:08,972 [INFO] yandextank.plugins.DataUploader.plugin plugin.py:624	Read authentication token from token.txt, token length is 32 bytes
2022-05-20 18:31:09,013 [INFO] yandextank.plugins.DataUploader.client client.py:59	Proxy not set
2022-05-20 18:31:09,017 [INFO] yandextank.plugins.DataUploader.plugin plugin.py:647	Detected target: 0.0.0.0:8080
2022-05-20 18:31:09,046 [DEBUG] yandextank.plugins.DataUploader.client client.py:336	Job create request: {'person': 'root', 'host': '0.0.0.0:8080', 'task': '', 'tank': '746e8be91631', 'notify': [], 'loadscheme': [], 'detailed_time': None, 'port': '8080'}
2022-05-20 18:31:09,056 [DEBUG] urllib3.connectionpool connectionpool.py:813	Starting new HTTPS connection (1): overload.yandex.net:443
2022-05-20 18:31:09,351 [DEBUG] urllib3.connectionpool connectionpool.py:393	https://overload.yandex.net:443 "POST /api/job/create.json?api_token=4f2a42fb997146a394c06ccf2768f953 HTTP/1.1" 200 None
2022-05-20 18:31:09,373 [INFO] yandextank.plugins.DataUploader.plugin plugin.py:789	Job created: 523488
2022-05-20 18:31:09,380 [DEBUG] yandextank.plugins.DataUploader.client client.py:642	Sending configinitial config
2022-05-20 18:31:09,528 [DEBUG] urllib3.connectionpool connectionpool.py:393	https://overload.yandex.net:443 "POST /api/job/523488/configinitial.txt?api_token=4f2a42fb997146a394c06ccf2768f953 HTTP/1.1" 200 16
2022-05-20 18:31:09,545 [INFO] yandextank.plugins.DataUploader.plugin plugin.py:485	Locking targets: ['0.0.0.0:8080']
2022-05-20 18:31:09,551 [INFO] yandextank.plugins.DataUploader.plugin plugin.py:487	Locked targets: ['0.0.0.0:8080']
2022-05-20 18:31:09,567 [DEBUG] yandextank.common.interfaces interfaces.py:101	Publishing status: Plugin/job_no: 523488
2022-05-20 18:31:09,810 [DEBUG] urllib3.connectionpool connectionpool.py:393	https://overload.yandex.net:443 "POST /api/job/523488/edit.json?api_token=4f2a42fb997146a394c06ccf2768f953 HTTP/1.1" 200 19
2022-05-20 18:31:09,826 [DEBUG] yandextank.core.tankcore tankcore.py:391	Searching for plugin: <class 'yandextank.plugins.Console.plugin.Plugin'>
2022-05-20 18:31:09,832 [DEBUG] yandextank.plugins.DataUploader.client client.py:642	Sending configinitial config
2022-05-20 18:31:09,983 [DEBUG] urllib3.connectionpool connectionpool.py:393	https://overload.yandex.net:443 "POST /api/job/523488/configinitial.txt?api_token=4f2a42fb997146a394c06ccf2768f953 HTTP/1.1" 200 16
2022-05-20 18:31:09,997 [DEBUG] yandextank.plugins.DataUploader.client client.py:642	Sending configinfo config
2022-05-20 18:31:10,215 [DEBUG] urllib3.connectionpool connectionpool.py:393	https://overload.yandex.net:443 "POST /api/job/523488/configinfo.txt?api_token=4f2a42fb997146a394c06ccf2768f953 HTTP/1.1" 200 16
2022-05-20 18:31:10,231 [INFO] yandextank.core.tankcore tankcore.py:259	Starting test...
2022-05-20 18:31:10,246 [INFO] yandextank.aggregator.tank_aggregator tank_aggregator.py:63	using verbose histogram
2022-05-20 18:31:10,275 [DEBUG] yandextank.core.tankcore tankcore.py:263	Starting <yandextank.plugins.Pandora.plugin.Plugin object at 0x4019275890>
2022-05-20 18:31:10,280 [INFO] yandextank.plugins.Pandora.plugin plugin.py:183	Starting: ['gun1', '-expvar', '/var/loadtest/logs/2022-05-20_18-31-08.110339/pandora_config_YyJvmD.yaml']
2022-05-20 18:31:10,287 [DEBUG] urllib3.connectionpool connectionpool.py:205	Starting new HTTP connection (1): localhost:1234
2022-05-20 18:31:10,293 [DEBUG] yandextank.core.tankcore tankcore.py:446	Adding artifact file to collect (keep=False): /var/loadtest/logs/2022-05-20_18-31-08.110339/pandora_K9KhON.log
2022-05-20 18:31:10,295 [DEBUG] yandextank.plugins.Pandora.reader reader.py:33	Pandora expvar http interface is unavailable
Traceback (most recent call last):
  File "/usr/local/lib/python2.7/dist-packages/yandextank/plugins/Pandora/reader.py", line 24, in run
    pandora_stat = requests.get("http://localhost:1234/debug/vars", timeout=0.9).json()
  File "/usr/local/lib/python2.7/dist-packages/requests/api.py", line 75, in get
    return request('get', url, params=params, **kwargs)
  File "/usr/local/lib/python2.7/dist-packages/requests/api.py", line 60, in request
    return session.request(method=method, url=url, **kwargs)
  File "/usr/local/lib/python2.7/dist-packages/requests/sessions.py", line 533, in request
    resp = self.send(prep, **send_kwargs)
  File "/usr/local/lib/python2.7/dist-packages/requests/sessions.py", line 646, in send
    r = adapter.send(request, **kwargs)
  File "/usr/local/lib/python2.7/dist-packages/requests/adapters.py", line 516, in send
    raise ConnectionError(e, request=request)
ConnectionError: HTTPConnectionPool(host='localhost', port=1234): Max retries exceeded with url: /debug/vars (Caused by NewConnectionError('<urllib3.connection.HTTPConnection object at 0x40194bed90>: Failed to establish a new connection: [Errno 111] Connection refused',))
2022-05-20 18:31:10,736 [DEBUG] yandextank.plugins.Pandora.plugin plugin.py:196	Unable to start Pandora binary. Args: ['gun1', '-expvar', '/var/loadtest/logs/2022-05-20_18-31-08.110339/pandora_config_YyJvmD.yaml']
Traceback (most recent call last):
  File "/usr/local/lib/python2.7/dist-packages/yandextank/plugins/Pandora/plugin.py", line 193, in start_test
    close_fds=True)
  File "/usr/lib/python2.7/subprocess.py", line 711, in __init__
    errread, errwrite)
  File "/usr/lib/python2.7/subprocess.py", line 1343, in _execute_child
    raise child_exception
OSError: [Errno 2] No such file or directory
2022-05-20 18:31:10,739 [ERROR] root consoleworker.py:296	Test interrupted:
<type 'exceptions.RuntimeError'>: Unable to start Pandora binary and/or file does not exist: ['gun1', '-expvar', '/var/loadtest/logs/2022-05-20_18-31-08.110339/pandora_config_YyJvmD.yaml']
<traceback object at 0x403de9cb90>
2022-05-20 18:31:10,742 [INFO] yandextank.core.tankcore tankcore.py:301	Finishing test...
2022-05-20 18:31:10,744 [INFO] yandextank.core.tankcore tankcore.py:303	Stopping load generator and aggregator
2022-05-20 18:31:10,745 [DEBUG] yandextank.plugins.Pandora.plugin plugin.py:225	Seems subprocess finished OK
2022-05-20 18:31:10,746 [DEBUG] yandextank.aggregator.tank_aggregator tank_aggregator.py:123	Closing stats reader
2022-05-20 18:31:10,912 [DEBUG] yandextank.aggregator.tank_aggregator tank_aggregator.py:126	Waiting for gun drain to finish
2022-05-20 18:31:11,291 [DEBUG] yandextank.aggregator.tank_aggregator tank_aggregator.py:128	Waiting for stats drain to finish
2022-05-20 18:31:11,298 [DEBUG] yandextank.aggregator.tank_aggregator tank_aggregator.py:130	Collecting remaining data
2022-05-20 18:31:11,302 [DEBUG] yandextank.aggregator.tank_aggregator tank_aggregator.py:87	Data timestamps: []
2022-05-20 18:31:11,304 [DEBUG] yandextank.aggregator.tank_aggregator tank_aggregator.py:88	Stats timestamps: []
2022-05-20 18:31:11,307 [DEBUG] yandextank.core.tankcore tankcore.py:305	RC after: 1
2022-05-20 18:31:11,311 [INFO] yandextank.core.tankcore tankcore.py:307	Stopping monitoring
2022-05-20 18:31:11,314 [DEBUG] yandextank.core.tankcore tankcore.py:315	Finalize <yandextank.plugins.JsonReport.plugin.Plugin object at 0x401927e590>
2022-05-20 18:31:11,317 [DEBUG] yandextank.core.tankcore tankcore.py:317	RC before: 1
2022-05-20 18:31:11,319 [DEBUG] yandextank.core.tankcore tankcore.py:319	RC after: 1
2022-05-20 18:31:11,321 [DEBUG] yandextank.core.tankcore tankcore.py:315	Finalize <yandextank.plugins.Autostop.plugin.Plugin object at 0x4019275cd0>
2022-05-20 18:31:11,323 [DEBUG] yandextank.core.tankcore tankcore.py:317	RC before: 1
2022-05-20 18:31:11,325 [DEBUG] yandextank.core.tankcore tankcore.py:319	RC after: 1
2022-05-20 18:31:11,327 [DEBUG] yandextank.core.tankcore tankcore.py:315	Finalize <yandextank.plugins.ShellExec.plugin.Plugin object at 0x40192753d0>
2022-05-20 18:31:11,329 [DEBUG] yandextank.core.tankcore tankcore.py:317	RC before: 1
2022-05-20 18:31:11,330 [DEBUG] yandextank.core.tankcore tankcore.py:319	RC after: 1
2022-05-20 18:31:11,332 [DEBUG] yandextank.core.tankcore tankcore.py:315	Finalize <yandextank.plugins.Console.plugin.Plugin object at 0x4019275950>
2022-05-20 18:31:11,334 [DEBUG] yandextank.core.tankcore tankcore.py:317	RC before: 1
2022-05-20 18:31:11,335 [DEBUG] yandextank.core.tankcore tankcore.py:319	RC after: 1
2022-05-20 18:31:11,336 [DEBUG] yandextank.core.tankcore tankcore.py:315	Finalize <yandextank.plugins.RCAssert.plugin.Plugin object at 0x4019275590>
2022-05-20 18:31:11,339 [DEBUG] yandextank.core.tankcore tankcore.py:317	RC before: 1
2022-05-20 18:31:11,340 [DEBUG] yandextank.core.tankcore tankcore.py:319	RC after: 1
2022-05-20 18:31:11,342 [DEBUG] yandextank.core.tankcore tankcore.py:315	Finalize <yandextank.plugins.ResourceCheck.plugin.Plugin object at 0x4019266e90>
2022-05-20 18:31:11,343 [DEBUG] yandextank.core.tankcore tankcore.py:317	RC before: 1
2022-05-20 18:31:11,344 [DEBUG] yandextank.core.tankcore tankcore.py:319	RC after: 1
2022-05-20 18:31:11,346 [DEBUG] yandextank.core.tankcore tankcore.py:315	Finalize <yandextank.plugins.DataUploader.plugin.Plugin object at 0x401927eb50>
2022-05-20 18:31:11,347 [DEBUG] yandextank.core.tankcore tankcore.py:317	RC before: 1
2022-05-20 18:31:11,348 [DEBUG] yandextank.plugins.DataUploader.client client.py:642	Sending configinitial config
2022-05-20 18:31:11,422 [DEBUG] urllib3.connectionpool connectionpool.py:393	https://overload.yandex.net:443 "POST /api/job/523488/configinitial.txt?api_token=4f2a42fb997146a394c06ccf2768f953 HTTP/1.1" 200 16
2022-05-20 18:31:11,426 [DEBUG] yandextank.plugins.DataUploader.client client.py:642	Sending configinfo config
2022-05-20 18:31:11,510 [DEBUG] urllib3.connectionpool connectionpool.py:393	https://overload.yandex.net:443 "POST /api/job/523488/configinfo.txt?api_token=4f2a42fb997146a394c06ccf2768f953 HTTP/1.1" 200 16
2022-05-20 18:31:11,517 [INFO] yandextank.plugins.DataUploader.plugin plugin.py:478	Unlocking targets: ['0.0.0.0:8080']
2022-05-20 18:31:11,519 [INFO] yandextank.plugins.DataUploader.plugin plugin.py:480	0.0.0.0:8080
2022-05-20 18:31:11,522 [DEBUG] yandextank.core.tankcore tankcore.py:319	RC after: 1
2022-05-20 18:31:11,524 [INFO] yandextank.core.tankcore tankcore.py:330	Post-processing test...
2022-05-20 18:31:11,527 [DEBUG] yandextank.core.tankcore tankcore.py:333	Post-process <yandextank.plugins.Pandora.plugin.Plugin object at 0x4019275890>
2022-05-20 18:31:11,528 [DEBUG] yandextank.core.tankcore tankcore.py:335	RC before: 1
2022-05-20 18:31:11,530 [DEBUG] yandextank.core.tankcore tankcore.py:337	RC after: 1
2022-05-20 18:31:11,532 [DEBUG] yandextank.core.tankcore tankcore.py:333	Post-process <yandextank.plugins.JsonReport.plugin.Plugin object at 0x401927e590>
2022-05-20 18:31:11,534 [DEBUG] yandextank.core.tankcore tankcore.py:335	RC before: 1
2022-05-20 18:31:11,536 [DEBUG] yandextank.core.tankcore tankcore.py:337	RC after: 1
2022-05-20 18:31:11,538 [DEBUG] yandextank.core.tankcore tankcore.py:333	Post-process <yandextank.plugins.Autostop.plugin.Plugin object at 0x4019275cd0>
2022-05-20 18:31:11,539 [DEBUG] yandextank.core.tankcore tankcore.py:335	RC before: 1
2022-05-20 18:31:11,541 [DEBUG] yandextank.core.tankcore tankcore.py:337	RC after: 1
2022-05-20 18:31:11,542 [DEBUG] yandextank.core.tankcore tankcore.py:333	Post-process <yandextank.plugins.ShellExec.plugin.Plugin object at 0x40192753d0>
2022-05-20 18:31:11,543 [DEBUG] yandextank.core.tankcore tankcore.py:335	RC before: 1
2022-05-20 18:31:11,545 [DEBUG] yandextank.core.tankcore tankcore.py:337	RC after: 1
2022-05-20 18:31:11,546 [DEBUG] yandextank.core.tankcore tankcore.py:333	Post-process <yandextank.plugins.Console.plugin.Plugin object at 0x4019275950>
2022-05-20 18:31:11,548 [DEBUG] yandextank.core.tankcore tankcore.py:335	RC before: 1
2022-05-20 18:31:11,549 [DEBUG] yandextank.core.tankcore tankcore.py:337	RC after: 1
2022-05-20 18:31:11,550 [DEBUG] yandextank.core.tankcore tankcore.py:333	Post-process <yandextank.plugins.RCAssert.plugin.Plugin object at 0x4019275590>
2022-05-20 18:31:11,552 [DEBUG] yandextank.core.tankcore tankcore.py:335	RC before: 1
2022-05-20 18:31:11,553 [DEBUG] yandextank.core.tankcore tankcore.py:337	RC after: 1
2022-05-20 18:31:11,554 [DEBUG] yandextank.core.tankcore tankcore.py:333	Post-process <yandextank.plugins.ResourceCheck.plugin.Plugin object at 0x4019266e90>
2022-05-20 18:31:11,555 [DEBUG] yandextank.core.tankcore tankcore.py:335	RC before: 1
2022-05-20 18:31:11,556 [DEBUG] yandextank.core.tankcore tankcore.py:337	RC after: 1
2022-05-20 18:31:11,557 [DEBUG] yandextank.core.tankcore tankcore.py:333	Post-process <yandextank.plugins.DataUploader.plugin.Plugin object at 0x401927eb50>
2022-05-20 18:31:11,558 [DEBUG] yandextank.core.tankcore tankcore.py:335	RC before: 1
2022-05-20 18:31:11,560 [INFO] yandextank.plugins.DataUploader.plugin plugin.py:350	Waiting for sender threads to join.
2022-05-20 18:31:11,561 [INFO] yandextank.plugins.DataUploader.plugin plugin.py:357	Web link: None
2022-05-20 18:31:11,562 [DEBUG] yandextank.core.tankcore tankcore.py:391	Searching for plugin: <class 'yandextank.plugins.Autostop.plugin.Plugin'>
2022-05-20 18:31:11,563 [DEBUG] yandextank.plugins.DataUploader.plugin plugin.py:376	No autostop cause detected
2022-05-20 18:31:11,564 [DEBUG] yandextank.plugins.DataUploader.client client.py:642	Sending configinitial config
2022-05-20 18:31:11,634 [DEBUG] urllib3.connectionpool connectionpool.py:393	https://overload.yandex.net:443 "POST /api/job/523488/configinitial.txt?api_token=4f2a42fb997146a394c06ccf2768f953 HTTP/1.1" 200 16
2022-05-20 18:31:11,639 [DEBUG] yandextank.plugins.DataUploader.client client.py:642	Sending configinfo config
2022-05-20 18:31:11,744 [DEBUG] urllib3.connectionpool connectionpool.py:393	https://overload.yandex.net:443 "POST /api/job/523488/configinfo.txt?api_token=4f2a42fb997146a394c06ccf2768f953 HTTP/1.1" 200 16
2022-05-20 18:31:11,750 [DEBUG] yandextank.core.tankcore tankcore.py:337	RC after: 1
2022-05-20 18:31:11,752 [INFO] root consoleworker.py:269	Trying to clean up
2022-05-20 18:31:11,755 [INFO] yandextank.core.tankcore tankcore.py:526	Cleaning up plugin plugin_pandora
2022-05-20 18:31:11,757 [INFO] yandextank.core.tankcore tankcore.py:526	Cleaning up plugin plugin_json_report
2022-05-20 18:31:11,759 [INFO] yandextank.core.tankcore tankcore.py:526	Cleaning up plugin plugin_autostop
2022-05-20 18:31:11,762 [INFO] yandextank.core.tankcore tankcore.py:526	Cleaning up plugin plugin_shellexec
2022-05-20 18:31:11,764 [INFO] yandextank.core.tankcore tankcore.py:526	Cleaning up plugin plugin_console
2022-05-20 18:31:11,768 [INFO] yandextank.core.tankcore tankcore.py:526	Cleaning up plugin plugin_rcassert
2022-05-20 18:31:11,770 [INFO] yandextank.core.tankcore tankcore.py:526	Cleaning up plugin plugin_rcheck
2022-05-20 18:31:11,772 [INFO] yandextank.core.tankcore tankcore.py:526	Cleaning up plugin plugin_overload
2022-05-20 18:31:11,904 [DEBUG] urllib3.connectionpool connectionpool.py:393	https://overload.yandex.net:443 "GET /api/job/523488/close.json?exitcode=1&api_token=4f2a42fb997146a394c06ccf2768f953 HTTP/1.1" 200 16
2022-05-20 18:31:11,912 [INFO] yandextank.plugins.DataUploader.plugin plugin.py:478	Unlocking targets: ['0.0.0.0:8080']
2022-05-20 18:31:11,915 [INFO] yandextank.plugins.DataUploader.plugin plugin.py:480	0.0.0.0:8080
2022-05-20 18:31:11,917 [INFO] yandextank.core.tankcore tankcore.py:561	Releasing lock: /var/lock/lunapark_btNDnJ.lock
2022-05-20 18:31:11,935 [DEBUG] yandextank.core.tankcore tankcore.py:367	Collecting artifacts
2022-05-20 18:31:11,937 [INFO] yandextank.core.tankcore tankcore.py:368	Artifacts dir: /var/loadtest/logs/2022-05-20_18-31-08.110339
2022-05-20 18:31:11,939 [DEBUG] yandextank.core.tankcore tankcore.py:422	Collecting file: ./phout.log to /var/loadtest/logs/2022-05-20_18-31-08.110339/phout.log
2022-05-20 18:31:11,953 [DEBUG] yandextank.core.tankcore tankcore.py:422	Collecting file: /var/loadtest/logs/2022-05-20_18-31-08.110339/pandora_config_YyJvmD.yaml to /var/loadtest/logs/2022-05-20_18-31-08.110339/pandora_config_YyJvmD.yaml
2022-05-20 18:31:11,957 [WARNING] yandextank.core.tankcore tankcore.py:429	File already exists: /var/loadtest/logs/2022-05-20_18-31-08.110339/pandora_config_YyJvmD.yaml
2022-05-20 18:31:11,959 [DEBUG] yandextank.core.tankcore tankcore.py:422	Collecting file: validation_error.yaml to /var/loadtest/logs/2022-05-20_18-31-08.110339/validation_error.yaml
2022-05-20 18:31:11,962 [WARNING] yandextank.core.tankcore tankcore.py:424	File not found to collect: validation_error.yaml
2022-05-20 18:31:11,967 [DEBUG] yandextank.core.tankcore tankcore.py:422	Collecting file: /var/loadtest/logs/2022-05-20_18-31-08.110339/pandora_K9KhON.log to /var/loadtest/logs/2022-05-20_18-31-08.110339/pandora_K9KhON.log
2022-05-20 18:31:11,970 [WARNING] yandextank.core.tankcore tankcore.py:429	File already exists: /var/loadtest/logs/2022-05-20_18-31-08.110339/pandora_K9KhON.log
