2022-05-21 06:42:20,816 [INFO] root consoleworker.py:434	Log file created
2022-05-21 06:42:20,816 [INFO] root consoleworker.py:438	Logging handler <logging.FileHandler object at 0x7f1c2e720b50> added
2022-05-21 06:42:20,816 [INFO] root consoleworker.py:438	Logging handler <logging.StreamHandler object at 0x7f1c2e768790> added
2022-05-21 06:42:20,816 [INFO] root consoleworker.py:438	Logging handler <logging.StreamHandler object at 0x7f1c2e70d990> added
2022-05-21 06:42:20,817 [INFO] root consoleworker.py:373	Created a folder for the test. /var/loadtest/logs/2022-05-21_06-42-20.757917
2022-05-21 06:42:20,817 [INFO] yandextank.core.tankcore tankcore.py:237	Configuring plugins...
2022-05-21 06:42:20,817 [INFO] yandextank.core.tankcore tankcore.py:190	Loading plugins...
2022-05-21 06:42:20,818 [DEBUG] yandextank.core.tankcore tankcore.py:192	Loading plugin rcheck from yandextank.plugins.ResourceCheck
2022-05-21 06:42:20,818 [DEBUG] yandextank.core.tankcore tankcore.py:192	Loading plugin json_report from yandextank.plugins.JsonReport
2022-05-21 06:42:20,820 [DEBUG] yandextank.core.tankcore tankcore.py:192	Loading plugin overload from yandextank.plugins.DataUploader
2022-05-21 06:42:20,821 [DEBUG] yandextank.core.tankcore tankcore.py:192	Loading plugin rcassert from yandextank.plugins.RCAssert
2022-05-21 06:42:20,821 [DEBUG] yandextank.core.tankcore tankcore.py:192	Loading plugin pandora from yandextank.plugins.Pandora
2022-05-21 06:42:20,821 [DEBUG] yandextank.core.tankcore tankcore.py:192	Loading plugin console from yandextank.plugins.Console
2022-05-21 06:42:20,821 [DEBUG] yandextank.core.tankcore tankcore.py:192	Loading plugin shellexec from yandextank.plugins.ShellExec
2022-05-21 06:42:20,821 [DEBUG] yandextank.core.tankcore tankcore.py:192	Loading plugin autostop from yandextank.plugins.Autostop
2022-05-21 06:42:20,821 [DEBUG] yandextank.core.tankcore tankcore.py:212	Plugin instances: {'plugin_pandora': <yandextank.plugins.Pandora.plugin.Plugin object at 0x7f1c2e672a10>, 'plugin_json_report': <yandextank.plugins.JsonReport.plugin.Plugin object at 0x7f1c2e67de90>, 'plugin_autostop': <yandextank.plugins.Autostop.plugin.Plugin object at 0x7f1c2e672790>, 'plugin_shellexec': <yandextank.plugins.ShellExec.plugin.Plugin object at 0x7f1c2e6724d0>, 'plugin_console': <yandextank.plugins.Console.plugin.Plugin object at 0x7f1c2e6728d0>, 'plugin_rcassert': <yandextank.plugins.RCAssert.plugin.Plugin object at 0x7f1c2e672d90>, 'plugin_rcheck': <yandextank.plugins.ResourceCheck.plugin.Plugin object at 0x7f1c2e67d3d0>, 'plugin_overload': <yandextank.plugins.DataUploader.plugin.Plugin object at 0x7f1c2e67db10>}
2022-05-21 06:42:20,822 [DEBUG] yandextank.core.tankcore tankcore.py:244	Configuring <yandextank.plugins.Pandora.plugin.Plugin object at 0x7f1c2e672a10>
2022-05-21 06:42:20,822 [INFO] yandextank.plugins.Pandora.plugin plugin.py:68	Found config_file option configuration
2022-05-21 06:42:20,828 [DEBUG] yandextank.core.tankcore tankcore.py:446	Adding artifact file to collect (keep=False): /var/loadtest/logs/2022-05-21_06-42-20.757917/pandora_config_NbKLpz.yaml
2022-05-21 06:42:20,831 [DEBUG] yandextank.plugins.Pandora.plugin plugin.py:74	Config after parsing for patching: {'pools': [{'rps': {'duration': '60s', 'type': 'line', 'from': 1, 'to': 200}, 'result': {'destination': './phout.log', 'type': 'phout'}, 'startup': {'type': 'once', 'times': 10}, 'gun': {'type': 'My_custom_gun_name', 'target': '0.0.0.0:8080'}, 'ammo': {'source': {'path': './json.ammo', 'type': 'file'}, 'type': 'custom_provider'}, 'id': 'HTTP pool'}]}
2022-05-21 06:42:20,832 [INFO] yandextank.plugins.Pandora.plugin plugin.py:153	Found report file in pandora config: ./phout.log
2022-05-21 06:42:20,833 [DEBUG] yandextank.core.tankcore tankcore.py:446	Adding artifact file to collect (keep=False): ./phout.log
2022-05-21 06:42:20,833 [DEBUG] yandextank.core.tankcore tankcore.py:244	Configuring <yandextank.plugins.JsonReport.plugin.Plugin object at 0x7f1c2e67de90>
2022-05-21 06:42:20,833 [DEBUG] yandextank.core.tankcore tankcore.py:391	Searching for plugin: <class 'yandextank.common.interfaces.GeneratorPlugin'>
2022-05-21 06:42:20,834 [DEBUG] yandextank.core.tankcore tankcore.py:244	Configuring <yandextank.plugins.Autostop.plugin.Plugin object at 0x7f1c2e672790>
2022-05-21 06:42:20,834 [DEBUG] yandextank.core.tankcore tankcore.py:244	Configuring <yandextank.plugins.ShellExec.plugin.Plugin object at 0x7f1c2e6724d0>
2022-05-21 06:42:20,834 [DEBUG] yandextank.core.tankcore tankcore.py:244	Configuring <yandextank.plugins.Console.plugin.Plugin object at 0x7f1c2e6728d0>
2022-05-21 06:42:20,835 [DEBUG] yandextank.core.tankcore tankcore.py:244	Configuring <yandextank.plugins.RCAssert.plugin.Plugin object at 0x7f1c2e672d90>
2022-05-21 06:42:20,835 [DEBUG] yandextank.core.tankcore tankcore.py:244	Configuring <yandextank.plugins.ResourceCheck.plugin.Plugin object at 0x7f1c2e67d3d0>
2022-05-21 06:42:20,836 [DEBUG] yandextank.core.tankcore tankcore.py:244	Configuring <yandextank.plugins.DataUploader.plugin.Plugin object at 0x7f1c2e67db10>
2022-05-21 06:42:20,836 [INFO] yandextank.core.tankcore tankcore.py:249	Preparing test...
2022-05-21 06:42:20,836 [DEBUG] yandextank.core.tankcore tankcore.py:253	Preparing <yandextank.plugins.Pandora.plugin.Plugin object at 0x7f1c2e672a10>
2022-05-21 06:42:20,836 [DEBUG] yandextank.core.tankcore tankcore.py:391	Searching for plugin: <class 'yandextank.plugins.Console.plugin.Plugin'>
2022-05-21 06:42:20,837 [DEBUG] yandextank.core.tankcore tankcore.py:253	Preparing <yandextank.plugins.JsonReport.plugin.Plugin object at 0x7f1c2e67de90>
2022-05-21 06:42:20,837 [DEBUG] yandextank.core.tankcore tankcore.py:253	Preparing <yandextank.plugins.Autostop.plugin.Plugin object at 0x7f1c2e672790>
2022-05-21 06:42:20,837 [DEBUG] yandextank.common.interfaces plugin.py:74	Criterion string: http(5xx,10%,5s)
2022-05-21 06:42:20,837 [DEBUG] yandextank.common.interfaces plugin.py:78	Criterion objects: {'http(5xx,10%,5s)': <yandextank.plugins.Autostop.criterions.HTTPCodesCriterion object at 0x7f1c2e672ad0>}
2022-05-21 06:42:20,837 [DEBUG] yandextank.core.tankcore tankcore.py:391	Searching for plugin: <class 'yandextank.plugins.Console.plugin.Plugin'>
2022-05-21 06:42:20,838 [DEBUG] yandextank.core.tankcore tankcore.py:253	Preparing <yandextank.plugins.ShellExec.plugin.Plugin object at 0x7f1c2e6724d0>
2022-05-21 06:42:20,838 [DEBUG] yandextank.core.tankcore tankcore.py:253	Preparing <yandextank.plugins.Console.plugin.Plugin object at 0x7f1c2e6728d0>
2022-05-21 06:42:20,838 [DEBUG] yandextank.core.tankcore tankcore.py:253	Preparing <yandextank.plugins.RCAssert.plugin.Plugin object at 0x7f1c2e672d90>
2022-05-21 06:42:20,838 [DEBUG] yandextank.core.tankcore tankcore.py:253	Preparing <yandextank.plugins.ResourceCheck.plugin.Plugin object at 0x7f1c2e67d3d0>
2022-05-21 06:42:20,838 [INFO] yandextank.common.interfaces plugin.py:39	Checking tank resources...
2022-05-21 06:42:20,838 [DEBUG] netort.process process.py:23	Starting: sh -c "df --no-sync -m -P -l -x fuse -x tmpfs -x devtmpfs -x davfs -x nfs /var/loadtest/logs | tail -n 1 | awk '{print \$4}' "
2022-05-21 06:42:20,963 [ERROR] netort.process process.py:43	There were errors:
df: no file systems processed

2022-05-21 06:42:20,965 [DEBUG] netort.process process.py:48	Process exit code: 0
2022-05-21 06:42:20,965 [DEBUG] root plugin.py:58	Result: (0, '', 'df: no file systems processed\n')
2022-05-21 06:42:20,966 [DEBUG] yandextank.common.interfaces plugin.py:60	No disk usage info: df: no file systems processed

2022-05-21 06:42:20,966 [DEBUG] yandextank.common.interfaces plugin.py:75	Memory free: 11165/512
2022-05-21 06:42:20,967 [DEBUG] yandextank.core.tankcore tankcore.py:253	Preparing <yandextank.plugins.DataUploader.plugin.Plugin object at 0x7f1c2e67db10>
2022-05-21 06:42:20,967 [WARNING] yandextank.plugins.DataUploader.plugin plugin.py:234	Failed to get info about ammo path
2022-05-21 06:42:20,968 [INFO] root plugin.py:523	Using OVERLOAD backend
2022-05-21 06:42:20,968 [DEBUG] yandextank.plugins.DataUploader.plugin plugin.py:618	Trying to read token from token.txt
2022-05-21 06:42:20,970 [INFO] yandextank.plugins.DataUploader.plugin plugin.py:624	Read authentication token from token.txt, token length is 32 bytes
2022-05-21 06:42:20,983 [INFO] yandextank.plugins.DataUploader.client client.py:59	Proxy not set
2022-05-21 06:42:20,984 [INFO] yandextank.plugins.DataUploader.plugin plugin.py:647	Detected target: 0.0.0.0:8080
2022-05-21 06:42:20,988 [DEBUG] yandextank.plugins.DataUploader.client client.py:336	Job create request: {'person': 'root', 'host': '0.0.0.0:8080', 'task': '', 'tank': '09e370505096', 'notify': [], 'loadscheme': [], 'detailed_time': None, 'port': '8080'}
2022-05-21 06:42:20,990 [DEBUG] urllib3.connectionpool connectionpool.py:813	Starting new HTTPS connection (1): overload.yandex.net:443
2022-05-21 06:42:21,235 [DEBUG] urllib3.connectionpool connectionpool.py:393	https://overload.yandex.net:443 "POST /api/job/create.json?api_token=4f2a42fb997146a394c06ccf2768f953 HTTP/1.1" 200 None
2022-05-21 06:42:21,236 [INFO] yandextank.plugins.DataUploader.plugin plugin.py:789	Job created: 523521
2022-05-21 06:42:21,237 [DEBUG] yandextank.plugins.DataUploader.client client.py:642	Sending configinitial config
2022-05-21 06:42:21,309 [DEBUG] urllib3.connectionpool connectionpool.py:393	https://overload.yandex.net:443 "POST /api/job/523521/configinitial.txt?api_token=4f2a42fb997146a394c06ccf2768f953 HTTP/1.1" 200 16
2022-05-21 06:42:21,311 [INFO] yandextank.plugins.DataUploader.plugin plugin.py:485	Locking targets: ['0.0.0.0:8080']
2022-05-21 06:42:21,312 [INFO] yandextank.plugins.DataUploader.plugin plugin.py:487	Locked targets: ['0.0.0.0:8080']
2022-05-21 06:42:21,316 [DEBUG] yandextank.common.interfaces interfaces.py:101	Publishing status: Plugin/job_no: 523521
2022-05-21 06:42:21,495 [DEBUG] urllib3.connectionpool connectionpool.py:393	https://overload.yandex.net:443 "POST /api/job/523521/edit.json?api_token=4f2a42fb997146a394c06ccf2768f953 HTTP/1.1" 200 19
2022-05-21 06:42:21,497 [DEBUG] yandextank.core.tankcore tankcore.py:391	Searching for plugin: <class 'yandextank.plugins.Console.plugin.Plugin'>
2022-05-21 06:42:21,498 [DEBUG] yandextank.plugins.DataUploader.client client.py:642	Sending configinitial config
2022-05-21 06:42:21,627 [DEBUG] urllib3.connectionpool connectionpool.py:393	https://overload.yandex.net:443 "POST /api/job/523521/configinitial.txt?api_token=4f2a42fb997146a394c06ccf2768f953 HTTP/1.1" 200 16
2022-05-21 06:42:21,629 [DEBUG] yandextank.plugins.DataUploader.client client.py:642	Sending configinfo config
2022-05-21 06:42:21,703 [DEBUG] urllib3.connectionpool connectionpool.py:393	https://overload.yandex.net:443 "POST /api/job/523521/configinfo.txt?api_token=4f2a42fb997146a394c06ccf2768f953 HTTP/1.1" 200 16
2022-05-21 06:42:21,705 [INFO] yandextank.core.tankcore tankcore.py:259	Starting test...
2022-05-21 06:42:21,709 [INFO] yandextank.aggregator.tank_aggregator tank_aggregator.py:63	using verbose histogram
2022-05-21 06:42:21,712 [DEBUG] yandextank.core.tankcore tankcore.py:263	Starting <yandextank.plugins.Pandora.plugin.Plugin object at 0x7f1c2e672a10>
2022-05-21 06:42:21,713 [INFO] yandextank.plugins.Pandora.plugin plugin.py:183	Starting: ['var/loadtest/gun1', '-expvar', '/var/loadtest/logs/2022-05-21_06-42-20.757917/pandora_config_NbKLpz.yaml']
2022-05-21 06:42:21,714 [DEBUG] urllib3.connectionpool connectionpool.py:205	Starting new HTTP connection (1): localhost:1234
2022-05-21 06:42:21,715 [DEBUG] yandextank.plugins.Pandora.reader reader.py:33	Pandora expvar http interface is unavailable
Traceback (most recent call last):
  File "/usr/local/lib/python2.7/dist-packages/yandextank/plugins/Pandora/reader.py", line 24, in run
    pandora_stat = requests.get("http://localhost:1234/debug/vars", timeout=0.9).json()
  File "/usr/local/lib/python2.7/dist-packages/requests/api.py", line 75, in get
    return request('get', url, params=params, **kwargs)
  File "/usr/local/lib/python2.7/dist-packages/requests/api.py", line 60, in request
    return session.request(method=method, url=url, **kwargs)
  File "/usr/local/lib/python2.7/dist-packages/requests/sessions.py", line 533, in request
    resp = self.send(prep, **send_kwargs)
  File "/usr/local/lib/python2.7/dist-packages/requests/sessions.py", line 646, in send
    r = adapter.send(request, **kwargs)
  File "/usr/local/lib/python2.7/dist-packages/requests/adapters.py", line 516, in send
    raise ConnectionError(e, request=request)
ConnectionError: HTTPConnectionPool(host='localhost', port=1234): Max retries exceeded with url: /debug/vars (Caused by NewConnectionError('<urllib3.connection.HTTPConnection object at 0x7f1c2d7760d0>: Failed to establish a new connection: [Errno 111] Connection refused',))
2022-05-21 06:42:21,716 [DEBUG] yandextank.core.tankcore tankcore.py:446	Adding artifact file to collect (keep=False): /var/loadtest/logs/2022-05-21_06-42-20.757917/pandora_F1KuJm.log
2022-05-21 06:42:21,841 [DEBUG] yandextank.plugins.Pandora.plugin plugin.py:196	Unable to start Pandora binary. Args: ['var/loadtest/gun1', '-expvar', '/var/loadtest/logs/2022-05-21_06-42-20.757917/pandora_config_NbKLpz.yaml']
Traceback (most recent call last):
  File "/usr/local/lib/python2.7/dist-packages/yandextank/plugins/Pandora/plugin.py", line 193, in start_test
    close_fds=True)
  File "/usr/lib/python2.7/subprocess.py", line 711, in __init__
    errread, errwrite)
  File "/usr/lib/python2.7/subprocess.py", line 1343, in _execute_child
    raise child_exception
OSError: [Errno 2] No such file or directory
2022-05-21 06:42:21,842 [ERROR] root consoleworker.py:296	Test interrupted:
<type 'exceptions.RuntimeError'>: Unable to start Pandora binary and/or file does not exist: ['var/loadtest/gun1', '-expvar', '/var/loadtest/logs/2022-05-21_06-42-20.757917/pandora_config_NbKLpz.yaml']
<traceback object at 0x7f1c2d733b90>
2022-05-21 06:42:21,843 [INFO] yandextank.core.tankcore tankcore.py:301	Finishing test...
2022-05-21 06:42:21,843 [INFO] yandextank.core.tankcore tankcore.py:303	Stopping load generator and aggregator
2022-05-21 06:42:21,844 [DEBUG] yandextank.plugins.Pandora.plugin plugin.py:225	Seems subprocess finished OK
2022-05-21 06:42:21,844 [DEBUG] yandextank.aggregator.tank_aggregator tank_aggregator.py:123	Closing stats reader
2022-05-21 06:42:21,916 [DEBUG] yandextank.aggregator.tank_aggregator tank_aggregator.py:126	Waiting for gun drain to finish
2022-05-21 06:42:22,716 [DEBUG] yandextank.aggregator.tank_aggregator tank_aggregator.py:128	Waiting for stats drain to finish
2022-05-21 06:42:22,717 [DEBUG] yandextank.aggregator.tank_aggregator tank_aggregator.py:130	Collecting remaining data
2022-05-21 06:42:22,718 [DEBUG] yandextank.aggregator.tank_aggregator tank_aggregator.py:87	Data timestamps: []
2022-05-21 06:42:22,719 [DEBUG] yandextank.aggregator.tank_aggregator tank_aggregator.py:88	Stats timestamps: []
2022-05-21 06:42:22,720 [DEBUG] yandextank.core.tankcore tankcore.py:305	RC after: 1
2022-05-21 06:42:22,721 [INFO] yandextank.core.tankcore tankcore.py:307	Stopping monitoring
2022-05-21 06:42:22,722 [DEBUG] yandextank.core.tankcore tankcore.py:315	Finalize <yandextank.plugins.JsonReport.plugin.Plugin object at 0x7f1c2e67de90>
2022-05-21 06:42:22,723 [DEBUG] yandextank.core.tankcore tankcore.py:317	RC before: 1
2022-05-21 06:42:22,724 [DEBUG] yandextank.core.tankcore tankcore.py:319	RC after: 1
2022-05-21 06:42:22,725 [DEBUG] yandextank.core.tankcore tankcore.py:315	Finalize <yandextank.plugins.Autostop.plugin.Plugin object at 0x7f1c2e672790>
2022-05-21 06:42:22,725 [DEBUG] yandextank.core.tankcore tankcore.py:317	RC before: 1
2022-05-21 06:42:22,726 [DEBUG] yandextank.core.tankcore tankcore.py:319	RC after: 1
2022-05-21 06:42:22,726 [DEBUG] yandextank.core.tankcore tankcore.py:315	Finalize <yandextank.plugins.ShellExec.plugin.Plugin object at 0x7f1c2e6724d0>
2022-05-21 06:42:22,726 [DEBUG] yandextank.core.tankcore tankcore.py:317	RC before: 1
2022-05-21 06:42:22,727 [DEBUG] yandextank.core.tankcore tankcore.py:319	RC after: 1
2022-05-21 06:42:22,727 [DEBUG] yandextank.core.tankcore tankcore.py:315	Finalize <yandextank.plugins.Console.plugin.Plugin object at 0x7f1c2e6728d0>
2022-05-21 06:42:22,728 [DEBUG] yandextank.core.tankcore tankcore.py:317	RC before: 1
2022-05-21 06:42:22,728 [DEBUG] yandextank.core.tankcore tankcore.py:319	RC after: 1
2022-05-21 06:42:22,728 [DEBUG] yandextank.core.tankcore tankcore.py:315	Finalize <yandextank.plugins.RCAssert.plugin.Plugin object at 0x7f1c2e672d90>
2022-05-21 06:42:22,728 [DEBUG] yandextank.core.tankcore tankcore.py:317	RC before: 1
2022-05-21 06:42:22,729 [DEBUG] yandextank.core.tankcore tankcore.py:319	RC after: 1
2022-05-21 06:42:22,729 [DEBUG] yandextank.core.tankcore tankcore.py:315	Finalize <yandextank.plugins.ResourceCheck.plugin.Plugin object at 0x7f1c2e67d3d0>
2022-05-21 06:42:22,729 [DEBUG] yandextank.core.tankcore tankcore.py:317	RC before: 1
2022-05-21 06:42:22,729 [DEBUG] yandextank.core.tankcore tankcore.py:319	RC after: 1
2022-05-21 06:42:22,729 [DEBUG] yandextank.core.tankcore tankcore.py:315	Finalize <yandextank.plugins.DataUploader.plugin.Plugin object at 0x7f1c2e67db10>
2022-05-21 06:42:22,730 [DEBUG] yandextank.core.tankcore tankcore.py:317	RC before: 1
2022-05-21 06:42:22,730 [DEBUG] yandextank.plugins.DataUploader.client client.py:642	Sending configinitial config
2022-05-21 06:42:22,801 [DEBUG] urllib3.connectionpool connectionpool.py:393	https://overload.yandex.net:443 "POST /api/job/523521/configinitial.txt?api_token=4f2a42fb997146a394c06ccf2768f953 HTTP/1.1" 200 16
2022-05-21 06:42:22,803 [DEBUG] yandextank.plugins.DataUploader.client client.py:642	Sending configinfo config
2022-05-21 06:42:22,985 [DEBUG] urllib3.connectionpool connectionpool.py:393	https://overload.yandex.net:443 "POST /api/job/523521/configinfo.txt?api_token=4f2a42fb997146a394c06ccf2768f953 HTTP/1.1" 200 16
2022-05-21 06:42:22,987 [INFO] yandextank.plugins.DataUploader.plugin plugin.py:478	Unlocking targets: ['0.0.0.0:8080']
2022-05-21 06:42:22,989 [INFO] yandextank.plugins.DataUploader.plugin plugin.py:480	0.0.0.0:8080
2022-05-21 06:42:22,989 [DEBUG] yandextank.core.tankcore tankcore.py:319	RC after: 1
2022-05-21 06:42:22,990 [INFO] yandextank.core.tankcore tankcore.py:330	Post-processing test...
2022-05-21 06:42:22,991 [DEBUG] yandextank.core.tankcore tankcore.py:333	Post-process <yandextank.plugins.Pandora.plugin.Plugin object at 0x7f1c2e672a10>
2022-05-21 06:42:22,991 [DEBUG] yandextank.core.tankcore tankcore.py:335	RC before: 1
2022-05-21 06:42:22,991 [DEBUG] yandextank.core.tankcore tankcore.py:337	RC after: 1
2022-05-21 06:42:22,992 [DEBUG] yandextank.core.tankcore tankcore.py:333	Post-process <yandextank.plugins.JsonReport.plugin.Plugin object at 0x7f1c2e67de90>
2022-05-21 06:42:22,992 [DEBUG] yandextank.core.tankcore tankcore.py:335	RC before: 1
2022-05-21 06:42:22,994 [DEBUG] yandextank.core.tankcore tankcore.py:337	RC after: 1
2022-05-21 06:42:22,994 [DEBUG] yandextank.core.tankcore tankcore.py:333	Post-process <yandextank.plugins.Autostop.plugin.Plugin object at 0x7f1c2e672790>
2022-05-21 06:42:22,994 [DEBUG] yandextank.core.tankcore tankcore.py:335	RC before: 1
2022-05-21 06:42:22,994 [DEBUG] yandextank.core.tankcore tankcore.py:337	RC after: 1
2022-05-21 06:42:22,994 [DEBUG] yandextank.core.tankcore tankcore.py:333	Post-process <yandextank.plugins.ShellExec.plugin.Plugin object at 0x7f1c2e6724d0>
2022-05-21 06:42:22,995 [DEBUG] yandextank.core.tankcore tankcore.py:335	RC before: 1
2022-05-21 06:42:22,995 [DEBUG] yandextank.core.tankcore tankcore.py:337	RC after: 1
2022-05-21 06:42:22,995 [DEBUG] yandextank.core.tankcore tankcore.py:333	Post-process <yandextank.plugins.Console.plugin.Plugin object at 0x7f1c2e6728d0>
2022-05-21 06:42:22,995 [DEBUG] yandextank.core.tankcore tankcore.py:335	RC before: 1
2022-05-21 06:42:22,995 [DEBUG] yandextank.core.tankcore tankcore.py:337	RC after: 1
2022-05-21 06:42:22,995 [DEBUG] yandextank.core.tankcore tankcore.py:333	Post-process <yandextank.plugins.RCAssert.plugin.Plugin object at 0x7f1c2e672d90>
2022-05-21 06:42:22,995 [DEBUG] yandextank.core.tankcore tankcore.py:335	RC before: 1
2022-05-21 06:42:22,996 [DEBUG] yandextank.core.tankcore tankcore.py:337	RC after: 1
2022-05-21 06:42:22,996 [DEBUG] yandextank.core.tankcore tankcore.py:333	Post-process <yandextank.plugins.ResourceCheck.plugin.Plugin object at 0x7f1c2e67d3d0>
2022-05-21 06:42:22,996 [DEBUG] yandextank.core.tankcore tankcore.py:335	RC before: 1
2022-05-21 06:42:22,996 [DEBUG] yandextank.core.tankcore tankcore.py:337	RC after: 1
2022-05-21 06:42:22,996 [DEBUG] yandextank.core.tankcore tankcore.py:333	Post-process <yandextank.plugins.DataUploader.plugin.Plugin object at 0x7f1c2e67db10>
2022-05-21 06:42:22,996 [DEBUG] yandextank.core.tankcore tankcore.py:335	RC before: 1
2022-05-21 06:42:22,997 [INFO] yandextank.plugins.DataUploader.plugin plugin.py:350	Waiting for sender threads to join.
2022-05-21 06:42:22,997 [INFO] yandextank.plugins.DataUploader.plugin plugin.py:357	Web link: None
2022-05-21 06:42:22,997 [DEBUG] yandextank.core.tankcore tankcore.py:391	Searching for plugin: <class 'yandextank.plugins.Autostop.plugin.Plugin'>
2022-05-21 06:42:22,997 [DEBUG] yandextank.plugins.DataUploader.plugin plugin.py:376	No autostop cause detected
2022-05-21 06:42:22,997 [DEBUG] yandextank.plugins.DataUploader.client client.py:642	Sending configinitial config
2022-05-21 06:42:23,061 [DEBUG] urllib3.connectionpool connectionpool.py:393	https://overload.yandex.net:443 "POST /api/job/523521/configinitial.txt?api_token=4f2a42fb997146a394c06ccf2768f953 HTTP/1.1" 200 16
2022-05-21 06:42:23,063 [DEBUG] yandextank.plugins.DataUploader.client client.py:642	Sending configinfo config
2022-05-21 06:42:23,171 [DEBUG] urllib3.connectionpool connectionpool.py:393	https://overload.yandex.net:443 "POST /api/job/523521/configinfo.txt?api_token=4f2a42fb997146a394c06ccf2768f953 HTTP/1.1" 200 16
2022-05-21 06:42:23,174 [DEBUG] yandextank.core.tankcore tankcore.py:337	RC after: 1
2022-05-21 06:42:23,175 [INFO] root consoleworker.py:269	Trying to clean up
2022-05-21 06:42:23,176 [INFO] yandextank.core.tankcore tankcore.py:526	Cleaning up plugin plugin_pandora
2022-05-21 06:42:23,177 [INFO] yandextank.core.tankcore tankcore.py:526	Cleaning up plugin plugin_json_report
2022-05-21 06:42:23,177 [INFO] yandextank.core.tankcore tankcore.py:526	Cleaning up plugin plugin_autostop
2022-05-21 06:42:23,178 [INFO] yandextank.core.tankcore tankcore.py:526	Cleaning up plugin plugin_shellexec
2022-05-21 06:42:23,179 [INFO] yandextank.core.tankcore tankcore.py:526	Cleaning up plugin plugin_console
2022-05-21 06:42:23,179 [INFO] yandextank.core.tankcore tankcore.py:526	Cleaning up plugin plugin_rcassert
2022-05-21 06:42:23,180 [INFO] yandextank.core.tankcore tankcore.py:526	Cleaning up plugin plugin_rcheck
2022-05-21 06:42:23,180 [INFO] yandextank.core.tankcore tankcore.py:526	Cleaning up plugin plugin_overload
2022-05-21 06:42:23,329 [DEBUG] urllib3.connectionpool connectionpool.py:393	https://overload.yandex.net:443 "GET /api/job/523521/close.json?exitcode=1&api_token=4f2a42fb997146a394c06ccf2768f953 HTTP/1.1" 200 16
2022-05-21 06:42:23,331 [INFO] yandextank.plugins.DataUploader.plugin plugin.py:478	Unlocking targets: ['0.0.0.0:8080']
2022-05-21 06:42:23,332 [INFO] yandextank.plugins.DataUploader.plugin plugin.py:480	0.0.0.0:8080
2022-05-21 06:42:23,333 [INFO] yandextank.core.tankcore tankcore.py:561	Releasing lock: /var/lock/lunapark_b6R3aa.lock
2022-05-21 06:42:23,340 [DEBUG] yandextank.core.tankcore tankcore.py:367	Collecting artifacts
2022-05-21 06:42:23,340 [INFO] yandextank.core.tankcore tankcore.py:368	Artifacts dir: /var/loadtest/logs/2022-05-21_06-42-20.757917
2022-05-21 06:42:23,340 [DEBUG] yandextank.core.tankcore tankcore.py:422	Collecting file: ./phout.log to /var/loadtest/logs/2022-05-21_06-42-20.757917/phout.log
2022-05-21 06:42:23,342 [WARNING] yandextank.core.tankcore tankcore.py:373	Failed to collect file ./phout.log: [Errno 2] No such file or directory: '/var/loadtest/logs/2022-05-21_06-42-20.757917/phout.log'
2022-05-21 06:42:23,343 [DEBUG] yandextank.core.tankcore tankcore.py:422	Collecting file: /var/loadtest/logs/2022-05-21_06-42-20.757917/pandora_config_NbKLpz.yaml to /var/loadtest/logs/2022-05-21_06-42-20.757917/pandora_config_NbKLpz.yaml
2022-05-21 06:42:23,344 [WARNING] yandextank.core.tankcore tankcore.py:429	File already exists: /var/loadtest/logs/2022-05-21_06-42-20.757917/pandora_config_NbKLpz.yaml
2022-05-21 06:42:23,344 [DEBUG] yandextank.core.tankcore tankcore.py:422	Collecting file: validation_error.yaml to /var/loadtest/logs/2022-05-21_06-42-20.757917/validation_error.yaml
2022-05-21 06:42:23,345 [WARNING] yandextank.core.tankcore tankcore.py:424	File not found to collect: validation_error.yaml
2022-05-21 06:42:23,345 [DEBUG] yandextank.core.tankcore tankcore.py:422	Collecting file: /var/loadtest/logs/2022-05-21_06-42-20.757917/pandora_F1KuJm.log to /var/loadtest/logs/2022-05-21_06-42-20.757917/pandora_F1KuJm.log
2022-05-21 06:42:23,345 [WARNING] yandextank.core.tankcore tankcore.py:429	File already exists: /var/loadtest/logs/2022-05-21_06-42-20.757917/pandora_F1KuJm.log
