2022-05-21 07:08:24,868 [INFO] root consoleworker.py:434	Log file created
2022-05-21 07:08:24,872 [INFO] root consoleworker.py:438	Logging handler <logging.FileHandler object at 0x40191a2c10> added
2022-05-21 07:08:24,874 [INFO] root consoleworker.py:438	Logging handler <logging.StreamHandler object at 0x401916a850> added
2022-05-21 07:08:24,878 [INFO] root consoleworker.py:438	Logging handler <logging.StreamHandler object at 0x401918ea50> added
2022-05-21 07:08:24,882 [INFO] root consoleworker.py:373	Created a folder for the test. /var/loadtest/logs/2022-05-21_07-08-24.675004
2022-05-21 07:08:24,887 [INFO] yandextank.core.tankcore tankcore.py:237	Configuring plugins...
2022-05-21 07:08:24,890 [INFO] yandextank.core.tankcore tankcore.py:190	Loading plugins...
2022-05-21 07:08:24,893 [DEBUG] yandextank.core.tankcore tankcore.py:192	Loading plugin rcheck from yandextank.plugins.ResourceCheck
2022-05-21 07:08:24,894 [DEBUG] yandextank.core.tankcore tankcore.py:192	Loading plugin json_report from yandextank.plugins.JsonReport
2022-05-21 07:08:24,908 [DEBUG] yandextank.core.tankcore tankcore.py:192	Loading plugin overload from yandextank.plugins.DataUploader
2022-05-21 07:08:24,911 [DEBUG] yandextank.core.tankcore tankcore.py:192	Loading plugin rcassert from yandextank.plugins.RCAssert
2022-05-21 07:08:24,912 [DEBUG] yandextank.core.tankcore tankcore.py:192	Loading plugin pandora from yandextank.plugins.Pandora
2022-05-21 07:08:24,913 [DEBUG] yandextank.core.tankcore tankcore.py:192	Loading plugin console from yandextank.plugins.Console
2022-05-21 07:08:24,914 [DEBUG] yandextank.core.tankcore tankcore.py:192	Loading plugin shellexec from yandextank.plugins.ShellExec
2022-05-21 07:08:24,916 [DEBUG] yandextank.core.tankcore tankcore.py:192	Loading plugin autostop from yandextank.plugins.Autostop
2022-05-21 07:08:24,919 [DEBUG] yandextank.core.tankcore tankcore.py:212	Plugin instances: {'plugin_pandora': <yandextank.plugins.Pandora.plugin.Plugin object at 0x4019274790>, 'plugin_json_report': <yandextank.plugins.JsonReport.plugin.Plugin object at 0x401927e7d0>, 'plugin_autostop': <yandextank.plugins.Autostop.plugin.Plugin object at 0x4019274f10>, 'plugin_shellexec': <yandextank.plugins.ShellExec.plugin.Plugin object at 0x4019274b50>, 'plugin_console': <yandextank.plugins.Console.plugin.Plugin object at 0x40192749d0>, 'plugin_rcassert': <yandextank.plugins.RCAssert.plugin.Plugin object at 0x4019274890>, 'plugin_rcheck': <yandextank.plugins.ResourceCheck.plugin.Plugin object at 0x401927ebd0>, 'plugin_overload': <yandextank.plugins.DataUploader.plugin.Plugin object at 0x401927e550>}
2022-05-21 07:08:24,921 [DEBUG] yandextank.core.tankcore tankcore.py:244	Configuring <yandextank.plugins.Pandora.plugin.Plugin object at 0x4019274790>
2022-05-21 07:08:24,923 [INFO] yandextank.plugins.Pandora.plugin plugin.py:68	Found config_file option configuration
2022-05-21 07:08:24,951 [DEBUG] yandextank.core.tankcore tankcore.py:446	Adding artifact file to collect (keep=False): /var/loadtest/logs/2022-05-21_07-08-24.675004/pandora_config_LHMIL9.yaml
2022-05-21 07:08:24,964 [DEBUG] yandextank.plugins.Pandora.plugin plugin.py:74	Config after parsing for patching: {'pools': [{'rps': {'duration': '60s', 'type': 'line', 'from': 1, 'to': 200}, 'result': {'destination': './phout.log', 'type': 'phout'}, 'startup': {'type': 'once', 'times': 10}, 'gun': {'type': 'My_custom_gun_name', 'target': '0.0.0.0:8080'}, 'ammo': {'source': {'path': './json.ammo', 'type': 'file'}, 'type': 'custom_provider'}, 'id': 'HTTP pool'}]}
2022-05-21 07:08:24,965 [INFO] yandextank.plugins.Pandora.plugin plugin.py:153	Found report file in pandora config: ./phout.log
2022-05-21 07:08:24,970 [DEBUG] yandextank.core.tankcore tankcore.py:446	Adding artifact file to collect (keep=False): ./phout.log
2022-05-21 07:08:24,971 [DEBUG] yandextank.core.tankcore tankcore.py:244	Configuring <yandextank.plugins.JsonReport.plugin.Plugin object at 0x401927e7d0>
2022-05-21 07:08:24,973 [DEBUG] yandextank.core.tankcore tankcore.py:391	Searching for plugin: <class 'yandextank.common.interfaces.GeneratorPlugin'>
2022-05-21 07:08:24,981 [DEBUG] yandextank.core.tankcore tankcore.py:244	Configuring <yandextank.plugins.Autostop.plugin.Plugin object at 0x4019274f10>
2022-05-21 07:08:24,984 [DEBUG] yandextank.core.tankcore tankcore.py:244	Configuring <yandextank.plugins.ShellExec.plugin.Plugin object at 0x4019274b50>
2022-05-21 07:08:24,987 [DEBUG] yandextank.core.tankcore tankcore.py:244	Configuring <yandextank.plugins.Console.plugin.Plugin object at 0x40192749d0>
2022-05-21 07:08:24,993 [DEBUG] yandextank.core.tankcore tankcore.py:244	Configuring <yandextank.plugins.RCAssert.plugin.Plugin object at 0x4019274890>
2022-05-21 07:08:24,995 [DEBUG] yandextank.core.tankcore tankcore.py:244	Configuring <yandextank.plugins.ResourceCheck.plugin.Plugin object at 0x401927ebd0>
2022-05-21 07:08:25,003 [DEBUG] yandextank.core.tankcore tankcore.py:244	Configuring <yandextank.plugins.DataUploader.plugin.Plugin object at 0x401927e550>
2022-05-21 07:08:25,006 [INFO] yandextank.core.tankcore tankcore.py:249	Preparing test...
2022-05-21 07:08:25,009 [DEBUG] yandextank.core.tankcore tankcore.py:253	Preparing <yandextank.plugins.Pandora.plugin.Plugin object at 0x4019274790>
2022-05-21 07:08:25,011 [DEBUG] yandextank.core.tankcore tankcore.py:391	Searching for plugin: <class 'yandextank.plugins.Console.plugin.Plugin'>
2022-05-21 07:08:25,013 [DEBUG] yandextank.core.tankcore tankcore.py:253	Preparing <yandextank.plugins.JsonReport.plugin.Plugin object at 0x401927e7d0>
2022-05-21 07:08:25,015 [DEBUG] yandextank.core.tankcore tankcore.py:253	Preparing <yandextank.plugins.Autostop.plugin.Plugin object at 0x4019274f10>
2022-05-21 07:08:25,019 [DEBUG] yandextank.common.interfaces plugin.py:74	Criterion string: http(5xx,10%,5s)
2022-05-21 07:08:25,022 [DEBUG] yandextank.common.interfaces plugin.py:78	Criterion objects: {'http(5xx,10%,5s)': <yandextank.plugins.Autostop.criterions.HTTPCodesCriterion object at 0x4019274e10>}
2022-05-21 07:08:25,024 [DEBUG] yandextank.core.tankcore tankcore.py:391	Searching for plugin: <class 'yandextank.plugins.Console.plugin.Plugin'>
2022-05-21 07:08:25,026 [DEBUG] yandextank.core.tankcore tankcore.py:253	Preparing <yandextank.plugins.ShellExec.plugin.Plugin object at 0x4019274b50>
2022-05-21 07:08:25,027 [DEBUG] yandextank.core.tankcore tankcore.py:253	Preparing <yandextank.plugins.Console.plugin.Plugin object at 0x40192749d0>
2022-05-21 07:08:25,028 [DEBUG] yandextank.core.tankcore tankcore.py:253	Preparing <yandextank.plugins.RCAssert.plugin.Plugin object at 0x4019274890>
2022-05-21 07:08:25,029 [DEBUG] yandextank.core.tankcore tankcore.py:253	Preparing <yandextank.plugins.ResourceCheck.plugin.Plugin object at 0x401927ebd0>
2022-05-21 07:08:25,031 [INFO] yandextank.common.interfaces plugin.py:39	Checking tank resources...
2022-05-21 07:08:25,035 [DEBUG] netort.process process.py:23	Starting: sh -c "df --no-sync -m -P -l -x fuse -x tmpfs -x devtmpfs -x davfs -x nfs /var/loadtest/logs | tail -n 1 | awk '{print \$4}' "
2022-05-21 07:08:25,569 [DEBUG] netort.process process.py:46	Process output:
12348

2022-05-21 07:08:25,570 [DEBUG] netort.process process.py:48	Process exit code: 0
2022-05-21 07:08:25,571 [DEBUG] root plugin.py:58	Result: (0, '12348\n', '')
2022-05-21 07:08:25,573 [DEBUG] yandextank.common.interfaces plugin.py:64	Disk free space: 12348/2048
2022-05-21 07:08:25,575 [DEBUG] yandextank.common.interfaces plugin.py:75	Memory free: 3098/512
2022-05-21 07:08:25,576 [DEBUG] yandextank.core.tankcore tankcore.py:253	Preparing <yandextank.plugins.DataUploader.plugin.Plugin object at 0x401927e550>
2022-05-21 07:08:25,578 [WARNING] yandextank.plugins.DataUploader.plugin plugin.py:234	Failed to get info about ammo path
2022-05-21 07:08:25,580 [INFO] root plugin.py:523	Using OVERLOAD backend
2022-05-21 07:08:25,581 [DEBUG] yandextank.plugins.DataUploader.plugin plugin.py:618	Trying to read token from token.txt
2022-05-21 07:08:25,587 [INFO] yandextank.plugins.DataUploader.plugin plugin.py:624	Read authentication token from token.txt, token length is 32 bytes
2022-05-21 07:08:25,636 [INFO] yandextank.plugins.DataUploader.client client.py:59	Proxy not set
2022-05-21 07:08:25,641 [INFO] yandextank.plugins.DataUploader.plugin plugin.py:647	Detected target: 0.0.0.0:8080
2022-05-21 07:08:25,667 [DEBUG] yandextank.plugins.DataUploader.client client.py:336	Job create request: {'person': 'root', 'host': '0.0.0.0:8080', 'task': '', 'tank': '33dff99e44b1', 'notify': [], 'loadscheme': [], 'detailed_time': None, 'port': '8080'}
2022-05-21 07:08:25,678 [DEBUG] urllib3.connectionpool connectionpool.py:813	Starting new HTTPS connection (1): overload.yandex.net:443
2022-05-21 07:08:26,381 [DEBUG] urllib3.connectionpool connectionpool.py:393	https://overload.yandex.net:443 "POST /api/job/create.json?api_token=4f2a42fb997146a394c06ccf2768f953 HTTP/1.1" 200 None
2022-05-21 07:08:26,408 [INFO] yandextank.plugins.DataUploader.plugin plugin.py:789	Job created: 523528
2022-05-21 07:08:26,418 [DEBUG] yandextank.plugins.DataUploader.client client.py:642	Sending configinitial config
2022-05-21 07:08:26,498 [DEBUG] urllib3.connectionpool connectionpool.py:393	https://overload.yandex.net:443 "POST /api/job/523528/configinitial.txt?api_token=4f2a42fb997146a394c06ccf2768f953 HTTP/1.1" 200 16
2022-05-21 07:08:26,505 [INFO] yandextank.plugins.DataUploader.plugin plugin.py:485	Locking targets: ['0.0.0.0:8080']
2022-05-21 07:08:26,509 [INFO] yandextank.plugins.DataUploader.plugin plugin.py:487	Locked targets: ['0.0.0.0:8080']
2022-05-21 07:08:26,524 [DEBUG] yandextank.common.interfaces interfaces.py:101	Publishing status: Plugin/job_no: 523528
2022-05-21 07:08:26,616 [DEBUG] urllib3.connectionpool connectionpool.py:393	https://overload.yandex.net:443 "POST /api/job/523528/edit.json?api_token=4f2a42fb997146a394c06ccf2768f953 HTTP/1.1" 200 19
2022-05-21 07:08:26,626 [DEBUG] yandextank.core.tankcore tankcore.py:391	Searching for plugin: <class 'yandextank.plugins.Console.plugin.Plugin'>
2022-05-21 07:08:26,629 [DEBUG] yandextank.plugins.DataUploader.client client.py:642	Sending configinitial config
2022-05-21 07:08:26,779 [DEBUG] urllib3.connectionpool connectionpool.py:393	https://overload.yandex.net:443 "POST /api/job/523528/configinitial.txt?api_token=4f2a42fb997146a394c06ccf2768f953 HTTP/1.1" 200 16
2022-05-21 07:08:26,793 [DEBUG] yandextank.plugins.DataUploader.client client.py:642	Sending configinfo config
2022-05-21 07:08:26,908 [DEBUG] urllib3.connectionpool connectionpool.py:393	https://overload.yandex.net:443 "POST /api/job/523528/configinfo.txt?api_token=4f2a42fb997146a394c06ccf2768f953 HTTP/1.1" 200 16
2022-05-21 07:08:26,922 [INFO] yandextank.core.tankcore tankcore.py:259	Starting test...
2022-05-21 07:08:26,940 [INFO] yandextank.aggregator.tank_aggregator tank_aggregator.py:63	using verbose histogram
2022-05-21 07:08:26,976 [DEBUG] yandextank.core.tankcore tankcore.py:263	Starting <yandextank.plugins.Pandora.plugin.Plugin object at 0x4019274790>
2022-05-21 07:08:26,982 [INFO] yandextank.plugins.Pandora.plugin plugin.py:183	Starting: ['./gun12', '-expvar', '/var/loadtest/logs/2022-05-21_07-08-24.675004/pandora_config_LHMIL9.yaml']
2022-05-21 07:08:26,991 [DEBUG] urllib3.connectionpool connectionpool.py:205	Starting new HTTP connection (1): localhost:1234
2022-05-21 07:08:27,003 [DEBUG] yandextank.plugins.Pandora.reader reader.py:33	Pandora expvar http interface is unavailable
Traceback (most recent call last):
  File "/usr/local/lib/python2.7/dist-packages/yandextank/plugins/Pandora/reader.py", line 24, in run
    pandora_stat = requests.get("http://localhost:1234/debug/vars", timeout=0.9).json()
  File "/usr/local/lib/python2.7/dist-packages/requests/api.py", line 75, in get
    return request('get', url, params=params, **kwargs)
  File "/usr/local/lib/python2.7/dist-packages/requests/api.py", line 60, in request
    return session.request(method=method, url=url, **kwargs)
  File "/usr/local/lib/python2.7/dist-packages/requests/sessions.py", line 533, in request
    resp = self.send(prep, **send_kwargs)
  File "/usr/local/lib/python2.7/dist-packages/requests/sessions.py", line 646, in send
    r = adapter.send(request, **kwargs)
  File "/usr/local/lib/python2.7/dist-packages/requests/adapters.py", line 516, in send
    raise ConnectionError(e, request=request)
ConnectionError: HTTPConnectionPool(host='localhost', port=1234): Max retries exceeded with url: /debug/vars (Caused by NewConnectionError('<urllib3.connection.HTTPConnection object at 0x40194bcd50>: Failed to establish a new connection: [Errno 111] Connection refused',))
2022-05-21 07:08:27,004 [DEBUG] yandextank.core.tankcore tankcore.py:446	Adding artifact file to collect (keep=False): /var/loadtest/logs/2022-05-21_07-08-24.675004/pandora_7_7smB.log
2022-05-21 07:08:27,018 [DEBUG] urllib3.connectionpool connectionpool.py:205	Starting new HTTP connection (1): localhost:1234
2022-05-21 07:08:27,030 [DEBUG] yandextank.plugins.Pandora.reader reader.py:33	Pandora expvar http interface is unavailable
Traceback (most recent call last):
  File "/usr/local/lib/python2.7/dist-packages/yandextank/plugins/Pandora/reader.py", line 24, in run
    pandora_stat = requests.get("http://localhost:1234/debug/vars", timeout=0.9).json()
  File "/usr/local/lib/python2.7/dist-packages/requests/api.py", line 75, in get
    return request('get', url, params=params, **kwargs)
  File "/usr/local/lib/python2.7/dist-packages/requests/api.py", line 60, in request
    return session.request(method=method, url=url, **kwargs)
  File "/usr/local/lib/python2.7/dist-packages/requests/sessions.py", line 533, in request
    resp = self.send(prep, **send_kwargs)
  File "/usr/local/lib/python2.7/dist-packages/requests/sessions.py", line 646, in send
    r = adapter.send(request, **kwargs)
  File "/usr/local/lib/python2.7/dist-packages/requests/adapters.py", line 516, in send
    raise ConnectionError(e, request=request)
ConnectionError: HTTPConnectionPool(host='localhost', port=1234): Max retries exceeded with url: /debug/vars (Caused by NewConnectionError('<urllib3.connection.HTTPConnection object at 0x4022275750>: Failed to establish a new connection: [Errno 111] Connection refused',))
2022-05-21 07:08:27,483 [DEBUG] yandextank.plugins.Pandora.plugin plugin.py:196	Unable to start Pandora binary. Args: ['./gun12', '-expvar', '/var/loadtest/logs/2022-05-21_07-08-24.675004/pandora_config_LHMIL9.yaml']
Traceback (most recent call last):
  File "/usr/local/lib/python2.7/dist-packages/yandextank/plugins/Pandora/plugin.py", line 193, in start_test
    close_fds=True)
  File "/usr/lib/python2.7/subprocess.py", line 711, in __init__
    errread, errwrite)
  File "/usr/lib/python2.7/subprocess.py", line 1343, in _execute_child
    raise child_exception
OSError: [Errno 13] Permission denied
2022-05-21 07:08:27,488 [ERROR] root consoleworker.py:296	Test interrupted:
<type 'exceptions.RuntimeError'>: Unable to start Pandora binary and/or file does not exist: ['./gun12', '-expvar', '/var/loadtest/logs/2022-05-21_07-08-24.675004/pandora_config_LHMIL9.yaml']
<traceback object at 0x403dea2c68>
2022-05-21 07:08:27,493 [INFO] yandextank.core.tankcore tankcore.py:301	Finishing test...
2022-05-21 07:08:27,497 [INFO] yandextank.core.tankcore tankcore.py:303	Stopping load generator and aggregator
2022-05-21 07:08:27,502 [DEBUG] yandextank.plugins.Pandora.plugin plugin.py:225	Seems subprocess finished OK
2022-05-21 07:08:27,506 [DEBUG] yandextank.aggregator.tank_aggregator tank_aggregator.py:123	Closing stats reader
2022-05-21 07:08:27,647 [DEBUG] yandextank.aggregator.tank_aggregator tank_aggregator.py:126	Waiting for gun drain to finish
2022-05-21 07:08:27,995 [DEBUG] yandextank.aggregator.tank_aggregator tank_aggregator.py:128	Waiting for stats drain to finish
2022-05-21 07:08:28,001 [DEBUG] yandextank.aggregator.tank_aggregator tank_aggregator.py:130	Collecting remaining data
2022-05-21 07:08:28,005 [DEBUG] yandextank.aggregator.tank_aggregator tank_aggregator.py:87	Data timestamps: []
2022-05-21 07:08:28,008 [DEBUG] yandextank.aggregator.tank_aggregator tank_aggregator.py:88	Stats timestamps: []
2022-05-21 07:08:28,012 [DEBUG] yandextank.core.tankcore tankcore.py:305	RC after: 1
2022-05-21 07:08:28,017 [INFO] yandextank.core.tankcore tankcore.py:307	Stopping monitoring
2022-05-21 07:08:28,023 [DEBUG] yandextank.core.tankcore tankcore.py:315	Finalize <yandextank.plugins.JsonReport.plugin.Plugin object at 0x401927e7d0>
2022-05-21 07:08:28,026 [DEBUG] yandextank.core.tankcore tankcore.py:317	RC before: 1
2022-05-21 07:08:28,029 [DEBUG] yandextank.core.tankcore tankcore.py:319	RC after: 1
2022-05-21 07:08:28,031 [DEBUG] yandextank.core.tankcore tankcore.py:315	Finalize <yandextank.plugins.Autostop.plugin.Plugin object at 0x4019274f10>
2022-05-21 07:08:28,033 [DEBUG] yandextank.core.tankcore tankcore.py:317	RC before: 1
2022-05-21 07:08:28,035 [DEBUG] yandextank.core.tankcore tankcore.py:319	RC after: 1
2022-05-21 07:08:28,039 [DEBUG] yandextank.core.tankcore tankcore.py:315	Finalize <yandextank.plugins.ShellExec.plugin.Plugin object at 0x4019274b50>
2022-05-21 07:08:28,043 [DEBUG] yandextank.core.tankcore tankcore.py:317	RC before: 1
2022-05-21 07:08:28,048 [DEBUG] yandextank.core.tankcore tankcore.py:319	RC after: 1
2022-05-21 07:08:28,053 [DEBUG] yandextank.core.tankcore tankcore.py:315	Finalize <yandextank.plugins.Console.plugin.Plugin object at 0x40192749d0>
2022-05-21 07:08:28,054 [DEBUG] yandextank.core.tankcore tankcore.py:317	RC before: 1
2022-05-21 07:08:28,056 [DEBUG] yandextank.core.tankcore tankcore.py:319	RC after: 1
2022-05-21 07:08:28,057 [DEBUG] yandextank.core.tankcore tankcore.py:315	Finalize <yandextank.plugins.RCAssert.plugin.Plugin object at 0x4019274890>
2022-05-21 07:08:28,058 [DEBUG] yandextank.core.tankcore tankcore.py:317	RC before: 1
2022-05-21 07:08:28,060 [DEBUG] yandextank.core.tankcore tankcore.py:319	RC after: 1
2022-05-21 07:08:28,061 [DEBUG] yandextank.core.tankcore tankcore.py:315	Finalize <yandextank.plugins.ResourceCheck.plugin.Plugin object at 0x401927ebd0>
2022-05-21 07:08:28,063 [DEBUG] yandextank.core.tankcore tankcore.py:317	RC before: 1
2022-05-21 07:08:28,065 [DEBUG] yandextank.core.tankcore tankcore.py:319	RC after: 1
2022-05-21 07:08:28,067 [DEBUG] yandextank.core.tankcore tankcore.py:315	Finalize <yandextank.plugins.DataUploader.plugin.Plugin object at 0x401927e550>
2022-05-21 07:08:28,069 [DEBUG] yandextank.core.tankcore tankcore.py:317	RC before: 1
2022-05-21 07:08:28,071 [DEBUG] yandextank.plugins.DataUploader.client client.py:642	Sending configinitial config
2022-05-21 07:08:28,221 [DEBUG] urllib3.connectionpool connectionpool.py:393	https://overload.yandex.net:443 "POST /api/job/523528/configinitial.txt?api_token=4f2a42fb997146a394c06ccf2768f953 HTTP/1.1" 200 16
2022-05-21 07:08:28,227 [DEBUG] yandextank.plugins.DataUploader.client client.py:642	Sending configinfo config
2022-05-21 07:08:28,538 [DEBUG] urllib3.connectionpool connectionpool.py:393	https://overload.yandex.net:443 "POST /api/job/523528/configinfo.txt?api_token=4f2a42fb997146a394c06ccf2768f953 HTTP/1.1" 200 16
2022-05-21 07:08:28,554 [INFO] yandextank.plugins.DataUploader.plugin plugin.py:478	Unlocking targets: ['0.0.0.0:8080']
2022-05-21 07:08:28,560 [INFO] yandextank.plugins.DataUploader.plugin plugin.py:480	0.0.0.0:8080
2022-05-21 07:08:28,564 [DEBUG] yandextank.core.tankcore tankcore.py:319	RC after: 1
2022-05-21 07:08:28,569 [INFO] yandextank.core.tankcore tankcore.py:330	Post-processing test...
2022-05-21 07:08:28,572 [DEBUG] yandextank.core.tankcore tankcore.py:333	Post-process <yandextank.plugins.Pandora.plugin.Plugin object at 0x4019274790>
2022-05-21 07:08:28,576 [DEBUG] yandextank.core.tankcore tankcore.py:335	RC before: 1
2022-05-21 07:08:28,580 [DEBUG] yandextank.core.tankcore tankcore.py:337	RC after: 1
2022-05-21 07:08:28,583 [DEBUG] yandextank.core.tankcore tankcore.py:333	Post-process <yandextank.plugins.JsonReport.plugin.Plugin object at 0x401927e7d0>
2022-05-21 07:08:28,586 [DEBUG] yandextank.core.tankcore tankcore.py:335	RC before: 1
2022-05-21 07:08:28,590 [DEBUG] yandextank.core.tankcore tankcore.py:337	RC after: 1
2022-05-21 07:08:28,593 [DEBUG] yandextank.core.tankcore tankcore.py:333	Post-process <yandextank.plugins.Autostop.plugin.Plugin object at 0x4019274f10>
2022-05-21 07:08:28,595 [DEBUG] yandextank.core.tankcore tankcore.py:335	RC before: 1
2022-05-21 07:08:28,598 [DEBUG] yandextank.core.tankcore tankcore.py:337	RC after: 1
2022-05-21 07:08:28,603 [DEBUG] yandextank.core.tankcore tankcore.py:333	Post-process <yandextank.plugins.ShellExec.plugin.Plugin object at 0x4019274b50>
2022-05-21 07:08:28,605 [DEBUG] yandextank.core.tankcore tankcore.py:335	RC before: 1
2022-05-21 07:08:28,607 [DEBUG] yandextank.core.tankcore tankcore.py:337	RC after: 1
2022-05-21 07:08:28,608 [DEBUG] yandextank.core.tankcore tankcore.py:333	Post-process <yandextank.plugins.Console.plugin.Plugin object at 0x40192749d0>
2022-05-21 07:08:28,609 [DEBUG] yandextank.core.tankcore tankcore.py:335	RC before: 1
2022-05-21 07:08:28,610 [DEBUG] yandextank.core.tankcore tankcore.py:337	RC after: 1
2022-05-21 07:08:28,612 [DEBUG] yandextank.core.tankcore tankcore.py:333	Post-process <yandextank.plugins.RCAssert.plugin.Plugin object at 0x4019274890>
2022-05-21 07:08:28,613 [DEBUG] yandextank.core.tankcore tankcore.py:335	RC before: 1
2022-05-21 07:08:28,614 [DEBUG] yandextank.core.tankcore tankcore.py:337	RC after: 1
2022-05-21 07:08:28,617 [DEBUG] yandextank.core.tankcore tankcore.py:333	Post-process <yandextank.plugins.ResourceCheck.plugin.Plugin object at 0x401927ebd0>
2022-05-21 07:08:28,619 [DEBUG] yandextank.core.tankcore tankcore.py:335	RC before: 1
2022-05-21 07:08:28,620 [DEBUG] yandextank.core.tankcore tankcore.py:337	RC after: 1
2022-05-21 07:08:28,621 [DEBUG] yandextank.core.tankcore tankcore.py:333	Post-process <yandextank.plugins.DataUploader.plugin.Plugin object at 0x401927e550>
2022-05-21 07:08:28,622 [DEBUG] yandextank.core.tankcore tankcore.py:335	RC before: 1
2022-05-21 07:08:28,623 [INFO] yandextank.plugins.DataUploader.plugin plugin.py:350	Waiting for sender threads to join.
2022-05-21 07:08:28,624 [INFO] yandextank.plugins.DataUploader.plugin plugin.py:357	Web link: None
2022-05-21 07:08:28,625 [DEBUG] yandextank.core.tankcore tankcore.py:391	Searching for plugin: <class 'yandextank.plugins.Autostop.plugin.Plugin'>
2022-05-21 07:08:28,626 [DEBUG] yandextank.plugins.DataUploader.plugin plugin.py:376	No autostop cause detected
2022-05-21 07:08:28,627 [DEBUG] yandextank.plugins.DataUploader.client client.py:642	Sending configinitial config
2022-05-21 07:08:28,704 [DEBUG] urllib3.connectionpool connectionpool.py:393	https://overload.yandex.net:443 "POST /api/job/523528/configinitial.txt?api_token=4f2a42fb997146a394c06ccf2768f953 HTTP/1.1" 200 16
2022-05-21 07:08:28,708 [DEBUG] yandextank.plugins.DataUploader.client client.py:642	Sending configinfo config
2022-05-21 07:08:28,794 [DEBUG] urllib3.connectionpool connectionpool.py:393	https://overload.yandex.net:443 "POST /api/job/523528/configinfo.txt?api_token=4f2a42fb997146a394c06ccf2768f953 HTTP/1.1" 200 16
2022-05-21 07:08:28,799 [DEBUG] yandextank.core.tankcore tankcore.py:337	RC after: 1
2022-05-21 07:08:28,801 [INFO] root consoleworker.py:269	Trying to clean up
2022-05-21 07:08:28,809 [INFO] yandextank.core.tankcore tankcore.py:526	Cleaning up plugin plugin_pandora
2022-05-21 07:08:28,810 [INFO] yandextank.core.tankcore tankcore.py:526	Cleaning up plugin plugin_json_report
2022-05-21 07:08:28,812 [INFO] yandextank.core.tankcore tankcore.py:526	Cleaning up plugin plugin_autostop
2022-05-21 07:08:28,814 [INFO] yandextank.core.tankcore tankcore.py:526	Cleaning up plugin plugin_shellexec
2022-05-21 07:08:28,816 [INFO] yandextank.core.tankcore tankcore.py:526	Cleaning up plugin plugin_console
2022-05-21 07:08:28,819 [INFO] yandextank.core.tankcore tankcore.py:526	Cleaning up plugin plugin_rcassert
2022-05-21 07:08:28,820 [INFO] yandextank.core.tankcore tankcore.py:526	Cleaning up plugin plugin_rcheck
2022-05-21 07:08:28,822 [INFO] yandextank.core.tankcore tankcore.py:526	Cleaning up plugin plugin_overload
2022-05-21 07:08:28,924 [DEBUG] urllib3.connectionpool connectionpool.py:393	https://overload.yandex.net:443 "GET /api/job/523528/close.json?exitcode=1&api_token=4f2a42fb997146a394c06ccf2768f953 HTTP/1.1" 200 16
2022-05-21 07:08:28,929 [INFO] yandextank.plugins.DataUploader.plugin plugin.py:478	Unlocking targets: ['0.0.0.0:8080']
2022-05-21 07:08:28,931 [INFO] yandextank.plugins.DataUploader.plugin plugin.py:480	0.0.0.0:8080
2022-05-21 07:08:28,934 [INFO] yandextank.core.tankcore tankcore.py:561	Releasing lock: /var/lock/lunapark_9zGnHg.lock
2022-05-21 07:08:28,949 [DEBUG] yandextank.core.tankcore tankcore.py:367	Collecting artifacts
2022-05-21 07:08:28,950 [INFO] yandextank.core.tankcore tankcore.py:368	Artifacts dir: /var/loadtest/logs/2022-05-21_07-08-24.675004
2022-05-21 07:08:28,951 [DEBUG] yandextank.core.tankcore tankcore.py:422	Collecting file: ./phout.log to /var/loadtest/logs/2022-05-21_07-08-24.675004/phout.log
2022-05-21 07:08:28,963 [DEBUG] yandextank.core.tankcore tankcore.py:422	Collecting file: /var/loadtest/logs/2022-05-21_07-08-24.675004/pandora_config_LHMIL9.yaml to /var/loadtest/logs/2022-05-21_07-08-24.675004/pandora_config_LHMIL9.yaml
2022-05-21 07:08:28,967 [WARNING] yandextank.core.tankcore tankcore.py:429	File already exists: /var/loadtest/logs/2022-05-21_07-08-24.675004/pandora_config_LHMIL9.yaml
2022-05-21 07:08:28,970 [DEBUG] yandextank.core.tankcore tankcore.py:422	Collecting file: validation_error.yaml to /var/loadtest/logs/2022-05-21_07-08-24.675004/validation_error.yaml
2022-05-21 07:08:28,972 [WARNING] yandextank.core.tankcore tankcore.py:424	File not found to collect: validation_error.yaml
2022-05-21 07:08:28,974 [DEBUG] yandextank.core.tankcore tankcore.py:422	Collecting file: /var/loadtest/logs/2022-05-21_07-08-24.675004/pandora_7_7smB.log to /var/loadtest/logs/2022-05-21_07-08-24.675004/pandora_7_7smB.log
2022-05-21 07:08:28,976 [WARNING] yandextank.core.tankcore tankcore.py:429	File already exists: /var/loadtest/logs/2022-05-21_07-08-24.675004/pandora_7_7smB.log
