2022-05-20 18:11:39,023 [INFO] root consoleworker.py:434	Log file created
2022-05-20 18:11:39,027 [INFO] root consoleworker.py:438	Logging handler <logging.FileHandler object at 0x40192a2c10> added
2022-05-20 18:11:39,031 [INFO] root consoleworker.py:438	Logging handler <logging.StreamHandler object at 0x401926a850> added
2022-05-20 18:11:39,034 [INFO] root consoleworker.py:438	Logging handler <logging.StreamHandler object at 0x401928ea50> added
2022-05-20 18:11:39,036 [INFO] root consoleworker.py:373	Created a folder for the test. /Users/nikitaratasnuk/yandex.tank/logs/2022-05-20_18-11-38.835065
2022-05-20 18:11:39,038 [INFO] yandextank.core.tankcore tankcore.py:237	Configuring plugins...
2022-05-20 18:11:39,041 [INFO] yandextank.core.tankcore tankcore.py:190	Loading plugins...
2022-05-20 18:11:39,043 [DEBUG] yandextank.core.tankcore tankcore.py:192	Loading plugin rcheck from yandextank.plugins.ResourceCheck
2022-05-20 18:11:39,045 [DEBUG] yandextank.core.tankcore tankcore.py:192	Loading plugin json_report from yandextank.plugins.JsonReport
2022-05-20 18:11:39,060 [DEBUG] yandextank.core.tankcore tankcore.py:192	Loading plugin overload from yandextank.plugins.DataUploader
2022-05-20 18:11:39,066 [DEBUG] yandextank.core.tankcore tankcore.py:192	Loading plugin rcassert from yandextank.plugins.RCAssert
2022-05-20 18:11:39,068 [DEBUG] yandextank.core.tankcore tankcore.py:192	Loading plugin pandora from yandextank.plugins.Pandora
2022-05-20 18:11:39,070 [DEBUG] yandextank.core.tankcore tankcore.py:192	Loading plugin console from yandextank.plugins.Console
2022-05-20 18:11:39,071 [DEBUG] yandextank.core.tankcore tankcore.py:192	Loading plugin shellexec from yandextank.plugins.ShellExec
2022-05-20 18:11:39,072 [DEBUG] yandextank.core.tankcore tankcore.py:192	Loading plugin autostop from yandextank.plugins.Autostop
2022-05-20 18:11:39,074 [DEBUG] yandextank.core.tankcore tankcore.py:212	Plugin instances: {'plugin_pandora': <yandextank.plugins.Pandora.plugin.Plugin object at 0x4019374d10>, 'plugin_json_report': <yandextank.plugins.JsonReport.plugin.Plugin object at 0x401937eb90>, 'plugin_autostop': <yandextank.plugins.Autostop.plugin.Plugin object at 0x40193748d0>, 'plugin_shellexec': <yandextank.plugins.ShellExec.plugin.Plugin object at 0x4019374b90>, 'plugin_console': <yandextank.plugins.Console.plugin.Plugin object at 0x4019374110>, 'plugin_rcassert': <yandextank.plugins.RCAssert.plugin.Plugin object at 0x4019374890>, 'plugin_rcheck': <yandextank.plugins.ResourceCheck.plugin.Plugin object at 0x401937e5d0>, 'plugin_overload': <yandextank.plugins.DataUploader.plugin.Plugin object at 0x401937e510>}
2022-05-20 18:11:39,076 [DEBUG] yandextank.core.tankcore tankcore.py:244	Configuring <yandextank.plugins.Pandora.plugin.Plugin object at 0x4019374d10>
2022-05-20 18:11:39,078 [INFO] yandextank.plugins.Pandora.plugin plugin.py:68	Found config_file option configuration
2022-05-20 18:11:39,111 [DEBUG] yandextank.core.tankcore tankcore.py:446	Adding artifact file to collect (keep=False): /Users/nikitaratasnuk/yandex.tank/logs/2022-05-20_18-11-38.835065/pandora_config_CZ6yai.yaml
2022-05-20 18:11:39,127 [DEBUG] yandextank.plugins.Pandora.plugin plugin.py:74	Config after parsing for patching: {'pools': [{'rps': {'duration': '60s', 'type': 'line', 'from': 1, 'to': 200}, 'result': {'destination': './phout.log', 'type': 'phout'}, 'startup': {'type': 'once', 'times': 10}, 'gun': {'type': 'My_custom_gun_name', 'target': '0.0.0.0:8080'}, 'ammo': {'source': {'path': './json.ammo', 'type': 'file'}, 'type': 'custom_provider'}, 'id': 'HTTP pool'}]}
2022-05-20 18:11:39,129 [INFO] yandextank.plugins.Pandora.plugin plugin.py:153	Found report file in pandora config: ./phout.log
2022-05-20 18:11:39,134 [DEBUG] yandextank.core.tankcore tankcore.py:446	Adding artifact file to collect (keep=False): ./phout.log
2022-05-20 18:11:39,135 [DEBUG] yandextank.core.tankcore tankcore.py:244	Configuring <yandextank.plugins.JsonReport.plugin.Plugin object at 0x401937eb90>
2022-05-20 18:11:39,137 [DEBUG] yandextank.core.tankcore tankcore.py:391	Searching for plugin: <class 'yandextank.common.interfaces.GeneratorPlugin'>
2022-05-20 18:11:39,144 [DEBUG] yandextank.core.tankcore tankcore.py:244	Configuring <yandextank.plugins.Autostop.plugin.Plugin object at 0x40193748d0>
2022-05-20 18:11:39,146 [DEBUG] yandextank.core.tankcore tankcore.py:244	Configuring <yandextank.plugins.ShellExec.plugin.Plugin object at 0x4019374b90>
2022-05-20 18:11:39,148 [DEBUG] yandextank.core.tankcore tankcore.py:244	Configuring <yandextank.plugins.Console.plugin.Plugin object at 0x4019374110>
2022-05-20 18:11:39,153 [DEBUG] yandextank.core.tankcore tankcore.py:244	Configuring <yandextank.plugins.RCAssert.plugin.Plugin object at 0x4019374890>
2022-05-20 18:11:39,155 [DEBUG] yandextank.core.tankcore tankcore.py:244	Configuring <yandextank.plugins.ResourceCheck.plugin.Plugin object at 0x401937e5d0>
2022-05-20 18:11:39,158 [DEBUG] yandextank.core.tankcore tankcore.py:244	Configuring <yandextank.plugins.DataUploader.plugin.Plugin object at 0x401937e510>
2022-05-20 18:11:39,160 [INFO] yandextank.core.tankcore tankcore.py:249	Preparing test...
2022-05-20 18:11:39,161 [DEBUG] yandextank.core.tankcore tankcore.py:253	Preparing <yandextank.plugins.Pandora.plugin.Plugin object at 0x4019374d10>
2022-05-20 18:11:39,167 [DEBUG] yandextank.core.tankcore tankcore.py:391	Searching for plugin: <class 'yandextank.plugins.Console.plugin.Plugin'>
2022-05-20 18:11:39,171 [DEBUG] yandextank.core.tankcore tankcore.py:253	Preparing <yandextank.plugins.JsonReport.plugin.Plugin object at 0x401937eb90>
2022-05-20 18:11:39,172 [DEBUG] yandextank.core.tankcore tankcore.py:253	Preparing <yandextank.plugins.Autostop.plugin.Plugin object at 0x40193748d0>
2022-05-20 18:11:39,173 [DEBUG] yandextank.common.interfaces plugin.py:74	Criterion string: http(5xx,10%,5s)
2022-05-20 18:11:39,175 [DEBUG] yandextank.common.interfaces plugin.py:78	Criterion objects: {'http(5xx,10%,5s)': <yandextank.plugins.Autostop.criterions.HTTPCodesCriterion object at 0x4019374910>}
2022-05-20 18:11:39,176 [DEBUG] yandextank.core.tankcore tankcore.py:391	Searching for plugin: <class 'yandextank.plugins.Console.plugin.Plugin'>
2022-05-20 18:11:39,178 [DEBUG] yandextank.core.tankcore tankcore.py:253	Preparing <yandextank.plugins.ShellExec.plugin.Plugin object at 0x4019374b90>
2022-05-20 18:11:39,179 [DEBUG] yandextank.core.tankcore tankcore.py:253	Preparing <yandextank.plugins.Console.plugin.Plugin object at 0x4019374110>
2022-05-20 18:11:39,180 [DEBUG] yandextank.core.tankcore tankcore.py:253	Preparing <yandextank.plugins.RCAssert.plugin.Plugin object at 0x4019374890>
2022-05-20 18:11:39,182 [DEBUG] yandextank.core.tankcore tankcore.py:253	Preparing <yandextank.plugins.ResourceCheck.plugin.Plugin object at 0x401937e5d0>
2022-05-20 18:11:39,184 [INFO] yandextank.common.interfaces plugin.py:39	Checking tank resources...
2022-05-20 18:11:39,187 [DEBUG] netort.process process.py:23	Starting: sh -c "df --no-sync -m -P -l -x fuse -x tmpfs -x devtmpfs -x davfs -x nfs /Users/nikitaratasnuk/yandex.tank/logs | tail -n 1 | awk '{print \$4}' "
2022-05-20 18:11:39,709 [DEBUG] netort.process process.py:46	Process output:
11088

2022-05-20 18:11:39,711 [DEBUG] netort.process process.py:48	Process exit code: 0
2022-05-20 18:11:39,712 [DEBUG] root plugin.py:58	Result: (0, '11088\n', '')
2022-05-20 18:11:39,713 [DEBUG] yandextank.common.interfaces plugin.py:64	Disk free space: 11088/2048
2022-05-20 18:11:39,716 [DEBUG] yandextank.common.interfaces plugin.py:75	Memory free: 3088/512
2022-05-20 18:11:39,717 [DEBUG] yandextank.core.tankcore tankcore.py:253	Preparing <yandextank.plugins.DataUploader.plugin.Plugin object at 0x401937e510>
2022-05-20 18:11:39,718 [WARNING] yandextank.plugins.DataUploader.plugin plugin.py:234	Failed to get info about ammo path
2022-05-20 18:11:39,720 [INFO] root plugin.py:523	Using OVERLOAD backend
2022-05-20 18:11:39,721 [DEBUG] yandextank.plugins.DataUploader.plugin plugin.py:618	Trying to read token from token.txt
2022-05-20 18:11:39,727 [INFO] yandextank.plugins.DataUploader.plugin plugin.py:624	Read authentication token from token.txt, token length is 32 bytes
2022-05-20 18:11:39,777 [INFO] yandextank.plugins.DataUploader.client client.py:59	Proxy not set
2022-05-20 18:11:39,780 [INFO] yandextank.plugins.DataUploader.plugin plugin.py:647	Detected target: 0.0.0.0:8080
2022-05-20 18:11:39,811 [DEBUG] yandextank.plugins.DataUploader.client client.py:336	Job create request: {'person': 'root', 'host': '0.0.0.0:8080', 'task': '', 'tank': 'b6c47eda5ae2', 'notify': [], 'loadscheme': [], 'detailed_time': None, 'port': '8080'}
2022-05-20 18:11:39,822 [DEBUG] urllib3.connectionpool connectionpool.py:813	Starting new HTTPS connection (1): overload.yandex.net:443
2022-05-20 18:11:40,056 [DEBUG] urllib3.connectionpool connectionpool.py:393	https://overload.yandex.net:443 "POST /api/job/create.json?api_token=4f2a42fb997146a394c06ccf2768f953 HTTP/1.1" 200 None
2022-05-20 18:11:40,072 [INFO] yandextank.plugins.DataUploader.plugin plugin.py:789	Job created: 523478
2022-05-20 18:11:40,078 [DEBUG] yandextank.plugins.DataUploader.client client.py:642	Sending configinitial config
2022-05-20 18:11:40,149 [DEBUG] urllib3.connectionpool connectionpool.py:393	https://overload.yandex.net:443 "POST /api/job/523478/configinitial.txt?api_token=4f2a42fb997146a394c06ccf2768f953 HTTP/1.1" 200 16
2022-05-20 18:11:40,154 [INFO] yandextank.plugins.DataUploader.plugin plugin.py:485	Locking targets: ['0.0.0.0:8080']
2022-05-20 18:11:40,157 [INFO] yandextank.plugins.DataUploader.plugin plugin.py:487	Locked targets: ['0.0.0.0:8080']
2022-05-20 18:11:40,164 [DEBUG] yandextank.common.interfaces interfaces.py:101	Publishing status: Plugin/job_no: 523478
2022-05-20 18:11:40,313 [DEBUG] urllib3.connectionpool connectionpool.py:393	https://overload.yandex.net:443 "POST /api/job/523478/edit.json?api_token=4f2a42fb997146a394c06ccf2768f953 HTTP/1.1" 200 19
2022-05-20 18:11:40,326 [DEBUG] yandextank.core.tankcore tankcore.py:391	Searching for plugin: <class 'yandextank.plugins.Console.plugin.Plugin'>
2022-05-20 18:11:40,330 [DEBUG] yandextank.plugins.DataUploader.client client.py:642	Sending configinitial config
2022-05-20 18:11:40,405 [DEBUG] urllib3.connectionpool connectionpool.py:393	https://overload.yandex.net:443 "POST /api/job/523478/configinitial.txt?api_token=4f2a42fb997146a394c06ccf2768f953 HTTP/1.1" 200 16
2022-05-20 18:11:40,422 [DEBUG] yandextank.plugins.DataUploader.client client.py:642	Sending configinfo config
2022-05-20 18:11:40,536 [DEBUG] urllib3.connectionpool connectionpool.py:393	https://overload.yandex.net:443 "POST /api/job/523478/configinfo.txt?api_token=4f2a42fb997146a394c06ccf2768f953 HTTP/1.1" 200 16
2022-05-20 18:11:40,549 [INFO] yandextank.core.tankcore tankcore.py:259	Starting test...
2022-05-20 18:11:40,560 [INFO] yandextank.aggregator.tank_aggregator tank_aggregator.py:63	using verbose histogram
2022-05-20 18:11:40,594 [DEBUG] yandextank.core.tankcore tankcore.py:263	Starting <yandextank.plugins.Pandora.plugin.Plugin object at 0x4019374d10>
2022-05-20 18:11:40,602 [INFO] yandextank.plugins.Pandora.plugin plugin.py:183	Starting: ['http://mitme.net/pandora', '-expvar', '/Users/nikitaratasnuk/yandex.tank/logs/2022-05-20_18-11-38.835065/pandora_config_CZ6yai.yaml']
2022-05-20 18:11:40,604 [DEBUG] urllib3.connectionpool connectionpool.py:205	Starting new HTTP connection (1): localhost:1234
2022-05-20 18:11:40,613 [DEBUG] yandextank.core.tankcore tankcore.py:446	Adding artifact file to collect (keep=False): /Users/nikitaratasnuk/yandex.tank/logs/2022-05-20_18-11-38.835065/pandora_m8X6V9.log
2022-05-20 18:11:40,617 [DEBUG] yandextank.plugins.Pandora.reader reader.py:33	Pandora expvar http interface is unavailable
Traceback (most recent call last):
  File "/usr/local/lib/python2.7/dist-packages/yandextank/plugins/Pandora/reader.py", line 24, in run
    pandora_stat = requests.get("http://localhost:1234/debug/vars", timeout=0.9).json()
  File "/usr/local/lib/python2.7/dist-packages/requests/api.py", line 75, in get
    return request('get', url, params=params, **kwargs)
  File "/usr/local/lib/python2.7/dist-packages/requests/api.py", line 60, in request
    return session.request(method=method, url=url, **kwargs)
  File "/usr/local/lib/python2.7/dist-packages/requests/sessions.py", line 533, in request
    resp = self.send(prep, **send_kwargs)
  File "/usr/local/lib/python2.7/dist-packages/requests/sessions.py", line 646, in send
    r = adapter.send(request, **kwargs)
  File "/usr/local/lib/python2.7/dist-packages/requests/adapters.py", line 516, in send
    raise ConnectionError(e, request=request)
ConnectionError: HTTPConnectionPool(host='localhost', port=1234): Max retries exceeded with url: /debug/vars (Caused by NewConnectionError('<urllib3.connection.HTTPConnection object at 0x40195bdd90>: Failed to establish a new connection: [Errno 111] Connection refused',))
2022-05-20 18:11:41,032 [DEBUG] urllib3.connectionpool connectionpool.py:205	Starting new HTTP connection (1): localhost:1234
2022-05-20 18:11:41,038 [DEBUG] yandextank.plugins.Pandora.reader reader.py:33	Pandora expvar http interface is unavailable
Traceback (most recent call last):
  File "/usr/local/lib/python2.7/dist-packages/yandextank/plugins/Pandora/reader.py", line 24, in run
    pandora_stat = requests.get("http://localhost:1234/debug/vars", timeout=0.9).json()
  File "/usr/local/lib/python2.7/dist-packages/requests/api.py", line 75, in get
    return request('get', url, params=params, **kwargs)
  File "/usr/local/lib/python2.7/dist-packages/requests/api.py", line 60, in request
    return session.request(method=method, url=url, **kwargs)
  File "/usr/local/lib/python2.7/dist-packages/requests/sessions.py", line 533, in request
    resp = self.send(prep, **send_kwargs)
  File "/usr/local/lib/python2.7/dist-packages/requests/sessions.py", line 646, in send
    r = adapter.send(request, **kwargs)
  File "/usr/local/lib/python2.7/dist-packages/requests/adapters.py", line 516, in send
    raise ConnectionError(e, request=request)
ConnectionError: HTTPConnectionPool(host='localhost', port=1234): Max retries exceeded with url: /debug/vars (Caused by NewConnectionError('<urllib3.connection.HTTPConnection object at 0x40223767d0>: Failed to establish a new connection: [Errno 111] Connection refused',))
2022-05-20 18:11:41,071 [DEBUG] yandextank.plugins.Pandora.plugin plugin.py:196	Unable to start Pandora binary. Args: ['http://mitme.net/pandora', '-expvar', '/Users/nikitaratasnuk/yandex.tank/logs/2022-05-20_18-11-38.835065/pandora_config_CZ6yai.yaml']
Traceback (most recent call last):
  File "/usr/local/lib/python2.7/dist-packages/yandextank/plugins/Pandora/plugin.py", line 193, in start_test
    close_fds=True)
  File "/usr/lib/python2.7/subprocess.py", line 711, in __init__
    errread, errwrite)
  File "/usr/lib/python2.7/subprocess.py", line 1343, in _execute_child
    raise child_exception
OSError: [Errno 2] No such file or directory
2022-05-20 18:11:41,075 [ERROR] root consoleworker.py:296	Test interrupted:
<type 'exceptions.RuntimeError'>: Unable to start Pandora binary and/or file does not exist: ['http://mitme.net/pandora', '-expvar', '/Users/nikitaratasnuk/yandex.tank/logs/2022-05-20_18-11-38.835065/pandora_config_CZ6yai.yaml']
<traceback object at 0x403de9bf80>
2022-05-20 18:11:41,078 [INFO] yandextank.core.tankcore tankcore.py:301	Finishing test...
2022-05-20 18:11:41,080 [INFO] yandextank.core.tankcore tankcore.py:303	Stopping load generator and aggregator
2022-05-20 18:11:41,081 [DEBUG] yandextank.plugins.Pandora.plugin plugin.py:225	Seems subprocess finished OK
2022-05-20 18:11:41,083 [DEBUG] yandextank.aggregator.tank_aggregator tank_aggregator.py:123	Closing stats reader
2022-05-20 18:11:41,245 [DEBUG] yandextank.aggregator.tank_aggregator tank_aggregator.py:126	Waiting for gun drain to finish
2022-05-20 18:11:41,604 [DEBUG] yandextank.aggregator.tank_aggregator tank_aggregator.py:128	Waiting for stats drain to finish
2022-05-20 18:11:41,611 [DEBUG] yandextank.aggregator.tank_aggregator tank_aggregator.py:130	Collecting remaining data
2022-05-20 18:11:41,616 [DEBUG] yandextank.aggregator.tank_aggregator tank_aggregator.py:87	Data timestamps: []
2022-05-20 18:11:41,620 [DEBUG] yandextank.aggregator.tank_aggregator tank_aggregator.py:88	Stats timestamps: []
2022-05-20 18:11:41,624 [DEBUG] yandextank.core.tankcore tankcore.py:305	RC after: 1
2022-05-20 18:11:41,628 [INFO] yandextank.core.tankcore tankcore.py:307	Stopping monitoring
2022-05-20 18:11:41,632 [DEBUG] yandextank.core.tankcore tankcore.py:315	Finalize <yandextank.plugins.JsonReport.plugin.Plugin object at 0x401937eb90>
2022-05-20 18:11:41,634 [DEBUG] yandextank.core.tankcore tankcore.py:317	RC before: 1
2022-05-20 18:11:41,637 [DEBUG] yandextank.core.tankcore tankcore.py:319	RC after: 1
2022-05-20 18:11:41,639 [DEBUG] yandextank.core.tankcore tankcore.py:315	Finalize <yandextank.plugins.Autostop.plugin.Plugin object at 0x40193748d0>
2022-05-20 18:11:41,641 [DEBUG] yandextank.core.tankcore tankcore.py:317	RC before: 1
2022-05-20 18:11:41,643 [DEBUG] yandextank.core.tankcore tankcore.py:319	RC after: 1
2022-05-20 18:11:41,645 [DEBUG] yandextank.core.tankcore tankcore.py:315	Finalize <yandextank.plugins.ShellExec.plugin.Plugin object at 0x4019374b90>
2022-05-20 18:11:41,647 [DEBUG] yandextank.core.tankcore tankcore.py:317	RC before: 1
2022-05-20 18:11:41,649 [DEBUG] yandextank.core.tankcore tankcore.py:319	RC after: 1
2022-05-20 18:11:41,651 [DEBUG] yandextank.core.tankcore tankcore.py:315	Finalize <yandextank.plugins.Console.plugin.Plugin object at 0x4019374110>
2022-05-20 18:11:41,652 [DEBUG] yandextank.core.tankcore tankcore.py:317	RC before: 1
2022-05-20 18:11:41,655 [DEBUG] yandextank.core.tankcore tankcore.py:319	RC after: 1
2022-05-20 18:11:41,658 [DEBUG] yandextank.core.tankcore tankcore.py:315	Finalize <yandextank.plugins.RCAssert.plugin.Plugin object at 0x4019374890>
2022-05-20 18:11:41,660 [DEBUG] yandextank.core.tankcore tankcore.py:317	RC before: 1
2022-05-20 18:11:41,662 [DEBUG] yandextank.core.tankcore tankcore.py:319	RC after: 1
2022-05-20 18:11:41,663 [DEBUG] yandextank.core.tankcore tankcore.py:315	Finalize <yandextank.plugins.ResourceCheck.plugin.Plugin object at 0x401937e5d0>
2022-05-20 18:11:41,664 [DEBUG] yandextank.core.tankcore tankcore.py:317	RC before: 1
2022-05-20 18:11:41,666 [DEBUG] yandextank.core.tankcore tankcore.py:319	RC after: 1
2022-05-20 18:11:41,668 [DEBUG] yandextank.core.tankcore tankcore.py:315	Finalize <yandextank.plugins.DataUploader.plugin.Plugin object at 0x401937e510>
2022-05-20 18:11:41,669 [DEBUG] yandextank.core.tankcore tankcore.py:317	RC before: 1
2022-05-20 18:11:41,671 [DEBUG] yandextank.plugins.DataUploader.client client.py:642	Sending configinitial config
2022-05-20 18:11:42,056 [DEBUG] urllib3.connectionpool connectionpool.py:393	https://overload.yandex.net:443 "POST /api/job/523478/configinitial.txt?api_token=4f2a42fb997146a394c06ccf2768f953 HTTP/1.1" 200 16
2022-05-20 18:11:42,066 [DEBUG] yandextank.plugins.DataUploader.client client.py:642	Sending configinfo config
2022-05-20 18:11:42,233 [DEBUG] urllib3.connectionpool connectionpool.py:393	https://overload.yandex.net:443 "POST /api/job/523478/configinfo.txt?api_token=4f2a42fb997146a394c06ccf2768f953 HTTP/1.1" 200 16
2022-05-20 18:11:42,247 [INFO] yandextank.plugins.DataUploader.plugin plugin.py:478	Unlocking targets: ['0.0.0.0:8080']
2022-05-20 18:11:42,253 [INFO] yandextank.plugins.DataUploader.plugin plugin.py:480	0.0.0.0:8080
2022-05-20 18:11:42,258 [DEBUG] yandextank.core.tankcore tankcore.py:319	RC after: 1
2022-05-20 18:11:42,261 [INFO] yandextank.core.tankcore tankcore.py:330	Post-processing test...
2022-05-20 18:11:42,265 [DEBUG] yandextank.core.tankcore tankcore.py:333	Post-process <yandextank.plugins.Pandora.plugin.Plugin object at 0x4019374d10>
2022-05-20 18:11:42,269 [DEBUG] yandextank.core.tankcore tankcore.py:335	RC before: 1
2022-05-20 18:11:42,273 [DEBUG] yandextank.core.tankcore tankcore.py:337	RC after: 1
2022-05-20 18:11:42,276 [DEBUG] yandextank.core.tankcore tankcore.py:333	Post-process <yandextank.plugins.JsonReport.plugin.Plugin object at 0x401937eb90>
2022-05-20 18:11:42,283 [DEBUG] yandextank.core.tankcore tankcore.py:335	RC before: 1
2022-05-20 18:11:42,289 [DEBUG] yandextank.core.tankcore tankcore.py:337	RC after: 1
2022-05-20 18:11:42,291 [DEBUG] yandextank.core.tankcore tankcore.py:333	Post-process <yandextank.plugins.Autostop.plugin.Plugin object at 0x40193748d0>
2022-05-20 18:11:42,294 [DEBUG] yandextank.core.tankcore tankcore.py:335	RC before: 1
2022-05-20 18:11:42,296 [DEBUG] yandextank.core.tankcore tankcore.py:337	RC after: 1
2022-05-20 18:11:42,299 [DEBUG] yandextank.core.tankcore tankcore.py:333	Post-process <yandextank.plugins.ShellExec.plugin.Plugin object at 0x4019374b90>
2022-05-20 18:11:42,301 [DEBUG] yandextank.core.tankcore tankcore.py:335	RC before: 1
2022-05-20 18:11:42,302 [DEBUG] yandextank.core.tankcore tankcore.py:337	RC after: 1
2022-05-20 18:11:42,305 [DEBUG] yandextank.core.tankcore tankcore.py:333	Post-process <yandextank.plugins.Console.plugin.Plugin object at 0x4019374110>
2022-05-20 18:11:42,307 [DEBUG] yandextank.core.tankcore tankcore.py:335	RC before: 1
2022-05-20 18:11:42,308 [DEBUG] yandextank.core.tankcore tankcore.py:337	RC after: 1
2022-05-20 18:11:42,309 [DEBUG] yandextank.core.tankcore tankcore.py:333	Post-process <yandextank.plugins.RCAssert.plugin.Plugin object at 0x4019374890>
2022-05-20 18:11:42,310 [DEBUG] yandextank.core.tankcore tankcore.py:335	RC before: 1
2022-05-20 18:11:42,311 [DEBUG] yandextank.core.tankcore tankcore.py:337	RC after: 1
2022-05-20 18:11:42,312 [DEBUG] yandextank.core.tankcore tankcore.py:333	Post-process <yandextank.plugins.ResourceCheck.plugin.Plugin object at 0x401937e5d0>
2022-05-20 18:11:42,313 [DEBUG] yandextank.core.tankcore tankcore.py:335	RC before: 1
2022-05-20 18:11:42,314 [DEBUG] yandextank.core.tankcore tankcore.py:337	RC after: 1
2022-05-20 18:11:42,316 [DEBUG] yandextank.core.tankcore tankcore.py:333	Post-process <yandextank.plugins.DataUploader.plugin.Plugin object at 0x401937e510>
2022-05-20 18:11:42,317 [DEBUG] yandextank.core.tankcore tankcore.py:335	RC before: 1
2022-05-20 18:11:42,318 [INFO] yandextank.plugins.DataUploader.plugin plugin.py:350	Waiting for sender threads to join.
2022-05-20 18:11:42,319 [INFO] yandextank.plugins.DataUploader.plugin plugin.py:357	Web link: None
2022-05-20 18:11:42,321 [DEBUG] yandextank.core.tankcore tankcore.py:391	Searching for plugin: <class 'yandextank.plugins.Autostop.plugin.Plugin'>
2022-05-20 18:11:42,322 [DEBUG] yandextank.plugins.DataUploader.plugin plugin.py:376	No autostop cause detected
2022-05-20 18:11:42,323 [DEBUG] yandextank.plugins.DataUploader.client client.py:642	Sending configinitial config
2022-05-20 18:11:42,386 [DEBUG] urllib3.connectionpool connectionpool.py:393	https://overload.yandex.net:443 "POST /api/job/523478/configinitial.txt?api_token=4f2a42fb997146a394c06ccf2768f953 HTTP/1.1" 200 16
2022-05-20 18:11:42,390 [DEBUG] yandextank.plugins.DataUploader.client client.py:642	Sending configinfo config
2022-05-20 18:11:42,555 [DEBUG] urllib3.connectionpool connectionpool.py:393	https://overload.yandex.net:443 "POST /api/job/523478/configinfo.txt?api_token=4f2a42fb997146a394c06ccf2768f953 HTTP/1.1" 200 16
2022-05-20 18:11:42,564 [DEBUG] yandextank.core.tankcore tankcore.py:337	RC after: 1
2022-05-20 18:11:42,567 [INFO] root consoleworker.py:269	Trying to clean up
2022-05-20 18:11:42,571 [INFO] yandextank.core.tankcore tankcore.py:526	Cleaning up plugin plugin_pandora
2022-05-20 18:11:42,574 [INFO] yandextank.core.tankcore tankcore.py:526	Cleaning up plugin plugin_json_report
2022-05-20 18:11:42,577 [INFO] yandextank.core.tankcore tankcore.py:526	Cleaning up plugin plugin_autostop
2022-05-20 18:11:42,579 [INFO] yandextank.core.tankcore tankcore.py:526	Cleaning up plugin plugin_shellexec
2022-05-20 18:11:42,582 [INFO] yandextank.core.tankcore tankcore.py:526	Cleaning up plugin plugin_console
2022-05-20 18:11:42,587 [INFO] yandextank.core.tankcore tankcore.py:526	Cleaning up plugin plugin_rcassert
2022-05-20 18:11:42,590 [INFO] yandextank.core.tankcore tankcore.py:526	Cleaning up plugin plugin_rcheck
2022-05-20 18:11:42,592 [INFO] yandextank.core.tankcore tankcore.py:526	Cleaning up plugin plugin_overload
2022-05-20 18:11:42,676 [DEBUG] urllib3.connectionpool connectionpool.py:393	https://overload.yandex.net:443 "GET /api/job/523478/close.json?exitcode=1&api_token=4f2a42fb997146a394c06ccf2768f953 HTTP/1.1" 200 16
2022-05-20 18:11:42,684 [INFO] yandextank.plugins.DataUploader.plugin plugin.py:478	Unlocking targets: ['0.0.0.0:8080']
2022-05-20 18:11:42,688 [INFO] yandextank.plugins.DataUploader.plugin plugin.py:480	0.0.0.0:8080
2022-05-20 18:11:42,690 [INFO] yandextank.core.tankcore tankcore.py:561	Releasing lock: /var/lock/lunapark_d2HmEA.lock
2022-05-20 18:11:42,707 [DEBUG] yandextank.core.tankcore tankcore.py:367	Collecting artifacts
2022-05-20 18:11:42,709 [INFO] yandextank.core.tankcore tankcore.py:368	Artifacts dir: /Users/nikitaratasnuk/yandex.tank/logs/2022-05-20_18-11-38.835065
2022-05-20 18:11:42,710 [DEBUG] yandextank.core.tankcore tankcore.py:422	Collecting file: ./phout.log to /Users/nikitaratasnuk/yandex.tank/logs/2022-05-20_18-11-38.835065/phout.log
2022-05-20 18:11:42,724 [DEBUG] yandextank.core.tankcore tankcore.py:422	Collecting file: /Users/nikitaratasnuk/yandex.tank/logs/2022-05-20_18-11-38.835065/pandora_config_CZ6yai.yaml to /Users/nikitaratasnuk/yandex.tank/logs/2022-05-20_18-11-38.835065/pandora_config_CZ6yai.yaml
2022-05-20 18:11:42,727 [WARNING] yandextank.core.tankcore tankcore.py:429	File already exists: /Users/nikitaratasnuk/yandex.tank/logs/2022-05-20_18-11-38.835065/pandora_config_CZ6yai.yaml
2022-05-20 18:11:42,729 [DEBUG] yandextank.core.tankcore tankcore.py:422	Collecting file: validation_error.yaml to /Users/nikitaratasnuk/yandex.tank/logs/2022-05-20_18-11-38.835065/validation_error.yaml
2022-05-20 18:11:42,732 [WARNING] yandextank.core.tankcore tankcore.py:424	File not found to collect: validation_error.yaml
2022-05-20 18:11:42,734 [DEBUG] yandextank.core.tankcore tankcore.py:422	Collecting file: /Users/nikitaratasnuk/yandex.tank/logs/2022-05-20_18-11-38.835065/pandora_m8X6V9.log to /Users/nikitaratasnuk/yandex.tank/logs/2022-05-20_18-11-38.835065/pandora_m8X6V9.log
2022-05-20 18:11:42,736 [WARNING] yandextank.core.tankcore tankcore.py:429	File already exists: /Users/nikitaratasnuk/yandex.tank/logs/2022-05-20_18-11-38.835065/pandora_m8X6V9.log
